{"time":"2018-01-03T11:08:39.3253898Z","host":"IE11WIN8_1","user":"S-1-5-18","message":"Installation Successful: Windows successfully installed the following update: $1","severity":3,"sequence":"578","source":"eventlog","category":"System","service":"Microsoft-Windows-WindowsUpdateClient","fields":{"Channel":"System","Computer":"IE11WIN8_1","EventID":"19","EventRecordID":"578","Keywords":"9223372036854775832","Level":"4","Opcode":"13","ProcessID":"732","ProviderGuid":"945A8954-C147-4ACD-923F-40C45405A658","ProviderName":"Microsoft-Windows-WindowsUpdateClient","Task":"1","ThreadID":"2612","TimeCreated":"2018-01-03T11:08:39.325390338Z","UserID":"S-1-5-18","Version":"1","serviceGuid":"7971F918-A847-4430-9279-4A52D1EFE18D","updateGuid":"42741710-9A4C-46C6-A3CD-BBC844AE51CA","updateRevisionNumber":"201","updateTitle":"Security Update for Windows 8.1 for x64-based Systems (KB3146723)"}}
{"time":"2018-01-03T11:08:39.3253898Z","host":"IE11WIN8_1","user":"S-1-5-18","message":"Installation Successful: Windows successfully installed the following update: $1","severity":3,"sequence":"602","source":"eventlog","category":"System","service":"Microsoft-Windows-WindowsUpdateClient","fields":{"Channel":"System","Computer":"IE11WIN8_1","EventID":"19","EventRecordID":"602","Keywords":"9223372036854775832","Level":"4","Opcode":"13","ProcessID":"732","ProviderGuid":"945A8954-C147-4ACD-923F-40C45405A658","ProviderName":"Microsoft-Windows-WindowsUpdateClient","Task":"1","ThreadID":"2612","TimeCreated":"2018-01-03T11:08:39.325390338Z","UserID":"S-1-5-18","Version":"1","serviceGuid":"7971F918-A847-4430-9279-4A52D1EFE18D","updateGuid":"E5017E9B-D3C2-4825-B587-141BFDD48409","updateRevisionNumber":"201","updateTitle":"Security Update for Windows 8.1 for x64-based Systems (KB3108381)"}}
{"time":"2018-01-03T11:08:39.3253898Z","host":"IE11WIN8_1","user":"S-1-5-18","message":"Installation Successful: Windows successfully installed the following update: $1","severity":3,"sequence":"559","source":"eventlog","category":"System","service":"Microsoft-Windows-WindowsUpdateClient","fields":{"Channel":"System","Computer":"IE11WIN8_1","EventID":"19","EventRecordID":"559","Keywords":"9223372036854775832","Level":"4","Opcode":"13","ProcessID":"732","ProviderGuid":"945A8954-C147-4ACD-923F-40C45405A658","ProviderName":"Microsoft-Windows-WindowsUpdateClient","Task":"1","ThreadID":"2612","TimeCreated":"2018-01-03T11:08:39.325390338Z","UserID":"S-1-5-18","Version":"1","serviceGuid":"7971F918-A847-4430-9279-4A52D1EFE18D","updateGuid":"878D697C-20BF-4B51-AEB9-D99F1CC0B4C4","updateRevisionNumber":"201","updateTitle":"Update for Windows 8.1 for x64-based Systems (KB3103709)"}}
{"time":"2018-01-03T11:08:39.3253898Z","host":"IE11WIN8_1","user":"S-1-5-18","message":"Installation Successful: Windows successfully installed the following update: $1","severity":3,"sequence":"572","source":"eventlog","category":"System","service":"Microsoft-Windows-WindowsUpdateClient","fields":{"Channel":"System","Computer":"IE11WIN8_1","EventID":"19","EventRecordID":"572","Keywords":"9223372036854775832","Level":"4","Opcode":"13","ProcessID":"732","ProviderGuid":"945A8954-C147-4ACD-923F-40C45405A658","ProviderName":"Microsoft-Windows-WindowsUpdateClient","Task":"1","ThreadID":"2612","TimeCreated":"2018-01-03T11:08:39.325390338Z","UserID":"S-1-5-18","Version":"1","serviceGuid":"7971F918-A847-4430-9279-4A52D1EFE18D","updateGuid":"E9CD92DF-4A3A-46DA-A769-F23E06B1048D","updateRevisionNumber":"201","updateTitle":"Update for Windows 8.1 for x64-based Systems (KB3109976)"}}
{"time":"2018-01-03T11:08:39.3253898Z","host":"IE11WIN8_1","user":"S-1-5-18","message":"Installation Successful: Windows successfully installed the following update: $1","severity":3,"sequence":"580","source":"eventlog","category":"System","service":"Microsoft-Windows-WindowsUpdateClient","fields":{"Channel":"System","Computer":"IE11WIN8_1","EventID":"19","EventRecordID":"580","Keywords":"9223372036854775832","Level":"4","Opcode":"13","ProcessID":"732","ProviderGuid":"945A8954-C147-4ACD-923F-40C45405A658","ProviderName":"Microsoft-Windows-WindowsUpdateClient","Task":"1","ThreadID":"2612","TimeCreated":"2018-01-03T11:08:39.325390338Z","UserID":"S-1-5-18","Version":"1","serviceGuid":"7971F918-A847-4430-9279-4A52D1EFE18D","updateGuid":"1A9C7669-6345-4E49-90E8-A76493042176","updateRevisionNumber":"201","updateTitle":"Update for Windows 8.1 for x64-based Systems (KB3128650)"}}
{"time":"2018-01-03T11:08:39.3253898Z","host":"IE11WIN8_1","user":"S-1-5-18","message":"Installation Successful: Windows successfully installed the following update: $1","severity":3,"sequence":"575","source":"eventlog","category":"System","service":"Microsoft-Windows-WindowsUpdateClient","fields":{"Channel":"System","Computer":"IE11WIN8_1","EventID":"19","EventRecordID":"575","Keywords":"9223372036854775832","Level":"4","Opcode":"13","ProcessID":"732","ProviderGuid":"945A8954-C147-4ACD-923F-40C45405A658","ProviderName":"Microsoft-Windows-WindowsUpdateClient","Task":"1","ThreadID":"2612","TimeCreated":"2018-01-03T11:08:39.325390338Z","UserID":"S-1-5-18","Version":"1","serviceGuid":"7971F918-A847-4430-9279-4A52D1EFE18D","updateGuid":"65F175C7-4151-4154-A8A0-BB05949EE2EE","updateRevisionNumber":"201","updateTitle":"Update for Windows 8.1 for x64-based Systems (KB3137728)"}}
{"time":"2018-01-03T11:08:39.3253898Z","host":"IE11WIN8_1","user":"S-1-5-18","message":"Installation Successful: Windows successfully installed the following update: $1","severity":3,"sequence":"546","source":"eventlog","category":"System","service":"Microsoft-Windows-WindowsUpdateClient","fields":{"Channel":"System","Computer":"IE11WIN8_1","EventID":"19","EventRecordID":"546","Keywords":"9223372036854775832","Level":"4","Opcode":"13","ProcessID":"732","ProviderGuid":"945A8954-C147-4ACD-923F-40C45405A658","ProviderName":"Microsoft-Windows-WindowsUpdateClient","Task":"1","ThreadID":"2612","TimeCreated":"2018-01-03T11:08:39.325390338Z","UserID":"S-1-5-18","Version":"1","serviceGuid":"7971F918-A847-4430-9279-4A52D1EFE18D","updateGuid":"1952045E-F9B0-4AE6-9F7E-28BB73FD0209","updateRevisionNumber":"206","updateTitle":"Update for Windows 8.1 for x64-based Systems (KB3179574)"}}
{"time":"2018-01-03T11:08:39.3253898Z","host":"IE11WIN8_1","user":"S-1-5-18","message":"Installation Successful: Windows successfully installed the following update: $1","severity":3,"sequence":"588","source":"eventlog","category":"System","service":"Microsoft-Windows-WindowsUpdateClient","fields":{"Channel":"System","Computer":"IE11WIN8_1","EventID":"19","EventRecordID":"588","Keywords":"9223372036854775832","Level":"4","Opcode":"13","ProcessID":"732","ProviderGuid":"945A8954-C147-4ACD-923F-40C45405A658","ProviderName":"Microsoft-Windows-WindowsUpdateClient","Task":"1","ThreadID":"2612","TimeCreated":"2018-01-03T11:08:39.325390338Z","UserID":"S-1-5-18","Version":"1","serviceGuid":"7971F918-A847-4430-9279-4A52D1EFE18D","updateGuid":"D4072614-9A44-48CB-875D-6ACE5FBEB51C","updateRevisionNumber":"201","updateTitle":"Security Update for Windows 8.1 for x64-based Systems (KB3138910)"}}
{"time":"2018-01-03T11:08:39.3253898Z","host":"IE11WIN8_1","user":"S-1-5-18","message":"Installation Successful: Windows successfully installed the following update: $1","severity":3,"sequence":"560","source":"eventlog","category":"System","service":"Microsoft-Windows-WindowsUpdateClient","fields":{"Channel":"System","Computer":"IE11WIN8_1","EventID":"19","EventRecordID":"560","Keywords":"9223372036854775832","Level":"4","Opcode":"13","ProcessID":"732","ProviderGuid":"945A8954-C147-4ACD-923F-40C45405A658","ProviderName":"Microsoft-Windows-WindowsUpdateClient","Task":"1","ThreadID":"2612","TimeCreated":"2018-01-03T11:08:39.325390338Z","UserID":"S-1-5-18","Version":"1","serviceGuid":"7971F918-A847-4430-9279-4A52D1EFE18D","updateGuid":"CA852028-E516-4E3A-9713-ECDC74F8E888","updateRevisionNumber":"201","updateTitle":"Update for Windows 8.1 for x64-based Systems (KB3149157)"}}
{"time":"2018-01-03T11:08:39.3253898Z","host":"IE11WIN8_1","user":"S-1-5-18","message":"Installation Successful: Windows successfully installed the following update: $1","severity":3,"sequence":"553","source":"eventlog","category":"System","service":"Microsoft-Windows-WindowsUpdateClient","fields":{"Channel":"System","Computer":"IE11WIN8_1","EventID":"19","EventRecordID":"553","Keywords":"9223372036854775832","Level":"4","Opcode":"13","ProcessID":"732","ProviderGuid":"945A8954-C147-4ACD-923F-40C45405A658","ProviderName":"Microsoft-Windows-WindowsUpdateClient","Task":"1","ThreadID":"2612","TimeCreated":"2018-01-03T11:08:39.325390338Z","UserID":"S-1-5-18","Version":"1","serviceGuid":"7971F918-A847-4430-9279-4A52D1EFE18D","updateGuid":"89945E0D-013C-4E3C-B058-1A3BE952E3B7","updateRevisionNumber":"202","updateTitle":"Security Update for Windows 8.1 for x64-based Systems (KB3161949)"}}
{"time":"2018-01-03T11:08:39.3253898Z","host":"IE11WIN8_1","user":"S-1-5-18","message":"Installation Successful: Windows successfully installed the following update: $1","severity":3,"sequence":"599","source":"eventlog","category":"System","service":"Microsoft-Windows-WindowsUpdateClient","fields":{"Channel":"System","Computer":"IE11WIN8_1","EventID":"19","EventRecordID":"599","Keywords":"9223372036854775832","Level":"4","Opcode":"13","ProcessID":"732","ProviderGuid":"945A8954-C147-4ACD-923F-40C45405A658","ProviderName":"Microsoft-Windows-WindowsUpdateClient","Task":"1","ThreadID":"2612","TimeCreated":"2018-01-03T11:08:39.325390338Z","UserID":"S-1-5-18","Version":"1","serviceGuid":"7971F918-A847-4430-9279-4A52D1EFE18D","updateGuid":"B1757A5C-53EE-4F9F-8154-6C169E55D57F","updateRevisionNumber":"201","updateTitle":"Update for Windows 8.1 for x64-based Systems (KB3099834)"}}
{"time":"2018-01-03T11:08:39.3253898Z","host":"IE11WIN8_1","user":"S-1-5-18","message":"Installation Successful: Windows successfully installed the following update: $1","severity":3,"sequence":"563","source":"eventlog","category":"System","service":"Microsoft-Windows-WindowsUpdateClient","fields":{"Channel":"System","Computer":"IE11WIN8_1","EventID":"19","EventRecordID":"563","Keywords":"9223372036854775832","Level":"4","Opcode":"13","ProcessID":"732","ProviderGuid":"945A8954-C147-4ACD-923F-40C45405A658","ProviderName":"Microsoft-Windows-WindowsUpdateClient","Task":"1","ThreadID":"2612","TimeCreated":"2018-01-03T11:08:39.325390338Z","UserID":"S-1-5-18","Version":"1","serviceGuid":"7971F918-A847-4430-9279-4A52D1EFE18D","updateGuid":"734F6176-4B30-4028-992B-1B1656BBD9DA","updateRevisionNumber":"201","updateTitle":"Update for Windows 8.1 for x64-based Systems (KB3103616)"}}
{"time":"2018-01-03T11:08:39.3253898Z","host":"IE11WIN8_1","user":"S-1-5-18","message":"Installation Successful: Windows successfully installed the following update: $1","severity":3,"sequence":"587","source":"eventlog","category":"System","service":"Microsoft-Windows-WindowsUpdateClient","fields":{"Channel":"System","Computer":"IE11WIN8_1","EventID":"19","EventRecordID":"587","Keywords":"9223372036854775832","Level":"4","Opcode":"13","ProcessID":"732","ProviderGuid":"945A8954-C147-4ACD-923F-40C45405A658","ProviderName":"Microsoft-Windows-WindowsUpdateClient","Task":"1","ThreadID":"2612","TimeCreated":"2018-01-03T11:08:39.325390338Z","UserID":"S-1-5-18","Version":"1","serviceGuid":"7971F918-A847-4430-9279-4A52D1EFE18D","updateGuid":"0A35874F-ECC0-4A00-9AD1-ECCB9F5EED90","updateRevisionNumber":"201","updateTitle":"Security Update for Windows 8.1 for x64-based Systems (KB3138962)"}}
{"time":"2018-01-03T11:08:39.3253898Z","host":"IE11WIN8_1","user":"S-1-5-18","message":"Installation Successful: Windows successfully installed the following update: $1","severity":3,"sequence":"549","source":"eventlog","category":"System","service":"Microsoft-Windows-WindowsUpdateClient","fields":{"Channel":"System","Computer":"IE11WIN8_1","EventID":"19","EventRecordID":"549","Keywords":"9223372036854775832","Level":"4","Opcode":"13","ProcessID":"732","ProviderGuid":"945A8954-C147-4ACD-923F-40C45405A658","ProviderName":"Microsoft-Windows-WindowsUpdateClient","Task":"1","ThreadID":"2612","TimeCreated":"2018-01-03T11:08:39.325390338Z","UserID":"S-1-5-18","Version":"1","serviceGuid":"7971F918-A847-4430-9279-4A52D1EFE18D","updateGuid":"CE2F651B-897E-4D9B-8637-8B235C3C9228","updateRevisionNumber":"202","updateTitle":"Update for Windows 8.1 for x64-based Systems (KB3161102)"}}
{"time":"2018-01-03T11:08:39.3253898Z","host":"IE11WIN8_1","user":"S-1-5-18","message":"Installation Successful: Windows successfully installed the following update: $1","severity":3,"sequence":"600","source":"eventlog","category":"System","service":"Microsoft-Windows-WindowsUpdateClient","fields":{"Channel":"System","Computer":"IE11WIN8_1","EventID":"19","EventRecordID":"600","Keywords":"9223372036854775832","Level":"4","Opcode":"13","ProcessID":"732","ProviderGuid":"945A8954-C147-4ACD-923F-40C45405A658","ProviderName":"Microsoft-Windows-WindowsUpdateClient","Task":"1","ThreadID":"2612","TimeCreated":"2018-01-03T11:08:39.325390338Z","UserID":"S-1-5-18","Version":"1","serviceGuid":"7971F918-A847-4430-9279-4A52D1EFE18D","updateGuid":"ADDF3620-B112-4CB3-ACF5-1D48E73B899D","updateRevisionNumber":"201","updateTitle":"Update for Windows 8.1 for x64-based Systems (KB3100956)"}}
{"time":"2018-01-03T11:08:39.3253898Z","host":"IE11WIN8_1","user":"S-1-5-18","message":"Installation Successful: Windows successfully installed the following update: $1","severity":3,"sequence":"561","source":"eventlog","category":"System","service":"Microsoft-Windows-WindowsUpdateClient","fields":{"Channel":"System","Computer":"IE11WIN8_1","EventID":"19","EventRecordID":"561","Keywords":"9223372036854775832","Level":"4","Opcode":"13","ProcessID":"732","ProviderGuid":"945A8954-C147-4ACD-923F-40C45405A658","ProviderName":"Microsoft-Windows-WindowsUpdateClient","Task":"1","ThreadID":"2612","TimeCreated":"2018-01-03T11:08:39.325390338Z","UserID":"S-1-5-18","Version":"1","serviceGuid":"7971F918-A847-4430-9279-4A52D1EFE18D","updateGuid":"C1B8533B-17F9-4CCC-A469-A2DE5932BA12","updateRevisionNumber":"201","updateTitle":"Update for Windows 8.1 for x64-based Systems (KB3145384)"}}
{"time":"2018-01-03T11:08:39.3253898Z","host":"IE11WIN8_1","user":"S-1-5-18","message":"Installation Successful: Windows successfully installed the following update: $1","severity":3,"sequence":"557","source":"eventlog","category":"System","service":"Microsoft-Windows-WindowsUpdateClient","fields":{"Channel":"System","Computer":"IE11WIN8_1","EventID":"19","EventRecordID":"557","Keywords":"9223372036854775832","Level":"4","Opcode":"13","ProcessID":"732","ProviderGuid":"945A8954-C147-4ACD-923F-40C45405A658","ProviderName":"Microsoft-Windows-WindowsUpdateClient","Task":"1","ThreadID":"2612","TimeCreated":"2018-01-03T11:08:39.325390338Z","UserID":"S-1-5-18","Version":"1","serviceGuid":"7971F918-A847-4430-9279-4A52D1EFE18D","updateGuid":"1988531E-C23D-4EE7-9461-6FCA037D7E32","updateRevisionNumber":"201","updateTitle":"Security Update for Windows 8.1 for x64-based Systems (KB3155784)"}}
{"time":"2018-01-03T11:08:39.3253898Z","host":"IE11WIN8_1","user":"S-1-5-18","message":"Installation Successful: Windows successfully installed the following update: $1","severity":3,"sequence":"562","source":"eventlog","category":"System","service":"Microsoft-Windows-WindowsUpdateClient","fields":{"Channel":"System","Computer":"IE11WIN8_1","EventID":"19","EventRecordID":"562","Keywords":"9223372036854775832","Level":"4","Opcode":"13","ProcessID":"732","ProviderGuid":"945A8954-C147-4ACD-923F-40C45405A658","ProviderName":"Microsoft-Windows-WindowsUpdateClient","Task":"1","ThreadID":"2612","TimeCreated":"2018-01-03T11:08:39.325390338Z","UserID":"S-1-5-18","Version":"1","serviceGuid":"7971F918-A847-4430-9279-4A52D1EFE18D","updateGuid":"5CDA315F-2BDF-4364-97DA-D69C95187718","updateRevisionNumber":"201","updateTitle":"Update for Windows 8.1 for x64-based Systems (KB3146751)"}}
{"time":"2018-01-03T11:08:39.3253898Z","host":"IE11WIN8_1","user":"S-1-5-18","message":"Installation Successful: Windows successfully installed the following update: $1","severity":3,"sequence":"581","source":"eventlog","category":"System","service":"Microsoft-Windows-WindowsUpdateClient","fields":{"Channel":"System","Computer":"IE11WIN8_1","EventID":"19","EventRecordID":"581","Keywords":"9223372036854775832","Level":"4","Opcode":"13","ProcessID":"732","ProviderGuid":"945A8954-C147-4ACD-923F-40C45405A658","ProviderName":"Microsoft-Windows-WindowsUpdateClient","Task":"1","ThreadID":"2612","TimeCreated":"2018-01-03T11:08:39.325390338Z","UserID":"S-1-5-18","Version":"1","serviceGuid":"7971F918-A847-4430-9279-4A52D1EFE18D","updateGuid":"B3AA28D2-E544-4D5F-9D41-C343D6C7EA80","updateRevisionNumber":"201","updateTitle":"Update for Windows 8.1 for x64-based Systems (KB3121261)"}}
{"time":"2018-01-03T11:08:39.3253898Z","host":"IE11WIN8_1","user":"S-1-5-18","message":"Installation Successful: Windows successfully installed the following update: $1","severity":3,"sequence":"541","source":"eventlog","category":"System","service":"Microsoft-Windows-WindowsUpdateClient","fields":{"Channel":"System","Computer":"IE11WIN8_1","EventID":"19","EventRecordID":"541","Keywords":"9223372036854775832","Level":"4","Opcode":"13","ProcessID":"732","ProviderGuid":"945A8954-C147-4ACD-923F-40C45405A658","ProviderName":"Microsoft-Windows-WindowsUpdateClient","Task":"1","ThreadID":"2612","TimeCreated":"2018-01-03T11:08:39.325390338Z","UserID":"S-1-5-18","Version":"1","serviceGuid":"7971F918-A847-4430-9279-4A52D1EFE18D","updateGuid":"2E01D6B0-A97A-445B-904C-D440A7F5C3B5","updateRevisionNumber":"202","updateTitle":"Update for Windows 8.1 for x64-based Systems (KB2976978)"}}
{"time":"2018-01-03T11:08:39.3253898Z","host":"IE11WIN8_1","user":"S-1-5-18","message":"Installation Successful: Windows successfully installed the following update: $1","severity":3,"sequence":"603","source":"eventlog","category":"System","service":"Microsoft-Windows-WindowsUpdateClient","fields":{"Channel":"System","Computer":"IE11WIN8_1","EventID":"19","EventRecordID":"603","Keywords":"9223372036854775832","Level":"4","Opcode":"13","ProcessID":"732","ProviderGuid":"945A8954-C147-4ACD-923F-40C45405A658","ProviderName":"Microsoft-Windows-WindowsUpdateClient","Task":"1","ThreadID":"2612","TimeCreated":"2018-01-03T11:08:39.325390338Z","UserID":"S-1-5-18","Version":"1","serviceGuid":"7971F918-A847-4430-9279-4A52D1EFE18D","updateGuid":"FA8B1451-89AD-44EA-AD22-D14AC8106AD3","updateRevisionNumber":"203","updateTitle":"Security Update for Microsoft .NET Framework 4.5.1 and 4.5.2 for Windows 8.1 for x64-based Systems (KB3097997)"}}
{"time":"2018-01-03T11:08:39.3253898Z","host":"IE11WIN8_1","user":"S-1-5-18","message":"Installation Successful: Windows successfully installed the following update: $1","severity":3,"sequence":"569","source":"eventlog","category":"System","service":"Microsoft-Windows-WindowsUpdateClient","fields":{"Channel":"System","Computer":"IE11WIN8_1","EventID":"19","EventRecordID":"569","Keywords":"9223372036854775832","Level":"4","Opcode":"13","ProcessID":"732","ProviderGuid":"945A8954-C147-4ACD-923F-40C45405A658","ProviderName":"Microsoft-Windows-WindowsUpdateClient","Task":"1","ThreadID":"2612","TimeCreated":"2018-01-03T11:08:39.325390338Z","UserID":"S-1-5-18","Version":"1","serviceGuid":"7971F918-A847-4430-9279-4A52D1EFE18D","updateGuid":"803A1E82-5833-49E9-9CED-634F9307E1DB","updateRevisionNumber":"201","updateTitle":"Update for Windows 8.1 for x64-based Systems (KB3133690)"}}
{"time":"2018-01-03T11:08:39.3253898Z","host":"IE11WIN8_1","user":"S-1-5-18","message":"Installation Successful: Windows successfully installed the following update: $1","severity":3,"sequence":"604","source":"eventlog","category":"System","service":"Microsoft-Windows-WindowsUpdateClient","fields":{"Channel":"System","Computer":"IE11WIN8_1","EventID":"19","EventRecordID":"604","Keywords":"9223372036854775832","Level":"4","Opcode":"13","ProcessID":"732","ProviderGuid":"945A8954-C147-4ACD-923F-40C45405A658","ProviderName":"Microsoft-Windows-WindowsUpdateClient","Task":"1","ThreadID":"2612","TimeCreated":"2018-01-03T11:08:39.325390338Z","UserID":"S-1-5-18","Version":"1","serviceGuid":"7971F918-A847-4430-9279-4A52D1EFE18D","updateGuid":"760B2119-C55C-48C4-89E0-D57A6C7F456B","updateRevisionNumber":"202","updateTitle":"Security Update for Microsoft .NET Framework 4.5.1 and 4.5.2 on Windows 8.1 and Windows Server 2012 R2 x64-based Systems (KB3098779)"}}
{"time":"2018-01-03T11:08:39.3253898Z","host":"IE11WIN8_1","user":"S-1-5-18","message":"Installation Successful: Windows successfully installed the following update: $1","severity":3,"sequence":"567","source":"eventlog","category":"System","service":"Microsoft-Windows-WindowsUpdateClient","fields":{"Channel":"System","Computer":"IE11WIN8_1","EventID":"19","EventRecordID":"567","Keywords":"9223372036854775832","Level":"4","Opcode":"13","ProcessID":"732","ProviderGuid":"945A8954-C147-4ACD-923F-40C45405A658","ProviderName":"Microsoft-Windows-WindowsUpdateClient","Task":"1","ThreadID":"2612","TimeCreated":"2018-01-03T11:08:39.325390338Z","UserID":"S-1-5-18","Version":"1","serviceGuid":"7971F918-A847-4430-9279-4A52D1EFE18D","updateGuid":"8C8BA576-FF2A-49C0-9C48-AA75D0D4C881","updateRevisionNumber":"201","updateTitle":"Update for Windows 8.1 for x64-based Systems (KB3100473)"}}
{"time":"2018-01-03T11:08:39.3409753Z","host":"IE11WIN8_1","user":"S-1-5-18","message":"Installation Successful: Windows successfully installed the following update: $1","severity":3,"sequence":"673","source":"eventlog","category":"System","service":"Microsoft-Windows-WindowsUpdateClient","fields":{"Channel":"System","Computer":"IE11WIN8_1","EventID":"19","EventRecordID":"673","Keywords":"9223372036854775832","Level":"4","Opcode":"13","ProcessID":"732","ProviderGuid":"945A8954-C147-4ACD-923F-40C45405A658","ProviderName":"Microsoft-Windows-WindowsUpdateClient","Task":"1","ThreadID":"2612","TimeCreated":"2018-01-03T11:08:39.340975999Z","UserID":"S-1-5-18","Version":"1","serviceGuid":"7971F918-A847-4430-9279-4A52D1EFE18D","updateGuid":"297E8914-D31F-4A9B-B058-FD8678D520C6","updateRevisionNumber":"203","updateTitle":"Update for Windows 8.1 for x64-based Systems (KB3013531)"}}
{"time":"2018-01-03T11:08:39.3409753Z","host":"IE11WIN8_1","user":"S-1-5-18","message":"Installation Successful: Windows successfully installed the following update: $1","severity":3,"sequence":"635","source":"eventlog","category":"System","service":"Microsoft-Windows-WindowsUpdateClient","fields":{"Channel":"System","Computer":"IE11WIN8_1","EventID":"19","EventRecordID":"635","Keywords":"9223372036854775832","Level":"4","Opcode":"13","ProcessID":"732","ProviderGuid":"945A8954-C147-4ACD-923F-40C45405A658","ProviderName":"Microsoft-Windows-WindowsUpdateClient","Task":"1","ThreadID":"2612","TimeCreated":"2018-01-03T11:08:39.340975999Z","UserID":"S-1-5-18","Version":"1","serviceGuid":"7971F918-A847-4430-9279-4A52D1EFE18D","updateGuid":"87601109-6FE6-478D-AADA-9BA4AD7089AB","updateRevisionNumber":"200","updateTitle":"Update for Windows 8.1 for x64-based Systems (KB3072019)"}}
{"time":"2018-01-03T11:08:39.3409753Z","host":"IE11WIN8_1","user":"S-1-5-18","message":"Installation Successful: Windows successfully installed the following update: $1","severity":3,"sequence":"610","source":"eventlog","category":"System","service":"Microsoft-Windows-WindowsUpdateClient","fields":{"Channel":"System","Computer":"IE11WIN8_1","EventID":"19","EventRecordID":"610","Keywords":"9223372036854775832","Level":"4","Opcode":"13","ProcessID":"732","ProviderGuid":"945A8954-C147-4ACD-923F-40C45405A658","ProviderName":"Microsoft-Windows-WindowsUpdateClient","Task":"1","ThreadID":"2612","TimeCreated":"2018-01-03T11:08:39.340975999Z","UserID":"S-1-5-18","Version":"1","serviceGuid":"7971F918-A847-4430-9279-4A52D1EFE18D","updateGuid":"00B814C1-3C62-4606-8D8D-08BEDEDA6649","updateRevisionNumber":"201","updateTitle":"Update for Windows 8.1 for x64-based Systems (KB3091297)"}}
{"time":"2018-01-03T11:08:39.3409753Z","host":"IE11WIN8_1","user":"S-1-5-18","message":"Installation Successful: Windows successfully installed the following update: $1","severity":3,"sequence":"616","source":"eventlog","category":"System","service":"Microsoft-Windows-WindowsUpdateClient","fields":{"Channel":"System","Computer":"IE11WIN8_1","EventID":"19","EventRecordID":"616","Keywords":"9223372036854775832","Level":"4","Opcode":"13","ProcessID":"732","ProviderGuid":"945A8954-C147-4ACD-923F-40C45405A658","ProviderName":"Microsoft-Windows-WindowsUpdateClient","Task":"1","ThreadID":"2612","TimeCreated":"2018-01-03T11:08:39.340975999Z","UserID":"S-1-5-18","Version":"1","serviceGuid":"7971F918-A847-4430-9279-4A52D1EFE18D","updateGuid":"0E65F50E-1550-411D-A9F7-BB36B3178A46","updateRevisionNumber":"201","updateTitle":"Update for Windows 8.1 for x64-based Systems (KB3080800)"}}
{"time":"2018-01-03T11:08:39.3409753Z","host":"IE11WIN8_1","user":"S-1-5-18","message":"Installation Successful: Windows successfully installed the following update: $1","severity":3,"sequence":"708","source":"eventlog","category":"System","service":"Microsoft-Windows-WindowsUpdateClient","fields":{"Channel":"System","Computer":"IE11WIN8_1","EventID":"19","EventRecordID":"708","Keywords":"9223372036854775832","Level":"4","Opcode":"13","ProcessID":"732","ProviderGuid":"945A8954-C147-4ACD-923F-40C45405A658","ProviderName":"Microsoft-Windows-WindowsUpdateClient","Task":"1","ThreadID":"2612","TimeCreated":"2018-01-03T11:08:39.340975999Z","UserID":"S-1-5-18","Version":"1","serviceGuid":"7971F918-A847-4430-9279-4A52D1EFE18D","updateGuid":"15D2ED04-1EB8-4E57-9E87-04C53FF227A0","updateRevisionNumber":"203","updateTitle":"Security Update for Microsoft .NET Framework 4.5.1 on Windows 8.1 and Windows Server 2012 R2 for x64-based Systems (KB2894856)"}}
{"time":"2018-01-03T11:08:39.3409753Z","host":"IE11WIN8_1","user":"S-1-5-18","message":"Installation Successful: Windows successfully installed the following update: $1","severity":3,"sequence":"675","source":"eventlog","category":"System","service":"Microsoft-Windows-WindowsUpdateClient","fields":{"Channel":"System","Computer":"IE11WIN8_1","EventID":"19","EventRecordID":"675","Keywords":"9223372036854775832","Level":"4","Opcode":"13","ProcessID":"732","ProviderGuid":"945A8954-C147-4ACD-923F-40C45405A658","ProviderName":"Microsoft-Windows-WindowsUpdateClient","Task":"1","ThreadID":"2612","TimeCreated":"2018-01-03T11:08:39.340975999Z","UserID":"S-1-5-18","Version":"1","serviceGuid":"7971F918-A847-4430-9279-4A52D1EFE18D","updateGuid":"E64D8415-BB4A-438E-A7BA-1247B223177F","updateRevisionNumber":"201","updateTitle":"Security Update for Windows 8.1 for x64-based Systems (KB3045685)"}}
{"time":"2018-01-03T11:08:39.3409753Z","host":"IE11WIN8_1","user":"S-1-5-18","message":"Installation Successful: Windows successfully installed the following update: $1","severity":3,"sequence":"634","source":"eventlog","category":"System","service":"Microsoft-Windows-WindowsUpdateClient","fields":{"Channel":"System","Computer":"IE11WIN8_1","EventID":"19","EventRecordID":"634","Keywords":"9223372036854775832","Level":"4","Opcode":"13","ProcessID":"732","ProviderGuid":"945A8954-C147-4ACD-923F-40C45405A658","ProviderName":"Microsoft-Windows-WindowsUpdateClient","Task":"1","ThreadID":"2612","TimeCreated":"2018-01-03T11:08:39.340975999Z","UserID":"S-1-5-18","Version":"1","serviceGuid":"7971F918-A847-4430-9279-4A52D1EFE18D","updateGuid":"2F99B838-0571-4E02-8708-7EE7D0B2B4FE","updateRevisionNumber":"202","updateTitle":"Update for Windows 8.1 for x64-based Systems (KB3055343)"}}
{"time":"2018-01-03T11:08:39.3409753Z","host":"IE11WIN8_1","user":"S-1-5-18","message":"Installation Successful: Windows successfully installed the following update: $1","severity":3,"sequence":"649","source":"eventlog","category":"System","service":"Microsoft-Windows-WindowsUpdateClient","fields":{"Channel":"System","Computer":"IE11WIN8_1","EventID":"19","EventRecordID":"649","Keywords":"9223372036854775832","Level":"4","Opcode":"13","ProcessID":"732","ProviderGuid":"945A8954-C147-4ACD-923F-40C45405A658","ProviderName":"Microsoft-Windows-WindowsUpdateClient","Task":"1","ThreadID":"2612","TimeCreated":"2018-01-03T11:08:39.340975999Z","UserID":"S-1-5-18","Version":"1","serviceGuid":"7971F918-A847-4430-9279-4A52D1EFE18D","updateGuid":"C904F221-8127-4059-93F0-94D268249F5A","updateRevisionNumber":"201","updateTitle":"Security Update for Windows 8.1 for x64-based Systems (KB3062760)"}}
{"time":"2018-01-03T11:08:39.3409753Z","host":"IE11WIN8_1","user":"S-1-5-18","message":"Installation Successful: Windows successfully installed the following update: $1","severity":3,"sequence":"622","source":"eventlog","category":"System","service":"Microsoft-Windows-WindowsUpdateClient","fields":{"Channel":"System","Computer":"IE11WIN8_1","EventID":"19","EventRecordID":"622","Keywords":"9223372036854775832","Level":"4","Opcode":"13","ProcessID":"732","ProviderGuid":"945A8954-C147-4ACD-923F-40C45405A658","ProviderName":"Microsoft-Windows-WindowsUpdateClient","Task":"1","ThreadID":"2612","TimeCreated":"2018-01-03T11:08:39.340975999Z","UserID":"S-1-5-18","Version":"1","serviceGuid":"7971F918-A847-4430-9279-4A52D1EFE18D","updateGuid":"9143CBAA-CC44-427F-A88A-2A788A65EFB2","updateRevisionNumber":"202","updateTitle":"Security Update for Microsoft .NET Framework 4.5.1 and 4.5.2 on Windows 8.1 and Windows Server 2012 R2 x64-based Systems (KB3074228)"}}
{"time":"2018-01-03T11:08:39.3409753Z","host":"IE11WIN8_1","user":"S-1-5-18","message":"Installation Successful: Windows successfully installed the following update: $1","severity":3,"sequence":"667","source":"eventlog","category":"System","service":"Microsoft-Windows-WindowsUpdateClient","fields":{"Channel":"System","Computer":"IE11WIN8_1","EventID":"19","EventRecordID":"667","Keywords":"9223372036854775832","Level":"4","Opcode":"13","ProcessID":"732","ProviderGuid":"945A8954-C147-4ACD-923F-40C45405A658","ProviderName":"Microsoft-Windows-WindowsUpdateClient","Task":"1","ThreadID":"2612","TimeCreated":"2018-01-03T11:08:39.340975999Z","UserID":"S-1-5-18","Version":"1","serviceGuid":"7971F918-A847-4430-9279-4A52D1EFE18D","updateGuid":"BA9A5F6E-76FE-428E-91B9-76EB5907892A","updateRevisionNumber":"201","updateTitle":"Update for Windows 8.1 for x64-based Systems (KB3045992)"}}
{"time":"2018-01-03T11:08:39.3409753Z","host":"IE11WIN8_1","user":"S-1-5-18","message":"Installation Successful: Windows successfully installed the following update: $1","severity":3,"sequence":"665","source":"eventlog","category":"System","service":"Microsoft-Windows-WindowsUpdateClient","fields":{"Channel":"System","Computer":"IE11WIN8_1","EventID":"19","EventRecordID":"665","Keywords":"9223372036854775832","Level":"4","Opcode":"13","ProcessID":"732","ProviderGuid":"945A8954-C147-4ACD-923F-40C45405A658","ProviderName":"Microsoft-Windows-WindowsUpdateClient","Task":"1","ThreadID":"2612","TimeCreated":"2018-01-03T11:08:39.340975999Z","UserID":"S-1-5-18","Version":"1","serviceGuid":"7971F918-A847-4430-9279-4A52D1EFE18D","updateGuid":"0EBD3E32-92E1-4C9C-BC44-D75801DC8264","updateRevisionNumber":"201","updateTitle":"Update for Windows 8.1 for x64-based Systems (KB3033446)"}}
{"time":"2018-01-03T11:08:39.3409753Z","host":"IE11WIN8_1","user":"S-1-5-18","message":"Installation Successful: Windows successfully installed the following update: $1","severity":3,"sequence":"625","source":"eventlog","category":"System","service":"Microsoft-Windows-WindowsUpdateClient","fields":{"Channel":"System","Computer":"IE11WIN8_1","EventID":"19","EventRecordID":"625","Keywords":"9223372036854775832","Level":"4","Opcode":"13","ProcessID":"732","ProviderGuid":"945A8954-C147-4ACD-923F-40C45405A658","ProviderName":"Microsoft-Windows-WindowsUpdateClient","Task":"1","ThreadID":"2612","TimeCreated":"2018-01-03T11:08:39.340975999Z","UserID":"S-1-5-18","Version":"1","serviceGuid":"7971F918-A847-4430-9279-4A52D1EFE18D","updateGuid":"48CAB368-40FB-404A-91F5-7A06D5D79917","updateRevisionNumber":"201","updateTitle":"Security Update for Windows 8.1 for x64-based Systems (KB3082089)"}}
{"time":"2018-01-03T11:08:39.3409753Z","host":"IE11WIN8_1","user":"S-1-5-18","message":"Installation Successful: Windows successfully installed the following update: $1","severity":3,"sequence":"656","source":"eventlog","category":"System","service":"Microsoft-Windows-WindowsUpdateClient","fields":{"Channel":"System","Computer":"IE11WIN8_1","EventID":"19","EventRecordID":"656","Keywords":"9223372036854775832","Level":"4","Opcode":"13","ProcessID":"732","ProviderGuid":"945A8954-C147-4ACD-923F-40C45405A658","ProviderName":"Microsoft-Windows-WindowsUpdateClient","Task":"1","ThreadID":"2612","TimeCreated":"2018-01-03T11:08:39.340975999Z","UserID":"S-1-5-18","Version":"1","serviceGuid":"7971F918-A847-4430-9279-4A52D1EFE18D","updateGuid":"A40ADF79-6638-4621-9021-54CDF7ECC459","updateRevisionNumber":"201","updateTitle":"Security Update for Windows 8.1 for x64-based Systems (KB3055642)"}}
{"time":"2018-01-03T11:08:39.3409753Z","host":"IE11WIN8_1","user":"S-1-5-18","message":"Installation Successful: Windows successfully installed the following update: $1","severity":3,"sequence":"669","source":"eventlog","category":"System","service":"Microsoft-Windows-WindowsUpdateClient","fields":{"Channel":"System","Computer":"IE11WIN8_1","EventID":"19","EventRecordID":"669","Keywords":"9223372036854775832","Level":"4","Opcode":"13","ProcessID":"732","ProviderGuid":"945A8954-C147-4ACD-923F-40C45405A658","ProviderName":"Microsoft-Windows-WindowsUpdateClient","Task":"1","ThreadID":"2612","TimeCreated":"2018-01-03T11:08:39.340975999Z","UserID":"S-1-5-18","Version":"1","serviceGuid":"7971F918-A847-4430-9279-4A52D1EFE18D","updateGuid":"81175BA8-DA9F-46F5-BE66-D02900596D0D","updateRevisionNumber":"201","updateTitle":"Update for Windows 8.1 for x64-based Systems (KB3054169)"}}
{"time":"2018-01-03T11:08:39.3409753Z","host":"IE11WIN8_1","user":"S-1-5-18","message":"Installation Successful: Windows successfully installed the following update: $1","severity":3,"sequence":"623","source":"eventlog","category":"System","service":"Microsoft-Windows-WindowsUpdateClient","fields":{"Channel":"System","Computer":"IE11WIN8_1","EventID":"19","EventRecordID":"623","Keywords":"9223372036854775832","Level":"4","Opcode":"13","ProcessID":"732","ProviderGuid":"945A8954-C147-4ACD-923F-40C45405A658","ProviderName":"Microsoft-Windows-WindowsUpdateClient","Task":"1","ThreadID":"2612","TimeCreated":"2018-01-03T11:08:39.340975999Z","UserID":"S-1-5-18","Version":"1","serviceGuid":"7971F918-A847-4430-9279-4A52D1EFE18D","updateGuid":"C077F0CB-FB30-4926-AB3D-14471EB7AD58","updateRevisionNumber":"200","updateTitle":"Update for Windows 8.1 for x64-based Systems (KB3092627)"}}
{"time":"2018-01-03T11:08:39.3409753Z","host":"IE11WIN8_1","user":"S-1-5-18","message":"Installation Successful: Windows successfully installed the following update: $1","severity":3,"sequence":"664","source":"eventlog","category":"System","service":"Microsoft-Windows-WindowsUpdateClient","fields":{"Channel":"System","Computer":"IE11WIN8_1","EventID":"19","EventRecordID":"664","Keywords":"9223372036854775832","Level":"4","Opcode":"13","ProcessID":"732","ProviderGuid":"945A8954-C147-4ACD-923F-40C45405A658","ProviderName":"Microsoft-Windows-WindowsUpdateClient","Task":"1","ThreadID":"2612","TimeCreated":"2018-01-03T11:08:39.340975999Z","UserID":"S-1-5-18","Version":"1","serviceGuid":"7971F918-A847-4430-9279-4A52D1EFE18D","updateGuid":"C180E2E7-48DA-4A4D-9A2F-88C2128EC224","updateRevisionNumber":"201","updateTitle":"Update for Windows 8.1 for x64-based Systems (KB3015696)"}}
{"time":"2018-01-03T11:08:39.3409753Z","host":"IE11WIN8_1","user":"S-1-5-18","message":"Installation Successful: Windows successfully installed the following update: $1","severity":3,"sequence":"652","source":"eventlog","category":"System","service":"Microsoft-Windows-WindowsUpdateClient","fields":{"Channel":"System","Computer":"IE11WIN8_1","EventID":"19","EventRecordID":"652","Keywords":"9223372036854775832","Level":"4","Opcode":"13","ProcessID":"732","ProviderGuid":"945A8954-C147-4ACD-923F-40C45405A658","ProviderName":"Microsoft-Windows-WindowsUpdateClient","Task":"1","ThreadID":"2612","TimeCreated":"2018-01-03T11:08:39.340975999Z","UserID":"S-1-5-18","Version":"1","serviceGuid":"7971F918-A847-4430-9279-4A52D1EFE18D","updateGuid":"4A5C204E-DE60-484E-9DDA-07C8EDAC57C5","updateRevisionNumber":"201","updateTitle":"Update for Windows 8.1 for x64-based Systems (KB3054464)"}}
{"time":"2018-01-03T11:08:39.3409753Z","host":"IE11WIN8_1","user":"S-1-5-18","message":"Installation Successful: Windows successfully installed the following update: $1","severity":3,"sequence":"642","source":"eventlog","category":"System","service":"Microsoft-Windows-WindowsUpdateClient","fields":{"Channel":"System","Computer":"IE11WIN8_1","EventID":"19","EventRecordID":"642","Keywords":"9223372036854775832","Level":"4","Opcode":"13","ProcessID":"732","ProviderGuid":"945A8954-C147-4ACD-923F-40C45405A658","ProviderName":"Microsoft-Windows-WindowsUpdateClient","Task":"1","ThreadID":"2612","TimeCreated":"2018-01-03T11:08:39.340975999Z","UserID":"S-1-5-18","Version":"1","serviceGuid":"7971F918-A847-4430-9279-4A52D1EFE18D","updateGuid":"3E7F0EFC-8DB3-4D58-B67D-565F50F6F5E9","updateRevisionNumber":"201","updateTitle":"Update for Windows 8.1 for x64-based Systems (KB3053863)"}}
{"time":"2018-01-03T11:08:39.3409753Z","host":"IE11WIN8_1","user":"S-1-5-18","message":"Installation Successful: Windows successfully installed the following update: $1","severity":3,"sequence":"615","source":"eventlog","category":"System","service":"Microsoft-Windows-WindowsUpdateClient","fields":{"Channel":"System","Computer":"IE11WIN8_1","EventID":"19","EventRecordID":"615","Keywords":"9223372036854775832","Level":"4","Opcode":"13","ProcessID":"732","ProviderGuid":"945A8954-C147-4ACD-923F-40C45405A658","ProviderName":"Microsoft-Windows-WindowsUpdateClient","Task":"1","ThreadID":"2612","TimeCreated":"2018-01-03T11:08:39.340975999Z","UserID":"S-1-5-18","Version":"1","serviceGuid":"7971F918-A847-4430-9279-4A52D1EFE18D","updateGuid":"9A7E54A2-5868-4547-8756-0DD51250B888","updateRevisionNumber":"200","updateTitle":"Update for Windows 8.1 for x64-based Systems (KB3084905)"}}
{"time":"2018-01-03T11:08:39.3409753Z","host":"IE11WIN8_1","user":"S-1-5-18","message":"Installation Successful: Windows successfully installed the following update: $1","severity":3,"sequence":"661","source":"eventlog","category":"System","service":"Microsoft-Windows-WindowsUpdateClient","fields":{"Channel":"System","Computer":"IE11WIN8_1","EventID":"19","EventRecordID":"661","Keywords":"9223372036854775832","Level":"4","Opcode":"13","ProcessID":"732","ProviderGuid":"945A8954-C147-4ACD-923F-40C45405A658","ProviderName":"Microsoft-Windows-WindowsUpdateClient","Task":"1","ThreadID":"2612","TimeCreated":"2018-01-03T11:08:39.340975999Z","UserID":"S-1-5-18","Version":"1","serviceGuid":"7971F918-A847-4430-9279-4A52D1EFE18D","updateGuid":"F8EF73ED-8D54-4470-BD25-C07598AC0E49","updateRevisionNumber":"201","updateTitle":"Update for Windows 8.1 for x64-based Systems (KB3047254)"}}
{"time":"2018-01-03T11:08:39.3409753Z","host":"IE11WIN8_1","user":"S-1-5-18","message":"Installation Successful: Windows successfully installed the following update: $1","severity":3,"sequence":"639","source":"eventlog","category":"System","service":"Microsoft-Windows-WindowsUpdateClient","fields":{"Channel":"System","Computer":"IE11WIN8_1","EventID":"19","EventRecordID":"639","Keywords":"9223372036854775832","Level":"4","Opcode":"13","ProcessID":"732","ProviderGuid":"945A8954-C147-4ACD-923F-40C45405A658","ProviderName":"Microsoft-Windows-WindowsUpdateClient","Task":"1","ThreadID":"2612","TimeCreated":"2018-01-03T11:08:39.340975999Z","UserID":"S-1-5-18","Version":"1","serviceGuid":"7971F918-A847-4430-9279-4A52D1EFE18D","updateGuid":"B9AC9DA9-5B53-473D-A8B0-63D3E188128F","updateRevisionNumber":"201","updateTitle":"Update for Windows 8.1 for x64-based Systems (KB3029606)"}}
{"time":"2018-01-03T11:08:39.3409753Z","host":"IE11WIN8_1","user":"S-1-5-18","message":"Installation Successful: Windows successfully installed the following update: $1","severity":3,"sequence":"646","source":"eventlog","category":"System","service":"Microsoft-Windows-WindowsUpdateClient","fields":{"Channel":"System","Computer":"IE11WIN8_1","EventID":"19","EventRecordID":"646","Keywords":"9223372036854775832","Level":"4","Opcode":"13","ProcessID":"732","ProviderGuid":"945A8954-C147-4ACD-923F-40C45405A658","ProviderName":"Microsoft-Windows-WindowsUpdateClient","Task":"1","ThreadID":"2612","TimeCreated":"2018-01-03T11:08:39.340975999Z","UserID":"S-1-5-18","Version":"1","serviceGuid":"7971F918-A847-4430-9279-4A52D1EFE18D","updateGuid":"E430E89E-F215-4F4E-8C49-0E3D8182BDA7","updateRevisionNumber":"201","updateTitle":"Update for Windows 8.1 for x64-based Systems (KB3013791)"}}
{"time":"2018-01-03T11:08:39.3409753Z","host":"IE11WIN8_1","user":"S-1-5-18","message":"Installation Successful: Windows successfully installed the following update: $1","severity":3,"sequence":"711","source":"eventlog","category":"System","service":"Microsoft-Windows-WindowsUpdateClient","fields":{"Channel":"System","Computer":"IE11WIN8_1","EventID":"19","EventRecordID":"711","Keywords":"9223372036854775832","Level":"4","Opcode":"13","ProcessID":"732","ProviderGuid":"945A8954-C147-4ACD-923F-40C45405A658","ProviderName":"Microsoft-Windows-WindowsUpdateClient","Task":"1","ThreadID":"2612","TimeCreated":"2018-01-03T11:08:39.340975999Z","UserID":"S-1-5-18","Version":"1","serviceGuid":"7971F918-A847-4430-9279-4A52D1EFE18D","updateGuid":"AE914AA2-8737-46DD-AE8F-EA392B377687","updateRevisionNumber":"200","updateTitle":"Security Update for Windows 8.1 for x64-based Systems (KB2973351)"}}
{"time":"2018-01-03T11:08:39.3409753Z","host":"IE11WIN8_1","user":"S-1-5-18","message":"Installation Successful: Windows successfully installed the following update: $1","severity":3,"sequence":"688","source":"eventlog","category":"System","service":"Microsoft-Windows-WindowsUpdateClient","fields":{"Channel":"System","Computer":"IE11WIN8_1","EventID":"19","EventRecordID":"688","Keywords":"9223372036854775832","Level":"4","Opcode":"13","ProcessID":"732","ProviderGuid":"945A8954-C147-4ACD-923F-40C45405A658","ProviderName":"Microsoft-Windows-WindowsUpdateClient","Task":"1","ThreadID":"2612","TimeCreated":"2018-01-03T11:08:39.340975999Z","UserID":"S-1-5-18","Version":"1","serviceGuid":"7971F918-A847-4430-9279-4A52D1EFE18D","updateGuid":"EABDE033-76A5-4AE3-8F57-D23D9EBD5433","updateRevisionNumber":"200","updateTitle":"Update for Windows 8.1 for x64-based Systems (KB3024751)"}}
{"time":"2018-01-03T11:08:39.3409753Z","host":"IE11WIN8_1","user":"S-1-5-18","message":"Installation Successful: Windows successfully installed the following update: $1","severity":3,"sequence":"686","source":"eventlog","category":"System","service":"Microsoft-Windows-WindowsUpdateClient","fields":{"Channel":"System","Computer":"IE11WIN8_1","EventID":"19","EventRecordID":"686","Keywords":"9223372036854775832","Level":"4","Opcode":"13","ProcessID":"732","ProviderGuid":"945A8954-C147-4ACD-923F-40C45405A658","ProviderName":"Microsoft-Windows-WindowsUpdateClient","Task":"1","ThreadID":"2612","TimeCreated":"2018-01-03T11:08:39.340975999Z","UserID":"S-1-5-18","Version":"1","serviceGuid":"7971F918-A847-4430-9279-4A52D1EFE18D","updateGuid":"AF78DA5D-5C2B-4612-AE46-516C06B12EBB","updateRevisionNumber":"200","updateTitle":"Update for Windows 8.1 for x64-based Systems (KB3027209)"}}
{"time":"2018-01-03T11:08:39.3409753Z","host":"IE11WIN8_1","user":"S-1-5-18","message":"Installation Successful: Windows successfully installed the following update: $1","severity":3,"sequence":"620","source":"eventlog","category":"System","service":"Microsoft-Windows-WindowsUpdateClient","fields":{"Channel":"System","Computer":"IE11WIN8_1","EventID":"19","EventRecordID":"620","Keywords":"9223372036854775832","Level":"4","Opcode":"13","ProcessID":"732","ProviderGuid":"945A8954-C147-4ACD-923F-40C45405A658","ProviderName":"Microsoft-Windows-WindowsUpdateClient","Task":"1","ThreadID":"2612","TimeCreated":"2018-01-03T11:08:39.340975999Z","UserID":"S-1-5-18","Version":"1","serviceGuid":"7971F918-A847-4430-9279-4A52D1EFE18D","updateGuid":"F143BA42-D3F3-448F-AB28-3423D04E636D","updateRevisionNumber":"201","updateTitle":"Update for Windows 8.1 for x64-based Systems (KB3078676)"}}
{"time":"2018-01-03T11:08:39.3409753Z","host":"IE11WIN8_1","user":"S-1-5-18","message":"Installation Successful: Windows successfully installed the following update: $1","severity":3,"sequence":"679","source":"eventlog","category":"System","service":"Microsoft-Windows-WindowsUpdateClient","fields":{"Channel":"System","Computer":"IE11WIN8_1","EventID":"19","EventRecordID":"679","Keywords":"9223372036854775832","Level":"4","Opcode":"13","ProcessID":"732","ProviderGuid":"945A8954-C147-4ACD-923F-40C45405A658","ProviderName":"Microsoft-Windows-WindowsUpdateClient","Task":"1","ThreadID":"2612","TimeCreated":"2018-01-03T11:08:39.340975999Z","UserID":"S-1-5-18","Version":"1","serviceGuid":"7971F918-A847-4430-9279-4A52D1EFE18D","updateGuid":"F80F971D-E079-4216-B686-BF5D4412376B","updateRevisionNumber":"209","updateTitle":"Update for Windows 8.1 for x64-based Systems (KB3013769)"}}
{"time":"2018-01-03T11:08:39.3409753Z","host":"IE11WIN8_1","user":"S-1-5-18","message":"Installation Successful: Windows successfully installed the following update: $1","severity":3,"sequence":"632","source":"eventlog","category":"System","service":"Microsoft-Windows-WindowsUpdateClient","fields":{"Channel":"System","Computer":"IE11WIN8_1","EventID":"19","EventRecordID":"632","Keywords":"9223372036854775832","Level":"4","Opcode":"13","ProcessID":"732","ProviderGuid":"945A8954-C147-4ACD-923F-40C45405A658","ProviderName":"Microsoft-Windows-WindowsUpdateClient","Task":"1","ThreadID":"2612","TimeCreated":"2018-01-03T11:08:39.340975999Z","UserID":"S-1-5-18","Version":"1","serviceGuid":"7971F918-A847-4430-9279-4A52D1EFE18D","updateGuid":"F5359989-0BC8-40C0-BE43-34B62A29604B","updateRevisionNumber":"201","updateTitle":"Update for Windows 8.1 for x64-based Systems (KB3071663)"}}
{"time":"2018-01-03T11:08:39.3409753Z","host":"IE11WIN8_1","user":"S-1-5-18","message":"Installation Successful: Windows successfully installed the following update: $1","severity":3,"sequence":"624","source":"eventlog","category":"System","service":"Microsoft-Windows-WindowsUpdateClient","fields":{"Channel":"System","Computer":"IE11WIN8_1","EventID":"19","EventRecordID":"624","Keywords":"9223372036854775832","Level":"4","Opcode":"13","ProcessID":"732","ProviderGuid":"945A8954-C147-4ACD-923F-40C45405A658","ProviderName":"Microsoft-Windows-WindowsUpdateClient","Task":"1","ThreadID":"2612","TimeCreated":"2018-01-03T11:08:39.340975999Z","UserID":"S-1-5-18","Version":"1","serviceGuid":"7971F918-A847-4430-9279-4A52D1EFE18D","updateGuid":"0A797C26-F994-4373-9217-82659815366E","updateRevisionNumber":"201","updateTitle":"Security Update for Windows 8.1 for x64-based Systems (KB3084135)"}}
{"time":"2018-01-03T11:08:39.3409753Z","host":"IE11WIN8_1","user":"S-1-5-18","message":"Installation Successful: Windows successfully installed the following update: $1","severity":3,"sequence":"710","source":"eventlog","category":"System","service":"Microsoft-Windows-WindowsUpdateClient","fields":{"Channel":"System","Computer":"IE11WIN8_1","EventID":"19","EventRecordID":"710","Keywords":"9223372036854775832","Level":"4","Opcode":"13","ProcessID":"732","ProviderGuid":"945A8954-C147-4ACD-923F-40C45405A658","ProviderName":"Microsoft-Windows-WindowsUpdateClient","Task":"1","ThreadID":"2612","TimeCreated":"2018-01-03T11:08:39.340975999Z","UserID":"S-1-5-18","Version":"1","serviceGuid":"7971F918-A847-4430-9279-4A52D1EFE18D","updateGuid":"C201A8BC-5E38-451C-9E4C-259BE947C7CE","updateRevisionNumber":"201","updateTitle":"Security Update for Windows 8.1 for x64-based Systems (KB2976897)"}}
{"time":"2018-01-03T11:08:39.3409753Z","host":"IE11WIN8_1","user":"S-1-5-18","message":"Installation Successful: Windows successfully installed the following update: $1","severity":3,"sequence":"651","source":"eventlog","category":"System","service":"Microsoft-Windows-WindowsUpdateClient","fields":{"Channel":"System","Computer":"IE11WIN8_1","EventID":"19","EventRecordID":"651","Keywords":"9223372036854775832","Level":"4","Opcode":"13","ProcessID":"732","ProviderGuid":"945A8954-C147-4ACD-923F-40C45405A658","ProviderName":"Microsoft-Windows-WindowsUpdateClient","Task":"1","ThreadID":"2612","TimeCreated":"2018-01-03T11:08:39.340975999Z","UserID":"S-1-5-18","Version":"1","serviceGuid":"7971F918-A847-4430-9279-4A52D1EFE18D","updateGuid":"2CCC8CB5-C953-453D-8A90-8783D846CC4A","updateRevisionNumber":"201","updateTitle":"Update for Windows 8.1 for x64-based Systems (KB3045634)"}}
{"time":"2018-01-03T11:08:39.3409753Z","host":"IE11WIN8_1","user":"S-1-5-18","message":"Installation Successful: Windows successfully installed the following update: $1","severity":3,"sequence":"638","source":"eventlog","category":"System","service":"Microsoft-Windows-WindowsUpdateClient","fields":{"Channel":"System","Computer":"IE11WIN8_1","EventID":"19","EventRecordID":"638","Keywords":"9223372036854775832","Level":"4","Opcode":"13","ProcessID":"732","ProviderGuid":"945A8954-C147-4ACD-923F-40C45405A658","ProviderName":"Microsoft-Windows-WindowsUpdateClient","Task":"1","ThreadID":"2612","TimeCreated":"2018-01-03T11:08:39.340975999Z","UserID":"S-1-5-18","Version":"1","serviceGuid":"7971F918-A847-4430-9279-4A52D1EFE18D","updateGuid":"16F9CAEE-9412-4441-87B9-02F6B7D66C77","updateRevisionNumber":"202","updateTitle":"Security Update for Windows 8.1 for x64-based Systems (KB3067505)"}}
