Jan 03 2018 11:08:39.325 IE11WIN8_1 CEF:1|Fox Forensics|Fox|0.0.0|100|Installation Successful: Windows successfully installed the following update: $1|3|Channel=System Computer=IE11WIN8_1 EventID=19 EventRecordID=573 Keywords=9223372036854775832 Level=4 Opcode=13 ProcessID=732 ProviderGuid=945A8954-C147-4ACD-923F-40C45405A658 ProviderName=Microsoft-Windows-WindowsUpdateClient Task=1 ThreadID=2612 TimeCreated=2018-01-03T11:08:39.325390338Z UserID=S-1-5-18 Version=1 serviceGuid=7971F918-A847-4430-9279-4A52D1EFE18D updateGuid=21D4FAA8-E6A2-4CB7-8263-2FEF9221A2DD updateRevisionNumber=201 updateTitle=Update for Windows 8.1 for x64-based Systems (KB3140219)
Jan 03 2018 11:08:39.325 IE11WIN8_1 CEF:1|Fox Forensics|Fox|0.0.0|100|Installation Successful: Windows successfully installed the following update: $1|3|Channel=System Computer=IE11WIN8_1 EventID=19 EventRecordID=593 Keywords=9223372036854775832 Level=4 Opcode=13 ProcessID=732 ProviderGuid=945A8954-C147-4ACD-923F-40C45405A658 ProviderName=Microsoft-Windows-WindowsUpdateClient Task=1 ThreadID=2612 TimeCreated=2018-01-03T11:08:39.325390338Z UserID=S-1-5-18 Version=1 serviceGuid=7971F918-A847-4430-9279-4A52D1EFE18D updateGuid=E1F422CF-B09A-42B2-B199-3E756C5CAC39 updateRevisionNumber=202 updateTitle=Security Update for Windows 8.1 for x64-based Systems (KB3126041)
Jan 03 2018 11:08:39.325 IE11WIN8_1 CEF:1|Fox Forensics|Fox|0.0.0|100|Installation Successful: Windows successfully installed the following update: $1|3|Channel=System Computer=IE11WIN8_1 EventID=19 EventRecordID=565 Keywords=9223372036854775832 Level=4 Opcode=13 ProcessID=732 ProviderGuid=945A8954-C147-4ACD-923F-40C45405A658 ProviderName=Microsoft-Windows-WindowsUpdateClient Task=1 ThreadID=2612 TimeCreated=2018-01-03T11:08:39.325390338Z UserID=S-1-5-18 Version=1 serviceGuid=7971F918-A847-4430-9279-4A52D1EFE18D updateGuid=5A5A437B-4596-42A7-A62B-C3C641E32D53 updateRevisionNumber=201 updateTitle=Update for Windows 8.1 for x64-based Systems (KB3146604)
Jan 03 2018 11:08:39.325 IE11WIN8_1 CEF:1|Fox Forensics|Fox|0.0.0|100|Installation Successful: Windows successfully installed the following update: $1|3|Channel=System Computer=IE11WIN8_1 EventID=19 EventRecordID=552 Keywords=9223372036854775832 Level=4 Opcode=13 ProcessID=732 ProviderGuid=945A8954-C147-4ACD-923F-40C45405A658 ProviderName=Microsoft-Windows-WindowsUpdateClient Task=1 ThreadID=2612 TimeCreated=2018-01-03T11:08:39.325390338Z UserID=S-1-5-18 Version=1 serviceGuid=7971F918-A847-4430-9279-4A52D1EFE18D updateGuid=1309CBE7-43C2-4935-AB67-256FBD058642 updateRevisionNumber=202 updateTitle=Security Update for Windows 8.1 for x64-based Systems (KB3161958)
Jan 03 2018 11:08:39.325 IE11WIN8_1 CEF:1|Fox Forensics|Fox|0.0.0|100|Installation Successful: Windows successfully installed the following update: $1|3|Channel=System Computer=IE11WIN8_1 EventID=19 EventRecordID=550 Keywords=9223372036854775832 Level=4 Opcode=13 ProcessID=732 ProviderGuid=945A8954-C147-4ACD-923F-40C45405A658 ProviderName=Microsoft-Windows-WindowsUpdateClient Task=1 ThreadID=2612 TimeCreated=2018-01-03T11:08:39.325390338Z UserID=S-1-5-18 Version=1 serviceGuid=7971F918-A847-4430-9279-4A52D1EFE18D updateGuid=DE9F7F35-362F-4A75-AF02-B72A4E262BBC updateRevisionNumber=203 updateTitle=Security Update for Windows 8.1 for x64-based Systems (KB3172729)
Jan 03 2018 11:08:39.325 IE11WIN8_1 CEF:1|Fox Forensics|Fox|0.0.0|100|Installation Successful: Windows successfully installed the following update: $1|3|Channel=System Computer=IE11WIN8_1 EventID=19 EventRecordID=590 Keywords=9223372036854775832 Level=4 Opcode=13 ProcessID=732 ProviderGuid=945A8954-C147-4ACD-923F-40C45405A658 ProviderName=Microsoft-Windows-WindowsUpdateClient Task=1 ThreadID=2612 TimeCreated=2018-01-03T11:08:39.325390338Z UserID=S-1-5-18 Version=1 serviceGuid=7971F918-A847-4430-9279-4A52D1EFE18D updateGuid=35FE3BFB-DB83-4DA0-B21B-94DF733A5DAF updateRevisionNumber=201 updateTitle=Security Update for Windows 8.1 for x64-based Systems (KB3126587)
Jan 03 2018 11:08:39.325 IE11WIN8_1 CEF:1|Fox Forensics|Fox|0.0.0|100|Installation Successful: Windows successfully installed the following update: $1|3|Channel=System Computer=IE11WIN8_1 EventID=19 EventRecordID=570 Keywords=9223372036854775832 Level=4 Opcode=13 ProcessID=732 ProviderGuid=945A8954-C147-4ACD-923F-40C45405A658 ProviderName=Microsoft-Windows-WindowsUpdateClient Task=1 ThreadID=2612 TimeCreated=2018-01-03T11:08:39.325390338Z UserID=S-1-5-18 Version=1 serviceGuid=7971F918-A847-4430-9279-4A52D1EFE18D updateGuid=FDFE8F57-9BED-446F-ADC4-911B4A34FEC2 updateRevisionNumber=201 updateTitle=Update for Windows 8.1 for x64-based Systems (KB3115224)
Jan 03 2018 11:08:39.325 IE11WIN8_1 CEF:1|Fox Forensics|Fox|0.0.0|100|Installation Successful: Windows successfully installed the following update: $1|3|Channel=System Computer=IE11WIN8_1 EventID=19 EventRecordID=554 Keywords=9223372036854775832 Level=4 Opcode=13 ProcessID=732 ProviderGuid=945A8954-C147-4ACD-923F-40C45405A658 ProviderName=Microsoft-Windows-WindowsUpdateClient Task=1 ThreadID=2612 TimeCreated=2018-01-03T11:08:39.325390338Z UserID=S-1-5-18 Version=1 serviceGuid=7971F918-A847-4430-9279-4A52D1EFE18D updateGuid=D500DDF9-471A-4EDB-9280-82352F83D025 updateRevisionNumber=202 updateTitle=Security Update for Windows 8.1 for x64-based Systems (KB3159398)
Jan 03 2018 11:08:39.325 IE11WIN8_1 CEF:1|Fox Forensics|Fox|0.0.0|100|Installation Successful: Windows successfully installed the following update: $1|3|Channel=System Computer=IE11WIN8_1 EventID=19 EventRecordID=586 Keywords=9223372036854775832 Level=4 Opcode=13 ProcessID=732 ProviderGuid=945A8954-C147-4ACD-923F-40C45405A658 ProviderName=Microsoft-Windows-WindowsUpdateClient Task=1 ThreadID=2612 TimeCreated=2018-01-03T11:08:39.325390338Z UserID=S-1-5-18 Version=1 serviceGuid=7971F918-A847-4430-9279-4A52D1EFE18D updateGuid=A2B02417-07DD-4107-A1EB-B697F3DAF274 updateRevisionNumber=201 updateTitle=Update for Windows 8.1 for x64-based Systems (KB3103699)
Jan 03 2018 11:08:39.325 IE11WIN8_1 CEF:1|Fox Forensics|Fox|0.0.0|100|Installation Successful: Windows successfully installed the following update: $1|3|Channel=System Computer=IE11WIN8_1 EventID=19 EventRecordID=592 Keywords=9223372036854775832 Level=4 Opcode=13 ProcessID=732 ProviderGuid=945A8954-C147-4ACD-923F-40C45405A658 ProviderName=Microsoft-Windows-WindowsUpdateClient Task=1 ThreadID=2612 TimeCreated=2018-01-03T11:08:39.325390338Z UserID=S-1-5-18 Version=1 serviceGuid=7971F918-A847-4430-9279-4A52D1EFE18D updateGuid=0462307F-6C23-4319-B0B5-573F99A4781C updateRevisionNumber=201 updateTitle=Security Update for Windows 8.1 for x64-based Systems (KB3115858)
Jan 03 2018 11:08:39.325 IE11WIN8_1 CEF:1|Fox Forensics|Fox|0.0.0|100|Installation Successful: Windows successfully installed the following update: $1|3|Channel=System Computer=IE11WIN8_1 EventID=19 EventRecordID=608 Keywords=9223372036854775832 Level=4 Opcode=13 ProcessID=732 ProviderGuid=945A8954-C147-4ACD-923F-40C45405A658 ProviderName=Microsoft-Windows-WindowsUpdateClient Task=1 ThreadID=2612 TimeCreated=2018-01-03T11:08:39.325390338Z UserID=S-1-5-18 Version=1 serviceGuid=7971F918-A847-4430-9279-4A52D1EFE18D updateGuid=11BE84EC-19B5-42A6-80B0-E81A226BFD1A updateRevisionNumber=201 updateTitle=Security Update for Windows 8.1 for x64-based Systems (KB3081320)
Jan 03 2018 11:08:39.325 IE11WIN8_1 CEF:1|Fox Forensics|Fox|0.0.0|100|Installation Successful: Windows successfully installed the following update: $1|3|Channel=System Computer=IE11WIN8_1 EventID=19 EventRecordID=576 Keywords=9223372036854775832 Level=4 Opcode=13 ProcessID=732 ProviderGuid=945A8954-C147-4ACD-923F-40C45405A658 ProviderName=Microsoft-Windows-WindowsUpdateClient Task=1 ThreadID=2612 TimeCreated=2018-01-03T11:08:39.325390338Z UserID=S-1-5-18 Version=1 serviceGuid=7971F918-A847-4430-9279-4A52D1EFE18D updateGuid=FC04B59D-DE5D-43A5-B2FE-635DBACC36BE updateRevisionNumber=201 updateTitle=Update for Windows 8.1 for x64-based Systems (KB3138602)
Jan 03 2018 11:08:39.325 IE11WIN8_1 CEF:1|Fox Forensics|Fox|0.0.0|100|Installation Successful: Windows successfully installed the following update: $1|3|Channel=System Computer=IE11WIN8_1 EventID=19 EventRecordID=594 Keywords=9223372036854775832 Level=4 Opcode=13 ProcessID=732 ProviderGuid=945A8954-C147-4ACD-923F-40C45405A658 ProviderName=Microsoft-Windows-WindowsUpdateClient Task=1 ThreadID=2612 TimeCreated=2018-01-03T11:08:39.325390338Z UserID=S-1-5-18 Version=1 serviceGuid=7971F918-A847-4430-9279-4A52D1EFE18D updateGuid=443F834C-0617-40FC-917F-6B4A54BA4986 updateRevisionNumber=203 updateTitle=Security Update for Windows 8.1 for x64-based Systems (KB3126593)
Jan 03 2018 11:08:39.325 IE11WIN8_1 CEF:1|Fox Forensics|Fox|0.0.0|100|Installation Successful: Windows successfully installed the following update: $1|3|Channel=System Computer=IE11WIN8_1 EventID=19 EventRecordID=584 Keywords=9223372036854775832 Level=4 Opcode=13 ProcessID=732 ProviderGuid=945A8954-C147-4ACD-923F-40C45405A658 ProviderName=Microsoft-Windows-WindowsUpdateClient Task=1 ThreadID=2612 TimeCreated=2018-01-03T11:08:39.325390338Z UserID=S-1-5-18 Version=1 serviceGuid=7971F918-A847-4430-9279-4A52D1EFE18D updateGuid=599C3991-2C90-40D7-A8B6-79A92CB9244C updateRevisionNumber=201 updateTitle=Update for Windows 8.1 for x64-based Systems (KB3126030)
Jan 03 2018 11:08:39.325 IE11WIN8_1 CEF:1|Fox Forensics|Fox|0.0.0|100|Installation Successful: Windows successfully installed the following update: $1|3|Channel=System Computer=IE11WIN8_1 EventID=19 EventRecordID=577 Keywords=9223372036854775832 Level=4 Opcode=13 ProcessID=732 ProviderGuid=945A8954-C147-4ACD-923F-40C45405A658 ProviderName=Microsoft-Windows-WindowsUpdateClient Task=1 ThreadID=2612 TimeCreated=2018-01-03T11:08:39.325390338Z UserID=S-1-5-18 Version=1 serviceGuid=7971F918-A847-4430-9279-4A52D1EFE18D updateGuid=9EF6368D-905E-47A1-8A88-1AD56D2407B1 updateRevisionNumber=200 updateTitle=Update for Windows 8.1 for x64-based Systems (KB3147071)
Jan 03 2018 11:08:39.325 IE11WIN8_1 CEF:1|Fox Forensics|Fox|0.0.0|100|Installation Successful: Windows successfully installed the following update: $1|3|Channel=System Computer=IE11WIN8_1 EventID=19 EventRecordID=583 Keywords=9223372036854775832 Level=4 Opcode=13 ProcessID=732 ProviderGuid=945A8954-C147-4ACD-923F-40C45405A658 ProviderName=Microsoft-Windows-WindowsUpdateClient Task=1 ThreadID=2612 TimeCreated=2018-01-03T11:08:39.325390338Z UserID=S-1-5-18 Version=1 serviceGuid=7971F918-A847-4430-9279-4A52D1EFE18D updateGuid=D9672F48-3638-4684-8667-D102617469BB updateRevisionNumber=201 updateTitle=Security Update for Windows 8.1 for x64-based Systems (KB3139398)
Jan 03 2018 11:08:39.325 IE11WIN8_1 CEF:1|Fox Forensics|Fox|0.0.0|100|Installation Successful: Windows successfully installed the following update: $1|3|Channel=System Computer=IE11WIN8_1 EventID=19 EventRecordID=591 Keywords=9223372036854775832 Level=4 Opcode=13 ProcessID=732 ProviderGuid=945A8954-C147-4ACD-923F-40C45405A658 ProviderName=Microsoft-Windows-WindowsUpdateClient Task=1 ThreadID=2612 TimeCreated=2018-01-03T11:08:39.325390338Z UserID=S-1-5-18 Version=1 serviceGuid=7971F918-A847-4430-9279-4A52D1EFE18D updateGuid=4063E92F-7454-4EEA-B026-71C02AA0C2DB updateRevisionNumber=201 updateTitle=Security Update for Windows 8.1 for x64-based Systems (KB3126434)
Jan 03 2018 11:08:39.325 IE11WIN8_1 CEF:1|Fox Forensics|Fox|0.0.0|100|Installation Successful: Windows successfully installed the following update: $1|3|Channel=System Computer=IE11WIN8_1 EventID=19 EventRecordID=558 Keywords=9223372036854775832 Level=4 Opcode=13 ProcessID=732 ProviderGuid=945A8954-C147-4ACD-923F-40C45405A658 ProviderName=Microsoft-Windows-WindowsUpdateClient Task=1 ThreadID=2612 TimeCreated=2018-01-03T11:08:39.325390338Z UserID=S-1-5-18 Version=1 serviceGuid=7971F918-A847-4430-9279-4A52D1EFE18D updateGuid=BAA99DCB-A75E-4950-9E0A-8CBE56A48C91 updateRevisionNumber=201 updateTitle=Security Update for Windows 8.1 for x64-based Systems (KB3156059)
Jan 03 2018 11:08:39.325 IE11WIN8_1 CEF:1|Fox Forensics|Fox|0.0.0|100|Installation Successful: Windows successfully installed the following update: $1|3|Channel=System Computer=IE11WIN8_1 EventID=19 EventRecordID=544 Keywords=9223372036854775832 Level=4 Opcode=13 ProcessID=732 ProviderGuid=945A8954-C147-4ACD-923F-40C45405A658 ProviderName=Microsoft-Windows-WindowsUpdateClient Task=1 ThreadID=2612 TimeCreated=2018-01-03T11:08:39.325390338Z UserID=S-1-5-18 Version=1 serviceGuid=7971F918-A847-4430-9279-4A52D1EFE18D updateGuid=67425D06-612A-4FDE-9DD3-D00CA50E5E16 updateRevisionNumber=209 updateTitle=Update for Windows 8.1 for x64-based Systems (KB3184143)
Jan 03 2018 11:08:39.325 IE11WIN8_1 CEF:1|Fox Forensics|Fox|0.0.0|100|Installation Successful: Windows successfully installed the following update: $1|3|Channel=System Computer=IE11WIN8_1 EventID=19 EventRecordID=606 Keywords=9223372036854775832 Level=4 Opcode=13 ProcessID=732 ProviderGuid=945A8954-C147-4ACD-923F-40C45405A658 ProviderName=Microsoft-Windows-WindowsUpdateClient Task=1 ThreadID=2612 TimeCreated=2018-01-03T11:08:39.325390338Z UserID=S-1-5-18 Version=1 serviceGuid=7971F918-A847-4430-9279-4A52D1EFE18D updateGuid=2DE618C2-79E5-4907-8D7B-815E804A12BD updateRevisionNumber=1347 updateTitle=Security Update for Windows 8.1 for x64-based Systems (KB3092601)
Jan 03 2018 11:08:39.325 IE11WIN8_1 CEF:1|Fox Forensics|Fox|0.0.0|100|Installation Successful: Windows successfully installed the following update: $1|3|Channel=System Computer=IE11WIN8_1 EventID=19 EventRecordID=548 Keywords=9223372036854775832 Level=4 Opcode=13 ProcessID=732 ProviderGuid=945A8954-C147-4ACD-923F-40C45405A658 ProviderName=Microsoft-Windows-WindowsUpdateClient Task=1 ThreadID=2612 TimeCreated=2018-01-03T11:08:39.325390338Z UserID=S-1-5-18 Version=1 serviceGuid=7971F918-A847-4430-9279-4A52D1EFE18D updateGuid=950B452F-89FB-4CDD-AD23-A78A0ACB2572 updateRevisionNumber=202 updateTitle=Security Update for Windows 8.1 for x64-based Systems (KB3175024)
Jan 03 2018 11:08:39.325 IE11WIN8_1 CEF:1|Fox Forensics|Fox|0.0.0|100|Installation Successful: Windows successfully installed the following update: $1|3|Channel=System Computer=IE11WIN8_1 EventID=19 EventRecordID=551 Keywords=9223372036854775832 Level=4 Opcode=13 ProcessID=732 ProviderGuid=945A8954-C147-4ACD-923F-40C45405A658 ProviderName=Microsoft-Windows-WindowsUpdateClient Task=1 ThreadID=2612 TimeCreated=2018-01-03T11:08:39.325390338Z UserID=S-1-5-18 Version=1 serviceGuid=7971F918-A847-4430-9279-4A52D1EFE18D updateGuid=2B8F5371-B76E-44A3-BEA6-889C7A6E8867 updateRevisionNumber=201 updateTitle=Security Update for Windows 8.1 for x64-based Systems (KB3169704)
Jan 03 2018 11:08:39.325 IE11WIN8_1 CEF:1|Fox Forensics|Fox|0.0.0|100|Installation Successful: Windows successfully installed the following update: $1|3|Channel=System Computer=IE11WIN8_1 EventID=19 EventRecordID=545 Keywords=9223372036854775832 Level=4 Opcode=13 ProcessID=732 ProviderGuid=945A8954-C147-4ACD-923F-40C45405A658 ProviderName=Microsoft-Windows-WindowsUpdateClient Task=1 ThreadID=2612 TimeCreated=2018-01-03T11:08:39.325390338Z UserID=S-1-5-18 Version=1 serviceGuid=7971F918-A847-4430-9279-4A52D1EFE18D updateGuid=12CA8B4E-22D2-4ECE-8CBF-9B243C574549 updateRevisionNumber=204 updateTitle=Security Update for Windows 8.1 for x64-based Systems (KB3187754)
Jan 03 2018 11:08:39.325 IE11WIN8_1 CEF:1|Fox Forensics|Fox|0.0.0|100|Installation Successful: Windows successfully installed the following update: $1|3|Channel=System Computer=IE11WIN8_1 EventID=19 EventRecordID=566 Keywords=9223372036854775832 Level=4 Opcode=13 ProcessID=732 ProviderGuid=945A8954-C147-4ACD-923F-40C45405A658 ProviderName=Microsoft-Windows-WindowsUpdateClient Task=1 ThreadID=2612 TimeCreated=2018-01-03T11:08:39.325390338Z UserID=S-1-5-18 Version=1 serviceGuid=7971F918-A847-4430-9279-4A52D1EFE18D updateGuid=810047D1-4337-4C0E-A254-88A0A2AA99F2 updateRevisionNumber=201 updateTitle=Update for Windows 8.1 for x64-based Systems (KB3138378)
Jan 03 2018 11:08:39.325 IE11WIN8_1 CEF:1|Fox Forensics|Fox|0.0.0|100|Installation Successful: Windows successfully installed the following update: $1|3|Channel=System Computer=IE11WIN8_1 EventID=19 EventRecordID=542 Keywords=9223372036854775832 Level=4 Opcode=13 ProcessID=732 ProviderGuid=945A8954-C147-4ACD-923F-40C45405A658 ProviderName=Microsoft-Windows-WindowsUpdateClient Task=1 ThreadID=2612 TimeCreated=2018-01-03T11:08:39.325390338Z UserID=S-1-5-18 Version=1 serviceGuid=7971F918-A847-4430-9279-4A52D1EFE18D updateGuid=3487F206-5BF7-476F-91EC-AB051FF8D461 updateRevisionNumber=203 updateTitle=Microsoft .NET Framework 4.7 for Windows 8.1 and Windows Server 2012 R2 for x64 (KB3186539)
Jan 03 2018 11:08:39.325 IE11WIN8_1 CEF:1|Fox Forensics|Fox|0.0.0|100|Installation Successful: Windows successfully installed the following update: $1|3|Channel=System Computer=IE11WIN8_1 EventID=19 EventRecordID=540 Keywords=9223372036854775832 Level=4 Opcode=13 ProcessID=732 ProviderGuid=945A8954-C147-4ACD-923F-40C45405A658 ProviderName=Microsoft-Windows-WindowsUpdateClient Task=1 ThreadID=2612 TimeCreated=2018-01-03T11:08:39.325390338Z UserID=S-1-5-18 Version=1 serviceGuid=7971F918-A847-4430-9279-4A52D1EFE18D updateGuid=10576CC7-324E-4C94-BC60-B1867D356E84 updateRevisionNumber=200 updateTitle=2017-12 Security Monthly Quality Rollup for Windows 8.1 for x64-based Systems (KB4054519)
Jan 03 2018 11:08:39.325 IE11WIN8_1 CEF:1|Fox Forensics|Fox|0.0.0|100|Installation Successful: Windows successfully installed the following update: $1|3|Channel=System Computer=IE11WIN8_1 EventID=19 EventRecordID=579 Keywords=9223372036854775832 Level=4 Opcode=13 ProcessID=732 ProviderGuid=945A8954-C147-4ACD-923F-40C45405A658 ProviderName=Microsoft-Windows-WindowsUpdateClient Task=1 ThreadID=2612 TimeCreated=2018-01-03T11:08:39.325390338Z UserID=S-1-5-18 Version=1 serviceGuid=7971F918-A847-4430-9279-4A52D1EFE18D updateGuid=647FE6AC-F914-440F-B35F-936BF4CD2E28 updateRevisionNumber=201 updateTitle=Update for Windows 8.1 for x64-based Systems (KB3134815)
Jan 03 2018 11:08:39.325 IE11WIN8_1 CEF:1|Fox Forensics|Fox|0.0.0|100|Installation Successful: Windows successfully installed the following update: $1|3|Channel=System Computer=IE11WIN8_1 EventID=19 EventRecordID=605 Keywords=9223372036854775832 Level=4 Opcode=13 ProcessID=732 ProviderGuid=945A8954-C147-4ACD-923F-40C45405A658 ProviderName=Microsoft-Windows-WindowsUpdateClient Task=1 ThreadID=2612 TimeCreated=2018-01-03T11:08:39.325390338Z UserID=S-1-5-18 Version=1 serviceGuid=7971F918-A847-4430-9279-4A52D1EFE18D updateGuid=D833918F-70E4-48A4-9387-11417B5F01A1 updateRevisionNumber=201 updateTitle=Update for Windows 8.1 for x64-based Systems (KB3034348)
Jan 03 2018 11:08:39.325 IE11WIN8_1 CEF:1|Fox Forensics|Fox|0.0.0|100|Installation Successful: Windows successfully installed the following update: $1|3|Channel=System Computer=IE11WIN8_1 EventID=19 EventRecordID=568 Keywords=9223372036854775832 Level=4 Opcode=13 ProcessID=732 ProviderGuid=945A8954-C147-4ACD-923F-40C45405A658 ProviderName=Microsoft-Windows-WindowsUpdateClient Task=1 ThreadID=2612 TimeCreated=2018-01-03T11:08:39.325390338Z UserID=S-1-5-18 Version=1 serviceGuid=7971F918-A847-4430-9279-4A52D1EFE18D updateGuid=F39444E2-9E3C-4D4E-AD41-B940A8DDF4EB updateRevisionNumber=202 updateTitle=Update for Windows 8.1 for x64-based Systems (KB3140234)
Jan 03 2018 11:08:39.325 IE11WIN8_1 CEF:1|Fox Forensics|Fox|0.0.0|100|Installation Successful: Windows successfully installed the following update: $1|3|Channel=System Computer=IE11WIN8_1 EventID=19 EventRecordID=597 Keywords=9223372036854775832 Level=4 Opcode=13 ProcessID=732 ProviderGuid=945A8954-C147-4ACD-923F-40C45405A658 ProviderName=Microsoft-Windows-WindowsUpdateClient Task=1 ThreadID=2612 TimeCreated=2018-01-03T11:08:39.325390338Z UserID=S-1-5-18 Version=1 serviceGuid=7971F918-A847-4430-9279-4A52D1EFE18D updateGuid=BBADC6E4-B242-42E1-85B8-DAA00DE9B745 updateRevisionNumber=201 updateTitle=Security Update for Windows 8.1 for x64-based Systems (KB3109560)
Jan 03 2018 11:08:39.325 IE11WIN8_1 CEF:1|Fox Forensics|Fox|0.0.0|100|Installation Successful: Windows successfully installed the following update: $1|3|Channel=System Computer=IE11WIN8_1 EventID=19 EventRecordID=556 Keywords=9223372036854775832 Level=4 Opcode=13 ProcessID=732 ProviderGuid=945A8954-C147-4ACD-923F-40C45405A658 ProviderName=Microsoft-Windows-WindowsUpdateClient Task=1 ThreadID=2612 TimeCreated=2018-01-03T11:08:39.325390338Z UserID=S-1-5-18 Version=1 serviceGuid=7971F918-A847-4430-9279-4A52D1EFE18D updateGuid=B0E45C86-0ACB-4A86-9C95-CEF5741FD13A updateRevisionNumber=201 updateTitle=Security Update for Windows 8.1 for x64-based Systems (KB3155178)
Jan 03 2018 11:08:39.325 IE11WIN8_1 CEF:1|Fox Forensics|Fox|0.0.0|100|Installation Successful: Windows successfully installed the following update: $1|3|Channel=System Computer=IE11WIN8_1 EventID=19 EventRecordID=539 Keywords=9223372036854775832 Level=4 Opcode=13 ProcessID=732 ProviderGuid=945A8954-C147-4ACD-923F-40C45405A658 ProviderName=Microsoft-Windows-WindowsUpdateClient Task=1 ThreadID=2612 TimeCreated=2018-01-03T11:08:39.325390338Z UserID=S-1-5-18 Version=1 serviceGuid=7971F918-A847-4430-9279-4A52D1EFE18D updateGuid=C63758D0-641D-4B39-BEE2-8C9F922D017C updateRevisionNumber=200 updateTitle=2017-12 Security Update for Adobe Flash Player for Windows 8.1 for x64-based Systems (KB4053577)
Jan 03 2018 11:08:39.325 IE11WIN8_1 CEF:1|Fox Forensics|Fox|0.0.0|100|Installation Successful: Windows successfully installed the following update: $1|3|Channel=System Computer=IE11WIN8_1 EventID=19 EventRecordID=578 Keywords=9223372036854775832 Level=4 Opcode=13 ProcessID=732 ProviderGuid=945A8954-C147-4ACD-923F-40C45405A658 ProviderName=Microsoft-Windows-WindowsUpdateClient Task=1 ThreadID=2612 TimeCreated=2018-01-03T11:08:39.325390338Z UserID=S-1-5-18 Version=1 serviceGuid=7971F918-A847-4430-9279-4A52D1EFE18D updateGuid=42741710-9A4C-46C6-A3CD-BBC844AE51CA updateRevisionNumber=201 updateTitle=Security Update for Windows 8.1 for x64-based Systems (KB3146723)
Jan 03 2018 11:08:39.325 IE11WIN8_1 CEF:1|Fox Forensics|Fox|0.0.0|100|Installation Successful: Windows successfully installed the following update: $1|3|Channel=System Computer=IE11WIN8_1 EventID=19 EventRecordID=602 Keywords=9223372036854775832 Level=4 Opcode=13 ProcessID=732 ProviderGuid=945A8954-C147-4ACD-923F-40C45405A658 ProviderName=Microsoft-Windows-WindowsUpdateClient Task=1 ThreadID=2612 TimeCreated=2018-01-03T11:08:39.325390338Z UserID=S-1-5-18 Version=1 serviceGuid=7971F918-A847-4430-9279-4A52D1EFE18D updateGuid=E5017E9B-D3C2-4825-B587-141BFDD48409 updateRevisionNumber=201 updateTitle=Security Update for Windows 8.1 for x64-based Systems (KB3108381)
Jan 03 2018 11:08:39.325 IE11WIN8_1 CEF:1|Fox Forensics|Fox|0.0.0|100|Installation Successful: Windows successfully installed the following update: $1|3|Channel=System Computer=IE11WIN8_1 EventID=19 EventRecordID=559 Keywords=9223372036854775832 Level=4 Opcode=13 ProcessID=732 ProviderGuid=945A8954-C147-4ACD-923F-40C45405A658 ProviderName=Microsoft-Windows-WindowsUpdateClient Task=1 ThreadID=2612 TimeCreated=2018-01-03T11:08:39.325390338Z UserID=S-1-5-18 Version=1 serviceGuid=7971F918-A847-4430-9279-4A52D1EFE18D updateGuid=878D697C-20BF-4B51-AEB9-D99F1CC0B4C4 updateRevisionNumber=201 updateTitle=Update for Windows 8.1 for x64-based Systems (KB3103709)
Jan 03 2018 11:08:39.325 IE11WIN8_1 CEF:1|Fox Forensics|Fox|0.0.0|100|Installation Successful: Windows successfully installed the following update: $1|3|Channel=System Computer=IE11WIN8_1 EventID=19 EventRecordID=572 Keywords=9223372036854775832 Level=4 Opcode=13 ProcessID=732 ProviderGuid=945A8954-C147-4ACD-923F-40C45405A658 ProviderName=Microsoft-Windows-WindowsUpdateClient Task=1 ThreadID=2612 TimeCreated=2018-01-03T11:08:39.325390338Z UserID=S-1-5-18 Version=1 serviceGuid=7971F918-A847-4430-9279-4A52D1EFE18D updateGuid=E9CD92DF-4A3A-46DA-A769-F23E06B1048D updateRevisionNumber=201 updateTitle=Update for Windows 8.1 for x64-based Systems (KB3109976)
Jan 03 2018 11:08:39.325 IE11WIN8_1 CEF:1|Fox Forensics|Fox|0.0.0|100|Installation Successful: Windows successfully installed the following update: $1|3|Channel=System Computer=IE11WIN8_1 EventID=19 EventRecordID=580 Keywords=9223372036854775832 Level=4 Opcode=13 ProcessID=732 ProviderGuid=945A8954-C147-4ACD-923F-40C45405A658 ProviderName=Microsoft-Windows-WindowsUpdateClient Task=1 ThreadID=2612 TimeCreated=2018-01-03T11:08:39.325390338Z UserID=S-1-5-18 Version=1 serviceGuid=7971F918-A847-4430-9279-4A52D1EFE18D updateGuid=1A9C7669-6345-4E49-90E8-A76493042176 updateRevisionNumber=201 updateTitle=Update for Windows 8.1 for x64-based Systems (KB3128650)
Jan 03 2018 11:08:39.325 IE11WIN8_1 CEF:1|Fox Forensics|Fox|0.0.0|100|Installation Successful: Windows successfully installed the following update: $1|3|Channel=System Computer=IE11WIN8_1 EventID=19 EventRecordID=575 Keywords=9223372036854775832 Level=4 Opcode=13 ProcessID=732 ProviderGuid=945A8954-C147-4ACD-923F-40C45405A658 ProviderName=Microsoft-Windows-WindowsUpdateClient Task=1 ThreadID=2612 TimeCreated=2018-01-03T11:08:39.325390338Z UserID=S-1-5-18 Version=1 serviceGuid=7971F918-A847-4430-9279-4A52D1EFE18D updateGuid=65F175C7-4151-4154-A8A0-BB05949EE2EE updateRevisionNumber=201 updateTitle=Update for Windows 8.1 for x64-based Systems (KB3137728)
Jan 03 2018 11:08:39.325 IE11WIN8_1 CEF:1|Fox Forensics|Fox|0.0.0|100|Installation Successful: Windows successfully installed the following update: $1|3|Channel=System Computer=IE11WIN8_1 EventID=19 EventRecordID=546 Keywords=9223372036854775832 Level=4 Opcode=13 ProcessID=732 ProviderGuid=945A8954-C147-4ACD-923F-40C45405A658 ProviderName=Microsoft-Windows-WindowsUpdateClient Task=1 ThreadID=2612 TimeCreated=2018-01-03T11:08:39.325390338Z UserID=S-1-5-18 Version=1 serviceGuid=7971F918-A847-4430-9279-4A52D1EFE18D updateGuid=1952045E-F9B0-4AE6-9F7E-28BB73FD0209 updateRevisionNumber=206 updateTitle=Update for Windows 8.1 for x64-based Systems (KB3179574)
Jan 03 2018 11:08:39.325 IE11WIN8_1 CEF:1|Fox Forensics|Fox|0.0.0|100|Installation Successful: Windows successfully installed the following update: $1|3|Channel=System Computer=IE11WIN8_1 EventID=19 EventRecordID=588 Keywords=9223372036854775832 Level=4 Opcode=13 ProcessID=732 ProviderGuid=945A8954-C147-4ACD-923F-40C45405A658 ProviderName=Microsoft-Windows-WindowsUpdateClient Task=1 ThreadID=2612 TimeCreated=2018-01-03T11:08:39.325390338Z UserID=S-1-5-18 Version=1 serviceGuid=7971F918-A847-4430-9279-4A52D1EFE18D updateGuid=D4072614-9A44-48CB-875D-6ACE5FBEB51C updateRevisionNumber=201 updateTitle=Security Update for Windows 8.1 for x64-based Systems (KB3138910)
Jan 03 2018 11:08:39.325 IE11WIN8_1 CEF:1|Fox Forensics|Fox|0.0.0|100|Installation Successful: Windows successfully installed the following update: $1|3|Channel=System Computer=IE11WIN8_1 EventID=19 EventRecordID=560 Keywords=9223372036854775832 Level=4 Opcode=13 ProcessID=732 ProviderGuid=945A8954-C147-4ACD-923F-40C45405A658 ProviderName=Microsoft-Windows-WindowsUpdateClient Task=1 ThreadID=2612 TimeCreated=2018-01-03T11:08:39.325390338Z UserID=S-1-5-18 Version=1 serviceGuid=7971F918-A847-4430-9279-4A52D1EFE18D updateGuid=CA852028-E516-4E3A-9713-ECDC74F8E888 updateRevisionNumber=201 updateTitle=Update for Windows 8.1 for x64-based Systems (KB3149157)
Jan 03 2018 11:08:39.325 IE11WIN8_1 CEF:1|Fox Forensics|Fox|0.0.0|100|Installation Successful: Windows successfully installed the following update: $1|3|Channel=System Computer=IE11WIN8_1 EventID=19 EventRecordID=553 Keywords=9223372036854775832 Level=4 Opcode=13 ProcessID=732 ProviderGuid=945A8954-C147-4ACD-923F-40C45405A658 ProviderName=Microsoft-Windows-WindowsUpdateClient Task=1 ThreadID=2612 TimeCreated=2018-01-03T11:08:39.325390338Z UserID=S-1-5-18 Version=1 serviceGuid=7971F918-A847-4430-9279-4A52D1EFE18D updateGuid=89945E0D-013C-4E3C-B058-1A3BE952E3B7 updateRevisionNumber=202 updateTitle=Security Update for Windows 8.1 for x64-based Systems (KB3161949)
Jan 03 2018 11:08:39.325 IE11WIN8_1 CEF:1|Fox Forensics|Fox|0.0.0|100|Installation Successful: Windows successfully installed the following update: $1|3|Channel=System Computer=IE11WIN8_1 EventID=19 EventRecordID=599 Keywords=9223372036854775832 Level=4 Opcode=13 ProcessID=732 ProviderGuid=945A8954-C147-4ACD-923F-40C45405A658 ProviderName=Microsoft-Windows-WindowsUpdateClient Task=1 ThreadID=2612 TimeCreated=2018-01-03T11:08:39.325390338Z UserID=S-1-5-18 Version=1 serviceGuid=7971F918-A847-4430-9279-4A52D1EFE18D updateGuid=B1757A5C-53EE-4F9F-8154-6C169E55D57F updateRevisionNumber=201 updateTitle=Update for Windows 8.1 for x64-based Systems (KB3099834)
Jan 03 2018 11:08:39.325 IE11WIN8_1 CEF:1|Fox Forensics|Fox|0.0.0|100|Installation Successful: Windows successfully installed the following update: $1|3|Channel=System Computer=IE11WIN8_1 EventID=19 EventRecordID=563 Keywords=9223372036854775832 Level=4 Opcode=13 ProcessID=732 ProviderGuid=945A8954-C147-4ACD-923F-40C45405A658 ProviderName=Microsoft-Windows-WindowsUpdateClient Task=1 ThreadID=2612 TimeCreated=2018-01-03T11:08:39.325390338Z UserID=S-1-5-18 Version=1 serviceGuid=7971F918-A847-4430-9279-4A52D1EFE18D updateGuid=734F6176-4B30-4028-992B-1B1656BBD9DA updateRevisionNumber=201 updateTitle=Update for Windows 8.1 for x64-based Systems (KB3103616)
Jan 03 2018 11:08:39.325 IE11WIN8_1 CEF:1|Fox Forensics|Fox|0.0.0|100|Installation Successful: Windows successfully installed the following update: $1|3|Channel=System Computer=IE11WIN8_1 EventID=19 EventRecordID=587 Keywords=9223372036854775832 Level=4 Opcode=13 ProcessID=732 ProviderGuid=945A8954-C147-4ACD-923F-40C45405A658 ProviderName=Microsoft-Windows-WindowsUpdateClient Task=1 ThreadID=2612 TimeCreated=2018-01-03T11:08:39.325390338Z UserID=S-1-5-18 Version=1 serviceGuid=7971F918-A847-4430-9279-4A52D1EFE18D updateGuid=0A35874F-ECC0-4A00-9AD1-ECCB9F5EED90 updateRevisionNumber=201 updateTitle=Security Update for Windows 8.1 for x64-based Systems (KB3138962)
Jan 03 2018 11:08:39.325 IE11WIN8_1 CEF:1|Fox Forensics|Fox|0.0.0|100|Installation Successful: Windows successfully installed the following update: $1|3|Channel=System Computer=IE11WIN8_1 EventID=19 EventRecordID=549 Keywords=9223372036854775832 Level=4 Opcode=13 ProcessID=732 ProviderGuid=945A8954-C147-4ACD-923F-40C45405A658 ProviderName=Microsoft-Windows-WindowsUpdateClient Task=1 ThreadID=2612 TimeCreated=2018-01-03T11:08:39.325390338Z UserID=S-1-5-18 Version=1 serviceGuid=7971F918-A847-4430-9279-4A52D1EFE18D updateGuid=CE2F651B-897E-4D9B-8637-8B235C3C9228 updateRevisionNumber=202 updateTitle=Update for Windows 8.1 for x64-based Systems (KB3161102)
Jan 03 2018 11:08:39.325 IE11WIN8_1 CEF:1|Fox Forensics|Fox|0.0.0|100|Installation Successful: Windows successfully installed the following update: $1|3|Channel=System Computer=IE11WIN8_1 EventID=19 EventRecordID=600 Keywords=9223372036854775832 Level=4 Opcode=13 ProcessID=732 ProviderGuid=945A8954-C147-4ACD-923F-40C45405A658 ProviderName=Microsoft-Windows-WindowsUpdateClient Task=1 ThreadID=2612 TimeCreated=2018-01-03T11:08:39.325390338Z UserID=S-1-5-18 Version=1 serviceGuid=7971F918-A847-4430-9279-4A52D1EFE18D updateGuid=ADDF3620-B112-4CB3-ACF5-1D48E73B899D updateRevisionNumber=201 updateTitle=Update for Windows 8.1 for x64-based Systems (KB3100956)
Jan 03 2018 11:08:39.325 IE11WIN8_1 CEF:1|Fox Forensics|Fox|0.0.0|100|Installation Successful: Windows successfully installed the following update: $1|3|Channel=System Computer=IE11WIN8_1 EventID=19 EventRecordID=561 Keywords=9223372036854775832 Level=4 Opcode=13 ProcessID=732 ProviderGuid=945A8954-C147-4ACD-923F-40C45405A658 ProviderName=Microsoft-Windows-WindowsUpdateClient Task=1 ThreadID=2612 TimeCreated=2018-01-03T11:08:39.325390338Z UserID=S-1-5-18 Version=1 serviceGuid=7971F918-A847-4430-9279-4A52D1EFE18D updateGuid=C1B8533B-17F9-4CCC-A469-A2DE5932BA12 updateRevisionNumber=201 updateTitle=Update for Windows 8.1 for x64-based Systems (KB3145384)
Jan 03 2018 11:08:39.325 IE11WIN8_1 CEF:1|Fox Forensics|Fox|0.0.0|100|Installation Successful: Windows successfully installed the following update: $1|3|Channel=System Computer=IE11WIN8_1 EventID=19 EventRecordID=557 Keywords=9223372036854775832 Level=4 Opcode=13 ProcessID=732 ProviderGuid=945A8954-C147-4ACD-923F-40C45405A658 ProviderName=Microsoft-Windows-WindowsUpdateClient Task=1 ThreadID=2612 TimeCreated=2018-01-03T11:08:39.325390338Z UserID=S-1-5-18 Version=1 serviceGuid=7971F918-A847-4430-9279-4A52D1EFE18D updateGuid=1988531E-C23D-4EE7-9461-6FCA037D7E32 updateRevisionNumber=201 updateTitle=Security Update for Windows 8.1 for x64-based Systems (KB3155784)
Jan 03 2018 11:08:39.325 IE11WIN8_1 CEF:1|Fox Forensics|Fox|0.0.0|100|Installation Successful: Windows successfully installed the following update: $1|3|Channel=System Computer=IE11WIN8_1 EventID=19 EventRecordID=562 Keywords=9223372036854775832 Level=4 Opcode=13 ProcessID=732 ProviderGuid=945A8954-C147-4ACD-923F-40C45405A658 ProviderName=Microsoft-Windows-WindowsUpdateClient Task=1 ThreadID=2612 TimeCreated=2018-01-03T11:08:39.325390338Z UserID=S-1-5-18 Version=1 serviceGuid=7971F918-A847-4430-9279-4A52D1EFE18D updateGuid=5CDA315F-2BDF-4364-97DA-D69C95187718 updateRevisionNumber=201 updateTitle=Update for Windows 8.1 for x64-based Systems (KB3146751)
Jan 03 2018 11:08:39.325 IE11WIN8_1 CEF:1|Fox Forensics|Fox|0.0.0|100|Installation Successful: Windows successfully installed the following update: $1|3|Channel=System Computer=IE11WIN8_1 EventID=19 EventRecordID=581 Keywords=9223372036854775832 Level=4 Opcode=13 ProcessID=732 ProviderGuid=945A8954-C147-4ACD-923F-40C45405A658 ProviderName=Microsoft-Windows-WindowsUpdateClient Task=1 ThreadID=2612 TimeCreated=2018-01-03T11:08:39.325390338Z UserID=S-1-5-18 Version=1 serviceGuid=7971F918-A847-4430-9279-4A52D1EFE18D updateGuid=B3AA28D2-E544-4D5F-9D41-C343D6C7EA80 updateRevisionNumber=201 updateTitle=Update for Windows 8.1 for x64-based Systems (KB3121261)
Jan 03 2018 11:08:39.325 IE11WIN8_1 CEF:1|Fox Forensics|Fox|0.0.0|100|Installation Successful: Windows successfully installed the following update: $1|3|Channel=System Computer=IE11WIN8_1 EventID=19 EventRecordID=541 Keywords=9223372036854775832 Level=4 Opcode=13 ProcessID=732 ProviderGuid=945A8954-C147-4ACD-923F-40C45405A658 ProviderName=Microsoft-Windows-WindowsUpdateClient Task=1 ThreadID=2612 TimeCreated=2018-01-03T11:08:39.325390338Z UserID=S-1-5-18 Version=1 serviceGuid=7971F918-A847-4430-9279-4A52D1EFE18D updateGuid=2E01D6B0-A97A-445B-904C-D440A7F5C3B5 updateRevisionNumber=202 updateTitle=Update for Windows 8.1 for x64-based Systems (KB2976978)
Jan 03 2018 11:08:39.325 IE11WIN8_1 CEF:1|Fox Forensics|Fox|0.0.0|100|Installation Successful: Windows successfully installed the following update: $1|3|Channel=System Computer=IE11WIN8_1 EventID=19 EventRecordID=603 Keywords=9223372036854775832 Level=4 Opcode=13 ProcessID=732 ProviderGuid=945A8954-C147-4ACD-923F-40C45405A658 ProviderName=Microsoft-Windows-WindowsUpdateClient Task=1 ThreadID=2612 TimeCreated=2018-01-03T11:08:39.325390338Z UserID=S-1-5-18 Version=1 serviceGuid=7971F918-A847-4430-9279-4A52D1EFE18D updateGuid=FA8B1451-89AD-44EA-AD22-D14AC8106AD3 updateRevisionNumber=203 updateTitle=Security Update for Microsoft .NET Framework 4.5.1 and 4.5.2 for Windows 8.1 for x64-based Systems (KB3097997)
Jan 03 2018 11:08:39.325 IE11WIN8_1 CEF:1|Fox Forensics|Fox|0.0.0|100|Installation Successful: Windows successfully installed the following update: $1|3|Channel=System Computer=IE11WIN8_1 EventID=19 EventRecordID=569 Keywords=9223372036854775832 Level=4 Opcode=13 ProcessID=732 ProviderGuid=945A8954-C147-4ACD-923F-40C45405A658 ProviderName=Microsoft-Windows-WindowsUpdateClient Task=1 ThreadID=2612 TimeCreated=2018-01-03T11:08:39.325390338Z UserID=S-1-5-18 Version=1 serviceGuid=7971F918-A847-4430-9279-4A52D1EFE18D updateGuid=803A1E82-5833-49E9-9CED-634F9307E1DB updateRevisionNumber=201 updateTitle=Update for Windows 8.1 for x64-based Systems (KB3133690)
Jan 03 2018 11:08:39.325 IE11WIN8_1 CEF:1|Fox Forensics|Fox|0.0.0|100|Installation Successful: Windows successfully installed the following update: $1|3|Channel=System Computer=IE11WIN8_1 EventID=19 EventRecordID=604 Keywords=9223372036854775832 Level=4 Opcode=13 ProcessID=732 ProviderGuid=945A8954-C147-4ACD-923F-40C45405A658 ProviderName=Microsoft-Windows-WindowsUpdateClient Task=1 ThreadID=2612 TimeCreated=2018-01-03T11:08:39.325390338Z UserID=S-1-5-18 Version=1 serviceGuid=7971F918-A847-4430-9279-4A52D1EFE18D updateGuid=760B2119-C55C-48C4-89E0-D57A6C7F456B updateRevisionNumber=202 updateTitle=Security Update for Microsoft .NET Framework 4.5.1 and 4.5.2 on Windows 8.1 and Windows Server 2012 R2 x64-based Systems (KB3098779)
Jan 03 2018 11:08:39.325 IE11WIN8_1 CEF:1|Fox Forensics|Fox|0.0.0|100|Installation Successful: Windows successfully installed the following update: $1|3|Channel=System Computer=IE11WIN8_1 EventID=19 EventRecordID=567 Keywords=9223372036854775832 Level=4 Opcode=13 ProcessID=732 ProviderGuid=945A8954-C147-4ACD-923F-40C45405A658 ProviderName=Microsoft-Windows-WindowsUpdateClient Task=1 ThreadID=2612 TimeCreated=2018-01-03T11:08:39.325390338Z UserID=S-1-5-18 Version=1 serviceGuid=7971F918-A847-4430-9279-4A52D1EFE18D updateGuid=8C8BA576-FF2A-49C0-9C48-AA75D0D4C881 updateRevisionNumber=201 updateTitle=Update for Windows 8.1 for x64-based Systems (KB3100473)
Jan 03 2018 11:08:39.340 IE11WIN8_1 CEF:1|Fox Forensics|Fox|0.0.0|100|Installation Successful: Windows successfully installed the following update: $1|3|Channel=System Computer=IE11WIN8_1 EventID=19 EventRecordID=673 Keywords=9223372036854775832 Level=4 Opcode=13 ProcessID=732 ProviderGuid=945A8954-C147-4ACD-923F-40C45405A658 ProviderName=Microsoft-Windows-WindowsUpdateClient Task=1 ThreadID=2612 TimeCreated=2018-01-03T11:08:39.340975999Z UserID=S-1-5-18 Version=1 serviceGuid=7971F918-A847-4430-9279-4A52D1EFE18D updateGuid=297E8914-D31F-4A9B-B058-FD8678D520C6 updateRevisionNumber=203 updateTitle=Update for Windows 8.1 for x64-based Systems (KB3013531)
Jan 03 2018 11:08:39.340 IE11WIN8_1 CEF:1|Fox Forensics|Fox|0.0.0|100|Installation Successful: Windows successfully installed the following update: $1|3|Channel=System Computer=IE11WIN8_1 EventID=19 EventRecordID=635 Keywords=9223372036854775832 Level=4 Opcode=13 ProcessID=732 ProviderGuid=945A8954-C147-4ACD-923F-40C45405A658 ProviderName=Microsoft-Windows-WindowsUpdateClient Task=1 ThreadID=2612 TimeCreated=2018-01-03T11:08:39.340975999Z UserID=S-1-5-18 Version=1 serviceGuid=7971F918-A847-4430-9279-4A52D1EFE18D updateGuid=87601109-6FE6-478D-AADA-9BA4AD7089AB updateRevisionNumber=200 updateTitle=Update for Windows 8.1 for x64-based Systems (KB3072019)
Jan 03 2018 11:08:39.340 IE11WIN8_1 CEF:1|Fox Forensics|Fox|0.0.0|100|Installation Successful: Windows successfully installed the following update: $1|3|Channel=System Computer=IE11WIN8_1 EventID=19 EventRecordID=610 Keywords=9223372036854775832 Level=4 Opcode=13 ProcessID=732 ProviderGuid=945A8954-C147-4ACD-923F-40C45405A658 ProviderName=Microsoft-Windows-WindowsUpdateClient Task=1 ThreadID=2612 TimeCreated=2018-01-03T11:08:39.340975999Z UserID=S-1-5-18 Version=1 serviceGuid=7971F918-A847-4430-9279-4A52D1EFE18D updateGuid=00B814C1-3C62-4606-8D8D-08BEDEDA6649 updateRevisionNumber=201 updateTitle=Update for Windows 8.1 for x64-based Systems (KB3091297)
Jan 03 2018 11:08:39.340 IE11WIN8_1 CEF:1|Fox Forensics|Fox|0.0.0|100|Installation Successful: Windows successfully installed the following update: $1|3|Channel=System Computer=IE11WIN8_1 EventID=19 EventRecordID=616 Keywords=9223372036854775832 Level=4 Opcode=13 ProcessID=732 ProviderGuid=945A8954-C147-4ACD-923F-40C45405A658 ProviderName=Microsoft-Windows-WindowsUpdateClient Task=1 ThreadID=2612 TimeCreated=2018-01-03T11:08:39.340975999Z UserID=S-1-5-18 Version=1 serviceGuid=7971F918-A847-4430-9279-4A52D1EFE18D updateGuid=0E65F50E-1550-411D-A9F7-BB36B3178A46 updateRevisionNumber=201 updateTitle=Update for Windows 8.1 for x64-based Systems (KB3080800)
Jan 03 2018 11:08:39.340 IE11WIN8_1 CEF:1|Fox Forensics|Fox|0.0.0|100|Installation Successful: Windows successfully installed the following update: $1|3|Channel=System Computer=IE11WIN8_1 EventID=19 EventRecordID=708 Keywords=9223372036854775832 Level=4 Opcode=13 ProcessID=732 ProviderGuid=945A8954-C147-4ACD-923F-40C45405A658 ProviderName=Microsoft-Windows-WindowsUpdateClient Task=1 ThreadID=2612 TimeCreated=2018-01-03T11:08:39.340975999Z UserID=S-1-5-18 Version=1 serviceGuid=7971F918-A847-4430-9279-4A52D1EFE18D updateGuid=15D2ED04-1EB8-4E57-9E87-04C53FF227A0 updateRevisionNumber=203 updateTitle=Security Update for Microsoft .NET Framework 4.5.1 on Windows 8.1 and Windows Server 2012 R2 for x64-based Systems (KB2894856)
Jan 03 2018 11:08:39.340 IE11WIN8_1 CEF:1|Fox Forensics|Fox|0.0.0|100|Installation Successful: Windows successfully installed the following update: $1|3|Channel=System Computer=IE11WIN8_1 EventID=19 EventRecordID=675 Keywords=9223372036854775832 Level=4 Opcode=13 ProcessID=732 ProviderGuid=945A8954-C147-4ACD-923F-40C45405A658 ProviderName=Microsoft-Windows-WindowsUpdateClient Task=1 ThreadID=2612 TimeCreated=2018-01-03T11:08:39.340975999Z UserID=S-1-5-18 Version=1 serviceGuid=7971F918-A847-4430-9279-4A52D1EFE18D updateGuid=E64D8415-BB4A-438E-A7BA-1247B223177F updateRevisionNumber=201 updateTitle=Security Update for Windows 8.1 for x64-based Systems (KB3045685)
Jan 03 2018 11:08:39.340 IE11WIN8_1 CEF:1|Fox Forensics|Fox|0.0.0|100|Installation Successful: Windows successfully installed the following update: $1|3|Channel=System Computer=IE11WIN8_1 EventID=19 EventRecordID=634 Keywords=9223372036854775832 Level=4 Opcode=13 ProcessID=732 ProviderGuid=945A8954-C147-4ACD-923F-40C45405A658 ProviderName=Microsoft-Windows-WindowsUpdateClient Task=1 ThreadID=2612 TimeCreated=2018-01-03T11:08:39.340975999Z UserID=S-1-5-18 Version=1 serviceGuid=7971F918-A847-4430-9279-4A52D1EFE18D updateGuid=2F99B838-0571-4E02-8708-7EE7D0B2B4FE updateRevisionNumber=202 updateTitle=Update for Windows 8.1 for x64-based Systems (KB3055343)
Jan 03 2018 11:08:39.340 IE11WIN8_1 CEF:1|Fox Forensics|Fox|0.0.0|100|Installation Successful: Windows successfully installed the following update: $1|3|Channel=System Computer=IE11WIN8_1 EventID=19 EventRecordID=649 Keywords=9223372036854775832 Level=4 Opcode=13 ProcessID=732 ProviderGuid=945A8954-C147-4ACD-923F-40C45405A658 ProviderName=Microsoft-Windows-WindowsUpdateClient Task=1 ThreadID=2612 TimeCreated=2018-01-03T11:08:39.340975999Z UserID=S-1-5-18 Version=1 serviceGuid=7971F918-A847-4430-9279-4A52D1EFE18D updateGuid=C904F221-8127-4059-93F0-94D268249F5A updateRevisionNumber=201 updateTitle=Security Update for Windows 8.1 for x64-based Systems (KB3062760)
Jan 03 2018 11:08:39.340 IE11WIN8_1 CEF:1|Fox Forensics|Fox|0.0.0|100|Installation Successful: Windows successfully installed the following update: $1|3|Channel=System Computer=IE11WIN8_1 EventID=19 EventRecordID=622 Keywords=9223372036854775832 Level=4 Opcode=13 ProcessID=732 ProviderGuid=945A8954-C147-4ACD-923F-40C45405A658 ProviderName=Microsoft-Windows-WindowsUpdateClient Task=1 ThreadID=2612 TimeCreated=2018-01-03T11:08:39.340975999Z UserID=S-1-5-18 Version=1 serviceGuid=7971F918-A847-4430-9279-4A52D1EFE18D updateGuid=9143CBAA-CC44-427F-A88A-2A788A65EFB2 updateRevisionNumber=202 updateTitle=Security Update for Microsoft .NET Framework 4.5.1 and 4.5.2 on Windows 8.1 and Windows Server 2012 R2 x64-based Systems (KB3074228)
Jan 03 2018 11:08:39.340 IE11WIN8_1 CEF:1|Fox Forensics|Fox|0.0.0|100|Installation Successful: Windows successfully installed the following update: $1|3|Channel=System Computer=IE11WIN8_1 EventID=19 EventRecordID=667 Keywords=9223372036854775832 Level=4 Opcode=13 ProcessID=732 ProviderGuid=945A8954-C147-4ACD-923F-40C45405A658 ProviderName=Microsoft-Windows-WindowsUpdateClient Task=1 ThreadID=2612 TimeCreated=2018-01-03T11:08:39.340975999Z UserID=S-1-5-18 Version=1 serviceGuid=7971F918-A847-4430-9279-4A52D1EFE18D updateGuid=BA9A5F6E-76FE-428E-91B9-76EB5907892A updateRevisionNumber=201 updateTitle=Update for Windows 8.1 for x64-based Systems (KB3045992)
Jan 03 2018 11:08:39.340 IE11WIN8_1 CEF:1|Fox Forensics|Fox|0.0.0|100|Installation Successful: Windows successfully installed the following update: $1|3|Channel=System Computer=IE11WIN8_1 EventID=19 EventRecordID=665 Keywords=9223372036854775832 Level=4 Opcode=13 ProcessID=732 ProviderGuid=945A8954-C147-4ACD-923F-40C45405A658 ProviderName=Microsoft-Windows-WindowsUpdateClient Task=1 ThreadID=2612 TimeCreated=2018-01-03T11:08:39.340975999Z UserID=S-1-5-18 Version=1 serviceGuid=7971F918-A847-4430-9279-4A52D1EFE18D updateGuid=0EBD3E32-92E1-4C9C-BC44-D75801DC8264 updateRevisionNumber=201 updateTitle=Update for Windows 8.1 for x64-based Systems (KB3033446)
Jan 03 2018 11:08:39.340 IE11WIN8_1 CEF:1|Fox Forensics|Fox|0.0.0|100|Installation Successful: Windows successfully installed the following update: $1|3|Channel=System Computer=IE11WIN8_1 EventID=19 EventRecordID=625 Keywords=9223372036854775832 Level=4 Opcode=13 ProcessID=732 ProviderGuid=945A8954-C147-4ACD-923F-40C45405A658 ProviderName=Microsoft-Windows-WindowsUpdateClient Task=1 ThreadID=2612 TimeCreated=2018-01-03T11:08:39.340975999Z UserID=S-1-5-18 Version=1 serviceGuid=7971F918-A847-4430-9279-4A52D1EFE18D updateGuid=48CAB368-40FB-404A-91F5-7A06D5D79917 updateRevisionNumber=201 updateTitle=Security Update for Windows 8.1 for x64-based Systems (KB3082089)
Jan 03 2018 11:08:39.340 IE11WIN8_1 CEF:1|Fox Forensics|Fox|0.0.0|100|Installation Successful: Windows successfully installed the following update: $1|3|Channel=System Computer=IE11WIN8_1 EventID=19 EventRecordID=656 Keywords=9223372036854775832 Level=4 Opcode=13 ProcessID=732 ProviderGuid=945A8954-C147-4ACD-923F-40C45405A658 ProviderName=Microsoft-Windows-WindowsUpdateClient Task=1 ThreadID=2612 TimeCreated=2018-01-03T11:08:39.340975999Z UserID=S-1-5-18 Version=1 serviceGuid=7971F918-A847-4430-9279-4A52D1EFE18D updateGuid=A40ADF79-6638-4621-9021-54CDF7ECC459 updateRevisionNumber=201 updateTitle=Security Update for Windows 8.1 for x64-based Systems (KB3055642)
Jan 03 2018 11:08:39.340 IE11WIN8_1 CEF:1|Fox Forensics|Fox|0.0.0|100|Installation Successful: Windows successfully installed the following update: $1|3|Channel=System Computer=IE11WIN8_1 EventID=19 EventRecordID=669 Keywords=9223372036854775832 Level=4 Opcode=13 ProcessID=732 ProviderGuid=945A8954-C147-4ACD-923F-40C45405A658 ProviderName=Microsoft-Windows-WindowsUpdateClient Task=1 ThreadID=2612 TimeCreated=2018-01-03T11:08:39.340975999Z UserID=S-1-5-18 Version=1 serviceGuid=7971F918-A847-4430-9279-4A52D1EFE18D updateGuid=81175BA8-DA9F-46F5-BE66-D02900596D0D updateRevisionNumber=201 updateTitle=Update for Windows 8.1 for x64-based Systems (KB3054169)
Jan 03 2018 11:08:39.340 IE11WIN8_1 CEF:1|Fox Forensics|Fox|0.0.0|100|Installation Successful: Windows successfully installed the following update: $1|3|Channel=System Computer=IE11WIN8_1 EventID=19 EventRecordID=623 Keywords=9223372036854775832 Level=4 Opcode=13 ProcessID=732 ProviderGuid=945A8954-C147-4ACD-923F-40C45405A658 ProviderName=Microsoft-Windows-WindowsUpdateClient Task=1 ThreadID=2612 TimeCreated=2018-01-03T11:08:39.340975999Z UserID=S-1-5-18 Version=1 serviceGuid=7971F918-A847-4430-9279-4A52D1EFE18D updateGuid=C077F0CB-FB30-4926-AB3D-14471EB7AD58 updateRevisionNumber=200 updateTitle=Update for Windows 8.1 for x64-based Systems (KB3092627)
Jan 03 2018 11:08:39.340 IE11WIN8_1 CEF:1|Fox Forensics|Fox|0.0.0|100|Installation Successful: Windows successfully installed the following update: $1|3|Channel=System Computer=IE11WIN8_1 EventID=19 EventRecordID=664 Keywords=9223372036854775832 Level=4 Opcode=13 ProcessID=732 ProviderGuid=945A8954-C147-4ACD-923F-40C45405A658 ProviderName=Microsoft-Windows-WindowsUpdateClient Task=1 ThreadID=2612 TimeCreated=2018-01-03T11:08:39.340975999Z UserID=S-1-5-18 Version=1 serviceGuid=7971F918-A847-4430-9279-4A52D1EFE18D updateGuid=C180E2E7-48DA-4A4D-9A2F-88C2128EC224 updateRevisionNumber=201 updateTitle=Update for Windows 8.1 for x64-based Systems (KB3015696)
Jan 03 2018 11:08:39.340 IE11WIN8_1 CEF:1|Fox Forensics|Fox|0.0.0|100|Installation Successful: Windows successfully installed the following update: $1|3|Channel=System Computer=IE11WIN8_1 EventID=19 EventRecordID=652 Keywords=9223372036854775832 Level=4 Opcode=13 ProcessID=732 ProviderGuid=945A8954-C147-4ACD-923F-40C45405A658 ProviderName=Microsoft-Windows-WindowsUpdateClient Task=1 ThreadID=2612 TimeCreated=2018-01-03T11:08:39.340975999Z UserID=S-1-5-18 Version=1 serviceGuid=7971F918-A847-4430-9279-4A52D1EFE18D updateGuid=4A5C204E-DE60-484E-9DDA-07C8EDAC57C5 updateRevisionNumber=201 updateTitle=Update for Windows 8.1 for x64-based Systems (KB3054464)
Jan 03 2018 11:08:39.340 IE11WIN8_1 CEF:1|Fox Forensics|Fox|0.0.0|100|Installation Successful: Windows successfully installed the following update: $1|3|Channel=System Computer=IE11WIN8_1 EventID=19 EventRecordID=642 Keywords=9223372036854775832 Level=4 Opcode=13 ProcessID=732 ProviderGuid=945A8954-C147-4ACD-923F-40C45405A658 ProviderName=Microsoft-Windows-WindowsUpdateClient Task=1 ThreadID=2612 TimeCreated=2018-01-03T11:08:39.340975999Z UserID=S-1-5-18 Version=1 serviceGuid=7971F918-A847-4430-9279-4A52D1EFE18D updateGuid=3E7F0EFC-8DB3-4D58-B67D-565F50F6F5E9 updateRevisionNumber=201 updateTitle=Update for Windows 8.1 for x64-based Systems (KB3053863)
