{"ecs":{"version":"9.1.0"},"agent":{"type":"fox","version":"0.0.0"},"host":{"hostname":"IACIS-HDD-2014"},"user":{},"event":{"id":"1960","kind":"event","module":"eventlog","dataset":"eventlog.Security","severity":10,"provider":"Microsoft-Windows-Security-Auditing","original":"{\"time\":\"2014-01-25T13:53:32.8662815Z\",\"host\":\"IACIS-HDD-2014\",\"message\":\"A logon was attempted using explicit credentials\",\"severity\":10,\"sequence\":\"1960\",\"source\":\"eventlog\",\"category\":\"Security\",\"service\":\"Microsoft-Windows-Security-Auditing\",\"fields\":{\"Channel\":\"Security\",\"Computer\":\"IACIS-HDD-2014\",\"EventID\":\"4648\",\"EventRecordID\":\"1960\",\"IpAddress\":\"127.0.0.1\",\"IpPort\":\"0\",\"Keywords\":\"9232379236109516800\",\"Level\":\"0\",\"LogonGuid\":\"00000000-0000-0000-0000-000000000000\",\"Opcode\":\"0\",\"ProcessID\":\"488\",\"ProcessId\":\"460\",\"ProcessName\":\"C:\\\\Windows\\\\System32\\\\winlogon.exe\",\"ProviderGuid\":\"54849625-5478-4994-A5BA-3E3B0328C30D\",\"ProviderName\":\"Microsoft-Windows-Security-Auditing\",\"SubjectDomainName\":\"WORKGROUP\",\"SubjectLogonId\":\"999\",\"SubjectUserName\":\"IACIS-HDD-2014$\",\"SubjectUserSid\":\"S-1-5-18\",\"TargetDomainName\":\"IACIS-HDD-2014\",\"TargetInfo\":\"localhost\",\"TargetLogonGuid\":\"00000000-0000-0000-0000-000000000000\",\"TargetServerName\":\"localhost\",\"TargetUserName\":\"BillyBob\",\"Task\":\"12544\",\"ThreadID\":\"556\",\"TimeCreated\":\"2014-01-25T13:53:32.866281509Z\",\"Version\":\"0\"}}","hash":"77ea6218a05e106c","code":"4648"},"labels":{"Channel":"Security","Computer":"IACIS-HDD-2014","EventID":"4648","EventRecordID":"1960","IpAddress":"127.0.0.1","IpPort":"0","Keywords":"9232379236109516800","Level":"0","LogonGuid":"00000000-0000-0000-0000-000000000000","Opcode":"0","ProcessID":"488","ProcessId":"460","ProcessName":"C:\\Windows\\System32\\winlogon.exe","ProviderGuid":"54849625-5478-4994-A5BA-3E3B0328C30D","ProviderName":"Microsoft-Windows-Security-Auditing","SubjectDomainName":"WORKGROUP","SubjectLogonId":"999","SubjectUserName":"IACIS-HDD-2014$","SubjectUserSid":"S-1-5-18","TargetDomainName":"IACIS-HDD-2014","TargetInfo":"localhost","TargetLogonGuid":"00000000-0000-0000-0000-000000000000","TargetServerName":"localhost","TargetUserName":"BillyBob","Task":"12544","ThreadID":"556","TimeCreated":"2014-01-25T13:53:32.866281509Z","Version":"0"},"@timestamp":"2014-01-25T13:53:32.8662815Z","message":"A logon was attempted using explicit credentials"}
{"ecs":{"version":"9.1.0"},"agent":{"type":"fox","version":"0.0.0"},"host":{"hostname":"IACIS-HDD-2014"},"user":{},"event":{"id":"1961","kind":"event","module":"eventlog","dataset":"eventlog.Security","severity":10,"provider":"Microsoft-Windows-Security-Auditing","original":"{\"time\":\"2014-01-25T13:53:32.8662815Z\",\"host\":\"IACIS-HDD-2014\",\"message\":\"An account was successfully logged on\",\"severity\":10,\"sequence\":\"1961\",\"source\":\"eventlog\",\"category\":\"Security\",\"service\":\"Microsoft-Windows-Security-Auditing\",\"fields\":{\"AuthenticationPackageName\":\"Negotiate\",\"Channel\":\"Security\",\"Computer\":\"IACIS-HDD-2014\",\"EventID\":\"4624\",\"EventRecordID\":\"1961\",\"IpAddress\":\"127.0.0.1\",\"IpPort\":\"0\",\"KeyLength\":\"0\",\"Keywords\":\"9232379236109516800\",\"Level\":\"0\",\"LmPackageName\":\"-\",\"LogonGuid\":\"00000000-0000-0000-0000-000000000000\",\"LogonProcessName\":\"User32 \",\"LogonType\":\"2\",\"Opcode\":\"0\",\"ProcessID\":\"488\",\"ProcessId\":\"460\",\"ProcessName\":\"C:\\\\Windows\\\\System32\\\\winlogon.exe\",\"ProviderGuid\":\"54849625-5478-4994-A5BA-3E3B0328C30D\",\"ProviderName\":\"Microsoft-Windows-Security-Auditing\",\"SubjectDomainName\":\"WORKGROUP\",\"SubjectLogonId\":\"999\",\"SubjectUserName\":\"IACIS-HDD-2014$\",\"SubjectUserSid\":\"S-1-5-18\",\"TargetDomainName\":\"IACIS-HDD-2014\",\"TargetLogonId\":\"145175\",\"TargetUserName\":\"BillyBob\",\"TargetUserSid\":\"S-1-5-21-1171287513-3642516788-2358256967-1001\",\"Task\":\"12544\",\"ThreadID\":\"556\",\"TimeCreated\":\"2014-01-25T13:53:32.866281509Z\",\"TransmittedServices\":\"-\",\"Version\":\"0\",\"WorkstationName\":\"IACIS-HDD-2014\"}}","hash":"0930735ab52181e8","code":"4624"},"labels":{"AuthenticationPackageName":"Negotiate","Channel":"Security","Computer":"IACIS-HDD-2014","EventID":"4624","EventRecordID":"1961","IpAddress":"127.0.0.1","IpPort":"0","KeyLength":"0","Keywords":"9232379236109516800","Level":"0","LmPackageName":"-","LogonGuid":"00000000-0000-0000-0000-000000000000","LogonProcessName":"User32 ","LogonType":"2","Opcode":"0","ProcessID":"488","ProcessId":"460","ProcessName":"C:\\Windows\\System32\\winlogon.exe","ProviderGuid":"54849625-5478-4994-A5BA-3E3B0328C30D","ProviderName":"Microsoft-Windows-Security-Auditing","SubjectDomainName":"WORKGROUP","SubjectLogonId":"999","SubjectUserName":"IACIS-HDD-2014$","SubjectUserSid":"S-1-5-18","TargetDomainName":"IACIS-HDD-2014","TargetLogonId":"145175","TargetUserName":"BillyBob","TargetUserSid":"S-1-5-21-1171287513-3642516788-2358256967-1001","Task":"12544","ThreadID":"556","TimeCreated":"2014-01-25T13:53:32.866281509Z","TransmittedServices":"-","Version":"0","WorkstationName":"IACIS-HDD-2014"},"@timestamp":"2014-01-25T13:53:32.8662815Z","message":"An account was successfully logged on"}
{"ecs":{"version":"9.1.0"},"agent":{"type":"fox","version":"0.0.0"},"host":{"hostname":"IACIS-HDD-2014"},"user":{},"event":{"id":"1964","kind":"event","module":"eventlog","dataset":"eventlog.Security","severity":10,"provider":"Microsoft-Windows-Security-Auditing","original":"{\"time\":\"2014-01-25T13:53:43.9569008Z\",\"host\":\"IACIS-HDD-2014\",\"message\":\"An account was successfully logged on\",\"severity\":10,\"sequence\":\"1964\",\"source\":\"eventlog\",\"category\":\"Security\",\"service\":\"Microsoft-Windows-Security-Auditing\",\"fields\":{\"AuthenticationPackageName\":\"Negotiate\",\"Channel\":\"Security\",\"Computer\":\"IACIS-HDD-2014\",\"EventID\":\"4624\",\"EventRecordID\":\"1964\",\"IpAddress\":\"-\",\"IpPort\":\"-\",\"KeyLength\":\"0\",\"Keywords\":\"9232379236109516800\",\"Level\":\"0\",\"LmPackageName\":\"-\",\"LogonGuid\":\"00000000-0000-0000-0000-000000000000\",\"LogonProcessName\":\"Advapi  \",\"LogonType\":\"5\",\"Opcode\":\"0\",\"ProcessID\":\"488\",\"ProcessId\":\"428\",\"ProcessName\":\"C:\\\\Windows\\\\System32\\\\services.exe\",\"ProviderGuid\":\"54849625-5478-4994-A5BA-3E3B0328C30D\",\"ProviderName\":\"Microsoft-Windows-Security-Auditing\",\"SubjectDomainName\":\"WORKGROUP\",\"SubjectLogonId\":\"999\",\"SubjectUserName\":\"IACIS-HDD-2014$\",\"SubjectUserSid\":\"S-1-5-18\",\"TargetDomainName\":\"NT AUTHORITY\",\"TargetLogonId\":\"999\",\"TargetUserName\":\"SYSTEM\",\"TargetUserSid\":\"S-1-5-18\",\"Task\":\"12544\",\"ThreadID\":\"804\",\"TimeCreated\":\"2014-01-25T13:53:43.956900835Z\",\"TransmittedServices\":\"-\",\"Version\":\"0\",\"WorkstationName\":\"\"}}","hash":"626d6529462f7df4","code":"4624"},"labels":{"AuthenticationPackageName":"Negotiate","Channel":"Security","Computer":"IACIS-HDD-2014","EventID":"4624","EventRecordID":"1964","IpAddress":"-","IpPort":"-","KeyLength":"0","Keywords":"9232379236109516800","Level":"0","LmPackageName":"-","LogonGuid":"00000000-0000-0000-0000-000000000000","LogonProcessName":"Advapi  ","LogonType":"5","Opcode":"0","ProcessID":"488","ProcessId":"428","ProcessName":"C:\\Windows\\System32\\services.exe","ProviderGuid":"54849625-5478-4994-A5BA-3E3B0328C30D","ProviderName":"Microsoft-Windows-Security-Auditing","SubjectDomainName":"WORKGROUP","SubjectLogonId":"999","SubjectUserName":"IACIS-HDD-2014$","SubjectUserSid":"S-1-5-18","TargetDomainName":"NT AUTHORITY","TargetLogonId":"999","TargetUserName":"SYSTEM","TargetUserSid":"S-1-5-18","Task":"12544","ThreadID":"804","TimeCreated":"2014-01-25T13:53:43.956900835Z","TransmittedServices":"-","Version":"0","WorkstationName":""},"@timestamp":"2014-01-25T13:53:43.9569008Z","message":"An account was successfully logged on"}
{"ecs":{"version":"9.1.0"},"agent":{"type":"fox","version":"0.0.0"},"host":{"hostname":"IACIS-HDD-2014"},"user":{},"event":{"id":"1965","kind":"event","module":"eventlog","dataset":"eventlog.Security","severity":10,"provider":"Microsoft-Windows-Security-Auditing","original":"{\"time\":\"2014-01-25T13:53:43.9569008Z\",\"host\":\"IACIS-HDD-2014\",\"message\":\"Special privileges assigned to new logon\",\"severity\":10,\"sequence\":\"1965\",\"source\":\"eventlog\",\"category\":\"Security\",\"service\":\"Microsoft-Windows-Security-Auditing\",\"fields\":{\"Channel\":\"Security\",\"Computer\":\"IACIS-HDD-2014\",\"EventID\":\"4672\",\"EventRecordID\":\"1965\",\"Keywords\":\"9232379236109516800\",\"Level\":\"0\",\"Opcode\":\"0\",\"PrivilegeList\":\"SeAssignPrimaryTokenPrivilege\\r\\n\\t\\t\\tSeTcbPrivilege\\r\\n\\t\\t\\tSeSecurityPrivilege\\r\\n\\t\\t\\tSeTakeOwnershipPrivilege\\r\\n\\t\\t\\tSeLoadDriverPrivilege\\r\\n\\t\\t\\tSeBackupPrivilege\\r\\n\\t\\t\\tSeRestorePrivilege\\r\\n\\t\\t\\tSeDebugPrivilege\\r\\n\\t\\t\\tSeAuditPrivilege\\r\\n\\t\\t\\tSeSystemEnvironmentPrivilege\\r\\n\\t\\t\\tSeImpersonatePrivilege\",\"ProcessID\":\"488\",\"ProviderGuid\":\"54849625-5478-4994-A5BA-3E3B0328C30D\",\"ProviderName\":\"Microsoft-Windows-Security-Auditing\",\"SubjectDomainName\":\"NT AUTHORITY\",\"SubjectLogonId\":\"999\",\"SubjectUserName\":\"SYSTEM\",\"SubjectUserSid\":\"S-1-5-18\",\"Task\":\"12548\",\"ThreadID\":\"804\",\"TimeCreated\":\"2014-01-25T13:53:43.956900835Z\",\"Version\":\"0\"}}","hash":"7917653300dea302","code":"4672"},"labels":{"Channel":"Security","Computer":"IACIS-HDD-2014","EventID":"4672","EventRecordID":"1965","Keywords":"9232379236109516800","Level":"0","Opcode":"0","PrivilegeList":"SeAssignPrimaryTokenPrivilege\r\n\t\t\tSeTcbPrivilege\r\n\t\t\tSeSecurityPrivilege\r\n\t\t\tSeTakeOwnershipPrivilege\r\n\t\t\tSeLoadDriverPrivilege\r\n\t\t\tSeBackupPrivilege\r\n\t\t\tSeRestorePrivilege\r\n\t\t\tSeDebugPrivilege\r\n\t\t\tSeAuditPrivilege\r\n\t\t\tSeSystemEnvironmentPrivilege\r\n\t\t\tSeImpersonatePrivilege","ProcessID":"488","ProviderGuid":"54849625-5478-4994-A5BA-3E3B0328C30D","ProviderName":"Microsoft-Windows-Security-Auditing","SubjectDomainName":"NT AUTHORITY","SubjectLogonId":"999","SubjectUserName":"SYSTEM","SubjectUserSid":"S-1-5-18","Task":"12548","ThreadID":"804","TimeCreated":"2014-01-25T13:53:43.956900835Z","Version":"0"},"@timestamp":"2014-01-25T13:53:43.9569008Z","message":"Special privileges assigned to new logon"}
{"ecs":{"version":"9.1.0"},"agent":{"type":"fox","version":"0.0.0"},"host":{"hostname":"IACIS-HDD-2014"},"user":{},"event":{"id":"1970","kind":"event","module":"eventlog","dataset":"eventlog.Security","severity":10,"provider":"Microsoft-Windows-Security-Auditing","original":"{\"time\":\"2014-01-25T13:54:14.5173544Z\",\"host\":\"IACIS-HDD-2014\",\"message\":\"An account was successfully logged on\",\"severity\":10,\"sequence\":\"1970\",\"source\":\"eventlog\",\"category\":\"Security\",\"service\":\"Microsoft-Windows-Security-Auditing\",\"fields\":{\"AuthenticationPackageName\":\"Negotiate\",\"Channel\":\"Security\",\"Computer\":\"IACIS-HDD-2014\",\"EventID\":\"4624\",\"EventRecordID\":\"1970\",\"IpAddress\":\"-\",\"IpPort\":\"-\",\"KeyLength\":\"0\",\"Keywords\":\"9232379236109516800\",\"Level\":\"0\",\"LmPackageName\":\"-\",\"LogonGuid\":\"00000000-0000-0000-0000-000000000000\",\"LogonProcessName\":\"Advapi  \",\"LogonType\":\"5\",\"Opcode\":\"0\",\"ProcessID\":\"488\",\"ProcessId\":\"428\",\"ProcessName\":\"C:\\\\Windows\\\\System32\\\\services.exe\",\"ProviderGuid\":\"54849625-5478-4994-A5BA-3E3B0328C30D\",\"ProviderName\":\"Microsoft-Windows-Security-Auditing\",\"SubjectDomainName\":\"WORKGROUP\",\"SubjectLogonId\":\"999\",\"SubjectUserName\":\"IACIS-HDD-2014$\",\"SubjectUserSid\":\"S-1-5-18\",\"TargetDomainName\":\"NT AUTHORITY\",\"TargetLogonId\":\"999\",\"TargetUserName\":\"SYSTEM\",\"TargetUserSid\":\"S-1-5-18\",\"Task\":\"12544\",\"ThreadID\":\"804\",\"TimeCreated\":\"2014-01-25T13:54:14.517353534Z\",\"TransmittedServices\":\"-\",\"Version\":\"0\",\"WorkstationName\":\"\"}}","hash":"d71562e59d196aeb","code":"4624"},"labels":{"AuthenticationPackageName":"Negotiate","Channel":"Security","Computer":"IACIS-HDD-2014","EventID":"4624","EventRecordID":"1970","IpAddress":"-","IpPort":"-","KeyLength":"0","Keywords":"9232379236109516800","Level":"0","LmPackageName":"-","LogonGuid":"00000000-0000-0000-0000-000000000000","LogonProcessName":"Advapi  ","LogonType":"5","Opcode":"0","ProcessID":"488","ProcessId":"428","ProcessName":"C:\\Windows\\System32\\services.exe","ProviderGuid":"54849625-5478-4994-A5BA-3E3B0328C30D","ProviderName":"Microsoft-Windows-Security-Auditing","SubjectDomainName":"WORKGROUP","SubjectLogonId":"999","SubjectUserName":"IACIS-HDD-2014$","SubjectUserSid":"S-1-5-18","TargetDomainName":"NT AUTHORITY","TargetLogonId":"999","TargetUserName":"SYSTEM","TargetUserSid":"S-1-5-18","Task":"12544","ThreadID":"804","TimeCreated":"2014-01-25T13:54:14.517353534Z","TransmittedServices":"-","Version":"0","WorkstationName":""},"@timestamp":"2014-01-25T13:54:14.5173544Z","message":"An account was successfully logged on"}
{"ecs":{"version":"9.1.0"},"agent":{"type":"fox","version":"0.0.0"},"host":{"hostname":"IACIS-HDD-2014"},"user":{},"event":{"id":"1971","kind":"event","module":"eventlog","dataset":"eventlog.Security","severity":10,"provider":"Microsoft-Windows-Security-Auditing","original":"{\"time\":\"2014-01-25T13:54:14.5173544Z\",\"host\":\"IACIS-HDD-2014\",\"message\":\"Special privileges assigned to new logon\",\"severity\":10,\"sequence\":\"1971\",\"source\":\"eventlog\",\"category\":\"Security\",\"service\":\"Microsoft-Windows-Security-Auditing\",\"fields\":{\"Channel\":\"Security\",\"Computer\":\"IACIS-HDD-2014\",\"EventID\":\"4672\",\"EventRecordID\":\"1971\",\"Keywords\":\"9232379236109516800\",\"Level\":\"0\",\"Opcode\":\"0\",\"PrivilegeList\":\"SeAssignPrimaryTokenPrivilege\\r\\n\\t\\t\\tSeTcbPrivilege\\r\\n\\t\\t\\tSeSecurityPrivilege\\r\\n\\t\\t\\tSeTakeOwnershipPrivilege\\r\\n\\t\\t\\tSeLoadDriverPrivilege\\r\\n\\t\\t\\tSeBackupPrivilege\\r\\n\\t\\t\\tSeRestorePrivilege\\r\\n\\t\\t\\tSeDebugPrivilege\\r\\n\\t\\t\\tSeAuditPrivilege\\r\\n\\t\\t\\tSeSystemEnvironmentPrivilege\\r\\n\\t\\t\\tSeImpersonatePrivilege\",\"ProcessID\":\"488\",\"ProviderGuid\":\"54849625-5478-4994-A5BA-3E3B0328C30D\",\"ProviderName\":\"Microsoft-Windows-Security-Auditing\",\"SubjectDomainName\":\"NT AUTHORITY\",\"SubjectLogonId\":\"999\",\"SubjectUserName\":\"SYSTEM\",\"SubjectUserSid\":\"S-1-5-18\",\"Task\":\"12548\",\"ThreadID\":\"804\",\"TimeCreated\":\"2014-01-25T13:54:14.517353534Z\",\"Version\":\"0\"}}","hash":"eb99c5b0588e2d02","code":"4672"},"labels":{"Channel":"Security","Computer":"IACIS-HDD-2014","EventID":"4672","EventRecordID":"1971","Keywords":"9232379236109516800","Level":"0","Opcode":"0","PrivilegeList":"SeAssignPrimaryTokenPrivilege\r\n\t\t\tSeTcbPrivilege\r\n\t\t\tSeSecurityPrivilege\r\n\t\t\tSeTakeOwnershipPrivilege\r\n\t\t\tSeLoadDriverPrivilege\r\n\t\t\tSeBackupPrivilege\r\n\t\t\tSeRestorePrivilege\r\n\t\t\tSeDebugPrivilege\r\n\t\t\tSeAuditPrivilege\r\n\t\t\tSeSystemEnvironmentPrivilege\r\n\t\t\tSeImpersonatePrivilege","ProcessID":"488","ProviderGuid":"54849625-5478-4994-A5BA-3E3B0328C30D","ProviderName":"Microsoft-Windows-Security-Auditing","SubjectDomainName":"NT AUTHORITY","SubjectLogonId":"999","SubjectUserName":"SYSTEM","SubjectUserSid":"S-1-5-18","Task":"12548","ThreadID":"804","TimeCreated":"2014-01-25T13:54:14.517353534Z","Version":"0"},"@timestamp":"2014-01-25T13:54:14.5173544Z","message":"Special privileges assigned to new logon"}
{"ecs":{"version":"9.1.0"},"agent":{"type":"fox","version":"0.0.0"},"host":{"hostname":"IACIS-HDD-2014"},"user":{},"event":{"id":"1975","kind":"event","module":"eventlog","dataset":"eventlog.Security","severity":10,"provider":"Microsoft-Windows-Security-Auditing","original":"{\"time\":\"2014-01-25T13:55:17.3074647Z\",\"host\":\"IACIS-HDD-2014\",\"message\":\"Special privileges assigned to new logon\",\"severity\":10,\"sequence\":\"1975\",\"source\":\"eventlog\",\"category\":\"Security\",\"service\":\"Microsoft-Windows-Security-Auditing\",\"fields\":{\"Channel\":\"Security\",\"Computer\":\"IACIS-HDD-2014\",\"EventID\":\"4672\",\"EventRecordID\":\"1975\",\"Keywords\":\"9232379236109516800\",\"Level\":\"0\",\"Opcode\":\"0\",\"PrivilegeList\":\"SeAssignPrimaryTokenPrivilege\\r\\n\\t\\t\\tSeTcbPrivilege\\r\\n\\t\\t\\tSeSecurityPrivilege\\r\\n\\t\\t\\tSeTakeOwnershipPrivilege\\r\\n\\t\\t\\tSeLoadDriverPrivilege\\r\\n\\t\\t\\tSeBackupPrivilege\\r\\n\\t\\t\\tSeRestorePrivilege\\r\\n\\t\\t\\tSeDebugPrivilege\\r\\n\\t\\t\\tSeAuditPrivilege\\r\\n\\t\\t\\tSeSystemEnvironmentPrivilege\\r\\n\\t\\t\\tSeImpersonatePrivilege\",\"ProcessID\":\"488\",\"ProviderGuid\":\"54849625-5478-4994-A5BA-3E3B0328C30D\",\"ProviderName\":\"Microsoft-Windows-Security-Auditing\",\"SubjectDomainName\":\"NT AUTHORITY\",\"SubjectLogonId\":\"999\",\"SubjectUserName\":\"SYSTEM\",\"SubjectUserSid\":\"S-1-5-18\",\"Task\":\"12548\",\"ThreadID\":\"524\",\"TimeCreated\":\"2014-01-25T13:55:17.307463884Z\",\"Version\":\"0\"}}","hash":"03b38b48a64c34fd","code":"4672"},"labels":{"Channel":"Security","Computer":"IACIS-HDD-2014","EventID":"4672","EventRecordID":"1975","Keywords":"9232379236109516800","Level":"0","Opcode":"0","PrivilegeList":"SeAssignPrimaryTokenPrivilege\r\n\t\t\tSeTcbPrivilege\r\n\t\t\tSeSecurityPrivilege\r\n\t\t\tSeTakeOwnershipPrivilege\r\n\t\t\tSeLoadDriverPrivilege\r\n\t\t\tSeBackupPrivilege\r\n\t\t\tSeRestorePrivilege\r\n\t\t\tSeDebugPrivilege\r\n\t\t\tSeAuditPrivilege\r\n\t\t\tSeSystemEnvironmentPrivilege\r\n\t\t\tSeImpersonatePrivilege","ProcessID":"488","ProviderGuid":"54849625-5478-4994-A5BA-3E3B0328C30D","ProviderName":"Microsoft-Windows-Security-Auditing","SubjectDomainName":"NT AUTHORITY","SubjectLogonId":"999","SubjectUserName":"SYSTEM","SubjectUserSid":"S-1-5-18","Task":"12548","ThreadID":"524","TimeCreated":"2014-01-25T13:55:17.307463884Z","Version":"0"},"@timestamp":"2014-01-25T13:55:17.3074647Z","message":"Special privileges assigned to new logon"}
{"ecs":{"version":"9.1.0"},"agent":{"type":"fox","version":"0.0.0"},"host":{"hostname":"IACIS-HDD-2014"},"user":{},"event":{"id":"1974","kind":"event","module":"eventlog","dataset":"eventlog.Security","severity":10,"provider":"Microsoft-Windows-Security-Auditing","original":"{\"time\":\"2014-01-25T13:55:17.3074647Z\",\"host\":\"IACIS-HDD-2014\",\"message\":\"An account was successfully logged on\",\"severity\":10,\"sequence\":\"1974\",\"source\":\"eventlog\",\"category\":\"Security\",\"service\":\"Microsoft-Windows-Security-Auditing\",\"fields\":{\"AuthenticationPackageName\":\"Negotiate\",\"Channel\":\"Security\",\"Computer\":\"IACIS-HDD-2014\",\"EventID\":\"4624\",\"EventRecordID\":\"1974\",\"IpAddress\":\"-\",\"IpPort\":\"-\",\"KeyLength\":\"0\",\"Keywords\":\"9232379236109516800\",\"Level\":\"0\",\"LmPackageName\":\"-\",\"LogonGuid\":\"00000000-0000-0000-0000-000000000000\",\"LogonProcessName\":\"Advapi  \",\"LogonType\":\"5\",\"Opcode\":\"0\",\"ProcessID\":\"488\",\"ProcessId\":\"428\",\"ProcessName\":\"C:\\\\Windows\\\\System32\\\\services.exe\",\"ProviderGuid\":\"54849625-5478-4994-A5BA-3E3B0328C30D\",\"ProviderName\":\"Microsoft-Windows-Security-Auditing\",\"SubjectDomainName\":\"WORKGROUP\",\"SubjectLogonId\":\"999\",\"SubjectUserName\":\"IACIS-HDD-2014$\",\"SubjectUserSid\":\"S-1-5-18\",\"TargetDomainName\":\"NT AUTHORITY\",\"TargetLogonId\":\"999\",\"TargetUserName\":\"SYSTEM\",\"TargetUserSid\":\"S-1-5-18\",\"Task\":\"12544\",\"ThreadID\":\"524\",\"TimeCreated\":\"2014-01-25T13:55:17.307463884Z\",\"TransmittedServices\":\"-\",\"Version\":\"0\",\"WorkstationName\":\"\"}}","hash":"300de3b11b24507a","code":"4624"},"labels":{"AuthenticationPackageName":"Negotiate","Channel":"Security","Computer":"IACIS-HDD-2014","EventID":"4624","EventRecordID":"1974","IpAddress":"-","IpPort":"-","KeyLength":"0","Keywords":"9232379236109516800","Level":"0","LmPackageName":"-","LogonGuid":"00000000-0000-0000-0000-000000000000","LogonProcessName":"Advapi  ","LogonType":"5","Opcode":"0","ProcessID":"488","ProcessId":"428","ProcessName":"C:\\Windows\\System32\\services.exe","ProviderGuid":"54849625-5478-4994-A5BA-3E3B0328C30D","ProviderName":"Microsoft-Windows-Security-Auditing","SubjectDomainName":"WORKGROUP","SubjectLogonId":"999","SubjectUserName":"IACIS-HDD-2014$","SubjectUserSid":"S-1-5-18","TargetDomainName":"NT AUTHORITY","TargetLogonId":"999","TargetUserName":"SYSTEM","TargetUserSid":"S-1-5-18","Task":"12544","ThreadID":"524","TimeCreated":"2014-01-25T13:55:17.307463884Z","TransmittedServices":"-","Version":"0","WorkstationName":""},"@timestamp":"2014-01-25T13:55:17.3074647Z","message":"An account was successfully logged on"}
{"ecs":{"version":"9.1.0"},"agent":{"type":"fox","version":"0.0.0"},"host":{"hostname":"IACIS-HDD-2014"},"user":{},"event":{"id":"1977","kind":"event","module":"eventlog","dataset":"eventlog.Security","severity":10,"provider":"Microsoft-Windows-Security-Auditing","original":"{\"time\":\"2014-01-25T14:24:20.766527Z\",\"host\":\"IACIS-HDD-2014\",\"message\":\"Special privileges assigned to new logon\",\"severity\":10,\"sequence\":\"1977\",\"source\":\"eventlog\",\"category\":\"Security\",\"service\":\"Microsoft-Windows-Security-Auditing\",\"fields\":{\"Channel\":\"Security\",\"Computer\":\"IACIS-HDD-2014\",\"EventID\":\"4672\",\"EventRecordID\":\"1977\",\"Keywords\":\"9232379236109516800\",\"Level\":\"0\",\"Opcode\":\"0\",\"PrivilegeList\":\"SeAssignPrimaryTokenPrivilege\\r\\n\\t\\t\\tSeTcbPrivilege\\r\\n\\t\\t\\tSeSecurityPrivilege\\r\\n\\t\\t\\tSeTakeOwnershipPrivilege\\r\\n\\t\\t\\tSeLoadDriverPrivilege\\r\\n\\t\\t\\tSeBackupPrivilege\\r\\n\\t\\t\\tSeRestorePrivilege\\r\\n\\t\\t\\tSeDebugPrivilege\\r\\n\\t\\t\\tSeAuditPrivilege\\r\\n\\t\\t\\tSeSystemEnvironmentPrivilege\\r\\n\\t\\t\\tSeImpersonatePrivilege\",\"ProcessID\":\"488\",\"ProviderGuid\":\"54849625-5478-4994-A5BA-3E3B0328C30D\",\"ProviderName\":\"Microsoft-Windows-Security-Auditing\",\"SubjectDomainName\":\"NT AUTHORITY\",\"SubjectLogonId\":\"999\",\"SubjectUserName\":\"SYSTEM\",\"SubjectUserSid\":\"S-1-5-18\",\"Task\":\"12548\",\"ThreadID\":\"804\",\"TimeCreated\":\"2014-01-25T14:24:20.76652646Z\",\"Version\":\"0\"}}","hash":"132636ed873a77dc","code":"4672"},"labels":{"Channel":"Security","Computer":"IACIS-HDD-2014","EventID":"4672","EventRecordID":"1977","Keywords":"9232379236109516800","Level":"0","Opcode":"0","PrivilegeList":"SeAssignPrimaryTokenPrivilege\r\n\t\t\tSeTcbPrivilege\r\n\t\t\tSeSecurityPrivilege\r\n\t\t\tSeTakeOwnershipPrivilege\r\n\t\t\tSeLoadDriverPrivilege\r\n\t\t\tSeBackupPrivilege\r\n\t\t\tSeRestorePrivilege\r\n\t\t\tSeDebugPrivilege\r\n\t\t\tSeAuditPrivilege\r\n\t\t\tSeSystemEnvironmentPrivilege\r\n\t\t\tSeImpersonatePrivilege","ProcessID":"488","ProviderGuid":"54849625-5478-4994-A5BA-3E3B0328C30D","ProviderName":"Microsoft-Windows-Security-Auditing","SubjectDomainName":"NT AUTHORITY","SubjectLogonId":"999","SubjectUserName":"SYSTEM","SubjectUserSid":"S-1-5-18","Task":"12548","ThreadID":"804","TimeCreated":"2014-01-25T14:24:20.76652646Z","Version":"0"},"@timestamp":"2014-01-25T14:24:20.766527Z","message":"Special privileges assigned to new logon"}
{"ecs":{"version":"9.1.0"},"agent":{"type":"fox","version":"0.0.0"},"host":{"hostname":"IACIS-HDD-2014"},"user":{},"event":{"id":"1976","kind":"event","module":"eventlog","dataset":"eventlog.Security","severity":10,"provider":"Microsoft-Windows-Security-Auditing","original":"{\"time\":\"2014-01-25T14:24:20.766527Z\",\"host\":\"IACIS-HDD-2014\",\"message\":\"An account was successfully logged on\",\"severity\":10,\"sequence\":\"1976\",\"source\":\"eventlog\",\"category\":\"Security\",\"service\":\"Microsoft-Windows-Security-Auditing\",\"fields\":{\"AuthenticationPackageName\":\"Negotiate\",\"Channel\":\"Security\",\"Computer\":\"IACIS-HDD-2014\",\"EventID\":\"4624\",\"EventRecordID\":\"1976\",\"IpAddress\":\"-\",\"IpPort\":\"-\",\"KeyLength\":\"0\",\"Keywords\":\"9232379236109516800\",\"Level\":\"0\",\"LmPackageName\":\"-\",\"LogonGuid\":\"00000000-0000-0000-0000-000000000000\",\"LogonProcessName\":\"Advapi  \",\"LogonType\":\"5\",\"Opcode\":\"0\",\"ProcessID\":\"488\",\"ProcessId\":\"428\",\"ProcessName\":\"C:\\\\Windows\\\\System32\\\\services.exe\",\"ProviderGuid\":\"54849625-5478-4994-A5BA-3E3B0328C30D\",\"ProviderName\":\"Microsoft-Windows-Security-Auditing\",\"SubjectDomainName\":\"WORKGROUP\",\"SubjectLogonId\":\"999\",\"SubjectUserName\":\"IACIS-HDD-2014$\",\"SubjectUserSid\":\"S-1-5-18\",\"TargetDomainName\":\"NT AUTHORITY\",\"TargetLogonId\":\"999\",\"TargetUserName\":\"SYSTEM\",\"TargetUserSid\":\"S-1-5-18\",\"Task\":\"12544\",\"ThreadID\":\"804\",\"TimeCreated\":\"2014-01-25T14:24:20.76652646Z\",\"TransmittedServices\":\"-\",\"Version\":\"0\",\"WorkstationName\":\"\"}}","hash":"09dfffa2af5f97c0","code":"4624"},"labels":{"AuthenticationPackageName":"Negotiate","Channel":"Security","Computer":"IACIS-HDD-2014","EventID":"4624","EventRecordID":"1976","IpAddress":"-","IpPort":"-","KeyLength":"0","Keywords":"9232379236109516800","Level":"0","LmPackageName":"-","LogonGuid":"00000000-0000-0000-0000-000000000000","LogonProcessName":"Advapi  ","LogonType":"5","Opcode":"0","ProcessID":"488","ProcessId":"428","ProcessName":"C:\\Windows\\System32\\services.exe","ProviderGuid":"54849625-5478-4994-A5BA-3E3B0328C30D","ProviderName":"Microsoft-Windows-Security-Auditing","SubjectDomainName":"WORKGROUP","SubjectLogonId":"999","SubjectUserName":"IACIS-HDD-2014$","SubjectUserSid":"S-1-5-18","TargetDomainName":"NT AUTHORITY","TargetLogonId":"999","TargetUserName":"SYSTEM","TargetUserSid":"S-1-5-18","Task":"12544","ThreadID":"804","TimeCreated":"2014-01-25T14:24:20.76652646Z","TransmittedServices":"-","Version":"0","WorkstationName":""},"@timestamp":"2014-01-25T14:24:20.766527Z","message":"An account was successfully logged on"}
{"ecs":{"version":"9.1.0"},"agent":{"type":"fox","version":"0.0.0"},"host":{"hostname":"IACIS-HDD-2014"},"user":{},"event":{"id":"1979","kind":"event","module":"eventlog","dataset":"eventlog.Security","severity":10,"provider":"Microsoft-Windows-Security-Auditing","original":"{\"time\":\"2014-01-25T14:24:21.2189278Z\",\"host\":\"IACIS-HDD-2014\",\"message\":\"Special privileges assigned to new logon\",\"severity\":10,\"sequence\":\"1979\",\"source\":\"eventlog\",\"category\":\"Security\",\"service\":\"Microsoft-Windows-Security-Auditing\",\"fields\":{\"Channel\":\"Security\",\"Computer\":\"IACIS-HDD-2014\",\"EventID\":\"4672\",\"EventRecordID\":\"1979\",\"Keywords\":\"9232379236109516800\",\"Level\":\"0\",\"Opcode\":\"0\",\"PrivilegeList\":\"SeAssignPrimaryTokenPrivilege\\r\\n\\t\\t\\tSeTcbPrivilege\\r\\n\\t\\t\\tSeSecurityPrivilege\\r\\n\\t\\t\\tSeTakeOwnershipPrivilege\\r\\n\\t\\t\\tSeLoadDriverPrivilege\\r\\n\\t\\t\\tSeBackupPrivilege\\r\\n\\t\\t\\tSeRestorePrivilege\\r\\n\\t\\t\\tSeDebugPrivilege\\r\\n\\t\\t\\tSeAuditPrivilege\\r\\n\\t\\t\\tSeSystemEnvironmentPrivilege\\r\\n\\t\\t\\tSeImpersonatePrivilege\",\"ProcessID\":\"488\",\"ProviderGuid\":\"54849625-5478-4994-A5BA-3E3B0328C30D\",\"ProviderName\":\"Microsoft-Windows-Security-Auditing\",\"SubjectDomainName\":\"NT AUTHORITY\",\"SubjectLogonId\":\"999\",\"SubjectUserName\":\"SYSTEM\",\"SubjectUserSid\":\"S-1-5-18\",\"Task\":\"12548\",\"ThreadID\":\"804\",\"TimeCreated\":\"2014-01-25T14:24:21.218928098Z\",\"Version\":\"0\"}}","hash":"5563159a500795b6","code":"4672"},"labels":{"Channel":"Security","Computer":"IACIS-HDD-2014","EventID":"4672","EventRecordID":"1979","Keywords":"9232379236109516800","Level":"0","Opcode":"0","PrivilegeList":"SeAssignPrimaryTokenPrivilege\r\n\t\t\tSeTcbPrivilege\r\n\t\t\tSeSecurityPrivilege\r\n\t\t\tSeTakeOwnershipPrivilege\r\n\t\t\tSeLoadDriverPrivilege\r\n\t\t\tSeBackupPrivilege\r\n\t\t\tSeRestorePrivilege\r\n\t\t\tSeDebugPrivilege\r\n\t\t\tSeAuditPrivilege\r\n\t\t\tSeSystemEnvironmentPrivilege\r\n\t\t\tSeImpersonatePrivilege","ProcessID":"488","ProviderGuid":"54849625-5478-4994-A5BA-3E3B0328C30D","ProviderName":"Microsoft-Windows-Security-Auditing","SubjectDomainName":"NT AUTHORITY","SubjectLogonId":"999","SubjectUserName":"SYSTEM","SubjectUserSid":"S-1-5-18","Task":"12548","ThreadID":"804","TimeCreated":"2014-01-25T14:24:21.218928098Z","Version":"0"},"@timestamp":"2014-01-25T14:24:21.2189278Z","message":"Special privileges assigned to new logon"}
{"ecs":{"version":"9.1.0"},"agent":{"type":"fox","version":"0.0.0"},"host":{"hostname":"IACIS-HDD-2014"},"user":{},"event":{"id":"1978","kind":"event","module":"eventlog","dataset":"eventlog.Security","severity":10,"provider":"Microsoft-Windows-Security-Auditing","original":"{\"time\":\"2014-01-25T14:24:21.2189278Z\",\"host\":\"IACIS-HDD-2014\",\"message\":\"An account was successfully logged on\",\"severity\":10,\"sequence\":\"1978\",\"source\":\"eventlog\",\"category\":\"Security\",\"service\":\"Microsoft-Windows-Security-Auditing\",\"fields\":{\"AuthenticationPackageName\":\"Negotiate\",\"Channel\":\"Security\",\"Computer\":\"IACIS-HDD-2014\",\"EventID\":\"4624\",\"EventRecordID\":\"1978\",\"IpAddress\":\"-\",\"IpPort\":\"-\",\"KeyLength\":\"0\",\"Keywords\":\"9232379236109516800\",\"Level\":\"0\",\"LmPackageName\":\"-\",\"LogonGuid\":\"00000000-0000-0000-0000-000000000000\",\"LogonProcessName\":\"Advapi  \",\"LogonType\":\"5\",\"Opcode\":\"0\",\"ProcessID\":\"488\",\"ProcessId\":\"428\",\"ProcessName\":\"C:\\\\Windows\\\\System32\\\\services.exe\",\"ProviderGuid\":\"54849625-5478-4994-A5BA-3E3B0328C30D\",\"ProviderName\":\"Microsoft-Windows-Security-Auditing\",\"SubjectDomainName\":\"WORKGROUP\",\"SubjectLogonId\":\"999\",\"SubjectUserName\":\"IACIS-HDD-2014$\",\"SubjectUserSid\":\"S-1-5-18\",\"TargetDomainName\":\"NT AUTHORITY\",\"TargetLogonId\":\"999\",\"TargetUserName\":\"SYSTEM\",\"TargetUserSid\":\"S-1-5-18\",\"Task\":\"12544\",\"ThreadID\":\"804\",\"TimeCreated\":\"2014-01-25T14:24:21.218928098Z\",\"TransmittedServices\":\"-\",\"Version\":\"0\",\"WorkstationName\":\"\"}}","hash":"c5efd04ee03a2f77","code":"4624"},"labels":{"AuthenticationPackageName":"Negotiate","Channel":"Security","Computer":"IACIS-HDD-2014","EventID":"4624","EventRecordID":"1978","IpAddress":"-","IpPort":"-","KeyLength":"0","Keywords":"9232379236109516800","Level":"0","LmPackageName":"-","LogonGuid":"00000000-0000-0000-0000-000000000000","LogonProcessName":"Advapi  ","LogonType":"5","Opcode":"0","ProcessID":"488","ProcessId":"428","ProcessName":"C:\\Windows\\System32\\services.exe","ProviderGuid":"54849625-5478-4994-A5BA-3E3B0328C30D","ProviderName":"Microsoft-Windows-Security-Auditing","SubjectDomainName":"WORKGROUP","SubjectLogonId":"999","SubjectUserName":"IACIS-HDD-2014$","SubjectUserSid":"S-1-5-18","TargetDomainName":"NT AUTHORITY","TargetLogonId":"999","TargetUserName":"SYSTEM","TargetUserSid":"S-1-5-18","Task":"12544","ThreadID":"804","TimeCreated":"2014-01-25T14:24:21.218928098Z","TransmittedServices":"-","Version":"0","WorkstationName":""},"@timestamp":"2014-01-25T14:24:21.2189278Z","message":"An account was successfully logged on"}
{"ecs":{"version":"9.1.0"},"agent":{"type":"fox","version":"0.0.0"},"host":{"hostname":"IACIS-HDD-2014"},"user":{},"event":{"id":"1981","kind":"event","module":"eventlog","dataset":"eventlog.Security","severity":10,"provider":"Microsoft-Windows-Security-Auditing","original":"{\"time\":\"2014-01-25T14:35:46.6475678Z\",\"host\":\"IACIS-HDD-2014\",\"message\":\"Special privileges assigned to new logon\",\"severity\":10,\"sequence\":\"1981\",\"source\":\"eventlog\",\"category\":\"Security\",\"service\":\"Microsoft-Windows-Security-Auditing\",\"fields\":{\"Channel\":\"Security\",\"Computer\":\"IACIS-HDD-2014\",\"EventID\":\"4672\",\"EventRecordID\":\"1981\",\"Keywords\":\"9232379236109516800\",\"Level\":\"0\",\"Opcode\":\"0\",\"PrivilegeList\":\"SeAssignPrimaryTokenPrivilege\\r\\n\\t\\t\\tSeTcbPrivilege\\r\\n\\t\\t\\tSeSecurityPrivilege\\r\\n\\t\\t\\tSeTakeOwnershipPrivilege\\r\\n\\t\\t\\tSeLoadDriverPrivilege\\r\\n\\t\\t\\tSeBackupPrivilege\\r\\n\\t\\t\\tSeRestorePrivilege\\r\\n\\t\\t\\tSeDebugPrivilege\\r\\n\\t\\t\\tSeAuditPrivilege\\r\\n\\t\\t\\tSeSystemEnvironmentPrivilege\\r\\n\\t\\t\\tSeImpersonatePrivilege\",\"ProcessID\":\"488\",\"ProviderGuid\":\"54849625-5478-4994-A5BA-3E3B0328C30D\",\"ProviderName\":\"Microsoft-Windows-Security-Auditing\",\"SubjectDomainName\":\"NT AUTHORITY\",\"SubjectLogonId\":\"999\",\"SubjectUserName\":\"SYSTEM\",\"SubjectUserSid\":\"S-1-5-18\",\"Task\":\"12548\",\"ThreadID\":\"956\",\"TimeCreated\":\"2014-01-25T14:35:46.647567987Z\",\"Version\":\"0\"}}","hash":"ae4849205104dc12","code":"4672"},"labels":{"Channel":"Security","Computer":"IACIS-HDD-2014","EventID":"4672","EventRecordID":"1981","Keywords":"9232379236109516800","Level":"0","Opcode":"0","PrivilegeList":"SeAssignPrimaryTokenPrivilege\r\n\t\t\tSeTcbPrivilege\r\n\t\t\tSeSecurityPrivilege\r\n\t\t\tSeTakeOwnershipPrivilege\r\n\t\t\tSeLoadDriverPrivilege\r\n\t\t\tSeBackupPrivilege\r\n\t\t\tSeRestorePrivilege\r\n\t\t\tSeDebugPrivilege\r\n\t\t\tSeAuditPrivilege\r\n\t\t\tSeSystemEnvironmentPrivilege\r\n\t\t\tSeImpersonatePrivilege","ProcessID":"488","ProviderGuid":"54849625-5478-4994-A5BA-3E3B0328C30D","ProviderName":"Microsoft-Windows-Security-Auditing","SubjectDomainName":"NT AUTHORITY","SubjectLogonId":"999","SubjectUserName":"SYSTEM","SubjectUserSid":"S-1-5-18","Task":"12548","ThreadID":"956","TimeCreated":"2014-01-25T14:35:46.647567987Z","Version":"0"},"@timestamp":"2014-01-25T14:35:46.6475678Z","message":"Special privileges assigned to new logon"}
{"ecs":{"version":"9.1.0"},"agent":{"type":"fox","version":"0.0.0"},"host":{"hostname":"IACIS-HDD-2014"},"user":{},"event":{"id":"1980","kind":"event","module":"eventlog","dataset":"eventlog.Security","severity":10,"provider":"Microsoft-Windows-Security-Auditing","original":"{\"time\":\"2014-01-25T14:35:46.6475678Z\",\"host\":\"IACIS-HDD-2014\",\"message\":\"An account was successfully logged on\",\"severity\":10,\"sequence\":\"1980\",\"source\":\"eventlog\",\"category\":\"Security\",\"service\":\"Microsoft-Windows-Security-Auditing\",\"fields\":{\"AuthenticationPackageName\":\"Negotiate\",\"Channel\":\"Security\",\"Computer\":\"IACIS-HDD-2014\",\"EventID\":\"4624\",\"EventRecordID\":\"1980\",\"IpAddress\":\"-\",\"IpPort\":\"-\",\"KeyLength\":\"0\",\"Keywords\":\"9232379236109516800\",\"Level\":\"0\",\"LmPackageName\":\"-\",\"LogonGuid\":\"00000000-0000-0000-0000-000000000000\",\"LogonProcessName\":\"Advapi  \",\"LogonType\":\"5\",\"Opcode\":\"0\",\"ProcessID\":\"488\",\"ProcessId\":\"428\",\"ProcessName\":\"C:\\\\Windows\\\\System32\\\\services.exe\",\"ProviderGuid\":\"54849625-5478-4994-A5BA-3E3B0328C30D\",\"ProviderName\":\"Microsoft-Windows-Security-Auditing\",\"SubjectDomainName\":\"WORKGROUP\",\"SubjectLogonId\":\"999\",\"SubjectUserName\":\"IACIS-HDD-2014$\",\"SubjectUserSid\":\"S-1-5-18\",\"TargetDomainName\":\"NT AUTHORITY\",\"TargetLogonId\":\"999\",\"TargetUserName\":\"SYSTEM\",\"TargetUserSid\":\"S-1-5-18\",\"Task\":\"12544\",\"ThreadID\":\"956\",\"TimeCreated\":\"2014-01-25T14:35:46.647567987Z\",\"TransmittedServices\":\"-\",\"Version\":\"0\",\"WorkstationName\":\"\"}}","hash":"66f739d88f413ac3","code":"4624"},"labels":{"AuthenticationPackageName":"Negotiate","Channel":"Security","Computer":"IACIS-HDD-2014","EventID":"4624","EventRecordID":"1980","IpAddress":"-","IpPort":"-","KeyLength":"0","Keywords":"9232379236109516800","Level":"0","LmPackageName":"-","LogonGuid":"00000000-0000-0000-0000-000000000000","LogonProcessName":"Advapi  ","LogonType":"5","Opcode":"0","ProcessID":"488","ProcessId":"428","ProcessName":"C:\\Windows\\System32\\services.exe","ProviderGuid":"54849625-5478-4994-A5BA-3E3B0328C30D","ProviderName":"Microsoft-Windows-Security-Auditing","SubjectDomainName":"WORKGROUP","SubjectLogonId":"999","SubjectUserName":"IACIS-HDD-2014$","SubjectUserSid":"S-1-5-18","TargetDomainName":"NT AUTHORITY","TargetLogonId":"999","TargetUserName":"SYSTEM","TargetUserSid":"S-1-5-18","Task":"12544","ThreadID":"956","TimeCreated":"2014-01-25T14:35:46.647567987Z","TransmittedServices":"-","Version":"0","WorkstationName":""},"@timestamp":"2014-01-25T14:35:46.6475678Z","message":"An account was successfully logged on"}
{"ecs":{"version":"9.1.0"},"agent":{"type":"fox","version":"0.0.0"},"host":{"hostname":"IACIS-HDD-2014"},"user":{},"event":{"id":"1983","kind":"event","module":"eventlog","dataset":"eventlog.Security","severity":10,"provider":"Microsoft-Windows-Security-Auditing","original":"{\"time\":\"2014-01-25T14:35:59.3975856Z\",\"host\":\"IACIS-HDD-2014\",\"message\":\"Special privileges assigned to new logon\",\"severity\":10,\"sequence\":\"1983\",\"source\":\"eventlog\",\"category\":\"Security\",\"service\":\"Microsoft-Windows-Security-Auditing\",\"fields\":{\"Channel\":\"Security\",\"Computer\":\"IACIS-HDD-2014\",\"EventID\":\"4672\",\"EventRecordID\":\"1983\",\"Keywords\":\"9232379236109516800\",\"Level\":\"0\",\"Opcode\":\"0\",\"PrivilegeList\":\"SeAssignPrimaryTokenPrivilege\\r\\n\\t\\t\\tSeTcbPrivilege\\r\\n\\t\\t\\tSeSecurityPrivilege\\r\\n\\t\\t\\tSeTakeOwnershipPrivilege\\r\\n\\t\\t\\tSeLoadDriverPrivilege\\r\\n\\t\\t\\tSeBackupPrivilege\\r\\n\\t\\t\\tSeRestorePrivilege\\r\\n\\t\\t\\tSeDebugPrivilege\\r\\n\\t\\t\\tSeAuditPrivilege\\r\\n\\t\\t\\tSeSystemEnvironmentPrivilege\\r\\n\\t\\t\\tSeImpersonatePrivilege\",\"ProcessID\":\"488\",\"ProviderGuid\":\"54849625-5478-4994-A5BA-3E3B0328C30D\",\"ProviderName\":\"Microsoft-Windows-Security-Auditing\",\"SubjectDomainName\":\"NT AUTHORITY\",\"SubjectLogonId\":\"999\",\"SubjectUserName\":\"SYSTEM\",\"SubjectUserSid\":\"S-1-5-18\",\"Task\":\"12548\",\"ThreadID\":\"524\",\"TimeCreated\":\"2014-01-25T14:35:59.39758563Z\",\"Version\":\"0\"}}","hash":"562a3a8be1fcf746","code":"4672"},"labels":{"Channel":"Security","Computer":"IACIS-HDD-2014","EventID":"4672","EventRecordID":"1983","Keywords":"9232379236109516800","Level":"0","Opcode":"0","PrivilegeList":"SeAssignPrimaryTokenPrivilege\r\n\t\t\tSeTcbPrivilege\r\n\t\t\tSeSecurityPrivilege\r\n\t\t\tSeTakeOwnershipPrivilege\r\n\t\t\tSeLoadDriverPrivilege\r\n\t\t\tSeBackupPrivilege\r\n\t\t\tSeRestorePrivilege\r\n\t\t\tSeDebugPrivilege\r\n\t\t\tSeAuditPrivilege\r\n\t\t\tSeSystemEnvironmentPrivilege\r\n\t\t\tSeImpersonatePrivilege","ProcessID":"488","ProviderGuid":"54849625-5478-4994-A5BA-3E3B0328C30D","ProviderName":"Microsoft-Windows-Security-Auditing","SubjectDomainName":"NT AUTHORITY","SubjectLogonId":"999","SubjectUserName":"SYSTEM","SubjectUserSid":"S-1-5-18","Task":"12548","ThreadID":"524","TimeCreated":"2014-01-25T14:35:59.39758563Z","Version":"0"},"@timestamp":"2014-01-25T14:35:59.3975856Z","message":"Special privileges assigned to new logon"}
{"ecs":{"version":"9.1.0"},"agent":{"type":"fox","version":"0.0.0"},"host":{"hostname":"IACIS-HDD-2014"},"user":{},"event":{"id":"1982","kind":"event","module":"eventlog","dataset":"eventlog.Security","severity":10,"provider":"Microsoft-Windows-Security-Auditing","original":"{\"time\":\"2014-01-25T14:35:59.3975856Z\",\"host\":\"IACIS-HDD-2014\",\"message\":\"An account was successfully logged on\",\"severity\":10,\"sequence\":\"1982\",\"source\":\"eventlog\",\"category\":\"Security\",\"service\":\"Microsoft-Windows-Security-Auditing\",\"fields\":{\"AuthenticationPackageName\":\"Negotiate\",\"Channel\":\"Security\",\"Computer\":\"IACIS-HDD-2014\",\"EventID\":\"4624\",\"EventRecordID\":\"1982\",\"IpAddress\":\"-\",\"IpPort\":\"-\",\"KeyLength\":\"0\",\"Keywords\":\"9232379236109516800\",\"Level\":\"0\",\"LmPackageName\":\"-\",\"LogonGuid\":\"00000000-0000-0000-0000-000000000000\",\"LogonProcessName\":\"Advapi  \",\"LogonType\":\"5\",\"Opcode\":\"0\",\"ProcessID\":\"488\",\"ProcessId\":\"428\",\"ProcessName\":\"C:\\\\Windows\\\\System32\\\\services.exe\",\"ProviderGuid\":\"54849625-5478-4994-A5BA-3E3B0328C30D\",\"ProviderName\":\"Microsoft-Windows-Security-Auditing\",\"SubjectDomainName\":\"WORKGROUP\",\"SubjectLogonId\":\"999\",\"SubjectUserName\":\"IACIS-HDD-2014$\",\"SubjectUserSid\":\"S-1-5-18\",\"TargetDomainName\":\"NT AUTHORITY\",\"TargetLogonId\":\"999\",\"TargetUserName\":\"SYSTEM\",\"TargetUserSid\":\"S-1-5-18\",\"Task\":\"12544\",\"ThreadID\":\"524\",\"TimeCreated\":\"2014-01-25T14:35:59.39758563Z\",\"TransmittedServices\":\"-\",\"Version\":\"0\",\"WorkstationName\":\"\"}}","hash":"18af422fff5d709c","code":"4624"},"labels":{"AuthenticationPackageName":"Negotiate","Channel":"Security","Computer":"IACIS-HDD-2014","EventID":"4624","EventRecordID":"1982","IpAddress":"-","IpPort":"-","KeyLength":"0","Keywords":"9232379236109516800","Level":"0","LmPackageName":"-","LogonGuid":"00000000-0000-0000-0000-000000000000","LogonProcessName":"Advapi  ","LogonType":"5","Opcode":"0","ProcessID":"488","ProcessId":"428","ProcessName":"C:\\Windows\\System32\\services.exe","ProviderGuid":"54849625-5478-4994-A5BA-3E3B0328C30D","ProviderName":"Microsoft-Windows-Security-Auditing","SubjectDomainName":"WORKGROUP","SubjectLogonId":"999","SubjectUserName":"IACIS-HDD-2014$","SubjectUserSid":"S-1-5-18","TargetDomainName":"NT AUTHORITY","TargetLogonId":"999","TargetUserName":"SYSTEM","TargetUserSid":"S-1-5-18","Task":"12544","ThreadID":"524","TimeCreated":"2014-01-25T14:35:59.39758563Z","TransmittedServices":"-","Version":"0","WorkstationName":""},"@timestamp":"2014-01-25T14:35:59.3975856Z","message":"An account was successfully logged on"}
{"ecs":{"version":"9.1.0"},"agent":{"type":"fox","version":"0.0.0"},"host":{"hostname":"IACIS-HDD-2014"},"user":{},"event":{"id":"1984","kind":"event","module":"eventlog","dataset":"eventlog.Security","severity":10,"provider":"Microsoft-Windows-Security-Auditing","original":"{\"time\":\"2014-01-25T14:46:34.7867217Z\",\"host\":\"IACIS-HDD-2014\",\"message\":\"An account was successfully logged on\",\"severity\":10,\"sequence\":\"1984\",\"source\":\"eventlog\",\"category\":\"Security\",\"service\":\"Microsoft-Windows-Security-Auditing\",\"fields\":{\"AuthenticationPackageName\":\"Negotiate\",\"Channel\":\"Security\",\"Computer\":\"IACIS-HDD-2014\",\"EventID\":\"4624\",\"EventRecordID\":\"1984\",\"IpAddress\":\"-\",\"IpPort\":\"-\",\"KeyLength\":\"0\",\"Keywords\":\"9232379236109516800\",\"Level\":\"0\",\"LmPackageName\":\"-\",\"LogonGuid\":\"00000000-0000-0000-0000-000000000000\",\"LogonProcessName\":\"Advapi  \",\"LogonType\":\"5\",\"Opcode\":\"0\",\"ProcessID\":\"488\",\"ProcessId\":\"428\",\"ProcessName\":\"C:\\\\Windows\\\\System32\\\\services.exe\",\"ProviderGuid\":\"54849625-5478-4994-A5BA-3E3B0328C30D\",\"ProviderName\":\"Microsoft-Windows-Security-Auditing\",\"SubjectDomainName\":\"WORKGROUP\",\"SubjectLogonId\":\"999\",\"SubjectUserName\":\"IACIS-HDD-2014$\",\"SubjectUserSid\":\"S-1-5-18\",\"TargetDomainName\":\"NT AUTHORITY\",\"TargetLogonId\":\"999\",\"TargetUserName\":\"SYSTEM\",\"TargetUserSid\":\"S-1-5-18\",\"Task\":\"12544\",\"ThreadID\":\"3908\",\"TimeCreated\":\"2014-01-25T14:46:34.786721706Z\",\"TransmittedServices\":\"-\",\"Version\":\"0\",\"WorkstationName\":\"\"}}","hash":"0488511ff19b130b","code":"4624"},"labels":{"AuthenticationPackageName":"Negotiate","Channel":"Security","Computer":"IACIS-HDD-2014","EventID":"4624","EventRecordID":"1984","IpAddress":"-","IpPort":"-","KeyLength":"0","Keywords":"9232379236109516800","Level":"0","LmPackageName":"-","LogonGuid":"00000000-0000-0000-0000-000000000000","LogonProcessName":"Advapi  ","LogonType":"5","Opcode":"0","ProcessID":"488","ProcessId":"428","ProcessName":"C:\\Windows\\System32\\services.exe","ProviderGuid":"54849625-5478-4994-A5BA-3E3B0328C30D","ProviderName":"Microsoft-Windows-Security-Auditing","SubjectDomainName":"WORKGROUP","SubjectLogonId":"999","SubjectUserName":"IACIS-HDD-2014$","SubjectUserSid":"S-1-5-18","TargetDomainName":"NT AUTHORITY","TargetLogonId":"999","TargetUserName":"SYSTEM","TargetUserSid":"S-1-5-18","Task":"12544","ThreadID":"3908","TimeCreated":"2014-01-25T14:46:34.786721706Z","TransmittedServices":"-","Version":"0","WorkstationName":""},"@timestamp":"2014-01-25T14:46:34.7867217Z","message":"An account was successfully logged on"}
{"ecs":{"version":"9.1.0"},"agent":{"type":"fox","version":"0.0.0"},"host":{"hostname":"IACIS-HDD-2014"},"user":{},"event":{"id":"1985","kind":"event","module":"eventlog","dataset":"eventlog.Security","severity":10,"provider":"Microsoft-Windows-Security-Auditing","original":"{\"time\":\"2014-01-25T14:46:34.7867217Z\",\"host\":\"IACIS-HDD-2014\",\"message\":\"Special privileges assigned to new logon\",\"severity\":10,\"sequence\":\"1985\",\"source\":\"eventlog\",\"category\":\"Security\",\"service\":\"Microsoft-Windows-Security-Auditing\",\"fields\":{\"Channel\":\"Security\",\"Computer\":\"IACIS-HDD-2014\",\"EventID\":\"4672\",\"EventRecordID\":\"1985\",\"Keywords\":\"9232379236109516800\",\"Level\":\"0\",\"Opcode\":\"0\",\"PrivilegeList\":\"SeAssignPrimaryTokenPrivilege\\r\\n\\t\\t\\tSeTcbPrivilege\\r\\n\\t\\t\\tSeSecurityPrivilege\\r\\n\\t\\t\\tSeTakeOwnershipPrivilege\\r\\n\\t\\t\\tSeLoadDriverPrivilege\\r\\n\\t\\t\\tSeBackupPrivilege\\r\\n\\t\\t\\tSeRestorePrivilege\\r\\n\\t\\t\\tSeDebugPrivilege\\r\\n\\t\\t\\tSeAuditPrivilege\\r\\n\\t\\t\\tSeSystemEnvironmentPrivilege\\r\\n\\t\\t\\tSeImpersonatePrivilege\",\"ProcessID\":\"488\",\"ProviderGuid\":\"54849625-5478-4994-A5BA-3E3B0328C30D\",\"ProviderName\":\"Microsoft-Windows-Security-Auditing\",\"SubjectDomainName\":\"NT AUTHORITY\",\"SubjectLogonId\":\"999\",\"SubjectUserName\":\"SYSTEM\",\"SubjectUserSid\":\"S-1-5-18\",\"Task\":\"12548\",\"ThreadID\":\"3908\",\"TimeCreated\":\"2014-01-25T14:46:34.786721706Z\",\"Version\":\"0\"}}","hash":"3cbb963f1dc4c539","code":"4672"},"labels":{"Channel":"Security","Computer":"IACIS-HDD-2014","EventID":"4672","EventRecordID":"1985","Keywords":"9232379236109516800","Level":"0","Opcode":"0","PrivilegeList":"SeAssignPrimaryTokenPrivilege\r\n\t\t\tSeTcbPrivilege\r\n\t\t\tSeSecurityPrivilege\r\n\t\t\tSeTakeOwnershipPrivilege\r\n\t\t\tSeLoadDriverPrivilege\r\n\t\t\tSeBackupPrivilege\r\n\t\t\tSeRestorePrivilege\r\n\t\t\tSeDebugPrivilege\r\n\t\t\tSeAuditPrivilege\r\n\t\t\tSeSystemEnvironmentPrivilege\r\n\t\t\tSeImpersonatePrivilege","ProcessID":"488","ProviderGuid":"54849625-5478-4994-A5BA-3E3B0328C30D","ProviderName":"Microsoft-Windows-Security-Auditing","SubjectDomainName":"NT AUTHORITY","SubjectLogonId":"999","SubjectUserName":"SYSTEM","SubjectUserSid":"S-1-5-18","Task":"12548","ThreadID":"3908","TimeCreated":"2014-01-25T14:46:34.786721706Z","Version":"0"},"@timestamp":"2014-01-25T14:46:34.7867217Z","message":"Special privileges assigned to new logon"}
{"ecs":{"version":"9.1.0"},"agent":{"type":"fox","version":"0.0.0"},"host":{"hostname":"IACIS-HDD-2014"},"user":{},"event":{"id":"1988","kind":"event","module":"eventlog","dataset":"eventlog.Security","severity":10,"provider":"Microsoft-Windows-Security-Auditing","original":"{\"time\":\"2014-01-25T14:51:00.257509Z\",\"host\":\"IACIS-HDD-2014\",\"message\":\"Special privileges assigned to new logon\",\"severity\":10,\"sequence\":\"1988\",\"source\":\"eventlog\",\"category\":\"Security\",\"service\":\"Microsoft-Windows-Security-Auditing\",\"fields\":{\"Channel\":\"Security\",\"Computer\":\"IACIS-HDD-2014\",\"EventID\":\"4672\",\"EventRecordID\":\"1988\",\"Keywords\":\"9232379236109516800\",\"Level\":\"0\",\"Opcode\":\"0\",\"PrivilegeList\":\"SeAssignPrimaryTokenPrivilege\\r\\n\\t\\t\\tSeTcbPrivilege\\r\\n\\t\\t\\tSeSecurityPrivilege\\r\\n\\t\\t\\tSeTakeOwnershipPrivilege\\r\\n\\t\\t\\tSeLoadDriverPrivilege\\r\\n\\t\\t\\tSeBackupPrivilege\\r\\n\\t\\t\\tSeRestorePrivilege\\r\\n\\t\\t\\tSeDebugPrivilege\\r\\n\\t\\t\\tSeAuditPrivilege\\r\\n\\t\\t\\tSeSystemEnvironmentPrivilege\\r\\n\\t\\t\\tSeImpersonatePrivilege\",\"ProcessID\":\"488\",\"ProviderGuid\":\"54849625-5478-4994-A5BA-3E3B0328C30D\",\"ProviderName\":\"Microsoft-Windows-Security-Auditing\",\"SubjectDomainName\":\"NT AUTHORITY\",\"SubjectLogonId\":\"999\",\"SubjectUserName\":\"SYSTEM\",\"SubjectUserSid\":\"S-1-5-18\",\"Task\":\"12548\",\"ThreadID\":\"628\",\"TimeCreated\":\"2014-01-25T14:51:00.257508754Z\",\"Version\":\"0\"}}","hash":"c26f290f93e7de41","code":"4672"},"labels":{"Channel":"Security","Computer":"IACIS-HDD-2014","EventID":"4672","EventRecordID":"1988","Keywords":"9232379236109516800","Level":"0","Opcode":"0","PrivilegeList":"SeAssignPrimaryTokenPrivilege\r\n\t\t\tSeTcbPrivilege\r\n\t\t\tSeSecurityPrivilege\r\n\t\t\tSeTakeOwnershipPrivilege\r\n\t\t\tSeLoadDriverPrivilege\r\n\t\t\tSeBackupPrivilege\r\n\t\t\tSeRestorePrivilege\r\n\t\t\tSeDebugPrivilege\r\n\t\t\tSeAuditPrivilege\r\n\t\t\tSeSystemEnvironmentPrivilege\r\n\t\t\tSeImpersonatePrivilege","ProcessID":"488","ProviderGuid":"54849625-5478-4994-A5BA-3E3B0328C30D","ProviderName":"Microsoft-Windows-Security-Auditing","SubjectDomainName":"NT AUTHORITY","SubjectLogonId":"999","SubjectUserName":"SYSTEM","SubjectUserSid":"S-1-5-18","Task":"12548","ThreadID":"628","TimeCreated":"2014-01-25T14:51:00.257508754Z","Version":"0"},"@timestamp":"2014-01-25T14:51:00.257509Z","message":"Special privileges assigned to new logon"}
