{"time":"2018-01-03T11:24:25.0155848Z","host":"IE11WIN8_1","user":"S-1-5-18","message":"A service was installed in the system","severity":3,"sequence":"883","source":"eventlog","category":"System","service":"Service Control Manager","fields":{"AccountName":"LocalSystem","Channel":"System","Computer":"IE11WIN8_1","EventIDQualifiers":"16384","EventIDValue":"7045","EventRecordID":"883","ImagePath":"\"C:\\Program Files\\VMware\\VMware Tools\\TPAutoConnSvc.exe\"","Keywords":"9259400833873739776","Level":"4","Opcode":"0","ProcessID":"516","ProviderEventSourceName":"Service Control Manager","ProviderGuid":"{555908d1-a6d7-4695-8e1e-26931d2012f4}","ProviderName":"Service Control Manager","ServiceName":"TP AutoConnect Service","ServiceType":"user mode service","StartType":"auto start","Task":"0","ThreadID":"972","TimeCreated":"2018-01-03T11:24:25.015583992Z","UserID":"S-1-5-18","Version":"0"}}
{"time":"2018-01-03T11:24:25.062436Z","host":"IE11WIN8_1","user":"S-1-5-18","message":"A service was installed in the system","severity":3,"sequence":"884","source":"eventlog","category":"System","service":"Service Control Manager","fields":{"AccountName":"LocalSystem","Channel":"System","Computer":"IE11WIN8_1","EventIDQualifiers":"16384","EventIDValue":"7045","EventRecordID":"884","ImagePath":"\"C:\\Program Files\\VMware\\VMware Tools\\TPVCGateway.exe\"","Keywords":"9259400833873739776","Level":"4","Opcode":"0","ProcessID":"516","ProviderEventSourceName":"Service Control Manager","ProviderGuid":"{555908d1-a6d7-4695-8e1e-26931d2012f4}","ProviderName":"Service Control Manager","ServiceName":"TP VC Gateway Service","ServiceType":"user mode service","StartType":"auto start","Task":"0","ThreadID":"972","TimeCreated":"2018-01-03T11:24:25.06243515Z","UserID":"S-1-5-18","Version":"0"}}
{"time":"2018-01-03T11:24:25.1094439Z","host":"IE11WIN8_1","user":"S-1-5-18","message":"A service was installed in the system","severity":3,"sequence":"887","source":"eventlog","category":"System","service":"Service Control Manager","fields":{"AccountName":"LocalSystem","Channel":"System","Computer":"IE11WIN8_1","EventIDQualifiers":"16384","EventIDValue":"7045","EventRecordID":"887","ImagePath":"\"C:\\Program Files\\VMware\\VMware Tools\\VMware CAF\\pme\\bin\\CommAmqpListener.exe\"","Keywords":"9259400833873739776","Level":"4","Opcode":"0","ProcessID":"516","ProviderEventSourceName":"Service Control Manager","ProviderGuid":"{555908d1-a6d7-4695-8e1e-26931d2012f4}","ProviderName":"Service Control Manager","ServiceName":"VMware CAF AMQP Communication Service","ServiceType":"user mode service","StartType":"demand start","Task":"0","ThreadID":"972","TimeCreated":"2018-01-03T11:24:25.109443187Z","UserID":"S-1-5-18","Version":"0"}}
{"time":"2018-01-03T11:24:25.1094439Z","host":"IE11WIN8_1","user":"S-1-5-18","message":"A service was installed in the system","severity":3,"sequence":"885","source":"eventlog","category":"System","service":"Service Control Manager","fields":{"AccountName":"LocalSystem","Channel":"System","Computer":"IE11WIN8_1","EventIDQualifiers":"16384","EventIDValue":"7045","EventRecordID":"885","ImagePath":"\"C:\\Program Files\\VMware\\VMware Tools\\vmacthlp.exe\"","Keywords":"9259400833873739776","Level":"4","Opcode":"0","ProcessID":"516","ProviderEventSourceName":"Service Control Manager","ProviderGuid":"{555908d1-a6d7-4695-8e1e-26931d2012f4}","ProviderName":"Service Control Manager","ServiceName":"VMware Physical Disk Helper Service","ServiceType":"user mode service","StartType":"auto start","Task":"0","ThreadID":"972","TimeCreated":"2018-01-03T11:24:25.109443187Z","UserID":"S-1-5-18","Version":"0"}}
{"time":"2018-01-03T11:24:25.1094439Z","host":"IE11WIN8_1","user":"S-1-5-18","message":"A service was installed in the system","severity":3,"sequence":"886","source":"eventlog","category":"System","service":"Service Control Manager","fields":{"AccountName":"LocalSystem","Channel":"System","Computer":"IE11WIN8_1","EventIDQualifiers":"16384","EventIDValue":"7045","EventRecordID":"886","ImagePath":"\"C:\\Program Files\\VMware\\VMware Tools\\VMware VGAuth\\VGAuthService.exe\"","Keywords":"9259400833873739776","Level":"4","Opcode":"0","ProcessID":"516","ProviderEventSourceName":"Service Control Manager","ProviderGuid":"{555908d1-a6d7-4695-8e1e-26931d2012f4}","ProviderName":"Service Control Manager","ServiceName":"VMware Alias Manager and Ticket Service","ServiceType":"user mode service","StartType":"auto start","Task":"0","ThreadID":"972","TimeCreated":"2018-01-03T11:24:25.109443187Z","UserID":"S-1-5-18","Version":"0"}}
{"time":"2018-01-03T11:24:25.1249341Z","host":"IE11WIN8_1","user":"S-1-5-18","message":"A service was installed in the system","severity":3,"sequence":"888","source":"eventlog","category":"System","service":"Service Control Manager","fields":{"AccountName":"LocalSystem","Channel":"System","Computer":"IE11WIN8_1","EventIDQualifiers":"16384","EventIDValue":"7045","EventRecordID":"888","ImagePath":"\"C:\\Program Files\\VMware\\VMware Tools\\VMware CAF\\pme\\bin\\ManagementAgentHost.exe\"","Keywords":"9259400833873739776","Level":"4","Opcode":"0","ProcessID":"516","ProviderEventSourceName":"Service Control Manager","ProviderGuid":"{555908d1-a6d7-4695-8e1e-26931d2012f4}","ProviderName":"Service Control Manager","ServiceName":"VMware CAF Management Agent Service","ServiceType":"user mode service","StartType":"auto start","Task":"0","ThreadID":"972","TimeCreated":"2018-01-03T11:24:25.124934434Z","UserID":"S-1-5-18","Version":"0"}}
{"time":"2018-01-03T11:24:26.3125367Z","host":"IE11WIN8_1","user":"S-1-5-18","message":"A service was installed in the system","severity":3,"sequence":"889","source":"eventlog","category":"System","service":"Service Control Manager","fields":{"AccountName":"","Channel":"System","Computer":"IE11WIN8_1","EventIDQualifiers":"16384","EventIDValue":"7045","EventRecordID":"889","ImagePath":"System32\\drivers\\vmci.sys","Keywords":"9259400833873739776","Level":"4","Opcode":"0","ProcessID":"516","ProviderEventSourceName":"Service Control Manager","ProviderGuid":"{555908d1-a6d7-4695-8e1e-26931d2012f4}","ProviderName":"Service Control Manager","ServiceName":"VMware VMCI Bus Driver","ServiceType":"kernel mode driver","StartType":"boot start","Task":"0","ThreadID":"972","TimeCreated":"2018-01-03T11:24:26.312536001Z","UserID":"S-1-5-18","Version":"0"}}
{"time":"2018-01-03T11:24:26.4065314Z","host":"IE11WIN8_1","message":"Undescribed event: vmci: 890","severity":3,"sequence":"890","source":"eventlog","category":"System","service":"vmci","fields":{"Binary":"[0 0 0 0 2 0 40 0 0 0 0 0 3 0 8 64 3 0 8 64 0 0 0 0 0 0 0 0 0 0 0 0 0 0 0 0 0 0 0 0]","Channel":"System","Computer":"IE11WIN8_1","Data":"[ VMCI: Using capabilities (0xc).\n]","EventIDQualifiers":"16392","EventIDValue":"3","EventRecordID":"890","Keywords":"36028797018963968","Level":"4","ProviderName":"vmci","Task":"0","TimeCreated":"2018-01-03T11:24:26.406531095Z"}}
{"time":"2018-01-03T11:24:26.4218121Z","host":"IE11WIN8_1","user":"S-1-5-18","message":"Driver Management concluded the process to install driver $1 for Device Instance ID $4 with the following status: $9","severity":3,"sequence":"891","source":"eventlog","category":"System","service":"Microsoft-Windows-UserPnp","fields":{"Channel":"System","Computer":"IE11WIN8_1","EventID":"20001","EventRecordID":"891","InstallDeviceIDDeviceInstanceID":"PCI\\VEN_15AD\u0026DEV_0740\u0026SUBSYS_074015AD\u0026REV_10\\3\u00262B8E0B4B\u00260\u00263F","InstallDeviceIDDriverDescription":"VMware VMCI Bus Device","InstallDeviceIDDriverName":"vmci.inf_amd64_64189b30c198ca23\\vmci.inf","InstallDeviceIDDriverProvider":"VMware, Inc.","InstallDeviceIDDriverVersion":"9.8.6.0","InstallDeviceIDInstallStatus":"0","InstallDeviceIDIsDriverOEM":"true","InstallDeviceIDRebootOption":"false","InstallDeviceIDSetupClass":"4D36E97D-E325-11CE-BFC1-08002BE10318","InstallDeviceIDUpgradeDevice":"false","Keywords":"9223372036854775808","Level":"4","Opcode":"0","ProcessID":"3236","ProviderGuid":"96F4A050-7E31-453C-88BE-9634F4E02139","ProviderName":"Microsoft-Windows-UserPnp","Task":"7005","ThreadID":"3244","TimeCreated":"2018-01-03T11:24:26.421812772Z","UserID":"S-1-5-18","Version":"0"}}
{"time":"2018-01-03T11:24:26.5623313Z","host":"IE11WIN8_1","message":"Undescribed event: vmci: 892","severity":3,"sequence":"892","source":"eventlog","category":"System","service":"vmci","fields":{"Binary":"[0 0 0 0 2 0 40 0 0 0 0 0 3 0 8 64 3 0 8 64 0 0 0 0 0 0 0 0 0 0 0 0 0 0 0 0 0 0 0 0]","Channel":"System","Computer":"IE11WIN8_1","Data":"[ VMCI: Using capabilities (0xc).\n]","EventIDQualifiers":"16392","EventIDValue":"3","EventRecordID":"892","Keywords":"36028797018963968","Level":"4","ProviderName":"vmci","Task":"0","TimeCreated":"2018-01-03T11:24:26.562331199Z"}}
{"time":"2018-01-03T11:24:26.5779428Z","host":"IE11WIN8_1","user":"S-1-5-18","message":"Driver Management concluded the process to install driver $1 for Device Instance ID $4 with the following status: $9","severity":3,"sequence":"893","source":"eventlog","category":"System","service":"Microsoft-Windows-UserPnp","fields":{"Channel":"System","Computer":"IE11WIN8_1","EventID":"20001","EventRecordID":"893","InstallDeviceIDDeviceInstanceID":"PCI\\VEN_15AD\u0026DEV_0740\u0026SUBSYS_074015AD\u0026REV_10\\3\u00262B8E0B4B\u00260\u00263F","InstallDeviceIDDriverDescription":"VMware VMCI Bus Device","InstallDeviceIDDriverName":"vmci.inf_amd64_64189b30c198ca23\\vmci.inf","InstallDeviceIDDriverProvider":"VMware, Inc.","InstallDeviceIDDriverVersion":"9.8.6.0","InstallDeviceIDInstallStatus":"0","InstallDeviceIDIsDriverOEM":"true","InstallDeviceIDRebootOption":"false","InstallDeviceIDSetupClass":"4D36E97D-E325-11CE-BFC1-08002BE10318","InstallDeviceIDUpgradeDevice":"true","Keywords":"9223372036854775808","Level":"4","Opcode":"0","ProcessID":"3316","ProviderGuid":"96F4A050-7E31-453C-88BE-9634F4E02139","ProviderName":"Microsoft-Windows-UserPnp","Task":"7005","ThreadID":"3320","TimeCreated":"2018-01-03T11:24:26.577942371Z","UserID":"S-1-5-18","Version":"0"}}
{"time":"2018-01-03T11:24:26.7186051Z","host":"IE11WIN8_1","user":"S-1-5-18","message":"Driver Management concluded the process to install driver $1 for Device Instance ID $4 with the following status: $9","severity":3,"sequence":"894","source":"eventlog","category":"System","service":"Microsoft-Windows-UserPnp","fields":{"Channel":"System","Computer":"IE11WIN8_1","EventID":"20001","EventRecordID":"894","InstallDeviceIDDeviceInstanceID":"ROOT\\VMWVMCIHOSTDEV\\0000","InstallDeviceIDDriverDescription":"VMware VMCI Host Device","InstallDeviceIDDriverName":"vmci.inf_amd64_64189b30c198ca23\\vmci.inf","InstallDeviceIDDriverProvider":"VMware, Inc.","InstallDeviceIDDriverVersion":"9.8.6.0","InstallDeviceIDInstallStatus":"0","InstallDeviceIDIsDriverOEM":"true","InstallDeviceIDRebootOption":"false","InstallDeviceIDSetupClass":"4D36E97D-E325-11CE-BFC1-08002BE10318","InstallDeviceIDUpgradeDevice":"false","Keywords":"9223372036854775808","Level":"4","Opcode":"0","ProcessID":"3324","ProviderGuid":"96F4A050-7E31-453C-88BE-9634F4E02139","ProviderName":"Microsoft-Windows-UserPnp","Task":"7005","ThreadID":"3332","TimeCreated":"2018-01-03T11:24:26.718604803Z","UserID":"S-1-5-18","Version":"0"}}
{"time":"2018-01-03T11:24:26.9846998Z","host":"IE11WIN8_1","user":"S-1-5-18","message":"A service was installed in the system","severity":3,"sequence":"895","source":"eventlog","category":"System","service":"Service Control Manager","fields":{"AccountName":"","Channel":"System","Computer":"IE11WIN8_1","EventIDQualifiers":"16384","EventIDValue":"7045","EventRecordID":"895","ImagePath":"\\SystemRoot\\system32\\DRIVERS\\vsock.sys","Keywords":"9259400833873739776","Level":"4","Opcode":"0","ProcessID":"516","ProviderEventSourceName":"Service Control Manager","ProviderGuid":"{555908d1-a6d7-4695-8e1e-26931d2012f4}","ProviderName":"Service Control Manager","ServiceName":"vSockets Virtual Machine Communication Interface Sockets driver","ServiceType":"kernel mode driver","StartType":"system start","Task":"0","ThreadID":"660","TimeCreated":"2018-01-03T11:24:26.984699249Z","UserID":"S-1-5-18","Version":"0"}}
{"time":"2018-01-03T11:24:27.0316957Z","host":"IE11WIN8_1","user":"S-1-5-18","message":"The start type of the Windows Socket 2.0 Non-IFS Service Provider Support Environment service was changed from disabled to system start","severity":3,"sequence":"896","source":"eventlog","category":"System","service":"Service Control Manager","fields":{"Channel":"System","Computer":"IE11WIN8_1","EventIDQualifiers":"16384","EventIDValue":"7040","EventRecordID":"896","Keywords":"9259400833873739776","Level":"4","Opcode":"0","ProcessID":"516","ProviderEventSourceName":"Service Control Manager","ProviderGuid":"{555908d1-a6d7-4695-8e1e-26931d2012f4}","ProviderName":"Service Control Manager","Task":"0","ThreadID":"660","TimeCreated":"2018-01-03T11:24:27.031696081Z","UserID":"S-1-5-18","Version":"0","param1":"Windows Socket 2.0 Non-IFS Service Provider Support Environment","param2":"disabled","param3":"system start","param4":"ws2ifsl"}}
{"time":"2018-01-03T11:24:32.4217688Z","host":"IE11WIN8_1","user":"S-1-5-18","message":"A service was installed in the system","severity":3,"sequence":"897","source":"eventlog","category":"System","service":"Service Control Manager","fields":{"AccountName":"","Channel":"System","Computer":"IE11WIN8_1","EventIDQualifiers":"16384","EventIDValue":"7045","EventRecordID":"897","ImagePath":"\\SystemRoot\\System32\\drivers\\vmmouse.sys","Keywords":"9259400833873739776","Level":"4","Opcode":"0","ProcessID":"516","ProviderEventSourceName":"Service Control Manager","ProviderGuid":"{555908d1-a6d7-4695-8e1e-26931d2012f4}","ProviderName":"Service Control Manager","ServiceName":"VMware Pointing Device","ServiceType":"kernel mode driver","StartType":"demand start","Task":"0","ThreadID":"660","TimeCreated":"2018-01-03T11:24:32.421769618Z","UserID":"S-1-5-18","Version":"0"}}
{"time":"2018-01-03T11:24:32.4998301Z","host":"IE11WIN8_1","user":"S-1-5-18","message":"Driver Management concluded the process to install driver $1 for Device Instance ID $4 with the following status: $9","severity":3,"sequence":"898","source":"eventlog","category":"System","service":"Microsoft-Windows-UserPnp","fields":{"Channel":"System","Computer":"IE11WIN8_1","EventID":"20001","EventRecordID":"898","InstallDeviceIDDeviceInstanceID":"ACPI\\PNP0F13\\4\u0026205AD762\u00260","InstallDeviceIDDriverDescription":"VMware Pointing Device","InstallDeviceIDDriverName":"vmmouse.inf_amd64_31990a165ac530d5\\vmmouse.inf","InstallDeviceIDDriverProvider":"VMware, Inc.","InstallDeviceIDDriverVersion":"12.5.7.0","InstallDeviceIDInstallStatus":"0","InstallDeviceIDIsDriverOEM":"true","InstallDeviceIDRebootOption":"false","InstallDeviceIDSetupClass":"4D36E96F-E325-11CE-BFC1-08002BE10318","InstallDeviceIDUpgradeDevice":"true","Keywords":"9223372036854775808","Level":"4","Opcode":"0","ProcessID":"3780","ProviderGuid":"96F4A050-7E31-453C-88BE-9634F4E02139","ProviderName":"Microsoft-Windows-UserPnp","Task":"7005","ThreadID":"3788","TimeCreated":"2018-01-03T11:24:32.499830484Z","UserID":"S-1-5-18","Version":"0"}}
{"time":"2018-01-03T11:24:32.7966888Z","host":"IE11WIN8_1","user":"S-1-5-18","message":"A service was installed in the system","severity":3,"sequence":"899","source":"eventlog","category":"System","service":"Service Control Manager","fields":{"AccountName":"","Channel":"System","Computer":"IE11WIN8_1","EventIDQualifiers":"16384","EventIDValue":"7045","EventRecordID":"899","ImagePath":"\\SystemRoot\\system32\\DRIVERS\\vmmemctl.sys","Keywords":"9259400833873739776","Level":"4","Opcode":"0","ProcessID":"516","ProviderEventSourceName":"Service Control Manager","ProviderGuid":"{555908d1-a6d7-4695-8e1e-26931d2012f4}","ProviderName":"Service Control Manager","ServiceName":"Memory Control Driver","ServiceType":"kernel mode driver","StartType":"auto start","Task":"0","ThreadID":"660","TimeCreated":"2018-01-03T11:24:32.796688079Z","UserID":"S-1-5-18","Version":"0"}}
{"time":"2018-01-03T11:24:34.1561029Z","host":"IE11WIN8_1","user":"S-1-5-18","message":"A service was installed in the system","severity":3,"sequence":"900","source":"eventlog","category":"System","service":"Service Control Manager","fields":{"AccountName":"","Channel":"System","Computer":"IE11WIN8_1","EventIDQualifiers":"16384","EventIDValue":"7045","EventRecordID":"900","ImagePath":"system32\\DRIVERS\\vmhgfs.sys","Keywords":"9259400833873739776","Level":"4","Opcode":"0","ProcessID":"516","ProviderEventSourceName":"Service Control Manager","ProviderGuid":"{555908d1-a6d7-4695-8e1e-26931d2012f4}","ProviderName":"Service Control Manager","ServiceName":"VMware Host Guest Client Redirector","ServiceType":"kernel mode driver","StartType":"demand start","Task":"0","ThreadID":"660","TimeCreated":"2018-01-03T11:24:34.156102418Z","UserID":"S-1-5-18","Version":"0"}}
{"time":"2018-01-03T11:24:34.4851232Z","host":"IE11WIN8_1","user":"S-1-5-18","message":"A service was installed in the system","severity":3,"sequence":"901","source":"eventlog","category":"System","service":"Service Control Manager","fields":{"AccountName":"","Channel":"System","Computer":"IE11WIN8_1","EventIDQualifiers":"16384","EventIDValue":"7045","EventRecordID":"901","ImagePath":"\\SystemRoot\\system32\\DRIVERS\\vmrawdsk.sys","Keywords":"9259400833873739776","Level":"4","Opcode":"0","ProcessID":"516","ProviderEventSourceName":"Service Control Manager","ProviderGuid":"{555908d1-a6d7-4695-8e1e-26931d2012f4}","ProviderName":"Service Control Manager","ServiceName":"VMware Physical Disk Helper","ServiceType":"kernel mode driver","StartType":"system start","Task":"0","ThreadID":"660","TimeCreated":"2018-01-03T11:24:34.485123157Z","UserID":"S-1-5-18","Version":"0"}}
{"time":"2018-01-03T11:24:36.1248797Z","host":"IE11WIN8_1","user":"S-1-5-18","message":"A service was installed in the system","severity":3,"sequence":"902","source":"eventlog","category":"System","service":"Service Control Manager","fields":{"AccountName":"","Channel":"System","Computer":"IE11WIN8_1","EventIDQualifiers":"16384","EventIDValue":"7045","EventRecordID":"902","ImagePath":"\\SystemRoot\\system32\\DRIVERS\\vm3dmp.sys","Keywords":"9259400833873739776","Level":"4","Opcode":"0","ProcessID":"516","ProviderEventSourceName":"Service Control Manager","ProviderGuid":"{555908d1-a6d7-4695-8e1e-26931d2012f4}","ProviderName":"Service Control Manager","ServiceName":"vm3dmp","ServiceType":"kernel mode driver","StartType":"demand start","Task":"0","ThreadID":"660","TimeCreated":"2018-01-03T11:24:36.124880075Z","UserID":"S-1-5-18","Version":"0"}}
{"time":"2018-01-03T11:24:36.3282432Z","host":"IE11WIN8_1","user":"S-1-5-18","message":"Driver Management has concluded the process to add Service $1 for Device Instance ID $3 with the following status: $6","severity":3,"sequence":"903","source":"eventlog","category":"System","service":"Microsoft-Windows-UserPnp","fields":{"AddServiceIDAddServiceStatus":"0","AddServiceIDDeviceInstanceID":"PCI\\VEN_15AD\u0026DEV_0405\u0026SUBSYS_040515AD\u0026REV_00\\3\u00262B8E0B4B\u00260\u002678","AddServiceIDDriverFileName":"\\SystemRoot\\system32\\DRIVERS\\vm3dmp.sys","AddServiceIDPrimaryService":"true","AddServiceIDServiceName":"vm3dmp","AddServiceIDUpdateService":"true","Channel":"System","Computer":"IE11WIN8_1","EventID":"20003","EventRecordID":"903","Keywords":"9223372036854775808","Level":"4","Opcode":"0","ProcessID":"2920","ProviderGuid":"96F4A050-7E31-453C-88BE-9634F4E02139","ProviderName":"Microsoft-Windows-UserPnp","Task":"7005","ThreadID":"3928","TimeCreated":"2018-01-03T11:24:36.328243255Z","UserID":"S-1-5-18","Version":"0"}}
{"time":"2018-01-03T11:24:36.5467104Z","host":"IE11WIN8_1","user":"S-1-5-18","message":"Driver Management concluded the process to install driver $1 for Device Instance ID $4 with the following status: $9","severity":3,"sequence":"904","source":"eventlog","category":"System","service":"Microsoft-Windows-UserPnp","fields":{"Channel":"System","Computer":"IE11WIN8_1","EventID":"20001","EventRecordID":"904","InstallDeviceIDDeviceInstanceID":"PCI\\VEN_15AD\u0026DEV_0405\u0026SUBSYS_040515AD\u0026REV_00\\3\u00262B8E0B4B\u00260\u002678","InstallDeviceIDDriverDescription":"VMware SVGA 3D","InstallDeviceIDDriverName":"vm3d.inf_amd64_509449bb136edd07\\vm3d.inf","InstallDeviceIDDriverProvider":"VMware, Inc.","InstallDeviceIDDriverVersion":"8.15.1.50","InstallDeviceIDInstallStatus":"0","InstallDeviceIDIsDriverOEM":"true","InstallDeviceIDRebootOption":"false","InstallDeviceIDSetupClass":"4D36E968-E325-11CE-BFC1-08002BE10318","InstallDeviceIDUpgradeDevice":"true","Keywords":"9223372036854775808","Level":"4","Opcode":"0","ProcessID":"2920","ProviderGuid":"96F4A050-7E31-453C-88BE-9634F4E02139","ProviderName":"Microsoft-Windows-UserPnp","Task":"7005","ThreadID":"3928","TimeCreated":"2018-01-03T11:24:36.546710491Z","UserID":"S-1-5-18","Version":"0"}}
{"time":"2018-01-03T11:24:37.7498247Z","host":"IE11WIN8_1","user":"S-1-5-18","message":"A service was installed in the system","severity":3,"sequence":"905","source":"eventlog","category":"System","service":"Service Control Manager","fields":{"AccountName":"LocalSystem","Channel":"System","Computer":"IE11WIN8_1","EventIDQualifiers":"16384","EventIDValue":"7045","EventRecordID":"905","ImagePath":"\"C:\\Program Files\\VMware\\VMware Tools\\vmtoolsd.exe\"","Keywords":"9259400833873739776","Level":"4","Opcode":"0","ProcessID":"516","ProviderEventSourceName":"Service Control Manager","ProviderGuid":"{555908d1-a6d7-4695-8e1e-26931d2012f4}","ProviderName":"Service Control Manager","ServiceName":"VMware Tools","ServiceType":"user mode service","StartType":"auto start","Task":"0","ThreadID":"660","TimeCreated":"2018-01-03T11:24:37.749824047Z","UserID":"S-1-5-18","Version":"0"}}
{"time":"2018-01-03T11:24:37.9063089Z","host":"IE11WIN8_1","message":"The Interactive Services Detection service terminated with the following error:  %%1","severity":8,"sequence":"906","source":"eventlog","category":"System","service":"Service Control Manager","fields":{"Channel":"System","Computer":"IE11WIN8_1","EventIDQualifiers":"49152","EventIDValue":"7023","EventRecordID":"906","Keywords":"9259400833873739776","Level":"2","Opcode":"0","ProcessID":"516","ProviderEventSourceName":"Service Control Manager","ProviderGuid":"{555908d1-a6d7-4695-8e1e-26931d2012f4}","ProviderName":"Service Control Manager","Task":"0","ThreadID":"964","TimeCreated":"2018-01-03T11:24:37.906308889Z","Version":"0","param1":"Interactive Services Detection","param2":"%%1"}}
{"time":"2018-01-03T11:24:40.3904556Z","host":"IE11WIN8_1","user":"S-1-5-18","message":"A service was installed in the system","severity":3,"sequence":"907","source":"eventlog","category":"System","service":"Service Control Manager","fields":{"AccountName":"NT AUTHORITY\\LocalService","Channel":"System","Computer":"IE11WIN8_1","EventIDQualifiers":"16384","EventIDValue":"7045","EventRecordID":"907","ImagePath":"C:\\Windows\\system32\\dllhost.exe /Processid:{260F9BE7-EB50-4306-B7E8-5EB5D9C8B547}","Keywords":"9259400833873739776","Level":"4","Opcode":"0","ProcessID":"516","ProviderEventSourceName":"Service Control Manager","ProviderGuid":"{555908d1-a6d7-4695-8e1e-26931d2012f4}","ProviderName":"Service Control Manager","ServiceName":"VMware Snapshot Provider","ServiceType":"user mode service","StartType":"demand start","Task":"0","ThreadID":"964","TimeCreated":"2018-01-03T11:24:40.390455961Z","UserID":"S-1-5-18","Version":"0"}}
{"time":"2018-01-03T11:25:24.1248358Z","host":"IE11WIN8_1","user":"S-1-5-18","message":"The access history in hive $2 was cleared updating $3 keys and creating $4 modified pages","severity":3,"sequence":"908","source":"eventlog","category":"System","service":"Microsoft-Windows-Kernel-General","fields":{"Channel":"System","Computer":"IE11WIN8_1","DirtyPages":"0","EventID":"16","EventRecordID":"908","HiveName":"\\??\\C:\\Windows\\AppCompat\\Programs\\Amcache.hve.tmp","HiveNameLength":"49","KeysUpdated":"0","Keywords":"9223372036854775808","Level":"4","Opcode":"0","ProcessID":"2636","ProviderGuid":"A68CA8B7-004F-D7B6-A698-07E2DE0F1F5D","ProviderName":"Microsoft-Windows-Kernel-General","Task":"0","ThreadID":"3176","TimeCreated":"2018-01-03T11:25:24.124835252Z","UserID":"S-1-5-18","Version":"0"}}
{"time":"2018-01-03T11:26:39.4837916Z","host":"IE11WIN8_1","message":"Undescribed event: volsnap: 909","severity":8,"sequence":"909","source":"eventlog","category":"System","service":"volsnap","fields":{"Binary":"[0 0 0 0 2 0 48 0 0 0 0 0 36 0 6 192 2 0 0 0 0 0 0 0 0 0 0 0 0 0 0 0 0 0 0 0 0 0 0 0]","Channel":"System","Computer":"IE11WIN8_1","Data":"[\\Device\\HarddiskVolumeShadowCopy1 C:]","EventIDQualifiers":"49158","EventIDValue":"36","EventRecordID":"909","Keywords":"36028797018963968","Level":"2","ProviderName":"volsnap","Task":"0","TimeCreated":"2018-01-03T11:26:39.483792066Z"}}
{"time":"2018-01-03T11:28:07.8168856Z","host":"IE11WIN8_1","message":"The $1 service hung on starting","severity":8,"sequence":"910","source":"eventlog","category":"System","service":"Service Control Manager","fields":{"Binary":"[87 0 105 0 110 0 82 0 77 0 0 0]","Channel":"System","Computer":"IE11WIN8_1","DataName":"param1","DataValue":"Windows Remote Management (WS-Management)","EventIDQualifiers":"49152","EventIDValue":"7022","EventRecordID":"910","Keywords":"9259400833873739776","Level":"2","Opcode":"0","ProcessID":"516","ProviderEventSourceName":"Service Control Manager","ProviderGuid":"{555908d1-a6d7-4695-8e1e-26931d2012f4}","ProviderName":"Service Control Manager","Task":"0","ThreadID":"972","TimeCreated":"2018-01-03T11:28:07.816886425Z","Version":"0"}}
{"time":"2018-01-03T11:29:37Z","host":"IE11WIN8_1","message":"The WinRM service is listening for WS-Management requests","severity":3,"sequence":"911","source":"eventlog","category":"System","service":"Microsoft-Windows-WinRM","fields":{"Channel":"System","Computer":"IE11WIN8_1","EventIDQualifiers":"7","EventIDValue":"10148","EventRecordID":"911","Keywords":"36028797018963968","Level":"4","Name":"Started Listening","Opcode":"0","ProcessID":"0","ProviderEventSourceName":"WinRM","ProviderGuid":"{A7975C8F-AC13-49F1-87DA-5A984A4AB417}","ProviderName":"Microsoft-Windows-WinRM","Task":"0","ThreadID":"0","TimeCreated":"2018-01-03T11:29:37Z","Version":"0"}}
{"time":"2018-01-03T11:29:37Z","host":"IE11WIN8_1","message":"The WinRM service has been configured to accept basic authentication for unsecure HTTP connections","severity":3,"sequence":"912","source":"eventlog","category":"System","service":"Microsoft-Windows-WinRM","fields":{"Channel":"System","Computer":"IE11WIN8_1","EventIDQualifiers":"7","EventIDValue":"10121","EventRecordID":"912","Keywords":"36028797018963968","Level":"4","Opcode":"0","ProcessID":"0","ProviderEventSourceName":"WinRM","ProviderGuid":"{A7975C8F-AC13-49F1-87DA-5A984A4AB417}","ProviderName":"Microsoft-Windows-WinRM","Task":"0","ThreadID":"0","TimeCreated":"2018-01-03T11:29:37Z","Version":"0"}}
{"time":"2018-01-03T11:45:05.7288178Z","host":"IE11WIN8_1","user":"S-1-5-20","message":"Name resolution for the name $1 timed out after none of the configured DNS servers responded","severity":6,"sequence":"913","source":"eventlog","category":"System","service":"Microsoft-Windows-DNS-Client","fields":{"Address":"[2 0 0 0 192 168 108 2 0 0 0 0 0 0 0 0 0 0 0 0 0 0 0 0 0 0 0 0 0 0 0 0 0 0 0 0 0 0 0 0 0 0 0 0 0 0 0 0 0 0 0 0 0 0 0 0 0 0 0 0 0 0 0 0 0 0 0 0 0 0 0 0 0 0 0 0 0 0 0 0 0 0 0 0 0 0 0 0 0 0 0 0 0 0 0 0 0 0 0 0 0 0 0 0 0 0 0 0 0 0 0 0 0 0 0 0 0 0 0 0 0 0 0 0 0 0 0 0]","AddressLength":"128","Channel":"System","Computer":"IE11WIN8_1","EventID":"1014","EventRecordID":"913","Keywords":"4611686018695823360","Level":"3","Opcode":"0","ProcessID":"1000","ProviderGuid":"1C95126E-7EEA-49A9-A3FE-A378B03DDB4D","ProviderName":"Microsoft-Windows-DNS-Client","QueryName":"wpad","Task":"1014","ThreadID":"2032","TimeCreated":"2018-01-03T11:45:05.728817701Z","UserID":"S-1-5-20","Version":"0"}}
{"time":"2018-01-03T11:55:12.7563163Z","host":"IE11WIN8_1","user":"S-1-5-20","message":"Name resolution for the name $1 timed out after none of the configured DNS servers responded","severity":6,"sequence":"914","source":"eventlog","category":"System","service":"Microsoft-Windows-DNS-Client","fields":{"Address":"[2 0 0 0 192 168 108 2 0 0 0 0 0 0 0 0 0 0 0 0 0 0 0 0 0 0 0 0 0 0 0 0 0 0 0 0 0 0 0 0 0 0 0 0 0 0 0 0 0 0 0 0 0 0 0 0 0 0 0 0 0 0 0 0 0 0 0 0 0 0 0 0 0 0 0 0 0 0 0 0 0 0 0 0 0 0 0 0 0 0 0 0 0 0 0 0 0 0 0 0 0 0 0 0 0 0 0 0 0 0 0 0 0 0 0 0 0 0 0 0 0 0 0 0 0 0 0 0]","AddressLength":"128","Channel":"System","Computer":"IE11WIN8_1","EventID":"1014","EventRecordID":"914","Keywords":"4611686018695823360","Level":"3","Opcode":"0","ProcessID":"1000","ProviderGuid":"1C95126E-7EEA-49A9-A3FE-A378B03DDB4D","ProviderName":"Microsoft-Windows-DNS-Client","QueryName":"wpad","Task":"1014","ThreadID":"1336","TimeCreated":"2018-01-03T11:55:12.7563169Z","UserID":"S-1-5-20","Version":"0"}}
{"time":"2018-01-03T12:20:34.7975669Z","host":"IE11WIN8_1","user":"S-1-5-21-3040204872-3082932231-1584796067-1001","message":"The process C:\\Windows\\system32\\shutdown.exe (IE11WIN8_1) has initiated the shutdown of computer IE11WIN8_1 on behalf of user IE11WIN8_1\\IEUser for the following reason: Application: Maintenance (Planned)  Reason Code: 0x80040001  Shutdown Type: shutdown  Comment: ","severity":3,"sequence":"915","source":"eventlog","category":"System","service":"User32","fields":{"Channel":"System","Computer":"IE11WIN8_1","EventIDQualifiers":"32768","EventIDValue":"1074","EventRecordID":"915","Keywords":"9259400833873739776","Level":"4","Opcode":"0","ProcessID":"372","ProviderEventSourceName":"User32","ProviderGuid":"{b0aa8734-56f7-41cc-b2f4-de228e98b946}","ProviderName":"User32","Task":"0","ThreadID":"408","TimeCreated":"2018-01-03T12:20:34.797566413Z","UserID":"S-1-5-21-3040204872-3082932231-1584796067-1001","Version":"0","param1":"C:\\Windows\\system32\\shutdown.exe (IE11WIN8_1)","param2":"IE11WIN8_1","param3":"Application: Maintenance (Planned)","param4":"0x80040001","param5":"shutdown","param6":"","param7":"IE11WIN8_1\\IEUser"}}
{"time":"2018-01-03T12:21:09.2191328Z","host":"IE11WIN8_1","user":"S-1-5-18","message":"User Logoff Notification for Customer Experience Improvement Program","severity":3,"sequence":"916","source":"eventlog","category":"System","service":"Microsoft-Windows-Winlogon","fields":{"Channel":"System","Computer":"IE11WIN8_1","EventID":"7002","EventRecordID":"916","Keywords":"2305843009213693952","Level":"4","Opcode":"0","ProcessID":"476","ProviderGuid":"DBE9B383-7CF3-4331-91CC-A3CB16A3B538","ProviderName":"Microsoft-Windows-Winlogon","TSId":"1","Task":"1102","ThreadID":"744","TimeCreated":"2018-01-03T12:21:09.2191329Z","UserID":"S-1-5-18","UserSid":"S-1-5-21-3040204872-3082932231-1584796067-1001","Version":"0"}}
{"time":"2018-01-03T12:21:10Z","host":"IE11WIN8_1","message":"Undescribed event: EventLog: 917","severity":3,"sequence":"917","source":"eventlog","category":"System","service":"EventLog","fields":{"Binary":"[1 0 0 0 0 0 0 0]","Channel":"System","Computer":"IE11WIN8_1","EventIDQualifiers":"32768","EventIDValue":"6006","EventRecordID":"917","Keywords":"36028797018963968","Level":"4","ProviderName":"EventLog","Task":"0","TimeCreated":"2018-01-03T12:21:10Z"}}
{"time":"2018-01-03T12:21:10.5318038Z","host":"IE11WIN8_1","user":"S-1-5-19","message":"DHCPv6 client service is stopped","severity":3,"sequence":"918","source":"eventlog","category":"System","service":"Microsoft-Windows-DHCPv6-Client","fields":{"Channel":"System","Computer":"IE11WIN8_1","DataName":"DwordVal","DataValue":"1","EventID":"51047","EventRecordID":"918","Keywords":"2305843009213693952","Level":"4","Opcode":"63","ProcessID":"724","ProviderGuid":"6A1F2B00-6A90-4C38-95A5-5CAB3B056778","ProviderName":"Microsoft-Windows-DHCPv6-Client","Task":"4","ThreadID":"1016","TimeCreated":"2018-01-03T12:21:10.531803131Z","UserID":"S-1-5-19","Version":"0"}}
{"time":"2018-01-03T12:21:10.5475577Z","host":"IE11WIN8_1","user":"S-1-5-19","message":"DHCPv4 client service is stopped","severity":3,"sequence":"919","source":"eventlog","category":"System","service":"Microsoft-Windows-Dhcp-Client","fields":{"Channel":"System","Computer":"IE11WIN8_1","DataName":"DwordVal","DataValue":"1","EventID":"50037","EventRecordID":"919","Keywords":"2305843009213693952","Level":"4","Opcode":"69","ProcessID":"724","ProviderGuid":"15A7A4F8-0072-4EAB-ABAD-F98A4D666AED","ProviderName":"Microsoft-Windows-Dhcp-Client","Task":"4","ThreadID":"996","TimeCreated":"2018-01-03T12:21:10.547558307Z","UserID":"S-1-5-19","Version":"0"}}
