Feb 10 2014 14:49:37.669 IACIS-HDD-2014 CEF:1|Fox Forensics|Fox|0.0.0|100|An account was successfully logged on|10|AuthenticationPackageName=- Channel=Security Computer=IACIS-HDD-2014 EventID=4624 EventRecordID=2680 IpAddress=- IpPort=- KeyLength=0 Keywords=9232379236109516800 Level=0 LmPackageName=- LogonGuid=00000000-0000-0000-0000-000000000000 LogonProcessName=- LogonType=0 Opcode=0 ProcessID=512 ProcessId=4 ProviderGuid=54849625-5478-4994-A5BA-3E3B0328C30D ProviderName=Microsoft-Windows-Security-Auditing SubjectDomainName=- SubjectLogonId=0 SubjectUserName=- SubjectUserSid=S-1-0-0 TargetDomainName=NT AUTHORITY TargetLogonId=999 TargetUserName=SYSTEM TargetUserSid=S-1-5-18 Task=12544 ThreadID=516 TimeCreated=2014-02-10T14:49:37.669619083Z TransmittedServices=- Version=0 WorkstationName=-
Feb 10 2014 14:49:37.997 IACIS-HDD-2014 CEF:1|Fox Forensics|Fox|0.0.0|100|The Per-user audit policy table was created|10|Channel=Security Computer=IACIS-HDD-2014 EventID=4902 EventRecordID=2681 Keywords=9232379236109516800 Level=0 Opcode=0 ProcessID=512 ProviderGuid=54849625-5478-4994-A5BA-3E3B0328C30D ProviderName=Microsoft-Windows-Security-Auditing PuaCount=0 PuaPolicyId=36295 Task=13568 ThreadID=564 TimeCreated=2014-02-10T14:49:37.997220754Z Version=0
Feb 10 2014 14:49:38.402 IACIS-HDD-2014 CEF:1|Fox Forensics|Fox|0.0.0|100|Special privileges assigned to new logon|10|Channel=Security Computer=IACIS-HDD-2014 EventID=4672 EventRecordID=2683 Keywords=9232379236109516800 Level=0 Opcode=0 PrivilegeList=SeAssignPrimaryTokenPrivilege     SeTcbPrivilege     SeSecurityPrivilege     SeTakeOwnershipPrivilege     SeLoadDriverPrivilege     SeBackupPrivilege     SeRestorePrivilege     SeDebugPrivilege     SeAuditPrivilege     SeSystemEnvironmentPrivilege     SeImpersonatePrivilege ProcessID=512 ProviderGuid=54849625-5478-4994-A5BA-3E3B0328C30D ProviderName=Microsoft-Windows-Security-Auditing SubjectDomainName=NT AUTHORITY SubjectLogonId=999 SubjectUserName=SYSTEM SubjectUserSid=S-1-5-18 Task=12548 ThreadID=548 TimeCreated=2014-02-10T14:49:38.402820825Z Version=0
Feb 10 2014 14:49:38.402 IACIS-HDD-2014 CEF:1|Fox Forensics|Fox|0.0.0|100|An account was successfully logged on|10|AuthenticationPackageName=Negotiate Channel=Security Computer=IACIS-HDD-2014 EventID=4624 EventRecordID=2682 IpAddress=- IpPort=- KeyLength=0 Keywords=9232379236109516800 Level=0 LmPackageName=- LogonGuid=00000000-0000-0000-0000-000000000000 LogonProcessName=Advapi   LogonType=5 Opcode=0 ProcessID=512 ProcessId=488 ProcessName=C:\\Windows\\System32\\services.exe ProviderGuid=54849625-5478-4994-A5BA-3E3B0328C30D ProviderName=Microsoft-Windows-Security-Auditing SubjectDomainName=WORKGROUP SubjectLogonId=999 SubjectUserName=IACIS-HDD-2014$ SubjectUserSid=S-1-5-18 TargetDomainName=NT AUTHORITY TargetLogonId=999 TargetUserName=SYSTEM TargetUserSid=S-1-5-18 Task=12544 ThreadID=548 TimeCreated=2014-02-10T14:49:38.402820825Z TransmittedServices=- Version=0
Feb 10 2014 14:49:38.699 IACIS-HDD-2014 CEF:1|Fox Forensics|Fox|0.0.0|100|Special privileges assigned to new logon|10|Channel=Security Computer=IACIS-HDD-2014 EventID=4672 EventRecordID=2685 Keywords=9232379236109516800 Level=0 Opcode=0 PrivilegeList=SeAssignPrimaryTokenPrivilege     SeAuditPrivilege     SeImpersonatePrivilege ProcessID=512 ProviderGuid=54849625-5478-4994-A5BA-3E3B0328C30D ProviderName=Microsoft-Windows-Security-Auditing SubjectDomainName=NT AUTHORITY SubjectLogonId=996 SubjectUserName=NETWORK SERVICE SubjectUserSid=S-1-5-20 Task=12548 ThreadID=548 TimeCreated=2014-02-10T14:49:38.699220895Z Version=0
Feb 10 2014 14:49:38.699 IACIS-HDD-2014 CEF:1|Fox Forensics|Fox|0.0.0|100|An account was successfully logged on|10|AuthenticationPackageName=Negotiate Channel=Security Computer=IACIS-HDD-2014 EventID=4624 EventRecordID=2684 IpAddress=- IpPort=- KeyLength=0 Keywords=9232379236109516800 Level=0 LmPackageName=- LogonGuid=00000000-0000-0000-0000-000000000000 LogonProcessName=Advapi   LogonType=5 Opcode=0 ProcessID=512 ProcessId=488 ProcessName=C:\\Windows\\System32\\services.exe ProviderGuid=54849625-5478-4994-A5BA-3E3B0328C30D ProviderName=Microsoft-Windows-Security-Auditing SubjectDomainName=WORKGROUP SubjectLogonId=999 SubjectUserName=IACIS-HDD-2014$ SubjectUserSid=S-1-5-18 TargetDomainName=NT AUTHORITY TargetLogonId=996 TargetUserName=NETWORK SERVICE TargetUserSid=S-1-5-20 Task=12544 ThreadID=548 TimeCreated=2014-02-10T14:49:38.699220895Z TransmittedServices=- Version=0
Feb 10 2014 14:49:38.761 IACIS-HDD-2014 CEF:1|Fox Forensics|Fox|0.0.0|100|An account was successfully logged on|10|AuthenticationPackageName=Negotiate Channel=Security Computer=IACIS-HDD-2014 EventID=4624 EventRecordID=2686 IpAddress=- IpPort=- KeyLength=0 Keywords=9232379236109516800 Level=0 LmPackageName=- LogonGuid=00000000-0000-0000-0000-000000000000 LogonProcessName=Advapi   LogonType=5 Opcode=0 ProcessID=512 ProcessId=488 ProcessName=C:\\Windows\\System32\\services.exe ProviderGuid=54849625-5478-4994-A5BA-3E3B0328C30D ProviderName=Microsoft-Windows-Security-Auditing SubjectDomainName=WORKGROUP SubjectLogonId=999 SubjectUserName=IACIS-HDD-2014$ SubjectUserSid=S-1-5-18 TargetDomainName=NT AUTHORITY TargetLogonId=999 TargetUserName=SYSTEM TargetUserSid=S-1-5-18 Task=12544 ThreadID=548 TimeCreated=2014-02-10T14:49:38.761620759Z TransmittedServices=- Version=0
Feb 10 2014 14:49:38.761 IACIS-HDD-2014 CEF:1|Fox Forensics|Fox|0.0.0|100|Special privileges assigned to new logon|10|Channel=Security Computer=IACIS-HDD-2014 EventID=4672 EventRecordID=2687 Keywords=9232379236109516800 Level=0 Opcode=0 PrivilegeList=SeAssignPrimaryTokenPrivilege     SeTcbPrivilege     SeSecurityPrivilege     SeTakeOwnershipPrivilege     SeLoadDriverPrivilege     SeBackupPrivilege     SeRestorePrivilege     SeDebugPrivilege     SeAuditPrivilege     SeSystemEnvironmentPrivilege     SeImpersonatePrivilege ProcessID=512 ProviderGuid=54849625-5478-4994-A5BA-3E3B0328C30D ProviderName=Microsoft-Windows-Security-Auditing SubjectDomainName=NT AUTHORITY SubjectLogonId=999 SubjectUserName=SYSTEM SubjectUserSid=S-1-5-18 Task=12548 ThreadID=548 TimeCreated=2014-02-10T14:49:38.761620759Z Version=0
Feb 10 2014 14:49:41.741 IACIS-HDD-2014 CEF:1|Fox Forensics|Fox|0.0.0|100|Special privileges assigned to new logon|10|Channel=Security Computer=IACIS-HDD-2014 EventID=4672 EventRecordID=2689 Keywords=9232379236109516800 Level=0 Opcode=0 PrivilegeList=SeAssignPrimaryTokenPrivilege     SeAuditPrivilege     SeImpersonatePrivilege ProcessID=512 ProviderGuid=54849625-5478-4994-A5BA-3E3B0328C30D ProviderName=Microsoft-Windows-Security-Auditing SubjectDomainName=NT AUTHORITY SubjectLogonId=997 SubjectUserName=LOCAL SERVICE SubjectUserSid=S-1-5-19 Task=12548 ThreadID=548 TimeCreated=2014-02-10T14:49:41.741227149Z Version=0
Feb 10 2014 14:49:41.741 IACIS-HDD-2014 CEF:1|Fox Forensics|Fox|0.0.0|100|An account was successfully logged on|10|AuthenticationPackageName=Negotiate Channel=Security Computer=IACIS-HDD-2014 EventID=4624 EventRecordID=2688 IpAddress=- IpPort=- KeyLength=0 Keywords=9232379236109516800 Level=0 LmPackageName=- LogonGuid=00000000-0000-0000-0000-000000000000 LogonProcessName=Advapi   LogonType=5 Opcode=0 ProcessID=512 ProcessId=488 ProcessName=C:\\Windows\\System32\\services.exe ProviderGuid=54849625-5478-4994-A5BA-3E3B0328C30D ProviderName=Microsoft-Windows-Security-Auditing SubjectDomainName=WORKGROUP SubjectLogonId=999 SubjectUserName=IACIS-HDD-2014$ SubjectUserSid=S-1-5-18 TargetDomainName=NT AUTHORITY TargetLogonId=997 TargetUserName=LOCAL SERVICE TargetUserSid=S-1-5-19 Task=12544 ThreadID=548 TimeCreated=2014-02-10T14:49:41.741227149Z TransmittedServices=- Version=0
Feb 10 2014 14:49:41.944 IACIS-HDD-2014 CEF:1|Fox Forensics|Fox|0.0.0|100|Special privileges assigned to new logon|10|Channel=Security Computer=IACIS-HDD-2014 EventID=4672 EventRecordID=2691 Keywords=9232379236109516800 Level=0 Opcode=0 PrivilegeList=SeAssignPrimaryTokenPrivilege     SeTcbPrivilege     SeSecurityPrivilege     SeTakeOwnershipPrivilege     SeLoadDriverPrivilege     SeBackupPrivilege     SeRestorePrivilege     SeDebugPrivilege     SeAuditPrivilege     SeSystemEnvironmentPrivilege     SeImpersonatePrivilege ProcessID=512 ProviderGuid=54849625-5478-4994-A5BA-3E3B0328C30D ProviderName=Microsoft-Windows-Security-Auditing SubjectDomainName=NT AUTHORITY SubjectLogonId=999 SubjectUserName=SYSTEM SubjectUserSid=S-1-5-18 Task=12548 ThreadID=548 TimeCreated=2014-02-10T14:49:41.944027185Z Version=0
Feb 10 2014 14:49:41.944 IACIS-HDD-2014 CEF:1|Fox Forensics|Fox|0.0.0|100|An account was successfully logged on|10|AuthenticationPackageName=Negotiate Channel=Security Computer=IACIS-HDD-2014 EventID=4624 EventRecordID=2690 IpAddress=- IpPort=- KeyLength=0 Keywords=9232379236109516800 Level=0 LmPackageName=- LogonGuid=00000000-0000-0000-0000-000000000000 LogonProcessName=Advapi   LogonType=5 Opcode=0 ProcessID=512 ProcessId=488 ProcessName=C:\\Windows\\System32\\services.exe ProviderGuid=54849625-5478-4994-A5BA-3E3B0328C30D ProviderName=Microsoft-Windows-Security-Auditing SubjectDomainName=WORKGROUP SubjectLogonId=999 SubjectUserName=IACIS-HDD-2014$ SubjectUserSid=S-1-5-18 TargetDomainName=NT AUTHORITY TargetLogonId=999 TargetUserName=SYSTEM TargetUserSid=S-1-5-18 Task=12544 ThreadID=548 TimeCreated=2014-02-10T14:49:41.944027185Z TransmittedServices=- Version=0
Feb 10 2014 14:49:41.975 IACIS-HDD-2014 CEF:1|Fox Forensics|Fox|0.0.0|100|Special privileges assigned to new logon|10|Channel=Security Computer=IACIS-HDD-2014 EventID=4672 EventRecordID=2693 Keywords=9232379236109516800 Level=0 Opcode=0 PrivilegeList=SeAssignPrimaryTokenPrivilege     SeTcbPrivilege     SeSecurityPrivilege     SeTakeOwnershipPrivilege     SeLoadDriverPrivilege     SeBackupPrivilege     SeRestorePrivilege     SeDebugPrivilege     SeAuditPrivilege     SeSystemEnvironmentPrivilege     SeImpersonatePrivilege ProcessID=512 ProviderGuid=54849625-5478-4994-A5BA-3E3B0328C30D ProviderName=Microsoft-Windows-Security-Auditing SubjectDomainName=NT AUTHORITY SubjectLogonId=999 SubjectUserName=SYSTEM SubjectUserSid=S-1-5-18 Task=12548 ThreadID=580 TimeCreated=2014-02-10T14:49:41.975227117Z Version=0
Feb 10 2014 14:49:41.975 IACIS-HDD-2014 CEF:1|Fox Forensics|Fox|0.0.0|100|An account was successfully logged on|10|AuthenticationPackageName=Negotiate Channel=Security Computer=IACIS-HDD-2014 EventID=4624 EventRecordID=2692 IpAddress=- IpPort=- KeyLength=0 Keywords=9232379236109516800 Level=0 LmPackageName=- LogonGuid=00000000-0000-0000-0000-000000000000 LogonProcessName=Advapi   LogonType=5 Opcode=0 ProcessID=512 ProcessId=488 ProcessName=C:\\Windows\\System32\\services.exe ProviderGuid=54849625-5478-4994-A5BA-3E3B0328C30D ProviderName=Microsoft-Windows-Security-Auditing SubjectDomainName=WORKGROUP SubjectLogonId=999 SubjectUserName=IACIS-HDD-2014$ SubjectUserSid=S-1-5-18 TargetDomainName=NT AUTHORITY TargetLogonId=999 TargetUserName=SYSTEM TargetUserSid=S-1-5-18 Task=12544 ThreadID=580 TimeCreated=2014-02-10T14:49:41.975227117Z TransmittedServices=- Version=0
Feb 10 2014 14:49:48.796 IACIS-HDD-2014 CEF:1|Fox Forensics|Fox|0.0.0|100|An account was successfully logged on|10|AuthenticationPackageName=Negotiate Channel=Security Computer=IACIS-HDD-2014 EventID=4624 EventRecordID=2695 IpAddress=- IpPort=- KeyLength=0 Keywords=9232379236109516800 Level=0 LmPackageName=- LogonGuid=00000000-0000-0000-0000-000000000000 LogonProcessName=Advapi   LogonType=5 Opcode=0 ProcessID=512 ProcessId=488 ProcessName=C:\\Windows\\System32\\services.exe ProviderGuid=54849625-5478-4994-A5BA-3E3B0328C30D ProviderName=Microsoft-Windows-Security-Auditing SubjectDomainName=WORKGROUP SubjectLogonId=999 SubjectUserName=IACIS-HDD-2014$ SubjectUserSid=S-1-5-18 TargetDomainName=NT AUTHORITY TargetLogonId=999 TargetUserName=SYSTEM TargetUserSid=S-1-5-18 Task=12544 ThreadID=580 TimeCreated=2014-02-10T14:49:48.796839952Z TransmittedServices=- Version=0
Feb 10 2014 14:49:48.796 IACIS-HDD-2014 CEF:1|Fox Forensics|Fox|0.0.0|100|Special privileges assigned to new logon|10|Channel=Security Computer=IACIS-HDD-2014 EventID=4672 EventRecordID=2696 Keywords=9232379236109516800 Level=0 Opcode=0 PrivilegeList=SeAssignPrimaryTokenPrivilege     SeTcbPrivilege     SeSecurityPrivilege     SeTakeOwnershipPrivilege     SeLoadDriverPrivilege     SeBackupPrivilege     SeRestorePrivilege     SeDebugPrivilege     SeAuditPrivilege     SeSystemEnvironmentPrivilege     SeImpersonatePrivilege ProcessID=512 ProviderGuid=54849625-5478-4994-A5BA-3E3B0328C30D ProviderName=Microsoft-Windows-Security-Auditing SubjectDomainName=NT AUTHORITY SubjectLogonId=999 SubjectUserName=SYSTEM SubjectUserSid=S-1-5-18 Task=12548 ThreadID=580 TimeCreated=2014-02-10T14:49:48.796839952Z Version=0
Feb 10 2014 14:49:52.438 IACIS-HDD-2014 CEF:1|Fox Forensics|Fox|0.0.0|100|An account was successfully logged on|10|AuthenticationPackageName=NTLM Channel=Security Computer=IACIS-HDD-2014 EventID=4624 EventRecordID=2699 IpAddress=- IpPort=- KeyLength=0 Keywords=9232379236109516800 Level=0 LmPackageName=NTLM V1 LogonGuid=00000000-0000-0000-0000-000000000000 LogonProcessName=NtLmSsp  LogonType=3 Opcode=0 ProcessID=512 ProcessId=0 ProcessName=- ProviderGuid=54849625-5478-4994-A5BA-3E3B0328C30D ProviderName=Microsoft-Windows-Security-Auditing SubjectDomainName=- SubjectLogonId=0 SubjectUserName=- SubjectUserSid=S-1-0-0 TargetDomainName=NT AUTHORITY TargetLogonId=117061 TargetUserName=ANONYMOUS LOGON TargetUserSid=S-1-5-7 Task=12544 ThreadID=560 TimeCreated=2014-02-10T14:49:52.438844919Z TransmittedServices=- Version=0
Feb 10 2014 14:50:52.134 IACIS-HDD-2014 CEF:1|Fox Forensics|Fox|0.0.0|100|A logon was attempted using explicit credentials|10|Channel=Security Computer=IACIS-HDD-2014 EventID=4648 EventRecordID=2700 IpAddress=127.0.0.1 IpPort=0 Keywords=9232379236109516800 Level=0 LogonGuid=00000000-0000-0000-0000-000000000000 Opcode=0 ProcessID=512 ProcessId=456 ProcessName=C:\\Windows\\System32\\winlogon.exe ProviderGuid=54849625-5478-4994-A5BA-3E3B0328C30D ProviderName=Microsoft-Windows-Security-Auditing SubjectDomainName=WORKGROUP SubjectLogonId=999 SubjectUserName=IACIS-HDD-2014$ SubjectUserSid=S-1-5-18 TargetDomainName=IACIS-HDD-2014 TargetInfo=localhost TargetLogonGuid=00000000-0000-0000-0000-000000000000 TargetServerName=localhost TargetUserName=Jimmy Wilson Task=12544 ThreadID=560 TimeCreated=2014-02-10T14:50:52.134752035Z Version=0
Feb 10 2014 14:50:52.134 IACIS-HDD-2014 CEF:1|Fox Forensics|Fox|0.0.0|100|An account was successfully logged on|10|AuthenticationPackageName=Negotiate Channel=Security Computer=IACIS-HDD-2014 EventID=4624 EventRecordID=2701 IpAddress=127.0.0.1 IpPort=0 KeyLength=0 Keywords=9232379236109516800 Level=0 LmPackageName=- LogonGuid=00000000-0000-0000-0000-000000000000 LogonProcessName=User32  LogonType=2 Opcode=0 ProcessID=512 ProcessId=456 ProcessName=C:\\Windows\\System32\\winlogon.exe ProviderGuid=54849625-5478-4994-A5BA-3E3B0328C30D ProviderName=Microsoft-Windows-Security-Auditing SubjectDomainName=WORKGROUP SubjectLogonId=999 SubjectUserName=IACIS-HDD-2014$ SubjectUserSid=S-1-5-18 TargetDomainName=IACIS-HDD-2014 TargetLogonId=166261 TargetUserName=Jimmy Wilson TargetUserSid=S-1-5-21-1171287513-3642516788-2358256967-1004 Task=12544 ThreadID=560 TimeCreated=2014-02-10T14:50:52.134752035Z TransmittedServices=- Version=0 WorkstationName=IACIS-HDD-2014
Feb 10 2014 14:50:52.134 IACIS-HDD-2014 CEF:1|Fox Forensics|Fox|0.0.0|100|Special privileges assigned to new logon|10|Channel=Security Computer=IACIS-HDD-2014 EventID=4672 EventRecordID=2703 Keywords=9232379236109516800 Level=0 Opcode=0 PrivilegeList=SeSecurityPrivilege     SeTakeOwnershipPrivilege     SeLoadDriverPrivilege     SeBackupPrivilege     SeRestorePrivilege     SeDebugPrivilege     SeSystemEnvironmentPrivilege     SeImpersonatePrivilege ProcessID=512 ProviderGuid=54849625-5478-4994-A5BA-3E3B0328C30D ProviderName=Microsoft-Windows-Security-Auditing SubjectDomainName=IACIS-HDD-2014 SubjectLogonId=166261 SubjectUserName=Jimmy Wilson SubjectUserSid=S-1-5-21-1171287513-3642516788-2358256967-1004 Task=12548 ThreadID=560 TimeCreated=2014-02-10T14:50:52.134752035Z Version=0
Feb 10 2014 14:50:52.134 IACIS-HDD-2014 CEF:1|Fox Forensics|Fox|0.0.0|100|An account was successfully logged on|10|AuthenticationPackageName=Negotiate Channel=Security Computer=IACIS-HDD-2014 EventID=4624 EventRecordID=2702 IpAddress=127.0.0.1 IpPort=0 KeyLength=0 Keywords=9232379236109516800 Level=0 LmPackageName=- LogonGuid=00000000-0000-0000-0000-000000000000 LogonProcessName=User32  LogonType=2 Opcode=0 ProcessID=512 ProcessId=456 ProcessName=C:\\Windows\\System32\\winlogon.exe ProviderGuid=54849625-5478-4994-A5BA-3E3B0328C30D ProviderName=Microsoft-Windows-Security-Auditing SubjectDomainName=WORKGROUP SubjectLogonId=999 SubjectUserName=IACIS-HDD-2014$ SubjectUserSid=S-1-5-18 TargetDomainName=IACIS-HDD-2014 TargetLogonId=166309 TargetUserName=Jimmy Wilson TargetUserSid=S-1-5-21-1171287513-3642516788-2358256967-1004 Task=12544 ThreadID=560 TimeCreated=2014-02-10T14:50:52.134752035Z TransmittedServices=- Version=0 WorkstationName=IACIS-HDD-2014
Feb 10 2014 14:51:00.688 IACIS-HDD-2014 CEF:1|Fox Forensics|Fox|0.0.0|100|An account was successfully logged on|10|AuthenticationPackageName=Negotiate Channel=Security Computer=IACIS-HDD-2014 EventID=4624 EventRecordID=2704 IpAddress=- IpPort=- KeyLength=0 Keywords=9232379236109516800 Level=0 LmPackageName=- LogonGuid=00000000-0000-0000-0000-000000000000 LogonProcessName=Advapi   LogonType=5 Opcode=0 ProcessID=512 ProcessId=488 ProcessName=C:\\Windows\\System32\\services.exe ProviderGuid=54849625-5478-4994-A5BA-3E3B0328C30D ProviderName=Microsoft-Windows-Security-Auditing SubjectDomainName=WORKGROUP SubjectLogonId=999 SubjectUserName=IACIS-HDD-2014$ SubjectUserSid=S-1-5-18 TargetDomainName=NT AUTHORITY TargetLogonId=999 TargetUserName=SYSTEM TargetUserSid=S-1-5-18 Task=12544 ThreadID=576 TimeCreated=2014-02-10T14:51:00.688366413Z TransmittedServices=- Version=0
Feb 10 2014 14:51:00.688 IACIS-HDD-2014 CEF:1|Fox Forensics|Fox|0.0.0|100|Special privileges assigned to new logon|10|Channel=Security Computer=IACIS-HDD-2014 EventID=4672 EventRecordID=2705 Keywords=9232379236109516800 Level=0 Opcode=0 PrivilegeList=SeAssignPrimaryTokenPrivilege     SeTcbPrivilege     SeSecurityPrivilege     SeTakeOwnershipPrivilege     SeLoadDriverPrivilege     SeBackupPrivilege     SeRestorePrivilege     SeDebugPrivilege     SeAuditPrivilege     SeSystemEnvironmentPrivilege     SeImpersonatePrivilege ProcessID=512 ProviderGuid=54849625-5478-4994-A5BA-3E3B0328C30D ProviderName=Microsoft-Windows-Security-Auditing SubjectDomainName=NT AUTHORITY SubjectLogonId=999 SubjectUserName=SYSTEM SubjectUserSid=S-1-5-18 Task=12548 ThreadID=576 TimeCreated=2014-02-10T14:51:00.688366413Z Version=0
Feb 10 2014 14:57:18.822 IACIS-HDD-2014 CEF:1|Fox Forensics|Fox|0.0.0|100|An account was successfully logged on|10|AuthenticationPackageName=Negotiate Channel=Security Computer=IACIS-HDD-2014 EventID=4624 EventRecordID=2712 IpAddress=- IpPort=- KeyLength=0 Keywords=9232379236109516800 Level=0 LmPackageName=- LogonGuid=00000000-0000-0000-0000-000000000000 LogonProcessName=Advapi   LogonType=5 Opcode=0 ProcessID=512 ProcessId=488 ProcessName=C:\\Windows\\System32\\services.exe ProviderGuid=54849625-5478-4994-A5BA-3E3B0328C30D ProviderName=Microsoft-Windows-Security-Auditing SubjectDomainName=WORKGROUP SubjectLogonId=999 SubjectUserName=IACIS-HDD-2014$ SubjectUserSid=S-1-5-18 TargetDomainName=NT AUTHORITY TargetLogonId=999 TargetUserName=SYSTEM TargetUserSid=S-1-5-18 Task=12544 ThreadID=3984 TimeCreated=2014-02-10T14:57:18.822409629Z TransmittedServices=- Version=0
Feb 10 2014 14:57:18.822 IACIS-HDD-2014 CEF:1|Fox Forensics|Fox|0.0.0|100|Special privileges assigned to new logon|10|Channel=Security Computer=IACIS-HDD-2014 EventID=4672 EventRecordID=2713 Keywords=9232379236109516800 Level=0 Opcode=0 PrivilegeList=SeAssignPrimaryTokenPrivilege     SeTcbPrivilege     SeSecurityPrivilege     SeTakeOwnershipPrivilege     SeLoadDriverPrivilege     SeBackupPrivilege     SeRestorePrivilege     SeDebugPrivilege     SeAuditPrivilege     SeSystemEnvironmentPrivilege     SeImpersonatePrivilege ProcessID=512 ProviderGuid=54849625-5478-4994-A5BA-3E3B0328C30D ProviderName=Microsoft-Windows-Security-Auditing SubjectDomainName=NT AUTHORITY SubjectLogonId=999 SubjectUserName=SYSTEM SubjectUserSid=S-1-5-18 Task=12548 ThreadID=3984 TimeCreated=2014-02-10T14:57:18.822409629Z Version=0
Feb 10 2014 15:01:05.029 IACIS-HDD-2014 CEF:1|Fox Forensics|Fox|0.0.0|100|Special privileges assigned to new logon|10|Channel=Security Computer=IACIS-HDD-2014 EventID=4672 EventRecordID=2718 Keywords=9232379236109516800 Level=0 Opcode=0 PrivilegeList=SeAssignPrimaryTokenPrivilege     SeTcbPrivilege     SeSecurityPrivilege     SeTakeOwnershipPrivilege     SeLoadDriverPrivilege     SeBackupPrivilege     SeRestorePrivilege     SeDebugPrivilege     SeAuditPrivilege     SeSystemEnvironmentPrivilege     SeImpersonatePrivilege ProcessID=512 ProviderGuid=54849625-5478-4994-A5BA-3E3B0328C30D ProviderName=Microsoft-Windows-Security-Auditing SubjectDomainName=NT AUTHORITY SubjectLogonId=999 SubjectUserName=SYSTEM SubjectUserSid=S-1-5-18 Task=12548 ThreadID=576 TimeCreated=2014-02-10T15:01:05.029128074Z Version=0
Feb 10 2014 15:01:05.029 IACIS-HDD-2014 CEF:1|Fox Forensics|Fox|0.0.0|100|An account was successfully logged on|10|AuthenticationPackageName=Negotiate Channel=Security Computer=IACIS-HDD-2014 EventID=4624 EventRecordID=2717 IpAddress=- IpPort=- KeyLength=0 Keywords=9232379236109516800 Level=0 LmPackageName=- LogonGuid=00000000-0000-0000-0000-000000000000 LogonProcessName=Advapi   LogonType=5 Opcode=0 ProcessID=512 ProcessId=488 ProcessName=C:\\Windows\\System32\\services.exe ProviderGuid=54849625-5478-4994-A5BA-3E3B0328C30D ProviderName=Microsoft-Windows-Security-Auditing SubjectDomainName=WORKGROUP SubjectLogonId=999 SubjectUserName=IACIS-HDD-2014$ SubjectUserSid=S-1-5-18 TargetDomainName=NT AUTHORITY TargetLogonId=999 TargetUserName=SYSTEM TargetUserSid=S-1-5-18 Task=12544 ThreadID=576 TimeCreated=2014-02-10T15:01:05.029128074Z TransmittedServices=- Version=0
Feb 10 2014 15:01:05.809 IACIS-HDD-2014 CEF:1|Fox Forensics|Fox|0.0.0|100|An account was successfully logged on|10|AuthenticationPackageName=Negotiate Channel=Security Computer=IACIS-HDD-2014 EventID=4624 EventRecordID=2719 IpAddress=- IpPort=- KeyLength=0 Keywords=9232379236109516800 Level=0 LmPackageName=- LogonGuid=00000000-0000-0000-0000-000000000000 LogonProcessName=Advapi   LogonType=5 Opcode=0 ProcessID=512 ProcessId=488 ProcessName=C:\\Windows\\System32\\services.exe ProviderGuid=54849625-5478-4994-A5BA-3E3B0328C30D ProviderName=Microsoft-Windows-Security-Auditing SubjectDomainName=WORKGROUP SubjectLogonId=999 SubjectUserName=IACIS-HDD-2014$ SubjectUserSid=S-1-5-18 TargetDomainName=NT AUTHORITY TargetLogonId=999 TargetUserName=SYSTEM TargetUserSid=S-1-5-18 Task=12544 ThreadID=576 TimeCreated=2014-02-10T15:01:05.809129714Z TransmittedServices=- Version=0
Feb 10 2014 15:01:05.809 IACIS-HDD-2014 CEF:1|Fox Forensics|Fox|0.0.0|100|Special privileges assigned to new logon|10|Channel=Security Computer=IACIS-HDD-2014 EventID=4672 EventRecordID=2720 Keywords=9232379236109516800 Level=0 Opcode=0 PrivilegeList=SeAssignPrimaryTokenPrivilege     SeTcbPrivilege     SeSecurityPrivilege     SeTakeOwnershipPrivilege     SeLoadDriverPrivilege     SeBackupPrivilege     SeRestorePrivilege     SeDebugPrivilege     SeAuditPrivilege     SeSystemEnvironmentPrivilege     SeImpersonatePrivilege ProcessID=512 ProviderGuid=54849625-5478-4994-A5BA-3E3B0328C30D ProviderName=Microsoft-Windows-Security-Auditing SubjectDomainName=NT AUTHORITY SubjectLogonId=999 SubjectUserName=SYSTEM SubjectUserSid=S-1-5-18 Task=12548 ThreadID=576 TimeCreated=2014-02-10T15:01:05.809129714Z Version=0
Feb 10 2014 15:02:03.388 IACIS-HDD-2014 CEF:1|Fox Forensics|Fox|0.0.0|100|An attempt was made to register a security event source|10|AuditSourceName=VSSAudit Channel=Security Computer=IACIS-HDD-2014 EventID=4904 EventRecordID=2721 EventSourceId=864309 Keywords=9232379236109516800 Level=0 Opcode=0 ProcessID=512 ProcessId=1560 ProcessName=C:\\Windows\\System32\\VSSVC.exe ProviderGuid=54849625-5478-4994-A5BA-3E3B0328C30D ProviderName=Microsoft-Windows-Security-Auditing SubjectDomainName=WORKGROUP SubjectLogonId=999 SubjectUserName=IACIS-HDD-2014$ SubjectUserSid=S-1-5-18 Task=13568 ThreadID=356 TimeCreated=2014-02-10T15:02:03.388830423Z Version=0
Feb 10 2014 15:02:03.388 IACIS-HDD-2014 CEF:1|Fox Forensics|Fox|0.0.0|100|An attempt was made to unregister a security event source|10|AuditSourceName=VSSAudit Channel=Security Computer=IACIS-HDD-2014 EventID=4905 EventRecordID=2722 EventSourceId=864309 Keywords=9232379236109516800 Level=0 Opcode=0 ProcessID=512 ProcessId=1560 ProcessName=C:\\Windows\\System32\\VSSVC.exe ProviderGuid=54849625-5478-4994-A5BA-3E3B0328C30D ProviderName=Microsoft-Windows-Security-Auditing SubjectDomainName=WORKGROUP SubjectLogonId=999 SubjectUserName=IACIS-HDD-2014$ SubjectUserSid=S-1-5-18 Task=13568 ThreadID=356 TimeCreated=2014-02-10T15:02:03.388830423Z Version=0
Feb 10 2014 15:40:16.847 IACIS-HDD-2014 CEF:1|Fox Forensics|Fox|0.0.0|100|Special privileges assigned to new logon|10|Channel=Security Computer=IACIS-HDD-2014 EventID=4672 EventRecordID=2724 Keywords=9232379236109516800 Level=0 Opcode=0 PrivilegeList=SeAssignPrimaryTokenPrivilege     SeTcbPrivilege     SeSecurityPrivilege     SeTakeOwnershipPrivilege     SeLoadDriverPrivilege     SeBackupPrivilege     SeRestorePrivilege     SeDebugPrivilege     SeAuditPrivilege     SeSystemEnvironmentPrivilege     SeImpersonatePrivilege ProcessID=512 ProviderGuid=54849625-5478-4994-A5BA-3E3B0328C30D ProviderName=Microsoft-Windows-Security-Auditing SubjectDomainName=NT AUTHORITY SubjectLogonId=999 SubjectUserName=SYSTEM SubjectUserSid=S-1-5-18 Task=12548 ThreadID=560 TimeCreated=2014-02-10T15:40:16.847556829Z Version=0
Feb 10 2014 15:40:16.847 IACIS-HDD-2014 CEF:1|Fox Forensics|Fox|0.0.0|100|An account was successfully logged on|10|AuthenticationPackageName=Negotiate Channel=Security Computer=IACIS-HDD-2014 EventID=4624 EventRecordID=2723 IpAddress=- IpPort=- KeyLength=0 Keywords=9232379236109516800 Level=0 LmPackageName=- LogonGuid=00000000-0000-0000-0000-000000000000 LogonProcessName=Advapi   LogonType=5 Opcode=0 ProcessID=512 ProcessId=488 ProcessName=C:\\Windows\\System32\\services.exe ProviderGuid=54849625-5478-4994-A5BA-3E3B0328C30D ProviderName=Microsoft-Windows-Security-Auditing SubjectDomainName=WORKGROUP SubjectLogonId=999 SubjectUserName=IACIS-HDD-2014$ SubjectUserSid=S-1-5-18 TargetDomainName=NT AUTHORITY TargetLogonId=999 TargetUserName=SYSTEM TargetUserSid=S-1-5-18 Task=12544 ThreadID=560 TimeCreated=2014-02-10T15:40:16.847556829Z TransmittedServices=- Version=0
Feb 10 2014 15:50:25.997 IACIS-HDD-2014 CEF:1|Fox Forensics|Fox|0.0.0|100|Special privileges assigned to new logon|10|Channel=Security Computer=IACIS-HDD-2014 EventID=4672 EventRecordID=2726 Keywords=9232379236109516800 Level=0 Opcode=0 PrivilegeList=SeAssignPrimaryTokenPrivilege     SeTcbPrivilege     SeSecurityPrivilege     SeTakeOwnershipPrivilege     SeLoadDriverPrivilege     SeBackupPrivilege     SeRestorePrivilege     SeDebugPrivilege     SeAuditPrivilege     SeSystemEnvironmentPrivilege     SeImpersonatePrivilege ProcessID=512 ProviderGuid=54849625-5478-4994-A5BA-3E3B0328C30D ProviderName=Microsoft-Windows-Security-Auditing SubjectDomainName=NT AUTHORITY SubjectLogonId=999 SubjectUserName=SYSTEM SubjectUserSid=S-1-5-18 Task=12548 ThreadID=576 TimeCreated=2014-02-10T15:50:25.997427225Z Version=0
Feb 10 2014 15:50:25.997 IACIS-HDD-2014 CEF:1|Fox Forensics|Fox|0.0.0|100|An account was successfully logged on|10|AuthenticationPackageName=Negotiate Channel=Security Computer=IACIS-HDD-2014 EventID=4624 EventRecordID=2725 IpAddress=- IpPort=- KeyLength=0 Keywords=9232379236109516800 Level=0 LmPackageName=- LogonGuid=00000000-0000-0000-0000-000000000000 LogonProcessName=Advapi   LogonType=5 Opcode=0 ProcessID=512 ProcessId=488 ProcessName=C:\\Windows\\System32\\services.exe ProviderGuid=54849625-5478-4994-A5BA-3E3B0328C30D ProviderName=Microsoft-Windows-Security-Auditing SubjectDomainName=WORKGROUP SubjectLogonId=999 SubjectUserName=IACIS-HDD-2014$ SubjectUserSid=S-1-5-18 TargetDomainName=NT AUTHORITY TargetLogonId=999 TargetUserName=SYSTEM TargetUserSid=S-1-5-18 Task=12544 ThreadID=576 TimeCreated=2014-02-10T15:50:25.997427225Z TransmittedServices=- Version=0
Feb 10 2014 15:50:26.574 IACIS-HDD-2014 CEF:1|Fox Forensics|Fox|0.0.0|100|An account was successfully logged on|10|AuthenticationPackageName=Negotiate Channel=Security Computer=IACIS-HDD-2014 EventID=4624 EventRecordID=2727 IpAddress=- IpPort=- KeyLength=0 Keywords=9232379236109516800 Level=0 LmPackageName=- LogonGuid=00000000-0000-0000-0000-000000000000 LogonProcessName=Advapi   LogonType=5 Opcode=0 ProcessID=512 ProcessId=488 ProcessName=C:\\Windows\\System32\\services.exe ProviderGuid=54849625-5478-4994-A5BA-3E3B0328C30D ProviderName=Microsoft-Windows-Security-Auditing SubjectDomainName=WORKGROUP SubjectLogonId=999 SubjectUserName=IACIS-HDD-2014$ SubjectUserSid=S-1-5-18 TargetDomainName=NT AUTHORITY TargetLogonId=999 TargetUserName=SYSTEM TargetUserSid=S-1-5-18 Task=12544 ThreadID=576 TimeCreated=2014-02-10T15:50:26.574628829Z TransmittedServices=- Version=0
Feb 10 2014 15:50:26.574 IACIS-HDD-2014 CEF:1|Fox Forensics|Fox|0.0.0|100|Special privileges assigned to new logon|10|Channel=Security Computer=IACIS-HDD-2014 EventID=4672 EventRecordID=2728 Keywords=9232379236109516800 Level=0 Opcode=0 PrivilegeList=SeAssignPrimaryTokenPrivilege     SeTcbPrivilege     SeSecurityPrivilege     SeTakeOwnershipPrivilege     SeLoadDriverPrivilege     SeBackupPrivilege     SeRestorePrivilege     SeDebugPrivilege     SeAuditPrivilege     SeSystemEnvironmentPrivilege     SeImpersonatePrivilege ProcessID=512 ProviderGuid=54849625-5478-4994-A5BA-3E3B0328C30D ProviderName=Microsoft-Windows-Security-Auditing SubjectDomainName=NT AUTHORITY SubjectLogonId=999 SubjectUserName=SYSTEM SubjectUserSid=S-1-5-18 Task=12548 ThreadID=576 TimeCreated=2014-02-10T15:50:26.574628829Z Version=0
Feb 10 2014 15:51:21.611 IACIS-HDD-2014 CEF:1|Fox Forensics|Fox|0.0.0|100|An account was successfully logged on|10|AuthenticationPackageName=Negotiate Channel=Security Computer=IACIS-HDD-2014 EventID=4624 EventRecordID=2729 IpAddress=- IpPort=- KeyLength=0 Keywords=9232379236109516800 Level=0 LmPackageName=- LogonGuid=00000000-0000-0000-0000-000000000000 LogonProcessName=Advapi   LogonType=5 Opcode=0 ProcessID=512 ProcessId=488 ProcessName=C:\\Windows\\System32\\services.exe ProviderGuid=54849625-5478-4994-A5BA-3E3B0328C30D ProviderName=Microsoft-Windows-Security-Auditing SubjectDomainName=WORKGROUP SubjectLogonId=999 SubjectUserName=IACIS-HDD-2014$ SubjectUserSid=S-1-5-18 TargetDomainName=NT AUTHORITY TargetLogonId=999 TargetUserName=SYSTEM TargetUserSid=S-1-5-18 Task=12544 ThreadID=576 TimeCreated=2014-02-10T15:51:21.61152482Z TransmittedServices=- Version=0
Feb 10 2014 15:51:21.611 IACIS-HDD-2014 CEF:1|Fox Forensics|Fox|0.0.0|100|Special privileges assigned to new logon|10|Channel=Security Computer=IACIS-HDD-2014 EventID=4672 EventRecordID=2730 Keywords=9232379236109516800 Level=0 Opcode=0 PrivilegeList=SeAssignPrimaryTokenPrivilege     SeTcbPrivilege     SeSecurityPrivilege     SeTakeOwnershipPrivilege     SeLoadDriverPrivilege     SeBackupPrivilege     SeRestorePrivilege     SeDebugPrivilege     SeAuditPrivilege     SeSystemEnvironmentPrivilege     SeImpersonatePrivilege ProcessID=512 ProviderGuid=54849625-5478-4994-A5BA-3E3B0328C30D ProviderName=Microsoft-Windows-Security-Auditing SubjectDomainName=NT AUTHORITY SubjectLogonId=999 SubjectUserName=SYSTEM SubjectUserSid=S-1-5-18 Task=12548 ThreadID=576 TimeCreated=2014-02-10T15:51:21.61152482Z Version=0
Feb 10 2014 18:25:49.837 IACIS-HDD-2014 CEF:1|Fox Forensics|Fox|0.0.0|100|A logon was attempted using explicit credentials|10|Channel=Security Computer=IACIS-HDD-2014 EventID=4648 EventRecordID=2731 IpAddress=127.0.0.1 IpPort=0 Keywords=9232379236109516800 Level=0 LogonGuid=00000000-0000-0000-0000-000000000000 Opcode=0 ProcessID=512 ProcessId=456 ProcessName=C:\\Windows\\System32\\winlogon.exe ProviderGuid=54849625-5478-4994-A5BA-3E3B0328C30D ProviderName=Microsoft-Windows-Security-Auditing SubjectDomainName=WORKGROUP SubjectLogonId=999 SubjectUserName=IACIS-HDD-2014$ SubjectUserSid=S-1-5-18 TargetDomainName=IACIS-HDD-2014 TargetInfo=localhost TargetLogonGuid=00000000-0000-0000-0000-000000000000 TargetServerName=localhost TargetUserName=Jimmy Wilson Task=12544 ThreadID=560 TimeCreated=2014-02-10T18:25:49.837403297Z Version=0
Feb 10 2014 18:25:49.837 IACIS-HDD-2014 CEF:1|Fox Forensics|Fox|0.0.0|100|Special privileges assigned to new logon|10|Channel=Security Computer=IACIS-HDD-2014 EventID=4672 EventRecordID=2734 Keywords=9232379236109516800 Level=0 Opcode=0 PrivilegeList=SeSecurityPrivilege     SeTakeOwnershipPrivilege     SeLoadDriverPrivilege     SeBackupPrivilege     SeRestorePrivilege     SeDebugPrivilege     SeSystemEnvironmentPrivilege     SeImpersonatePrivilege ProcessID=512 ProviderGuid=54849625-5478-4994-A5BA-3E3B0328C30D ProviderName=Microsoft-Windows-Security-Auditing SubjectDomainName=IACIS-HDD-2014 SubjectLogonId=2136095 SubjectUserName=Jimmy Wilson SubjectUserSid=S-1-5-21-1171287513-3642516788-2358256967-1004 Task=12548 ThreadID=560 TimeCreated=2014-02-10T18:25:49.837403297Z Version=0
Feb 10 2014 18:25:49.837 IACIS-HDD-2014 CEF:1|Fox Forensics|Fox|0.0.0|100|An account was successfully logged on|10|AuthenticationPackageName=Negotiate Channel=Security Computer=IACIS-HDD-2014 EventID=4624 EventRecordID=2732 IpAddress=127.0.0.1 IpPort=0 KeyLength=0 Keywords=9232379236109516800 Level=0 LmPackageName=- LogonGuid=00000000-0000-0000-0000-000000000000 LogonProcessName=User32  LogonType=7 Opcode=0 ProcessID=512 ProcessId=456 ProcessName=C:\\Windows\\System32\\winlogon.exe ProviderGuid=54849625-5478-4994-A5BA-3E3B0328C30D ProviderName=Microsoft-Windows-Security-Auditing SubjectDomainName=WORKGROUP SubjectLogonId=999 SubjectUserName=IACIS-HDD-2014$ SubjectUserSid=S-1-5-18 TargetDomainName=IACIS-HDD-2014 TargetLogonId=2136095 TargetUserName=Jimmy Wilson TargetUserSid=S-1-5-21-1171287513-3642516788-2358256967-1004 Task=12544 ThreadID=560 TimeCreated=2014-02-10T18:25:49.837403297Z TransmittedServices=- Version=0 WorkstationName=IACIS-HDD-2014
Feb 10 2014 18:25:49.837 IACIS-HDD-2014 CEF:1|Fox Forensics|Fox|0.0.0|100|An account was successfully logged on|10|AuthenticationPackageName=Negotiate Channel=Security Computer=IACIS-HDD-2014 EventID=4624 EventRecordID=2733 IpAddress=127.0.0.1 IpPort=0 KeyLength=0 Keywords=9232379236109516800 Level=0 LmPackageName=- LogonGuid=00000000-0000-0000-0000-000000000000 LogonProcessName=User32  LogonType=7 Opcode=0 ProcessID=512 ProcessId=456 ProcessName=C:\\Windows\\System32\\winlogon.exe ProviderGuid=54849625-5478-4994-A5BA-3E3B0328C30D ProviderName=Microsoft-Windows-Security-Auditing SubjectDomainName=WORKGROUP SubjectLogonId=999 SubjectUserName=IACIS-HDD-2014$ SubjectUserSid=S-1-5-18 TargetDomainName=IACIS-HDD-2014 TargetLogonId=2136109 TargetUserName=Jimmy Wilson TargetUserSid=S-1-5-21-1171287513-3642516788-2358256967-1004 Task=12544 ThreadID=560 TimeCreated=2014-02-10T18:25:49.837403297Z TransmittedServices=- Version=0 WorkstationName=IACIS-HDD-2014
Feb 11 2014 13:24:32.513 IACIS-HDD-2014 CEF:1|Fox Forensics|Fox|0.0.0|100|An account was successfully logged on|10|AuthenticationPackageName=- Channel=Security Computer=IACIS-HDD-2014 EventID=4624 EventRecordID=2740 IpAddress=- IpPort=- KeyLength=0 Keywords=9232379236109516800 Level=0 LmPackageName=- LogonGuid=00000000-0000-0000-0000-000000000000 LogonProcessName=- LogonType=0 Opcode=0 ProcessID=512 ProcessId=4 ProviderGuid=54849625-5478-4994-A5BA-3E3B0328C30D ProviderName=Microsoft-Windows-Security-Auditing SubjectDomainName=- SubjectLogonId=0 SubjectUserName=- SubjectUserSid=S-1-0-0 TargetDomainName=NT AUTHORITY TargetLogonId=999 TargetUserName=SYSTEM TargetUserSid=S-1-5-18 Task=12544 ThreadID=516 TimeCreated=2014-02-11T13:24:32.513619184Z TransmittedServices=- Version=0 WorkstationName=-
Feb 11 2014 13:24:32.981 IACIS-HDD-2014 CEF:1|Fox Forensics|Fox|0.0.0|100|The Per-user audit policy table was created|10|Channel=Security Computer=IACIS-HDD-2014 EventID=4902 EventRecordID=2741 Keywords=9232379236109516800 Level=0 Opcode=0 ProcessID=512 ProviderGuid=54849625-5478-4994-A5BA-3E3B0328C30D ProviderName=Microsoft-Windows-Security-Auditing PuaCount=0 PuaPolicyId=36433 Task=13568 ThreadID=568 TimeCreated=2014-02-11T13:24:32.981620788Z Version=0
Feb 11 2014 13:24:33.262 IACIS-HDD-2014 CEF:1|Fox Forensics|Fox|0.0.0|100|An account was successfully logged on|10|AuthenticationPackageName=Negotiate Channel=Security Computer=IACIS-HDD-2014 EventID=4624 EventRecordID=2742 IpAddress=- IpPort=- KeyLength=0 Keywords=9232379236109516800 Level=0 LmPackageName=- LogonGuid=00000000-0000-0000-0000-000000000000 LogonProcessName=Advapi   LogonType=5 Opcode=0 ProcessID=512 ProcessId=488 ProcessName=C:\\Windows\\System32\\services.exe ProviderGuid=54849625-5478-4994-A5BA-3E3B0328C30D ProviderName=Microsoft-Windows-Security-Auditing SubjectDomainName=WORKGROUP SubjectLogonId=999 SubjectUserName=IACIS-HDD-2014$ SubjectUserSid=S-1-5-18 TargetDomainName=NT AUTHORITY TargetLogonId=999 TargetUserName=SYSTEM TargetUserSid=S-1-5-18 Task=12544 ThreadID=584 TimeCreated=2014-02-11T13:24:33.262420892Z TransmittedServices=- Version=0
Feb 11 2014 13:24:33.262 IACIS-HDD-2014 CEF:1|Fox Forensics|Fox|0.0.0|100|Special privileges assigned to new logon|10|Channel=Security Computer=IACIS-HDD-2014 EventID=4672 EventRecordID=2743 Keywords=9232379236109516800 Level=0 Opcode=0 PrivilegeList=SeAssignPrimaryTokenPrivilege     SeTcbPrivilege     SeSecurityPrivilege     SeTakeOwnershipPrivilege     SeLoadDriverPrivilege     SeBackupPrivilege     SeRestorePrivilege     SeDebugPrivilege     SeAuditPrivilege     SeSystemEnvironmentPrivilege     SeImpersonatePrivilege ProcessID=512 ProviderGuid=54849625-5478-4994-A5BA-3E3B0328C30D ProviderName=Microsoft-Windows-Security-Auditing SubjectDomainName=NT AUTHORITY SubjectLogonId=999 SubjectUserName=SYSTEM SubjectUserSid=S-1-5-18 Task=12548 ThreadID=584 TimeCreated=2014-02-11T13:24:33.262420892Z Version=0
Feb 11 2014 13:24:33.465 IACIS-HDD-2014 CEF:1|Fox Forensics|Fox|0.0.0|100|Special privileges assigned to new logon|10|Channel=Security Computer=IACIS-HDD-2014 EventID=4672 EventRecordID=2745 Keywords=9232379236109516800 Level=0 Opcode=0 PrivilegeList=SeAssignPrimaryTokenPrivilege     SeAuditPrivilege     SeImpersonatePrivilege ProcessID=512 ProviderGuid=54849625-5478-4994-A5BA-3E3B0328C30D ProviderName=Microsoft-Windows-Security-Auditing SubjectDomainName=NT AUTHORITY SubjectLogonId=996 SubjectUserName=NETWORK SERVICE SubjectUserSid=S-1-5-20 Task=12548 ThreadID=584 TimeCreated=2014-02-11T13:24:33.465220689Z Version=0
Feb 11 2014 13:24:33.465 IACIS-HDD-2014 CEF:1|Fox Forensics|Fox|0.0.0|100|An account was successfully logged on|10|AuthenticationPackageName=Negotiate Channel=Security Computer=IACIS-HDD-2014 EventID=4624 EventRecordID=2744 IpAddress=- IpPort=- KeyLength=0 Keywords=9232379236109516800 Level=0 LmPackageName=- LogonGuid=00000000-0000-0000-0000-000000000000 LogonProcessName=Advapi   LogonType=5 Opcode=0 ProcessID=512 ProcessId=488 ProcessName=C:\\Windows\\System32\\services.exe ProviderGuid=54849625-5478-4994-A5BA-3E3B0328C30D ProviderName=Microsoft-Windows-Security-Auditing SubjectDomainName=WORKGROUP SubjectLogonId=999 SubjectUserName=IACIS-HDD-2014$ SubjectUserSid=S-1-5-18 TargetDomainName=NT AUTHORITY TargetLogonId=996 TargetUserName=NETWORK SERVICE TargetUserSid=S-1-5-20 Task=12544 ThreadID=584 TimeCreated=2014-02-11T13:24:33.465220689Z TransmittedServices=- Version=0
Feb 11 2014 13:24:33.512 IACIS-HDD-2014 CEF:1|Fox Forensics|Fox|0.0.0|100|An account was successfully logged on|10|AuthenticationPackageName=Negotiate Channel=Security Computer=IACIS-HDD-2014 EventID=4624 EventRecordID=2746 IpAddress=- IpPort=- KeyLength=0 Keywords=9232379236109516800 Level=0 LmPackageName=- LogonGuid=00000000-0000-0000-0000-000000000000 LogonProcessName=Advapi   LogonType=5 Opcode=0 ProcessID=512 ProcessId=488 ProcessName=C:\\Windows\\System32\\services.exe ProviderGuid=54849625-5478-4994-A5BA-3E3B0328C30D ProviderName=Microsoft-Windows-Security-Auditing SubjectDomainName=WORKGROUP SubjectLogonId=999 SubjectUserName=IACIS-HDD-2014$ SubjectUserSid=S-1-5-18 TargetDomainName=NT AUTHORITY TargetLogonId=999 TargetUserName=SYSTEM TargetUserSid=S-1-5-18 Task=12544 ThreadID=584 TimeCreated=2014-02-11T13:24:33.512020826Z TransmittedServices=- Version=0
Feb 11 2014 13:24:33.512 IACIS-HDD-2014 CEF:1|Fox Forensics|Fox|0.0.0|100|Special privileges assigned to new logon|10|Channel=Security Computer=IACIS-HDD-2014 EventID=4672 EventRecordID=2747 Keywords=9232379236109516800 Level=0 Opcode=0 PrivilegeList=SeAssignPrimaryTokenPrivilege     SeTcbPrivilege     SeSecurityPrivilege     SeTakeOwnershipPrivilege     SeLoadDriverPrivilege     SeBackupPrivilege     SeRestorePrivilege     SeDebugPrivilege     SeAuditPrivilege     SeSystemEnvironmentPrivilege     SeImpersonatePrivilege ProcessID=512 ProviderGuid=54849625-5478-4994-A5BA-3E3B0328C30D ProviderName=Microsoft-Windows-Security-Auditing SubjectDomainName=NT AUTHORITY SubjectLogonId=999 SubjectUserName=SYSTEM SubjectUserSid=S-1-5-18 Task=12548 ThreadID=584 TimeCreated=2014-02-11T13:24:33.512020826Z Version=0
Feb 11 2014 13:24:36.507 IACIS-HDD-2014 CEF:1|Fox Forensics|Fox|0.0.0|100|An account was successfully logged on|10|AuthenticationPackageName=Negotiate Channel=Security Computer=IACIS-HDD-2014 EventID=4624 EventRecordID=2748 IpAddress=- IpPort=- KeyLength=0 Keywords=9232379236109516800 Level=0 LmPackageName=- LogonGuid=00000000-0000-0000-0000-000000000000 LogonProcessName=Advapi   LogonType=5 Opcode=0 ProcessID=512 ProcessId=488 ProcessName=C:\\Windows\\System32\\services.exe ProviderGuid=54849625-5478-4994-A5BA-3E3B0328C30D ProviderName=Microsoft-Windows-Security-Auditing SubjectDomainName=WORKGROUP SubjectLogonId=999 SubjectUserName=IACIS-HDD-2014$ SubjectUserSid=S-1-5-18 TargetDomainName=NT AUTHORITY TargetLogonId=997 TargetUserName=LOCAL SERVICE TargetUserSid=S-1-5-19 Task=12544 ThreadID=580 TimeCreated=2014-02-11T13:24:36.507225513Z TransmittedServices=- Version=0
Feb 11 2014 13:24:36.507 IACIS-HDD-2014 CEF:1|Fox Forensics|Fox|0.0.0|100|Special privileges assigned to new logon|10|Channel=Security Computer=IACIS-HDD-2014 EventID=4672 EventRecordID=2749 Keywords=9232379236109516800 Level=0 Opcode=0 PrivilegeList=SeAssignPrimaryTokenPrivilege     SeAuditPrivilege     SeImpersonatePrivilege ProcessID=512 ProviderGuid=54849625-5478-4994-A5BA-3E3B0328C30D ProviderName=Microsoft-Windows-Security-Auditing SubjectDomainName=NT AUTHORITY SubjectLogonId=997 SubjectUserName=LOCAL SERVICE SubjectUserSid=S-1-5-19 Task=12548 ThreadID=580 TimeCreated=2014-02-11T13:24:36.507225513Z Version=0
Feb 11 2014 13:24:36.694 IACIS-HDD-2014 CEF:1|Fox Forensics|Fox|0.0.0|100|Special privileges assigned to new logon|10|Channel=Security Computer=IACIS-HDD-2014 EventID=4672 EventRecordID=2751 Keywords=9232379236109516800 Level=0 Opcode=0 PrivilegeList=SeAssignPrimaryTokenPrivilege     SeTcbPrivilege     SeSecurityPrivilege     SeTakeOwnershipPrivilege     SeLoadDriverPrivilege     SeBackupPrivilege     SeRestorePrivilege     SeDebugPrivilege     SeAuditPrivilege     SeSystemEnvironmentPrivilege     SeImpersonatePrivilege ProcessID=512 ProviderGuid=54849625-5478-4994-A5BA-3E3B0328C30D ProviderName=Microsoft-Windows-Security-Auditing SubjectDomainName=NT AUTHORITY SubjectLogonId=999 SubjectUserName=SYSTEM SubjectUserSid=S-1-5-18 Task=12548 ThreadID=580 TimeCreated=2014-02-11T13:24:36.694427251Z Version=0
Feb 11 2014 13:24:36.694 IACIS-HDD-2014 CEF:1|Fox Forensics|Fox|0.0.0|100|An account was successfully logged on|10|AuthenticationPackageName=Negotiate Channel=Security Computer=IACIS-HDD-2014 EventID=4624 EventRecordID=2750 IpAddress=- IpPort=- KeyLength=0 Keywords=9232379236109516800 Level=0 LmPackageName=- LogonGuid=00000000-0000-0000-0000-000000000000 LogonProcessName=Advapi   LogonType=5 Opcode=0 ProcessID=512 ProcessId=488 ProcessName=C:\\Windows\\System32\\services.exe ProviderGuid=54849625-5478-4994-A5BA-3E3B0328C30D ProviderName=Microsoft-Windows-Security-Auditing SubjectDomainName=WORKGROUP SubjectLogonId=999 SubjectUserName=IACIS-HDD-2014$ SubjectUserSid=S-1-5-18 TargetDomainName=NT AUTHORITY TargetLogonId=999 TargetUserName=SYSTEM TargetUserSid=S-1-5-18 Task=12544 ThreadID=580 TimeCreated=2014-02-11T13:24:36.694427251Z TransmittedServices=- Version=0
Feb 11 2014 13:24:36.710 IACIS-HDD-2014 CEF:1|Fox Forensics|Fox|0.0.0|100|Special privileges assigned to new logon|10|Channel=Security Computer=IACIS-HDD-2014 EventID=4672 EventRecordID=2753 Keywords=9232379236109516800 Level=0 Opcode=0 PrivilegeList=SeAssignPrimaryTokenPrivilege     SeTcbPrivilege     SeSecurityPrivilege     SeTakeOwnershipPrivilege     SeLoadDriverPrivilege     SeBackupPrivilege     SeRestorePrivilege     SeDebugPrivilege     SeAuditPrivilege     SeSystemEnvironmentPrivilege     SeImpersonatePrivilege ProcessID=512 ProviderGuid=54849625-5478-4994-A5BA-3E3B0328C30D ProviderName=Microsoft-Windows-Security-Auditing SubjectDomainName=NT AUTHORITY SubjectLogonId=999 SubjectUserName=SYSTEM SubjectUserSid=S-1-5-18 Task=12548 ThreadID=580 TimeCreated=2014-02-11T13:24:36.710027217Z Version=0
Feb 11 2014 13:24:36.710 IACIS-HDD-2014 CEF:1|Fox Forensics|Fox|0.0.0|100|An account was successfully logged on|10|AuthenticationPackageName=Negotiate Channel=Security Computer=IACIS-HDD-2014 EventID=4624 EventRecordID=2752 IpAddress=- IpPort=- KeyLength=0 Keywords=9232379236109516800 Level=0 LmPackageName=- LogonGuid=00000000-0000-0000-0000-000000000000 LogonProcessName=Advapi   LogonType=5 Opcode=0 ProcessID=512 ProcessId=488 ProcessName=C:\\Windows\\System32\\services.exe ProviderGuid=54849625-5478-4994-A5BA-3E3B0328C30D ProviderName=Microsoft-Windows-Security-Auditing SubjectDomainName=WORKGROUP SubjectLogonId=999 SubjectUserName=IACIS-HDD-2014$ SubjectUserSid=S-1-5-18 TargetDomainName=NT AUTHORITY TargetLogonId=999 TargetUserName=SYSTEM TargetUserSid=S-1-5-18 Task=12544 ThreadID=580 TimeCreated=2014-02-11T13:24:36.710027217Z TransmittedServices=- Version=0
Feb 11 2014 13:24:42.530 IACIS-HDD-2014 CEF:1|Fox Forensics|Fox|0.0.0|100|Special privileges assigned to new logon|10|Channel=Security Computer=IACIS-HDD-2014 EventID=4672 EventRecordID=2756 Keywords=9232379236109516800 Level=0 Opcode=0 PrivilegeList=SeAssignPrimaryTokenPrivilege     SeTcbPrivilege     SeSecurityPrivilege     SeTakeOwnershipPrivilege     SeLoadDriverPrivilege     SeBackupPrivilege     SeRestorePrivilege     SeDebugPrivilege     SeAuditPrivilege     SeSystemEnvironmentPrivilege     SeImpersonatePrivilege ProcessID=512 ProviderGuid=54849625-5478-4994-A5BA-3E3B0328C30D ProviderName=Microsoft-Windows-Security-Auditing SubjectDomainName=NT AUTHORITY SubjectLogonId=999 SubjectUserName=SYSTEM SubjectUserSid=S-1-5-18 Task=12548 ThreadID=548 TimeCreated=2014-02-11T13:24:42.530038356Z Version=0
Feb 11 2014 13:24:42.530 IACIS-HDD-2014 CEF:1|Fox Forensics|Fox|0.0.0|100|An account was successfully logged on|10|AuthenticationPackageName=Negotiate Channel=Security Computer=IACIS-HDD-2014 EventID=4624 EventRecordID=2755 IpAddress=- IpPort=- KeyLength=0 Keywords=9232379236109516800 Level=0 LmPackageName=- LogonGuid=00000000-0000-0000-0000-000000000000 LogonProcessName=Advapi   LogonType=5 Opcode=0 ProcessID=512 ProcessId=488 ProcessName=C:\\Windows\\System32\\services.exe ProviderGuid=54849625-5478-4994-A5BA-3E3B0328C30D ProviderName=Microsoft-Windows-Security-Auditing SubjectDomainName=WORKGROUP SubjectLogonId=999 SubjectUserName=IACIS-HDD-2014$ SubjectUserSid=S-1-5-18 TargetDomainName=NT AUTHORITY TargetLogonId=999 TargetUserName=SYSTEM TargetUserSid=S-1-5-18 Task=12544 ThreadID=548 TimeCreated=2014-02-11T13:24:42.530038356Z TransmittedServices=- Version=0
Feb 11 2014 13:24:45.346 IACIS-HDD-2014 CEF:1|Fox Forensics|Fox|0.0.0|100|An account was successfully logged on|10|AuthenticationPackageName=NTLM Channel=Security Computer=IACIS-HDD-2014 EventID=4624 EventRecordID=2759 IpAddress=- IpPort=- KeyLength=0 Keywords=9232379236109516800 Level=0 LmPackageName=NTLM V1 LogonGuid=00000000-0000-0000-0000-000000000000 LogonProcessName=NtLmSsp  LogonType=3 Opcode=0 ProcessID=512 ProcessId=0 ProcessName=- ProviderGuid=54849625-5478-4994-A5BA-3E3B0328C30D ProviderName=Microsoft-Windows-Security-Auditing SubjectDomainName=- SubjectLogonId=0 SubjectUserName=- SubjectUserSid=S-1-0-0 TargetDomainName=NT AUTHORITY TargetLogonId=113286 TargetUserName=ANONYMOUS LOGON TargetUserSid=S-1-5-7 Task=12544 ThreadID=564 TimeCreated=2014-02-11T13:24:45.346049547Z TransmittedServices=- Version=0
Feb 11 2014 13:25:17.104 IACIS-HDD-2014 CEF:1|Fox Forensics|Fox|0.0.0|100|A logon was attempted using explicit credentials|10|Channel=Security Computer=IACIS-HDD-2014 EventID=4648 EventRecordID=2760 IpAddress=127.0.0.1 IpPort=0 Keywords=9232379236109516800 Level=0 LogonGuid=00000000-0000-0000-0000-000000000000 Opcode=0 ProcessID=512 ProcessId=456 ProcessName=C:\\Windows\\System32\\winlogon.exe ProviderGuid=54849625-5478-4994-A5BA-3E3B0328C30D ProviderName=Microsoft-Windows-Security-Auditing SubjectDomainName=WORKGROUP SubjectLogonId=999 SubjectUserName=IACIS-HDD-2014$ SubjectUserSid=S-1-5-18 TargetDomainName=IACIS-HDD-2014 TargetInfo=localhost TargetLogonGuid=00000000-0000-0000-0000-000000000000 TargetServerName=localhost TargetUserName=Jimmy Wilson Task=12544 ThreadID=548 TimeCreated=2014-02-11T13:25:17.104713678Z Version=0
