{"ecs":{"version":"9.1.0"},"agent":{"type":"fox","version":"0.0.0"},"host":{"hostname":"IACIS-HDD-2014"},"user":{},"event":{"id":"276","kind":"event","module":"eventlog","dataset":"eventlog.Security","severity":10,"provider":"Microsoft-Windows-Security-Auditing","original":"{\"time\":\"2014-01-25T13:25:17.3364594Z\",\"host\":\"IACIS-HDD-2014\",\"message\":\"An account was successfully logged on\",\"severity\":10,\"sequence\":\"276\",\"source\":\"eventlog\",\"category\":\"Security\",\"service\":\"Microsoft-Windows-Security-Auditing\",\"fields\":{\"AuthenticationPackageName\":\"Negotiate\",\"Channel\":\"Security\",\"Computer\":\"IACIS-HDD-2014\",\"EventID\":\"4624\",\"EventRecordID\":\"276\",\"IpAddress\":\"-\",\"IpPort\":\"-\",\"KeyLength\":\"0\",\"Keywords\":\"9232379236109516800\",\"Level\":\"0\",\"LmPackageName\":\"-\",\"LogonGuid\":\"00000000-0000-0000-0000-000000000000\",\"LogonProcessName\":\"Advapi  \",\"LogonType\":\"5\",\"Opcode\":\"0\",\"ProcessID\":\"484\",\"ProcessId\":\"476\",\"ProcessName\":\"C:\\\\Windows\\\\System32\\\\services.exe\",\"ProviderGuid\":\"54849625-5478-4994-A5BA-3E3B0328C30D\",\"ProviderName\":\"Microsoft-Windows-Security-Auditing\",\"SubjectDomainName\":\"WORKGROUP\",\"SubjectLogonId\":\"999\",\"SubjectUserName\":\"IACIS-HDD-2014$\",\"SubjectUserSid\":\"S-1-5-18\",\"TargetDomainName\":\"NT AUTHORITY\",\"TargetLogonId\":\"999\",\"TargetUserName\":\"SYSTEM\",\"TargetUserSid\":\"S-1-5-18\",\"Task\":\"12544\",\"ThreadID\":\"588\",\"TimeCreated\":\"2014-01-25T13:25:17.336459159Z\",\"TransmittedServices\":\"-\",\"Version\":\"0\",\"WorkstationName\":\"\"}}","hash":"13118f830dde1a67","code":"4624"},"labels":{"AuthenticationPackageName":"Negotiate","Channel":"Security","Computer":"IACIS-HDD-2014","EventID":"4624","EventRecordID":"276","IpAddress":"-","IpPort":"-","KeyLength":"0","Keywords":"9232379236109516800","Level":"0","LmPackageName":"-","LogonGuid":"00000000-0000-0000-0000-000000000000","LogonProcessName":"Advapi  ","LogonType":"5","Opcode":"0","ProcessID":"484","ProcessId":"476","ProcessName":"C:\\Windows\\System32\\services.exe","ProviderGuid":"54849625-5478-4994-A5BA-3E3B0328C30D","ProviderName":"Microsoft-Windows-Security-Auditing","SubjectDomainName":"WORKGROUP","SubjectLogonId":"999","SubjectUserName":"IACIS-HDD-2014$","SubjectUserSid":"S-1-5-18","TargetDomainName":"NT AUTHORITY","TargetLogonId":"999","TargetUserName":"SYSTEM","TargetUserSid":"S-1-5-18","Task":"12544","ThreadID":"588","TimeCreated":"2014-01-25T13:25:17.336459159Z","TransmittedServices":"-","Version":"0","WorkstationName":""},"@timestamp":"2014-01-25T13:25:17.3364594Z","message":"An account was successfully logged on"}
{"ecs":{"version":"9.1.0"},"agent":{"type":"fox","version":"0.0.0"},"host":{"hostname":"IACIS-HDD-2014"},"user":{},"event":{"id":"277","kind":"event","module":"eventlog","dataset":"eventlog.Security","severity":10,"provider":"Microsoft-Windows-Security-Auditing","original":"{\"time\":\"2014-01-25T13:25:17.3364594Z\",\"host\":\"IACIS-HDD-2014\",\"message\":\"Special privileges assigned to new logon\",\"severity\":10,\"sequence\":\"277\",\"source\":\"eventlog\",\"category\":\"Security\",\"service\":\"Microsoft-Windows-Security-Auditing\",\"fields\":{\"Channel\":\"Security\",\"Computer\":\"IACIS-HDD-2014\",\"EventID\":\"4672\",\"EventRecordID\":\"277\",\"Keywords\":\"9232379236109516800\",\"Level\":\"0\",\"Opcode\":\"0\",\"PrivilegeList\":\"SeAssignPrimaryTokenPrivilege\\r\\n\\t\\t\\tSeTcbPrivilege\\r\\n\\t\\t\\tSeSecurityPrivilege\\r\\n\\t\\t\\tSeTakeOwnershipPrivilege\\r\\n\\t\\t\\tSeLoadDriverPrivilege\\r\\n\\t\\t\\tSeBackupPrivilege\\r\\n\\t\\t\\tSeRestorePrivilege\\r\\n\\t\\t\\tSeDebugPrivilege\\r\\n\\t\\t\\tSeAuditPrivilege\\r\\n\\t\\t\\tSeSystemEnvironmentPrivilege\\r\\n\\t\\t\\tSeImpersonatePrivilege\",\"ProcessID\":\"484\",\"ProviderGuid\":\"54849625-5478-4994-A5BA-3E3B0328C30D\",\"ProviderName\":\"Microsoft-Windows-Security-Auditing\",\"SubjectDomainName\":\"NT AUTHORITY\",\"SubjectLogonId\":\"999\",\"SubjectUserName\":\"SYSTEM\",\"SubjectUserSid\":\"S-1-5-18\",\"Task\":\"12548\",\"ThreadID\":\"588\",\"TimeCreated\":\"2014-01-25T13:25:17.336459159Z\",\"Version\":\"0\"}}","hash":"cb133e5e988c6d5d","code":"4672"},"labels":{"Channel":"Security","Computer":"IACIS-HDD-2014","EventID":"4672","EventRecordID":"277","Keywords":"9232379236109516800","Level":"0","Opcode":"0","PrivilegeList":"SeAssignPrimaryTokenPrivilege\r\n\t\t\tSeTcbPrivilege\r\n\t\t\tSeSecurityPrivilege\r\n\t\t\tSeTakeOwnershipPrivilege\r\n\t\t\tSeLoadDriverPrivilege\r\n\t\t\tSeBackupPrivilege\r\n\t\t\tSeRestorePrivilege\r\n\t\t\tSeDebugPrivilege\r\n\t\t\tSeAuditPrivilege\r\n\t\t\tSeSystemEnvironmentPrivilege\r\n\t\t\tSeImpersonatePrivilege","ProcessID":"484","ProviderGuid":"54849625-5478-4994-A5BA-3E3B0328C30D","ProviderName":"Microsoft-Windows-Security-Auditing","SubjectDomainName":"NT AUTHORITY","SubjectLogonId":"999","SubjectUserName":"SYSTEM","SubjectUserSid":"S-1-5-18","Task":"12548","ThreadID":"588","TimeCreated":"2014-01-25T13:25:17.336459159Z","Version":"0"},"@timestamp":"2014-01-25T13:25:17.3364594Z","message":"Special privileges assigned to new logon"}
{"ecs":{"version":"9.1.0"},"agent":{"type":"fox","version":"0.0.0"},"host":{"hostname":"IACIS-HDD-2014"},"user":{},"event":{"id":"278","kind":"event","module":"eventlog","dataset":"eventlog.Security","severity":10,"provider":"Microsoft-Windows-Security-Auditing","original":"{\"time\":\"2014-01-25T13:25:17.7108601Z\",\"host\":\"IACIS-HDD-2014\",\"message\":\"An account was successfully logged on\",\"severity\":10,\"sequence\":\"278\",\"source\":\"eventlog\",\"category\":\"Security\",\"service\":\"Microsoft-Windows-Security-Auditing\",\"fields\":{\"AuthenticationPackageName\":\"Negotiate\",\"Channel\":\"Security\",\"Computer\":\"IACIS-HDD-2014\",\"EventID\":\"4624\",\"EventRecordID\":\"278\",\"IpAddress\":\"-\",\"IpPort\":\"-\",\"KeyLength\":\"0\",\"Keywords\":\"9232379236109516800\",\"Level\":\"0\",\"LmPackageName\":\"-\",\"LogonGuid\":\"00000000-0000-0000-0000-000000000000\",\"LogonProcessName\":\"Advapi  \",\"LogonType\":\"5\",\"Opcode\":\"0\",\"ProcessID\":\"484\",\"ProcessId\":\"476\",\"ProcessName\":\"C:\\\\Windows\\\\System32\\\\services.exe\",\"ProviderGuid\":\"54849625-5478-4994-A5BA-3E3B0328C30D\",\"ProviderName\":\"Microsoft-Windows-Security-Auditing\",\"SubjectDomainName\":\"WORKGROUP\",\"SubjectLogonId\":\"999\",\"SubjectUserName\":\"IACIS-HDD-2014$\",\"SubjectUserSid\":\"S-1-5-18\",\"TargetDomainName\":\"NT AUTHORITY\",\"TargetLogonId\":\"996\",\"TargetUserName\":\"NETWORK SERVICE\",\"TargetUserSid\":\"S-1-5-20\",\"Task\":\"12544\",\"ThreadID\":\"588\",\"TimeCreated\":\"2014-01-25T13:25:17.710860729Z\",\"TransmittedServices\":\"-\",\"Version\":\"0\",\"WorkstationName\":\"\"}}","hash":"eff9dd0641699a81","code":"4624"},"labels":{"AuthenticationPackageName":"Negotiate","Channel":"Security","Computer":"IACIS-HDD-2014","EventID":"4624","EventRecordID":"278","IpAddress":"-","IpPort":"-","KeyLength":"0","Keywords":"9232379236109516800","Level":"0","LmPackageName":"-","LogonGuid":"00000000-0000-0000-0000-000000000000","LogonProcessName":"Advapi  ","LogonType":"5","Opcode":"0","ProcessID":"484","ProcessId":"476","ProcessName":"C:\\Windows\\System32\\services.exe","ProviderGuid":"54849625-5478-4994-A5BA-3E3B0328C30D","ProviderName":"Microsoft-Windows-Security-Auditing","SubjectDomainName":"WORKGROUP","SubjectLogonId":"999","SubjectUserName":"IACIS-HDD-2014$","SubjectUserSid":"S-1-5-18","TargetDomainName":"NT AUTHORITY","TargetLogonId":"996","TargetUserName":"NETWORK SERVICE","TargetUserSid":"S-1-5-20","Task":"12544","ThreadID":"588","TimeCreated":"2014-01-25T13:25:17.710860729Z","TransmittedServices":"-","Version":"0","WorkstationName":""},"@timestamp":"2014-01-25T13:25:17.7108601Z","message":"An account was successfully logged on"}
{"ecs":{"version":"9.1.0"},"agent":{"type":"fox","version":"0.0.0"},"host":{"hostname":"IACIS-HDD-2014"},"user":{},"event":{"id":"279","kind":"event","module":"eventlog","dataset":"eventlog.Security","severity":10,"provider":"Microsoft-Windows-Security-Auditing","original":"{\"time\":\"2014-01-25T13:25:17.7108601Z\",\"host\":\"IACIS-HDD-2014\",\"message\":\"Special privileges assigned to new logon\",\"severity\":10,\"sequence\":\"279\",\"source\":\"eventlog\",\"category\":\"Security\",\"service\":\"Microsoft-Windows-Security-Auditing\",\"fields\":{\"Channel\":\"Security\",\"Computer\":\"IACIS-HDD-2014\",\"EventID\":\"4672\",\"EventRecordID\":\"279\",\"Keywords\":\"9232379236109516800\",\"Level\":\"0\",\"Opcode\":\"0\",\"PrivilegeList\":\"SeAssignPrimaryTokenPrivilege\\r\\n\\t\\t\\tSeAuditPrivilege\\r\\n\\t\\t\\tSeImpersonatePrivilege\",\"ProcessID\":\"484\",\"ProviderGuid\":\"54849625-5478-4994-A5BA-3E3B0328C30D\",\"ProviderName\":\"Microsoft-Windows-Security-Auditing\",\"SubjectDomainName\":\"NT AUTHORITY\",\"SubjectLogonId\":\"996\",\"SubjectUserName\":\"NETWORK SERVICE\",\"SubjectUserSid\":\"S-1-5-20\",\"Task\":\"12548\",\"ThreadID\":\"588\",\"TimeCreated\":\"2014-01-25T13:25:17.710860729Z\",\"Version\":\"0\"}}","hash":"45bd4dad42b6ca92","code":"4672"},"labels":{"Channel":"Security","Computer":"IACIS-HDD-2014","EventID":"4672","EventRecordID":"279","Keywords":"9232379236109516800","Level":"0","Opcode":"0","PrivilegeList":"SeAssignPrimaryTokenPrivilege\r\n\t\t\tSeAuditPrivilege\r\n\t\t\tSeImpersonatePrivilege","ProcessID":"484","ProviderGuid":"54849625-5478-4994-A5BA-3E3B0328C30D","ProviderName":"Microsoft-Windows-Security-Auditing","SubjectDomainName":"NT AUTHORITY","SubjectLogonId":"996","SubjectUserName":"NETWORK SERVICE","SubjectUserSid":"S-1-5-20","Task":"12548","ThreadID":"588","TimeCreated":"2014-01-25T13:25:17.710860729Z","Version":"0"},"@timestamp":"2014-01-25T13:25:17.7108601Z","message":"Special privileges assigned to new logon"}
{"ecs":{"version":"9.1.0"},"agent":{"type":"fox","version":"0.0.0"},"host":{"hostname":"IACIS-HDD-2014"},"user":{},"event":{"id":"281","kind":"event","module":"eventlog","dataset":"eventlog.Security","severity":10,"provider":"Microsoft-Windows-Security-Auditing","original":"{\"time\":\"2014-01-25T13:25:17.8512603Z\",\"host\":\"IACIS-HDD-2014\",\"message\":\"Special privileges assigned to new logon\",\"severity\":10,\"sequence\":\"281\",\"source\":\"eventlog\",\"category\":\"Security\",\"service\":\"Microsoft-Windows-Security-Auditing\",\"fields\":{\"Channel\":\"Security\",\"Computer\":\"IACIS-HDD-2014\",\"EventID\":\"4672\",\"EventRecordID\":\"281\",\"Keywords\":\"9232379236109516800\",\"Level\":\"0\",\"Opcode\":\"0\",\"PrivilegeList\":\"SeAssignPrimaryTokenPrivilege\\r\\n\\t\\t\\tSeAuditPrivilege\\r\\n\\t\\t\\tSeImpersonatePrivilege\",\"ProcessID\":\"484\",\"ProviderGuid\":\"54849625-5478-4994-A5BA-3E3B0328C30D\",\"ProviderName\":\"Microsoft-Windows-Security-Auditing\",\"SubjectDomainName\":\"NT AUTHORITY\",\"SubjectLogonId\":\"997\",\"SubjectUserName\":\"LOCAL SERVICE\",\"SubjectUserSid\":\"S-1-5-19\",\"Task\":\"12548\",\"ThreadID\":\"588\",\"TimeCreated\":\"2014-01-25T13:25:17.8512609Z\",\"Version\":\"0\"}}","hash":"14e69c6e068a0c21","code":"4672"},"labels":{"Channel":"Security","Computer":"IACIS-HDD-2014","EventID":"4672","EventRecordID":"281","Keywords":"9232379236109516800","Level":"0","Opcode":"0","PrivilegeList":"SeAssignPrimaryTokenPrivilege\r\n\t\t\tSeAuditPrivilege\r\n\t\t\tSeImpersonatePrivilege","ProcessID":"484","ProviderGuid":"54849625-5478-4994-A5BA-3E3B0328C30D","ProviderName":"Microsoft-Windows-Security-Auditing","SubjectDomainName":"NT AUTHORITY","SubjectLogonId":"997","SubjectUserName":"LOCAL SERVICE","SubjectUserSid":"S-1-5-19","Task":"12548","ThreadID":"588","TimeCreated":"2014-01-25T13:25:17.8512609Z","Version":"0"},"@timestamp":"2014-01-25T13:25:17.8512603Z","message":"Special privileges assigned to new logon"}
{"ecs":{"version":"9.1.0"},"agent":{"type":"fox","version":"0.0.0"},"host":{"hostname":"IACIS-HDD-2014"},"user":{},"event":{"id":"280","kind":"event","module":"eventlog","dataset":"eventlog.Security","severity":10,"provider":"Microsoft-Windows-Security-Auditing","original":"{\"time\":\"2014-01-25T13:25:17.8512603Z\",\"host\":\"IACIS-HDD-2014\",\"message\":\"An account was successfully logged on\",\"severity\":10,\"sequence\":\"280\",\"source\":\"eventlog\",\"category\":\"Security\",\"service\":\"Microsoft-Windows-Security-Auditing\",\"fields\":{\"AuthenticationPackageName\":\"Negotiate\",\"Channel\":\"Security\",\"Computer\":\"IACIS-HDD-2014\",\"EventID\":\"4624\",\"EventRecordID\":\"280\",\"IpAddress\":\"-\",\"IpPort\":\"-\",\"KeyLength\":\"0\",\"Keywords\":\"9232379236109516800\",\"Level\":\"0\",\"LmPackageName\":\"-\",\"LogonGuid\":\"00000000-0000-0000-0000-000000000000\",\"LogonProcessName\":\"Advapi  \",\"LogonType\":\"5\",\"Opcode\":\"0\",\"ProcessID\":\"484\",\"ProcessId\":\"476\",\"ProcessName\":\"C:\\\\Windows\\\\System32\\\\services.exe\",\"ProviderGuid\":\"54849625-5478-4994-A5BA-3E3B0328C30D\",\"ProviderName\":\"Microsoft-Windows-Security-Auditing\",\"SubjectDomainName\":\"WORKGROUP\",\"SubjectLogonId\":\"999\",\"SubjectUserName\":\"IACIS-HDD-2014$\",\"SubjectUserSid\":\"S-1-5-18\",\"TargetDomainName\":\"NT AUTHORITY\",\"TargetLogonId\":\"997\",\"TargetUserName\":\"LOCAL SERVICE\",\"TargetUserSid\":\"S-1-5-19\",\"Task\":\"12544\",\"ThreadID\":\"588\",\"TimeCreated\":\"2014-01-25T13:25:17.8512609Z\",\"TransmittedServices\":\"-\",\"Version\":\"0\",\"WorkstationName\":\"\"}}","hash":"ec93af9249c211fc","code":"4624"},"labels":{"AuthenticationPackageName":"Negotiate","Channel":"Security","Computer":"IACIS-HDD-2014","EventID":"4624","EventRecordID":"280","IpAddress":"-","IpPort":"-","KeyLength":"0","Keywords":"9232379236109516800","Level":"0","LmPackageName":"-","LogonGuid":"00000000-0000-0000-0000-000000000000","LogonProcessName":"Advapi  ","LogonType":"5","Opcode":"0","ProcessID":"484","ProcessId":"476","ProcessName":"C:\\Windows\\System32\\services.exe","ProviderGuid":"54849625-5478-4994-A5BA-3E3B0328C30D","ProviderName":"Microsoft-Windows-Security-Auditing","SubjectDomainName":"WORKGROUP","SubjectLogonId":"999","SubjectUserName":"IACIS-HDD-2014$","SubjectUserSid":"S-1-5-18","TargetDomainName":"NT AUTHORITY","TargetLogonId":"997","TargetUserName":"LOCAL SERVICE","TargetUserSid":"S-1-5-19","Task":"12544","ThreadID":"588","TimeCreated":"2014-01-25T13:25:17.8512609Z","TransmittedServices":"-","Version":"0","WorkstationName":""},"@timestamp":"2014-01-25T13:25:17.8512603Z","message":"An account was successfully logged on"}
{"ecs":{"version":"9.1.0"},"agent":{"type":"fox","version":"0.0.0"},"host":{"hostname":"IACIS-HDD-2014"},"user":{},"event":{"id":"285","kind":"event","module":"eventlog","dataset":"eventlog.Security","severity":10,"provider":"Microsoft-Windows-Security-Auditing","original":"{\"time\":\"2014-01-25T13:25:18.5532616Z\",\"host\":\"IACIS-HDD-2014\",\"message\":\"Special privileges assigned to new logon\",\"severity\":10,\"sequence\":\"285\",\"source\":\"eventlog\",\"category\":\"Security\",\"service\":\"Microsoft-Windows-Security-Auditing\",\"fields\":{\"Channel\":\"Security\",\"Computer\":\"IACIS-HDD-2014\",\"EventID\":\"4672\",\"EventRecordID\":\"285\",\"Keywords\":\"9232379236109516800\",\"Level\":\"0\",\"Opcode\":\"0\",\"PrivilegeList\":\"SeAssignPrimaryTokenPrivilege\\r\\n\\t\\t\\tSeTcbPrivilege\\r\\n\\t\\t\\tSeSecurityPrivilege\\r\\n\\t\\t\\tSeTakeOwnershipPrivilege\\r\\n\\t\\t\\tSeLoadDriverPrivilege\\r\\n\\t\\t\\tSeBackupPrivilege\\r\\n\\t\\t\\tSeRestorePrivilege\\r\\n\\t\\t\\tSeDebugPrivilege\\r\\n\\t\\t\\tSeAuditPrivilege\\r\\n\\t\\t\\tSeSystemEnvironmentPrivilege\\r\\n\\t\\t\\tSeImpersonatePrivilege\",\"ProcessID\":\"484\",\"ProviderGuid\":\"54849625-5478-4994-A5BA-3E3B0328C30D\",\"ProviderName\":\"Microsoft-Windows-Security-Auditing\",\"SubjectDomainName\":\"NT AUTHORITY\",\"SubjectLogonId\":\"999\",\"SubjectUserName\":\"SYSTEM\",\"SubjectUserSid\":\"S-1-5-18\",\"Task\":\"12548\",\"ThreadID\":\"588\",\"TimeCreated\":\"2014-01-25T13:25:18.553260803Z\",\"Version\":\"0\"}}","hash":"a1ead9784e50ffd8","code":"4672"},"labels":{"Channel":"Security","Computer":"IACIS-HDD-2014","EventID":"4672","EventRecordID":"285","Keywords":"9232379236109516800","Level":"0","Opcode":"0","PrivilegeList":"SeAssignPrimaryTokenPrivilege\r\n\t\t\tSeTcbPrivilege\r\n\t\t\tSeSecurityPrivilege\r\n\t\t\tSeTakeOwnershipPrivilege\r\n\t\t\tSeLoadDriverPrivilege\r\n\t\t\tSeBackupPrivilege\r\n\t\t\tSeRestorePrivilege\r\n\t\t\tSeDebugPrivilege\r\n\t\t\tSeAuditPrivilege\r\n\t\t\tSeSystemEnvironmentPrivilege\r\n\t\t\tSeImpersonatePrivilege","ProcessID":"484","ProviderGuid":"54849625-5478-4994-A5BA-3E3B0328C30D","ProviderName":"Microsoft-Windows-Security-Auditing","SubjectDomainName":"NT AUTHORITY","SubjectLogonId":"999","SubjectUserName":"SYSTEM","SubjectUserSid":"S-1-5-18","Task":"12548","ThreadID":"588","TimeCreated":"2014-01-25T13:25:18.553260803Z","Version":"0"},"@timestamp":"2014-01-25T13:25:18.5532616Z","message":"Special privileges assigned to new logon"}
{"ecs":{"version":"9.1.0"},"agent":{"type":"fox","version":"0.0.0"},"host":{"hostname":"IACIS-HDD-2014"},"user":{},"event":{"id":"282","kind":"event","module":"eventlog","dataset":"eventlog.Security","severity":10,"provider":"Microsoft-Windows-Security-Auditing","original":"{\"time\":\"2014-01-25T13:25:18.5532616Z\",\"host\":\"IACIS-HDD-2014\",\"message\":\"An account was successfully logged on\",\"severity\":10,\"sequence\":\"282\",\"source\":\"eventlog\",\"category\":\"Security\",\"service\":\"Microsoft-Windows-Security-Auditing\",\"fields\":{\"AuthenticationPackageName\":\"Negotiate\",\"Channel\":\"Security\",\"Computer\":\"IACIS-HDD-2014\",\"EventID\":\"4624\",\"EventRecordID\":\"282\",\"IpAddress\":\"-\",\"IpPort\":\"-\",\"KeyLength\":\"0\",\"Keywords\":\"9232379236109516800\",\"Level\":\"0\",\"LmPackageName\":\"-\",\"LogonGuid\":\"00000000-0000-0000-0000-000000000000\",\"LogonProcessName\":\"Advapi  \",\"LogonType\":\"5\",\"Opcode\":\"0\",\"ProcessID\":\"484\",\"ProcessId\":\"476\",\"ProcessName\":\"C:\\\\Windows\\\\System32\\\\services.exe\",\"ProviderGuid\":\"54849625-5478-4994-A5BA-3E3B0328C30D\",\"ProviderName\":\"Microsoft-Windows-Security-Auditing\",\"SubjectDomainName\":\"WORKGROUP\",\"SubjectLogonId\":\"999\",\"SubjectUserName\":\"IACIS-HDD-2014$\",\"SubjectUserSid\":\"S-1-5-18\",\"TargetDomainName\":\"NT AUTHORITY\",\"TargetLogonId\":\"999\",\"TargetUserName\":\"SYSTEM\",\"TargetUserSid\":\"S-1-5-18\",\"Task\":\"12544\",\"ThreadID\":\"588\",\"TimeCreated\":\"2014-01-25T13:25:18.553260803Z\",\"TransmittedServices\":\"-\",\"Version\":\"0\",\"WorkstationName\":\"\"}}","hash":"760a59fc6ef683de","code":"4624"},"labels":{"AuthenticationPackageName":"Negotiate","Channel":"Security","Computer":"IACIS-HDD-2014","EventID":"4624","EventRecordID":"282","IpAddress":"-","IpPort":"-","KeyLength":"0","Keywords":"9232379236109516800","Level":"0","LmPackageName":"-","LogonGuid":"00000000-0000-0000-0000-000000000000","LogonProcessName":"Advapi  ","LogonType":"5","Opcode":"0","ProcessID":"484","ProcessId":"476","ProcessName":"C:\\Windows\\System32\\services.exe","ProviderGuid":"54849625-5478-4994-A5BA-3E3B0328C30D","ProviderName":"Microsoft-Windows-Security-Auditing","SubjectDomainName":"WORKGROUP","SubjectLogonId":"999","SubjectUserName":"IACIS-HDD-2014$","SubjectUserSid":"S-1-5-18","TargetDomainName":"NT AUTHORITY","TargetLogonId":"999","TargetUserName":"SYSTEM","TargetUserSid":"S-1-5-18","Task":"12544","ThreadID":"588","TimeCreated":"2014-01-25T13:25:18.553260803Z","TransmittedServices":"-","Version":"0","WorkstationName":""},"@timestamp":"2014-01-25T13:25:18.5532616Z","message":"An account was successfully logged on"}
{"ecs":{"version":"9.1.0"},"agent":{"type":"fox","version":"0.0.0"},"host":{"hostname":"IACIS-HDD-2014"},"user":{},"event":{"id":"284","kind":"event","module":"eventlog","dataset":"eventlog.Security","severity":10,"provider":"Microsoft-Windows-Security-Auditing","original":"{\"time\":\"2014-01-25T13:25:18.5532616Z\",\"host\":\"IACIS-HDD-2014\",\"message\":\"An account was successfully logged on\",\"severity\":10,\"sequence\":\"284\",\"source\":\"eventlog\",\"category\":\"Security\",\"service\":\"Microsoft-Windows-Security-Auditing\",\"fields\":{\"AuthenticationPackageName\":\"Negotiate\",\"Channel\":\"Security\",\"Computer\":\"IACIS-HDD-2014\",\"EventID\":\"4624\",\"EventRecordID\":\"284\",\"IpAddress\":\"-\",\"IpPort\":\"-\",\"KeyLength\":\"0\",\"Keywords\":\"9232379236109516800\",\"Level\":\"0\",\"LmPackageName\":\"-\",\"LogonGuid\":\"00000000-0000-0000-0000-000000000000\",\"LogonProcessName\":\"Advapi  \",\"LogonType\":\"5\",\"Opcode\":\"0\",\"ProcessID\":\"484\",\"ProcessId\":\"476\",\"ProcessName\":\"C:\\\\Windows\\\\System32\\\\services.exe\",\"ProviderGuid\":\"54849625-5478-4994-A5BA-3E3B0328C30D\",\"ProviderName\":\"Microsoft-Windows-Security-Auditing\",\"SubjectDomainName\":\"WORKGROUP\",\"SubjectLogonId\":\"999\",\"SubjectUserName\":\"IACIS-HDD-2014$\",\"SubjectUserSid\":\"S-1-5-18\",\"TargetDomainName\":\"NT AUTHORITY\",\"TargetLogonId\":\"999\",\"TargetUserName\":\"SYSTEM\",\"TargetUserSid\":\"S-1-5-18\",\"Task\":\"12544\",\"ThreadID\":\"588\",\"TimeCreated\":\"2014-01-25T13:25:18.553260803Z\",\"TransmittedServices\":\"-\",\"Version\":\"0\",\"WorkstationName\":\"\"}}","hash":"4557e32de19c66f5","code":"4624"},"labels":{"AuthenticationPackageName":"Negotiate","Channel":"Security","Computer":"IACIS-HDD-2014","EventID":"4624","EventRecordID":"284","IpAddress":"-","IpPort":"-","KeyLength":"0","Keywords":"9232379236109516800","Level":"0","LmPackageName":"-","LogonGuid":"00000000-0000-0000-0000-000000000000","LogonProcessName":"Advapi  ","LogonType":"5","Opcode":"0","ProcessID":"484","ProcessId":"476","ProcessName":"C:\\Windows\\System32\\services.exe","ProviderGuid":"54849625-5478-4994-A5BA-3E3B0328C30D","ProviderName":"Microsoft-Windows-Security-Auditing","SubjectDomainName":"WORKGROUP","SubjectLogonId":"999","SubjectUserName":"IACIS-HDD-2014$","SubjectUserSid":"S-1-5-18","TargetDomainName":"NT AUTHORITY","TargetLogonId":"999","TargetUserName":"SYSTEM","TargetUserSid":"S-1-5-18","Task":"12544","ThreadID":"588","TimeCreated":"2014-01-25T13:25:18.553260803Z","TransmittedServices":"-","Version":"0","WorkstationName":""},"@timestamp":"2014-01-25T13:25:18.5532616Z","message":"An account was successfully logged on"}
{"ecs":{"version":"9.1.0"},"agent":{"type":"fox","version":"0.0.0"},"host":{"hostname":"IACIS-HDD-2014"},"user":{},"event":{"id":"283","kind":"event","module":"eventlog","dataset":"eventlog.Security","severity":10,"provider":"Microsoft-Windows-Security-Auditing","original":"{\"time\":\"2014-01-25T13:25:18.5532616Z\",\"host\":\"IACIS-HDD-2014\",\"message\":\"Special privileges assigned to new logon\",\"severity\":10,\"sequence\":\"283\",\"source\":\"eventlog\",\"category\":\"Security\",\"service\":\"Microsoft-Windows-Security-Auditing\",\"fields\":{\"Channel\":\"Security\",\"Computer\":\"IACIS-HDD-2014\",\"EventID\":\"4672\",\"EventRecordID\":\"283\",\"Keywords\":\"9232379236109516800\",\"Level\":\"0\",\"Opcode\":\"0\",\"PrivilegeList\":\"SeAssignPrimaryTokenPrivilege\\r\\n\\t\\t\\tSeTcbPrivilege\\r\\n\\t\\t\\tSeSecurityPrivilege\\r\\n\\t\\t\\tSeTakeOwnershipPrivilege\\r\\n\\t\\t\\tSeLoadDriverPrivilege\\r\\n\\t\\t\\tSeBackupPrivilege\\r\\n\\t\\t\\tSeRestorePrivilege\\r\\n\\t\\t\\tSeDebugPrivilege\\r\\n\\t\\t\\tSeAuditPrivilege\\r\\n\\t\\t\\tSeSystemEnvironmentPrivilege\\r\\n\\t\\t\\tSeImpersonatePrivilege\",\"ProcessID\":\"484\",\"ProviderGuid\":\"54849625-5478-4994-A5BA-3E3B0328C30D\",\"ProviderName\":\"Microsoft-Windows-Security-Auditing\",\"SubjectDomainName\":\"NT AUTHORITY\",\"SubjectLogonId\":\"999\",\"SubjectUserName\":\"SYSTEM\",\"SubjectUserSid\":\"S-1-5-18\",\"Task\":\"12548\",\"ThreadID\":\"588\",\"TimeCreated\":\"2014-01-25T13:25:18.553260803Z\",\"Version\":\"0\"}}","hash":"481f878c30e3ed02","code":"4672"},"labels":{"Channel":"Security","Computer":"IACIS-HDD-2014","EventID":"4672","EventRecordID":"283","Keywords":"9232379236109516800","Level":"0","Opcode":"0","PrivilegeList":"SeAssignPrimaryTokenPrivilege\r\n\t\t\tSeTcbPrivilege\r\n\t\t\tSeSecurityPrivilege\r\n\t\t\tSeTakeOwnershipPrivilege\r\n\t\t\tSeLoadDriverPrivilege\r\n\t\t\tSeBackupPrivilege\r\n\t\t\tSeRestorePrivilege\r\n\t\t\tSeDebugPrivilege\r\n\t\t\tSeAuditPrivilege\r\n\t\t\tSeSystemEnvironmentPrivilege\r\n\t\t\tSeImpersonatePrivilege","ProcessID":"484","ProviderGuid":"54849625-5478-4994-A5BA-3E3B0328C30D","ProviderName":"Microsoft-Windows-Security-Auditing","SubjectDomainName":"NT AUTHORITY","SubjectLogonId":"999","SubjectUserName":"SYSTEM","SubjectUserSid":"S-1-5-18","Task":"12548","ThreadID":"588","TimeCreated":"2014-01-25T13:25:18.553260803Z","Version":"0"},"@timestamp":"2014-01-25T13:25:18.5532616Z","message":"Special privileges assigned to new logon"}
{"ecs":{"version":"9.1.0"},"agent":{"type":"fox","version":"0.0.0"},"host":{"hostname":"IACIS-HDD-2014"},"user":{},"event":{"id":"287","kind":"event","module":"eventlog","dataset":"eventlog.Security","severity":10,"provider":"Microsoft-Windows-Security-Auditing","original":"{\"time\":\"2014-01-25T13:25:20.3628648Z\",\"host\":\"IACIS-HDD-2014\",\"message\":\"Special privileges assigned to new logon\",\"severity\":10,\"sequence\":\"287\",\"source\":\"eventlog\",\"category\":\"Security\",\"service\":\"Microsoft-Windows-Security-Auditing\",\"fields\":{\"Channel\":\"Security\",\"Computer\":\"IACIS-HDD-2014\",\"EventID\":\"4672\",\"EventRecordID\":\"287\",\"Keywords\":\"9232379236109516800\",\"Level\":\"0\",\"Opcode\":\"0\",\"PrivilegeList\":\"SeAssignPrimaryTokenPrivilege\\r\\n\\t\\t\\tSeTcbPrivilege\\r\\n\\t\\t\\tSeSecurityPrivilege\\r\\n\\t\\t\\tSeTakeOwnershipPrivilege\\r\\n\\t\\t\\tSeLoadDriverPrivilege\\r\\n\\t\\t\\tSeBackupPrivilege\\r\\n\\t\\t\\tSeRestorePrivilege\\r\\n\\t\\t\\tSeDebugPrivilege\\r\\n\\t\\t\\tSeAuditPrivilege\\r\\n\\t\\t\\tSeSystemEnvironmentPrivilege\\r\\n\\t\\t\\tSeImpersonatePrivilege\",\"ProcessID\":\"484\",\"ProviderGuid\":\"54849625-5478-4994-A5BA-3E3B0328C30D\",\"ProviderName\":\"Microsoft-Windows-Security-Auditing\",\"SubjectDomainName\":\"NT AUTHORITY\",\"SubjectLogonId\":\"999\",\"SubjectUserName\":\"SYSTEM\",\"SubjectUserSid\":\"S-1-5-18\",\"Task\":\"12548\",\"ThreadID\":\"592\",\"TimeCreated\":\"2014-01-25T13:25:20.362864017Z\",\"Version\":\"0\"}}","hash":"4311e9e3d9414202","code":"4672"},"labels":{"Channel":"Security","Computer":"IACIS-HDD-2014","EventID":"4672","EventRecordID":"287","Keywords":"9232379236109516800","Level":"0","Opcode":"0","PrivilegeList":"SeAssignPrimaryTokenPrivilege\r\n\t\t\tSeTcbPrivilege\r\n\t\t\tSeSecurityPrivilege\r\n\t\t\tSeTakeOwnershipPrivilege\r\n\t\t\tSeLoadDriverPrivilege\r\n\t\t\tSeBackupPrivilege\r\n\t\t\tSeRestorePrivilege\r\n\t\t\tSeDebugPrivilege\r\n\t\t\tSeAuditPrivilege\r\n\t\t\tSeSystemEnvironmentPrivilege\r\n\t\t\tSeImpersonatePrivilege","ProcessID":"484","ProviderGuid":"54849625-5478-4994-A5BA-3E3B0328C30D","ProviderName":"Microsoft-Windows-Security-Auditing","SubjectDomainName":"NT AUTHORITY","SubjectLogonId":"999","SubjectUserName":"SYSTEM","SubjectUserSid":"S-1-5-18","Task":"12548","ThreadID":"592","TimeCreated":"2014-01-25T13:25:20.362864017Z","Version":"0"},"@timestamp":"2014-01-25T13:25:20.3628648Z","message":"Special privileges assigned to new logon"}
{"ecs":{"version":"9.1.0"},"agent":{"type":"fox","version":"0.0.0"},"host":{"hostname":"IACIS-HDD-2014"},"user":{},"event":{"id":"286","kind":"event","module":"eventlog","dataset":"eventlog.Security","severity":10,"provider":"Microsoft-Windows-Security-Auditing","original":"{\"time\":\"2014-01-25T13:25:20.3628648Z\",\"host\":\"IACIS-HDD-2014\",\"message\":\"An account was successfully logged on\",\"severity\":10,\"sequence\":\"286\",\"source\":\"eventlog\",\"category\":\"Security\",\"service\":\"Microsoft-Windows-Security-Auditing\",\"fields\":{\"AuthenticationPackageName\":\"Negotiate\",\"Channel\":\"Security\",\"Computer\":\"IACIS-HDD-2014\",\"EventID\":\"4624\",\"EventRecordID\":\"286\",\"IpAddress\":\"-\",\"IpPort\":\"-\",\"KeyLength\":\"0\",\"Keywords\":\"9232379236109516800\",\"Level\":\"0\",\"LmPackageName\":\"-\",\"LogonGuid\":\"00000000-0000-0000-0000-000000000000\",\"LogonProcessName\":\"Advapi  \",\"LogonType\":\"5\",\"Opcode\":\"0\",\"ProcessID\":\"484\",\"ProcessId\":\"476\",\"ProcessName\":\"C:\\\\Windows\\\\System32\\\\services.exe\",\"ProviderGuid\":\"54849625-5478-4994-A5BA-3E3B0328C30D\",\"ProviderName\":\"Microsoft-Windows-Security-Auditing\",\"SubjectDomainName\":\"WORKGROUP\",\"SubjectLogonId\":\"999\",\"SubjectUserName\":\"IACIS-HDD-2014$\",\"SubjectUserSid\":\"S-1-5-18\",\"TargetDomainName\":\"NT AUTHORITY\",\"TargetLogonId\":\"999\",\"TargetUserName\":\"SYSTEM\",\"TargetUserSid\":\"S-1-5-18\",\"Task\":\"12544\",\"ThreadID\":\"592\",\"TimeCreated\":\"2014-01-25T13:25:20.362864017Z\",\"TransmittedServices\":\"-\",\"Version\":\"0\",\"WorkstationName\":\"\"}}","hash":"0c0e5a3592b18145","code":"4624"},"labels":{"AuthenticationPackageName":"Negotiate","Channel":"Security","Computer":"IACIS-HDD-2014","EventID":"4624","EventRecordID":"286","IpAddress":"-","IpPort":"-","KeyLength":"0","Keywords":"9232379236109516800","Level":"0","LmPackageName":"-","LogonGuid":"00000000-0000-0000-0000-000000000000","LogonProcessName":"Advapi  ","LogonType":"5","Opcode":"0","ProcessID":"484","ProcessId":"476","ProcessName":"C:\\Windows\\System32\\services.exe","ProviderGuid":"54849625-5478-4994-A5BA-3E3B0328C30D","ProviderName":"Microsoft-Windows-Security-Auditing","SubjectDomainName":"WORKGROUP","SubjectLogonId":"999","SubjectUserName":"IACIS-HDD-2014$","SubjectUserSid":"S-1-5-18","TargetDomainName":"NT AUTHORITY","TargetLogonId":"999","TargetUserName":"SYSTEM","TargetUserSid":"S-1-5-18","Task":"12544","ThreadID":"592","TimeCreated":"2014-01-25T13:25:20.362864017Z","TransmittedServices":"-","Version":"0","WorkstationName":""},"@timestamp":"2014-01-25T13:25:20.3628648Z","message":"An account was successfully logged on"}
{"ecs":{"version":"9.1.0"},"agent":{"type":"fox","version":"0.0.0"},"host":{"hostname":"IACIS-HDD-2014"},"user":{},"event":{"id":"290","kind":"event","module":"eventlog","dataset":"eventlog.Security","severity":10,"provider":"Microsoft-Windows-Security-Auditing","original":"{\"time\":\"2014-01-25T13:25:29.7370796Z\",\"host\":\"IACIS-HDD-2014\",\"message\":\"Special privileges assigned to new logon\",\"severity\":10,\"sequence\":\"290\",\"source\":\"eventlog\",\"category\":\"Security\",\"service\":\"Microsoft-Windows-Security-Auditing\",\"fields\":{\"Channel\":\"Security\",\"Computer\":\"IACIS-HDD-2014\",\"EventID\":\"4672\",\"EventRecordID\":\"290\",\"Keywords\":\"9232379236109516800\",\"Level\":\"0\",\"Opcode\":\"0\",\"PrivilegeList\":\"SeAssignPrimaryTokenPrivilege\\r\\n\\t\\t\\tSeTcbPrivilege\\r\\n\\t\\t\\tSeSecurityPrivilege\\r\\n\\t\\t\\tSeTakeOwnershipPrivilege\\r\\n\\t\\t\\tSeLoadDriverPrivilege\\r\\n\\t\\t\\tSeBackupPrivilege\\r\\n\\t\\t\\tSeRestorePrivilege\\r\\n\\t\\t\\tSeDebugPrivilege\\r\\n\\t\\t\\tSeAuditPrivilege\\r\\n\\t\\t\\tSeSystemEnvironmentPrivilege\\r\\n\\t\\t\\tSeImpersonatePrivilege\",\"ProcessID\":\"484\",\"ProviderGuid\":\"54849625-5478-4994-A5BA-3E3B0328C30D\",\"ProviderName\":\"Microsoft-Windows-Security-Auditing\",\"SubjectDomainName\":\"NT AUTHORITY\",\"SubjectLogonId\":\"999\",\"SubjectUserName\":\"SYSTEM\",\"SubjectUserSid\":\"S-1-5-18\",\"Task\":\"12548\",\"ThreadID\":\"592\",\"TimeCreated\":\"2014-01-25T13:25:29.737080097Z\",\"Version\":\"0\"}}","hash":"b01b0428e0f236d8","code":"4672"},"labels":{"Channel":"Security","Computer":"IACIS-HDD-2014","EventID":"4672","EventRecordID":"290","Keywords":"9232379236109516800","Level":"0","Opcode":"0","PrivilegeList":"SeAssignPrimaryTokenPrivilege\r\n\t\t\tSeTcbPrivilege\r\n\t\t\tSeSecurityPrivilege\r\n\t\t\tSeTakeOwnershipPrivilege\r\n\t\t\tSeLoadDriverPrivilege\r\n\t\t\tSeBackupPrivilege\r\n\t\t\tSeRestorePrivilege\r\n\t\t\tSeDebugPrivilege\r\n\t\t\tSeAuditPrivilege\r\n\t\t\tSeSystemEnvironmentPrivilege\r\n\t\t\tSeImpersonatePrivilege","ProcessID":"484","ProviderGuid":"54849625-5478-4994-A5BA-3E3B0328C30D","ProviderName":"Microsoft-Windows-Security-Auditing","SubjectDomainName":"NT AUTHORITY","SubjectLogonId":"999","SubjectUserName":"SYSTEM","SubjectUserSid":"S-1-5-18","Task":"12548","ThreadID":"592","TimeCreated":"2014-01-25T13:25:29.737080097Z","Version":"0"},"@timestamp":"2014-01-25T13:25:29.7370796Z","message":"Special privileges assigned to new logon"}
{"ecs":{"version":"9.1.0"},"agent":{"type":"fox","version":"0.0.0"},"host":{"hostname":"IACIS-HDD-2014"},"user":{},"event":{"id":"289","kind":"event","module":"eventlog","dataset":"eventlog.Security","severity":10,"provider":"Microsoft-Windows-Security-Auditing","original":"{\"time\":\"2014-01-25T13:25:29.7370796Z\",\"host\":\"IACIS-HDD-2014\",\"message\":\"An account was successfully logged on\",\"severity\":10,\"sequence\":\"289\",\"source\":\"eventlog\",\"category\":\"Security\",\"service\":\"Microsoft-Windows-Security-Auditing\",\"fields\":{\"AuthenticationPackageName\":\"Negotiate\",\"Channel\":\"Security\",\"Computer\":\"IACIS-HDD-2014\",\"EventID\":\"4624\",\"EventRecordID\":\"289\",\"IpAddress\":\"-\",\"IpPort\":\"-\",\"KeyLength\":\"0\",\"Keywords\":\"9232379236109516800\",\"Level\":\"0\",\"LmPackageName\":\"-\",\"LogonGuid\":\"00000000-0000-0000-0000-000000000000\",\"LogonProcessName\":\"Advapi  \",\"LogonType\":\"5\",\"Opcode\":\"0\",\"ProcessID\":\"484\",\"ProcessId\":\"476\",\"ProcessName\":\"C:\\\\Windows\\\\System32\\\\services.exe\",\"ProviderGuid\":\"54849625-5478-4994-A5BA-3E3B0328C30D\",\"ProviderName\":\"Microsoft-Windows-Security-Auditing\",\"SubjectDomainName\":\"WORKGROUP\",\"SubjectLogonId\":\"999\",\"SubjectUserName\":\"IACIS-HDD-2014$\",\"SubjectUserSid\":\"S-1-5-18\",\"TargetDomainName\":\"NT AUTHORITY\",\"TargetLogonId\":\"999\",\"TargetUserName\":\"SYSTEM\",\"TargetUserSid\":\"S-1-5-18\",\"Task\":\"12544\",\"ThreadID\":\"592\",\"TimeCreated\":\"2014-01-25T13:25:29.737080097Z\",\"TransmittedServices\":\"-\",\"Version\":\"0\",\"WorkstationName\":\"\"}}","hash":"5a76eb0871f2f58c","code":"4624"},"labels":{"AuthenticationPackageName":"Negotiate","Channel":"Security","Computer":"IACIS-HDD-2014","EventID":"4624","EventRecordID":"289","IpAddress":"-","IpPort":"-","KeyLength":"0","Keywords":"9232379236109516800","Level":"0","LmPackageName":"-","LogonGuid":"00000000-0000-0000-0000-000000000000","LogonProcessName":"Advapi  ","LogonType":"5","Opcode":"0","ProcessID":"484","ProcessId":"476","ProcessName":"C:\\Windows\\System32\\services.exe","ProviderGuid":"54849625-5478-4994-A5BA-3E3B0328C30D","ProviderName":"Microsoft-Windows-Security-Auditing","SubjectDomainName":"WORKGROUP","SubjectLogonId":"999","SubjectUserName":"IACIS-HDD-2014$","SubjectUserSid":"S-1-5-18","TargetDomainName":"NT AUTHORITY","TargetLogonId":"999","TargetUserName":"SYSTEM","TargetUserSid":"S-1-5-18","Task":"12544","ThreadID":"592","TimeCreated":"2014-01-25T13:25:29.737080097Z","TransmittedServices":"-","Version":"0","WorkstationName":""},"@timestamp":"2014-01-25T13:25:29.7370796Z","message":"An account was successfully logged on"}
{"ecs":{"version":"9.1.0"},"agent":{"type":"fox","version":"0.0.0"},"host":{"hostname":"IACIS-HDD-2014"},"user":{},"event":{"id":"293","kind":"event","module":"eventlog","dataset":"eventlog.Security","severity":10,"provider":"Microsoft-Windows-Security-Auditing","original":"{\"time\":\"2014-01-25T13:25:34.8850886Z\",\"host\":\"IACIS-HDD-2014\",\"message\":\"An account was successfully logged on\",\"severity\":10,\"sequence\":\"293\",\"source\":\"eventlog\",\"category\":\"Security\",\"service\":\"Microsoft-Windows-Security-Auditing\",\"fields\":{\"AuthenticationPackageName\":\"NTLM\",\"Channel\":\"Security\",\"Computer\":\"IACIS-HDD-2014\",\"EventID\":\"4624\",\"EventRecordID\":\"293\",\"IpAddress\":\"-\",\"IpPort\":\"-\",\"KeyLength\":\"0\",\"Keywords\":\"9232379236109516800\",\"Level\":\"0\",\"LmPackageName\":\"NTLM V1\",\"LogonGuid\":\"00000000-0000-0000-0000-000000000000\",\"LogonProcessName\":\"NtLmSsp \",\"LogonType\":\"3\",\"Opcode\":\"0\",\"ProcessID\":\"484\",\"ProcessId\":\"0\",\"ProcessName\":\"-\",\"ProviderGuid\":\"54849625-5478-4994-A5BA-3E3B0328C30D\",\"ProviderName\":\"Microsoft-Windows-Security-Auditing\",\"SubjectDomainName\":\"-\",\"SubjectLogonId\":\"0\",\"SubjectUserName\":\"-\",\"SubjectUserSid\":\"S-1-0-0\",\"TargetDomainName\":\"NT AUTHORITY\",\"TargetLogonId\":\"106538\",\"TargetUserName\":\"ANONYMOUS LOGON\",\"TargetUserSid\":\"S-1-5-7\",\"Task\":\"12544\",\"ThreadID\":\"524\",\"TimeCreated\":\"2014-01-25T13:25:34.885087966Z\",\"TransmittedServices\":\"-\",\"Version\":\"0\",\"WorkstationName\":\"\"}}","hash":"9016c962a11b2792","code":"4624"},"labels":{"AuthenticationPackageName":"NTLM","Channel":"Security","Computer":"IACIS-HDD-2014","EventID":"4624","EventRecordID":"293","IpAddress":"-","IpPort":"-","KeyLength":"0","Keywords":"9232379236109516800","Level":"0","LmPackageName":"NTLM V1","LogonGuid":"00000000-0000-0000-0000-000000000000","LogonProcessName":"NtLmSsp ","LogonType":"3","Opcode":"0","ProcessID":"484","ProcessId":"0","ProcessName":"-","ProviderGuid":"54849625-5478-4994-A5BA-3E3B0328C30D","ProviderName":"Microsoft-Windows-Security-Auditing","SubjectDomainName":"-","SubjectLogonId":"0","SubjectUserName":"-","SubjectUserSid":"S-1-0-0","TargetDomainName":"NT AUTHORITY","TargetLogonId":"106538","TargetUserName":"ANONYMOUS LOGON","TargetUserSid":"S-1-5-7","Task":"12544","ThreadID":"524","TimeCreated":"2014-01-25T13:25:34.885087966Z","TransmittedServices":"-","Version":"0","WorkstationName":""},"@timestamp":"2014-01-25T13:25:34.8850886Z","message":"An account was successfully logged on"}
{"ecs":{"version":"9.1.0"},"agent":{"type":"fox","version":"0.0.0"},"host":{"hostname":"IACIS-HDD-2014"},"user":{},"event":{"id":"1809","kind":"event","module":"eventlog","dataset":"eventlog.Security","severity":10,"provider":"Microsoft-Windows-Security-Auditing","original":"{\"time\":\"2014-01-25T13:27:36.3313019Z\",\"host\":\"IACIS-HDD-2014\",\"message\":\"Special privileges assigned to new logon\",\"severity\":10,\"sequence\":\"1809\",\"source\":\"eventlog\",\"category\":\"Security\",\"service\":\"Microsoft-Windows-Security-Auditing\",\"fields\":{\"Channel\":\"Security\",\"Computer\":\"IACIS-HDD-2014\",\"EventID\":\"4672\",\"EventRecordID\":\"1809\",\"Keywords\":\"9232379236109516800\",\"Level\":\"0\",\"Opcode\":\"0\",\"PrivilegeList\":\"SeAssignPrimaryTokenPrivilege\\r\\n\\t\\t\\tSeTcbPrivilege\\r\\n\\t\\t\\tSeSecurityPrivilege\\r\\n\\t\\t\\tSeTakeOwnershipPrivilege\\r\\n\\t\\t\\tSeLoadDriverPrivilege\\r\\n\\t\\t\\tSeBackupPrivilege\\r\\n\\t\\t\\tSeRestorePrivilege\\r\\n\\t\\t\\tSeDebugPrivilege\\r\\n\\t\\t\\tSeAuditPrivilege\\r\\n\\t\\t\\tSeSystemEnvironmentPrivilege\\r\\n\\t\\t\\tSeImpersonatePrivilege\",\"ProcessID\":\"484\",\"ProviderGuid\":\"54849625-5478-4994-A5BA-3E3B0328C30D\",\"ProviderName\":\"Microsoft-Windows-Security-Auditing\",\"SubjectDomainName\":\"NT AUTHORITY\",\"SubjectLogonId\":\"999\",\"SubjectUserName\":\"SYSTEM\",\"SubjectUserSid\":\"S-1-5-18\",\"Task\":\"12548\",\"ThreadID\":\"592\",\"TimeCreated\":\"2014-01-25T13:27:36.331302404Z\",\"Version\":\"0\"}}","hash":"5c434c94bb2ca6b9","code":"4672"},"labels":{"Channel":"Security","Computer":"IACIS-HDD-2014","EventID":"4672","EventRecordID":"1809","Keywords":"9232379236109516800","Level":"0","Opcode":"0","PrivilegeList":"SeAssignPrimaryTokenPrivilege\r\n\t\t\tSeTcbPrivilege\r\n\t\t\tSeSecurityPrivilege\r\n\t\t\tSeTakeOwnershipPrivilege\r\n\t\t\tSeLoadDriverPrivilege\r\n\t\t\tSeBackupPrivilege\r\n\t\t\tSeRestorePrivilege\r\n\t\t\tSeDebugPrivilege\r\n\t\t\tSeAuditPrivilege\r\n\t\t\tSeSystemEnvironmentPrivilege\r\n\t\t\tSeImpersonatePrivilege","ProcessID":"484","ProviderGuid":"54849625-5478-4994-A5BA-3E3B0328C30D","ProviderName":"Microsoft-Windows-Security-Auditing","SubjectDomainName":"NT AUTHORITY","SubjectLogonId":"999","SubjectUserName":"SYSTEM","SubjectUserSid":"S-1-5-18","Task":"12548","ThreadID":"592","TimeCreated":"2014-01-25T13:27:36.331302404Z","Version":"0"},"@timestamp":"2014-01-25T13:27:36.3313019Z","message":"Special privileges assigned to new logon"}
{"ecs":{"version":"9.1.0"},"agent":{"type":"fox","version":"0.0.0"},"host":{"hostname":"IACIS-HDD-2014"},"user":{},"event":{"id":"1808","kind":"event","module":"eventlog","dataset":"eventlog.Security","severity":10,"provider":"Microsoft-Windows-Security-Auditing","original":"{\"time\":\"2014-01-25T13:27:36.3313019Z\",\"host\":\"IACIS-HDD-2014\",\"message\":\"An account was successfully logged on\",\"severity\":10,\"sequence\":\"1808\",\"source\":\"eventlog\",\"category\":\"Security\",\"service\":\"Microsoft-Windows-Security-Auditing\",\"fields\":{\"AuthenticationPackageName\":\"Negotiate\",\"Channel\":\"Security\",\"Computer\":\"IACIS-HDD-2014\",\"EventID\":\"4624\",\"EventRecordID\":\"1808\",\"IpAddress\":\"-\",\"IpPort\":\"-\",\"KeyLength\":\"0\",\"Keywords\":\"9232379236109516800\",\"Level\":\"0\",\"LmPackageName\":\"-\",\"LogonGuid\":\"00000000-0000-0000-0000-000000000000\",\"LogonProcessName\":\"Advapi  \",\"LogonType\":\"5\",\"Opcode\":\"0\",\"ProcessID\":\"484\",\"ProcessId\":\"476\",\"ProcessName\":\"C:\\\\Windows\\\\System32\\\\services.exe\",\"ProviderGuid\":\"54849625-5478-4994-A5BA-3E3B0328C30D\",\"ProviderName\":\"Microsoft-Windows-Security-Auditing\",\"SubjectDomainName\":\"WORKGROUP\",\"SubjectLogonId\":\"999\",\"SubjectUserName\":\"IACIS-HDD-2014$\",\"SubjectUserSid\":\"S-1-5-18\",\"TargetDomainName\":\"NT AUTHORITY\",\"TargetLogonId\":\"999\",\"TargetUserName\":\"SYSTEM\",\"TargetUserSid\":\"S-1-5-18\",\"Task\":\"12544\",\"ThreadID\":\"592\",\"TimeCreated\":\"2014-01-25T13:27:36.331302404Z\",\"TransmittedServices\":\"-\",\"Version\":\"0\",\"WorkstationName\":\"\"}}","hash":"859450ca710be98b","code":"4624"},"labels":{"AuthenticationPackageName":"Negotiate","Channel":"Security","Computer":"IACIS-HDD-2014","EventID":"4624","EventRecordID":"1808","IpAddress":"-","IpPort":"-","KeyLength":"0","Keywords":"9232379236109516800","Level":"0","LmPackageName":"-","LogonGuid":"00000000-0000-0000-0000-000000000000","LogonProcessName":"Advapi  ","LogonType":"5","Opcode":"0","ProcessID":"484","ProcessId":"476","ProcessName":"C:\\Windows\\System32\\services.exe","ProviderGuid":"54849625-5478-4994-A5BA-3E3B0328C30D","ProviderName":"Microsoft-Windows-Security-Auditing","SubjectDomainName":"WORKGROUP","SubjectLogonId":"999","SubjectUserName":"IACIS-HDD-2014$","SubjectUserSid":"S-1-5-18","TargetDomainName":"NT AUTHORITY","TargetLogonId":"999","TargetUserName":"SYSTEM","TargetUserSid":"S-1-5-18","Task":"12544","ThreadID":"592","TimeCreated":"2014-01-25T13:27:36.331302404Z","TransmittedServices":"-","Version":"0","WorkstationName":""},"@timestamp":"2014-01-25T13:27:36.3313019Z","message":"An account was successfully logged on"}
{"ecs":{"version":"9.1.0"},"agent":{"type":"fox","version":"0.0.0"},"host":{"hostname":"IACIS-HDD-2014"},"user":{},"event":{"id":"1811","kind":"event","module":"eventlog","dataset":"eventlog.Security","severity":10,"provider":"Microsoft-Windows-Security-Auditing","original":"{\"time\":\"2014-01-25T13:27:38.5465058Z\",\"host\":\"IACIS-HDD-2014\",\"message\":\"Special privileges assigned to new logon\",\"severity\":10,\"sequence\":\"1811\",\"source\":\"eventlog\",\"category\":\"Security\",\"service\":\"Microsoft-Windows-Security-Auditing\",\"fields\":{\"Channel\":\"Security\",\"Computer\":\"IACIS-HDD-2014\",\"EventID\":\"4672\",\"EventRecordID\":\"1811\",\"Keywords\":\"9232379236109516800\",\"Level\":\"0\",\"Opcode\":\"0\",\"PrivilegeList\":\"SeAssignPrimaryTokenPrivilege\\r\\n\\t\\t\\tSeTcbPrivilege\\r\\n\\t\\t\\tSeSecurityPrivilege\\r\\n\\t\\t\\tSeTakeOwnershipPrivilege\\r\\n\\t\\t\\tSeLoadDriverPrivilege\\r\\n\\t\\t\\tSeBackupPrivilege\\r\\n\\t\\t\\tSeRestorePrivilege\\r\\n\\t\\t\\tSeDebugPrivilege\\r\\n\\t\\t\\tSeAuditPrivilege\\r\\n\\t\\t\\tSeSystemEnvironmentPrivilege\\r\\n\\t\\t\\tSeImpersonatePrivilege\",\"ProcessID\":\"484\",\"ProviderGuid\":\"54849625-5478-4994-A5BA-3E3B0328C30D\",\"ProviderName\":\"Microsoft-Windows-Security-Auditing\",\"SubjectDomainName\":\"NT AUTHORITY\",\"SubjectLogonId\":\"999\",\"SubjectUserName\":\"SYSTEM\",\"SubjectUserSid\":\"S-1-5-18\",\"Task\":\"12548\",\"ThreadID\":\"592\",\"TimeCreated\":\"2014-01-25T13:27:38.546505689Z\",\"Version\":\"0\"}}","hash":"da472b54951ea615","code":"4672"},"labels":{"Channel":"Security","Computer":"IACIS-HDD-2014","EventID":"4672","EventRecordID":"1811","Keywords":"9232379236109516800","Level":"0","Opcode":"0","PrivilegeList":"SeAssignPrimaryTokenPrivilege\r\n\t\t\tSeTcbPrivilege\r\n\t\t\tSeSecurityPrivilege\r\n\t\t\tSeTakeOwnershipPrivilege\r\n\t\t\tSeLoadDriverPrivilege\r\n\t\t\tSeBackupPrivilege\r\n\t\t\tSeRestorePrivilege\r\n\t\t\tSeDebugPrivilege\r\n\t\t\tSeAuditPrivilege\r\n\t\t\tSeSystemEnvironmentPrivilege\r\n\t\t\tSeImpersonatePrivilege","ProcessID":"484","ProviderGuid":"54849625-5478-4994-A5BA-3E3B0328C30D","ProviderName":"Microsoft-Windows-Security-Auditing","SubjectDomainName":"NT AUTHORITY","SubjectLogonId":"999","SubjectUserName":"SYSTEM","SubjectUserSid":"S-1-5-18","Task":"12548","ThreadID":"592","TimeCreated":"2014-01-25T13:27:38.546505689Z","Version":"0"},"@timestamp":"2014-01-25T13:27:38.5465058Z","message":"Special privileges assigned to new logon"}
{"ecs":{"version":"9.1.0"},"agent":{"type":"fox","version":"0.0.0"},"host":{"hostname":"IACIS-HDD-2014"},"user":{},"event":{"id":"1810","kind":"event","module":"eventlog","dataset":"eventlog.Security","severity":10,"provider":"Microsoft-Windows-Security-Auditing","original":"{\"time\":\"2014-01-25T13:27:38.5465058Z\",\"host\":\"IACIS-HDD-2014\",\"message\":\"An account was successfully logged on\",\"severity\":10,\"sequence\":\"1810\",\"source\":\"eventlog\",\"category\":\"Security\",\"service\":\"Microsoft-Windows-Security-Auditing\",\"fields\":{\"AuthenticationPackageName\":\"Negotiate\",\"Channel\":\"Security\",\"Computer\":\"IACIS-HDD-2014\",\"EventID\":\"4624\",\"EventRecordID\":\"1810\",\"IpAddress\":\"-\",\"IpPort\":\"-\",\"KeyLength\":\"0\",\"Keywords\":\"9232379236109516800\",\"Level\":\"0\",\"LmPackageName\":\"-\",\"LogonGuid\":\"00000000-0000-0000-0000-000000000000\",\"LogonProcessName\":\"Advapi  \",\"LogonType\":\"5\",\"Opcode\":\"0\",\"ProcessID\":\"484\",\"ProcessId\":\"476\",\"ProcessName\":\"C:\\\\Windows\\\\System32\\\\services.exe\",\"ProviderGuid\":\"54849625-5478-4994-A5BA-3E3B0328C30D\",\"ProviderName\":\"Microsoft-Windows-Security-Auditing\",\"SubjectDomainName\":\"WORKGROUP\",\"SubjectLogonId\":\"999\",\"SubjectUserName\":\"IACIS-HDD-2014$\",\"SubjectUserSid\":\"S-1-5-18\",\"TargetDomainName\":\"NT AUTHORITY\",\"TargetLogonId\":\"999\",\"TargetUserName\":\"SYSTEM\",\"TargetUserSid\":\"S-1-5-18\",\"Task\":\"12544\",\"ThreadID\":\"592\",\"TimeCreated\":\"2014-01-25T13:27:38.546505689Z\",\"TransmittedServices\":\"-\",\"Version\":\"0\",\"WorkstationName\":\"\"}}","hash":"3d15d837d33bfa6d","code":"4624"},"labels":{"AuthenticationPackageName":"Negotiate","Channel":"Security","Computer":"IACIS-HDD-2014","EventID":"4624","EventRecordID":"1810","IpAddress":"-","IpPort":"-","KeyLength":"0","Keywords":"9232379236109516800","Level":"0","LmPackageName":"-","LogonGuid":"00000000-0000-0000-0000-000000000000","LogonProcessName":"Advapi  ","LogonType":"5","Opcode":"0","ProcessID":"484","ProcessId":"476","ProcessName":"C:\\Windows\\System32\\services.exe","ProviderGuid":"54849625-5478-4994-A5BA-3E3B0328C30D","ProviderName":"Microsoft-Windows-Security-Auditing","SubjectDomainName":"WORKGROUP","SubjectLogonId":"999","SubjectUserName":"IACIS-HDD-2014$","SubjectUserSid":"S-1-5-18","TargetDomainName":"NT AUTHORITY","TargetLogonId":"999","TargetUserName":"SYSTEM","TargetUserSid":"S-1-5-18","Task":"12544","ThreadID":"592","TimeCreated":"2014-01-25T13:27:38.546505689Z","TransmittedServices":"-","Version":"0","WorkstationName":""},"@timestamp":"2014-01-25T13:27:38.5465058Z","message":"An account was successfully logged on"}
