{"time":"2018-01-03T06:29:10.5307634Z","host":"IE11WIN8_1","user":"S-1-5-18","message":"File System Filter '$5' ($2.$3, $6) has successfully loaded and registered with Filter Manager","severity":3,"sequence":"67","source":"eventlog","category":"System","service":"Microsoft-Windows-FilterManager","fields":{"Channel":"System","Computer":"IE11WIN8_1","DeviceName":"WdFilter","DeviceNameLength":"8","DeviceTime":"2013-08-22T03:39:34Z","DeviceVersionMajor":"6","DeviceVersionMinor":"3","EventID":"6","EventRecordID":"67","FinalStatus":"0","Keywords":"9223372036854775808","Level":"4","Opcode":"0","ProcessID":"4","ProviderGuid":"F3C5E28E-63F6-49C7-A204-E48A1BC4B09D","ProviderName":"Microsoft-Windows-FilterManager","Task":"0","ThreadID":"8","TimeCreated":"2018-01-03T06:29:10.530763149Z","UserID":"S-1-5-18","Version":"0"}}
{"time":"2018-01-03T06:29:10.5307634Z","host":"IE11WIN8_1","user":"S-1-5-18","message":"File System Filter '$5' ($2.$3, $6) has successfully loaded and registered with Filter Manager","severity":3,"sequence":"66","source":"eventlog","category":"System","service":"Microsoft-Windows-FilterManager","fields":{"Channel":"System","Computer":"IE11WIN8_1","DeviceName":"Wof","DeviceNameLength":"3","DeviceTime":"2014-02-22T04:11:32Z","DeviceVersionMajor":"6","DeviceVersionMinor":"3","EventID":"6","EventRecordID":"66","FinalStatus":"0","Keywords":"9223372036854775808","Level":"4","Opcode":"0","ProcessID":"4","ProviderGuid":"F3C5E28E-63F6-49C7-A204-E48A1BC4B09D","ProviderName":"Microsoft-Windows-FilterManager","Task":"0","ThreadID":"8","TimeCreated":"2018-01-03T06:29:10.530763149Z","UserID":"S-1-5-18","Version":"0"}}
{"time":"2018-01-03T06:29:10.6082509Z","host":"IE11WIN8_1","user":"S-1-5-18","message":"Volume $1 ($2) $3","severity":3,"sequence":"68","source":"eventlog","category":"System","service":"Microsoft-Windows-Ntfs","fields":{"Channel":"System","Computer":"IE11WIN8_1","CorruptionActionState":"0","DeviceName":"\\Device\\HarddiskVolume1","DriveName":"C:","EventID":"98","EventRecordID":"68","Keywords":"9223372036854775810","Level":"4","Opcode":"0","ProcessID":"4","ProviderGuid":"3FF37A1C-A68D-4D6E-8C9B-F79E8B16C482","ProviderName":"Microsoft-Windows-Ntfs","Task":"0","ThreadID":"160","TimeCreated":"2018-01-03T06:29:10.608251094Z","UserID":"S-1-5-18","Version":"0"}}
{"time":"2018-01-03T06:29:10.7644406Z","host":"IE11WIN8_1","user":"S-1-5-18","message":"File System Filter '$5' ($2.$3, $6) has successfully loaded and registered with Filter Manager","severity":3,"sequence":"69","source":"eventlog","category":"System","service":"Microsoft-Windows-FilterManager","fields":{"Channel":"System","Computer":"IE11WIN8_1","DeviceName":"npsvctrig","DeviceNameLength":"9","DeviceTime":"2013-08-22T03:38:22Z","DeviceVersionMajor":"6","DeviceVersionMinor":"3","EventID":"6","EventRecordID":"69","FinalStatus":"0","Keywords":"9223372036854775808","Level":"4","Opcode":"0","ProcessID":"4","ProviderGuid":"F3C5E28E-63F6-49C7-A204-E48A1BC4B09D","ProviderName":"Microsoft-Windows-FilterManager","Task":"0","ThreadID":"8","TimeCreated":"2018-01-03T06:29:10.764440059Z","UserID":"S-1-5-18","Version":"0"}}
{"time":"2018-01-03T06:29:10.7801116Z","host":"IE11WIN8_1","message":"The system has been constrained to a periodic tick   Reason: $1","severity":3,"sequence":"70","source":"eventlog","category":"System","service":"Microsoft-Windows-Kernel-Power","fields":{"Channel":"System","Computer":"IE11WIN8_1","DataName":"Reason","DataValue":"2","EventID":"508","EventRecordID":"70","Keywords":"9223372036854775812","Level":"4","Opcode":"0","ProcessID":"4","ProviderGuid":"331C3B3A-2005-44C2-AC5E-77220C37D6B4","ProviderName":"Microsoft-Windows-Kernel-Power","Task":"159","ThreadID":"8","TimeCreated":"2018-01-03T06:29:10.780112028Z","Version":"0"}}
{"time":"2018-01-03T06:29:11.5308254Z","host":"IE11WIN8_1","user":"S-1-5-18","message":"Processor $2 in group $1 exposes the following power management capabilities:  Idle state type: $4 ($3 state(s))  Performance state type: $9 Nominal Frequency (MHz): $5 Maximum performance percentage: $6 Minimum performance percentage: $7 Minimum throttle percentage: $8","severity":3,"sequence":"72","source":"eventlog","category":"System","service":"Microsoft-Windows-Kernel-Processor-Power","fields":{"Channel":"System","Computer":"IE11WIN8_1","EventID":"55","EventRecordID":"72","Group":"0","IdleImplementation":"1","IdleStateCount":"1","Keywords":"9223372036854775808","Level":"4","MaximumPerformancePercent":"100","MinimumPerformancePercent":"100","MinimumThrottlePercent":"12","NominalFrequency":"2667","Number":"1","Opcode":"0","PerformanceImplementation":"1","ProcessID":"4","ProviderGuid":"0F67E49F-FE51-4E9F-B490-6F2948CC6027","ProviderName":"Microsoft-Windows-Kernel-Processor-Power","Task":"47","ThreadID":"168","TimeCreated":"2018-01-03T06:29:11.530825614Z","UserID":"S-1-5-18","Version":"0"}}
{"time":"2018-01-03T06:29:11.5308254Z","host":"IE11WIN8_1","user":"S-1-5-18","message":"Processor $2 in group $1 exposes the following power management capabilities:  Idle state type: $4 ($3 state(s))  Performance state type: $9 Nominal Frequency (MHz): $5 Maximum performance percentage: $6 Minimum performance percentage: $7 Minimum throttle percentage: $8","severity":3,"sequence":"71","source":"eventlog","category":"System","service":"Microsoft-Windows-Kernel-Processor-Power","fields":{"Channel":"System","Computer":"IE11WIN8_1","EventID":"55","EventRecordID":"71","Group":"0","IdleImplementation":"1","IdleStateCount":"1","Keywords":"9223372036854775808","Level":"4","MaximumPerformancePercent":"100","MinimumPerformancePercent":"100","MinimumThrottlePercent":"12","NominalFrequency":"2667","Number":"0","Opcode":"0","PerformanceImplementation":"1","ProcessID":"4","ProviderGuid":"0F67E49F-FE51-4E9F-B490-6F2948CC6027","ProviderName":"Microsoft-Windows-Kernel-Processor-Power","Task":"47","ThreadID":"168","TimeCreated":"2018-01-03T06:29:11.530825614Z","UserID":"S-1-5-18","Version":"0"}}
{"time":"2018-01-03T06:29:22Z","host":"IE11WIN8_1","message":"Undescribed event: EventLog: 56","severity":3,"sequence":"56","source":"eventlog","category":"System","service":"EventLog","fields":{"Binary":"[226 7 1 0 3 0 3 0 6 0 29 0 22 0 206 2 0 0 0 0 0 0 0 0]","Channel":"System","Computer":"IE11WIN8_1","EventIDQualifiers":"32768","EventIDValue":"6005","EventRecordID":"56","Keywords":"36028797018963968","Level":"4","ProviderName":"EventLog","Task":"0","TimeCreated":"2018-01-03T06:29:22Z"}}
{"time":"2018-01-03T06:29:22Z","host":"IE11WIN8_1","message":"Undescribed event: EventLog: 54","severity":3,"sequence":"54","source":"eventlog","category":"System","service":"EventLog","fields":{"Channel":"System","Computer":"IE11WIN8_1","Data":"[IEUSER-S9CSARBA IE11WIN8_1]","EventIDQualifiers":"32768","EventIDValue":"6011","EventRecordID":"54","Keywords":"36028797018963968","Level":"4","ProviderName":"EventLog","Task":"0","TimeCreated":"2018-01-03T06:29:22Z"}}
{"time":"2018-01-03T06:29:22Z","host":"IE11WIN8_1","message":"Undescribed event: EventLog: 57","severity":3,"sequence":"57","source":"eventlog","category":"System","service":"EventLog","fields":{"Binary":"[49 0 46 0 49 0 0 0 48 0 0 0 87 0 105 0 110 0 100 0 111 0 119 0 115 0 32 0 56 0 46 0 49 0 32 0 69 0 110 0 116 0 101 0 114 0 112 0 114 0 105 0 115 0 101 0 32 0 69 0 118 0 97 0 108 0 117 0 97 0 116 0 105 0 111 0 110 0 0 0 54 0 46 0 51 0 46 0 57 0 54 0 48 0 48 0 32 0 66 0 117 0 105 0 108 0 100 0 32 0 57 0 54 0 48 0 48 0 32 0 32 0 0 0 77 0 117 0 108 0 116 0 105 0 112 0 114 0 111 0 99 0 101 0 115 0 115 0 111 0 114 0 32 0 70 0 114 0 101 0 101 0 0 0 57 0 54 0 48 0 48 0 46 0 119 0 105 0 110 0 98 0 108 0 117 0 101 0 95 0 103 0 100 0 114 0 46 0 49 0 52 0 48 0 50 0 50 0 49 0 45 0 49 0 57 0 53 0 50 0 0 0 53 0 97 0 52 0 99 0 55 0 56 0 50 0 100 0 0 0 78 0 111 0 116 0 32 0 65 0 118 0 97 0 105 0 108 0 97 0 98 0 108 0 101 0 0 0 78 0 111 0 116 0 32 0 65 0 118 0 97 0 105 0 108 0 97 0 98 0 108 0 101 0 0 0 57 0 0 0 50 0 0 0 52 0 48 0 57 0 54 0 0 0 52 0 48 0 57 0 0 0 73 0 69 0 49 0 49 0 87 0 73 0 78 0 56 0 95 0 49 0 0 0 0 0]","Channel":"System","Computer":"IE11WIN8_1","Data":"[    14 60 480 Pacific Standard Time]","EventIDQualifiers":"32768","EventIDValue":"6013","EventRecordID":"57","Keywords":"36028797018963968","Level":"4","ProviderName":"EventLog","Task":"0","TimeCreated":"2018-01-03T06:29:22Z"}}
{"time":"2018-01-03T06:29:22Z","host":"IE11WIN8_1","message":"Undescribed event: EventLog: 55","severity":3,"sequence":"55","source":"eventlog","category":"System","service":"EventLog","fields":{"Channel":"System","Computer":"IE11WIN8_1","Data":"[6.03. 9600  Multiprocessor Free 16384]","EventIDQualifiers":"32768","EventIDValue":"6009","EventRecordID":"55","Keywords":"36028797018963968","Level":"4","ProviderName":"EventLog","Task":"0","TimeCreated":"2018-01-03T06:29:22Z"}}
{"time":"2018-01-03T06:29:22.7964673Z","host":"IE11WIN8_1","user":"S-1-5-19","message":"DHCPv4 client service is started","severity":3,"sequence":"73","source":"eventlog","category":"System","service":"Microsoft-Windows-Dhcp-Client","fields":{"Channel":"System","Computer":"IE11WIN8_1","EventID":"50036","EventRecordID":"73","Keywords":"2305843009213693952","Level":"4","Opcode":"68","ProcessID":"836","ProviderGuid":"15A7A4F8-0072-4EAB-ABAD-F98A4D666AED","ProviderName":"Microsoft-Windows-Dhcp-Client","Task":"4","ThreadID":"240","TimeCreated":"2018-01-03T06:29:22.796467304Z","UserID":"S-1-5-19","Version":"0"}}
{"time":"2018-01-03T06:29:22.8114586Z","host":"IE11WIN8_1","user":"S-1-5-19","message":"DHCPv6 client service is started","severity":3,"sequence":"74","source":"eventlog","category":"System","service":"Microsoft-Windows-DHCPv6-Client","fields":{"Channel":"System","Computer":"IE11WIN8_1","EventID":"51046","EventRecordID":"74","Keywords":"2305843009213693952","Level":"4","Opcode":"62","ProcessID":"836","ProviderGuid":"6A1F2B00-6A90-4C38-95A5-5CAB3B056778","ProviderName":"Microsoft-Windows-DHCPv6-Client","Task":"4","ThreadID":"328","TimeCreated":"2018-01-03T06:29:22.811459302Z","UserID":"S-1-5-19","Version":"0"}}
{"time":"2018-01-03T06:29:22.9519214Z","host":"IE11WIN8_1","message":"The UAC File Virtualization service failed to start due to the following error:  %%1275","severity":8,"sequence":"75","source":"eventlog","category":"System","service":"Service Control Manager","fields":{"Channel":"System","Computer":"IE11WIN8_1","EventIDQualifiers":"49152","EventIDValue":"7000","EventRecordID":"75","Keywords":"9259400833873739776","Level":"2","Opcode":"0","ProcessID":"464","ProviderEventSourceName":"Service Control Manager","ProviderGuid":"{555908d1-a6d7-4695-8e1e-26931d2012f4}","ProviderName":"Service Control Manager","Task":"0","ThreadID":"468","TimeCreated":"2018-01-03T06:29:22.951921701Z","Version":"0","param1":"UAC File Virtualization","param2":"%%1275"}}
{"time":"2018-01-03T06:29:24.2645452Z","host":"IE11WIN8_1","message":"The following boot-start or system-start driver(s) failed to load: $1","severity":3,"sequence":"76","source":"eventlog","category":"System","service":"Service Control Manager","fields":{"Channel":"System","Computer":"IE11WIN8_1","DataName":"param1","DataValue":"\r\ndam","EventIDQualifiers":"49152","EventIDValue":"7026","EventRecordID":"76","Keywords":"9259400833873739776","Level":"4","Opcode":"0","ProcessID":"464","ProviderEventSourceName":"Service Control Manager","ProviderGuid":"{555908d1-a6d7-4695-8e1e-26931d2012f4}","ProviderName":"Service Control Manager","Task":"0","ThreadID":"468","TimeCreated":"2018-01-03T06:29:24.264545679Z","Version":"0"}}
{"time":"2018-01-03T06:29:24.6707443Z","host":"IE11WIN8_1","user":"S-1-5-19","message":"The time provider NtpClient is currently receiving valid time data from $1","severity":3,"sequence":"77","source":"eventlog","category":"System","service":"Microsoft-Windows-Time-Service","fields":{"Channel":"System","Computer":"IE11WIN8_1","DataName":"TimeSource","DataValue":"time.windows.com,0x9 (ntp.m|0x9|0.0.0.0:123-\u003e10.218.96.114:123)","EventID":"37","EventRecordID":"77","Keywords":"9223372036854775808","Level":"4","Name":"TMP_EVENT_TIME_SOURCE_REACHABLE","Opcode":"0","ProcessID":"936","ProviderGuid":"06EDCFEB-0FD0-4E53-ACCA-A6F8BBF81BCB","ProviderName":"Microsoft-Windows-Time-Service","Task":"0","ThreadID":"1504","TimeCreated":"2018-01-03T06:29:24.670743942Z","UserID":"S-1-5-19","Version":"0"}}
{"time":"2018-01-03T06:29:24.7645755Z","host":"IE11WIN8_1","user":"S-1-5-18","message":"Driver Management has concluded the process to add Service $1 for Device Instance ID $3 with the following status: $6","severity":3,"sequence":"79","source":"eventlog","category":"System","service":"Microsoft-Windows-UserPnp","fields":{"AddServiceIDAddServiceStatus":"0","AddServiceIDDeviceInstanceID":"SWD\\IP_TUNNEL_VBUS\\ISATAP_0","AddServiceIDDriverFileName":"\\SystemRoot\\system32\\DRIVERS\\tunnel.sys","AddServiceIDPrimaryService":"true","AddServiceIDServiceName":"tunnel","AddServiceIDUpdateService":"false","Channel":"System","Computer":"IE11WIN8_1","EventID":"20003","EventRecordID":"79","Keywords":"9223372036854775808","Level":"4","Opcode":"0","ProcessID":"1544","ProviderGuid":"96F4A050-7E31-453C-88BE-9634F4E02139","ProviderName":"Microsoft-Windows-UserPnp","Task":"7005","ThreadID":"1564","TimeCreated":"2018-01-03T06:29:24.764575958Z","UserID":"S-1-5-18","Version":"0"}}
{"time":"2018-01-03T06:29:24.7645755Z","host":"IE11WIN8_1","user":"S-1-5-18","message":"A service was installed in the system","severity":3,"sequence":"78","source":"eventlog","category":"System","service":"Service Control Manager","fields":{"AccountName":"","Channel":"System","Computer":"IE11WIN8_1","EventIDQualifiers":"16384","EventIDValue":"7045","EventRecordID":"78","ImagePath":"\\SystemRoot\\system32\\DRIVERS\\tunnel.sys","Keywords":"9259400833873739776","Level":"4","Opcode":"0","ProcessID":"464","ProviderEventSourceName":"Service Control Manager","ProviderGuid":"{555908d1-a6d7-4695-8e1e-26931d2012f4}","ProviderName":"Service Control Manager","ServiceName":"Microsoft Tunnel Miniport Adapter Driver","ServiceType":"kernel mode driver","StartType":"demand start","Task":"0","ThreadID":"852","TimeCreated":"2018-01-03T06:29:24.764575958Z","UserID":"S-1-5-18","Version":"0"}}
{"time":"2018-01-03T06:29:25.874031Z","host":"IE11WIN8_1","user":"S-1-5-19","message":"The time provider NtpClient is currently receiving valid time data from $1","severity":3,"sequence":"80","source":"eventlog","category":"System","service":"Microsoft-Windows-Time-Service","fields":{"Channel":"System","Computer":"IE11WIN8_1","DataName":"TimeSource","DataValue":"time.windows.com,0x9 (ntp.m|0x9|0.0.0.0:123-\u003e10.218.96.114:123)","EventID":"37","EventRecordID":"80","Keywords":"9223372036854775808","Level":"4","Name":"TMP_EVENT_TIME_SOURCE_REACHABLE","Opcode":"0","ProcessID":"936","ProviderGuid":"06EDCFEB-0FD0-4E53-ACCA-A6F8BBF81BCB","ProviderName":"Microsoft-Windows-Time-Service","Task":"0","ThreadID":"268","TimeCreated":"2018-01-03T06:29:25.874030351Z","UserID":"S-1-5-19","Version":"0"}}
{"time":"2018-01-03T06:29:26.2332532Z","host":"IE11WIN8_1","user":"S-1-5-18","message":"The system time has changed to $1 from $2","severity":3,"sequence":"81","source":"eventlog","category":"System","service":"Microsoft-Windows-Kernel-General","fields":{"Channel":"System","Computer":"IE11WIN8_1","EventID":"1","EventRecordID":"81","Keywords":"9223372036854775824","Level":"4","NewTime":"2018-01-03T06:29:26.233252763Z","OldTime":"2018-01-03T06:29:26.233252763Z","Opcode":"0","ProcessID":"780","ProviderGuid":"A68CA8B7-004F-D7B6-A698-07E2DE0F1F5D","ProviderName":"Microsoft-Windows-Kernel-General","Reason":"3","Task":"0","ThreadID":"784","TimeCreated":"2018-01-03T06:29:26.233252763Z","UserID":"S-1-5-18","Version":"1"}}
{"time":"2018-01-03T06:29:26.9691802Z","host":"IE11WIN8_1","user":"S-1-5-19","message":"The system time has changed to $1 from $2","severity":3,"sequence":"83","source":"eventlog","category":"System","service":"Microsoft-Windows-Kernel-General","fields":{"Channel":"System","Computer":"IE11WIN8_1","EventID":"1","EventRecordID":"83","Keywords":"9223372036854775824","Level":"4","NewTime":"2018-01-03T06:29:26.970999956Z","OldTime":"2018-01-03T06:29:26.972897529Z","Opcode":"0","ProcessID":"936","ProviderGuid":"A68CA8B7-004F-D7B6-A698-07E2DE0F1F5D","ProviderName":"Microsoft-Windows-Kernel-General","Reason":"1","Task":"0","ThreadID":"1616","TimeCreated":"2018-01-03T06:29:26.969180822Z","UserID":"S-1-5-19","Version":"1"}}
{"time":"2018-01-03T06:29:26.9710783Z","host":"IE11WIN8_1","user":"S-1-5-19","message":"The time service is now synchronizing the system time with the time source $1","severity":3,"sequence":"82","source":"eventlog","category":"System","service":"Microsoft-Windows-Time-Service","fields":{"Channel":"System","Computer":"IE11WIN8_1","DataName":"TimeSource","DataValue":"time.windows.com,0x9 (ntp.m|0x9|0.0.0.0:123-\u003e10.218.96.114:123)","EventID":"35","EventRecordID":"82","Keywords":"9223372036854775808","Level":"4","Name":"TMP_EVENT_TIME_SOURCE_CHOSEN","Opcode":"0","ProcessID":"936","ProviderGuid":"06EDCFEB-0FD0-4E53-ACCA-A6F8BBF81BCB","ProviderName":"Microsoft-Windows-Time-Service","Task":"0","ThreadID":"1540","TimeCreated":"2018-01-03T06:29:26.971078395Z","UserID":"S-1-5-19","Version":"0"}}
{"time":"2018-01-03T06:29:29.7299872Z","host":"IE11WIN8_1","user":"S-1-5-18","message":"User Logon Notification for Customer Experience Improvement Program","severity":3,"sequence":"84","source":"eventlog","category":"System","service":"Microsoft-Windows-Winlogon","fields":{"Channel":"System","Computer":"IE11WIN8_1","CorrelationActivityID":"67144949-5132-4859-8036-A737B43825D8","EventID":"7001","EventRecordID":"84","Keywords":"2305843009213693952","Level":"4","Opcode":"0","ProcessID":"408","ProviderGuid":"DBE9B383-7CF3-4331-91CC-A3CB16A3B538","ProviderName":"Microsoft-Windows-Winlogon","TSId":"1","Task":"1101","ThreadID":"736","TimeCreated":"2018-01-03T06:29:29.729987144Z","UserID":"S-1-5-18","UserSid":"S-1-5-21-3040204872-3082932231-1584796067-1001","Version":"0"}}
{"time":"2018-01-03T06:29:30.8701952Z","host":"IE11WIN8_1","user":"S-1-5-21-3040204872-3082932231-1584796067-1001","message":"The Group Policy settings for the user were processed successfully","severity":3,"sequence":"85","source":"eventlog","category":"System","service":"Microsoft-Windows-GroupPolicy","fields":{"Channel":"System","Computer":"IE11WIN8_1","CorrelationActivityID":"C67F1F5D-ECBF-4726-B81D-EAF7E16E8ECA","DCName":"","EventID":"1501","EventRecordID":"85","Keywords":"9223372036854775808","Level":"4","Opcode":"1","ProcessID":"804","ProcessingMode":"1","ProcessingTimeInMilliseconds":"125","ProviderGuid":"AEA1B4FA-97D1-45F2-A64C-4D69FFFD92C9","ProviderName":"Microsoft-Windows-GroupPolicy","SupportInfo1":"1","SupportInfo2":"3658","Task":"0","ThreadID":"2416","TimeCreated":"2018-01-03T06:29:30.87019515Z","UserID":"S-1-5-21-3040204872-3082932231-1584796067-1001","Version":"0"}}
{"time":"2018-01-03T06:29:32.1202672Z","host":"IE11WIN8_1","user":"S-1-5-18","message":"Driver Management concluded the process to install driver $1 for Device Instance ID $4 with the following status: $9","severity":3,"sequence":"86","source":"eventlog","category":"System","service":"Microsoft-Windows-UserPnp","fields":{"Channel":"System","Computer":"IE11WIN8_1","EventID":"20001","EventRecordID":"86","InstallDeviceIDDeviceInstanceID":"SWD\\IP_TUNNEL_VBUS\\ISATAP_0","InstallDeviceIDDriverDescription":"Microsoft ISATAP Adapter","InstallDeviceIDDriverName":"nettun.inf_amd64_39a76f4fea741eb0\\nettun.inf","InstallDeviceIDDriverProvider":"Microsoft","InstallDeviceIDDriverVersion":"6.3.9600.16384","InstallDeviceIDInstallStatus":"0","InstallDeviceIDIsDriverOEM":"false","InstallDeviceIDRebootOption":"false","InstallDeviceIDSetupClass":"4D36E972-E325-11CE-BFC1-08002BE10318","InstallDeviceIDUpgradeDevice":"false","Keywords":"9223372036854775808","Level":"4","Opcode":"0","ProcessID":"1544","ProviderGuid":"96F4A050-7E31-453C-88BE-9634F4E02139","ProviderName":"Microsoft-Windows-UserPnp","Task":"7005","ThreadID":"1564","TimeCreated":"2018-01-03T06:29:32.120267152Z","UserID":"S-1-5-18","Version":"0"}}
{"time":"2018-01-03T06:29:32.3701621Z","host":"IE11WIN8_1","user":"S-1-5-18","message":"The access history in hive $2 was cleared updating $3 keys and creating $4 modified pages","severity":3,"sequence":"87","source":"eventlog","category":"System","service":"Microsoft-Windows-Kernel-General","fields":{"Channel":"System","Computer":"IE11WIN8_1","DirtyPages":"5","EventID":"16","EventRecordID":"87","HiveName":"\\??\\C:\\Windows\\AppCompat\\Programs\\Amcache.hve","HiveNameLength":"45","KeysUpdated":"25","Keywords":"9223372036854775808","Level":"4","Opcode":"0","ProcessID":"804","ProviderGuid":"A68CA8B7-004F-D7B6-A698-07E2DE0F1F5D","ProviderName":"Microsoft-Windows-Kernel-General","Task":"0","ThreadID":"2688","TimeCreated":"2018-01-03T06:29:32.370161533Z","UserID":"S-1-5-18","Version":"0"}}
{"time":"2018-01-03T06:29:33.6201112Z","host":"IE11WIN8_1","user":"S-1-5-21-3040204872-3082932231-1584796067-1001","message":"This event triggers the TBS device identifier generation","severity":3,"sequence":"88","source":"eventlog","category":"System","service":"Microsoft-Windows-TPM-WMI","fields":{"Channel":"System","Computer":"IE11WIN8_1","EventID":"1281","EventRecordID":"88","Keywords":"9223372036854775808","Level":"4","Opcode":"0","ProcessID":"804","ProviderGuid":"7D5387B0-CBE0-11DA-A94D-0800200C9A66","ProviderName":"Microsoft-Windows-TPM-WMI","Task":"0","ThreadID":"2476","TimeCreated":"2018-01-03T06:29:33.620111942Z","UserID":"S-1-5-21-3040204872-3082932231-1584796067-1001","Version":"0"}}
{"time":"2018-01-03T06:29:34.8863585Z","host":"IE11WIN8_1","user":"S-1-5-21-3040204872-3082932231-1584796067-1001","message":"The access history in hive $2 was cleared updating $3 keys and creating $4 modified pages","severity":3,"sequence":"89","source":"eventlog","category":"System","service":"Microsoft-Windows-Kernel-General","fields":{"Channel":"System","Computer":"IE11WIN8_1","DirtyPages":"1","EventID":"16","EventRecordID":"89","HiveName":"\\??\\C:\\Users\\IEUser\\AppData\\Local\\Packages\\Microsoft.Media.PlayReadyClient.2_8wekyb3d8bbwe\\Settings\\settings.dat","HiveNameLength":"112","KeysUpdated":"3","Keywords":"9223372036854775808","Level":"4","Opcode":"0","ProcessID":"1820","ProviderGuid":"A68CA8B7-004F-D7B6-A698-07E2DE0F1F5D","ProviderName":"Microsoft-Windows-Kernel-General","Task":"0","ThreadID":"1880","TimeCreated":"2018-01-03T06:29:34.886358499Z","UserID":"S-1-5-21-3040204872-3082932231-1584796067-1001","Version":"0"}}
{"time":"2018-01-03T06:29:40.6517435Z","host":"IE11WIN8_1","user":"S-1-5-19","message":"The TBS device identifier has been generated","severity":3,"sequence":"90","source":"eventlog","category":"System","service":"Microsoft-Windows-TPM-WMI","fields":{"Channel":"System","Computer":"IE11WIN8_1","EventID":"1282","EventRecordID":"90","Keywords":"9223372036854775808","Level":"4","Opcode":"0","ProcessID":"1616","ProviderGuid":"7D5387B0-CBE0-11DA-A94D-0800200C9A66","ProviderName":"Microsoft-Windows-TPM-WMI","Task":"0","ThreadID":"2896","TimeCreated":"2018-01-03T06:29:40.651743888Z","UserID":"S-1-5-19","Version":"0"}}
{"time":"2018-01-03T06:30:06.1521685Z","host":"IE11WIN8_1","user":"S-1-5-21-3040204872-3082932231-1584796067-1001","message":"The process C:\\Windows\\system32\\wbem\\wmiprvse.exe (IE11WIN8_1) has initiated the restart of computer IE11WIN8_1 on behalf of user IE11WIN8_1\\IEUser for the following reason: No title for this reason could be found  Reason Code: 0x80070015  Shutdown Type: restart  Comment: ","severity":3,"sequence":"91","source":"eventlog","category":"System","service":"User32","fields":{"Channel":"System","Computer":"IE11WIN8_1","EventIDQualifiers":"32768","EventIDValue":"1074","EventRecordID":"91","Keywords":"9259400833873739776","Level":"4","Opcode":"0","ProcessID":"320","ProviderEventSourceName":"User32","ProviderGuid":"{b0aa8734-56f7-41cc-b2f4-de228e98b946}","ProviderName":"User32","Task":"0","ThreadID":"416","TimeCreated":"2018-01-03T06:30:06.152168035Z","UserID":"S-1-5-21-3040204872-3082932231-1584796067-1001","Version":"0","param1":"C:\\Windows\\system32\\wbem\\wmiprvse.exe (IE11WIN8_1)","param2":"IE11WIN8_1","param3":"No title for this reason could be found","param4":"0x80070015","param5":"restart","param6":"","param7":"IE11WIN8_1\\IEUser"}}
{"time":"2018-01-03T06:30:06.8544656Z","host":"IE11WIN8_1","user":"S-1-5-18","message":"User Logoff Notification for Customer Experience Improvement Program","severity":3,"sequence":"92","source":"eventlog","category":"System","service":"Microsoft-Windows-Winlogon","fields":{"Channel":"System","Computer":"IE11WIN8_1","CorrelationActivityID":"86432A0B-3C7D-4DDF-A89C-172FAA90485D","EventID":"7002","EventRecordID":"92","Keywords":"2305843009213693952","Level":"4","Opcode":"0","ProcessID":"408","ProviderGuid":"DBE9B383-7CF3-4331-91CC-A3CB16A3B538","ProviderName":"Microsoft-Windows-Winlogon","TSId":"1","Task":"1102","ThreadID":"736","TimeCreated":"2018-01-03T06:30:06.854465484Z","UserID":"S-1-5-18","UserSid":"S-1-5-21-3040204872-3082932231-1584796067-1001","Version":"0"}}
{"time":"2018-01-03T06:30:06.91698Z","host":"IE11WIN8_1","user":"S-1-5-18","message":"Automatic Updates is now paused","severity":3,"sequence":"93","source":"eventlog","category":"System","service":"Microsoft-Windows-WindowsUpdateClient","fields":{"Channel":"System","Computer":"IE11WIN8_1","CorrelationActivityID":"293693EF-845C-0001-FE9D-36295C84D301","EventID":"27","EventRecordID":"93","Keywords":"9223372036854775936","Level":"4","Opcode":"16","ProcessID":"804","ProviderGuid":"945A8954-C147-4ACD-923F-40C45405A658","ProviderName":"Microsoft-Windows-WindowsUpdateClient","Task":"1","ThreadID":"2708","TimeCreated":"2018-01-03T06:30:06.916979312Z","UserID":"S-1-5-18","Version":"0"}}
{"time":"2018-01-03T06:30:07Z","host":"IE11WIN8_1","message":"Undescribed event: EventLog: 94","severity":3,"sequence":"94","source":"eventlog","category":"System","service":"EventLog","fields":{"Binary":"[1 0 0 0 0 0 0 0]","Channel":"System","Computer":"IE11WIN8_1","EventIDQualifiers":"32768","EventIDValue":"6006","EventRecordID":"94","Keywords":"36028797018963968","Level":"4","ProviderName":"EventLog","Task":"0","TimeCreated":"2018-01-03T06:30:07Z"}}
{"time":"2018-01-03T06:30:07.5264527Z","host":"IE11WIN8_1","user":"S-1-5-19","message":"DHCPv6 client service is stopped","severity":3,"sequence":"98","source":"eventlog","category":"System","service":"Microsoft-Windows-DHCPv6-Client","fields":{"Channel":"System","Computer":"IE11WIN8_1","DataName":"DwordVal","DataValue":"1","EventID":"51047","EventRecordID":"98","Keywords":"2305843009213693952","Level":"4","Opcode":"63","ProcessID":"836","ProviderGuid":"6A1F2B00-6A90-4C38-95A5-5CAB3B056778","ProviderName":"Microsoft-Windows-DHCPv6-Client","Task":"4","ThreadID":"328","TimeCreated":"2018-01-03T06:30:07.526452779Z","UserID":"S-1-5-19","Version":"0"}}
{"time":"2018-01-03T06:30:07.5264527Z","host":"IE11WIN8_1","user":"S-1-5-19","message":"DHCPv4 client service is stopped","severity":3,"sequence":"99","source":"eventlog","category":"System","service":"Microsoft-Windows-Dhcp-Client","fields":{"Channel":"System","Computer":"IE11WIN8_1","DataName":"DwordVal","DataValue":"1","EventID":"50037","EventRecordID":"99","Keywords":"2305843009213693952","Level":"4","Opcode":"69","ProcessID":"836","ProviderGuid":"15A7A4F8-0072-4EAB-ABAD-F98A4D666AED","ProviderName":"Microsoft-Windows-Dhcp-Client","Task":"4","ThreadID":"240","TimeCreated":"2018-01-03T06:30:07.526452779Z","UserID":"S-1-5-19","Version":"0"}}
{"time":"2018-01-03T06:30:08.5894509Z","host":"IE11WIN8_1","message":"The kernel power manager has initiated a shutdown transition","severity":3,"sequence":"100","source":"eventlog","category":"System","service":"Microsoft-Windows-Kernel-Power","fields":{"Channel":"System","Computer":"IE11WIN8_1","EventID":"109","EventRecordID":"100","Keywords":"9223372036854775812","Level":"4","Opcode":"0","ProcessID":"372","ProviderGuid":"331C3B3A-2005-44C2-AC5E-77220C37D6B4","ProviderName":"Microsoft-Windows-Kernel-Power","ShutdownActionType":"5","ShutdownEventCode":"0","ShutdownReason":"5","Task":"103","ThreadID":"376","TimeCreated":"2018-01-03T06:30:08.589451313Z","Version":"0"}}
{"time":"2018-01-03T06:30:08.854503Z","host":"IE11WIN8_1","message":"The operating system is shutting down at system time $1","severity":3,"sequence":"101","source":"eventlog","category":"System","service":"Microsoft-Windows-Kernel-General","fields":{"Channel":"System","Computer":"IE11WIN8_1","DataName":"StopTime","DataValue":"2018-01-03T06:30:08.854502439Z","EventID":"13","EventRecordID":"101","Keywords":"9223372036854775808","Level":"4","Opcode":"0","ProcessID":"4","ProviderGuid":"A68CA8B7-004F-D7B6-A698-07E2DE0F1F5D","ProviderName":"Microsoft-Windows-Kernel-General","Task":"0","ThreadID":"1512","TimeCreated":"2018-01-03T06:30:08.854502439Z","Version":"0"}}
{"time":"2018-01-03T06:30:14.9055644Z","host":"IE11WIN8_1","user":"S-1-5-18","message":"There are $1 boot options on this system","severity":3,"sequence":"105","source":"eventlog","category":"System","service":"Microsoft-Windows-Kernel-Boot","fields":{"Channel":"System","Computer":"IE11WIN8_1","DataName":"EntryCount","DataValue":"1","EventID":"18","EventRecordID":"105","Keywords":"9223372036854775808","Level":"4","Opcode":"0","ProcessID":"4","ProviderGuid":"15CA44FF-4D7A-4BAA-BBA5-0998955E531E","ProviderName":"Microsoft-Windows-Kernel-Boot","Task":"0","ThreadID":"8","TimeCreated":"2018-01-03T06:30:14.905564785Z","UserID":"S-1-5-18","Version":"0"}}
{"time":"2018-01-03T06:30:14.9055644Z","host":"IE11WIN8_1","user":"S-1-5-18","message":"The bootmgr spent $1 ms waiting for user input","severity":3,"sequence":"106","source":"eventlog","category":"System","service":"Microsoft-Windows-Kernel-Boot","fields":{"Channel":"System","Computer":"IE11WIN8_1","DataName":"BitlockerUserInputTime","DataValue":"0","EventID":"32","EventRecordID":"106","Keywords":"9223372036854775808","Level":"4","Opcode":"0","ProcessID":"4","ProviderGuid":"15CA44FF-4D7A-4BAA-BBA5-0998955E531E","ProviderName":"Microsoft-Windows-Kernel-Boot","Task":"0","ThreadID":"8","TimeCreated":"2018-01-03T06:30:14.905564785Z","UserID":"S-1-5-18","Version":"0"}}
{"time":"2018-01-03T06:30:14.9055644Z","host":"IE11WIN8_1","user":"S-1-5-18","message":"The last shutdown's success status was $1","severity":3,"sequence":"103","source":"eventlog","category":"System","service":"Microsoft-Windows-Kernel-Boot","fields":{"Channel":"System","Computer":"IE11WIN8_1","EventID":"20","EventRecordID":"103","Keywords":"9223372036854775808","LastBootGood":"true","LastShutdownGood":"true","Level":"4","Opcode":"0","ProcessID":"4","ProviderGuid":"15CA44FF-4D7A-4BAA-BBA5-0998955E531E","ProviderName":"Microsoft-Windows-Kernel-Boot","Task":"0","ThreadID":"8","TimeCreated":"2018-01-03T06:30:14.905564785Z","UserID":"S-1-5-18","Version":"0"}}
{"time":"2018-01-03T06:30:14.9055644Z","host":"IE11WIN8_1","user":"S-1-5-18","message":"The boot type was $1","severity":3,"sequence":"104","source":"eventlog","category":"System","service":"Microsoft-Windows-Kernel-Boot","fields":{"Channel":"System","Computer":"IE11WIN8_1","DataName":"BootType","DataValue":"0","EventID":"27","EventRecordID":"104","Keywords":"9223372036854775808","Level":"4","Opcode":"0","ProcessID":"4","ProviderGuid":"15CA44FF-4D7A-4BAA-BBA5-0998955E531E","ProviderName":"Microsoft-Windows-Kernel-Boot","Task":"0","ThreadID":"8","TimeCreated":"2018-01-03T06:30:14.905564785Z","UserID":"S-1-5-18","Version":"0"}}
{"time":"2018-01-03T06:30:14.9055644Z","host":"IE11WIN8_1","user":"S-1-5-18","message":"The operating system started at system time $7","severity":3,"sequence":"102","source":"eventlog","category":"System","service":"Microsoft-Windows-Kernel-General","fields":{"BootMode":"0","BuildVersion":"9600","Channel":"System","Computer":"IE11WIN8_1","EventID":"12","EventRecordID":"102","Keywords":"9223372036854775808","Level":"4","MajorVersion":"6","MinorVersion":"3","Opcode":"0","ProcessID":"4","ProviderGuid":"A68CA8B7-004F-D7B6-A698-07E2DE0F1F5D","ProviderName":"Microsoft-Windows-Kernel-General","QfeVersion":"17031","ServiceVersion":"0","StartTime":"2018-01-03T06:30:14.499489545Z","Task":"0","ThreadID":"8","TimeCreated":"2018-01-03T06:30:14.905564785Z","UserID":"S-1-5-18","Version":"0"}}
{"time":"2018-01-03T06:30:16.718661Z","host":"IE11WIN8_1","user":"S-1-5-18","message":"File System Filter '$5' ($2.$3, $6) has successfully loaded and registered with Filter Manager","severity":3,"sequence":"109","source":"eventlog","category":"System","service":"Microsoft-Windows-FilterManager","fields":{"Channel":"System","Computer":"IE11WIN8_1","DeviceName":"WdFilter","DeviceNameLength":"8","DeviceTime":"2013-08-22T03:39:34Z","DeviceVersionMajor":"6","DeviceVersionMinor":"3","EventID":"6","EventRecordID":"109","FinalStatus":"0","Keywords":"9223372036854775808","Level":"4","Opcode":"0","ProcessID":"4","ProviderGuid":"F3C5E28E-63F6-49C7-A204-E48A1BC4B09D","ProviderName":"Microsoft-Windows-FilterManager","Task":"0","ThreadID":"8","TimeCreated":"2018-01-03T06:30:16.718660831Z","UserID":"S-1-5-18","Version":"0"}}
{"time":"2018-01-03T06:30:16.718661Z","host":"IE11WIN8_1","user":"S-1-5-18","message":"File System Filter '$5' ($2.$3, $6) has successfully loaded and registered with Filter Manager","severity":3,"sequence":"108","source":"eventlog","category":"System","service":"Microsoft-Windows-FilterManager","fields":{"Channel":"System","Computer":"IE11WIN8_1","DeviceName":"Wof","DeviceNameLength":"3","DeviceTime":"2014-02-22T04:11:32Z","DeviceVersionMajor":"6","DeviceVersionMinor":"3","EventID":"6","EventRecordID":"108","FinalStatus":"0","Keywords":"9223372036854775808","Level":"4","Opcode":"0","ProcessID":"4","ProviderGuid":"F3C5E28E-63F6-49C7-A204-E48A1BC4B09D","ProviderName":"Microsoft-Windows-FilterManager","Task":"0","ThreadID":"8","TimeCreated":"2018-01-03T06:30:16.718660831Z","UserID":"S-1-5-18","Version":"0"}}
{"time":"2018-01-03T06:30:16.718661Z","host":"IE11WIN8_1","user":"S-1-5-18","message":"File System Filter '$5' ($2.$3, $6) has successfully loaded and registered with Filter Manager","severity":3,"sequence":"107","source":"eventlog","category":"System","service":"Microsoft-Windows-FilterManager","fields":{"Channel":"System","Computer":"IE11WIN8_1","DeviceName":"FileInfo","DeviceNameLength":"8","DeviceTime":"2014-02-22T04:13:10Z","DeviceVersionMajor":"6","DeviceVersionMinor":"3","EventID":"6","EventRecordID":"107","FinalStatus":"0","Keywords":"9223372036854775808","Level":"4","Opcode":"0","ProcessID":"4","ProviderGuid":"F3C5E28E-63F6-49C7-A204-E48A1BC4B09D","ProviderName":"Microsoft-Windows-FilterManager","Task":"0","ThreadID":"8","TimeCreated":"2018-01-03T06:30:16.718660831Z","UserID":"S-1-5-18","Version":"0"}}
{"time":"2018-01-03T06:30:16.780339Z","host":"IE11WIN8_1","user":"S-1-5-18","message":"Volume $1 ($2) $3","severity":3,"sequence":"110","source":"eventlog","category":"System","service":"Microsoft-Windows-Ntfs","fields":{"Channel":"System","Computer":"IE11WIN8_1","CorruptionActionState":"0","DeviceName":"\\Device\\HarddiskVolume1","DriveName":"C:","EventID":"98","EventRecordID":"110","Keywords":"9223372036854775810","Level":"4","Opcode":"0","ProcessID":"4","ProviderGuid":"3FF37A1C-A68D-4D6E-8C9B-F79E8B16C482","ProviderName":"Microsoft-Windows-Ntfs","Task":"0","ThreadID":"164","TimeCreated":"2018-01-03T06:30:16.780339241Z","UserID":"S-1-5-18","Version":"0"}}
{"time":"2018-01-03T06:30:16.9366776Z","host":"IE11WIN8_1","user":"S-1-5-18","message":"File System Filter '$5' ($2.$3, $6) has successfully loaded and registered with Filter Manager","severity":3,"sequence":"111","source":"eventlog","category":"System","service":"Microsoft-Windows-FilterManager","fields":{"Channel":"System","Computer":"IE11WIN8_1","DeviceName":"npsvctrig","DeviceNameLength":"9","DeviceTime":"2013-08-22T03:38:22Z","DeviceVersionMajor":"6","DeviceVersionMinor":"3","EventID":"6","EventRecordID":"111","FinalStatus":"0","Keywords":"9223372036854775808","Level":"4","Opcode":"0","ProcessID":"4","ProviderGuid":"F3C5E28E-63F6-49C7-A204-E48A1BC4B09D","ProviderName":"Microsoft-Windows-FilterManager","Task":"0","ThreadID":"8","TimeCreated":"2018-01-03T06:30:16.936678409Z","UserID":"S-1-5-18","Version":"0"}}
{"time":"2018-01-03T06:30:16.967838Z","host":"IE11WIN8_1","message":"The system has been constrained to a periodic tick   Reason: $1","severity":3,"sequence":"112","source":"eventlog","category":"System","service":"Microsoft-Windows-Kernel-Power","fields":{"Channel":"System","Computer":"IE11WIN8_1","DataName":"Reason","DataValue":"2","EventID":"508","EventRecordID":"112","Keywords":"9223372036854775812","Level":"4","Opcode":"0","ProcessID":"4","ProviderGuid":"331C3B3A-2005-44C2-AC5E-77220C37D6B4","ProviderName":"Microsoft-Windows-Kernel-Power","Task":"159","ThreadID":"8","TimeCreated":"2018-01-03T06:30:16.967838287Z","Version":"0"}}
{"time":"2018-01-03T06:30:17.7497491Z","host":"IE11WIN8_1","user":"S-1-5-18","message":"Processor $2 in group $1 exposes the following power management capabilities:  Idle state type: $4 ($3 state(s))  Performance state type: $9 Nominal Frequency (MHz): $5 Maximum performance percentage: $6 Minimum performance percentage: $7 Minimum throttle percentage: $8","severity":3,"sequence":"114","source":"eventlog","category":"System","service":"Microsoft-Windows-Kernel-Processor-Power","fields":{"Channel":"System","Computer":"IE11WIN8_1","EventID":"55","EventRecordID":"114","Group":"0","IdleImplementation":"1","IdleStateCount":"1","Keywords":"9223372036854775808","Level":"4","MaximumPerformancePercent":"100","MinimumPerformancePercent":"100","MinimumThrottlePercent":"12","NominalFrequency":"2667","Number":"1","Opcode":"0","PerformanceImplementation":"1","ProcessID":"4","ProviderGuid":"0F67E49F-FE51-4E9F-B490-6F2948CC6027","ProviderName":"Microsoft-Windows-Kernel-Processor-Power","Task":"47","ThreadID":"160","TimeCreated":"2018-01-03T06:30:17.749748706Z","UserID":"S-1-5-18","Version":"0"}}
{"time":"2018-01-03T06:30:17.7497491Z","host":"IE11WIN8_1","user":"S-1-5-18","message":"Processor $2 in group $1 exposes the following power management capabilities:  Idle state type: $4 ($3 state(s))  Performance state type: $9 Nominal Frequency (MHz): $5 Maximum performance percentage: $6 Minimum performance percentage: $7 Minimum throttle percentage: $8","severity":3,"sequence":"113","source":"eventlog","category":"System","service":"Microsoft-Windows-Kernel-Processor-Power","fields":{"Channel":"System","Computer":"IE11WIN8_1","EventID":"55","EventRecordID":"113","Group":"0","IdleImplementation":"1","IdleStateCount":"1","Keywords":"9223372036854775808","Level":"4","MaximumPerformancePercent":"100","MinimumPerformancePercent":"100","MinimumThrottlePercent":"12","NominalFrequency":"2667","Number":"0","Opcode":"0","PerformanceImplementation":"1","ProcessID":"4","ProviderGuid":"0F67E49F-FE51-4E9F-B490-6F2948CC6027","ProviderName":"Microsoft-Windows-Kernel-Processor-Power","Task":"47","ThreadID":"160","TimeCreated":"2018-01-03T06:30:17.749748706Z","UserID":"S-1-5-18","Version":"0"}}
{"time":"2018-01-03T06:30:18Z","host":"IE11WIN8_1","message":"Undescribed event: EventLog: 96","severity":3,"sequence":"96","source":"eventlog","category":"System","service":"EventLog","fields":{"Binary":"[226 7 1 0 3 0 3 0 6 0 30 0 18 0 215 3 0 0 0 0 0 0 0 0]","Channel":"System","Computer":"IE11WIN8_1","EventIDQualifiers":"32768","EventIDValue":"6005","EventRecordID":"96","Keywords":"36028797018963968","Level":"4","ProviderName":"EventLog","Task":"0","TimeCreated":"2018-01-03T06:30:18Z"}}
{"time":"2018-01-03T06:30:18Z","host":"IE11WIN8_1","message":"Undescribed event: EventLog: 97","severity":3,"sequence":"97","source":"eventlog","category":"System","service":"EventLog","fields":{"Binary":"[49 0 46 0 49 0 0 0 48 0 0 0 87 0 105 0 110 0 100 0 111 0 119 0 115 0 32 0 56 0 46 0 49 0 32 0 69 0 110 0 116 0 101 0 114 0 112 0 114 0 105 0 115 0 101 0 32 0 69 0 118 0 97 0 108 0 117 0 97 0 116 0 105 0 111 0 110 0 0 0 54 0 46 0 51 0 46 0 57 0 54 0 48 0 48 0 32 0 66 0 117 0 105 0 108 0 100 0 32 0 57 0 54 0 48 0 48 0 32 0 32 0 0 0 77 0 117 0 108 0 116 0 105 0 112 0 114 0 111 0 99 0 101 0 115 0 115 0 111 0 114 0 32 0 70 0 114 0 101 0 101 0 0 0 57 0 54 0 48 0 48 0 46 0 119 0 105 0 110 0 98 0 108 0 117 0 101 0 95 0 103 0 100 0 114 0 46 0 49 0 52 0 48 0 50 0 50 0 49 0 45 0 49 0 57 0 53 0 50 0 0 0 53 0 97 0 52 0 99 0 55 0 56 0 52 0 56 0 0 0 78 0 111 0 116 0 32 0 65 0 118 0 97 0 105 0 108 0 97 0 98 0 108 0 101 0 0 0 78 0 111 0 116 0 32 0 65 0 118 0 97 0 105 0 108 0 97 0 98 0 108 0 101 0 0 0 57 0 0 0 50 0 0 0 52 0 48 0 57 0 54 0 0 0 52 0 48 0 57 0 0 0 73 0 69 0 49 0 49 0 87 0 73 0 78 0 56 0 95 0 49 0 0 0 0 0]","Channel":"System","Computer":"IE11WIN8_1","Data":"[    4 60 480 Pacific Standard Time]","EventIDQualifiers":"32768","EventIDValue":"6013","EventRecordID":"97","Keywords":"36028797018963968","Level":"4","ProviderName":"EventLog","Task":"0","TimeCreated":"2018-01-03T06:30:18Z"}}
{"time":"2018-01-03T06:30:18Z","host":"IE11WIN8_1","message":"Undescribed event: EventLog: 95","severity":3,"sequence":"95","source":"eventlog","category":"System","service":"EventLog","fields":{"Channel":"System","Computer":"IE11WIN8_1","Data":"[6.03. 9600  Multiprocessor Free 16384]","EventIDQualifiers":"32768","EventIDValue":"6009","EventRecordID":"95","Keywords":"36028797018963968","Level":"4","ProviderName":"EventLog","Task":"0","TimeCreated":"2018-01-03T06:30:18Z"}}
{"time":"2018-01-03T06:30:18.9218972Z","host":"IE11WIN8_1","message":"The UAC File Virtualization service failed to start due to the following error:  %%1275","severity":8,"sequence":"115","source":"eventlog","category":"System","service":"Service Control Manager","fields":{"Channel":"System","Computer":"IE11WIN8_1","EventIDQualifiers":"49152","EventIDValue":"7000","EventRecordID":"115","Keywords":"9259400833873739776","Level":"2","Opcode":"0","ProcessID":"468","ProviderEventSourceName":"Service Control Manager","ProviderGuid":"{555908d1-a6d7-4695-8e1e-26931d2012f4}","ProviderName":"Service Control Manager","Task":"0","ThreadID":"472","TimeCreated":"2018-01-03T06:30:18.921897649Z","Version":"0","param1":"UAC File Virtualization","param2":"%%1275"}}
{"time":"2018-01-03T06:30:19.2491025Z","host":"IE11WIN8_1","user":"S-1-5-19","message":"DHCPv4 client service is started","severity":3,"sequence":"116","source":"eventlog","category":"System","service":"Microsoft-Windows-Dhcp-Client","fields":{"Channel":"System","Computer":"IE11WIN8_1","EventID":"50036","EventRecordID":"116","Keywords":"2305843009213693952","Level":"4","Opcode":"68","ProcessID":"688","ProviderGuid":"15A7A4F8-0072-4EAB-ABAD-F98A4D666AED","ProviderName":"Microsoft-Windows-Dhcp-Client","Task":"4","ThreadID":"972","TimeCreated":"2018-01-03T06:30:19.249102354Z","UserID":"S-1-5-19","Version":"0"}}
{"time":"2018-01-03T06:30:19.2646031Z","host":"IE11WIN8_1","user":"S-1-5-19","message":"DHCPv6 client service is started","severity":3,"sequence":"117","source":"eventlog","category":"System","service":"Microsoft-Windows-DHCPv6-Client","fields":{"Channel":"System","Computer":"IE11WIN8_1","EventID":"51046","EventRecordID":"117","Keywords":"2305843009213693952","Level":"4","Opcode":"62","ProcessID":"688","ProviderGuid":"6A1F2B00-6A90-4C38-95A5-5CAB3B056778","ProviderName":"Microsoft-Windows-DHCPv6-Client","Task":"4","ThreadID":"1008","TimeCreated":"2018-01-03T06:30:19.264603137Z","UserID":"S-1-5-19","Version":"0"}}
{"time":"2018-01-03T06:30:19.4208997Z","host":"IE11WIN8_1","user":"S-1-5-18","message":"User Logon Notification for Customer Experience Improvement Program","severity":3,"sequence":"118","source":"eventlog","category":"System","service":"Microsoft-Windows-Winlogon","fields":{"Channel":"System","Computer":"IE11WIN8_1","CorrelationActivityID":"67144949-5132-4859-8036-A737B43825D8","EventID":"7001","EventRecordID":"118","Keywords":"2305843009213693952","Level":"4","Opcode":"0","ProcessID":"412","ProviderGuid":"DBE9B383-7CF3-4331-91CC-A3CB16A3B538","ProviderName":"Microsoft-Windows-Winlogon","TSId":"1","Task":"1101","ThreadID":"660","TimeCreated":"2018-01-03T06:30:19.420899152Z","UserID":"S-1-5-18","UserSid":"S-1-5-21-3040204872-3082932231-1584796067-1001","Version":"0"}}
{"time":"2018-01-03T06:30:20.0302635Z","host":"IE11WIN8_1","message":"The following boot-start or system-start driver(s) failed to load: $1","severity":3,"sequence":"119","source":"eventlog","category":"System","service":"Service Control Manager","fields":{"Channel":"System","Computer":"IE11WIN8_1","DataName":"param1","DataValue":"\r\ndam","EventIDQualifiers":"49152","EventIDValue":"7026","EventRecordID":"119","Keywords":"9259400833873739776","Level":"4","Opcode":"0","ProcessID":"468","ProviderEventSourceName":"Service Control Manager","ProviderGuid":"{555908d1-a6d7-4695-8e1e-26931d2012f4}","ProviderName":"Service Control Manager","Task":"0","ThreadID":"472","TimeCreated":"2018-01-03T06:30:20.0302639Z","Version":"0"}}
{"time":"2018-01-03T06:30:54.7491032Z","host":"IE11WIN8_1","user":"S-1-5-21-3040204872-3082932231-1584796067-1001","message":"The access history in hive $2 was cleared updating $3 keys and creating $4 modified pages","severity":3,"sequence":"120","source":"eventlog","category":"System","service":"Microsoft-Windows-Kernel-General","fields":{"Channel":"System","Computer":"IE11WIN8_1","DirtyPages":"1","EventID":"16","EventRecordID":"120","HiveName":"\\??\\C:\\Users\\IEUser\\AppData\\Local\\Packages\\Microsoft.VCLibs.120.00_8wekyb3d8bbwe\\Settings\\settings.dat","HiveNameLength":"102","KeysUpdated":"3","Keywords":"9223372036854775808","Level":"4","Opcode":"0","ProcessID":"1976","ProviderGuid":"A68CA8B7-004F-D7B6-A698-07E2DE0F1F5D","ProviderName":"Microsoft-Windows-Kernel-General","Task":"0","ThreadID":"2780","TimeCreated":"2018-01-03T06:30:54.749104022Z","UserID":"S-1-5-21-3040204872-3082932231-1584796067-1001","Version":"0"}}
{"time":"2018-01-03T06:35:28.1711096Z","host":"IE11WIN8_1","user":"S-1-5-18","message":"The start type of the Windows Modules Installer service was changed from demand start to auto start","severity":3,"sequence":"121","source":"eventlog","category":"System","service":"Service Control Manager","fields":{"Channel":"System","Computer":"IE11WIN8_1","EventIDQualifiers":"16384","EventIDValue":"7040","EventRecordID":"121","Keywords":"9259400833873739776","Level":"4","Opcode":"0","ProcessID":"468","ProviderEventSourceName":"Service Control Manager","ProviderGuid":"{555908d1-a6d7-4695-8e1e-26931d2012f4}","ProviderName":"Service Control Manager","Task":"0","ThreadID":"2860","TimeCreated":"2018-01-03T06:35:28.171110391Z","UserID":"S-1-5-18","Version":"0","param1":"Windows Modules Installer","param2":"demand start","param3":"auto start","param4":"TrustedInstaller"}}
{"time":"2018-01-03T06:35:28.8901163Z","host":"IE11WIN8_1","user":"S-1-5-18","message":"The start type of the Windows Modules Installer service was changed from auto start to demand start","severity":3,"sequence":"122","source":"eventlog","category":"System","service":"Service Control Manager","fields":{"Channel":"System","Computer":"IE11WIN8_1","EventIDQualifiers":"16384","EventIDValue":"7040","EventRecordID":"122","Keywords":"9259400833873739776","Level":"4","Opcode":"0","ProcessID":"468","ProviderEventSourceName":"Service Control Manager","ProviderGuid":"{555908d1-a6d7-4695-8e1e-26931d2012f4}","ProviderName":"Service Control Manager","Task":"0","ThreadID":"2860","TimeCreated":"2018-01-03T06:35:28.890116691Z","UserID":"S-1-5-18","Version":"0","param1":"Windows Modules Installer","param2":"auto start","param3":"demand start","param4":"TrustedInstaller"}}
{"time":"2018-01-03T06:35:36.1553556Z","host":"IE11WIN8_1","user":"S-1-5-18","message":"The start type of the Windows Modules Installer service was changed from demand start to auto start","severity":3,"sequence":"123","source":"eventlog","category":"System","service":"Service Control Manager","fields":{"Channel":"System","Computer":"IE11WIN8_1","EventIDQualifiers":"16384","EventIDValue":"7040","EventRecordID":"123","Keywords":"9259400833873739776","Level":"4","Opcode":"0","ProcessID":"468","ProviderEventSourceName":"Service Control Manager","ProviderGuid":"{555908d1-a6d7-4695-8e1e-26931d2012f4}","ProviderName":"Service Control Manager","Task":"0","ThreadID":"2860","TimeCreated":"2018-01-03T06:35:36.155355215Z","UserID":"S-1-5-18","Version":"0","param1":"Windows Modules Installer","param2":"demand start","param3":"auto start","param4":"TrustedInstaller"}}
{"time":"2018-01-03T06:35:36.3274096Z","host":"IE11WIN8_1","user":"S-1-5-18","message":"The start type of the Windows Modules Installer service was changed from auto start to demand start","severity":3,"sequence":"124","source":"eventlog","category":"System","service":"Service Control Manager","fields":{"Channel":"System","Computer":"IE11WIN8_1","EventIDQualifiers":"16384","EventIDValue":"7040","EventRecordID":"124","Keywords":"9259400833873739776","Level":"4","Opcode":"0","ProcessID":"468","ProviderEventSourceName":"Service Control Manager","ProviderGuid":"{555908d1-a6d7-4695-8e1e-26931d2012f4}","ProviderName":"Service Control Manager","Task":"0","ThreadID":"2860","TimeCreated":"2018-01-03T06:35:36.327409505Z","UserID":"S-1-5-18","Version":"0","param1":"Windows Modules Installer","param2":"auto start","param3":"demand start","param4":"TrustedInstaller"}}
