{"time":"2018-01-03T11:08:39.3409753Z","host":"IE11WIN8_1","user":"S-1-5-18","message":"Installation Successful: Windows successfully installed the following update: $1","severity":3,"sequence":"663","source":"eventlog","category":"System","service":"Microsoft-Windows-WindowsUpdateClient","fields":{"Channel":"System","Computer":"IE11WIN8_1","EventID":"19","EventRecordID":"663","Keywords":"9223372036854775832","Level":"4","Opcode":"13","ProcessID":"732","ProviderGuid":"945A8954-C147-4ACD-923F-40C45405A658","ProviderName":"Microsoft-Windows-WindowsUpdateClient","Task":"1","ThreadID":"2612","TimeCreated":"2018-01-03T11:08:39.340975999Z","UserID":"S-1-5-18","Version":"1","serviceGuid":"7971F918-A847-4430-9279-4A52D1EFE18D","updateGuid":"FCEFCDB1-552F-44A1-A93D-415EACBD473B","updateRevisionNumber":"201","updateTitle":"Update for Windows 8.1 for x64-based Systems (KB3020370)"}}
{"time":"2018-01-03T11:08:39.3409753Z","host":"IE11WIN8_1","user":"S-1-5-18","message":"Installation Successful: Windows successfully installed the following update: $1","severity":3,"sequence":"648","source":"eventlog","category":"System","service":"Microsoft-Windows-WindowsUpdateClient","fields":{"Channel":"System","Computer":"IE11WIN8_1","EventID":"19","EventRecordID":"648","Keywords":"9223372036854775832","Level":"4","Opcode":"13","ProcessID":"732","ProviderGuid":"945A8954-C147-4ACD-923F-40C45405A658","ProviderName":"Microsoft-Windows-WindowsUpdateClient","Task":"1","ThreadID":"2612","TimeCreated":"2018-01-03T11:08:39.340975999Z","UserID":"S-1-5-18","Version":"1","serviceGuid":"7971F918-A847-4430-9279-4A52D1EFE18D","updateGuid":"0414B53C-08EF-4AD4-B066-FF921796A96F","updateRevisionNumber":"201","updateTitle":"Security Update for Windows 8.1 for x64-based Systems (KB3059317)"}}
{"time":"2018-01-03T11:08:39.3409753Z","host":"IE11WIN8_1","user":"S-1-5-18","message":"Installation Successful: Windows successfully installed the following update: $1","severity":3,"sequence":"631","source":"eventlog","category":"System","service":"Microsoft-Windows-WindowsUpdateClient","fields":{"Channel":"System","Computer":"IE11WIN8_1","EventID":"19","EventRecordID":"631","Keywords":"9223372036854775832","Level":"4","Opcode":"13","ProcessID":"732","ProviderGuid":"945A8954-C147-4ACD-923F-40C45405A658","ProviderName":"Microsoft-Windows-WindowsUpdateClient","Task":"1","ThreadID":"2612","TimeCreated":"2018-01-03T11:08:39.340975999Z","UserID":"S-1-5-18","Version":"1","serviceGuid":"7971F918-A847-4430-9279-4A52D1EFE18D","updateGuid":"0685370B-0C55-4580-A3B1-9AB0E2D37F02","updateRevisionNumber":"211","updateTitle":"Update for Windows 8.1 for x64-based Systems (KB3044374)"}}
{"time":"2018-01-03T11:08:39.3409753Z","host":"IE11WIN8_1","user":"S-1-5-18","message":"Installation Successful: Windows successfully installed the following update: $1","severity":3,"sequence":"701","source":"eventlog","category":"System","service":"Microsoft-Windows-WindowsUpdateClient","fields":{"Channel":"System","Computer":"IE11WIN8_1","EventID":"19","EventRecordID":"701","Keywords":"9223372036854775832","Level":"4","Opcode":"13","ProcessID":"732","ProviderGuid":"945A8954-C147-4ACD-923F-40C45405A658","ProviderName":"Microsoft-Windows-WindowsUpdateClient","Task":"1","ThreadID":"2612","TimeCreated":"2018-01-03T11:08:39.340975999Z","UserID":"S-1-5-18","Version":"1","serviceGuid":"7971F918-A847-4430-9279-4A52D1EFE18D","updateGuid":"B8A8C1F7-BFD4-40D1-9865-10C82EEC14AC","updateRevisionNumber":"201","updateTitle":"Update for Windows 8.1 for x64-based Systems (KB2989930)"}}
{"time":"2018-01-03T11:08:39.3409753Z","host":"IE11WIN8_1","user":"S-1-5-18","message":"Installation Successful: Windows successfully installed the following update: $1","severity":3,"sequence":"619","source":"eventlog","category":"System","service":"Microsoft-Windows-WindowsUpdateClient","fields":{"Channel":"System","Computer":"IE11WIN8_1","EventID":"19","EventRecordID":"619","Keywords":"9223372036854775832","Level":"4","Opcode":"13","ProcessID":"732","ProviderGuid":"945A8954-C147-4ACD-923F-40C45405A658","ProviderName":"Microsoft-Windows-WindowsUpdateClient","Task":"1","ThreadID":"2612","TimeCreated":"2018-01-03T11:08:39.340975999Z","UserID":"S-1-5-18","Version":"1","serviceGuid":"7971F918-A847-4430-9279-4A52D1EFE18D","updateGuid":"70F858BE-897E-43C8-B31F-A2033E9BE045","updateRevisionNumber":"201","updateTitle":"Update for Windows 8.1 for x64-based Systems (KB3080149)"}}
{"time":"2018-01-03T11:08:39.3409753Z","host":"IE11WIN8_1","user":"S-1-5-18","message":"Installation Successful: Windows successfully installed the following update: $1","severity":3,"sequence":"705","source":"eventlog","category":"System","service":"Microsoft-Windows-WindowsUpdateClient","fields":{"Channel":"System","Computer":"IE11WIN8_1","EventID":"19","EventRecordID":"705","Keywords":"9223372036854775832","Level":"4","Opcode":"13","ProcessID":"732","ProviderGuid":"945A8954-C147-4ACD-923F-40C45405A658","ProviderName":"Microsoft-Windows-WindowsUpdateClient","Task":"1","ThreadID":"2612","TimeCreated":"2018-01-03T11:08:39.340975999Z","UserID":"S-1-5-18","Version":"1","serviceGuid":"7971F918-A847-4430-9279-4A52D1EFE18D","updateGuid":"AAE5930D-4B03-4126-83EC-8E253B270555","updateRevisionNumber":"208","updateTitle":"Security Update for Windows 8.1 for x64-based Systems (KB3011780)"}}
{"time":"2018-01-03T11:08:39.3409753Z","host":"IE11WIN8_1","user":"S-1-5-18","message":"Installation Successful: Windows successfully installed the following update: $1","severity":3,"sequence":"690","source":"eventlog","category":"System","service":"Microsoft-Windows-WindowsUpdateClient","fields":{"Channel":"System","Computer":"IE11WIN8_1","EventID":"19","EventRecordID":"690","Keywords":"9223372036854775832","Level":"4","Opcode":"13","ProcessID":"732","ProviderGuid":"945A8954-C147-4ACD-923F-40C45405A658","ProviderName":"Microsoft-Windows-WindowsUpdateClient","Task":"1","ThreadID":"2612","TimeCreated":"2018-01-03T11:08:39.340975999Z","UserID":"S-1-5-18","Version":"1","serviceGuid":"7971F918-A847-4430-9279-4A52D1EFE18D","updateGuid":"D729D65D-6066-4DBC-A449-2BE608635254","updateRevisionNumber":"200","updateTitle":"Update for Windows 8.1 for x64-based Systems (KB3013172)"}}
{"time":"2018-01-03T11:08:39.3409753Z","host":"IE11WIN8_1","user":"S-1-5-18","message":"Installation Successful: Windows successfully installed the following update: $1","severity":3,"sequence":"611","source":"eventlog","category":"System","service":"Microsoft-Windows-WindowsUpdateClient","fields":{"Channel":"System","Computer":"IE11WIN8_1","EventID":"19","EventRecordID":"611","Keywords":"9223372036854775832","Level":"4","Opcode":"13","ProcessID":"732","ProviderGuid":"945A8954-C147-4ACD-923F-40C45405A658","ProviderName":"Microsoft-Windows-WindowsUpdateClient","Task":"1","ThreadID":"2612","TimeCreated":"2018-01-03T11:08:39.340975999Z","UserID":"S-1-5-18","Version":"1","serviceGuid":"7971F918-A847-4430-9279-4A52D1EFE18D","updateGuid":"20B264E2-BEA4-4394-83AA-0AEA12BE4B86","updateRevisionNumber":"201","updateTitle":"Update for Windows 8.1 for x64-based Systems (KB3095701)"}}
{"time":"2018-01-03T11:08:39.3409753Z","host":"IE11WIN8_1","user":"S-1-5-18","message":"Installation Successful: Windows successfully installed the following update: $1","severity":3,"sequence":"627","source":"eventlog","category":"System","service":"Microsoft-Windows-WindowsUpdateClient","fields":{"Channel":"System","Computer":"IE11WIN8_1","EventID":"19","EventRecordID":"627","Keywords":"9223372036854775832","Level":"4","Opcode":"13","ProcessID":"732","ProviderGuid":"945A8954-C147-4ACD-923F-40C45405A658","ProviderName":"Microsoft-Windows-WindowsUpdateClient","Task":"1","ThreadID":"2612","TimeCreated":"2018-01-03T11:08:39.340975999Z","UserID":"S-1-5-18","Version":"1","serviceGuid":"7971F918-A847-4430-9279-4A52D1EFE18D","updateGuid":"D6765F2A-E879-4DA2-9BB2-D1364F278EE7","updateRevisionNumber":"202","updateTitle":"Security Update for Windows 8.1 for x64-based Systems (KB3076895)"}}
{"time":"2018-01-03T11:08:39.3409753Z","host":"IE11WIN8_1","user":"S-1-5-18","message":"Installation Successful: Windows successfully installed the following update: $1","severity":3,"sequence":"699","source":"eventlog","category":"System","service":"Microsoft-Windows-WindowsUpdateClient","fields":{"Channel":"System","Computer":"IE11WIN8_1","EventID":"19","EventRecordID":"699","Keywords":"9223372036854775832","Level":"4","Opcode":"13","ProcessID":"732","ProviderGuid":"945A8954-C147-4ACD-923F-40C45405A658","ProviderName":"Microsoft-Windows-WindowsUpdateClient","Task":"1","ThreadID":"2612","TimeCreated":"2018-01-03T11:08:39.340975999Z","UserID":"S-1-5-18","Version":"1","serviceGuid":"7971F918-A847-4430-9279-4A52D1EFE18D","updateGuid":"45FC4E41-7796-4EE3-8394-F4D8C3F7C780","updateRevisionNumber":"200","updateTitle":"Microsoft .NET Framework 4.5.2 for Windows 8.1 and Windows Server 2012 R2 for x64-based Systems (KB2934520)"}}
{"time":"2018-01-03T11:08:39.3409753Z","host":"IE11WIN8_1","user":"S-1-5-18","message":"Installation Successful: Windows successfully installed the following update: $1","severity":3,"sequence":"707","source":"eventlog","category":"System","service":"Microsoft-Windows-WindowsUpdateClient","fields":{"Channel":"System","Computer":"IE11WIN8_1","EventID":"19","EventRecordID":"707","Keywords":"9223372036854775832","Level":"4","Opcode":"13","ProcessID":"732","ProviderGuid":"945A8954-C147-4ACD-923F-40C45405A658","ProviderName":"Microsoft-Windows-WindowsUpdateClient","Task":"1","ThreadID":"2612","TimeCreated":"2018-01-03T11:08:39.340975999Z","UserID":"S-1-5-18","Version":"1","serviceGuid":"7971F918-A847-4430-9279-4A52D1EFE18D","updateGuid":"9E059209-E554-4892-BE02-BB13A243020C","updateRevisionNumber":"202","updateTitle":"Security Update for Microsoft .NET Framework 4.5.1 and 4.5.2 on Windows 8.1 and Windows Server 2012 R2 x64-based Systems (KB2977765)"}}
{"time":"2018-01-03T11:08:39.3409753Z","host":"IE11WIN8_1","user":"S-1-5-18","message":"Installation Successful: Windows successfully installed the following update: $1","severity":3,"sequence":"706","source":"eventlog","category":"System","service":"Microsoft-Windows-WindowsUpdateClient","fields":{"Channel":"System","Computer":"IE11WIN8_1","EventID":"19","EventRecordID":"706","Keywords":"9223372036854775832","Level":"4","Opcode":"13","ProcessID":"732","ProviderGuid":"945A8954-C147-4ACD-923F-40C45405A658","ProviderName":"Microsoft-Windows-WindowsUpdateClient","Task":"1","ThreadID":"2612","TimeCreated":"2018-01-03T11:08:39.340975999Z","UserID":"S-1-5-18","Version":"1","serviceGuid":"7971F918-A847-4430-9279-4A52D1EFE18D","updateGuid":"1BF582A3-C935-41B4-9CD9-1A2D4103AD2A","updateRevisionNumber":"202","updateTitle":"Security Update for Microsoft .NET Framework 4.5.1 and 4.5.2 on Windows 8.1 and Windows Server 2012 R2 x64-based Systems (KB2978041)"}}
{"time":"2018-01-03T11:08:39.3409753Z","host":"IE11WIN8_1","user":"S-1-5-18","message":"Installation Successful: Windows successfully installed the following update: $1","severity":3,"sequence":"696","source":"eventlog","category":"System","service":"Microsoft-Windows-WindowsUpdateClient","fields":{"Channel":"System","Computer":"IE11WIN8_1","EventID":"19","EventRecordID":"696","Keywords":"9223372036854775832","Level":"4","Opcode":"13","ProcessID":"732","ProviderGuid":"945A8954-C147-4ACD-923F-40C45405A658","ProviderName":"Microsoft-Windows-WindowsUpdateClient","Task":"1","ThreadID":"2612","TimeCreated":"2018-01-03T11:08:39.340975999Z","UserID":"S-1-5-18","Version":"1","serviceGuid":"7971F918-A847-4430-9279-4A52D1EFE18D","updateGuid":"B6805C36-0315-4E64-800F-2B1010998130","updateRevisionNumber":"201","updateTitle":"Security Update for Windows 8.1 for x64-based Systems (KB3022777)"}}
{"time":"2018-01-03T11:08:39.3409753Z","host":"IE11WIN8_1","user":"S-1-5-18","message":"Installation Successful: Windows successfully installed the following update: $1","severity":3,"sequence":"678","source":"eventlog","category":"System","service":"Microsoft-Windows-WindowsUpdateClient","fields":{"Channel":"System","Computer":"IE11WIN8_1","EventID":"19","EventRecordID":"678","Keywords":"9223372036854775832","Level":"4","Opcode":"13","ProcessID":"732","ProviderGuid":"945A8954-C147-4ACD-923F-40C45405A658","ProviderName":"Microsoft-Windows-WindowsUpdateClient","Task":"1","ThreadID":"2612","TimeCreated":"2018-01-03T11:08:39.340975999Z","UserID":"S-1-5-18","Version":"1","serviceGuid":"7971F918-A847-4430-9279-4A52D1EFE18D","updateGuid":"E495137A-9E1F-4177-A55D-4CFB22EE2A21","updateRevisionNumber":"200","updateTitle":"Security Update for Windows 8.1 for x64-based Systems (KB3045755)"}}
{"time":"2018-01-03T11:08:39.3409753Z","host":"IE11WIN8_1","user":"S-1-5-18","message":"Installation Successful: Windows successfully installed the following update: $1","severity":3,"sequence":"666","source":"eventlog","category":"System","service":"Microsoft-Windows-WindowsUpdateClient","fields":{"Channel":"System","Computer":"IE11WIN8_1","EventID":"19","EventRecordID":"666","Keywords":"9223372036854775832","Level":"4","Opcode":"13","ProcessID":"732","ProviderGuid":"945A8954-C147-4ACD-923F-40C45405A658","ProviderName":"Microsoft-Windows-WindowsUpdateClient","Task":"1","ThreadID":"2612","TimeCreated":"2018-01-03T11:08:39.340975999Z","UserID":"S-1-5-18","Version":"1","serviceGuid":"7971F918-A847-4430-9279-4A52D1EFE18D","updateGuid":"4A59ECA3-DDFE-45DC-AC2F-AC00D78D1DD1","updateRevisionNumber":"201","updateTitle":"Update for Windows 8.1 for x64-based Systems (KB3045717)"}}
{"time":"2018-01-03T11:08:39.3409753Z","host":"IE11WIN8_1","user":"S-1-5-18","message":"Installation Successful: Windows successfully installed the following update: $1","severity":3,"sequence":"703","source":"eventlog","category":"System","service":"Microsoft-Windows-WindowsUpdateClient","fields":{"Channel":"System","Computer":"IE11WIN8_1","EventID":"19","EventRecordID":"703","Keywords":"9223372036854775832","Level":"4","Opcode":"13","ProcessID":"732","ProviderGuid":"945A8954-C147-4ACD-923F-40C45405A658","ProviderName":"Microsoft-Windows-WindowsUpdateClient","Task":"1","ThreadID":"2612","TimeCreated":"2018-01-03T11:08:39.340975999Z","UserID":"S-1-5-18","Version":"1","serviceGuid":"7971F918-A847-4430-9279-4A52D1EFE18D","updateGuid":"14974767-BCBE-4D3F-91F1-E47D9705D44D","updateRevisionNumber":"200","updateTitle":"Update for Windows 8.1 for x64-based Systems (KB3008242)"}}
{"time":"2018-01-03T11:08:39.3409753Z","host":"IE11WIN8_1","user":"S-1-5-18","message":"Installation Successful: Windows successfully installed the following update: $1","severity":3,"sequence":"657","source":"eventlog","category":"System","service":"Microsoft-Windows-WindowsUpdateClient","fields":{"Channel":"System","Computer":"IE11WIN8_1","EventID":"19","EventRecordID":"657","Keywords":"9223372036854775832","Level":"4","Opcode":"13","ProcessID":"732","ProviderGuid":"945A8954-C147-4ACD-923F-40C45405A658","ProviderName":"Microsoft-Windows-WindowsUpdateClient","Task":"1","ThreadID":"2612","TimeCreated":"2018-01-03T11:08:39.340975999Z","UserID":"S-1-5-18","Version":"1","serviceGuid":"7971F918-A847-4430-9279-4A52D1EFE18D","updateGuid":"DF2438B5-F832-407B-AE7B-FDA503C363CA","updateRevisionNumber":"203","updateTitle":"Update for Windows 8.1 for x64-based Systems (KB3013538)"}}
{"time":"2018-01-03T11:08:39.3409753Z","host":"IE11WIN8_1","user":"S-1-5-18","message":"Installation Successful: Windows successfully installed the following update: $1","severity":3,"sequence":"640","source":"eventlog","category":"System","service":"Microsoft-Windows-WindowsUpdateClient","fields":{"Channel":"System","Computer":"IE11WIN8_1","EventID":"19","EventRecordID":"640","Keywords":"9223372036854775832","Level":"4","Opcode":"13","ProcessID":"732","ProviderGuid":"945A8954-C147-4ACD-923F-40C45405A658","ProviderName":"Microsoft-Windows-WindowsUpdateClient","Task":"1","ThreadID":"2612","TimeCreated":"2018-01-03T11:08:39.340975999Z","UserID":"S-1-5-18","Version":"1","serviceGuid":"7971F918-A847-4430-9279-4A52D1EFE18D","updateGuid":"E17514DB-9252-403F-946B-B34BDA49A17E","updateRevisionNumber":"201","updateTitle":"Update for Windows 8.1 for x64-based Systems (KB3056347)"}}
{"time":"2018-01-03T11:08:39.3409753Z","host":"IE11WIN8_1","user":"S-1-5-18","message":"Installation Successful: Windows successfully installed the following update: $1","severity":3,"sequence":"629","source":"eventlog","category":"System","service":"Microsoft-Windows-WindowsUpdateClient","fields":{"Channel":"System","Computer":"IE11WIN8_1","EventID":"19","EventRecordID":"629","Keywords":"9223372036854775832","Level":"4","Opcode":"13","ProcessID":"732","ProviderGuid":"945A8954-C147-4ACD-923F-40C45405A658","ProviderName":"Microsoft-Windows-WindowsUpdateClient","Task":"1","ThreadID":"2612","TimeCreated":"2018-01-03T11:08:39.340975999Z","UserID":"S-1-5-18","Version":"1","serviceGuid":"7971F918-A847-4430-9279-4A52D1EFE18D","updateGuid":"4163E9AC-22E7-4E10-8CD7-81A28A17C455","updateRevisionNumber":"201","updateTitle":"Security Update for Windows 8.1 for x64-based Systems (KB3071756)"}}
{"time":"2018-01-03T11:08:39.3409753Z","host":"IE11WIN8_1","user":"S-1-5-18","message":"Installation Successful: Windows successfully installed the following update: $1","severity":3,"sequence":"682","source":"eventlog","category":"System","service":"Microsoft-Windows-WindowsUpdateClient","fields":{"Channel":"System","Computer":"IE11WIN8_1","EventID":"19","EventRecordID":"682","Keywords":"9223372036854775832","Level":"4","Opcode":"13","ProcessID":"732","ProviderGuid":"945A8954-C147-4ACD-923F-40C45405A658","ProviderName":"Microsoft-Windows-WindowsUpdateClient","Task":"1","ThreadID":"2612","TimeCreated":"2018-01-03T11:08:39.340975999Z","UserID":"S-1-5-18","Version":"1","serviceGuid":"7971F918-A847-4430-9279-4A52D1EFE18D","updateGuid":"C552FB19-1497-405C-8A24-A6957B3A1C8B","updateRevisionNumber":"201","updateTitle":"Security Update for Windows 8.1 for x64-based Systems (KB3035126)"}}
{"time":"2018-01-03T11:08:39.3409753Z","host":"IE11WIN8_1","user":"S-1-5-18","message":"Installation Successful: Windows successfully installed the following update: $1","severity":3,"sequence":"695","source":"eventlog","category":"System","service":"Microsoft-Windows-WindowsUpdateClient","fields":{"Channel":"System","Computer":"IE11WIN8_1","EventID":"19","EventRecordID":"695","Keywords":"9223372036854775832","Level":"4","Opcode":"13","ProcessID":"732","ProviderGuid":"945A8954-C147-4ACD-923F-40C45405A658","ProviderName":"Microsoft-Windows-WindowsUpdateClient","Task":"1","ThreadID":"2612","TimeCreated":"2018-01-03T11:08:39.340975999Z","UserID":"S-1-5-18","Version":"1","serviceGuid":"7971F918-A847-4430-9279-4A52D1EFE18D","updateGuid":"014243DF-26FE-4CA5-9C8E-096D1E49C35E","updateRevisionNumber":"201","updateTitle":"Security Update for Windows 8.1 for x64-based Systems (KB3021674)"}}
{"time":"2018-01-03T11:08:39.3409753Z","host":"IE11WIN8_1","user":"S-1-5-18","message":"Installation Successful: Windows successfully installed the following update: $1","severity":3,"sequence":"662","source":"eventlog","category":"System","service":"Microsoft-Windows-WindowsUpdateClient","fields":{"Channel":"System","Computer":"IE11WIN8_1","EventID":"19","EventRecordID":"662","Keywords":"9223372036854775832","Level":"4","Opcode":"13","ProcessID":"732","ProviderGuid":"945A8954-C147-4ACD-923F-40C45405A658","ProviderName":"Microsoft-Windows-WindowsUpdateClient","Task":"1","ThreadID":"2612","TimeCreated":"2018-01-03T11:08:39.340975999Z","UserID":"S-1-5-18","Version":"1","serviceGuid":"7971F918-A847-4430-9279-4A52D1EFE18D","updateGuid":"F6067BBA-5A39-4BAA-A733-41C4FA5CF43B","updateRevisionNumber":"202","updateTitle":"Update for Windows 8.1 for x64-based Systems (KB3046480)"}}
{"time":"2018-01-03T11:08:39.3409753Z","host":"IE11WIN8_1","user":"S-1-5-18","message":"Installation Successful: Windows successfully installed the following update: $1","severity":3,"sequence":"641","source":"eventlog","category":"System","service":"Microsoft-Windows-WindowsUpdateClient","fields":{"Channel":"System","Computer":"IE11WIN8_1","EventID":"19","EventRecordID":"641","Keywords":"9223372036854775832","Level":"4","Opcode":"13","ProcessID":"732","ProviderGuid":"945A8954-C147-4ACD-923F-40C45405A658","ProviderName":"Microsoft-Windows-WindowsUpdateClient","Task":"1","ThreadID":"2612","TimeCreated":"2018-01-03T11:08:39.340975999Z","UserID":"S-1-5-18","Version":"1","serviceGuid":"7971F918-A847-4430-9279-4A52D1EFE18D","updateGuid":"945E4863-6927-4BBE-9071-ABB8DF5A56CD","updateRevisionNumber":"201","updateTitle":"Update for Windows 8.1 for x64-based Systems (KB3054256)"}}
{"time":"2018-01-03T11:08:39.3409753Z","host":"IE11WIN8_1","user":"S-1-5-18","message":"Installation Successful: Windows successfully installed the following update: $1","severity":3,"sequence":"693","source":"eventlog","category":"System","service":"Microsoft-Windows-WindowsUpdateClient","fields":{"Channel":"System","Computer":"IE11WIN8_1","EventID":"19","EventRecordID":"693","Keywords":"9223372036854775832","Level":"4","Opcode":"13","ProcessID":"732","ProviderGuid":"945A8954-C147-4ACD-923F-40C45405A658","ProviderName":"Microsoft-Windows-WindowsUpdateClient","Task":"1","ThreadID":"2612","TimeCreated":"2018-01-03T11:08:39.340975999Z","UserID":"S-1-5-18","Version":"1","serviceGuid":"7971F918-A847-4430-9279-4A52D1EFE18D","updateGuid":"00B4BAC6-0C3D-4A27-8101-F31B539E4E7E","updateRevisionNumber":"203","updateTitle":"Security Update for Windows 8.1 for x64-based Systems (KB3004361)"}}
{"time":"2018-01-03T11:08:39.3409753Z","host":"IE11WIN8_1","user":"S-1-5-18","message":"Installation Successful: Windows successfully installed the following update: $1","severity":3,"sequence":"691","source":"eventlog","category":"System","service":"Microsoft-Windows-WindowsUpdateClient","fields":{"Channel":"System","Computer":"IE11WIN8_1","EventID":"19","EventRecordID":"691","Keywords":"9223372036854775832","Level":"4","Opcode":"13","ProcessID":"732","ProviderGuid":"945A8954-C147-4ACD-923F-40C45405A658","ProviderName":"Microsoft-Windows-WindowsUpdateClient","Task":"1","ThreadID":"2612","TimeCreated":"2018-01-03T11:08:39.340975999Z","UserID":"S-1-5-18","Version":"1","serviceGuid":"7971F918-A847-4430-9279-4A52D1EFE18D","updateGuid":"BA70C2F2-089E-4B2B-B6ED-78F5703C96B8","updateRevisionNumber":"201","updateTitle":"Update for Windows 8.1 for x64-based Systems (KB3012702)"}}
{"time":"2018-01-03T11:08:39.3409753Z","host":"IE11WIN8_1","user":"S-1-5-18","message":"Installation Successful: Windows successfully installed the following update: $1","severity":3,"sequence":"698","source":"eventlog","category":"System","service":"Microsoft-Windows-WindowsUpdateClient","fields":{"Channel":"System","Computer":"IE11WIN8_1","EventID":"19","EventRecordID":"698","Keywords":"9223372036854775832","Level":"4","Opcode":"13","ProcessID":"732","ProviderGuid":"945A8954-C147-4ACD-923F-40C45405A658","ProviderName":"Microsoft-Windows-WindowsUpdateClient","Task":"1","ThreadID":"2612","TimeCreated":"2018-01-03T11:08:39.340975999Z","UserID":"S-1-5-18","Version":"1","serviceGuid":"7971F918-A847-4430-9279-4A52D1EFE18D","updateGuid":"30DC639A-FBAC-4F06-B1F2-472596A050B7","updateRevisionNumber":"200","updateTitle":"Security Update for Windows 8.1 for x64-based Systems (KB3023266)"}}
{"time":"2018-01-03T11:08:39.3409753Z","host":"IE11WIN8_1","user":"S-1-5-18","message":"Installation Successful: Windows successfully installed the following update: $1","severity":3,"sequence":"702","source":"eventlog","category":"System","service":"Microsoft-Windows-WindowsUpdateClient","fields":{"Channel":"System","Computer":"IE11WIN8_1","EventID":"19","EventRecordID":"702","Keywords":"9223372036854775832","Level":"4","Opcode":"13","ProcessID":"732","ProviderGuid":"945A8954-C147-4ACD-923F-40C45405A658","ProviderName":"Microsoft-Windows-WindowsUpdateClient","Task":"1","ThreadID":"2612","TimeCreated":"2018-01-03T11:08:39.340975999Z","UserID":"S-1-5-18","Version":"1","serviceGuid":"7971F918-A847-4430-9279-4A52D1EFE18D","updateGuid":"51962451-2048-4523-B9F5-3E2965F278DE","updateRevisionNumber":"201","updateTitle":"Update for Windows 8.1 for x64-based Systems (KB3013816)"}}
{"time":"2018-01-03T11:08:39.3409753Z","host":"IE11WIN8_1","user":"S-1-5-18","message":"Installation Successful: Windows successfully installed the following update: $1","severity":3,"sequence":"658","source":"eventlog","category":"System","service":"Microsoft-Windows-WindowsUpdateClient","fields":{"Channel":"System","Computer":"IE11WIN8_1","EventID":"19","EventRecordID":"658","Keywords":"9223372036854775832","Level":"4","Opcode":"13","ProcessID":"732","ProviderGuid":"945A8954-C147-4ACD-923F-40C45405A658","ProviderName":"Microsoft-Windows-WindowsUpdateClient","Task":"1","ThreadID":"2612","TimeCreated":"2018-01-03T11:08:39.340975999Z","UserID":"S-1-5-18","Version":"1","serviceGuid":"7971F918-A847-4430-9279-4A52D1EFE18D","updateGuid":"CC3079B2-1B82-400D-A2A9-FEAAB6D88407","updateRevisionNumber":"201","updateTitle":"Update for Windows 8.1 for x64-based Systems (KB3046737)"}}
{"time":"2018-01-03T11:08:39.3409753Z","host":"IE11WIN8_1","user":"S-1-5-18","message":"Installation Successful: Windows successfully installed the following update: $1","severity":3,"sequence":"670","source":"eventlog","category":"System","service":"Microsoft-Windows-WindowsUpdateClient","fields":{"Channel":"System","Computer":"IE11WIN8_1","EventID":"19","EventRecordID":"670","Keywords":"9223372036854775832","Level":"4","Opcode":"13","ProcessID":"732","ProviderGuid":"945A8954-C147-4ACD-923F-40C45405A658","ProviderName":"Microsoft-Windows-WindowsUpdateClient","Task":"1","ThreadID":"2612","TimeCreated":"2018-01-03T11:08:39.340975999Z","UserID":"S-1-5-18","Version":"1","serviceGuid":"7971F918-A847-4430-9279-4A52D1EFE18D","updateGuid":"D6019392-CD85-4382-8273-1B1FFEF9EEA4","updateRevisionNumber":"201","updateTitle":"Update for Windows 8.1 for x64-based Systems (KB3037924)"}}
{"time":"2018-01-03T11:08:39.3409753Z","host":"IE11WIN8_1","user":"S-1-5-18","message":"Installation Successful: Windows successfully installed the following update: $1","severity":3,"sequence":"709","source":"eventlog","category":"System","service":"Microsoft-Windows-WindowsUpdateClient","fields":{"Channel":"System","Computer":"IE11WIN8_1","EventID":"19","EventRecordID":"709","Keywords":"9223372036854775832","Level":"4","Opcode":"13","ProcessID":"732","ProviderGuid":"945A8954-C147-4ACD-923F-40C45405A658","ProviderName":"Microsoft-Windows-WindowsUpdateClient","Task":"1","ThreadID":"2612","TimeCreated":"2018-01-03T11:08:39.340975999Z","UserID":"S-1-5-18","Version":"1","serviceGuid":"7971F918-A847-4430-9279-4A52D1EFE18D","updateGuid":"AD2A7A36-F59E-4D14-AB97-40AAA1458B97","updateRevisionNumber":"201","updateTitle":"Update for Windows 8.1 for x64-based Systems (KB2967917)"}}
{"time":"2018-01-03T11:08:39.3409753Z","host":"IE11WIN8_1","user":"S-1-5-18","message":"Installation Successful: Windows successfully installed the following update: $1","severity":3,"sequence":"630","source":"eventlog","category":"System","service":"Microsoft-Windows-WindowsUpdateClient","fields":{"Channel":"System","Computer":"IE11WIN8_1","EventID":"19","EventRecordID":"630","Keywords":"9223372036854775832","Level":"4","Opcode":"13","ProcessID":"732","ProviderGuid":"945A8954-C147-4ACD-923F-40C45405A658","ProviderName":"Microsoft-Windows-WindowsUpdateClient","Task":"1","ThreadID":"2612","TimeCreated":"2018-01-03T11:08:39.340975999Z","UserID":"S-1-5-18","Version":"1","serviceGuid":"7971F918-A847-4430-9279-4A52D1EFE18D","updateGuid":"28296437-2096-4EC9-ADF8-88C9FD9D30EA","updateRevisionNumber":"201","updateTitle":"Security Update for Windows 8.1 for x64-based Systems (KB3046017)"}}
{"time":"2018-01-03T11:08:39.3409753Z","host":"IE11WIN8_1","user":"S-1-5-18","message":"Installation Successful: Windows successfully installed the following update: $1","severity":3,"sequence":"637","source":"eventlog","category":"System","service":"Microsoft-Windows-WindowsUpdateClient","fields":{"Channel":"System","Computer":"IE11WIN8_1","EventID":"19","EventRecordID":"637","Keywords":"9223372036854775832","Level":"4","Opcode":"13","ProcessID":"732","ProviderGuid":"945A8954-C147-4ACD-923F-40C45405A658","ProviderName":"Microsoft-Windows-WindowsUpdateClient","Task":"1","ThreadID":"2612","TimeCreated":"2018-01-03T11:08:39.340975999Z","UserID":"S-1-5-18","Version":"1","serviceGuid":"7971F918-A847-4430-9279-4A52D1EFE18D","updateGuid":"D9CCB3AF-AE15-4F35-A14D-1562FDB51985","updateRevisionNumber":"201","updateTitle":"Security Update for Windows 8.1 for x64-based Systems (KB3061512)"}}
{"time":"2018-01-03T11:08:39.3409753Z","host":"IE11WIN8_1","user":"S-1-5-18","message":"Installation Successful: Windows successfully installed the following update: $1","severity":3,"sequence":"654","source":"eventlog","category":"System","service":"Microsoft-Windows-WindowsUpdateClient","fields":{"Channel":"System","Computer":"IE11WIN8_1","EventID":"19","EventRecordID":"654","Keywords":"9223372036854775832","Level":"4","Opcode":"13","ProcessID":"732","ProviderGuid":"945A8954-C147-4ACD-923F-40C45405A658","ProviderName":"Microsoft-Windows-WindowsUpdateClient","Task":"1","ThreadID":"2612","TimeCreated":"2018-01-03T11:08:39.340975999Z","UserID":"S-1-5-18","Version":"1","serviceGuid":"7971F918-A847-4430-9279-4A52D1EFE18D","updateGuid":"34CBB58A-0567-4183-80A2-4659766883DC","updateRevisionNumber":"201","updateTitle":"Security Update for Microsoft .NET Framework 4.5.1 and 4.5.2 on Windows 8.1 and Windows Server 2012 R2 x64-based Systems (KB3023222)"}}
{"time":"2018-01-03T11:08:39.3409753Z","host":"IE11WIN8_1","user":"S-1-5-18","message":"Installation Successful: Windows successfully installed the following update: $1","severity":3,"sequence":"613","source":"eventlog","category":"System","service":"Microsoft-Windows-WindowsUpdateClient","fields":{"Channel":"System","Computer":"IE11WIN8_1","EventID":"19","EventRecordID":"613","Keywords":"9223372036854775832","Level":"4","Opcode":"13","ProcessID":"732","ProviderGuid":"945A8954-C147-4ACD-923F-40C45405A658","ProviderName":"Microsoft-Windows-WindowsUpdateClient","Task":"1","ThreadID":"2612","TimeCreated":"2018-01-03T11:08:39.340975999Z","UserID":"S-1-5-18","Version":"1","serviceGuid":"7971F918-A847-4430-9279-4A52D1EFE18D","updateGuid":"E33A31D3-117D-4FB4-92F3-A8BF7E0ABC98","updateRevisionNumber":"201","updateTitle":"Update for Windows 8.1 for x64-based Systems (KB3087137)"}}
{"time":"2018-01-03T11:08:39.3409753Z","host":"IE11WIN8_1","user":"S-1-5-18","message":"Installation Successful: Windows successfully installed the following update: $1","severity":3,"sequence":"612","source":"eventlog","category":"System","service":"Microsoft-Windows-WindowsUpdateClient","fields":{"Channel":"System","Computer":"IE11WIN8_1","EventID":"19","EventRecordID":"612","Keywords":"9223372036854775832","Level":"4","Opcode":"13","ProcessID":"732","ProviderGuid":"945A8954-C147-4ACD-923F-40C45405A658","ProviderName":"Microsoft-Windows-WindowsUpdateClient","Task":"1","ThreadID":"2612","TimeCreated":"2018-01-03T11:08:39.340975999Z","UserID":"S-1-5-18","Version":"1","serviceGuid":"7971F918-A847-4430-9279-4A52D1EFE18D","updateGuid":"B5A72D7C-70E3-4EF7-A0DC-459C8E28C62C","updateRevisionNumber":"201","updateTitle":"Update for Windows 8.1 for x64-based Systems (KB3080042)"}}
{"time":"2018-01-03T11:08:39.3409753Z","host":"IE11WIN8_1","user":"S-1-5-18","message":"Installation Successful: Windows successfully installed the following update: $1","severity":3,"sequence":"697","source":"eventlog","category":"System","service":"Microsoft-Windows-WindowsUpdateClient","fields":{"Channel":"System","Computer":"IE11WIN8_1","EventID":"19","EventRecordID":"697","Keywords":"9223372036854775832","Level":"4","Opcode":"13","ProcessID":"732","ProviderGuid":"945A8954-C147-4ACD-923F-40C45405A658","ProviderName":"Microsoft-Windows-WindowsUpdateClient","Task":"1","ThreadID":"2612","TimeCreated":"2018-01-03T11:08:39.340975999Z","UserID":"S-1-5-18","Version":"1","serviceGuid":"7971F918-A847-4430-9279-4A52D1EFE18D","updateGuid":"6E05F6A1-4011-4DFB-ACAE-CE2E271B97B7","updateRevisionNumber":"201","updateTitle":"Security Update for Windows 8.1 for x64-based Systems (KB3019978)"}}
{"time":"2018-01-03T11:08:39.3409753Z","host":"IE11WIN8_1","user":"S-1-5-18","message":"Installation Successful: Windows successfully installed the following update: $1","severity":3,"sequence":"614","source":"eventlog","category":"System","service":"Microsoft-Windows-WindowsUpdateClient","fields":{"Channel":"System","Computer":"IE11WIN8_1","EventID":"19","EventRecordID":"614","Keywords":"9223372036854775832","Level":"4","Opcode":"13","ProcessID":"732","ProviderGuid":"945A8954-C147-4ACD-923F-40C45405A658","ProviderName":"Microsoft-Windows-WindowsUpdateClient","Task":"1","ThreadID":"2612","TimeCreated":"2018-01-03T11:08:39.340975999Z","UserID":"S-1-5-18","Version":"1","serviceGuid":"7971F918-A847-4430-9279-4A52D1EFE18D","updateGuid":"89C5A7EC-537E-4E44-8B4D-7EC91302A2AA","updateRevisionNumber":"201","updateTitle":"Update for Windows 8.1 for x64-based Systems (KB3087041)"}}
{"time":"2018-01-03T11:08:39.3409753Z","host":"IE11WIN8_1","user":"S-1-5-18","message":"Installation Successful: Windows successfully installed the following update: $1","severity":3,"sequence":"687","source":"eventlog","category":"System","service":"Microsoft-Windows-WindowsUpdateClient","fields":{"Channel":"System","Computer":"IE11WIN8_1","EventID":"19","EventRecordID":"687","Keywords":"9223372036854775832","Level":"4","Opcode":"13","ProcessID":"732","ProviderGuid":"945A8954-C147-4ACD-923F-40C45405A658","ProviderName":"Microsoft-Windows-WindowsUpdateClient","Task":"1","ThreadID":"2612","TimeCreated":"2018-01-03T11:08:39.340975999Z","UserID":"S-1-5-18","Version":"1","serviceGuid":"7971F918-A847-4430-9279-4A52D1EFE18D","updateGuid":"9BBB9BFB-97E1-4C1A-8FBF-04B6E9D91064","updateRevisionNumber":"200","updateTitle":"Update for Windows 8.1 for x64-based Systems (KB3024755)"}}
{"time":"2018-01-03T11:08:39.3409753Z","host":"IE11WIN8_1","user":"S-1-5-18","message":"Installation Successful: Windows successfully installed the following update: $1","severity":3,"sequence":"643","source":"eventlog","category":"System","service":"Microsoft-Windows-WindowsUpdateClient","fields":{"Channel":"System","Computer":"IE11WIN8_1","EventID":"19","EventRecordID":"643","Keywords":"9223372036854775832","Level":"4","Opcode":"13","ProcessID":"732","ProviderGuid":"945A8954-C147-4ACD-923F-40C45405A658","ProviderName":"Microsoft-Windows-WindowsUpdateClient","Task":"1","ThreadID":"2612","TimeCreated":"2018-01-03T11:08:39.340975999Z","UserID":"S-1-5-18","Version":"1","serviceGuid":"7971F918-A847-4430-9279-4A52D1EFE18D","updateGuid":"D5545738-C69C-46E3-9152-7F4553D7FED3","updateRevisionNumber":"201","updateTitle":"Update for Windows 8.1 for x64-based Systems (KB3064059)"}}
{"time":"2018-01-03T11:08:39.3409753Z","host":"IE11WIN8_1","user":"S-1-5-18","message":"Installation Successful: Windows successfully installed the following update: $1","severity":3,"sequence":"704","source":"eventlog","category":"System","service":"Microsoft-Windows-WindowsUpdateClient","fields":{"Channel":"System","Computer":"IE11WIN8_1","EventID":"19","EventRecordID":"704","Keywords":"9223372036854775832","Level":"4","Opcode":"13","ProcessID":"732","ProviderGuid":"945A8954-C147-4ACD-923F-40C45405A658","ProviderName":"Microsoft-Windows-WindowsUpdateClient","Task":"1","ThreadID":"2612","TimeCreated":"2018-01-03T11:08:39.340975999Z","UserID":"S-1-5-18","Version":"1","serviceGuid":"7971F918-A847-4430-9279-4A52D1EFE18D","updateGuid":"5175C1F7-9E5B-4FF6-AF41-7165A72B7BE4","updateRevisionNumber":"205","updateTitle":"Update for Windows 8.1 for x64-based Systems (KB2994290)"}}
{"time":"2018-01-03T11:08:39.3409753Z","host":"IE11WIN8_1","user":"S-1-5-18","message":"Installation Successful: Windows successfully installed the following update: $1","severity":3,"sequence":"644","source":"eventlog","category":"System","service":"Microsoft-Windows-WindowsUpdateClient","fields":{"Channel":"System","Computer":"IE11WIN8_1","EventID":"19","EventRecordID":"644","Keywords":"9223372036854775832","Level":"4","Opcode":"13","ProcessID":"732","ProviderGuid":"945A8954-C147-4ACD-923F-40C45405A658","ProviderName":"Microsoft-Windows-WindowsUpdateClient","Task":"1","ThreadID":"2612","TimeCreated":"2018-01-03T11:08:39.340975999Z","UserID":"S-1-5-18","Version":"1","serviceGuid":"7971F918-A847-4430-9279-4A52D1EFE18D","updateGuid":"7E710F04-4E94-4021-8E75-DB460A5082EB","updateRevisionNumber":"202","updateTitle":"Update for Windows 8.1 for x64-based Systems (KB3063843)"}}
{"time":"2018-01-03T11:08:39.3409753Z","host":"IE11WIN8_1","user":"S-1-5-18","message":"Installation Successful: Windows successfully installed the following update: $1","severity":3,"sequence":"689","source":"eventlog","category":"System","service":"Microsoft-Windows-WindowsUpdateClient","fields":{"Channel":"System","Computer":"IE11WIN8_1","EventID":"19","EventRecordID":"689","Keywords":"9223372036854775832","Level":"4","Opcode":"13","ProcessID":"732","ProviderGuid":"945A8954-C147-4ACD-923F-40C45405A658","ProviderName":"Microsoft-Windows-WindowsUpdateClient","Task":"1","ThreadID":"2612","TimeCreated":"2018-01-03T11:08:39.340975999Z","UserID":"S-1-5-18","Version":"1","serviceGuid":"7971F918-A847-4430-9279-4A52D1EFE18D","updateGuid":"63E7A22D-D9A8-4C88-A1DC-134BCB655B8C","updateRevisionNumber":"200","updateTitle":"Update for Windows 8.1 for x64-based Systems (KB3018133)"}}
{"time":"2018-01-03T11:08:39.3409753Z","host":"IE11WIN8_1","user":"S-1-5-18","message":"Installation Successful: Windows successfully installed the following update: $1","severity":3,"sequence":"671","source":"eventlog","category":"System","service":"Microsoft-Windows-WindowsUpdateClient","fields":{"Channel":"System","Computer":"IE11WIN8_1","EventID":"19","EventRecordID":"671","Keywords":"9223372036854775832","Level":"4","Opcode":"13","ProcessID":"732","ProviderGuid":"945A8954-C147-4ACD-923F-40C45405A658","ProviderName":"Microsoft-Windows-WindowsUpdateClient","Task":"1","ThreadID":"2612","TimeCreated":"2018-01-03T11:08:39.340975999Z","UserID":"S-1-5-18","Version":"1","serviceGuid":"7971F918-A847-4430-9279-4A52D1EFE18D","updateGuid":"7E9C4494-FF71-4F03-87C4-89331731D27B","updateRevisionNumber":"201","updateTitle":"Update for Windows 8.1 for x64-based Systems (KB3044673)"}}
{"time":"2018-01-03T11:08:39.3409753Z","host":"IE11WIN8_1","user":"S-1-5-18","message":"Installation Successful: Windows successfully installed the following update: $1","severity":3,"sequence":"674","source":"eventlog","category":"System","service":"Microsoft-Windows-WindowsUpdateClient","fields":{"Channel":"System","Computer":"IE11WIN8_1","EventID":"19","EventRecordID":"674","Keywords":"9223372036854775832","Level":"4","Opcode":"13","ProcessID":"732","ProviderGuid":"945A8954-C147-4ACD-923F-40C45405A658","ProviderName":"Microsoft-Windows-WindowsUpdateClient","Task":"1","ThreadID":"2612","TimeCreated":"2018-01-03T11:08:39.340975999Z","UserID":"S-1-5-18","Version":"1","serviceGuid":"7971F918-A847-4430-9279-4A52D1EFE18D","updateGuid":"05ADE010-DC77-404D-AA6A-29A35B2158C6","updateRevisionNumber":"201","updateTitle":"Security Update for Microsoft .NET Framework 4.5.1 and 4.5.2 on Windows 8.1 and Windows Server 2012 R2 x64-based Systems (KB3037579)"}}
{"time":"2018-01-03T11:08:39.3409753Z","host":"IE11WIN8_1","user":"S-1-5-18","message":"Installation Successful: Windows successfully installed the following update: $1","severity":3,"sequence":"677","source":"eventlog","category":"System","service":"Microsoft-Windows-WindowsUpdateClient","fields":{"Channel":"System","Computer":"IE11WIN8_1","EventID":"19","EventRecordID":"677","Keywords":"9223372036854775832","Level":"4","Opcode":"13","ProcessID":"732","ProviderGuid":"945A8954-C147-4ACD-923F-40C45405A658","ProviderName":"Microsoft-Windows-WindowsUpdateClient","Task":"1","ThreadID":"2612","TimeCreated":"2018-01-03T11:08:39.340975999Z","UserID":"S-1-5-18","Version":"1","serviceGuid":"7971F918-A847-4430-9279-4A52D1EFE18D","updateGuid":"BDF42393-64C7-4D66-9E53-C58020F8F797","updateRevisionNumber":"213","updateTitle":"Update for Windows 8.1 for x64-based Systems (KB3000850)"}}
{"time":"2018-01-03T11:08:39.3409753Z","host":"IE11WIN8_1","user":"S-1-5-18","message":"Installation Successful: Windows successfully installed the following update: $1","severity":3,"sequence":"645","source":"eventlog","category":"System","service":"Microsoft-Windows-WindowsUpdateClient","fields":{"Channel":"System","Computer":"IE11WIN8_1","EventID":"19","EventRecordID":"645","Keywords":"9223372036854775832","Level":"4","Opcode":"13","ProcessID":"732","ProviderGuid":"945A8954-C147-4ACD-923F-40C45405A658","ProviderName":"Microsoft-Windows-WindowsUpdateClient","Task":"1","ThreadID":"2612","TimeCreated":"2018-01-03T11:08:39.340975999Z","UserID":"S-1-5-18","Version":"1","serviceGuid":"7971F918-A847-4430-9279-4A52D1EFE18D","updateGuid":"22BC897A-219D-4147-A929-5CA8C429D006","updateRevisionNumber":"201","updateTitle":"Update for Windows 8.1 for x64-based Systems (KB3060793)"}}
{"time":"2018-01-03T11:08:39.3409753Z","host":"IE11WIN8_1","user":"S-1-5-18","message":"Installation Successful: Windows successfully installed the following update: $1","severity":3,"sequence":"672","source":"eventlog","category":"System","service":"Microsoft-Windows-WindowsUpdateClient","fields":{"Channel":"System","Computer":"IE11WIN8_1","EventID":"19","EventRecordID":"672","Keywords":"9223372036854775832","Level":"4","Opcode":"13","ProcessID":"732","ProviderGuid":"945A8954-C147-4ACD-923F-40C45405A658","ProviderName":"Microsoft-Windows-WindowsUpdateClient","Task":"1","ThreadID":"2612","TimeCreated":"2018-01-03T11:08:39.340975999Z","UserID":"S-1-5-18","Version":"1","serviceGuid":"7971F918-A847-4430-9279-4A52D1EFE18D","updateGuid":"8185C5B1-364D-4EF2-8DB0-6100DB0907B2","updateRevisionNumber":"201","updateTitle":"Update for Windows 8.1 for x64-based Systems (KB3043812)"}}
{"time":"2018-01-03T11:08:39.3409753Z","host":"IE11WIN8_1","user":"S-1-5-18","message":"Installation Successful: Windows successfully installed the following update: $1","severity":3,"sequence":"636","source":"eventlog","category":"System","service":"Microsoft-Windows-WindowsUpdateClient","fields":{"Channel":"System","Computer":"IE11WIN8_1","EventID":"19","EventRecordID":"636","Keywords":"9223372036854775832","Level":"4","Opcode":"13","ProcessID":"732","ProviderGuid":"945A8954-C147-4ACD-923F-40C45405A658","ProviderName":"Microsoft-Windows-WindowsUpdateClient","Task":"1","ThreadID":"2612","TimeCreated":"2018-01-03T11:08:39.340975999Z","UserID":"S-1-5-18","Version":"1","serviceGuid":"7971F918-A847-4430-9279-4A52D1EFE18D","updateGuid":"AA48DBEA-8E86-4CF2-AD1D-62B8AB60461D","updateRevisionNumber":"200","updateTitle":"Security Update for Windows 8.1 for x64-based Systems (KB3004365)"}}
{"time":"2018-01-03T11:08:39.3409753Z","host":"IE11WIN8_1","user":"S-1-5-18","message":"Installation Successful: Windows successfully installed the following update: $1","severity":3,"sequence":"647","source":"eventlog","category":"System","service":"Microsoft-Windows-WindowsUpdateClient","fields":{"Channel":"System","Computer":"IE11WIN8_1","EventID":"19","EventRecordID":"647","Keywords":"9223372036854775832","Level":"4","Opcode":"13","ProcessID":"732","ProviderGuid":"945A8954-C147-4ACD-923F-40C45405A658","ProviderName":"Microsoft-Windows-WindowsUpdateClient","Task":"1","ThreadID":"2612","TimeCreated":"2018-01-03T11:08:39.340975999Z","UserID":"S-1-5-18","Version":"1","serviceGuid":"7971F918-A847-4430-9279-4A52D1EFE18D","updateGuid":"D615822D-C516-402E-8AEF-4A174FF510D3","updateRevisionNumber":"200","updateTitle":"Update for Windows 8.1 for x64-based Systems (KB3058168)"}}
{"time":"2018-01-03T11:08:39.3409753Z","host":"IE11WIN8_1","user":"S-1-5-18","message":"Installation Successful: Windows successfully installed the following update: $1","severity":3,"sequence":"617","source":"eventlog","category":"System","service":"Microsoft-Windows-WindowsUpdateClient","fields":{"Channel":"System","Computer":"IE11WIN8_1","EventID":"19","EventRecordID":"617","Keywords":"9223372036854775832","Level":"4","Opcode":"13","ProcessID":"732","ProviderGuid":"945A8954-C147-4ACD-923F-40C45405A658","ProviderName":"Microsoft-Windows-WindowsUpdateClient","Task":"1","ThreadID":"2612","TimeCreated":"2018-01-03T11:08:39.340975999Z","UserID":"S-1-5-18","Version":"1","serviceGuid":"7971F918-A847-4430-9279-4A52D1EFE18D","updateGuid":"C9883DB2-D98C-473A-A7F1-893199F09B2A","updateRevisionNumber":"202","updateTitle":"Security Update for Windows 8.1 for x64-based Systems (KB3086255)"}}
{"time":"2018-01-03T11:08:39.3409753Z","host":"IE11WIN8_1","user":"S-1-5-18","message":"Installation Successful: Windows successfully installed the following update: $1","severity":3,"sequence":"660","source":"eventlog","category":"System","service":"Microsoft-Windows-WindowsUpdateClient","fields":{"Channel":"System","Computer":"IE11WIN8_1","EventID":"19","EventRecordID":"660","Keywords":"9223372036854775832","Level":"4","Opcode":"13","ProcessID":"732","ProviderGuid":"945A8954-C147-4ACD-923F-40C45405A658","ProviderName":"Microsoft-Windows-WindowsUpdateClient","Task":"1","ThreadID":"2612","TimeCreated":"2018-01-03T11:08:39.340975999Z","UserID":"S-1-5-18","Version":"1","serviceGuid":"7971F918-A847-4430-9279-4A52D1EFE18D","updateGuid":"0EFF133A-A004-4EF8-BB2B-AEC1B288BEA8","updateRevisionNumber":"201","updateTitle":"Update for Windows 8.1 for x64-based Systems (KB3038002)"}}
{"time":"2018-01-03T11:08:39.3409753Z","host":"IE11WIN8_1","user":"S-1-5-18","message":"Installation Successful: Windows successfully installed the following update: $1","severity":3,"sequence":"650","source":"eventlog","category":"System","service":"Microsoft-Windows-WindowsUpdateClient","fields":{"Channel":"System","Computer":"IE11WIN8_1","EventID":"19","EventRecordID":"650","Keywords":"9223372036854775832","Level":"4","Opcode":"13","ProcessID":"732","ProviderGuid":"945A8954-C147-4ACD-923F-40C45405A658","ProviderName":"Microsoft-Windows-WindowsUpdateClient","Task":"1","ThreadID":"2612","TimeCreated":"2018-01-03T11:08:39.340975999Z","UserID":"S-1-5-18","Version":"1","serviceGuid":"7971F918-A847-4430-9279-4A52D1EFE18D","updateGuid":"AA5AAC3C-10EB-4CA9-A0A1-C8F8B9D8CDAD","updateRevisionNumber":"201","updateTitle":"Update for Windows 8.1 for x64-based Systems (KB3029603)"}}
{"time":"2018-01-03T11:08:39.3409753Z","host":"IE11WIN8_1","user":"S-1-5-18","message":"Installation Successful: Windows successfully installed the following update: $1","severity":3,"sequence":"692","source":"eventlog","category":"System","service":"Microsoft-Windows-WindowsUpdateClient","fields":{"Channel":"System","Computer":"IE11WIN8_1","EventID":"19","EventRecordID":"692","Keywords":"9223372036854775832","Level":"4","Opcode":"13","ProcessID":"732","ProviderGuid":"945A8954-C147-4ACD-923F-40C45405A658","ProviderName":"Microsoft-Windows-WindowsUpdateClient","Task":"1","ThreadID":"2612","TimeCreated":"2018-01-03T11:08:39.340975999Z","UserID":"S-1-5-18","Version":"1","serviceGuid":"7971F918-A847-4430-9279-4A52D1EFE18D","updateGuid":"8AA795C9-1B7F-4968-AA3A-01EF0C96BE1F","updateRevisionNumber":"201","updateTitle":"Update for Windows 8.1 for x64-based Systems (KB3012235)"}}
{"time":"2018-01-03T11:08:39.3409753Z","host":"IE11WIN8_1","user":"S-1-5-18","message":"Installation Successful: Windows successfully installed the following update: $1","severity":3,"sequence":"655","source":"eventlog","category":"System","service":"Microsoft-Windows-WindowsUpdateClient","fields":{"Channel":"System","Computer":"IE11WIN8_1","EventID":"19","EventRecordID":"655","Keywords":"9223372036854775832","Level":"4","Opcode":"13","ProcessID":"732","ProviderGuid":"945A8954-C147-4ACD-923F-40C45405A658","ProviderName":"Microsoft-Windows-WindowsUpdateClient","Task":"1","ThreadID":"2612","TimeCreated":"2018-01-03T11:08:39.340975999Z","UserID":"S-1-5-18","Version":"1","serviceGuid":"7971F918-A847-4430-9279-4A52D1EFE18D","updateGuid":"9B29D104-997F-475E-99B1-854C30CB4E88","updateRevisionNumber":"201","updateTitle":"Security Update for Microsoft .NET Framework 4.5.1 and 4.5.2 on Windows 8.1 and Windows Server 2012 R2 x64-based Systems (KB3032663)"}}
{"time":"2018-01-03T11:08:39.3409753Z","host":"IE11WIN8_1","user":"S-1-5-18","message":"Installation Successful: Windows successfully installed the following update: $1","severity":3,"sequence":"685","source":"eventlog","category":"System","service":"Microsoft-Windows-WindowsUpdateClient","fields":{"Channel":"System","Computer":"IE11WIN8_1","EventID":"19","EventRecordID":"685","Keywords":"9223372036854775832","Level":"4","Opcode":"13","ProcessID":"732","ProviderGuid":"945A8954-C147-4ACD-923F-40C45405A658","ProviderName":"Microsoft-Windows-WindowsUpdateClient","Task":"1","ThreadID":"2612","TimeCreated":"2018-01-03T11:08:39.340975999Z","UserID":"S-1-5-18","Version":"1","serviceGuid":"7971F918-A847-4430-9279-4A52D1EFE18D","updateGuid":"D4ADB177-61BB-47C7-A83B-7465A59B2F12","updateRevisionNumber":"200","updateTitle":"Update for Windows 8.1 for x64-based Systems (KB3030947)"}}
