{"ecs":{"version":"9.1.0"},"agent":{"type":"fox","version":"0.0.0"},"host":{"hostname":"IACIS-HDD-2014"},"user":{},"event":{"id":"2035","kind":"event","module":"eventlog","dataset":"eventlog.Security","severity":10,"provider":"Microsoft-Windows-Security-Auditing","original":"{\"time\":\"2014-01-25T15:30:36.9852729Z\",\"host\":\"IACIS-HDD-2014\",\"message\":\"A user account was changed\",\"severity\":10,\"sequence\":\"2035\",\"source\":\"eventlog\",\"category\":\"Security\",\"service\":\"Microsoft-Windows-Security-Auditing\",\"fields\":{\"AccountExpires\":\"%%1794\",\"AllowedToDelegateTo\":\"-\",\"Channel\":\"Security\",\"Computer\":\"IACIS-HDD-2014\",\"DisplayName\":\"Jimmy Wilson\",\"Dummy\":\"-\",\"EventID\":\"4738\",\"EventRecordID\":\"2035\",\"HomeDirectory\":\"%%1793\",\"HomePath\":\"%%1793\",\"Keywords\":\"9232379236109516800\",\"Level\":\"0\",\"LogonHours\":\"%%1797\",\"NewUacValue\":\"0x210\",\"OldUacValue\":\"0x15\",\"Opcode\":\"0\",\"PasswordLastSet\":\"%%1794\",\"PrimaryGroupId\":\"513\",\"PrivilegeList\":\"-\",\"ProcessID\":\"512\",\"ProfilePath\":\"%%1793\",\"ProviderGuid\":\"54849625-5478-4994-A5BA-3E3B0328C30D\",\"ProviderName\":\"Microsoft-Windows-Security-Auditing\",\"SamAccountName\":\"Jimmy Wilson\",\"ScriptPath\":\"%%1793\",\"SidHistory\":\"-\",\"SubjectDomainName\":\"IACIS-HDD-2014\",\"SubjectLogonId\":\"138696\",\"SubjectUserName\":\"BillyBob\",\"SubjectUserSid\":\"S-1-5-21-1171287513-3642516788-2358256967-1001\",\"TargetDomainName\":\"IACIS-HDD-2014\",\"TargetSid\":\"S-1-5-21-1171287513-3642516788-2358256967-1004\",\"TargetUserName\":\"Jimmy Wilson\",\"Task\":\"13824\",\"ThreadID\":\"2256\",\"TimeCreated\":\"2014-01-25T15:30:36.985273599Z\",\"UserAccountControl\":\"\\r\\n\\t\\t%%2048\\r\\n\\t\\t%%2050\\r\\n\\t\\t%%2089\",\"UserParameters\":\"%%1793\",\"UserPrincipalName\":\"-\",\"UserWorkstations\":\"%%1793\",\"Version\":\"0\"}}","hash":"7a386397e192e1fc","code":"4738"},"labels":{"AccountExpires":"%%1794","AllowedToDelegateTo":"-","Channel":"Security","Computer":"IACIS-HDD-2014","DisplayName":"Jimmy Wilson","Dummy":"-","EventID":"4738","EventRecordID":"2035","HomeDirectory":"%%1793","HomePath":"%%1793","Keywords":"9232379236109516800","Level":"0","LogonHours":"%%1797","NewUacValue":"0x210","OldUacValue":"0x15","Opcode":"0","PasswordLastSet":"%%1794","PrimaryGroupId":"513","PrivilegeList":"-","ProcessID":"512","ProfilePath":"%%1793","ProviderGuid":"54849625-5478-4994-A5BA-3E3B0328C30D","ProviderName":"Microsoft-Windows-Security-Auditing","SamAccountName":"Jimmy Wilson","ScriptPath":"%%1793","SidHistory":"-","SubjectDomainName":"IACIS-HDD-2014","SubjectLogonId":"138696","SubjectUserName":"BillyBob","SubjectUserSid":"S-1-5-21-1171287513-3642516788-2358256967-1001","TargetDomainName":"IACIS-HDD-2014","TargetSid":"S-1-5-21-1171287513-3642516788-2358256967-1004","TargetUserName":"Jimmy Wilson","Task":"13824","ThreadID":"2256","TimeCreated":"2014-01-25T15:30:36.985273599Z","UserAccountControl":"\r\n\t\t%%2048\r\n\t\t%%2050\r\n\t\t%%2089","UserParameters":"%%1793","UserPrincipalName":"-","UserWorkstations":"%%1793","Version":"0"},"@timestamp":"2014-01-25T15:30:36.9852729Z","message":"A user account was changed"}
{"ecs":{"version":"9.1.0"},"agent":{"type":"fox","version":"0.0.0"},"host":{"hostname":"IACIS-HDD-2014"},"user":{},"event":{"id":"2036","kind":"event","module":"eventlog","dataset":"eventlog.Security","severity":10,"provider":"Microsoft-Windows-Security-Auditing","original":"{\"time\":\"2014-01-25T15:30:37.1256732Z\",\"host\":\"IACIS-HDD-2014\",\"message\":\"A member was added to a security-enabled local group\",\"severity\":10,\"sequence\":\"2036\",\"source\":\"eventlog\",\"category\":\"Security\",\"service\":\"Microsoft-Windows-Security-Auditing\",\"fields\":{\"Channel\":\"Security\",\"Computer\":\"IACIS-HDD-2014\",\"EventID\":\"4732\",\"EventRecordID\":\"2036\",\"Keywords\":\"9232379236109516800\",\"Level\":\"0\",\"MemberName\":\"-\",\"MemberSid\":\"S-1-5-21-1171287513-3642516788-2358256967-1004\",\"Opcode\":\"0\",\"PrivilegeList\":\"-\",\"ProcessID\":\"512\",\"ProviderGuid\":\"54849625-5478-4994-A5BA-3E3B0328C30D\",\"ProviderName\":\"Microsoft-Windows-Security-Auditing\",\"SubjectDomainName\":\"IACIS-HDD-2014\",\"SubjectLogonId\":\"138696\",\"SubjectUserName\":\"BillyBob\",\"SubjectUserSid\":\"S-1-5-21-1171287513-3642516788-2358256967-1001\",\"TargetDomainName\":\"Builtin\",\"TargetSid\":\"S-1-5-32-545\",\"TargetUserName\":\"Users\",\"Task\":\"13826\",\"ThreadID\":\"2256\",\"TimeCreated\":\"2014-01-25T15:30:37.125673532Z\",\"Version\":\"0\"}}","hash":"23f4581576078b1d","code":"4732"},"labels":{"Channel":"Security","Computer":"IACIS-HDD-2014","EventID":"4732","EventRecordID":"2036","Keywords":"9232379236109516800","Level":"0","MemberName":"-","MemberSid":"S-1-5-21-1171287513-3642516788-2358256967-1004","Opcode":"0","PrivilegeList":"-","ProcessID":"512","ProviderGuid":"54849625-5478-4994-A5BA-3E3B0328C30D","ProviderName":"Microsoft-Windows-Security-Auditing","SubjectDomainName":"IACIS-HDD-2014","SubjectLogonId":"138696","SubjectUserName":"BillyBob","SubjectUserSid":"S-1-5-21-1171287513-3642516788-2358256967-1001","TargetDomainName":"Builtin","TargetSid":"S-1-5-32-545","TargetUserName":"Users","Task":"13826","ThreadID":"2256","TimeCreated":"2014-01-25T15:30:37.125673532Z","Version":"0"},"@timestamp":"2014-01-25T15:30:37.1256732Z","message":"A member was added to a security-enabled local group"}
{"ecs":{"version":"9.1.0"},"agent":{"type":"fox","version":"0.0.0"},"host":{"hostname":"IACIS-HDD-2014"},"user":{},"event":{"id":"2037","kind":"event","module":"eventlog","dataset":"eventlog.Security","severity":10,"provider":"Microsoft-Windows-Security-Auditing","original":"{\"time\":\"2014-01-25T15:30:37.4064737Z\",\"host\":\"IACIS-HDD-2014\",\"message\":\"A user account was changed\",\"severity\":10,\"sequence\":\"2037\",\"source\":\"eventlog\",\"category\":\"Security\",\"service\":\"Microsoft-Windows-Security-Auditing\",\"fields\":{\"AccountExpires\":\"-\",\"AllowedToDelegateTo\":\"-\",\"Channel\":\"Security\",\"Computer\":\"IACIS-HDD-2014\",\"DisplayName\":\"-\",\"Dummy\":\"-\",\"EventID\":\"4738\",\"EventRecordID\":\"2037\",\"HomeDirectory\":\"-\",\"HomePath\":\"-\",\"Keywords\":\"9232379236109516800\",\"Level\":\"0\",\"LogonHours\":\"-\",\"NewUacValue\":\"-\",\"OldUacValue\":\"-\",\"Opcode\":\"0\",\"PasswordLastSet\":\"-\",\"PrimaryGroupId\":\"-\",\"PrivilegeList\":\"-\",\"ProcessID\":\"512\",\"ProfilePath\":\"-\",\"ProviderGuid\":\"54849625-5478-4994-A5BA-3E3B0328C30D\",\"ProviderName\":\"Microsoft-Windows-Security-Auditing\",\"SamAccountName\":\"-\",\"ScriptPath\":\"-\",\"SidHistory\":\"-\",\"SubjectDomainName\":\"IACIS-HDD-2014\",\"SubjectLogonId\":\"138696\",\"SubjectUserName\":\"BillyBob\",\"SubjectUserSid\":\"S-1-5-21-1171287513-3642516788-2358256967-1001\",\"TargetDomainName\":\"IACIS-HDD-2014\",\"TargetSid\":\"S-1-5-21-1171287513-3642516788-2358256967-1004\",\"TargetUserName\":\"Jimmy Wilson\",\"Task\":\"13824\",\"ThreadID\":\"2256\",\"TimeCreated\":\"2014-01-25T15:30:37.406473636Z\",\"UserAccountControl\":\"-\",\"UserParameters\":\"-\",\"UserPrincipalName\":\"-\",\"UserWorkstations\":\"-\",\"Version\":\"0\"}}","hash":"04c0c20b8bd688dd","code":"4738"},"labels":{"AccountExpires":"-","AllowedToDelegateTo":"-","Channel":"Security","Computer":"IACIS-HDD-2014","DisplayName":"-","Dummy":"-","EventID":"4738","EventRecordID":"2037","HomeDirectory":"-","HomePath":"-","Keywords":"9232379236109516800","Level":"0","LogonHours":"-","NewUacValue":"-","OldUacValue":"-","Opcode":"0","PasswordLastSet":"-","PrimaryGroupId":"-","PrivilegeList":"-","ProcessID":"512","ProfilePath":"-","ProviderGuid":"54849625-5478-4994-A5BA-3E3B0328C30D","ProviderName":"Microsoft-Windows-Security-Auditing","SamAccountName":"-","ScriptPath":"-","SidHistory":"-","SubjectDomainName":"IACIS-HDD-2014","SubjectLogonId":"138696","SubjectUserName":"BillyBob","SubjectUserSid":"S-1-5-21-1171287513-3642516788-2358256967-1001","TargetDomainName":"IACIS-HDD-2014","TargetSid":"S-1-5-21-1171287513-3642516788-2358256967-1004","TargetUserName":"Jimmy Wilson","Task":"13824","ThreadID":"2256","TimeCreated":"2014-01-25T15:30:37.406473636Z","UserAccountControl":"-","UserParameters":"-","UserPrincipalName":"-","UserWorkstations":"-","Version":"0"},"@timestamp":"2014-01-25T15:30:37.4064737Z","message":"A user account was changed"}
{"ecs":{"version":"9.1.0"},"agent":{"type":"fox","version":"0.0.0"},"host":{"hostname":"IACIS-HDD-2014"},"user":{},"event":{"id":"2038","kind":"event","module":"eventlog","dataset":"eventlog.Security","severity":10,"provider":"Microsoft-Windows-Security-Auditing","original":"{\"time\":\"2014-01-25T15:30:37.7808743Z\",\"host\":\"IACIS-HDD-2014\",\"message\":\"A member was added to a security-enabled local group\",\"severity\":10,\"sequence\":\"2038\",\"source\":\"eventlog\",\"category\":\"Security\",\"service\":\"Microsoft-Windows-Security-Auditing\",\"fields\":{\"Channel\":\"Security\",\"Computer\":\"IACIS-HDD-2014\",\"EventID\":\"4732\",\"EventRecordID\":\"2038\",\"Keywords\":\"9232379236109516800\",\"Level\":\"0\",\"MemberName\":\"-\",\"MemberSid\":\"S-1-5-21-1171287513-3642516788-2358256967-1004\",\"Opcode\":\"0\",\"PrivilegeList\":\"-\",\"ProcessID\":\"512\",\"ProviderGuid\":\"54849625-5478-4994-A5BA-3E3B0328C30D\",\"ProviderName\":\"Microsoft-Windows-Security-Auditing\",\"SubjectDomainName\":\"IACIS-HDD-2014\",\"SubjectLogonId\":\"138696\",\"SubjectUserName\":\"BillyBob\",\"SubjectUserSid\":\"S-1-5-21-1171287513-3642516788-2358256967-1001\",\"TargetDomainName\":\"Builtin\",\"TargetSid\":\"S-1-5-32-544\",\"TargetUserName\":\"Administrators\",\"Task\":\"13826\",\"ThreadID\":\"2256\",\"TimeCreated\":\"2014-01-25T15:30:37.780873537Z\",\"Version\":\"0\"}}","hash":"1998857ac040117f","code":"4732"},"labels":{"Channel":"Security","Computer":"IACIS-HDD-2014","EventID":"4732","EventRecordID":"2038","Keywords":"9232379236109516800","Level":"0","MemberName":"-","MemberSid":"S-1-5-21-1171287513-3642516788-2358256967-1004","Opcode":"0","PrivilegeList":"-","ProcessID":"512","ProviderGuid":"54849625-5478-4994-A5BA-3E3B0328C30D","ProviderName":"Microsoft-Windows-Security-Auditing","SubjectDomainName":"IACIS-HDD-2014","SubjectLogonId":"138696","SubjectUserName":"BillyBob","SubjectUserSid":"S-1-5-21-1171287513-3642516788-2358256967-1001","TargetDomainName":"Builtin","TargetSid":"S-1-5-32-544","TargetUserName":"Administrators","Task":"13826","ThreadID":"2256","TimeCreated":"2014-01-25T15:30:37.780873537Z","Version":"0"},"@timestamp":"2014-01-25T15:30:37.7808743Z","message":"A member was added to a security-enabled local group"}
{"ecs":{"version":"9.1.0"},"agent":{"type":"fox","version":"0.0.0"},"host":{"hostname":"IACIS-HDD-2014"},"user":{},"event":{"id":"2039","kind":"event","module":"eventlog","dataset":"eventlog.Security","severity":10,"provider":"Microsoft-Windows-Security-Auditing","original":"{\"time\":\"2014-01-25T15:30:38.0772748Z\",\"host\":\"IACIS-HDD-2014\",\"message\":\"A user account was changed\",\"severity\":10,\"sequence\":\"2039\",\"source\":\"eventlog\",\"category\":\"Security\",\"service\":\"Microsoft-Windows-Security-Auditing\",\"fields\":{\"AccountExpires\":\"%%1794\",\"AllowedToDelegateTo\":\"-\",\"Channel\":\"Security\",\"Computer\":\"IACIS-HDD-2014\",\"DisplayName\":\"Jimmy Wilson\",\"Dummy\":\"-\",\"EventID\":\"4738\",\"EventRecordID\":\"2039\",\"HomeDirectory\":\"%%1793\",\"HomePath\":\"%%1793\",\"Keywords\":\"9232379236109516800\",\"Level\":\"0\",\"LogonHours\":\"%%1797\",\"NewUacValue\":\"0x210\",\"OldUacValue\":\"0x210\",\"Opcode\":\"0\",\"PasswordLastSet\":\"%%1794\",\"PrimaryGroupId\":\"513\",\"PrivilegeList\":\"-\",\"ProcessID\":\"512\",\"ProfilePath\":\"%%1793\",\"ProviderGuid\":\"54849625-5478-4994-A5BA-3E3B0328C30D\",\"ProviderName\":\"Microsoft-Windows-Security-Auditing\",\"SamAccountName\":\"Jimmy Wilson\",\"ScriptPath\":\"%%1793\",\"SidHistory\":\"-\",\"SubjectDomainName\":\"IACIS-HDD-2014\",\"SubjectLogonId\":\"138696\",\"SubjectUserName\":\"BillyBob\",\"SubjectUserSid\":\"S-1-5-21-1171287513-3642516788-2358256967-1001\",\"TargetDomainName\":\"IACIS-HDD-2014\",\"TargetSid\":\"S-1-5-21-1171287513-3642516788-2358256967-1004\",\"TargetUserName\":\"Jimmy Wilson\",\"Task\":\"13824\",\"ThreadID\":\"2256\",\"TimeCreated\":\"2014-01-25T15:30:38.077275276Z\",\"UserAccountControl\":\"-\",\"UserParameters\":\"%%1793\",\"UserPrincipalName\":\"-\",\"UserWorkstations\":\"%%1793\",\"Version\":\"0\"}}","hash":"873471580857c1b5","code":"4738"},"labels":{"AccountExpires":"%%1794","AllowedToDelegateTo":"-","Channel":"Security","Computer":"IACIS-HDD-2014","DisplayName":"Jimmy Wilson","Dummy":"-","EventID":"4738","EventRecordID":"2039","HomeDirectory":"%%1793","HomePath":"%%1793","Keywords":"9232379236109516800","Level":"0","LogonHours":"%%1797","NewUacValue":"0x210","OldUacValue":"0x210","Opcode":"0","PasswordLastSet":"%%1794","PrimaryGroupId":"513","PrivilegeList":"-","ProcessID":"512","ProfilePath":"%%1793","ProviderGuid":"54849625-5478-4994-A5BA-3E3B0328C30D","ProviderName":"Microsoft-Windows-Security-Auditing","SamAccountName":"Jimmy Wilson","ScriptPath":"%%1793","SidHistory":"-","SubjectDomainName":"IACIS-HDD-2014","SubjectLogonId":"138696","SubjectUserName":"BillyBob","SubjectUserSid":"S-1-5-21-1171287513-3642516788-2358256967-1001","TargetDomainName":"IACIS-HDD-2014","TargetSid":"S-1-5-21-1171287513-3642516788-2358256967-1004","TargetUserName":"Jimmy Wilson","Task":"13824","ThreadID":"2256","TimeCreated":"2014-01-25T15:30:38.077275276Z","UserAccountControl":"-","UserParameters":"%%1793","UserPrincipalName":"-","UserWorkstations":"%%1793","Version":"0"},"@timestamp":"2014-01-25T15:30:38.0772748Z","message":"A user account was changed"}
{"ecs":{"version":"9.1.0"},"agent":{"type":"fox","version":"0.0.0"},"host":{"hostname":"IACIS-HDD-2014"},"user":{},"event":{"id":"2040","kind":"event","module":"eventlog","dataset":"eventlog.Security","severity":10,"provider":"Microsoft-Windows-Security-Auditing","original":"{\"time\":\"2014-01-25T15:31:04.1825209Z\",\"host\":\"IACIS-HDD-2014\",\"message\":\"A user account was changed\",\"severity\":10,\"sequence\":\"2040\",\"source\":\"eventlog\",\"category\":\"Security\",\"service\":\"Microsoft-Windows-Security-Auditing\",\"fields\":{\"AccountExpires\":\"%%1794\",\"AllowedToDelegateTo\":\"-\",\"Channel\":\"Security\",\"Computer\":\"IACIS-HDD-2014\",\"DisplayName\":\"Jimmy Wilson\",\"Dummy\":\"-\",\"EventID\":\"4738\",\"EventRecordID\":\"2040\",\"HomeDirectory\":\"%%1793\",\"HomePath\":\"%%1793\",\"Keywords\":\"9232379236109516800\",\"Level\":\"0\",\"LogonHours\":\"%%1797\",\"NewUacValue\":\"0x210\",\"OldUacValue\":\"0x210\",\"Opcode\":\"0\",\"PasswordLastSet\":\"1/25/2014 10:31:04 AM\",\"PrimaryGroupId\":\"513\",\"PrivilegeList\":\"-\",\"ProcessID\":\"512\",\"ProfilePath\":\"%%1793\",\"ProviderGuid\":\"54849625-5478-4994-A5BA-3E3B0328C30D\",\"ProviderName\":\"Microsoft-Windows-Security-Auditing\",\"SamAccountName\":\"Jimmy Wilson\",\"ScriptPath\":\"%%1793\",\"SidHistory\":\"-\",\"SubjectDomainName\":\"IACIS-HDD-2014\",\"SubjectLogonId\":\"138696\",\"SubjectUserName\":\"BillyBob\",\"SubjectUserSid\":\"S-1-5-21-1171287513-3642516788-2358256967-1001\",\"TargetDomainName\":\"IACIS-HDD-2014\",\"TargetSid\":\"S-1-5-21-1171287513-3642516788-2358256967-1004\",\"TargetUserName\":\"Jimmy Wilson\",\"Task\":\"13824\",\"ThreadID\":\"548\",\"TimeCreated\":\"2014-01-25T15:31:04.182521581Z\",\"UserAccountControl\":\"-\",\"UserParameters\":\"-\",\"UserPrincipalName\":\"-\",\"UserWorkstations\":\"%%1793\",\"Version\":\"0\"}}","hash":"4a50734e9f9c5a64","code":"4738"},"labels":{"AccountExpires":"%%1794","AllowedToDelegateTo":"-","Channel":"Security","Computer":"IACIS-HDD-2014","DisplayName":"Jimmy Wilson","Dummy":"-","EventID":"4738","EventRecordID":"2040","HomeDirectory":"%%1793","HomePath":"%%1793","Keywords":"9232379236109516800","Level":"0","LogonHours":"%%1797","NewUacValue":"0x210","OldUacValue":"0x210","Opcode":"0","PasswordLastSet":"1/25/2014 10:31:04 AM","PrimaryGroupId":"513","PrivilegeList":"-","ProcessID":"512","ProfilePath":"%%1793","ProviderGuid":"54849625-5478-4994-A5BA-3E3B0328C30D","ProviderName":"Microsoft-Windows-Security-Auditing","SamAccountName":"Jimmy Wilson","ScriptPath":"%%1793","SidHistory":"-","SubjectDomainName":"IACIS-HDD-2014","SubjectLogonId":"138696","SubjectUserName":"BillyBob","SubjectUserSid":"S-1-5-21-1171287513-3642516788-2358256967-1001","TargetDomainName":"IACIS-HDD-2014","TargetSid":"S-1-5-21-1171287513-3642516788-2358256967-1004","TargetUserName":"Jimmy Wilson","Task":"13824","ThreadID":"548","TimeCreated":"2014-01-25T15:31:04.182521581Z","UserAccountControl":"-","UserParameters":"-","UserPrincipalName":"-","UserWorkstations":"%%1793","Version":"0"},"@timestamp":"2014-01-25T15:31:04.1825209Z","message":"A user account was changed"}
{"ecs":{"version":"9.1.0"},"agent":{"type":"fox","version":"0.0.0"},"host":{"hostname":"IACIS-HDD-2014"},"user":{},"event":{"id":"2042","kind":"event","module":"eventlog","dataset":"eventlog.Security","severity":10,"provider":"Microsoft-Windows-Security-Auditing","original":"{\"time\":\"2014-01-25T15:31:04.3073212Z\",\"host\":\"IACIS-HDD-2014\",\"message\":\"A user account was changed\",\"severity\":10,\"sequence\":\"2042\",\"source\":\"eventlog\",\"category\":\"Security\",\"service\":\"Microsoft-Windows-Security-Auditing\",\"fields\":{\"AccountExpires\":\"-\",\"AllowedToDelegateTo\":\"-\",\"Channel\":\"Security\",\"Computer\":\"IACIS-HDD-2014\",\"DisplayName\":\"-\",\"Dummy\":\"-\",\"EventID\":\"4738\",\"EventRecordID\":\"2042\",\"HomeDirectory\":\"-\",\"HomePath\":\"-\",\"Keywords\":\"9232379236109516800\",\"Level\":\"0\",\"LogonHours\":\"-\",\"NewUacValue\":\"-\",\"OldUacValue\":\"-\",\"Opcode\":\"0\",\"PasswordLastSet\":\"-\",\"PrimaryGroupId\":\"-\",\"PrivilegeList\":\"-\",\"ProcessID\":\"512\",\"ProfilePath\":\"-\",\"ProviderGuid\":\"54849625-5478-4994-A5BA-3E3B0328C30D\",\"ProviderName\":\"Microsoft-Windows-Security-Auditing\",\"SamAccountName\":\"-\",\"ScriptPath\":\"-\",\"SidHistory\":\"-\",\"SubjectDomainName\":\"IACIS-HDD-2014\",\"SubjectLogonId\":\"138696\",\"SubjectUserName\":\"BillyBob\",\"SubjectUserSid\":\"S-1-5-21-1171287513-3642516788-2358256967-1001\",\"TargetDomainName\":\"IACIS-HDD-2014\",\"TargetSid\":\"S-1-5-21-1171287513-3642516788-2358256967-1004\",\"TargetUserName\":\"Jimmy Wilson\",\"Task\":\"13824\",\"ThreadID\":\"2256\",\"TimeCreated\":\"2014-01-25T15:31:04.307321548Z\",\"UserAccountControl\":\"-\",\"UserParameters\":\"-\",\"UserPrincipalName\":\"-\",\"UserWorkstations\":\"-\",\"Version\":\"0\"}}","hash":"c2db2e109d5e1b1d","code":"4738"},"labels":{"AccountExpires":"-","AllowedToDelegateTo":"-","Channel":"Security","Computer":"IACIS-HDD-2014","DisplayName":"-","Dummy":"-","EventID":"4738","EventRecordID":"2042","HomeDirectory":"-","HomePath":"-","Keywords":"9232379236109516800","Level":"0","LogonHours":"-","NewUacValue":"-","OldUacValue":"-","Opcode":"0","PasswordLastSet":"-","PrimaryGroupId":"-","PrivilegeList":"-","ProcessID":"512","ProfilePath":"-","ProviderGuid":"54849625-5478-4994-A5BA-3E3B0328C30D","ProviderName":"Microsoft-Windows-Security-Auditing","SamAccountName":"-","ScriptPath":"-","SidHistory":"-","SubjectDomainName":"IACIS-HDD-2014","SubjectLogonId":"138696","SubjectUserName":"BillyBob","SubjectUserSid":"S-1-5-21-1171287513-3642516788-2358256967-1001","TargetDomainName":"IACIS-HDD-2014","TargetSid":"S-1-5-21-1171287513-3642516788-2358256967-1004","TargetUserName":"Jimmy Wilson","Task":"13824","ThreadID":"2256","TimeCreated":"2014-01-25T15:31:04.307321548Z","UserAccountControl":"-","UserParameters":"-","UserPrincipalName":"-","UserWorkstations":"-","Version":"0"},"@timestamp":"2014-01-25T15:31:04.3073212Z","message":"A user account was changed"}
{"ecs":{"version":"9.1.0"},"agent":{"type":"fox","version":"0.0.0"},"host":{"hostname":"IACIS-HDD-2014"},"user":{},"event":{"id":"2044","kind":"event","module":"eventlog","dataset":"eventlog.Security","severity":10,"provider":"Microsoft-Windows-Security-Auditing","original":"{\"time\":\"2014-01-25T15:32:09.638636Z\",\"host\":\"IACIS-HDD-2014\",\"message\":\"Special privileges assigned to new logon\",\"severity\":10,\"sequence\":\"2044\",\"source\":\"eventlog\",\"category\":\"Security\",\"service\":\"Microsoft-Windows-Security-Auditing\",\"fields\":{\"Channel\":\"Security\",\"Computer\":\"IACIS-HDD-2014\",\"EventID\":\"4672\",\"EventRecordID\":\"2044\",\"Keywords\":\"9232379236109516800\",\"Level\":\"0\",\"Opcode\":\"0\",\"PrivilegeList\":\"SeAssignPrimaryTokenPrivilege\\r\\n\\t\\t\\tSeTcbPrivilege\\r\\n\\t\\t\\tSeSecurityPrivilege\\r\\n\\t\\t\\tSeTakeOwnershipPrivilege\\r\\n\\t\\t\\tSeLoadDriverPrivilege\\r\\n\\t\\t\\tSeBackupPrivilege\\r\\n\\t\\t\\tSeRestorePrivilege\\r\\n\\t\\t\\tSeDebugPrivilege\\r\\n\\t\\t\\tSeAuditPrivilege\\r\\n\\t\\t\\tSeSystemEnvironmentPrivilege\\r\\n\\t\\t\\tSeImpersonatePrivilege\",\"ProcessID\":\"512\",\"ProviderGuid\":\"54849625-5478-4994-A5BA-3E3B0328C30D\",\"ProviderName\":\"Microsoft-Windows-Security-Auditing\",\"SubjectDomainName\":\"NT AUTHORITY\",\"SubjectLogonId\":\"999\",\"SubjectUserName\":\"SYSTEM\",\"SubjectUserSid\":\"S-1-5-18\",\"Task\":\"12548\",\"ThreadID\":\"2256\",\"TimeCreated\":\"2014-01-25T15:32:09.638636827Z\",\"Version\":\"0\"}}","hash":"6656c69fc3210fa7","code":"4672"},"labels":{"Channel":"Security","Computer":"IACIS-HDD-2014","EventID":"4672","EventRecordID":"2044","Keywords":"9232379236109516800","Level":"0","Opcode":"0","PrivilegeList":"SeAssignPrimaryTokenPrivilege\r\n\t\t\tSeTcbPrivilege\r\n\t\t\tSeSecurityPrivilege\r\n\t\t\tSeTakeOwnershipPrivilege\r\n\t\t\tSeLoadDriverPrivilege\r\n\t\t\tSeBackupPrivilege\r\n\t\t\tSeRestorePrivilege\r\n\t\t\tSeDebugPrivilege\r\n\t\t\tSeAuditPrivilege\r\n\t\t\tSeSystemEnvironmentPrivilege\r\n\t\t\tSeImpersonatePrivilege","ProcessID":"512","ProviderGuid":"54849625-5478-4994-A5BA-3E3B0328C30D","ProviderName":"Microsoft-Windows-Security-Auditing","SubjectDomainName":"NT AUTHORITY","SubjectLogonId":"999","SubjectUserName":"SYSTEM","SubjectUserSid":"S-1-5-18","Task":"12548","ThreadID":"2256","TimeCreated":"2014-01-25T15:32:09.638636827Z","Version":"0"},"@timestamp":"2014-01-25T15:32:09.638636Z","message":"Special privileges assigned to new logon"}
{"ecs":{"version":"9.1.0"},"agent":{"type":"fox","version":"0.0.0"},"host":{"hostname":"IACIS-HDD-2014"},"user":{},"event":{"id":"2043","kind":"event","module":"eventlog","dataset":"eventlog.Security","severity":10,"provider":"Microsoft-Windows-Security-Auditing","original":"{\"time\":\"2014-01-25T15:32:09.638636Z\",\"host\":\"IACIS-HDD-2014\",\"message\":\"An account was successfully logged on\",\"severity\":10,\"sequence\":\"2043\",\"source\":\"eventlog\",\"category\":\"Security\",\"service\":\"Microsoft-Windows-Security-Auditing\",\"fields\":{\"AuthenticationPackageName\":\"Negotiate\",\"Channel\":\"Security\",\"Computer\":\"IACIS-HDD-2014\",\"EventID\":\"4624\",\"EventRecordID\":\"2043\",\"IpAddress\":\"-\",\"IpPort\":\"-\",\"KeyLength\":\"0\",\"Keywords\":\"9232379236109516800\",\"Level\":\"0\",\"LmPackageName\":\"-\",\"LogonGuid\":\"00000000-0000-0000-0000-000000000000\",\"LogonProcessName\":\"Advapi  \",\"LogonType\":\"5\",\"Opcode\":\"0\",\"ProcessID\":\"512\",\"ProcessId\":\"476\",\"ProcessName\":\"C:\\\\Windows\\\\System32\\\\services.exe\",\"ProviderGuid\":\"54849625-5478-4994-A5BA-3E3B0328C30D\",\"ProviderName\":\"Microsoft-Windows-Security-Auditing\",\"SubjectDomainName\":\"WORKGROUP\",\"SubjectLogonId\":\"999\",\"SubjectUserName\":\"IACIS-HDD-2014$\",\"SubjectUserSid\":\"S-1-5-18\",\"TargetDomainName\":\"NT AUTHORITY\",\"TargetLogonId\":\"999\",\"TargetUserName\":\"SYSTEM\",\"TargetUserSid\":\"S-1-5-18\",\"Task\":\"12544\",\"ThreadID\":\"2256\",\"TimeCreated\":\"2014-01-25T15:32:09.638636827Z\",\"TransmittedServices\":\"-\",\"Version\":\"0\",\"WorkstationName\":\"\"}}","hash":"35140cd1aa430fcf","code":"4624"},"labels":{"AuthenticationPackageName":"Negotiate","Channel":"Security","Computer":"IACIS-HDD-2014","EventID":"4624","EventRecordID":"2043","IpAddress":"-","IpPort":"-","KeyLength":"0","Keywords":"9232379236109516800","Level":"0","LmPackageName":"-","LogonGuid":"00000000-0000-0000-0000-000000000000","LogonProcessName":"Advapi  ","LogonType":"5","Opcode":"0","ProcessID":"512","ProcessId":"476","ProcessName":"C:\\Windows\\System32\\services.exe","ProviderGuid":"54849625-5478-4994-A5BA-3E3B0328C30D","ProviderName":"Microsoft-Windows-Security-Auditing","SubjectDomainName":"WORKGROUP","SubjectLogonId":"999","SubjectUserName":"IACIS-HDD-2014$","SubjectUserSid":"S-1-5-18","TargetDomainName":"NT AUTHORITY","TargetLogonId":"999","TargetUserName":"SYSTEM","TargetUserSid":"S-1-5-18","Task":"12544","ThreadID":"2256","TimeCreated":"2014-01-25T15:32:09.638636827Z","TransmittedServices":"-","Version":"0","WorkstationName":""},"@timestamp":"2014-01-25T15:32:09.638636Z","message":"An account was successfully logged on"}
{"ecs":{"version":"9.1.0"},"agent":{"type":"fox","version":"0.0.0"},"host":{"hostname":"IACIS-HDD-2014"},"user":{},"event":{"id":"2046","kind":"event","module":"eventlog","dataset":"eventlog.Security","severity":10,"provider":"Microsoft-Windows-Security-Auditing","original":"{\"time\":\"2014-01-25T16:17:39.617429Z\",\"host\":\"IACIS-HDD-2014\",\"message\":\"Special privileges assigned to new logon\",\"severity\":10,\"sequence\":\"2046\",\"source\":\"eventlog\",\"category\":\"Security\",\"service\":\"Microsoft-Windows-Security-Auditing\",\"fields\":{\"Channel\":\"Security\",\"Computer\":\"IACIS-HDD-2014\",\"EventID\":\"4672\",\"EventRecordID\":\"2046\",\"Keywords\":\"9232379236109516800\",\"Level\":\"0\",\"Opcode\":\"0\",\"PrivilegeList\":\"SeAssignPrimaryTokenPrivilege\\r\\n\\t\\t\\tSeTcbPrivilege\\r\\n\\t\\t\\tSeSecurityPrivilege\\r\\n\\t\\t\\tSeTakeOwnershipPrivilege\\r\\n\\t\\t\\tSeLoadDriverPrivilege\\r\\n\\t\\t\\tSeBackupPrivilege\\r\\n\\t\\t\\tSeRestorePrivilege\\r\\n\\t\\t\\tSeDebugPrivilege\\r\\n\\t\\t\\tSeAuditPrivilege\\r\\n\\t\\t\\tSeSystemEnvironmentPrivilege\\r\\n\\t\\t\\tSeImpersonatePrivilege\",\"ProcessID\":\"512\",\"ProviderGuid\":\"54849625-5478-4994-A5BA-3E3B0328C30D\",\"ProviderName\":\"Microsoft-Windows-Security-Auditing\",\"SubjectDomainName\":\"NT AUTHORITY\",\"SubjectLogonId\":\"999\",\"SubjectUserName\":\"SYSTEM\",\"SubjectUserSid\":\"S-1-5-18\",\"Task\":\"12548\",\"ThreadID\":\"1908\",\"TimeCreated\":\"2014-01-25T16:17:39.617428779Z\",\"Version\":\"0\"}}","hash":"b1960d8db833382c","code":"4672"},"labels":{"Channel":"Security","Computer":"IACIS-HDD-2014","EventID":"4672","EventRecordID":"2046","Keywords":"9232379236109516800","Level":"0","Opcode":"0","PrivilegeList":"SeAssignPrimaryTokenPrivilege\r\n\t\t\tSeTcbPrivilege\r\n\t\t\tSeSecurityPrivilege\r\n\t\t\tSeTakeOwnershipPrivilege\r\n\t\t\tSeLoadDriverPrivilege\r\n\t\t\tSeBackupPrivilege\r\n\t\t\tSeRestorePrivilege\r\n\t\t\tSeDebugPrivilege\r\n\t\t\tSeAuditPrivilege\r\n\t\t\tSeSystemEnvironmentPrivilege\r\n\t\t\tSeImpersonatePrivilege","ProcessID":"512","ProviderGuid":"54849625-5478-4994-A5BA-3E3B0328C30D","ProviderName":"Microsoft-Windows-Security-Auditing","SubjectDomainName":"NT AUTHORITY","SubjectLogonId":"999","SubjectUserName":"SYSTEM","SubjectUserSid":"S-1-5-18","Task":"12548","ThreadID":"1908","TimeCreated":"2014-01-25T16:17:39.617428779Z","Version":"0"},"@timestamp":"2014-01-25T16:17:39.617429Z","message":"Special privileges assigned to new logon"}
{"ecs":{"version":"9.1.0"},"agent":{"type":"fox","version":"0.0.0"},"host":{"hostname":"IACIS-HDD-2014"},"user":{},"event":{"id":"2045","kind":"event","module":"eventlog","dataset":"eventlog.Security","severity":10,"provider":"Microsoft-Windows-Security-Auditing","original":"{\"time\":\"2014-01-25T16:17:39.617429Z\",\"host\":\"IACIS-HDD-2014\",\"message\":\"An account was successfully logged on\",\"severity\":10,\"sequence\":\"2045\",\"source\":\"eventlog\",\"category\":\"Security\",\"service\":\"Microsoft-Windows-Security-Auditing\",\"fields\":{\"AuthenticationPackageName\":\"Negotiate\",\"Channel\":\"Security\",\"Computer\":\"IACIS-HDD-2014\",\"EventID\":\"4624\",\"EventRecordID\":\"2045\",\"IpAddress\":\"-\",\"IpPort\":\"-\",\"KeyLength\":\"0\",\"Keywords\":\"9232379236109516800\",\"Level\":\"0\",\"LmPackageName\":\"-\",\"LogonGuid\":\"00000000-0000-0000-0000-000000000000\",\"LogonProcessName\":\"Advapi  \",\"LogonType\":\"5\",\"Opcode\":\"0\",\"ProcessID\":\"512\",\"ProcessId\":\"476\",\"ProcessName\":\"C:\\\\Windows\\\\System32\\\\services.exe\",\"ProviderGuid\":\"54849625-5478-4994-A5BA-3E3B0328C30D\",\"ProviderName\":\"Microsoft-Windows-Security-Auditing\",\"SubjectDomainName\":\"WORKGROUP\",\"SubjectLogonId\":\"999\",\"SubjectUserName\":\"IACIS-HDD-2014$\",\"SubjectUserSid\":\"S-1-5-18\",\"TargetDomainName\":\"NT AUTHORITY\",\"TargetLogonId\":\"999\",\"TargetUserName\":\"SYSTEM\",\"TargetUserSid\":\"S-1-5-18\",\"Task\":\"12544\",\"ThreadID\":\"1908\",\"TimeCreated\":\"2014-01-25T16:17:39.617428779Z\",\"TransmittedServices\":\"-\",\"Version\":\"0\",\"WorkstationName\":\"\"}}","hash":"eff8c1f015cbe49d","code":"4624"},"labels":{"AuthenticationPackageName":"Negotiate","Channel":"Security","Computer":"IACIS-HDD-2014","EventID":"4624","EventRecordID":"2045","IpAddress":"-","IpPort":"-","KeyLength":"0","Keywords":"9232379236109516800","Level":"0","LmPackageName":"-","LogonGuid":"00000000-0000-0000-0000-000000000000","LogonProcessName":"Advapi  ","LogonType":"5","Opcode":"0","ProcessID":"512","ProcessId":"476","ProcessName":"C:\\Windows\\System32\\services.exe","ProviderGuid":"54849625-5478-4994-A5BA-3E3B0328C30D","ProviderName":"Microsoft-Windows-Security-Auditing","SubjectDomainName":"WORKGROUP","SubjectLogonId":"999","SubjectUserName":"IACIS-HDD-2014$","SubjectUserSid":"S-1-5-18","TargetDomainName":"NT AUTHORITY","TargetLogonId":"999","TargetUserName":"SYSTEM","TargetUserSid":"S-1-5-18","Task":"12544","ThreadID":"1908","TimeCreated":"2014-01-25T16:17:39.617428779Z","TransmittedServices":"-","Version":"0","WorkstationName":""},"@timestamp":"2014-01-25T16:17:39.617429Z","message":"An account was successfully logged on"}
{"ecs":{"version":"9.1.0"},"agent":{"type":"fox","version":"0.0.0"},"host":{"hostname":"IACIS-HDD-2014"},"user":{},"event":{"id":"2047","kind":"event","module":"eventlog","dataset":"eventlog.Security","severity":10,"provider":"Microsoft-Windows-Security-Auditing","original":"{\"time\":\"2014-01-25T16:19:34.645712Z\",\"host\":\"IACIS-HDD-2014\",\"message\":\"An account was successfully logged on\",\"severity\":10,\"sequence\":\"2047\",\"source\":\"eventlog\",\"category\":\"Security\",\"service\":\"Microsoft-Windows-Security-Auditing\",\"fields\":{\"AuthenticationPackageName\":\"Negotiate\",\"Channel\":\"Security\",\"Computer\":\"IACIS-HDD-2014\",\"EventID\":\"4624\",\"EventRecordID\":\"2047\",\"IpAddress\":\"-\",\"IpPort\":\"-\",\"KeyLength\":\"0\",\"Keywords\":\"9232379236109516800\",\"Level\":\"0\",\"LmPackageName\":\"-\",\"LogonGuid\":\"00000000-0000-0000-0000-000000000000\",\"LogonProcessName\":\"Advapi  \",\"LogonType\":\"5\",\"Opcode\":\"0\",\"ProcessID\":\"512\",\"ProcessId\":\"476\",\"ProcessName\":\"C:\\\\Windows\\\\System32\\\\services.exe\",\"ProviderGuid\":\"54849625-5478-4994-A5BA-3E3B0328C30D\",\"ProviderName\":\"Microsoft-Windows-Security-Auditing\",\"SubjectDomainName\":\"WORKGROUP\",\"SubjectLogonId\":\"999\",\"SubjectUserName\":\"IACIS-HDD-2014$\",\"SubjectUserSid\":\"S-1-5-18\",\"TargetDomainName\":\"NT AUTHORITY\",\"TargetLogonId\":\"999\",\"TargetUserName\":\"SYSTEM\",\"TargetUserSid\":\"S-1-5-18\",\"Task\":\"12544\",\"ThreadID\":\"1908\",\"TimeCreated\":\"2014-01-25T16:19:34.645711898Z\",\"TransmittedServices\":\"-\",\"Version\":\"0\",\"WorkstationName\":\"\"}}","hash":"721b82abda6623fd","code":"4624"},"labels":{"AuthenticationPackageName":"Negotiate","Channel":"Security","Computer":"IACIS-HDD-2014","EventID":"4624","EventRecordID":"2047","IpAddress":"-","IpPort":"-","KeyLength":"0","Keywords":"9232379236109516800","Level":"0","LmPackageName":"-","LogonGuid":"00000000-0000-0000-0000-000000000000","LogonProcessName":"Advapi  ","LogonType":"5","Opcode":"0","ProcessID":"512","ProcessId":"476","ProcessName":"C:\\Windows\\System32\\services.exe","ProviderGuid":"54849625-5478-4994-A5BA-3E3B0328C30D","ProviderName":"Microsoft-Windows-Security-Auditing","SubjectDomainName":"WORKGROUP","SubjectLogonId":"999","SubjectUserName":"IACIS-HDD-2014$","SubjectUserSid":"S-1-5-18","TargetDomainName":"NT AUTHORITY","TargetLogonId":"999","TargetUserName":"SYSTEM","TargetUserSid":"S-1-5-18","Task":"12544","ThreadID":"1908","TimeCreated":"2014-01-25T16:19:34.645711898Z","TransmittedServices":"-","Version":"0","WorkstationName":""},"@timestamp":"2014-01-25T16:19:34.645712Z","message":"An account was successfully logged on"}
{"ecs":{"version":"9.1.0"},"agent":{"type":"fox","version":"0.0.0"},"host":{"hostname":"IACIS-HDD-2014"},"user":{},"event":{"id":"2048","kind":"event","module":"eventlog","dataset":"eventlog.Security","severity":10,"provider":"Microsoft-Windows-Security-Auditing","original":"{\"time\":\"2014-01-25T16:19:34.645712Z\",\"host\":\"IACIS-HDD-2014\",\"message\":\"Special privileges assigned to new logon\",\"severity\":10,\"sequence\":\"2048\",\"source\":\"eventlog\",\"category\":\"Security\",\"service\":\"Microsoft-Windows-Security-Auditing\",\"fields\":{\"Channel\":\"Security\",\"Computer\":\"IACIS-HDD-2014\",\"EventID\":\"4672\",\"EventRecordID\":\"2048\",\"Keywords\":\"9232379236109516800\",\"Level\":\"0\",\"Opcode\":\"0\",\"PrivilegeList\":\"SeAssignPrimaryTokenPrivilege\\r\\n\\t\\t\\tSeTcbPrivilege\\r\\n\\t\\t\\tSeSecurityPrivilege\\r\\n\\t\\t\\tSeTakeOwnershipPrivilege\\r\\n\\t\\t\\tSeLoadDriverPrivilege\\r\\n\\t\\t\\tSeBackupPrivilege\\r\\n\\t\\t\\tSeRestorePrivilege\\r\\n\\t\\t\\tSeDebugPrivilege\\r\\n\\t\\t\\tSeAuditPrivilege\\r\\n\\t\\t\\tSeSystemEnvironmentPrivilege\\r\\n\\t\\t\\tSeImpersonatePrivilege\",\"ProcessID\":\"512\",\"ProviderGuid\":\"54849625-5478-4994-A5BA-3E3B0328C30D\",\"ProviderName\":\"Microsoft-Windows-Security-Auditing\",\"SubjectDomainName\":\"NT AUTHORITY\",\"SubjectLogonId\":\"999\",\"SubjectUserName\":\"SYSTEM\",\"SubjectUserSid\":\"S-1-5-18\",\"Task\":\"12548\",\"ThreadID\":\"1908\",\"TimeCreated\":\"2014-01-25T16:19:34.645711898Z\",\"Version\":\"0\"}}","hash":"1480621744418df2","code":"4672"},"labels":{"Channel":"Security","Computer":"IACIS-HDD-2014","EventID":"4672","EventRecordID":"2048","Keywords":"9232379236109516800","Level":"0","Opcode":"0","PrivilegeList":"SeAssignPrimaryTokenPrivilege\r\n\t\t\tSeTcbPrivilege\r\n\t\t\tSeSecurityPrivilege\r\n\t\t\tSeTakeOwnershipPrivilege\r\n\t\t\tSeLoadDriverPrivilege\r\n\t\t\tSeBackupPrivilege\r\n\t\t\tSeRestorePrivilege\r\n\t\t\tSeDebugPrivilege\r\n\t\t\tSeAuditPrivilege\r\n\t\t\tSeSystemEnvironmentPrivilege\r\n\t\t\tSeImpersonatePrivilege","ProcessID":"512","ProviderGuid":"54849625-5478-4994-A5BA-3E3B0328C30D","ProviderName":"Microsoft-Windows-Security-Auditing","SubjectDomainName":"NT AUTHORITY","SubjectLogonId":"999","SubjectUserName":"SYSTEM","SubjectUserSid":"S-1-5-18","Task":"12548","ThreadID":"1908","TimeCreated":"2014-01-25T16:19:34.645711898Z","Version":"0"},"@timestamp":"2014-01-25T16:19:34.645712Z","message":"Special privileges assigned to new logon"}
{"ecs":{"version":"9.1.0"},"agent":{"type":"fox","version":"0.0.0"},"host":{"hostname":"IACIS-HDD-2014"},"user":{},"event":{"id":"2049","kind":"event","module":"eventlog","dataset":"eventlog.Security","severity":10,"provider":"Microsoft-Windows-Security-Auditing","original":"{\"time\":\"2014-01-25T16:24:44.8990569Z\",\"host\":\"IACIS-HDD-2014\",\"message\":\"An account was successfully logged on\",\"severity\":10,\"sequence\":\"2049\",\"source\":\"eventlog\",\"category\":\"Security\",\"service\":\"Microsoft-Windows-Security-Auditing\",\"fields\":{\"AuthenticationPackageName\":\"Negotiate\",\"Channel\":\"Security\",\"Computer\":\"IACIS-HDD-2014\",\"EventID\":\"4624\",\"EventRecordID\":\"2049\",\"IpAddress\":\"-\",\"IpPort\":\"-\",\"KeyLength\":\"0\",\"Keywords\":\"9232379236109516800\",\"Level\":\"0\",\"LmPackageName\":\"-\",\"LogonGuid\":\"00000000-0000-0000-0000-000000000000\",\"LogonProcessName\":\"Advapi  \",\"LogonType\":\"5\",\"Opcode\":\"0\",\"ProcessID\":\"512\",\"ProcessId\":\"476\",\"ProcessName\":\"C:\\\\Windows\\\\System32\\\\services.exe\",\"ProviderGuid\":\"54849625-5478-4994-A5BA-3E3B0328C30D\",\"ProviderName\":\"Microsoft-Windows-Security-Auditing\",\"SubjectDomainName\":\"WORKGROUP\",\"SubjectLogonId\":\"999\",\"SubjectUserName\":\"IACIS-HDD-2014$\",\"SubjectUserSid\":\"S-1-5-18\",\"TargetDomainName\":\"NT AUTHORITY\",\"TargetLogonId\":\"999\",\"TargetUserName\":\"SYSTEM\",\"TargetUserSid\":\"S-1-5-18\",\"Task\":\"12544\",\"ThreadID\":\"252\",\"TimeCreated\":\"2014-01-25T16:24:44.899057626Z\",\"TransmittedServices\":\"-\",\"Version\":\"0\",\"WorkstationName\":\"\"}}","hash":"14c286f53a642ab4","code":"4624"},"labels":{"AuthenticationPackageName":"Negotiate","Channel":"Security","Computer":"IACIS-HDD-2014","EventID":"4624","EventRecordID":"2049","IpAddress":"-","IpPort":"-","KeyLength":"0","Keywords":"9232379236109516800","Level":"0","LmPackageName":"-","LogonGuid":"00000000-0000-0000-0000-000000000000","LogonProcessName":"Advapi  ","LogonType":"5","Opcode":"0","ProcessID":"512","ProcessId":"476","ProcessName":"C:\\Windows\\System32\\services.exe","ProviderGuid":"54849625-5478-4994-A5BA-3E3B0328C30D","ProviderName":"Microsoft-Windows-Security-Auditing","SubjectDomainName":"WORKGROUP","SubjectLogonId":"999","SubjectUserName":"IACIS-HDD-2014$","SubjectUserSid":"S-1-5-18","TargetDomainName":"NT AUTHORITY","TargetLogonId":"999","TargetUserName":"SYSTEM","TargetUserSid":"S-1-5-18","Task":"12544","ThreadID":"252","TimeCreated":"2014-01-25T16:24:44.899057626Z","TransmittedServices":"-","Version":"0","WorkstationName":""},"@timestamp":"2014-01-25T16:24:44.8990569Z","message":"An account was successfully logged on"}
{"ecs":{"version":"9.1.0"},"agent":{"type":"fox","version":"0.0.0"},"host":{"hostname":"IACIS-HDD-2014"},"user":{},"event":{"id":"2050","kind":"event","module":"eventlog","dataset":"eventlog.Security","severity":10,"provider":"Microsoft-Windows-Security-Auditing","original":"{\"time\":\"2014-01-25T16:24:44.8990569Z\",\"host\":\"IACIS-HDD-2014\",\"message\":\"Special privileges assigned to new logon\",\"severity\":10,\"sequence\":\"2050\",\"source\":\"eventlog\",\"category\":\"Security\",\"service\":\"Microsoft-Windows-Security-Auditing\",\"fields\":{\"Channel\":\"Security\",\"Computer\":\"IACIS-HDD-2014\",\"EventID\":\"4672\",\"EventRecordID\":\"2050\",\"Keywords\":\"9232379236109516800\",\"Level\":\"0\",\"Opcode\":\"0\",\"PrivilegeList\":\"SeAssignPrimaryTokenPrivilege\\r\\n\\t\\t\\tSeTcbPrivilege\\r\\n\\t\\t\\tSeSecurityPrivilege\\r\\n\\t\\t\\tSeTakeOwnershipPrivilege\\r\\n\\t\\t\\tSeLoadDriverPrivilege\\r\\n\\t\\t\\tSeBackupPrivilege\\r\\n\\t\\t\\tSeRestorePrivilege\\r\\n\\t\\t\\tSeDebugPrivilege\\r\\n\\t\\t\\tSeAuditPrivilege\\r\\n\\t\\t\\tSeSystemEnvironmentPrivilege\\r\\n\\t\\t\\tSeImpersonatePrivilege\",\"ProcessID\":\"512\",\"ProviderGuid\":\"54849625-5478-4994-A5BA-3E3B0328C30D\",\"ProviderName\":\"Microsoft-Windows-Security-Auditing\",\"SubjectDomainName\":\"NT AUTHORITY\",\"SubjectLogonId\":\"999\",\"SubjectUserName\":\"SYSTEM\",\"SubjectUserSid\":\"S-1-5-18\",\"Task\":\"12548\",\"ThreadID\":\"252\",\"TimeCreated\":\"2014-01-25T16:24:44.899057626Z\",\"Version\":\"0\"}}","hash":"fbec03dc9c619e67","code":"4672"},"labels":{"Channel":"Security","Computer":"IACIS-HDD-2014","EventID":"4672","EventRecordID":"2050","Keywords":"9232379236109516800","Level":"0","Opcode":"0","PrivilegeList":"SeAssignPrimaryTokenPrivilege\r\n\t\t\tSeTcbPrivilege\r\n\t\t\tSeSecurityPrivilege\r\n\t\t\tSeTakeOwnershipPrivilege\r\n\t\t\tSeLoadDriverPrivilege\r\n\t\t\tSeBackupPrivilege\r\n\t\t\tSeRestorePrivilege\r\n\t\t\tSeDebugPrivilege\r\n\t\t\tSeAuditPrivilege\r\n\t\t\tSeSystemEnvironmentPrivilege\r\n\t\t\tSeImpersonatePrivilege","ProcessID":"512","ProviderGuid":"54849625-5478-4994-A5BA-3E3B0328C30D","ProviderName":"Microsoft-Windows-Security-Auditing","SubjectDomainName":"NT AUTHORITY","SubjectLogonId":"999","SubjectUserName":"SYSTEM","SubjectUserSid":"S-1-5-18","Task":"12548","ThreadID":"252","TimeCreated":"2014-01-25T16:24:44.899057626Z","Version":"0"},"@timestamp":"2014-01-25T16:24:44.8990569Z","message":"Special privileges assigned to new logon"}
{"ecs":{"version":"9.1.0"},"agent":{"type":"fox","version":"0.0.0"},"host":{"hostname":"IACIS-HDD-2014"},"user":{},"event":{"id":"2051","kind":"event","module":"eventlog","dataset":"eventlog.Security","severity":10,"provider":"Microsoft-Windows-Security-Auditing","original":"{\"time\":\"2014-01-25T16:24:46.4278596Z\",\"host\":\"IACIS-HDD-2014\",\"message\":\"An account was successfully logged on\",\"severity\":10,\"sequence\":\"2051\",\"source\":\"eventlog\",\"category\":\"Security\",\"service\":\"Microsoft-Windows-Security-Auditing\",\"fields\":{\"AuthenticationPackageName\":\"Negotiate\",\"Channel\":\"Security\",\"Computer\":\"IACIS-HDD-2014\",\"EventID\":\"4624\",\"EventRecordID\":\"2051\",\"IpAddress\":\"-\",\"IpPort\":\"-\",\"KeyLength\":\"0\",\"Keywords\":\"9232379236109516800\",\"Level\":\"0\",\"LmPackageName\":\"-\",\"LogonGuid\":\"00000000-0000-0000-0000-000000000000\",\"LogonProcessName\":\"Advapi  \",\"LogonType\":\"5\",\"Opcode\":\"0\",\"ProcessID\":\"512\",\"ProcessId\":\"476\",\"ProcessName\":\"C:\\\\Windows\\\\System32\\\\services.exe\",\"ProviderGuid\":\"54849625-5478-4994-A5BA-3E3B0328C30D\",\"ProviderName\":\"Microsoft-Windows-Security-Auditing\",\"SubjectDomainName\":\"WORKGROUP\",\"SubjectLogonId\":\"999\",\"SubjectUserName\":\"IACIS-HDD-2014$\",\"SubjectUserSid\":\"S-1-5-18\",\"TargetDomainName\":\"NT AUTHORITY\",\"TargetLogonId\":\"999\",\"TargetUserName\":\"SYSTEM\",\"TargetUserSid\":\"S-1-5-18\",\"Task\":\"12544\",\"ThreadID\":\"2712\",\"TimeCreated\":\"2014-01-25T16:24:46.427859306Z\",\"TransmittedServices\":\"-\",\"Version\":\"0\",\"WorkstationName\":\"\"}}","hash":"038efd5e9b8eae72","code":"4624"},"labels":{"AuthenticationPackageName":"Negotiate","Channel":"Security","Computer":"IACIS-HDD-2014","EventID":"4624","EventRecordID":"2051","IpAddress":"-","IpPort":"-","KeyLength":"0","Keywords":"9232379236109516800","Level":"0","LmPackageName":"-","LogonGuid":"00000000-0000-0000-0000-000000000000","LogonProcessName":"Advapi  ","LogonType":"5","Opcode":"0","ProcessID":"512","ProcessId":"476","ProcessName":"C:\\Windows\\System32\\services.exe","ProviderGuid":"54849625-5478-4994-A5BA-3E3B0328C30D","ProviderName":"Microsoft-Windows-Security-Auditing","SubjectDomainName":"WORKGROUP","SubjectLogonId":"999","SubjectUserName":"IACIS-HDD-2014$","SubjectUserSid":"S-1-5-18","TargetDomainName":"NT AUTHORITY","TargetLogonId":"999","TargetUserName":"SYSTEM","TargetUserSid":"S-1-5-18","Task":"12544","ThreadID":"2712","TimeCreated":"2014-01-25T16:24:46.427859306Z","TransmittedServices":"-","Version":"0","WorkstationName":""},"@timestamp":"2014-01-25T16:24:46.4278596Z","message":"An account was successfully logged on"}
{"ecs":{"version":"9.1.0"},"agent":{"type":"fox","version":"0.0.0"},"host":{"hostname":"IACIS-HDD-2014"},"user":{},"event":{"id":"2052","kind":"event","module":"eventlog","dataset":"eventlog.Security","severity":10,"provider":"Microsoft-Windows-Security-Auditing","original":"{\"time\":\"2014-01-25T16:24:46.4278596Z\",\"host\":\"IACIS-HDD-2014\",\"message\":\"Special privileges assigned to new logon\",\"severity\":10,\"sequence\":\"2052\",\"source\":\"eventlog\",\"category\":\"Security\",\"service\":\"Microsoft-Windows-Security-Auditing\",\"fields\":{\"Channel\":\"Security\",\"Computer\":\"IACIS-HDD-2014\",\"EventID\":\"4672\",\"EventRecordID\":\"2052\",\"Keywords\":\"9232379236109516800\",\"Level\":\"0\",\"Opcode\":\"0\",\"PrivilegeList\":\"SeAssignPrimaryTokenPrivilege\\r\\n\\t\\t\\tSeTcbPrivilege\\r\\n\\t\\t\\tSeSecurityPrivilege\\r\\n\\t\\t\\tSeTakeOwnershipPrivilege\\r\\n\\t\\t\\tSeLoadDriverPrivilege\\r\\n\\t\\t\\tSeBackupPrivilege\\r\\n\\t\\t\\tSeRestorePrivilege\\r\\n\\t\\t\\tSeDebugPrivilege\\r\\n\\t\\t\\tSeAuditPrivilege\\r\\n\\t\\t\\tSeSystemEnvironmentPrivilege\\r\\n\\t\\t\\tSeImpersonatePrivilege\",\"ProcessID\":\"512\",\"ProviderGuid\":\"54849625-5478-4994-A5BA-3E3B0328C30D\",\"ProviderName\":\"Microsoft-Windows-Security-Auditing\",\"SubjectDomainName\":\"NT AUTHORITY\",\"SubjectLogonId\":\"999\",\"SubjectUserName\":\"SYSTEM\",\"SubjectUserSid\":\"S-1-5-18\",\"Task\":\"12548\",\"ThreadID\":\"2712\",\"TimeCreated\":\"2014-01-25T16:24:46.427859306Z\",\"Version\":\"0\"}}","hash":"06dec16a8454880d","code":"4672"},"labels":{"Channel":"Security","Computer":"IACIS-HDD-2014","EventID":"4672","EventRecordID":"2052","Keywords":"9232379236109516800","Level":"0","Opcode":"0","PrivilegeList":"SeAssignPrimaryTokenPrivilege\r\n\t\t\tSeTcbPrivilege\r\n\t\t\tSeSecurityPrivilege\r\n\t\t\tSeTakeOwnershipPrivilege\r\n\t\t\tSeLoadDriverPrivilege\r\n\t\t\tSeBackupPrivilege\r\n\t\t\tSeRestorePrivilege\r\n\t\t\tSeDebugPrivilege\r\n\t\t\tSeAuditPrivilege\r\n\t\t\tSeSystemEnvironmentPrivilege\r\n\t\t\tSeImpersonatePrivilege","ProcessID":"512","ProviderGuid":"54849625-5478-4994-A5BA-3E3B0328C30D","ProviderName":"Microsoft-Windows-Security-Auditing","SubjectDomainName":"NT AUTHORITY","SubjectLogonId":"999","SubjectUserName":"SYSTEM","SubjectUserSid":"S-1-5-18","Task":"12548","ThreadID":"2712","TimeCreated":"2014-01-25T16:24:46.427859306Z","Version":"0"},"@timestamp":"2014-01-25T16:24:46.4278596Z","message":"Special privileges assigned to new logon"}
{"ecs":{"version":"9.1.0"},"agent":{"type":"fox","version":"0.0.0"},"host":{"hostname":"IACIS-HDD-2014"},"user":{},"event":{"id":"2054","kind":"event","module":"eventlog","dataset":"eventlog.Security","severity":10,"provider":"Microsoft-Windows-Security-Auditing","original":"{\"time\":\"2014-01-25T16:25:26.51993Z\",\"host\":\"IACIS-HDD-2014\",\"message\":\"An attempt was made to unregister a security event source\",\"severity\":10,\"sequence\":\"2054\",\"source\":\"eventlog\",\"category\":\"Security\",\"service\":\"Microsoft-Windows-Security-Auditing\",\"fields\":{\"AuditSourceName\":\"VSSAudit\",\"Channel\":\"Security\",\"Computer\":\"IACIS-HDD-2014\",\"EventID\":\"4905\",\"EventRecordID\":\"2054\",\"EventSourceId\":\"2829328\",\"Keywords\":\"9232379236109516800\",\"Level\":\"0\",\"Opcode\":\"0\",\"ProcessID\":\"512\",\"ProcessId\":\"1164\",\"ProcessName\":\"C:\\\\Windows\\\\System32\\\\VSSVC.exe\",\"ProviderGuid\":\"54849625-5478-4994-A5BA-3E3B0328C30D\",\"ProviderName\":\"Microsoft-Windows-Security-Auditing\",\"SubjectDomainName\":\"WORKGROUP\",\"SubjectLogonId\":\"999\",\"SubjectUserName\":\"IACIS-HDD-2014$\",\"SubjectUserSid\":\"S-1-5-18\",\"Task\":\"13568\",\"ThreadID\":\"2712\",\"TimeCreated\":\"2014-01-25T16:25:26.519929647Z\",\"Version\":\"0\"}}","hash":"357b3a70a880d759","code":"4905"},"labels":{"AuditSourceName":"VSSAudit","Channel":"Security","Computer":"IACIS-HDD-2014","EventID":"4905","EventRecordID":"2054","EventSourceId":"2829328","Keywords":"9232379236109516800","Level":"0","Opcode":"0","ProcessID":"512","ProcessId":"1164","ProcessName":"C:\\Windows\\System32\\VSSVC.exe","ProviderGuid":"54849625-5478-4994-A5BA-3E3B0328C30D","ProviderName":"Microsoft-Windows-Security-Auditing","SubjectDomainName":"WORKGROUP","SubjectLogonId":"999","SubjectUserName":"IACIS-HDD-2014$","SubjectUserSid":"S-1-5-18","Task":"13568","ThreadID":"2712","TimeCreated":"2014-01-25T16:25:26.519929647Z","Version":"0"},"@timestamp":"2014-01-25T16:25:26.51993Z","message":"An attempt was made to unregister a security event source"}
{"ecs":{"version":"9.1.0"},"agent":{"type":"fox","version":"0.0.0"},"host":{"hostname":"IACIS-HDD-2014"},"user":{},"event":{"id":"2053","kind":"event","module":"eventlog","dataset":"eventlog.Security","severity":10,"provider":"Microsoft-Windows-Security-Auditing","original":"{\"time\":\"2014-01-25T16:25:26.51993Z\",\"host\":\"IACIS-HDD-2014\",\"message\":\"An attempt was made to register a security event source\",\"severity\":10,\"sequence\":\"2053\",\"source\":\"eventlog\",\"category\":\"Security\",\"service\":\"Microsoft-Windows-Security-Auditing\",\"fields\":{\"AuditSourceName\":\"VSSAudit\",\"Channel\":\"Security\",\"Computer\":\"IACIS-HDD-2014\",\"EventID\":\"4904\",\"EventRecordID\":\"2053\",\"EventSourceId\":\"2829328\",\"Keywords\":\"9232379236109516800\",\"Level\":\"0\",\"Opcode\":\"0\",\"ProcessID\":\"512\",\"ProcessId\":\"1164\",\"ProcessName\":\"C:\\\\Windows\\\\System32\\\\VSSVC.exe\",\"ProviderGuid\":\"54849625-5478-4994-A5BA-3E3B0328C30D\",\"ProviderName\":\"Microsoft-Windows-Security-Auditing\",\"SubjectDomainName\":\"WORKGROUP\",\"SubjectLogonId\":\"999\",\"SubjectUserName\":\"IACIS-HDD-2014$\",\"SubjectUserSid\":\"S-1-5-18\",\"Task\":\"13568\",\"ThreadID\":\"2712\",\"TimeCreated\":\"2014-01-25T16:25:26.519929647Z\",\"Version\":\"0\"}}","hash":"01f8246846aaa341","code":"4904"},"labels":{"AuditSourceName":"VSSAudit","Channel":"Security","Computer":"IACIS-HDD-2014","EventID":"4904","EventRecordID":"2053","EventSourceId":"2829328","Keywords":"9232379236109516800","Level":"0","Opcode":"0","ProcessID":"512","ProcessId":"1164","ProcessName":"C:\\Windows\\System32\\VSSVC.exe","ProviderGuid":"54849625-5478-4994-A5BA-3E3B0328C30D","ProviderName":"Microsoft-Windows-Security-Auditing","SubjectDomainName":"WORKGROUP","SubjectLogonId":"999","SubjectUserName":"IACIS-HDD-2014$","SubjectUserSid":"S-1-5-18","Task":"13568","ThreadID":"2712","TimeCreated":"2014-01-25T16:25:26.519929647Z","Version":"0"},"@timestamp":"2014-01-25T16:25:26.51993Z","message":"An attempt was made to register a security event source"}
