{"time":"2018-01-03T11:16:47.5440273Z","host":"IE11WIN8_1","message":"The operating system is shutting down at system time $1","severity":3,"sequence":"758","source":"eventlog","category":"System","service":"Microsoft-Windows-Kernel-General","fields":{"Channel":"System","Computer":"IE11WIN8_1","DataName":"StopTime","DataValue":"2018-01-03T11:16:47.54402709Z","EventID":"13","EventRecordID":"758","Keywords":"9223372036854775808","Level":"4","Opcode":"0","ProcessID":"4","ProviderGuid":"A68CA8B7-004F-D7B6-A698-07E2DE0F1F5D","ProviderName":"Microsoft-Windows-Kernel-General","Task":"0","ThreadID":"172","TimeCreated":"2018-01-03T11:16:47.54402709Z","Version":"0"}}
{"time":"2018-01-03T11:16:54.8278886Z","host":"IE11WIN8_1","user":"S-1-5-18","message":"The last shutdown's success status was $1","severity":3,"sequence":"760","source":"eventlog","category":"System","service":"Microsoft-Windows-Kernel-Boot","fields":{"Channel":"System","Computer":"IE11WIN8_1","EventID":"20","EventRecordID":"760","Keywords":"9223372036854775808","LastBootGood":"true","LastShutdownGood":"true","Level":"4","Opcode":"0","ProcessID":"4","ProviderGuid":"15CA44FF-4D7A-4BAA-BBA5-0998955E531E","ProviderName":"Microsoft-Windows-Kernel-Boot","Task":"0","ThreadID":"8","TimeCreated":"2018-01-03T11:16:54.827888011Z","UserID":"S-1-5-18","Version":"0"}}
{"time":"2018-01-03T11:16:54.8278886Z","host":"IE11WIN8_1","user":"S-1-5-18","message":"The operating system started at system time $7","severity":3,"sequence":"759","source":"eventlog","category":"System","service":"Microsoft-Windows-Kernel-General","fields":{"BootMode":"0","BuildVersion":"9600","Channel":"System","Computer":"IE11WIN8_1","EventID":"12","EventRecordID":"759","Keywords":"9223372036854775808","Level":"4","MajorVersion":"6","MinorVersion":"3","Opcode":"0","ProcessID":"4","ProviderGuid":"A68CA8B7-004F-D7B6-A698-07E2DE0F1F5D","ProviderName":"Microsoft-Windows-Kernel-General","QfeVersion":"18821","ServiceVersion":"0","StartTime":"2018-01-03T11:16:54.499643087Z","Task":"0","ThreadID":"8","TimeCreated":"2018-01-03T11:16:54.827888011Z","UserID":"S-1-5-18","Version":"0"}}
{"time":"2018-01-03T11:16:54.8278886Z","host":"IE11WIN8_1","user":"S-1-5-18","message":"There are $1 boot options on this system","severity":3,"sequence":"762","source":"eventlog","category":"System","service":"Microsoft-Windows-Kernel-Boot","fields":{"Channel":"System","Computer":"IE11WIN8_1","DataName":"EntryCount","DataValue":"1","EventID":"18","EventRecordID":"762","Keywords":"9223372036854775808","Level":"4","Opcode":"0","ProcessID":"4","ProviderGuid":"15CA44FF-4D7A-4BAA-BBA5-0998955E531E","ProviderName":"Microsoft-Windows-Kernel-Boot","Task":"0","ThreadID":"8","TimeCreated":"2018-01-03T11:16:54.827888011Z","UserID":"S-1-5-18","Version":"0"}}
{"time":"2018-01-03T11:16:54.8278886Z","host":"IE11WIN8_1","user":"S-1-5-18","message":"The bootmgr spent $1 ms waiting for user input","severity":3,"sequence":"763","source":"eventlog","category":"System","service":"Microsoft-Windows-Kernel-Boot","fields":{"Channel":"System","Computer":"IE11WIN8_1","DataName":"BitlockerUserInputTime","DataValue":"0","EventID":"32","EventRecordID":"763","Keywords":"9223372036854775808","Level":"4","Opcode":"0","ProcessID":"4","ProviderGuid":"15CA44FF-4D7A-4BAA-BBA5-0998955E531E","ProviderName":"Microsoft-Windows-Kernel-Boot","Task":"0","ThreadID":"8","TimeCreated":"2018-01-03T11:16:54.827888011Z","UserID":"S-1-5-18","Version":"0"}}
{"time":"2018-01-03T11:16:54.8278886Z","host":"IE11WIN8_1","user":"S-1-5-18","message":"The boot type was $1","severity":3,"sequence":"761","source":"eventlog","category":"System","service":"Microsoft-Windows-Kernel-Boot","fields":{"Channel":"System","Computer":"IE11WIN8_1","DataName":"BootType","DataValue":"0","EventID":"27","EventRecordID":"761","Keywords":"9223372036854775808","Level":"4","Opcode":"0","ProcessID":"4","ProviderGuid":"15CA44FF-4D7A-4BAA-BBA5-0998955E531E","ProviderName":"Microsoft-Windows-Kernel-Boot","Task":"0","ThreadID":"8","TimeCreated":"2018-01-03T11:16:54.827888011Z","UserID":"S-1-5-18","Version":"0"}}
{"time":"2018-01-03T11:16:56.624346Z","host":"IE11WIN8_1","user":"S-1-5-18","message":"File System Filter '$5' ($2.$3, $6) has successfully loaded and registered with Filter Manager","severity":3,"sequence":"764","source":"eventlog","category":"System","service":"Microsoft-Windows-FilterManager","fields":{"Channel":"System","Computer":"IE11WIN8_1","DeviceName":"FileInfo","DeviceNameLength":"8","DeviceTime":"2014-02-22T04:13:10Z","DeviceVersionMajor":"6","DeviceVersionMinor":"3","EventID":"6","EventRecordID":"764","FinalStatus":"0","Keywords":"9223372036854775808","Level":"4","Opcode":"0","ProcessID":"4","ProviderGuid":"F3C5E28E-63F6-49C7-A204-E48A1BC4B09D","ProviderName":"Microsoft-Windows-FilterManager","Task":"0","ThreadID":"8","TimeCreated":"2018-01-03T11:16:56.624345541Z","UserID":"S-1-5-18","Version":"0"}}
{"time":"2018-01-03T11:16:56.624346Z","host":"IE11WIN8_1","user":"S-1-5-18","message":"File System Filter '$5' ($2.$3, $6) has successfully loaded and registered with Filter Manager","severity":3,"sequence":"765","source":"eventlog","category":"System","service":"Microsoft-Windows-FilterManager","fields":{"Channel":"System","Computer":"IE11WIN8_1","DeviceName":"Wof","DeviceNameLength":"3","DeviceTime":"2014-03-13T00:27:29Z","DeviceVersionMajor":"6","DeviceVersionMinor":"3","EventID":"6","EventRecordID":"765","FinalStatus":"0","Keywords":"9223372036854775808","Level":"4","Opcode":"0","ProcessID":"4","ProviderGuid":"F3C5E28E-63F6-49C7-A204-E48A1BC4B09D","ProviderName":"Microsoft-Windows-FilterManager","Task":"0","ThreadID":"8","TimeCreated":"2018-01-03T11:16:56.624345541Z","UserID":"S-1-5-18","Version":"0"}}
{"time":"2018-01-03T11:16:56.624346Z","host":"IE11WIN8_1","user":"S-1-5-18","message":"File System Filter '$5' ($2.$3, $6) has successfully loaded and registered with Filter Manager","severity":3,"sequence":"766","source":"eventlog","category":"System","service":"Microsoft-Windows-FilterManager","fields":{"Channel":"System","Computer":"IE11WIN8_1","DeviceName":"WdFilter","DeviceNameLength":"8","DeviceTime":"2016-11-14T20:52:54Z","DeviceVersionMajor":"10","DeviceVersionMinor":"0","EventID":"6","EventRecordID":"766","FinalStatus":"0","Keywords":"9223372036854775808","Level":"4","Opcode":"0","ProcessID":"4","ProviderGuid":"F3C5E28E-63F6-49C7-A204-E48A1BC4B09D","ProviderName":"Microsoft-Windows-FilterManager","Task":"0","ThreadID":"8","TimeCreated":"2018-01-03T11:16:56.624345541Z","UserID":"S-1-5-18","Version":"0"}}
{"time":"2018-01-03T11:16:56.9997636Z","host":"IE11WIN8_1","user":"S-1-5-18","message":"Volume $1 ($2) $3","severity":3,"sequence":"767","source":"eventlog","category":"System","service":"Microsoft-Windows-Ntfs","fields":{"Channel":"System","Computer":"IE11WIN8_1","CorruptionActionState":"0","DeviceName":"\\Device\\HarddiskVolume1","DriveName":"C:","EventID":"98","EventRecordID":"767","Keywords":"9223372036854775810","Level":"4","Opcode":"0","ProcessID":"4","ProviderGuid":"3FF37A1C-A68D-4D6E-8C9B-F79E8B16C482","ProviderName":"Microsoft-Windows-Ntfs","Task":"0","ThreadID":"144","TimeCreated":"2018-01-03T11:16:56.99976325Z","UserID":"S-1-5-18","Version":"0"}}
{"time":"2018-01-03T11:17:04.8431822Z","host":"IE11WIN8_1","user":"S-1-5-18","message":"File System Filter '$5' ($2.$3, $6) has successfully loaded and registered with Filter Manager","severity":3,"sequence":"768","source":"eventlog","category":"System","service":"Microsoft-Windows-FilterManager","fields":{"Channel":"System","Computer":"IE11WIN8_1","DeviceName":"npsvctrig","DeviceNameLength":"9","DeviceTime":"2013-08-22T03:38:22Z","DeviceVersionMajor":"6","DeviceVersionMinor":"3","EventID":"6","EventRecordID":"768","FinalStatus":"0","Keywords":"9223372036854775808","Level":"4","Opcode":"0","ProcessID":"4","ProviderGuid":"F3C5E28E-63F6-49C7-A204-E48A1BC4B09D","ProviderName":"Microsoft-Windows-FilterManager","Task":"0","ThreadID":"8","TimeCreated":"2018-01-03T11:17:04.843182325Z","UserID":"S-1-5-18","Version":"0"}}
{"time":"2018-01-03T11:17:04.8586716Z","host":"IE11WIN8_1","message":"The system has been constrained to a periodic tick   Reason: $1","severity":3,"sequence":"769","source":"eventlog","category":"System","service":"Microsoft-Windows-Kernel-Power","fields":{"Channel":"System","Computer":"IE11WIN8_1","DataName":"Reason","DataValue":"2","EventID":"508","EventRecordID":"769","Keywords":"9223372036854775812","Level":"4","Opcode":"0","ProcessID":"4","ProviderGuid":"331C3B3A-2005-44C2-AC5E-77220C37D6B4","ProviderName":"Microsoft-Windows-Kernel-Power","Task":"159","ThreadID":"8","TimeCreated":"2018-01-03T11:17:04.858671903Z","Version":"0"}}
{"time":"2018-01-03T11:17:05.7025269Z","host":"IE11WIN8_1","user":"S-1-5-18","message":"Processor $2 in group $1 exposes the following power management capabilities:  Idle state type: $4 ($3 state(s))  Performance state type: $9 Nominal Frequency (MHz): $5 Maximum performance percentage: $6 Minimum performance percentage: $7 Minimum throttle percentage: $8","severity":3,"sequence":"770","source":"eventlog","category":"System","service":"Microsoft-Windows-Kernel-Processor-Power","fields":{"Channel":"System","Computer":"IE11WIN8_1","EventID":"55","EventRecordID":"770","Group":"0","IdleImplementation":"1","IdleStateCount":"1","Keywords":"9223372036854775808","Level":"4","MaximumPerformancePercent":"100","MinimumPerformancePercent":"100","MinimumThrottlePercent":"12","NominalFrequency":"2667","Number":"0","Opcode":"0","PerformanceImplementation":"1","ProcessID":"4","ProviderGuid":"0F67E49F-FE51-4E9F-B490-6F2948CC6027","ProviderName":"Microsoft-Windows-Kernel-Processor-Power","Task":"47","ThreadID":"264","TimeCreated":"2018-01-03T11:17:05.70252633Z","UserID":"S-1-5-18","Version":"0"}}
{"time":"2018-01-03T11:17:05.7180266Z","host":"IE11WIN8_1","user":"S-1-5-18","message":"Processor $2 in group $1 exposes the following power management capabilities:  Idle state type: $4 ($3 state(s))  Performance state type: $9 Nominal Frequency (MHz): $5 Maximum performance percentage: $6 Minimum performance percentage: $7 Minimum throttle percentage: $8","severity":3,"sequence":"771","source":"eventlog","category":"System","service":"Microsoft-Windows-Kernel-Processor-Power","fields":{"Channel":"System","Computer":"IE11WIN8_1","EventID":"55","EventRecordID":"771","Group":"0","IdleImplementation":"1","IdleStateCount":"1","Keywords":"9223372036854775808","Level":"4","MaximumPerformancePercent":"100","MinimumPerformancePercent":"100","MinimumThrottlePercent":"12","NominalFrequency":"2667","Number":"1","Opcode":"0","PerformanceImplementation":"1","ProcessID":"4","ProviderGuid":"0F67E49F-FE51-4E9F-B490-6F2948CC6027","ProviderName":"Microsoft-Windows-Kernel-Processor-Power","Task":"47","ThreadID":"264","TimeCreated":"2018-01-03T11:17:05.718027114Z","UserID":"S-1-5-18","Version":"0"}}
{"time":"2018-01-03T11:17:06Z","host":"IE11WIN8_1","message":"Undescribed event: EventLog: 754","severity":3,"sequence":"754","source":"eventlog","category":"System","service":"EventLog","fields":{"Channel":"System","Computer":"IE11WIN8_1","Data":"[6.03. 9600  Multiprocessor Free 17722]","EventIDQualifiers":"32768","EventIDValue":"6009","EventRecordID":"754","Keywords":"36028797018963968","Level":"4","ProviderName":"EventLog","Task":"0","TimeCreated":"2018-01-03T11:17:06Z"}}
{"time":"2018-01-03T11:17:06Z","host":"IE11WIN8_1","message":"Undescribed event: EventLog: 755","severity":3,"sequence":"755","source":"eventlog","category":"System","service":"EventLog","fields":{"Binary":"[226 7 1 0 3 0 3 0 11 0 17 0 6 0 96 2 0 0 0 0 0 0 0 0]","Channel":"System","Computer":"IE11WIN8_1","EventIDQualifiers":"32768","EventIDValue":"6005","EventRecordID":"755","Keywords":"36028797018963968","Level":"4","ProviderName":"EventLog","Task":"0","TimeCreated":"2018-01-03T11:17:06Z"}}
{"time":"2018-01-03T11:17:06Z","host":"IE11WIN8_1","message":"Undescribed event: EventLog: 756","severity":3,"sequence":"756","source":"eventlog","category":"System","service":"EventLog","fields":{"Binary":"[49 0 46 0 49 0 0 0 48 0 0 0 87 0 105 0 110 0 100 0 111 0 119 0 115 0 32 0 56 0 46 0 49 0 32 0 69 0 110 0 116 0 101 0 114 0 112 0 114 0 105 0 115 0 101 0 32 0 69 0 118 0 97 0 108 0 117 0 97 0 116 0 105 0 111 0 110 0 0 0 54 0 46 0 51 0 46 0 57 0 54 0 48 0 48 0 32 0 66 0 117 0 105 0 108 0 100 0 32 0 57 0 54 0 48 0 48 0 32 0 32 0 0 0 77 0 117 0 108 0 116 0 105 0 112 0 114 0 111 0 99 0 101 0 115 0 115 0 111 0 114 0 32 0 70 0 114 0 101 0 101 0 0 0 57 0 54 0 48 0 48 0 46 0 119 0 105 0 110 0 98 0 108 0 117 0 101 0 95 0 108 0 116 0 115 0 98 0 46 0 49 0 55 0 48 0 57 0 49 0 52 0 45 0 48 0 54 0 48 0 48 0 0 0 53 0 97 0 52 0 99 0 55 0 56 0 52 0 56 0 0 0 78 0 111 0 116 0 32 0 65 0 118 0 97 0 105 0 108 0 97 0 98 0 108 0 101 0 0 0 78 0 111 0 116 0 32 0 65 0 118 0 97 0 105 0 108 0 97 0 98 0 108 0 101 0 0 0 57 0 0 0 50 0 0 0 52 0 48 0 57 0 54 0 0 0 52 0 48 0 57 0 0 0 73 0 69 0 49 0 49 0 87 0 73 0 78 0 56 0 95 0 49 0 0 0 0 0]","Channel":"System","Computer":"IE11WIN8_1","Data":"[    12 60 480 Pacific Standard Time]","EventIDQualifiers":"32768","EventIDValue":"6013","EventRecordID":"756","Keywords":"36028797018963968","Level":"4","ProviderName":"EventLog","Task":"0","TimeCreated":"2018-01-03T11:17:06Z"}}
{"time":"2018-01-03T11:17:06.3119228Z","host":"IE11WIN8_1","user":"S-1-5-18","message":"Remote calls to the SAM database are being restricted using the default security descriptor: $1","severity":3,"sequence":"772","source":"eventlog","category":"System","service":"Microsoft-Windows-Directory-Services-SAM","fields":{"Channel":"System","Computer":"IE11WIN8_1","DataName":"Default SD String:","DataValue":"","EventID":"16962","EventRecordID":"772","Keywords":"9223372036854775808","Level":"4","Name":"SAMMSG_RESTRICT_REMOTE_SAM_DEFAULT_SD","Opcode":"0","ProcessID":"536","ProviderGuid":"0D4FDC09-8C27-494A-BDA0-505E4FD8ADAE","ProviderName":"Microsoft-Windows-Directory-Services-SAM","Task":"0","ThreadID":"540","TimeCreated":"2018-01-03T11:17:06.311923265Z","UserID":"S-1-5-18","Version":"0"}}
{"time":"2018-01-03T11:17:06.5465495Z","host":"IE11WIN8_1","message":"The UAC File Virtualization service failed to start due to the following error:  %%1275","severity":8,"sequence":"773","source":"eventlog","category":"System","service":"Service Control Manager","fields":{"Channel":"System","Computer":"IE11WIN8_1","EventIDQualifiers":"49152","EventIDValue":"7000","EventRecordID":"773","Keywords":"9259400833873739776","Level":"2","Opcode":"0","ProcessID":"528","ProviderEventSourceName":"Service Control Manager","ProviderGuid":"{555908d1-a6d7-4695-8e1e-26931d2012f4}","ProviderName":"Service Control Manager","Task":"0","ThreadID":"532","TimeCreated":"2018-01-03T11:17:06.546548843Z","Version":"0","param1":"UAC File Virtualization","param2":"%%1275"}}
{"time":"2018-01-03T11:17:06.8274967Z","host":"IE11WIN8_1","user":"S-1-5-19","message":"DHCPv4 client service is started","severity":3,"sequence":"774","source":"eventlog","category":"System","service":"Microsoft-Windows-Dhcp-Client","fields":{"Channel":"System","Computer":"IE11WIN8_1","EventID":"50036","EventRecordID":"774","Keywords":"2305843009213693952","Level":"4","Opcode":"68","ProcessID":"752","ProviderGuid":"15A7A4F8-0072-4EAB-ABAD-F98A4D666AED","ProviderName":"Microsoft-Windows-Dhcp-Client","Task":"4","ThreadID":"364","TimeCreated":"2018-01-03T11:17:06.827496051Z","UserID":"S-1-5-19","Version":"0"}}
{"time":"2018-01-03T11:17:06.8588183Z","host":"IE11WIN8_1","user":"S-1-5-19","message":"DHCPv6 client service is started","severity":3,"sequence":"775","source":"eventlog","category":"System","service":"Microsoft-Windows-DHCPv6-Client","fields":{"Channel":"System","Computer":"IE11WIN8_1","EventID":"51046","EventRecordID":"775","Keywords":"2305843009213693952","Level":"4","Opcode":"62","ProcessID":"752","ProviderGuid":"6A1F2B00-6A90-4C38-95A5-5CAB3B056778","ProviderName":"Microsoft-Windows-DHCPv6-Client","Task":"4","ThreadID":"436","TimeCreated":"2018-01-03T11:17:06.858817577Z","UserID":"S-1-5-19","Version":"0"}}
{"time":"2018-01-03T11:17:14.5781524Z","host":"IE11WIN8_1","user":"S-1-5-20","message":"Name resolution for the name $1 timed out after none of the configured DNS servers responded","severity":6,"sequence":"776","source":"eventlog","category":"System","service":"Microsoft-Windows-DNS-Client","fields":{"Address":"[2 0 0 0 192 168 108 2 0 0 0 0 0 0 0 0 0 0 0 0 0 0 0 0 0 0 0 0 0 0 0 0 0 0 0 0 0 0 0 0 0 0 0 0 0 0 0 0 0 0 0 0 0 0 0 0 0 0 0 0 0 0 0 0 0 0 0 0 0 0 0 0 0 0 0 0 0 0 0 0 0 0 0 0 0 0 0 0 0 0 0 0 0 0 0 0 0 0 0 0 0 0 0 0 0 0 0 0 0 0 0 0 0 0 0 0 0 0 0 0 0 0 0 0 0 0 0 0]","AddressLength":"128","Channel":"System","Computer":"IE11WIN8_1","EventID":"1014","EventRecordID":"776","Keywords":"4611686018695823360","Level":"3","Opcode":"0","ProcessID":"360","ProviderGuid":"1C95126E-7EEA-49A9-A3FE-A378B03DDB4D","ProviderName":"Microsoft-Windows-DNS-Client","QueryName":"wpad","Task":"1014","ThreadID":"1360","TimeCreated":"2018-01-03T11:17:14.578151941Z","UserID":"S-1-5-20","Version":"0"}}
{"time":"2018-01-03T11:17:17.5313202Z","host":"IE11WIN8_1","message":"The following boot-start or system-start driver(s) failed to load: $1","severity":3,"sequence":"777","source":"eventlog","category":"System","service":"Service Control Manager","fields":{"Channel":"System","Computer":"IE11WIN8_1","DataName":"param1","DataValue":"\r\ndam","EventIDQualifiers":"49152","EventIDValue":"7026","EventRecordID":"777","Keywords":"9259400833873739776","Level":"4","Opcode":"0","ProcessID":"528","ProviderEventSourceName":"Service Control Manager","ProviderGuid":"{555908d1-a6d7-4695-8e1e-26931d2012f4}","ProviderName":"Service Control Manager","Task":"0","ThreadID":"532","TimeCreated":"2018-01-03T11:17:17.531320095Z","Version":"0"}}
{"time":"2018-01-03T11:17:21.0463709Z","host":"IE11WIN8_1","user":"S-1-5-18","message":"The start type of the Windows Modules Installer service was changed from auto start to demand start","severity":3,"sequence":"778","source":"eventlog","category":"System","service":"Service Control Manager","fields":{"Channel":"System","Computer":"IE11WIN8_1","EventIDQualifiers":"16384","EventIDValue":"7040","EventRecordID":"778","Keywords":"9259400833873739776","Level":"4","Opcode":"0","ProcessID":"528","ProviderEventSourceName":"Service Control Manager","ProviderGuid":"{555908d1-a6d7-4695-8e1e-26931d2012f4}","ProviderName":"Service Control Manager","Task":"0","ThreadID":"1732","TimeCreated":"2018-01-03T11:17:21.046371221Z","UserID":"S-1-5-18","Version":"0","param1":"Windows Modules Installer","param2":"auto start","param3":"demand start","param4":"TrustedInstaller"}}
{"time":"2018-01-03T11:17:21.4055799Z","host":"IE11WIN8_1","user":"S-1-5-18","message":"User Logon Notification for Customer Experience Improvement Program","severity":3,"sequence":"779","source":"eventlog","category":"System","service":"Microsoft-Windows-Winlogon","fields":{"Channel":"System","Computer":"IE11WIN8_1","CorrelationActivityID":"67144949-5132-4859-8036-A737B43825D8","EventID":"7001","EventRecordID":"779","Keywords":"2305843009213693952","Level":"4","Opcode":"0","ProcessID":"488","ProviderGuid":"DBE9B383-7CF3-4331-91CC-A3CB16A3B538","ProviderName":"Microsoft-Windows-Winlogon","TSId":"1","Task":"1101","ThreadID":"724","TimeCreated":"2018-01-03T11:17:21.40557909Z","UserID":"S-1-5-18","UserSid":"S-1-5-21-3040204872-3082932231-1584796067-1001","Version":"0"}}
{"time":"2018-01-03T11:17:47.6868556Z","host":"IE11WIN8_1","user":"S-1-5-18","message":"Installation Successful: Windows successfully installed the following update: $1","severity":3,"sequence":"782","source":"eventlog","category":"System","service":"Microsoft-Windows-WindowsUpdateClient","fields":{"Channel":"System","Computer":"IE11WIN8_1","EventID":"19","EventRecordID":"782","Keywords":"9223372036854775832","Level":"4","Opcode":"13","ProcessID":"808","ProviderGuid":"945A8954-C147-4ACD-923F-40C45405A658","ProviderName":"Microsoft-Windows-WindowsUpdateClient","Task":"1","ThreadID":"2616","TimeCreated":"2018-01-03T11:17:47.686856031Z","UserID":"S-1-5-18","Version":"1","serviceGuid":"7971F918-A847-4430-9279-4A52D1EFE18D","updateGuid":"91E7A702-5422-4200-8827-DA87F789D158","updateRevisionNumber":"204","updateTitle":"Update for Windows 8.1 for x64-based Systems (KB3172614)"}}
{"time":"2018-01-03T11:17:47.6868556Z","host":"IE11WIN8_1","user":"S-1-5-18","message":"Installation Successful: Windows successfully installed the following update: $1","severity":3,"sequence":"780","source":"eventlog","category":"System","service":"Microsoft-Windows-WindowsUpdateClient","fields":{"Channel":"System","Computer":"IE11WIN8_1","EventID":"19","EventRecordID":"780","Keywords":"9223372036854775832","Level":"4","Opcode":"13","ProcessID":"808","ProviderGuid":"945A8954-C147-4ACD-923F-40C45405A658","ProviderName":"Microsoft-Windows-WindowsUpdateClient","Task":"1","ThreadID":"2616","TimeCreated":"2018-01-03T11:17:47.686856031Z","UserID":"S-1-5-18","Version":"1","serviceGuid":"7971F918-A847-4430-9279-4A52D1EFE18D","updateGuid":"58FF9EF5-7046-46FC-8ED4-068F4877156E","updateRevisionNumber":"202","updateTitle":"2017-11 Security and Quality Rollup for .NET Framework 3.5, 4.5.2, 4.6, 4.6.1, 4.6.2, 4.7 on Windows 8.1 and Server 2012 R2 for x64 (KB4049017)"}}
{"time":"2018-01-03T11:17:47.6868556Z","host":"IE11WIN8_1","user":"S-1-5-18","message":"Installation Successful: Windows successfully installed the following update: $1","severity":3,"sequence":"783","source":"eventlog","category":"System","service":"Microsoft-Windows-WindowsUpdateClient","fields":{"Channel":"System","Computer":"IE11WIN8_1","EventID":"19","EventRecordID":"783","Keywords":"9223372036854775832","Level":"4","Opcode":"13","ProcessID":"808","ProviderGuid":"945A8954-C147-4ACD-923F-40C45405A658","ProviderName":"Microsoft-Windows-WindowsUpdateClient","Task":"1","ThreadID":"2616","TimeCreated":"2018-01-03T11:17:47.686856031Z","UserID":"S-1-5-18","Version":"1","serviceGuid":"7971F918-A847-4430-9279-4A52D1EFE18D","updateGuid":"9582F23E-D390-4FF3-A836-635D43A13EFD","updateRevisionNumber":"200","updateTitle":"Security Update for Windows 8.1 for x64-based Systems (KB3042058)"}}
{"time":"2018-01-03T11:17:47.6868556Z","host":"IE11WIN8_1","user":"S-1-5-18","message":"Installation Successful: Windows successfully installed the following update: $1","severity":3,"sequence":"781","source":"eventlog","category":"System","service":"Microsoft-Windows-WindowsUpdateClient","fields":{"Channel":"System","Computer":"IE11WIN8_1","EventID":"19","EventRecordID":"781","Keywords":"9223372036854775832","Level":"4","Opcode":"13","ProcessID":"808","ProviderGuid":"945A8954-C147-4ACD-923F-40C45405A658","ProviderName":"Microsoft-Windows-WindowsUpdateClient","Task":"1","ThreadID":"2616","TimeCreated":"2018-01-03T11:17:47.686856031Z","UserID":"S-1-5-18","Version":"1","serviceGuid":"7971F918-A847-4430-9279-4A52D1EFE18D","updateGuid":"DC4EB637-5391-4CA8-8F08-98584D61EFFA","updateRevisionNumber":"201","updateTitle":"2017-09 Security and Quality Rollup for .NET Framework 3.5, 4.5.2, 4.6, 4.6.1, 4.6.2, 4.7 on Windows 8.1 and Server 2012 R2 for x64 (KB4041085)"}}
{"time":"2018-01-03T11:21:03.6712799Z","host":"IE11WIN8_1","user":"S-1-5-21-3040204872-3082932231-1584796067-1001","message":"The process C:\\Windows\\system32\\wbem\\wmiprvse.exe (IE11WIN8_1) has initiated the restart of computer IE11WIN8_1 on behalf of user IE11WIN8_1\\IEUser for the following reason: No title for this reason could be found  Reason Code: 0x80070015  Shutdown Type: restart  Comment: ","severity":3,"sequence":"784","source":"eventlog","category":"System","service":"User32","fields":{"Channel":"System","Computer":"IE11WIN8_1","EventIDQualifiers":"32768","EventIDValue":"1074","EventRecordID":"784","Keywords":"9259400833873739776","Level":"4","Opcode":"0","ProcessID":"384","ProviderEventSourceName":"User32","ProviderGuid":"{b0aa8734-56f7-41cc-b2f4-de228e98b946}","ProviderName":"User32","Task":"0","ThreadID":"452","TimeCreated":"2018-01-03T11:21:03.671279907Z","UserID":"S-1-5-21-3040204872-3082932231-1584796067-1001","Version":"0","param1":"C:\\Windows\\system32\\wbem\\wmiprvse.exe (IE11WIN8_1)","param2":"IE11WIN8_1","param3":"No title for this reason could be found","param4":"0x80070015","param5":"restart","param6":"","param7":"IE11WIN8_1\\IEUser"}}
{"time":"2018-01-03T11:21:04.3430279Z","host":"IE11WIN8_1","user":"S-1-5-18","message":"User Logoff Notification for Customer Experience Improvement Program","severity":3,"sequence":"785","source":"eventlog","category":"System","service":"Microsoft-Windows-Winlogon","fields":{"Channel":"System","Computer":"IE11WIN8_1","CorrelationActivityID":"86432A0B-3C7D-4DDF-A89C-172FAA90485D","EventID":"7002","EventRecordID":"785","Keywords":"2305843009213693952","Level":"4","Opcode":"0","ProcessID":"488","ProviderGuid":"DBE9B383-7CF3-4331-91CC-A3CB16A3B538","ProviderName":"Microsoft-Windows-Winlogon","TSId":"1","Task":"1102","ThreadID":"724","TimeCreated":"2018-01-03T11:21:04.343027114Z","UserID":"S-1-5-18","UserSid":"S-1-5-21-3040204872-3082932231-1584796067-1001","Version":"0"}}
{"time":"2018-01-03T11:21:04.405614Z","host":"IE11WIN8_1","user":"S-1-5-18","message":"Automatic Updates is now paused","severity":3,"sequence":"786","source":"eventlog","category":"System","service":"Microsoft-Windows-WindowsUpdateClient","fields":{"Channel":"System","Computer":"IE11WIN8_1","CorrelationActivityID":"5C9B7963-8484-0001-8479-9B5C8484D301","EventID":"27","EventRecordID":"786","Keywords":"9223372036854775936","Level":"4","Opcode":"16","ProcessID":"808","ProviderGuid":"945A8954-C147-4ACD-923F-40C45405A658","ProviderName":"Microsoft-Windows-WindowsUpdateClient","Task":"1","ThreadID":"2180","TimeCreated":"2018-01-03T11:21:04.405614376Z","UserID":"S-1-5-18","Version":"0"}}
{"time":"2018-01-03T11:21:05Z","host":"IE11WIN8_1","message":"Undescribed event: EventLog: 787","severity":3,"sequence":"787","source":"eventlog","category":"System","service":"EventLog","fields":{"Binary":"[1 0 0 0 0 0 0 0]","Channel":"System","Computer":"IE11WIN8_1","EventIDQualifiers":"32768","EventIDValue":"6006","EventRecordID":"787","Keywords":"36028797018963968","Level":"4","ProviderName":"EventLog","Task":"0","TimeCreated":"2018-01-03T11:21:05Z"}}
{"time":"2018-01-03T11:21:05.0305365Z","host":"IE11WIN8_1","user":"S-1-5-19","message":"DHCPv6 client service is stopped","severity":3,"sequence":"788","source":"eventlog","category":"System","service":"Microsoft-Windows-DHCPv6-Client","fields":{"Channel":"System","Computer":"IE11WIN8_1","DataName":"DwordVal","DataValue":"1","EventID":"51047","EventRecordID":"788","Keywords":"2305843009213693952","Level":"4","Opcode":"63","ProcessID":"752","ProviderGuid":"6A1F2B00-6A90-4C38-95A5-5CAB3B056778","ProviderName":"Microsoft-Windows-DHCPv6-Client","Task":"4","ThreadID":"436","TimeCreated":"2018-01-03T11:21:05.030535936Z","UserID":"S-1-5-19","Version":"0"}}
{"time":"2018-01-03T11:21:05.0461572Z","host":"IE11WIN8_1","user":"S-1-5-19","message":"DHCPv4 client service is stopped","severity":3,"sequence":"789","source":"eventlog","category":"System","service":"Microsoft-Windows-Dhcp-Client","fields":{"Channel":"System","Computer":"IE11WIN8_1","DataName":"DwordVal","DataValue":"1","EventID":"50037","EventRecordID":"789","Keywords":"2305843009213693952","Level":"4","Opcode":"69","ProcessID":"752","ProviderGuid":"15A7A4F8-0072-4EAB-ABAD-F98A4D666AED","ProviderName":"Microsoft-Windows-Dhcp-Client","Task":"4","ThreadID":"364","TimeCreated":"2018-01-03T11:21:05.046156883Z","UserID":"S-1-5-19","Version":"0"}}
{"time":"2018-01-03T11:21:06.125096Z","host":"IE11WIN8_1","message":"The kernel power manager has initiated a shutdown transition","severity":3,"sequence":"793","source":"eventlog","category":"System","service":"Microsoft-Windows-Kernel-Power","fields":{"Channel":"System","Computer":"IE11WIN8_1","EventID":"109","EventRecordID":"793","Keywords":"9223372036854775812","Level":"4","Opcode":"0","ProcessID":"428","ProviderGuid":"331C3B3A-2005-44C2-AC5E-77220C37D6B4","ProviderName":"Microsoft-Windows-Kernel-Power","ShutdownActionType":"5","ShutdownEventCode":"0","ShutdownReason":"5","Task":"103","ThreadID":"432","TimeCreated":"2018-01-03T11:21:06.125096082Z","Version":"0"}}
{"time":"2018-01-03T11:21:06.468983Z","host":"IE11WIN8_1","message":"The operating system is shutting down at system time $1","severity":3,"sequence":"794","source":"eventlog","category":"System","service":"Microsoft-Windows-Kernel-General","fields":{"Channel":"System","Computer":"IE11WIN8_1","DataName":"StopTime","DataValue":"2018-01-03T11:21:06.468982458Z","EventID":"13","EventRecordID":"794","Keywords":"9223372036854775808","Level":"4","Opcode":"0","ProcessID":"4","ProviderGuid":"A68CA8B7-004F-D7B6-A698-07E2DE0F1F5D","ProviderName":"Microsoft-Windows-Kernel-General","Task":"0","ThreadID":"2080","TimeCreated":"2018-01-03T11:21:06.468982458Z","Version":"0"}}
{"time":"2018-01-03T11:21:13.8439065Z","host":"IE11WIN8_1","user":"S-1-5-18","message":"The operating system started at system time $7","severity":3,"sequence":"795","source":"eventlog","category":"System","service":"Microsoft-Windows-Kernel-General","fields":{"BootMode":"0","BuildVersion":"9600","Channel":"System","Computer":"IE11WIN8_1","EventID":"12","EventRecordID":"795","Keywords":"9223372036854775808","Level":"4","MajorVersion":"6","MinorVersion":"3","Opcode":"0","ProcessID":"4","ProviderGuid":"A68CA8B7-004F-D7B6-A698-07E2DE0F1F5D","ProviderName":"Microsoft-Windows-Kernel-General","QfeVersion":"18821","ServiceVersion":"0","StartTime":"2018-01-03T11:21:13.499740839Z","Task":"0","ThreadID":"8","TimeCreated":"2018-01-03T11:21:13.843907117Z","UserID":"S-1-5-18","Version":"0"}}
{"time":"2018-01-03T11:21:13.8439065Z","host":"IE11WIN8_1","user":"S-1-5-18","message":"The bootmgr spent $1 ms waiting for user input","severity":3,"sequence":"799","source":"eventlog","category":"System","service":"Microsoft-Windows-Kernel-Boot","fields":{"Channel":"System","Computer":"IE11WIN8_1","DataName":"BitlockerUserInputTime","DataValue":"0","EventID":"32","EventRecordID":"799","Keywords":"9223372036854775808","Level":"4","Opcode":"0","ProcessID":"4","ProviderGuid":"15CA44FF-4D7A-4BAA-BBA5-0998955E531E","ProviderName":"Microsoft-Windows-Kernel-Boot","Task":"0","ThreadID":"8","TimeCreated":"2018-01-03T11:21:13.843907117Z","UserID":"S-1-5-18","Version":"0"}}
{"time":"2018-01-03T11:21:13.8439065Z","host":"IE11WIN8_1","user":"S-1-5-18","message":"The last shutdown's success status was $1","severity":3,"sequence":"796","source":"eventlog","category":"System","service":"Microsoft-Windows-Kernel-Boot","fields":{"Channel":"System","Computer":"IE11WIN8_1","EventID":"20","EventRecordID":"796","Keywords":"9223372036854775808","LastBootGood":"true","LastShutdownGood":"true","Level":"4","Opcode":"0","ProcessID":"4","ProviderGuid":"15CA44FF-4D7A-4BAA-BBA5-0998955E531E","ProviderName":"Microsoft-Windows-Kernel-Boot","Task":"0","ThreadID":"8","TimeCreated":"2018-01-03T11:21:13.843907117Z","UserID":"S-1-5-18","Version":"0"}}
{"time":"2018-01-03T11:21:13.8439065Z","host":"IE11WIN8_1","user":"S-1-5-18","message":"The boot type was $1","severity":3,"sequence":"797","source":"eventlog","category":"System","service":"Microsoft-Windows-Kernel-Boot","fields":{"Channel":"System","Computer":"IE11WIN8_1","DataName":"BootType","DataValue":"0","EventID":"27","EventRecordID":"797","Keywords":"9223372036854775808","Level":"4","Opcode":"0","ProcessID":"4","ProviderGuid":"15CA44FF-4D7A-4BAA-BBA5-0998955E531E","ProviderName":"Microsoft-Windows-Kernel-Boot","Task":"0","ThreadID":"8","TimeCreated":"2018-01-03T11:21:13.843907117Z","UserID":"S-1-5-18","Version":"0"}}
{"time":"2018-01-03T11:21:13.8439065Z","host":"IE11WIN8_1","user":"S-1-5-18","message":"There are $1 boot options on this system","severity":3,"sequence":"798","source":"eventlog","category":"System","service":"Microsoft-Windows-Kernel-Boot","fields":{"Channel":"System","Computer":"IE11WIN8_1","DataName":"EntryCount","DataValue":"1","EventID":"18","EventRecordID":"798","Keywords":"9223372036854775808","Level":"4","Opcode":"0","ProcessID":"4","ProviderGuid":"15CA44FF-4D7A-4BAA-BBA5-0998955E531E","ProviderName":"Microsoft-Windows-Kernel-Boot","Task":"0","ThreadID":"8","TimeCreated":"2018-01-03T11:21:13.843907117Z","UserID":"S-1-5-18","Version":"0"}}
{"time":"2018-01-03T11:21:15.640945Z","host":"IE11WIN8_1","user":"S-1-5-18","message":"File System Filter '$5' ($2.$3, $6) has successfully loaded and registered with Filter Manager","severity":3,"sequence":"802","source":"eventlog","category":"System","service":"Microsoft-Windows-FilterManager","fields":{"Channel":"System","Computer":"IE11WIN8_1","DeviceName":"WdFilter","DeviceNameLength":"8","DeviceTime":"2016-11-14T20:52:54Z","DeviceVersionMajor":"10","DeviceVersionMinor":"0","EventID":"6","EventRecordID":"802","FinalStatus":"0","Keywords":"9223372036854775808","Level":"4","Opcode":"0","ProcessID":"4","ProviderGuid":"F3C5E28E-63F6-49C7-A204-E48A1BC4B09D","ProviderName":"Microsoft-Windows-FilterManager","Task":"0","ThreadID":"8","TimeCreated":"2018-01-03T11:21:15.640945672Z","UserID":"S-1-5-18","Version":"0"}}
{"time":"2018-01-03T11:21:15.640945Z","host":"IE11WIN8_1","user":"S-1-5-18","message":"File System Filter '$5' ($2.$3, $6) has successfully loaded and registered with Filter Manager","severity":3,"sequence":"800","source":"eventlog","category":"System","service":"Microsoft-Windows-FilterManager","fields":{"Channel":"System","Computer":"IE11WIN8_1","DeviceName":"FileInfo","DeviceNameLength":"8","DeviceTime":"2014-02-22T04:13:10Z","DeviceVersionMajor":"6","DeviceVersionMinor":"3","EventID":"6","EventRecordID":"800","FinalStatus":"0","Keywords":"9223372036854775808","Level":"4","Opcode":"0","ProcessID":"4","ProviderGuid":"F3C5E28E-63F6-49C7-A204-E48A1BC4B09D","ProviderName":"Microsoft-Windows-FilterManager","Task":"0","ThreadID":"8","TimeCreated":"2018-01-03T11:21:15.640945672Z","UserID":"S-1-5-18","Version":"0"}}
{"time":"2018-01-03T11:21:15.640945Z","host":"IE11WIN8_1","user":"S-1-5-18","message":"File System Filter '$5' ($2.$3, $6) has successfully loaded and registered with Filter Manager","severity":3,"sequence":"801","source":"eventlog","category":"System","service":"Microsoft-Windows-FilterManager","fields":{"Channel":"System","Computer":"IE11WIN8_1","DeviceName":"Wof","DeviceNameLength":"3","DeviceTime":"2014-03-13T00:27:29Z","DeviceVersionMajor":"6","DeviceVersionMinor":"3","EventID":"6","EventRecordID":"801","FinalStatus":"0","Keywords":"9223372036854775808","Level":"4","Opcode":"0","ProcessID":"4","ProviderGuid":"F3C5E28E-63F6-49C7-A204-E48A1BC4B09D","ProviderName":"Microsoft-Windows-FilterManager","Task":"0","ThreadID":"8","TimeCreated":"2018-01-03T11:21:15.640945672Z","UserID":"S-1-5-18","Version":"0"}}
{"time":"2018-01-03T11:21:15.968319Z","host":"IE11WIN8_1","user":"S-1-5-18","message":"Volume $1 ($2) $3","severity":3,"sequence":"803","source":"eventlog","category":"System","service":"Microsoft-Windows-Ntfs","fields":{"Channel":"System","Computer":"IE11WIN8_1","CorruptionActionState":"0","DeviceName":"\\Device\\HarddiskVolume1","DriveName":"C:","EventID":"98","EventRecordID":"803","Keywords":"9223372036854775810","Level":"4","Opcode":"0","ProcessID":"4","ProviderGuid":"3FF37A1C-A68D-4D6E-8C9B-F79E8B16C482","ProviderName":"Microsoft-Windows-Ntfs","Task":"0","ThreadID":"144","TimeCreated":"2018-01-03T11:21:15.968318462Z","UserID":"S-1-5-18","Version":"0"}}
{"time":"2018-01-03T11:21:16.3746097Z","host":"IE11WIN8_1","user":"S-1-5-18","message":"File System Filter '$5' ($2.$3, $6) has successfully loaded and registered with Filter Manager","severity":3,"sequence":"804","source":"eventlog","category":"System","service":"Microsoft-Windows-FilterManager","fields":{"Channel":"System","Computer":"IE11WIN8_1","DeviceName":"npsvctrig","DeviceNameLength":"9","DeviceTime":"2013-08-22T03:38:22Z","DeviceVersionMajor":"6","DeviceVersionMinor":"3","EventID":"6","EventRecordID":"804","FinalStatus":"0","Keywords":"9223372036854775808","Level":"4","Opcode":"0","ProcessID":"4","ProviderGuid":"F3C5E28E-63F6-49C7-A204-E48A1BC4B09D","ProviderName":"Microsoft-Windows-FilterManager","Task":"0","ThreadID":"8","TimeCreated":"2018-01-03T11:21:16.374609708Z","UserID":"S-1-5-18","Version":"0"}}
{"time":"2018-01-03T11:21:16.3903483Z","host":"IE11WIN8_1","message":"The system has been constrained to a periodic tick   Reason: $1","severity":3,"sequence":"805","source":"eventlog","category":"System","service":"Microsoft-Windows-Kernel-Power","fields":{"Channel":"System","Computer":"IE11WIN8_1","DataName":"Reason","DataValue":"2","EventID":"508","EventRecordID":"805","Keywords":"9223372036854775812","Level":"4","Opcode":"0","ProcessID":"4","ProviderGuid":"331C3B3A-2005-44C2-AC5E-77220C37D6B4","ProviderName":"Microsoft-Windows-Kernel-Power","Task":"159","ThreadID":"8","TimeCreated":"2018-01-03T11:21:16.390348911Z","Version":"0"}}
{"time":"2018-01-03T11:21:17.3120605Z","host":"IE11WIN8_1","user":"S-1-5-18","message":"Processor $2 in group $1 exposes the following power management capabilities:  Idle state type: $4 ($3 state(s))  Performance state type: $9 Nominal Frequency (MHz): $5 Maximum performance percentage: $6 Minimum performance percentage: $7 Minimum throttle percentage: $8","severity":3,"sequence":"806","source":"eventlog","category":"System","service":"Microsoft-Windows-Kernel-Processor-Power","fields":{"Channel":"System","Computer":"IE11WIN8_1","EventID":"55","EventRecordID":"806","Group":"0","IdleImplementation":"1","IdleStateCount":"1","Keywords":"9223372036854775808","Level":"4","MaximumPerformancePercent":"100","MinimumPerformancePercent":"100","MinimumThrottlePercent":"12","NominalFrequency":"2667","Number":"0","Opcode":"0","PerformanceImplementation":"1","ProcessID":"4","ProviderGuid":"0F67E49F-FE51-4E9F-B490-6F2948CC6027","ProviderName":"Microsoft-Windows-Kernel-Processor-Power","Task":"47","ThreadID":"272","TimeCreated":"2018-01-03T11:21:17.312060832Z","UserID":"S-1-5-18","Version":"0"}}
{"time":"2018-01-03T11:21:17.3120605Z","host":"IE11WIN8_1","user":"S-1-5-18","message":"Processor $2 in group $1 exposes the following power management capabilities:  Idle state type: $4 ($3 state(s))  Performance state type: $9 Nominal Frequency (MHz): $5 Maximum performance percentage: $6 Minimum performance percentage: $7 Minimum throttle percentage: $8","severity":3,"sequence":"807","source":"eventlog","category":"System","service":"Microsoft-Windows-Kernel-Processor-Power","fields":{"Channel":"System","Computer":"IE11WIN8_1","EventID":"55","EventRecordID":"807","Group":"0","IdleImplementation":"1","IdleStateCount":"1","Keywords":"9223372036854775808","Level":"4","MaximumPerformancePercent":"100","MinimumPerformancePercent":"100","MinimumThrottlePercent":"12","NominalFrequency":"2667","Number":"1","Opcode":"0","PerformanceImplementation":"1","ProcessID":"4","ProviderGuid":"0F67E49F-FE51-4E9F-B490-6F2948CC6027","ProviderName":"Microsoft-Windows-Kernel-Processor-Power","Task":"47","ThreadID":"272","TimeCreated":"2018-01-03T11:21:17.312060832Z","UserID":"S-1-5-18","Version":"0"}}
{"time":"2018-01-03T11:21:18Z","host":"IE11WIN8_1","message":"Undescribed event: EventLog: 792","severity":3,"sequence":"792","source":"eventlog","category":"System","service":"EventLog","fields":{"Binary":"[49 0 46 0 49 0 0 0 48 0 0 0 87 0 105 0 110 0 100 0 111 0 119 0 115 0 32 0 56 0 46 0 49 0 32 0 69 0 110 0 116 0 101 0 114 0 112 0 114 0 105 0 115 0 101 0 32 0 69 0 118 0 97 0 108 0 117 0 97 0 116 0 105 0 111 0 110 0 0 0 54 0 46 0 51 0 46 0 57 0 54 0 48 0 48 0 32 0 66 0 117 0 105 0 108 0 100 0 32 0 57 0 54 0 48 0 48 0 32 0 32 0 0 0 77 0 117 0 108 0 116 0 105 0 112 0 114 0 111 0 99 0 101 0 115 0 115 0 111 0 114 0 32 0 70 0 114 0 101 0 101 0 0 0 57 0 54 0 48 0 48 0 46 0 119 0 105 0 110 0 98 0 108 0 117 0 101 0 95 0 108 0 116 0 115 0 98 0 46 0 49 0 55 0 48 0 57 0 49 0 52 0 45 0 48 0 54 0 48 0 48 0 0 0 53 0 97 0 52 0 99 0 55 0 56 0 52 0 56 0 0 0 78 0 111 0 116 0 32 0 65 0 118 0 97 0 105 0 108 0 97 0 98 0 108 0 101 0 0 0 78 0 111 0 116 0 32 0 65 0 118 0 97 0 105 0 108 0 97 0 98 0 108 0 101 0 0 0 57 0 0 0 50 0 0 0 52 0 48 0 57 0 54 0 0 0 52 0 48 0 57 0 0 0 73 0 69 0 49 0 49 0 87 0 73 0 78 0 56 0 95 0 49 0 0 0 0 0]","Channel":"System","Computer":"IE11WIN8_1","Data":"[    5 60 480 Pacific Standard Time]","EventIDQualifiers":"32768","EventIDValue":"6013","EventRecordID":"792","Keywords":"36028797018963968","Level":"4","ProviderName":"EventLog","Task":"0","TimeCreated":"2018-01-03T11:21:18Z"}}
{"time":"2018-01-03T11:21:18Z","host":"IE11WIN8_1","message":"Undescribed event: EventLog: 790","severity":3,"sequence":"790","source":"eventlog","category":"System","service":"EventLog","fields":{"Channel":"System","Computer":"IE11WIN8_1","Data":"[6.03. 9600  Multiprocessor Free 17722]","EventIDQualifiers":"32768","EventIDValue":"6009","EventRecordID":"790","Keywords":"36028797018963968","Level":"4","ProviderName":"EventLog","Task":"0","TimeCreated":"2018-01-03T11:21:18Z"}}
{"time":"2018-01-03T11:21:18Z","host":"IE11WIN8_1","message":"Undescribed event: EventLog: 791","severity":3,"sequence":"791","source":"eventlog","category":"System","service":"EventLog","fields":{"Binary":"[226 7 1 0 3 0 3 0 11 0 21 0 18 0 143 2 0 0 0 0 0 0 0 0]","Channel":"System","Computer":"IE11WIN8_1","EventIDQualifiers":"32768","EventIDValue":"6005","EventRecordID":"791","Keywords":"36028797018963968","Level":"4","ProviderName":"EventLog","Task":"0","TimeCreated":"2018-01-03T11:21:18Z"}}
{"time":"2018-01-03T11:21:18.2338667Z","host":"IE11WIN8_1","user":"S-1-5-18","message":"Remote calls to the SAM database are being restricted using the default security descriptor: $1","severity":3,"sequence":"808","source":"eventlog","category":"System","service":"Microsoft-Windows-Directory-Services-SAM","fields":{"Channel":"System","Computer":"IE11WIN8_1","DataName":"Default SD String:","DataValue":"","EventID":"16962","EventRecordID":"808","Keywords":"9223372036854775808","Level":"4","Name":"SAMMSG_RESTRICT_REMOTE_SAM_DEFAULT_SD","Opcode":"0","ProcessID":"532","ProviderGuid":"0D4FDC09-8C27-494A-BDA0-505E4FD8ADAE","ProviderName":"Microsoft-Windows-Directory-Services-SAM","Task":"0","ThreadID":"536","TimeCreated":"2018-01-03T11:21:18.233867168Z","UserID":"S-1-5-18","Version":"0"}}
{"time":"2018-01-03T11:21:18.6244786Z","host":"IE11WIN8_1","message":"The UAC File Virtualization service failed to start due to the following error:  %%1275","severity":8,"sequence":"809","source":"eventlog","category":"System","service":"Service Control Manager","fields":{"Channel":"System","Computer":"IE11WIN8_1","EventIDQualifiers":"49152","EventIDValue":"7000","EventRecordID":"809","Keywords":"9259400833873739776","Level":"2","Opcode":"0","ProcessID":"524","ProviderEventSourceName":"Service Control Manager","ProviderGuid":"{555908d1-a6d7-4695-8e1e-26931d2012f4}","ProviderName":"Service Control Manager","Task":"0","ThreadID":"528","TimeCreated":"2018-01-03T11:21:18.62447834Z","Version":"0","param1":"UAC File Virtualization","param2":"%%1275"}}
{"time":"2018-01-03T11:21:18.9369851Z","host":"IE11WIN8_1","user":"S-1-5-19","message":"DHCPv4 client service is started","severity":3,"sequence":"810","source":"eventlog","category":"System","service":"Microsoft-Windows-Dhcp-Client","fields":{"Channel":"System","Computer":"IE11WIN8_1","EventID":"50036","EventRecordID":"810","Keywords":"2305843009213693952","Level":"4","Opcode":"68","ProcessID":"740","ProviderGuid":"15A7A4F8-0072-4EAB-ABAD-F98A4D666AED","ProviderName":"Microsoft-Windows-Dhcp-Client","Task":"4","ThreadID":"992","TimeCreated":"2018-01-03T11:21:18.936985492Z","UserID":"S-1-5-19","Version":"0"}}
{"time":"2018-01-03T11:21:18.9369851Z","host":"IE11WIN8_1","user":"S-1-5-19","message":"DHCPv6 client service is started","severity":3,"sequence":"811","source":"eventlog","category":"System","service":"Microsoft-Windows-DHCPv6-Client","fields":{"Channel":"System","Computer":"IE11WIN8_1","EventID":"51046","EventRecordID":"811","Keywords":"2305843009213693952","Level":"4","Opcode":"62","ProcessID":"740","ProviderGuid":"6A1F2B00-6A90-4C38-95A5-5CAB3B056778","ProviderName":"Microsoft-Windows-DHCPv6-Client","Task":"4","ThreadID":"276","TimeCreated":"2018-01-03T11:21:18.936985492Z","UserID":"S-1-5-19","Version":"0"}}
{"time":"2018-01-03T11:21:19.2966121Z","host":"IE11WIN8_1","user":"S-1-5-18","message":"User Logon Notification for Customer Experience Improvement Program","severity":3,"sequence":"812","source":"eventlog","category":"System","service":"Microsoft-Windows-Winlogon","fields":{"Channel":"System","Computer":"IE11WIN8_1","CorrelationActivityID":"67144949-5132-4859-8036-A737B43825D8","EventID":"7001","EventRecordID":"812","Keywords":"2305843009213693952","Level":"4","Opcode":"0","ProcessID":"492","ProviderGuid":"DBE9B383-7CF3-4331-91CC-A3CB16A3B538","ProviderName":"Microsoft-Windows-Winlogon","TSId":"1","Task":"1101","ThreadID":"712","TimeCreated":"2018-01-03T11:21:19.296612739Z","UserID":"S-1-5-18","UserSid":"S-1-5-21-3040204872-3082932231-1584796067-1001","Version":"0"}}
{"time":"2018-01-03T11:21:24.7184529Z","host":"IE11WIN8_1","message":"The following boot-start or system-start driver(s) failed to load: $1","severity":3,"sequence":"813","source":"eventlog","category":"System","service":"Service Control Manager","fields":{"Channel":"System","Computer":"IE11WIN8_1","DataName":"param1","DataValue":"\r\ndam","EventIDQualifiers":"49152","EventIDValue":"7026","EventRecordID":"813","Keywords":"9259400833873739776","Level":"4","Opcode":"0","ProcessID":"524","ProviderEventSourceName":"Service Control Manager","ProviderGuid":"{555908d1-a6d7-4695-8e1e-26931d2012f4}","ProviderName":"Service Control Manager","Task":"0","ThreadID":"528","TimeCreated":"2018-01-03T11:21:24.718452692Z","Version":"0"}}
{"time":"2018-01-03T11:21:26.749575Z","host":"IE11WIN8_1","user":"S-1-5-20","message":"Name resolution for the name $1 timed out after none of the configured DNS servers responded","severity":6,"sequence":"814","source":"eventlog","category":"System","service":"Microsoft-Windows-DNS-Client","fields":{"Address":"[2 0 0 0 192 168 108 2 0 0 0 0 0 0 0 0 0 0 0 0 0 0 0 0 0 0 0 0 0 0 0 0 0 0 0 0 0 0 0 0 0 0 0 0 0 0 0 0 0 0 0 0 0 0 0 0 0 0 0 0 0 0 0 0 0 0 0 0 0 0 0 0 0 0 0 0 0 0 0 0 0 0 0 0 0 0 0 0 0 0 0 0 0 0 0 0 0 0 0 0 0 0 0 0 0 0 0 0 0 0 0 0 0 0 0 0 0 0 0 0 0 0 0 0 0 0 0 0]","AddressLength":"128","Channel":"System","Computer":"IE11WIN8_1","EventID":"1014","EventRecordID":"814","Keywords":"4611686018695823360","Level":"3","Opcode":"0","ProcessID":"996","ProviderGuid":"1C95126E-7EEA-49A9-A3FE-A378B03DDB4D","ProviderName":"Microsoft-Windows-DNS-Client","QueryName":"wpad","Task":"1014","ThreadID":"1336","TimeCreated":"2018-01-03T11:21:26.749574422Z","UserID":"S-1-5-20","Version":"0"}}
{"time":"2018-01-03T11:21:31.9838556Z","host":"IE11WIN8_1","user":"S-1-5-21-3040204872-3082932231-1584796067-1001","message":"The start type of the Windows Remote Management (WS-Management) service was changed from demand start to auto start","severity":3,"sequence":"816","source":"eventlog","category":"System","service":"Service Control Manager","fields":{"Channel":"System","Computer":"IE11WIN8_1","EventIDQualifiers":"16384","EventIDValue":"7040","EventRecordID":"816","Keywords":"9259400833873739776","Level":"4","Opcode":"0","ProcessID":"524","ProviderEventSourceName":"Service Control Manager","ProviderGuid":"{555908d1-a6d7-4695-8e1e-26931d2012f4}","ProviderName":"Service Control Manager","Task":"0","ThreadID":"964","TimeCreated":"2018-01-03T11:21:31.983855962Z","UserID":"S-1-5-21-3040204872-3082932231-1584796067-1001","Version":"0","param1":"Windows Remote Management (WS-Management)","param2":"demand start","param3":"auto start","param4":"WinRM"}}
{"time":"2018-01-03T11:21:32Z","host":"IE11WIN8_1","message":"The WinRM service is listening for WS-Management requests","severity":3,"sequence":"815","source":"eventlog","category":"System","service":"Microsoft-Windows-WinRM","fields":{"Channel":"System","Computer":"IE11WIN8_1","EventIDQualifiers":"7","EventIDValue":"10148","EventRecordID":"815","Keywords":"36028797018963968","Level":"4","Name":"Started Listening","Opcode":"0","ProcessID":"0","ProviderEventSourceName":"WinRM","ProviderGuid":"{A7975C8F-AC13-49F1-87DA-5A984A4AB417}","ProviderName":"Microsoft-Windows-WinRM","Task":"0","ThreadID":"0","TimeCreated":"2018-01-03T11:21:32Z","Version":"0"}}
{"time":"2018-01-03T11:21:32.6089046Z","host":"IE11WIN8_1","message":"Reservation for namespace identified by URL prefix $2 was successfully added","severity":3,"sequence":"818","source":"eventlog","category":"System","service":"Microsoft-Windows-HttpEvent","fields":{"Channel":"System","Computer":"IE11WIN8_1","DeviceObject":"\\Device\\Http\\ReqQueue","EventIDQualifiers":"16384","EventIDValue":"15007","EventRecordID":"818","Keywords":"36028797018963968","Level":"4","Opcode":"0","ProcessID":"4","ProviderEventSourceName":"HTTP","ProviderGuid":"{7b6bc78c-898b-4170-bbf8-1a469ea43fc5}","ProviderName":"Microsoft-Windows-HttpEvent","Task":"0","ThreadID":"176","TimeCreated":"2018-01-03T11:21:32.608903884Z","Url":"http://+:5985/wsman/","Version":"0"}}
{"time":"2018-01-03T11:21:32.6089046Z","host":"IE11WIN8_1","message":"Reservation for namespace identified by URL prefix $2 was successfully deleted","severity":3,"sequence":"817","source":"eventlog","category":"System","service":"Microsoft-Windows-HttpEvent","fields":{"Channel":"System","Computer":"IE11WIN8_1","DeviceObject":"\\Device\\Http\\ReqQueue","EventIDQualifiers":"16384","EventIDValue":"15008","EventRecordID":"817","Keywords":"36028797018963968","Level":"4","Opcode":"0","ProcessID":"4","ProviderEventSourceName":"HTTP","ProviderGuid":"{7b6bc78c-898b-4170-bbf8-1a469ea43fc5}","ProviderName":"Microsoft-Windows-HttpEvent","Task":"0","ThreadID":"176","TimeCreated":"2018-01-03T11:21:32.608903884Z","Url":"http://+:5985/wsman/","Version":"0"}}
