Feb 19 2014 13:30:58.202 IACIS-HDD-2014 CEF:1|Fox Forensics|Fox|0.0.0|100|Special privileges assigned to new logon|10|Channel=Security Computer=IACIS-HDD-2014 EventID=4672 EventRecordID=3097 Keywords=9232379236109516800 Level=0 Opcode=0 PrivilegeList=SeSecurityPrivilege     SeTakeOwnershipPrivilege     SeLoadDriverPrivilege     SeBackupPrivilege     SeRestorePrivilege     SeDebugPrivilege     SeSystemEnvironmentPrivilege     SeImpersonatePrivilege ProcessID=512 ProviderGuid=54849625-5478-4994-A5BA-3E3B0328C30D ProviderName=Microsoft-Windows-Security-Auditing SubjectDomainName=IACIS-HDD-2014 SubjectLogonId=169030 SubjectUserName=Jimmy Wilson SubjectUserSid=S-1-5-21-1171287513-3642516788-2358256967-1004 Task=12548 ThreadID=584 TimeCreated=2014-02-19T13:30:58.202921628Z Version=0
Feb 19 2014 13:30:58.202 IACIS-HDD-2014 CEF:1|Fox Forensics|Fox|0.0.0|100|A logon was attempted using explicit credentials|10|Channel=Security Computer=IACIS-HDD-2014 EventID=4648 EventRecordID=3094 IpAddress=127.0.0.1 IpPort=0 Keywords=9232379236109516800 Level=0 LogonGuid=00000000-0000-0000-0000-000000000000 Opcode=0 ProcessID=512 ProcessId=456 ProcessName=C:\\Windows\\System32\\winlogon.exe ProviderGuid=54849625-5478-4994-A5BA-3E3B0328C30D ProviderName=Microsoft-Windows-Security-Auditing SubjectDomainName=WORKGROUP SubjectLogonId=999 SubjectUserName=IACIS-HDD-2014$ SubjectUserSid=S-1-5-18 TargetDomainName=IACIS-HDD-2014 TargetInfo=localhost TargetLogonGuid=00000000-0000-0000-0000-000000000000 TargetServerName=localhost TargetUserName=Jimmy Wilson Task=12544 ThreadID=584 TimeCreated=2014-02-19T13:30:58.202921628Z Version=0
Feb 19 2014 13:30:58.202 IACIS-HDD-2014 CEF:1|Fox Forensics|Fox|0.0.0|100|An account was successfully logged on|10|AuthenticationPackageName=Negotiate Channel=Security Computer=IACIS-HDD-2014 EventID=4624 EventRecordID=3095 IpAddress=127.0.0.1 IpPort=0 KeyLength=0 Keywords=9232379236109516800 Level=0 LmPackageName=- LogonGuid=00000000-0000-0000-0000-000000000000 LogonProcessName=User32  LogonType=2 Opcode=0 ProcessID=512 ProcessId=456 ProcessName=C:\\Windows\\System32\\winlogon.exe ProviderGuid=54849625-5478-4994-A5BA-3E3B0328C30D ProviderName=Microsoft-Windows-Security-Auditing SubjectDomainName=WORKGROUP SubjectLogonId=999 SubjectUserName=IACIS-HDD-2014$ SubjectUserSid=S-1-5-18 TargetDomainName=IACIS-HDD-2014 TargetLogonId=169030 TargetUserName=Jimmy Wilson TargetUserSid=S-1-5-21-1171287513-3642516788-2358256967-1004 Task=12544 ThreadID=584 TimeCreated=2014-02-19T13:30:58.202921628Z TransmittedServices=- Version=0 WorkstationName=IACIS-HDD-2014
Feb 19 2014 13:31:00.249 IACIS-HDD-2014 CEF:1|Fox Forensics|Fox|0.0.0|100|An account was successfully logged on|10|AuthenticationPackageName=Negotiate Channel=Security Computer=IACIS-HDD-2014 EventID=4624 EventRecordID=3098 IpAddress=- IpPort=- KeyLength=0 Keywords=9232379236109516800 Level=0 LmPackageName=- LogonGuid=00000000-0000-0000-0000-000000000000 LogonProcessName=Advapi   LogonType=5 Opcode=0 ProcessID=512 ProcessId=488 ProcessName=C:\\Windows\\System32\\services.exe ProviderGuid=54849625-5478-4994-A5BA-3E3B0328C30D ProviderName=Microsoft-Windows-Security-Auditing SubjectDomainName=WORKGROUP SubjectLogonId=999 SubjectUserName=IACIS-HDD-2014$ SubjectUserSid=S-1-5-18 TargetDomainName=NT AUTHORITY TargetLogonId=999 TargetUserName=SYSTEM TargetUserSid=S-1-5-18 Task=12544 ThreadID=1340 TimeCreated=2014-02-19T13:31:00.249327898Z TransmittedServices=- Version=0
Feb 19 2014 13:31:00.249 IACIS-HDD-2014 CEF:1|Fox Forensics|Fox|0.0.0|100|Special privileges assigned to new logon|10|Channel=Security Computer=IACIS-HDD-2014 EventID=4672 EventRecordID=3099 Keywords=9232379236109516800 Level=0 Opcode=0 PrivilegeList=SeAssignPrimaryTokenPrivilege     SeTcbPrivilege     SeSecurityPrivilege     SeTakeOwnershipPrivilege     SeLoadDriverPrivilege     SeBackupPrivilege     SeRestorePrivilege     SeDebugPrivilege     SeAuditPrivilege     SeSystemEnvironmentPrivilege     SeImpersonatePrivilege ProcessID=512 ProviderGuid=54849625-5478-4994-A5BA-3E3B0328C30D ProviderName=Microsoft-Windows-Security-Auditing SubjectDomainName=NT AUTHORITY SubjectLogonId=999 SubjectUserName=SYSTEM SubjectUserSid=S-1-5-18 Task=12548 ThreadID=1340 TimeCreated=2014-02-19T13:31:00.249327898Z Version=0
Feb 19 2014 14:07:16.574 IACIS-HDD-2014 CEF:1|Fox Forensics|Fox|0.0.0|100|An account was successfully logged on|10|AuthenticationPackageName=Negotiate Channel=Security Computer=IACIS-HDD-2014 EventID=4624 EventRecordID=3108 IpAddress=- IpPort=- KeyLength=0 Keywords=9232379236109516800 Level=0 LmPackageName=- LogonGuid=00000000-0000-0000-0000-000000000000 LogonProcessName=Advapi   LogonType=5 Opcode=0 ProcessID=512 ProcessId=488 ProcessName=C:\\Windows\\System32\\services.exe ProviderGuid=54849625-5478-4994-A5BA-3E3B0328C30D ProviderName=Microsoft-Windows-Security-Auditing SubjectDomainName=WORKGROUP SubjectLogonId=999 SubjectUserName=IACIS-HDD-2014$ SubjectUserSid=S-1-5-18 TargetDomainName=NT AUTHORITY TargetLogonId=999 TargetUserName=SYSTEM TargetUserSid=S-1-5-18 Task=12544 ThreadID=1028 TimeCreated=2014-02-19T14:07:16.574361562Z TransmittedServices=- Version=0
Feb 19 2014 14:07:16.574 IACIS-HDD-2014 CEF:1|Fox Forensics|Fox|0.0.0|100|Special privileges assigned to new logon|10|Channel=Security Computer=IACIS-HDD-2014 EventID=4672 EventRecordID=3109 Keywords=9232379236109516800 Level=0 Opcode=0 PrivilegeList=SeAssignPrimaryTokenPrivilege     SeTcbPrivilege     SeSecurityPrivilege     SeTakeOwnershipPrivilege     SeLoadDriverPrivilege     SeBackupPrivilege     SeRestorePrivilege     SeDebugPrivilege     SeAuditPrivilege     SeSystemEnvironmentPrivilege     SeImpersonatePrivilege ProcessID=512 ProviderGuid=54849625-5478-4994-A5BA-3E3B0328C30D ProviderName=Microsoft-Windows-Security-Auditing SubjectDomainName=NT AUTHORITY SubjectLogonId=999 SubjectUserName=SYSTEM SubjectUserSid=S-1-5-18 Task=12548 ThreadID=1028 TimeCreated=2014-02-19T14:07:16.574361562Z Version=0
Feb 19 2014 14:14:09.585 IACIS-HDD-2014 CEF:1|Fox Forensics|Fox|0.0.0|100|Special privileges assigned to new logon|10|Channel=Security Computer=IACIS-HDD-2014 EventID=4672 EventRecordID=3111 Keywords=9232379236109516800 Level=0 Opcode=0 PrivilegeList=SeAssignPrimaryTokenPrivilege     SeTcbPrivilege     SeSecurityPrivilege     SeTakeOwnershipPrivilege     SeLoadDriverPrivilege     SeBackupPrivilege     SeRestorePrivilege     SeDebugPrivilege     SeAuditPrivilege     SeSystemEnvironmentPrivilege     SeImpersonatePrivilege ProcessID=512 ProviderGuid=54849625-5478-4994-A5BA-3E3B0328C30D ProviderName=Microsoft-Windows-Security-Auditing SubjectDomainName=NT AUTHORITY SubjectLogonId=999 SubjectUserName=SYSTEM SubjectUserSid=S-1-5-18 Task=12548 ThreadID=572 TimeCreated=2014-02-19T14:14:09.585086345Z Version=0
Feb 19 2014 14:14:09.585 IACIS-HDD-2014 CEF:1|Fox Forensics|Fox|0.0.0|100|An account was successfully logged on|10|AuthenticationPackageName=Negotiate Channel=Security Computer=IACIS-HDD-2014 EventID=4624 EventRecordID=3110 IpAddress=- IpPort=- KeyLength=0 Keywords=9232379236109516800 Level=0 LmPackageName=- LogonGuid=00000000-0000-0000-0000-000000000000 LogonProcessName=Advapi   LogonType=5 Opcode=0 ProcessID=512 ProcessId=488 ProcessName=C:\\Windows\\System32\\services.exe ProviderGuid=54849625-5478-4994-A5BA-3E3B0328C30D ProviderName=Microsoft-Windows-Security-Auditing SubjectDomainName=WORKGROUP SubjectLogonId=999 SubjectUserName=IACIS-HDD-2014$ SubjectUserSid=S-1-5-18 TargetDomainName=NT AUTHORITY TargetLogonId=999 TargetUserName=SYSTEM TargetUserSid=S-1-5-18 Task=12544 ThreadID=572 TimeCreated=2014-02-19T14:14:09.585086345Z TransmittedServices=- Version=0
Feb 19 2014 14:14:09.975 IACIS-HDD-2014 CEF:1|Fox Forensics|Fox|0.0.0|100|Special privileges assigned to new logon|10|Channel=Security Computer=IACIS-HDD-2014 EventID=4672 EventRecordID=3113 Keywords=9232379236109516800 Level=0 Opcode=0 PrivilegeList=SeAssignPrimaryTokenPrivilege     SeTcbPrivilege     SeSecurityPrivilege     SeTakeOwnershipPrivilege     SeLoadDriverPrivilege     SeBackupPrivilege     SeRestorePrivilege     SeDebugPrivilege     SeAuditPrivilege     SeSystemEnvironmentPrivilege     SeImpersonatePrivilege ProcessID=512 ProviderGuid=54849625-5478-4994-A5BA-3E3B0328C30D ProviderName=Microsoft-Windows-Security-Auditing SubjectDomainName=NT AUTHORITY SubjectLogonId=999 SubjectUserName=SYSTEM SubjectUserSid=S-1-5-18 Task=12548 ThreadID=572 TimeCreated=2014-02-19T14:14:09.97508645Z Version=0
Feb 19 2014 14:14:09.975 IACIS-HDD-2014 CEF:1|Fox Forensics|Fox|0.0.0|100|An account was successfully logged on|10|AuthenticationPackageName=Negotiate Channel=Security Computer=IACIS-HDD-2014 EventID=4624 EventRecordID=3112 IpAddress=- IpPort=- KeyLength=0 Keywords=9232379236109516800 Level=0 LmPackageName=- LogonGuid=00000000-0000-0000-0000-000000000000 LogonProcessName=Advapi   LogonType=5 Opcode=0 ProcessID=512 ProcessId=488 ProcessName=C:\\Windows\\System32\\services.exe ProviderGuid=54849625-5478-4994-A5BA-3E3B0328C30D ProviderName=Microsoft-Windows-Security-Auditing SubjectDomainName=WORKGROUP SubjectLogonId=999 SubjectUserName=IACIS-HDD-2014$ SubjectUserSid=S-1-5-18 TargetDomainName=NT AUTHORITY TargetLogonId=999 TargetUserName=SYSTEM TargetUserSid=S-1-5-18 Task=12544 ThreadID=572 TimeCreated=2014-02-19T14:14:09.97508645Z TransmittedServices=- Version=0
Feb 19 2014 14:14:24.795 IACIS-HDD-2014 CEF:1|Fox Forensics|Fox|0.0.0|100|An attempt was made to register a security event source|10|AuditSourceName=VSSAudit Channel=Security Computer=IACIS-HDD-2014 EventID=4904 EventRecordID=3114 EventSourceId=1362033 Keywords=9232379236109516800 Level=0 Opcode=0 ProcessID=512 ProcessId=2772 ProcessName=C:\\Windows\\System32\\VSSVC.exe ProviderGuid=54849625-5478-4994-A5BA-3E3B0328C30D ProviderName=Microsoft-Windows-Security-Auditing SubjectDomainName=WORKGROUP SubjectLogonId=999 SubjectUserName=IACIS-HDD-2014$ SubjectUserSid=S-1-5-18 Task=13568 ThreadID=680 TimeCreated=2014-02-19T14:14:24.795113563Z Version=0
Feb 19 2014 14:14:24.826 IACIS-HDD-2014 CEF:1|Fox Forensics|Fox|0.0.0|100|An attempt was made to unregister a security event source|10|AuditSourceName=VSSAudit Channel=Security Computer=IACIS-HDD-2014 EventID=4905 EventRecordID=3115 EventSourceId=1362033 Keywords=9232379236109516800 Level=0 Opcode=0 ProcessID=512 ProcessId=2772 ProcessName=C:\\Windows\\System32\\VSSVC.exe ProviderGuid=54849625-5478-4994-A5BA-3E3B0328C30D ProviderName=Microsoft-Windows-Security-Auditing SubjectDomainName=WORKGROUP SubjectLogonId=999 SubjectUserName=IACIS-HDD-2014$ SubjectUserSid=S-1-5-18 Task=13568 ThreadID=680 TimeCreated=2014-02-19T14:14:24.826313495Z Version=0
Feb 19 2014 14:14:59.302 IACIS-HDD-2014 CEF:1|Fox Forensics|Fox|0.0.0|100|Special privileges assigned to new logon|10|Channel=Security Computer=IACIS-HDD-2014 EventID=4672 EventRecordID=3117 Keywords=9232379236109516800 Level=0 Opcode=0 PrivilegeList=SeAssignPrimaryTokenPrivilege     SeTcbPrivilege     SeSecurityPrivilege     SeTakeOwnershipPrivilege     SeLoadDriverPrivilege     SeBackupPrivilege     SeRestorePrivilege     SeDebugPrivilege     SeAuditPrivilege     SeSystemEnvironmentPrivilege     SeImpersonatePrivilege ProcessID=512 ProviderGuid=54849625-5478-4994-A5BA-3E3B0328C30D ProviderName=Microsoft-Windows-Security-Auditing SubjectDomainName=NT AUTHORITY SubjectLogonId=999 SubjectUserName=SYSTEM SubjectUserSid=S-1-5-18 Task=12548 ThreadID=1612 TimeCreated=2014-02-19T14:14:59.302374362Z Version=0
Feb 19 2014 14:14:59.302 IACIS-HDD-2014 CEF:1|Fox Forensics|Fox|0.0.0|100|An account was successfully logged on|10|AuthenticationPackageName=Negotiate Channel=Security Computer=IACIS-HDD-2014 EventID=4624 EventRecordID=3116 IpAddress=- IpPort=- KeyLength=0 Keywords=9232379236109516800 Level=0 LmPackageName=- LogonGuid=00000000-0000-0000-0000-000000000000 LogonProcessName=Advapi   LogonType=5 Opcode=0 ProcessID=512 ProcessId=488 ProcessName=C:\\Windows\\System32\\services.exe ProviderGuid=54849625-5478-4994-A5BA-3E3B0328C30D ProviderName=Microsoft-Windows-Security-Auditing SubjectDomainName=WORKGROUP SubjectLogonId=999 SubjectUserName=IACIS-HDD-2014$ SubjectUserSid=S-1-5-18 TargetDomainName=NT AUTHORITY TargetLogonId=999 TargetUserName=SYSTEM TargetUserSid=S-1-5-18 Task=12544 ThreadID=1612 TimeCreated=2014-02-19T14:14:59.302374362Z TransmittedServices=- Version=0
Feb 19 2014 17:19:42.482 IACIS-HDD-2014 CEF:1|Fox Forensics|Fox|0.0.0|100|A logon was attempted using explicit credentials|10|Channel=Security Computer=IACIS-HDD-2014 EventID=4648 EventRecordID=3118 IpAddress=127.0.0.1 IpPort=0 Keywords=9232379236109516800 Level=0 LogonGuid=00000000-0000-0000-0000-000000000000 Opcode=0 ProcessID=512 ProcessId=3320 ProcessName=C:\\Windows\\System32\\winlogon.exe ProviderGuid=54849625-5478-4994-A5BA-3E3B0328C30D ProviderName=Microsoft-Windows-Security-Auditing SubjectDomainName=WORKGROUP SubjectLogonId=999 SubjectUserName=IACIS-HDD-2014$ SubjectUserSid=S-1-5-18 TargetDomainName=IACIS-HDD-2014 TargetInfo=localhost TargetLogonGuid=00000000-0000-0000-0000-000000000000 TargetServerName=localhost TargetUserName=BillyBob Task=12544 ThreadID=572 TimeCreated=2014-02-19T17:19:42.482239961Z Version=0
Feb 19 2014 17:19:42.482 IACIS-HDD-2014 CEF:1|Fox Forensics|Fox|0.0.0|100|Special privileges assigned to new logon|10|Channel=Security Computer=IACIS-HDD-2014 EventID=4672 EventRecordID=3121 Keywords=9232379236109516800 Level=0 Opcode=0 PrivilegeList=SeSecurityPrivilege     SeTakeOwnershipPrivilege     SeLoadDriverPrivilege     SeBackupPrivilege     SeRestorePrivilege     SeDebugPrivilege     SeSystemEnvironmentPrivilege     SeImpersonatePrivilege ProcessID=512 ProviderGuid=54849625-5478-4994-A5BA-3E3B0328C30D ProviderName=Microsoft-Windows-Security-Auditing SubjectDomainName=IACIS-HDD-2014 SubjectLogonId=1621991 SubjectUserName=BillyBob SubjectUserSid=S-1-5-21-1171287513-3642516788-2358256967-1001 Task=12548 ThreadID=572 TimeCreated=2014-02-19T17:19:42.482239961Z Version=0
Feb 19 2014 17:19:42.482 IACIS-HDD-2014 CEF:1|Fox Forensics|Fox|0.0.0|100|An account was successfully logged on|10|AuthenticationPackageName=Negotiate Channel=Security Computer=IACIS-HDD-2014 EventID=4624 EventRecordID=3120 IpAddress=127.0.0.1 IpPort=0 KeyLength=0 Keywords=9232379236109516800 Level=0 LmPackageName=- LogonGuid=00000000-0000-0000-0000-000000000000 LogonProcessName=User32  LogonType=2 Opcode=0 ProcessID=512 ProcessId=3320 ProcessName=C:\\Windows\\System32\\winlogon.exe ProviderGuid=54849625-5478-4994-A5BA-3E3B0328C30D ProviderName=Microsoft-Windows-Security-Auditing SubjectDomainName=WORKGROUP SubjectLogonId=999 SubjectUserName=IACIS-HDD-2014$ SubjectUserSid=S-1-5-18 TargetDomainName=IACIS-HDD-2014 TargetLogonId=1622019 TargetUserName=BillyBob TargetUserSid=S-1-5-21-1171287513-3642516788-2358256967-1001 Task=12544 ThreadID=572 TimeCreated=2014-02-19T17:19:42.482239961Z TransmittedServices=- Version=0 WorkstationName=IACIS-HDD-2014
Feb 19 2014 17:19:42.482 IACIS-HDD-2014 CEF:1|Fox Forensics|Fox|0.0.0|100|An account was successfully logged on|10|AuthenticationPackageName=Negotiate Channel=Security Computer=IACIS-HDD-2014 EventID=4624 EventRecordID=3119 IpAddress=127.0.0.1 IpPort=0 KeyLength=0 Keywords=9232379236109516800 Level=0 LmPackageName=- LogonGuid=00000000-0000-0000-0000-000000000000 LogonProcessName=User32  LogonType=2 Opcode=0 ProcessID=512 ProcessId=3320 ProcessName=C:\\Windows\\System32\\winlogon.exe ProviderGuid=54849625-5478-4994-A5BA-3E3B0328C30D ProviderName=Microsoft-Windows-Security-Auditing SubjectDomainName=WORKGROUP SubjectLogonId=999 SubjectUserName=IACIS-HDD-2014$ SubjectUserSid=S-1-5-18 TargetDomainName=IACIS-HDD-2014 TargetLogonId=1621991 TargetUserName=BillyBob TargetUserSid=S-1-5-21-1171287513-3642516788-2358256967-1001 Task=12544 ThreadID=572 TimeCreated=2014-02-19T17:19:42.482239961Z TransmittedServices=- Version=0 WorkstationName=IACIS-HDD-2014
Feb 20 2014 14:22:11.435 IACIS-HDD-2014 CEF:1|Fox Forensics|Fox|0.0.0|100|An account was successfully logged on|10|AuthenticationPackageName=- Channel=Security Computer=IACIS-HDD-2014 EventID=4624 EventRecordID=3125 IpAddress=- IpPort=- KeyLength=0 Keywords=9232379236109516800 Level=0 LmPackageName=- LogonGuid=00000000-0000-0000-0000-000000000000 LogonProcessName=- LogonType=0 Opcode=0 ProcessID=512 ProcessId=4 ProviderGuid=54849625-5478-4994-A5BA-3E3B0328C30D ProviderName=Microsoft-Windows-Security-Auditing SubjectDomainName=- SubjectLogonId=0 SubjectUserName=- SubjectUserSid=S-1-0-0 TargetDomainName=NT AUTHORITY TargetLogonId=999 TargetUserName=SYSTEM TargetUserSid=S-1-5-18 Task=12544 ThreadID=516 TimeCreated=2014-02-20T14:22:11.435619115Z TransmittedServices=- Version=0 WorkstationName=-
Feb 20 2014 14:22:11.856 IACIS-HDD-2014 CEF:1|Fox Forensics|Fox|0.0.0|100|The Per-user audit policy table was created|10|Channel=Security Computer=IACIS-HDD-2014 EventID=4902 EventRecordID=3126 Keywords=9232379236109516800 Level=0 Opcode=0 ProcessID=512 ProviderGuid=54849625-5478-4994-A5BA-3E3B0328C30D ProviderName=Microsoft-Windows-Security-Auditing PuaCount=0 PuaPolicyId=37373 Task=13568 ThreadID=564 TimeCreated=2014-02-20T14:22:11.856819152Z Version=0
Feb 20 2014 14:22:12.262 IACIS-HDD-2014 CEF:1|Fox Forensics|Fox|0.0.0|100|An account was successfully logged on|10|AuthenticationPackageName=Negotiate Channel=Security Computer=IACIS-HDD-2014 EventID=4624 EventRecordID=3127 IpAddress=- IpPort=- KeyLength=0 Keywords=9232379236109516800 Level=0 LmPackageName=- LogonGuid=00000000-0000-0000-0000-000000000000 LogonProcessName=Advapi   LogonType=5 Opcode=0 ProcessID=512 ProcessId=504 ProcessName=C:\\Windows\\System32\\services.exe ProviderGuid=54849625-5478-4994-A5BA-3E3B0328C30D ProviderName=Microsoft-Windows-Security-Auditing SubjectDomainName=WORKGROUP SubjectLogonId=999 SubjectUserName=IACIS-HDD-2014$ SubjectUserSid=S-1-5-18 TargetDomainName=NT AUTHORITY TargetLogonId=999 TargetUserName=SYSTEM TargetUserSid=S-1-5-18 Task=12544 ThreadID=584 TimeCreated=2014-02-20T14:22:12.262420892Z TransmittedServices=- Version=0
Feb 20 2014 14:22:12.262 IACIS-HDD-2014 CEF:1|Fox Forensics|Fox|0.0.0|100|Special privileges assigned to new logon|10|Channel=Security Computer=IACIS-HDD-2014 EventID=4672 EventRecordID=3128 Keywords=9232379236109516800 Level=0 Opcode=0 PrivilegeList=SeAssignPrimaryTokenPrivilege     SeTcbPrivilege     SeSecurityPrivilege     SeTakeOwnershipPrivilege     SeLoadDriverPrivilege     SeBackupPrivilege     SeRestorePrivilege     SeDebugPrivilege     SeAuditPrivilege     SeSystemEnvironmentPrivilege     SeImpersonatePrivilege ProcessID=512 ProviderGuid=54849625-5478-4994-A5BA-3E3B0328C30D ProviderName=Microsoft-Windows-Security-Auditing SubjectDomainName=NT AUTHORITY SubjectLogonId=999 SubjectUserName=SYSTEM SubjectUserSid=S-1-5-18 Task=12548 ThreadID=584 TimeCreated=2014-02-20T14:22:12.262420892Z Version=0
Feb 20 2014 14:22:12.449 IACIS-HDD-2014 CEF:1|Fox Forensics|Fox|0.0.0|100|Special privileges assigned to new logon|10|Channel=Security Computer=IACIS-HDD-2014 EventID=4672 EventRecordID=3130 Keywords=9232379236109516800 Level=0 Opcode=0 PrivilegeList=SeAssignPrimaryTokenPrivilege     SeAuditPrivilege     SeImpersonatePrivilege ProcessID=512 ProviderGuid=54849625-5478-4994-A5BA-3E3B0328C30D ProviderName=Microsoft-Windows-Security-Auditing SubjectDomainName=NT AUTHORITY SubjectLogonId=996 SubjectUserName=NETWORK SERVICE SubjectUserSid=S-1-5-20 Task=12548 ThreadID=584 TimeCreated=2014-02-20T14:22:12.449620723Z Version=0
Feb 20 2014 14:22:12.449 IACIS-HDD-2014 CEF:1|Fox Forensics|Fox|0.0.0|100|An account was successfully logged on|10|AuthenticationPackageName=Negotiate Channel=Security Computer=IACIS-HDD-2014 EventID=4624 EventRecordID=3129 IpAddress=- IpPort=- KeyLength=0 Keywords=9232379236109516800 Level=0 LmPackageName=- LogonGuid=00000000-0000-0000-0000-000000000000 LogonProcessName=Advapi   LogonType=5 Opcode=0 ProcessID=512 ProcessId=504 ProcessName=C:\\Windows\\System32\\services.exe ProviderGuid=54849625-5478-4994-A5BA-3E3B0328C30D ProviderName=Microsoft-Windows-Security-Auditing SubjectDomainName=WORKGROUP SubjectLogonId=999 SubjectUserName=IACIS-HDD-2014$ SubjectUserSid=S-1-5-18 TargetDomainName=NT AUTHORITY TargetLogonId=996 TargetUserName=NETWORK SERVICE TargetUserSid=S-1-5-20 Task=12544 ThreadID=584 TimeCreated=2014-02-20T14:22:12.449620723Z TransmittedServices=- Version=0
Feb 20 2014 14:22:12.512 IACIS-HDD-2014 CEF:1|Fox Forensics|Fox|0.0.0|100|An account was successfully logged on|10|AuthenticationPackageName=Negotiate Channel=Security Computer=IACIS-HDD-2014 EventID=4624 EventRecordID=3131 IpAddress=- IpPort=- KeyLength=0 Keywords=9232379236109516800 Level=0 LmPackageName=- LogonGuid=00000000-0000-0000-0000-000000000000 LogonProcessName=Advapi   LogonType=5 Opcode=0 ProcessID=512 ProcessId=504 ProcessName=C:\\Windows\\System32\\services.exe ProviderGuid=54849625-5478-4994-A5BA-3E3B0328C30D ProviderName=Microsoft-Windows-Security-Auditing SubjectDomainName=WORKGROUP SubjectLogonId=999 SubjectUserName=IACIS-HDD-2014$ SubjectUserSid=S-1-5-18 TargetDomainName=NT AUTHORITY TargetLogonId=999 TargetUserName=SYSTEM TargetUserSid=S-1-5-18 Task=12544 ThreadID=584 TimeCreated=2014-02-20T14:22:12.512020826Z TransmittedServices=- Version=0
Feb 20 2014 14:22:12.512 IACIS-HDD-2014 CEF:1|Fox Forensics|Fox|0.0.0|100|Special privileges assigned to new logon|10|Channel=Security Computer=IACIS-HDD-2014 EventID=4672 EventRecordID=3132 Keywords=9232379236109516800 Level=0 Opcode=0 PrivilegeList=SeAssignPrimaryTokenPrivilege     SeTcbPrivilege     SeSecurityPrivilege     SeTakeOwnershipPrivilege     SeLoadDriverPrivilege     SeBackupPrivilege     SeRestorePrivilege     SeDebugPrivilege     SeAuditPrivilege     SeSystemEnvironmentPrivilege     SeImpersonatePrivilege ProcessID=512 ProviderGuid=54849625-5478-4994-A5BA-3E3B0328C30D ProviderName=Microsoft-Windows-Security-Auditing SubjectDomainName=NT AUTHORITY SubjectLogonId=999 SubjectUserName=SYSTEM SubjectUserSid=S-1-5-18 Task=12548 ThreadID=584 TimeCreated=2014-02-20T14:22:12.512020826Z Version=0
Feb 20 2014 14:22:15.257 IACIS-HDD-2014 CEF:1|Fox Forensics|Fox|0.0.0|100|An account was successfully logged on|10|AuthenticationPackageName=Negotiate Channel=Security Computer=IACIS-HDD-2014 EventID=4624 EventRecordID=3133 IpAddress=- IpPort=- KeyLength=0 Keywords=9232379236109516800 Level=0 LmPackageName=- LogonGuid=00000000-0000-0000-0000-000000000000 LogonProcessName=Advapi   LogonType=5 Opcode=0 ProcessID=512 ProcessId=504 ProcessName=C:\\Windows\\System32\\services.exe ProviderGuid=54849625-5478-4994-A5BA-3E3B0328C30D ProviderName=Microsoft-Windows-Security-Auditing SubjectDomainName=WORKGROUP SubjectLogonId=999 SubjectUserName=IACIS-HDD-2014$ SubjectUserSid=S-1-5-18 TargetDomainName=NT AUTHORITY TargetLogonId=997 TargetUserName=LOCAL SERVICE TargetUserSid=S-1-5-19 Task=12544 ThreadID=584 TimeCreated=2014-02-20T14:22:15.257625579Z TransmittedServices=- Version=0
Feb 20 2014 14:22:15.257 IACIS-HDD-2014 CEF:1|Fox Forensics|Fox|0.0.0|100|Special privileges assigned to new logon|10|Channel=Security Computer=IACIS-HDD-2014 EventID=4672 EventRecordID=3134 Keywords=9232379236109516800 Level=0 Opcode=0 PrivilegeList=SeAssignPrimaryTokenPrivilege     SeAuditPrivilege     SeImpersonatePrivilege ProcessID=512 ProviderGuid=54849625-5478-4994-A5BA-3E3B0328C30D ProviderName=Microsoft-Windows-Security-Auditing SubjectDomainName=NT AUTHORITY SubjectLogonId=997 SubjectUserName=LOCAL SERVICE SubjectUserSid=S-1-5-19 Task=12548 ThreadID=584 TimeCreated=2014-02-20T14:22:15.257625579Z Version=0
Feb 20 2014 14:22:15.413 IACIS-HDD-2014 CEF:1|Fox Forensics|Fox|0.0.0|100|Special privileges assigned to new logon|10|Channel=Security Computer=IACIS-HDD-2014 EventID=4672 EventRecordID=3136 Keywords=9232379236109516800 Level=0 Opcode=0 PrivilegeList=SeAssignPrimaryTokenPrivilege     SeTcbPrivilege     SeSecurityPrivilege     SeTakeOwnershipPrivilege     SeLoadDriverPrivilege     SeBackupPrivilege     SeRestorePrivilege     SeDebugPrivilege     SeAuditPrivilege     SeSystemEnvironmentPrivilege     SeImpersonatePrivilege ProcessID=512 ProviderGuid=54849625-5478-4994-A5BA-3E3B0328C30D ProviderName=Microsoft-Windows-Security-Auditing SubjectDomainName=NT AUTHORITY SubjectLogonId=999 SubjectUserName=SYSTEM SubjectUserSid=S-1-5-18 Task=12548 ThreadID=584 TimeCreated=2014-02-20T14:22:15.413625717Z Version=0
Feb 20 2014 14:22:15.413 IACIS-HDD-2014 CEF:1|Fox Forensics|Fox|0.0.0|100|An account was successfully logged on|10|AuthenticationPackageName=Negotiate Channel=Security Computer=IACIS-HDD-2014 EventID=4624 EventRecordID=3135 IpAddress=- IpPort=- KeyLength=0 Keywords=9232379236109516800 Level=0 LmPackageName=- LogonGuid=00000000-0000-0000-0000-000000000000 LogonProcessName=Advapi   LogonType=5 Opcode=0 ProcessID=512 ProcessId=504 ProcessName=C:\\Windows\\System32\\services.exe ProviderGuid=54849625-5478-4994-A5BA-3E3B0328C30D ProviderName=Microsoft-Windows-Security-Auditing SubjectDomainName=WORKGROUP SubjectLogonId=999 SubjectUserName=IACIS-HDD-2014$ SubjectUserSid=S-1-5-18 TargetDomainName=NT AUTHORITY TargetLogonId=999 TargetUserName=SYSTEM TargetUserSid=S-1-5-18 Task=12544 ThreadID=584 TimeCreated=2014-02-20T14:22:15.413625717Z TransmittedServices=- Version=0
Feb 20 2014 14:22:15.444 IACIS-HDD-2014 CEF:1|Fox Forensics|Fox|0.0.0|100|An account was successfully logged on|10|AuthenticationPackageName=Negotiate Channel=Security Computer=IACIS-HDD-2014 EventID=4624 EventRecordID=3137 IpAddress=- IpPort=- KeyLength=0 Keywords=9232379236109516800 Level=0 LmPackageName=- LogonGuid=00000000-0000-0000-0000-000000000000 LogonProcessName=Advapi   LogonType=5 Opcode=0 ProcessID=512 ProcessId=504 ProcessName=C:\\Windows\\System32\\services.exe ProviderGuid=54849625-5478-4994-A5BA-3E3B0328C30D ProviderName=Microsoft-Windows-Security-Auditing SubjectDomainName=WORKGROUP SubjectLogonId=999 SubjectUserName=IACIS-HDD-2014$ SubjectUserSid=S-1-5-18 TargetDomainName=NT AUTHORITY TargetLogonId=999 TargetUserName=SYSTEM TargetUserSid=S-1-5-18 Task=12544 ThreadID=584 TimeCreated=2014-02-20T14:22:15.444825649Z TransmittedServices=- Version=0
Feb 20 2014 14:22:15.444 IACIS-HDD-2014 CEF:1|Fox Forensics|Fox|0.0.0|100|Special privileges assigned to new logon|10|Channel=Security Computer=IACIS-HDD-2014 EventID=4672 EventRecordID=3138 Keywords=9232379236109516800 Level=0 Opcode=0 PrivilegeList=SeAssignPrimaryTokenPrivilege     SeTcbPrivilege     SeSecurityPrivilege     SeTakeOwnershipPrivilege     SeLoadDriverPrivilege     SeBackupPrivilege     SeRestorePrivilege     SeDebugPrivilege     SeAuditPrivilege     SeSystemEnvironmentPrivilege     SeImpersonatePrivilege ProcessID=512 ProviderGuid=54849625-5478-4994-A5BA-3E3B0328C30D ProviderName=Microsoft-Windows-Security-Auditing SubjectDomainName=NT AUTHORITY SubjectLogonId=999 SubjectUserName=SYSTEM SubjectUserSid=S-1-5-18 Task=12548 ThreadID=584 TimeCreated=2014-02-20T14:22:15.444825649Z Version=0
Feb 20 2014 14:22:21.427 IACIS-HDD-2014 CEF:1|Fox Forensics|Fox|0.0.0|100|Special privileges assigned to new logon|10|Channel=Security Computer=IACIS-HDD-2014 EventID=4672 EventRecordID=3142 Keywords=9232379236109516800 Level=0 Opcode=0 PrivilegeList=SeSecurityPrivilege     SeTakeOwnershipPrivilege     SeLoadDriverPrivilege     SeBackupPrivilege     SeRestorePrivilege     SeDebugPrivilege     SeSystemEnvironmentPrivilege     SeImpersonatePrivilege ProcessID=512 ProviderGuid=54849625-5478-4994-A5BA-3E3B0328C30D ProviderName=Microsoft-Windows-Security-Auditing SubjectDomainName=IACIS-HDD-2014 SubjectLogonId=88227 SubjectUserName=BillyBob SubjectUserSid=S-1-5-21-1171287513-3642516788-2358256967-1001 Task=12548 ThreadID=584 TimeCreated=2014-02-20T14:22:21.427236795Z Version=0
Feb 20 2014 14:22:21.427 IACIS-HDD-2014 CEF:1|Fox Forensics|Fox|0.0.0|100|An account was successfully logged on|10|AuthenticationPackageName=Negotiate Channel=Security Computer=IACIS-HDD-2014 EventID=4624 EventRecordID=3141 IpAddress=- IpPort=- KeyLength=0 Keywords=9232379236109516800 Level=0 LmPackageName=- LogonGuid=00000000-0000-0000-0000-000000000000 LogonProcessName=Advapi   LogonType=4 Opcode=0 ProcessID=512 ProcessId=960 ProcessName=C:\\Windows\\System32\\svchost.exe ProviderGuid=54849625-5478-4994-A5BA-3E3B0328C30D ProviderName=Microsoft-Windows-Security-Auditing SubjectDomainName=WORKGROUP SubjectLogonId=999 SubjectUserName=IACIS-HDD-2014$ SubjectUserSid=S-1-5-18 TargetDomainName=IACIS-HDD-2014 TargetLogonId=88227 TargetUserName=BillyBob TargetUserSid=S-1-5-21-1171287513-3642516788-2358256967-1001 Task=12544 ThreadID=584 TimeCreated=2014-02-20T14:22:21.427236795Z TransmittedServices=- Version=0 WorkstationName=IACIS-HDD-2014
Feb 20 2014 14:22:21.427 IACIS-HDD-2014 CEF:1|Fox Forensics|Fox|0.0.0|100|A logon was attempted using explicit credentials|10|Channel=Security Computer=IACIS-HDD-2014 EventID=4648 EventRecordID=3140 IpAddress=- IpPort=- Keywords=9232379236109516800 Level=0 LogonGuid=00000000-0000-0000-0000-000000000000 Opcode=0 ProcessID=512 ProcessId=960 ProcessName=C:\\Windows\\System32\\svchost.exe ProviderGuid=54849625-5478-4994-A5BA-3E3B0328C30D ProviderName=Microsoft-Windows-Security-Auditing SubjectDomainName=WORKGROUP SubjectLogonId=999 SubjectUserName=IACIS-HDD-2014$ SubjectUserSid=S-1-5-18 TargetDomainName=IACIS-HDD-2014 TargetInfo=localhost TargetLogonGuid=00000000-0000-0000-0000-000000000000 TargetServerName=localhost TargetUserName=BillyBob Task=12544 ThreadID=584 TimeCreated=2014-02-20T14:22:21.427236795Z Version=0
Feb 20 2014 14:22:21.447 IACIS-HDD-2014 CEF:1|Fox Forensics|Fox|0.0.0|100|An account was successfully logged on|10|AuthenticationPackageName=Negotiate Channel=Security Computer=IACIS-HDD-2014 EventID=4624 EventRecordID=3143 IpAddress=- IpPort=- KeyLength=0 Keywords=9232379236109516800 Level=0 LmPackageName=- LogonGuid=00000000-0000-0000-0000-000000000000 LogonProcessName=Advapi   LogonType=5 Opcode=0 ProcessID=512 ProcessId=504 ProcessName=C:\\Windows\\System32\\services.exe ProviderGuid=54849625-5478-4994-A5BA-3E3B0328C30D ProviderName=Microsoft-Windows-Security-Auditing SubjectDomainName=WORKGROUP SubjectLogonId=999 SubjectUserName=IACIS-HDD-2014$ SubjectUserSid=S-1-5-18 TargetDomainName=NT AUTHORITY TargetLogonId=999 TargetUserName=SYSTEM TargetUserSid=S-1-5-18 Task=12544 ThreadID=584 TimeCreated=2014-02-20T14:22:21.447236776Z TransmittedServices=- Version=0
Feb 20 2014 14:22:21.447 IACIS-HDD-2014 CEF:1|Fox Forensics|Fox|0.0.0|100|Special privileges assigned to new logon|10|Channel=Security Computer=IACIS-HDD-2014 EventID=4672 EventRecordID=3144 Keywords=9232379236109516800 Level=0 Opcode=0 PrivilegeList=SeAssignPrimaryTokenPrivilege     SeTcbPrivilege     SeSecurityPrivilege     SeTakeOwnershipPrivilege     SeLoadDriverPrivilege     SeBackupPrivilege     SeRestorePrivilege     SeDebugPrivilege     SeAuditPrivilege     SeSystemEnvironmentPrivilege     SeImpersonatePrivilege ProcessID=512 ProviderGuid=54849625-5478-4994-A5BA-3E3B0328C30D ProviderName=Microsoft-Windows-Security-Auditing SubjectDomainName=NT AUTHORITY SubjectLogonId=999 SubjectUserName=SYSTEM SubjectUserSid=S-1-5-18 Task=12548 ThreadID=584 TimeCreated=2014-02-20T14:22:21.447236776Z Version=0
Feb 20 2014 14:22:25.637 IACIS-HDD-2014 CEF:1|Fox Forensics|Fox|0.0.0|100|An account was successfully logged on|10|AuthenticationPackageName=NTLM Channel=Security Computer=IACIS-HDD-2014 EventID=4624 EventRecordID=3147 IpAddress=- IpPort=- KeyLength=0 Keywords=9232379236109516800 Level=0 LmPackageName=NTLM V1 LogonGuid=00000000-0000-0000-0000-000000000000 LogonProcessName=NtLmSsp  LogonType=3 Opcode=0 ProcessID=512 ProcessId=0 ProcessName=- ProviderGuid=54849625-5478-4994-A5BA-3E3B0328C30D ProviderName=Microsoft-Windows-Security-Auditing SubjectDomainName=- SubjectLogonId=0 SubjectUserName=- SubjectUserSid=S-1-0-0 TargetDomainName=NT AUTHORITY TargetLogonId=118117 TargetUserName=ANONYMOUS LOGON TargetUserSid=S-1-5-7 Task=12544 ThreadID=584 TimeCreated=2014-02-20T14:22:25.63724327Z TransmittedServices=- Version=0
Feb 20 2014 14:22:25.687 IACIS-HDD-2014 CEF:1|Fox Forensics|Fox|0.0.0|100|An account was successfully logged on|10|AuthenticationPackageName=Negotiate Channel=Security Computer=IACIS-HDD-2014 EventID=4624 EventRecordID=3148 IpAddress=- IpPort=- KeyLength=0 Keywords=9232379236109516800 Level=0 LmPackageName=- LogonGuid=00000000-0000-0000-0000-000000000000 LogonProcessName=Advapi   LogonType=5 Opcode=0 ProcessID=512 ProcessId=504 ProcessName=C:\\Windows\\System32\\services.exe ProviderGuid=54849625-5478-4994-A5BA-3E3B0328C30D ProviderName=Microsoft-Windows-Security-Auditing SubjectDomainName=WORKGROUP SubjectLogonId=999 SubjectUserName=IACIS-HDD-2014$ SubjectUserSid=S-1-5-18 TargetDomainName=NT AUTHORITY TargetLogonId=999 TargetUserName=SYSTEM TargetUserSid=S-1-5-18 Task=12544 ThreadID=584 TimeCreated=2014-02-20T14:22:25.687243223Z TransmittedServices=- Version=0
Feb 20 2014 14:22:25.687 IACIS-HDD-2014 CEF:1|Fox Forensics|Fox|0.0.0|100|Special privileges assigned to new logon|10|Channel=Security Computer=IACIS-HDD-2014 EventID=4672 EventRecordID=3149 Keywords=9232379236109516800 Level=0 Opcode=0 PrivilegeList=SeAssignPrimaryTokenPrivilege     SeTcbPrivilege     SeSecurityPrivilege     SeTakeOwnershipPrivilege     SeLoadDriverPrivilege     SeBackupPrivilege     SeRestorePrivilege     SeDebugPrivilege     SeAuditPrivilege     SeSystemEnvironmentPrivilege     SeImpersonatePrivilege ProcessID=512 ProviderGuid=54849625-5478-4994-A5BA-3E3B0328C30D ProviderName=Microsoft-Windows-Security-Auditing SubjectDomainName=NT AUTHORITY SubjectLogonId=999 SubjectUserName=SYSTEM SubjectUserSid=S-1-5-18 Task=12548 ThreadID=584 TimeCreated=2014-02-20T14:22:25.687243223Z Version=0
Feb 20 2014 14:24:28.320 IACIS-HDD-2014 CEF:1|Fox Forensics|Fox|0.0.0|100|Special privileges assigned to new logon|10|Channel=Security Computer=IACIS-HDD-2014 EventID=4672 EventRecordID=3151 Keywords=9232379236109516800 Level=0 Opcode=0 PrivilegeList=SeAssignPrimaryTokenPrivilege     SeTcbPrivilege     SeSecurityPrivilege     SeTakeOwnershipPrivilege     SeLoadDriverPrivilege     SeBackupPrivilege     SeRestorePrivilege     SeDebugPrivilege     SeAuditPrivilege     SeSystemEnvironmentPrivilege     SeImpersonatePrivilege ProcessID=512 ProviderGuid=54849625-5478-4994-A5BA-3E3B0328C30D ProviderName=Microsoft-Windows-Security-Auditing SubjectDomainName=NT AUTHORITY SubjectLogonId=999 SubjectUserName=SYSTEM SubjectUserSid=S-1-5-18 Task=12548 ThreadID=584 TimeCreated=2014-02-20T14:24:28.320060729Z Version=0
Feb 20 2014 14:24:28.320 IACIS-HDD-2014 CEF:1|Fox Forensics|Fox|0.0.0|100|An account was successfully logged on|10|AuthenticationPackageName=Negotiate Channel=Security Computer=IACIS-HDD-2014 EventID=4624 EventRecordID=3150 IpAddress=- IpPort=- KeyLength=0 Keywords=9232379236109516800 Level=0 LmPackageName=- LogonGuid=00000000-0000-0000-0000-000000000000 LogonProcessName=Advapi   LogonType=5 Opcode=0 ProcessID=512 ProcessId=504 ProcessName=C:\\Windows\\System32\\services.exe ProviderGuid=54849625-5478-4994-A5BA-3E3B0328C30D ProviderName=Microsoft-Windows-Security-Auditing SubjectDomainName=WORKGROUP SubjectLogonId=999 SubjectUserName=IACIS-HDD-2014$ SubjectUserSid=S-1-5-18 TargetDomainName=NT AUTHORITY TargetLogonId=999 TargetUserName=SYSTEM TargetUserSid=S-1-5-18 Task=12544 ThreadID=584 TimeCreated=2014-02-20T14:24:28.320060729Z TransmittedServices=- Version=0
Feb 20 2014 14:30:25.529 IACIS-HDD-2014 CEF:1|Fox Forensics|Fox|0.0.0|100|A logon was attempted using explicit credentials|10|Channel=Security Computer=IACIS-HDD-2014 EventID=4648 EventRecordID=3153 IpAddress=127.0.0.1 IpPort=0 Keywords=9232379236109516800 Level=0 LogonGuid=00000000-0000-0000-0000-000000000000 Opcode=0 ProcessID=512 ProcessId=456 ProcessName=C:\\Windows\\System32\\winlogon.exe ProviderGuid=54849625-5478-4994-A5BA-3E3B0328C30D ProviderName=Microsoft-Windows-Security-Auditing SubjectDomainName=WORKGROUP SubjectLogonId=999 SubjectUserName=IACIS-HDD-2014$ SubjectUserSid=S-1-5-18 TargetDomainName=IACIS-HDD-2014 TargetInfo=localhost TargetLogonGuid=00000000-0000-0000-0000-000000000000 TargetServerName=localhost TargetUserName=BillyBob Task=12544 ThreadID=2472 TimeCreated=2014-02-20T14:30:25.529488086Z Version=0
Feb 20 2014 14:30:25.529 IACIS-HDD-2014 CEF:1|Fox Forensics|Fox|0.0.0|100|An account was successfully logged on|10|AuthenticationPackageName=Negotiate Channel=Security Computer=IACIS-HDD-2014 EventID=4624 EventRecordID=3154 IpAddress=127.0.0.1 IpPort=0 KeyLength=0 Keywords=9232379236109516800 Level=0 LmPackageName=- LogonGuid=00000000-0000-0000-0000-000000000000 LogonProcessName=User32  LogonType=2 Opcode=0 ProcessID=512 ProcessId=456 ProcessName=C:\\Windows\\System32\\winlogon.exe ProviderGuid=54849625-5478-4994-A5BA-3E3B0328C30D ProviderName=Microsoft-Windows-Security-Auditing SubjectDomainName=WORKGROUP SubjectLogonId=999 SubjectUserName=IACIS-HDD-2014$ SubjectUserSid=S-1-5-18 TargetDomainName=IACIS-HDD-2014 TargetLogonId=215333 TargetUserName=BillyBob TargetUserSid=S-1-5-21-1171287513-3642516788-2358256967-1001 Task=12544 ThreadID=2472 TimeCreated=2014-02-20T14:30:25.529488086Z TransmittedServices=- Version=0 WorkstationName=IACIS-HDD-2014
Feb 20 2014 14:30:25.529 IACIS-HDD-2014 CEF:1|Fox Forensics|Fox|0.0.0|100|An account was successfully logged on|10|AuthenticationPackageName=Negotiate Channel=Security Computer=IACIS-HDD-2014 EventID=4624 EventRecordID=3155 IpAddress=127.0.0.1 IpPort=0 KeyLength=0 Keywords=9232379236109516800 Level=0 LmPackageName=- LogonGuid=00000000-0000-0000-0000-000000000000 LogonProcessName=User32  LogonType=2 Opcode=0 ProcessID=512 ProcessId=456 ProcessName=C:\\Windows\\System32\\winlogon.exe ProviderGuid=54849625-5478-4994-A5BA-3E3B0328C30D ProviderName=Microsoft-Windows-Security-Auditing SubjectDomainName=WORKGROUP SubjectLogonId=999 SubjectUserName=IACIS-HDD-2014$ SubjectUserSid=S-1-5-18 TargetDomainName=IACIS-HDD-2014 TargetLogonId=215357 TargetUserName=BillyBob TargetUserSid=S-1-5-21-1171287513-3642516788-2358256967-1001 Task=12544 ThreadID=2472 TimeCreated=2014-02-20T14:30:25.529488086Z TransmittedServices=- Version=0 WorkstationName=IACIS-HDD-2014
Feb 20 2014 14:30:25.529 IACIS-HDD-2014 CEF:1|Fox Forensics|Fox|0.0.0|100|Special privileges assigned to new logon|10|Channel=Security Computer=IACIS-HDD-2014 EventID=4672 EventRecordID=3156 Keywords=9232379236109516800 Level=0 Opcode=0 PrivilegeList=SeSecurityPrivilege     SeTakeOwnershipPrivilege     SeLoadDriverPrivilege     SeBackupPrivilege     SeRestorePrivilege     SeDebugPrivilege     SeSystemEnvironmentPrivilege     SeImpersonatePrivilege ProcessID=512 ProviderGuid=54849625-5478-4994-A5BA-3E3B0328C30D ProviderName=Microsoft-Windows-Security-Auditing SubjectDomainName=IACIS-HDD-2014 SubjectLogonId=215333 SubjectUserName=BillyBob SubjectUserSid=S-1-5-21-1171287513-3642516788-2358256967-1001 Task=12548 ThreadID=2472 TimeCreated=2014-02-20T14:30:25.529488086Z Version=0
Feb 20 2014 15:19:44.841 IACIS-HDD-2014 CEF:1|Fox Forensics|Fox|0.0.0|100|Special privileges assigned to new logon|10|Channel=Security Computer=IACIS-HDD-2014 EventID=4672 EventRecordID=3158 Keywords=9232379236109516800 Level=0 Opcode=0 PrivilegeList=SeAssignPrimaryTokenPrivilege     SeTcbPrivilege     SeSecurityPrivilege     SeTakeOwnershipPrivilege     SeLoadDriverPrivilege     SeBackupPrivilege     SeRestorePrivilege     SeDebugPrivilege     SeAuditPrivilege     SeSystemEnvironmentPrivilege     SeImpersonatePrivilege ProcessID=512 ProviderGuid=54849625-5478-4994-A5BA-3E3B0328C30D ProviderName=Microsoft-Windows-Security-Auditing SubjectDomainName=NT AUTHORITY SubjectLogonId=999 SubjectUserName=SYSTEM SubjectUserSid=S-1-5-18 Task=12548 ThreadID=364 TimeCreated=2014-02-20T15:19:44.841091156Z Version=0
Feb 20 2014 15:19:44.841 IACIS-HDD-2014 CEF:1|Fox Forensics|Fox|0.0.0|100|An account was successfully logged on|10|AuthenticationPackageName=Negotiate Channel=Security Computer=IACIS-HDD-2014 EventID=4624 EventRecordID=3157 IpAddress=- IpPort=- KeyLength=0 Keywords=9232379236109516800 Level=0 LmPackageName=- LogonGuid=00000000-0000-0000-0000-000000000000 LogonProcessName=Advapi   LogonType=5 Opcode=0 ProcessID=512 ProcessId=504 ProcessName=C:\\Windows\\System32\\services.exe ProviderGuid=54849625-5478-4994-A5BA-3E3B0328C30D ProviderName=Microsoft-Windows-Security-Auditing SubjectDomainName=WORKGROUP SubjectLogonId=999 SubjectUserName=IACIS-HDD-2014$ SubjectUserSid=S-1-5-18 TargetDomainName=NT AUTHORITY TargetLogonId=999 TargetUserName=SYSTEM TargetUserSid=S-1-5-18 Task=12544 ThreadID=364 TimeCreated=2014-02-20T15:19:44.841091156Z TransmittedServices=- Version=0
Feb 20 2014 15:29:38.952 IACIS-HDD-2014 CEF:1|Fox Forensics|Fox|0.0.0|100|Special privileges assigned to new logon|10|Channel=Security Computer=IACIS-HDD-2014 EventID=4672 EventRecordID=3160 Keywords=9232379236109516800 Level=0 Opcode=0 PrivilegeList=SeAssignPrimaryTokenPrivilege     SeTcbPrivilege     SeSecurityPrivilege     SeTakeOwnershipPrivilege     SeLoadDriverPrivilege     SeBackupPrivilege     SeRestorePrivilege     SeDebugPrivilege     SeAuditPrivilege     SeSystemEnvironmentPrivilege     SeImpersonatePrivilege ProcessID=512 ProviderGuid=54849625-5478-4994-A5BA-3E3B0328C30D ProviderName=Microsoft-Windows-Security-Auditing SubjectDomainName=NT AUTHORITY SubjectLogonId=999 SubjectUserName=SYSTEM SubjectUserSid=S-1-5-18 Task=12548 ThreadID=2472 TimeCreated=2014-02-20T15:29:38.952534437Z Version=0
Feb 20 2014 15:29:38.952 IACIS-HDD-2014 CEF:1|Fox Forensics|Fox|0.0.0|100|An account was successfully logged on|10|AuthenticationPackageName=Negotiate Channel=Security Computer=IACIS-HDD-2014 EventID=4624 EventRecordID=3159 IpAddress=- IpPort=- KeyLength=0 Keywords=9232379236109516800 Level=0 LmPackageName=- LogonGuid=00000000-0000-0000-0000-000000000000 LogonProcessName=Advapi   LogonType=5 Opcode=0 ProcessID=512 ProcessId=504 ProcessName=C:\\Windows\\System32\\services.exe ProviderGuid=54849625-5478-4994-A5BA-3E3B0328C30D ProviderName=Microsoft-Windows-Security-Auditing SubjectDomainName=WORKGROUP SubjectLogonId=999 SubjectUserName=IACIS-HDD-2014$ SubjectUserSid=S-1-5-18 TargetDomainName=NT AUTHORITY TargetLogonId=999 TargetUserName=SYSTEM TargetUserSid=S-1-5-18 Task=12544 ThreadID=2472 TimeCreated=2014-02-20T15:29:38.952534437Z TransmittedServices=- Version=0
Feb 20 2014 15:29:39.404 IACIS-HDD-2014 CEF:1|Fox Forensics|Fox|0.0.0|100|Special privileges assigned to new logon|10|Channel=Security Computer=IACIS-HDD-2014 EventID=4672 EventRecordID=3162 Keywords=9232379236109516800 Level=0 Opcode=0 PrivilegeList=SeAssignPrimaryTokenPrivilege     SeTcbPrivilege     SeSecurityPrivilege     SeTakeOwnershipPrivilege     SeLoadDriverPrivilege     SeBackupPrivilege     SeRestorePrivilege     SeDebugPrivilege     SeAuditPrivilege     SeSystemEnvironmentPrivilege     SeImpersonatePrivilege ProcessID=512 ProviderGuid=54849625-5478-4994-A5BA-3E3B0328C30D ProviderName=Microsoft-Windows-Security-Auditing SubjectDomainName=NT AUTHORITY SubjectLogonId=999 SubjectUserName=SYSTEM SubjectUserSid=S-1-5-18 Task=12548 ThreadID=2472 TimeCreated=2014-02-20T15:29:39.404936075Z Version=0
Feb 20 2014 15:29:39.404 IACIS-HDD-2014 CEF:1|Fox Forensics|Fox|0.0.0|100|An account was successfully logged on|10|AuthenticationPackageName=Negotiate Channel=Security Computer=IACIS-HDD-2014 EventID=4624 EventRecordID=3161 IpAddress=- IpPort=- KeyLength=0 Keywords=9232379236109516800 Level=0 LmPackageName=- LogonGuid=00000000-0000-0000-0000-000000000000 LogonProcessName=Advapi   LogonType=5 Opcode=0 ProcessID=512 ProcessId=504 ProcessName=C:\\Windows\\System32\\services.exe ProviderGuid=54849625-5478-4994-A5BA-3E3B0328C30D ProviderName=Microsoft-Windows-Security-Auditing SubjectDomainName=WORKGROUP SubjectLogonId=999 SubjectUserName=IACIS-HDD-2014$ SubjectUserSid=S-1-5-18 TargetDomainName=NT AUTHORITY TargetLogonId=999 TargetUserName=SYSTEM TargetUserSid=S-1-5-18 Task=12544 ThreadID=2472 TimeCreated=2014-02-20T15:29:39.404936075Z TransmittedServices=- Version=0
Feb 20 2014 17:46:52.212 IACIS-HDD-2014 CEF:1|Fox Forensics|Fox|0.0.0|100|An account was successfully logged on|10|AuthenticationPackageName=Negotiate Channel=Security Computer=IACIS-HDD-2014 EventID=4624 EventRecordID=3164 IpAddress=127.0.0.1 IpPort=0 KeyLength=0 Keywords=9232379236109516800 Level=0 LmPackageName=- LogonGuid=00000000-0000-0000-0000-000000000000 LogonProcessName=User32  LogonType=7 Opcode=0 ProcessID=512 ProcessId=456 ProcessName=C:\\Windows\\System32\\winlogon.exe ProviderGuid=54849625-5478-4994-A5BA-3E3B0328C30D ProviderName=Microsoft-Windows-Security-Auditing SubjectDomainName=WORKGROUP SubjectLogonId=999 SubjectUserName=IACIS-HDD-2014$ SubjectUserSid=S-1-5-18 TargetDomainName=IACIS-HDD-2014 TargetLogonId=1191707 TargetUserName=BillyBob TargetUserSid=S-1-5-21-1171287513-3642516788-2358256967-1001 Task=12544 ThreadID=2472 TimeCreated=2014-02-20T17:46:52.212196826Z TransmittedServices=- Version=0 WorkstationName=IACIS-HDD-2014
Feb 20 2014 17:46:52.212 IACIS-HDD-2014 CEF:1|Fox Forensics|Fox|0.0.0|100|A logon was attempted using explicit credentials|10|Channel=Security Computer=IACIS-HDD-2014 EventID=4648 EventRecordID=3163 IpAddress=127.0.0.1 IpPort=0 Keywords=9232379236109516800 Level=0 LogonGuid=00000000-0000-0000-0000-000000000000 Opcode=0 ProcessID=512 ProcessId=456 ProcessName=C:\\Windows\\System32\\winlogon.exe ProviderGuid=54849625-5478-4994-A5BA-3E3B0328C30D ProviderName=Microsoft-Windows-Security-Auditing SubjectDomainName=WORKGROUP SubjectLogonId=999 SubjectUserName=IACIS-HDD-2014$ SubjectUserSid=S-1-5-18 TargetDomainName=IACIS-HDD-2014 TargetInfo=localhost TargetLogonGuid=00000000-0000-0000-0000-000000000000 TargetServerName=localhost TargetUserName=BillyBob Task=12544 ThreadID=2472 TimeCreated=2014-02-20T17:46:52.212196826Z Version=0
Feb 20 2014 17:46:52.212 IACIS-HDD-2014 CEF:1|Fox Forensics|Fox|0.0.0|100|An account was successfully logged on|10|AuthenticationPackageName=Negotiate Channel=Security Computer=IACIS-HDD-2014 EventID=4624 EventRecordID=3165 IpAddress=127.0.0.1 IpPort=0 KeyLength=0 Keywords=9232379236109516800 Level=0 LmPackageName=- LogonGuid=00000000-0000-0000-0000-000000000000 LogonProcessName=User32  LogonType=7 Opcode=0 ProcessID=512 ProcessId=456 ProcessName=C:\\Windows\\System32\\winlogon.exe ProviderGuid=54849625-5478-4994-A5BA-3E3B0328C30D ProviderName=Microsoft-Windows-Security-Auditing SubjectDomainName=WORKGROUP SubjectLogonId=999 SubjectUserName=IACIS-HDD-2014$ SubjectUserSid=S-1-5-18 TargetDomainName=IACIS-HDD-2014 TargetLogonId=1191721 TargetUserName=BillyBob TargetUserSid=S-1-5-21-1171287513-3642516788-2358256967-1001 Task=12544 ThreadID=2472 TimeCreated=2014-02-20T17:46:52.212196826Z TransmittedServices=- Version=0 WorkstationName=IACIS-HDD-2014
Feb 20 2014 17:46:52.212 IACIS-HDD-2014 CEF:1|Fox Forensics|Fox|0.0.0|100|Special privileges assigned to new logon|10|Channel=Security Computer=IACIS-HDD-2014 EventID=4672 EventRecordID=3166 Keywords=9232379236109516800 Level=0 Opcode=0 PrivilegeList=SeSecurityPrivilege     SeTakeOwnershipPrivilege     SeLoadDriverPrivilege     SeBackupPrivilege     SeRestorePrivilege     SeDebugPrivilege     SeSystemEnvironmentPrivilege     SeImpersonatePrivilege ProcessID=512 ProviderGuid=54849625-5478-4994-A5BA-3E3B0328C30D ProviderName=Microsoft-Windows-Security-Auditing SubjectDomainName=IACIS-HDD-2014 SubjectLogonId=1191707 SubjectUserName=BillyBob SubjectUserSid=S-1-5-21-1171287513-3642516788-2358256967-1001 Task=12548 ThreadID=2472 TimeCreated=2014-02-20T17:46:52.212196826Z Version=0
