{"time":"2018-01-03T11:08:39.3409753Z","host":"IE11WIN8_1","user":"S-1-5-18","message":"Installation Successful: Windows successfully installed the following update: $1","severity":3,"sequence":"618","source":"eventlog","category":"System","service":"Microsoft-Windows-WindowsUpdateClient","fields":{"Channel":"System","Computer":"IE11WIN8_1","EventID":"19","EventRecordID":"618","Keywords":"9223372036854775832","Level":"4","Opcode":"13","ProcessID":"732","ProviderGuid":"945A8954-C147-4ACD-923F-40C45405A658","ProviderName":"Microsoft-Windows-WindowsUpdateClient","Task":"1","ThreadID":"2612","TimeCreated":"2018-01-03T11:08:39.340975999Z","UserID":"S-1-5-18","Version":"1","serviceGuid":"7971F918-A847-4430-9279-4A52D1EFE18D","updateGuid":"BFB31016-BD65-4BBD-9EE1-54865AECD97A","updateRevisionNumber":"201","updateTitle":"Update for Windows 8.1 for x64-based Systems (KB3077715)"}}
{"time":"2018-01-03T11:08:39.3409753Z","host":"IE11WIN8_1","user":"S-1-5-18","message":"Installation Successful: Windows successfully installed the following update: $1","severity":3,"sequence":"621","source":"eventlog","category":"System","service":"Microsoft-Windows-WindowsUpdateClient","fields":{"Channel":"System","Computer":"IE11WIN8_1","EventID":"19","EventRecordID":"621","Keywords":"9223372036854775832","Level":"4","Opcode":"13","ProcessID":"732","ProviderGuid":"945A8954-C147-4ACD-923F-40C45405A658","ProviderName":"Microsoft-Windows-WindowsUpdateClient","Task":"1","ThreadID":"2612","TimeCreated":"2018-01-03T11:08:39.340975999Z","UserID":"S-1-5-18","Version":"1","serviceGuid":"7971F918-A847-4430-9279-4A52D1EFE18D","updateGuid":"472987C8-A54B-42C0-900B-F698949D88B3","updateRevisionNumber":"202","updateTitle":"Security Update for Microsoft .NET Framework 4.5.1 and 4.5.2 on Windows 8.1 and Windows Server 2012 R2 x64-based Systems (KB3074548)"}}
{"time":"2018-01-03T11:08:39.3409753Z","host":"IE11WIN8_1","user":"S-1-5-18","message":"Installation Successful: Windows successfully installed the following update: $1","severity":3,"sequence":"700","source":"eventlog","category":"System","service":"Microsoft-Windows-WindowsUpdateClient","fields":{"Channel":"System","Computer":"IE11WIN8_1","EventID":"19","EventRecordID":"700","Keywords":"9223372036854775832","Level":"4","Opcode":"13","ProcessID":"732","ProviderGuid":"945A8954-C147-4ACD-923F-40C45405A658","ProviderName":"Microsoft-Windows-WindowsUpdateClient","Task":"1","ThreadID":"2612","TimeCreated":"2018-01-03T11:08:39.340975999Z","UserID":"S-1-5-18","Version":"1","serviceGuid":"7971F918-A847-4430-9279-4A52D1EFE18D","updateGuid":"17D8AF3E-5CB5-45DE-B502-569C841F467D","updateRevisionNumber":"200","updateTitle":"Update for Windows 8.1 for x64-based Systems (KB3013410)"}}
{"time":"2018-01-03T11:08:39.3409753Z","host":"IE11WIN8_1","user":"S-1-5-18","message":"Installation Successful: Windows successfully installed the following update: $1","severity":3,"sequence":"659","source":"eventlog","category":"System","service":"Microsoft-Windows-WindowsUpdateClient","fields":{"Channel":"System","Computer":"IE11WIN8_1","EventID":"19","EventRecordID":"659","Keywords":"9223372036854775832","Level":"4","Opcode":"13","ProcessID":"732","ProviderGuid":"945A8954-C147-4ACD-923F-40C45405A658","ProviderName":"Microsoft-Windows-WindowsUpdateClient","Task":"1","ThreadID":"2612","TimeCreated":"2018-01-03T11:08:39.340975999Z","UserID":"S-1-5-18","Version":"1","serviceGuid":"7971F918-A847-4430-9279-4A52D1EFE18D","updateGuid":"D1B3DEB5-5959-4399-BF8F-58DB0897EF86","updateRevisionNumber":"201","updateTitle":"Update for Windows 8.1 for x64-based Systems (KB3045719)"}}
{"time":"2018-01-03T11:08:39.3409753Z","host":"IE11WIN8_1","user":"S-1-5-18","message":"Installation Successful: Windows successfully installed the following update: $1","severity":3,"sequence":"609","source":"eventlog","category":"System","service":"Microsoft-Windows-WindowsUpdateClient","fields":{"Channel":"System","Computer":"IE11WIN8_1","EventID":"19","EventRecordID":"609","Keywords":"9223372036854775832","Level":"4","Opcode":"13","ProcessID":"732","ProviderGuid":"945A8954-C147-4ACD-923F-40C45405A658","ProviderName":"Microsoft-Windows-WindowsUpdateClient","Task":"1","ThreadID":"2612","TimeCreated":"2018-01-03T11:08:39.340975999Z","UserID":"S-1-5-18","Version":"1","serviceGuid":"7971F918-A847-4430-9279-4A52D1EFE18D","updateGuid":"6C2D18D2-B484-4F09-BC46-8CF234FB5F27","updateRevisionNumber":"201","updateTitle":"Update for Windows 8.1 for x64-based Systems (KB3078405)"}}
{"time":"2018-01-03T11:08:39.3409753Z","host":"IE11WIN8_1","user":"S-1-5-18","message":"Installation Successful: Windows successfully installed the following update: $1","severity":3,"sequence":"653","source":"eventlog","category":"System","service":"Microsoft-Windows-WindowsUpdateClient","fields":{"Channel":"System","Computer":"IE11WIN8_1","EventID":"19","EventRecordID":"653","Keywords":"9223372036854775832","Level":"4","Opcode":"13","ProcessID":"732","ProviderGuid":"945A8954-C147-4ACD-923F-40C45405A658","ProviderName":"Microsoft-Windows-WindowsUpdateClient","Task":"1","ThreadID":"2612","TimeCreated":"2018-01-03T11:08:39.340975999Z","UserID":"S-1-5-18","Version":"1","serviceGuid":"7971F918-A847-4430-9279-4A52D1EFE18D","updateGuid":"02E4C095-04CC-40CC-8AE9-18DE81997C8E","updateRevisionNumber":"201","updateTitle":"Update for Windows 8.1 for x64-based Systems (KB3055323)"}}
{"time":"2018-01-03T11:08:39.3409753Z","host":"IE11WIN8_1","user":"S-1-5-18","message":"Installation Successful: Windows successfully installed the following update: $1","severity":3,"sequence":"668","source":"eventlog","category":"System","service":"Microsoft-Windows-WindowsUpdateClient","fields":{"Channel":"System","Computer":"IE11WIN8_1","EventID":"19","EventRecordID":"668","Keywords":"9223372036854775832","Level":"4","Opcode":"13","ProcessID":"732","ProviderGuid":"945A8954-C147-4ACD-923F-40C45405A658","ProviderName":"Microsoft-Windows-WindowsUpdateClient","Task":"1","ThreadID":"2612","TimeCreated":"2018-01-03T11:08:39.340975999Z","UserID":"S-1-5-18","Version":"1","serviceGuid":"7971F918-A847-4430-9279-4A52D1EFE18D","updateGuid":"F86218D8-2F49-4737-92CF-20C8D3BFA59B","updateRevisionNumber":"201","updateTitle":"Update for Windows 8.1 for x64-based Systems (KB3048043)"}}
{"time":"2018-01-03T11:08:39.3409753Z","host":"IE11WIN8_1","user":"S-1-5-18","message":"Installation Successful: Windows successfully installed the following update: $1","severity":3,"sequence":"680","source":"eventlog","category":"System","service":"Microsoft-Windows-WindowsUpdateClient","fields":{"Channel":"System","Computer":"IE11WIN8_1","EventID":"19","EventRecordID":"680","Keywords":"9223372036854775832","Level":"4","Opcode":"13","ProcessID":"732","ProviderGuid":"945A8954-C147-4ACD-923F-40C45405A658","ProviderName":"Microsoft-Windows-WindowsUpdateClient","Task":"1","ThreadID":"2612","TimeCreated":"2018-01-03T11:08:39.340975999Z","UserID":"S-1-5-18","Version":"1","serviceGuid":"7971F918-A847-4430-9279-4A52D1EFE18D","updateGuid":"D037967E-0FEF-493C-BD34-9D99EB63756C","updateRevisionNumber":"201","updateTitle":"Update for Windows 8.1 for x64-based Systems (KB3042085)"}}
{"time":"2018-01-03T11:08:39.3409753Z","host":"IE11WIN8_1","user":"S-1-5-18","message":"Installation Successful: Windows successfully installed the following update: $1","severity":3,"sequence":"628","source":"eventlog","category":"System","service":"Microsoft-Windows-WindowsUpdateClient","fields":{"Channel":"System","Computer":"IE11WIN8_1","EventID":"19","EventRecordID":"628","Keywords":"9223372036854775832","Level":"4","Opcode":"13","ProcessID":"732","ProviderGuid":"945A8954-C147-4ACD-923F-40C45405A658","ProviderName":"Microsoft-Windows-WindowsUpdateClient","Task":"1","ThreadID":"2612","TimeCreated":"2018-01-03T11:08:39.340975999Z","UserID":"S-1-5-18","Version":"1","serviceGuid":"7971F918-A847-4430-9279-4A52D1EFE18D","updateGuid":"C21D5D25-4F3D-42C4-85BA-56A60C098177","updateRevisionNumber":"202","updateTitle":"Security Update for Windows 8.1 for x64-based Systems (KB3075220)"}}
{"time":"2018-01-03T11:08:39.3409753Z","host":"IE11WIN8_1","user":"S-1-5-18","message":"Installation Successful: Windows successfully installed the following update: $1","severity":3,"sequence":"684","source":"eventlog","category":"System","service":"Microsoft-Windows-WindowsUpdateClient","fields":{"Channel":"System","Computer":"IE11WIN8_1","EventID":"19","EventRecordID":"684","Keywords":"9223372036854775832","Level":"4","Opcode":"13","ProcessID":"732","ProviderGuid":"945A8954-C147-4ACD-923F-40C45405A658","ProviderName":"Microsoft-Windows-WindowsUpdateClient","Task":"1","ThreadID":"2612","TimeCreated":"2018-01-03T11:08:39.340975999Z","UserID":"S-1-5-18","Version":"1","serviceGuid":"7971F918-A847-4430-9279-4A52D1EFE18D","updateGuid":"CC6BBF1C-B514-4FD9-B615-905B13EAEED4","updateRevisionNumber":"200","updateTitle":"Update for Windows 8.1 for x64-based Systems (KB3036612)"}}
{"time":"2018-01-03T11:08:39.3409753Z","host":"IE11WIN8_1","user":"S-1-5-18","message":"Installation Successful: Windows successfully installed the following update: $1","severity":3,"sequence":"633","source":"eventlog","category":"System","service":"Microsoft-Windows-WindowsUpdateClient","fields":{"Channel":"System","Computer":"IE11WIN8_1","EventID":"19","EventRecordID":"633","Keywords":"9223372036854775832","Level":"4","Opcode":"13","ProcessID":"732","ProviderGuid":"945A8954-C147-4ACD-923F-40C45405A658","ProviderName":"Microsoft-Windows-WindowsUpdateClient","Task":"1","ThreadID":"2612","TimeCreated":"2018-01-03T11:08:39.340975999Z","UserID":"S-1-5-18","Version":"1","serviceGuid":"7971F918-A847-4430-9279-4A52D1EFE18D","updateGuid":"57AB3D3F-EDB5-4FC2-B85F-286B71179266","updateRevisionNumber":"201","updateTitle":"Update for Windows 8.1 for x64-based Systems (KB3061493)"}}
{"time":"2018-01-03T11:08:39.3409753Z","host":"IE11WIN8_1","user":"S-1-5-18","message":"Installation Successful: Windows successfully installed the following update: $1","severity":3,"sequence":"626","source":"eventlog","category":"System","service":"Microsoft-Windows-WindowsUpdateClient","fields":{"Channel":"System","Computer":"IE11WIN8_1","EventID":"19","EventRecordID":"626","Keywords":"9223372036854775832","Level":"4","Opcode":"13","ProcessID":"732","ProviderGuid":"945A8954-C147-4ACD-923F-40C45405A658","ProviderName":"Microsoft-Windows-WindowsUpdateClient","Task":"1","ThreadID":"2612","TimeCreated":"2018-01-03T11:08:39.340975999Z","UserID":"S-1-5-18","Version":"1","serviceGuid":"7971F918-A847-4430-9279-4A52D1EFE18D","updateGuid":"DA38C278-D10C-4CA3-850F-CCE257DA60E7","updateRevisionNumber":"203","updateTitle":"Security Update for Windows 8.1 for x64-based Systems (KB3076949)"}}
{"time":"2018-01-03T11:08:39.3409753Z","host":"IE11WIN8_1","user":"S-1-5-18","message":"Installation Successful: Windows successfully installed the following update: $1","severity":3,"sequence":"683","source":"eventlog","category":"System","service":"Microsoft-Windows-WindowsUpdateClient","fields":{"Channel":"System","Computer":"IE11WIN8_1","EventID":"19","EventRecordID":"683","Keywords":"9223372036854775832","Level":"4","Opcode":"13","ProcessID":"732","ProviderGuid":"945A8954-C147-4ACD-923F-40C45405A658","ProviderName":"Microsoft-Windows-WindowsUpdateClient","Task":"1","ThreadID":"2612","TimeCreated":"2018-01-03T11:08:39.340975999Z","UserID":"S-1-5-18","Version":"1","serviceGuid":"7971F918-A847-4430-9279-4A52D1EFE18D","updateGuid":"AAB8AA3F-3498-47D9-87DF-B733FF3F8901","updateRevisionNumber":"201","updateTitle":"Security Update for Windows 8.1 for x64-based Systems (KB3030377)"}}
{"time":"2018-01-03T11:08:39.3409753Z","host":"IE11WIN8_1","user":"S-1-5-18","message":"Installation Successful: Windows successfully installed the following update: $1","severity":3,"sequence":"681","source":"eventlog","category":"System","service":"Microsoft-Windows-WindowsUpdateClient","fields":{"Channel":"System","Computer":"IE11WIN8_1","EventID":"19","EventRecordID":"681","Keywords":"9223372036854775832","Level":"4","Opcode":"13","ProcessID":"732","ProviderGuid":"945A8954-C147-4ACD-923F-40C45405A658","ProviderName":"Microsoft-Windows-WindowsUpdateClient","Task":"1","ThreadID":"2612","TimeCreated":"2018-01-03T11:08:39.340975999Z","UserID":"S-1-5-18","Version":"1","serviceGuid":"7971F918-A847-4430-9279-4A52D1EFE18D","updateGuid":"26E2A7EE-34D5-4161-AB79-56625337046F","updateRevisionNumber":"208","updateTitle":"Windows 8.1 Update for x64-based Systems (KB2919355)"}}
{"time":"2018-01-03T11:08:39.3409753Z","host":"IE11WIN8_1","user":"S-1-5-18","message":"Installation Successful: Windows successfully installed the following update: $1","severity":3,"sequence":"676","source":"eventlog","category":"System","service":"Microsoft-Windows-WindowsUpdateClient","fields":{"Channel":"System","Computer":"IE11WIN8_1","EventID":"19","EventRecordID":"676","Keywords":"9223372036854775832","Level":"4","Opcode":"13","ProcessID":"732","ProviderGuid":"945A8954-C147-4ACD-923F-40C45405A658","ProviderName":"Microsoft-Windows-WindowsUpdateClient","Task":"1","ThreadID":"2612","TimeCreated":"2018-01-03T11:08:39.340975999Z","UserID":"S-1-5-18","Version":"1","serviceGuid":"7971F918-A847-4430-9279-4A52D1EFE18D","updateGuid":"5ECDBB81-A027-4B1C-A75D-BC517AA3A6D2","updateRevisionNumber":"205","updateTitle":"Security Update for Windows 8.1 for x64-based Systems (KB3045999)"}}
{"time":"2018-01-03T11:08:39.3409753Z","host":"IE11WIN8_1","user":"S-1-5-18","message":"Installation Successful: Windows successfully installed the following update: $1","severity":3,"sequence":"694","source":"eventlog","category":"System","service":"Microsoft-Windows-WindowsUpdateClient","fields":{"Channel":"System","Computer":"IE11WIN8_1","EventID":"19","EventRecordID":"694","Keywords":"9223372036854775832","Level":"4","Opcode":"13","ProcessID":"732","ProviderGuid":"945A8954-C147-4ACD-923F-40C45405A658","ProviderName":"Microsoft-Windows-WindowsUpdateClient","Task":"1","ThreadID":"2612","TimeCreated":"2018-01-03T11:08:39.340975999Z","UserID":"S-1-5-18","Version":"1","serviceGuid":"7971F918-A847-4430-9279-4A52D1EFE18D","updateGuid":"06914D6D-83E2-4005-9194-002D34D4EE40","updateRevisionNumber":"200","updateTitle":"Update for Windows 8.1 for x64-based Systems (KB3016074)"}}
{"time":"2018-01-03T11:08:43.9042237Z","host":"IE11WIN8_1","user":"S-1-5-18","message":"Installation Successful: Windows successfully installed the following update: $1","severity":3,"sequence":"712","source":"eventlog","category":"System","service":"Microsoft-Windows-WindowsUpdateClient","fields":{"Channel":"System","Computer":"IE11WIN8_1","EventID":"19","EventRecordID":"712","Keywords":"9223372036854775832","Level":"4","Opcode":"13","ProcessID":"732","ProviderGuid":"945A8954-C147-4ACD-923F-40C45405A658","ProviderName":"Microsoft-Windows-WindowsUpdateClient","Task":"1","ThreadID":"2612","TimeCreated":"2018-01-03T11:08:43.904223918Z","UserID":"S-1-5-18","Version":"1","serviceGuid":"7971F918-A847-4430-9279-4A52D1EFE18D","updateGuid":"96E138DE-6DB6-4142-BF83-8AA2DFD6DC13","updateRevisionNumber":"202","updateTitle":"Security Update for Windows 8.1 for x64-based Systems (KB2973201)"}}
{"time":"2018-01-03T11:08:43.9042237Z","host":"IE11WIN8_1","user":"S-1-5-18","message":"Installation Successful: Windows successfully installed the following update: $1","severity":3,"sequence":"713","source":"eventlog","category":"System","service":"Microsoft-Windows-WindowsUpdateClient","fields":{"Channel":"System","Computer":"IE11WIN8_1","EventID":"19","EventRecordID":"713","Keywords":"9223372036854775832","Level":"4","Opcode":"13","ProcessID":"732","ProviderGuid":"945A8954-C147-4ACD-923F-40C45405A658","ProviderName":"Microsoft-Windows-WindowsUpdateClient","Task":"1","ThreadID":"2612","TimeCreated":"2018-01-03T11:08:43.904223918Z","UserID":"S-1-5-18","Version":"1","serviceGuid":"7971F918-A847-4430-9279-4A52D1EFE18D","updateGuid":"EA74DA4B-A2DB-44B3-BDFE-D19BC433A8E8","updateRevisionNumber":"200","updateTitle":"Security Update for Windows 8.1 for x64-based Systems (KB2962140)"}}
{"time":"2018-01-03T11:12:01.9190809Z","host":"IE11WIN8_1","user":"S-1-5-18","message":"The start type of the Background Intelligent Transfer Service service was changed from demand start to auto start","severity":3,"sequence":"714","source":"eventlog","category":"System","service":"Service Control Manager","fields":{"Channel":"System","Computer":"IE11WIN8_1","EventIDQualifiers":"16384","EventIDValue":"7040","EventRecordID":"714","Keywords":"9259400833873739776","Level":"4","Opcode":"0","ProcessID":"524","ProviderEventSourceName":"Service Control Manager","ProviderGuid":"{555908d1-a6d7-4695-8e1e-26931d2012f4}","ProviderName":"Service Control Manager","Task":"0","ThreadID":"2736","TimeCreated":"2018-01-03T11:12:01.919081687Z","UserID":"S-1-5-18","Version":"0","param1":"Background Intelligent Transfer Service","param2":"demand start","param3":"auto start","param4":"BITS"}}
{"time":"2018-01-03T11:12:02.2940171Z","host":"IE11WIN8_1","user":"S-1-5-18","message":"The start type of the Windows Modules Installer service was changed from demand start to auto start","severity":3,"sequence":"715","source":"eventlog","category":"System","service":"Service Control Manager","fields":{"Channel":"System","Computer":"IE11WIN8_1","EventIDQualifiers":"16384","EventIDValue":"7040","EventRecordID":"715","Keywords":"9259400833873739776","Level":"4","Opcode":"0","ProcessID":"524","ProviderEventSourceName":"Service Control Manager","ProviderGuid":"{555908d1-a6d7-4695-8e1e-26931d2012f4}","ProviderName":"Service Control Manager","Task":"0","ThreadID":"2736","TimeCreated":"2018-01-03T11:12:02.294017553Z","UserID":"S-1-5-18","Version":"0","param1":"Windows Modules Installer","param2":"demand start","param3":"auto start","param4":"TrustedInstaller"}}
{"time":"2018-01-03T11:12:02.8103461Z","host":"IE11WIN8_1","user":"S-1-5-18","message":"The start type of the Windows Modules Installer service was changed from auto start to demand start","severity":3,"sequence":"716","source":"eventlog","category":"System","service":"Service Control Manager","fields":{"Channel":"System","Computer":"IE11WIN8_1","EventIDQualifiers":"16384","EventIDValue":"7040","EventRecordID":"716","Keywords":"9259400833873739776","Level":"4","Opcode":"0","ProcessID":"524","ProviderEventSourceName":"Service Control Manager","ProviderGuid":"{555908d1-a6d7-4695-8e1e-26931d2012f4}","ProviderName":"Service Control Manager","Task":"0","ThreadID":"2736","TimeCreated":"2018-01-03T11:12:02.810345649Z","UserID":"S-1-5-18","Version":"0","param1":"Windows Modules Installer","param2":"auto start","param3":"demand start","param4":"TrustedInstaller"}}
{"time":"2018-01-03T11:12:13.7003754Z","host":"IE11WIN8_1","user":"S-1-5-18","message":"Windows Update started downloading an update","severity":3,"sequence":"717","source":"eventlog","category":"System","service":"Microsoft-Windows-WindowsUpdateClient","fields":{"Channel":"System","Computer":"IE11WIN8_1","EventID":"44","EventRecordID":"717","Keywords":"9223372036854784004","Level":"4","Opcode":"12","ProcessID":"732","ProviderGuid":"945A8954-C147-4ACD-923F-40C45405A658","ProviderName":"Microsoft-Windows-WindowsUpdateClient","Task":"1","ThreadID":"2612","TimeCreated":"2018-01-03T11:12:13.700376033Z","UserID":"S-1-5-18","Version":"0","updateGuid":"1345B0B8-AAFD-45B0-8811-37662F22E58A","updateRevisionNumber":"200"}}
{"time":"2018-01-03T11:12:15.0909301Z","host":"IE11WIN8_1","user":"S-1-5-18","message":"The start type of the Windows Modules Installer service was changed from demand start to auto start","severity":3,"sequence":"718","source":"eventlog","category":"System","service":"Service Control Manager","fields":{"Channel":"System","Computer":"IE11WIN8_1","EventIDQualifiers":"16384","EventIDValue":"7040","EventRecordID":"718","Keywords":"9259400833873739776","Level":"4","Opcode":"0","ProcessID":"524","ProviderEventSourceName":"Service Control Manager","ProviderGuid":"{555908d1-a6d7-4695-8e1e-26931d2012f4}","ProviderName":"Service Control Manager","Task":"0","ThreadID":"2736","TimeCreated":"2018-01-03T11:12:15.090929508Z","UserID":"S-1-5-18","Version":"0","param1":"Windows Modules Installer","param2":"demand start","param3":"auto start","param4":"TrustedInstaller"}}
{"time":"2018-01-03T11:12:16.0440814Z","host":"IE11WIN8_1","user":"S-1-5-18","message":"The start type of the Windows Modules Installer service was changed from auto start to demand start","severity":3,"sequence":"719","source":"eventlog","category":"System","service":"Service Control Manager","fields":{"Channel":"System","Computer":"IE11WIN8_1","EventIDQualifiers":"16384","EventIDValue":"7040","EventRecordID":"719","Keywords":"9259400833873739776","Level":"4","Opcode":"0","ProcessID":"524","ProviderEventSourceName":"Service Control Manager","ProviderGuid":"{555908d1-a6d7-4695-8e1e-26931d2012f4}","ProviderName":"Service Control Manager","Task":"0","ThreadID":"2736","TimeCreated":"2018-01-03T11:12:16.044081687Z","UserID":"S-1-5-18","Version":"0","param1":"Windows Modules Installer","param2":"auto start","param3":"demand start","param4":"TrustedInstaller"}}
{"time":"2018-01-03T11:12:18.6535773Z","host":"IE11WIN8_1","user":"S-1-5-18","message":"The start type of the Windows Modules Installer service was changed from demand start to auto start","severity":3,"sequence":"720","source":"eventlog","category":"System","service":"Service Control Manager","fields":{"Channel":"System","Computer":"IE11WIN8_1","EventIDQualifiers":"16384","EventIDValue":"7040","EventRecordID":"720","Keywords":"9259400833873739776","Level":"4","Opcode":"0","ProcessID":"524","ProviderEventSourceName":"Service Control Manager","ProviderGuid":"{555908d1-a6d7-4695-8e1e-26931d2012f4}","ProviderName":"Service Control Manager","Task":"0","ThreadID":"2736","TimeCreated":"2018-01-03T11:12:18.653577566Z","UserID":"S-1-5-18","Version":"0","param1":"Windows Modules Installer","param2":"demand start","param3":"auto start","param4":"TrustedInstaller"}}
{"time":"2018-01-03T11:12:18.7942401Z","host":"IE11WIN8_1","user":"S-1-5-18","message":"The start type of the Windows Modules Installer service was changed from auto start to demand start","severity":3,"sequence":"721","source":"eventlog","category":"System","service":"Service Control Manager","fields":{"Channel":"System","Computer":"IE11WIN8_1","EventIDQualifiers":"16384","EventIDValue":"7040","EventRecordID":"721","Keywords":"9259400833873739776","Level":"4","Opcode":"0","ProcessID":"524","ProviderEventSourceName":"Service Control Manager","ProviderGuid":"{555908d1-a6d7-4695-8e1e-26931d2012f4}","ProviderName":"Service Control Manager","Task":"0","ThreadID":"2736","TimeCreated":"2018-01-03T11:12:18.794239997Z","UserID":"S-1-5-18","Version":"0","param1":"Windows Modules Installer","param2":"auto start","param3":"demand start","param4":"TrustedInstaller"}}
{"time":"2018-01-03T11:12:20.7316629Z","host":"IE11WIN8_1","user":"S-1-5-18","message":"Windows Update started downloading an update","severity":3,"sequence":"723","source":"eventlog","category":"System","service":"Microsoft-Windows-WindowsUpdateClient","fields":{"Channel":"System","Computer":"IE11WIN8_1","EventID":"44","EventRecordID":"723","Keywords":"9223372036854784004","Level":"4","Opcode":"12","ProcessID":"732","ProviderGuid":"945A8954-C147-4ACD-923F-40C45405A658","ProviderName":"Microsoft-Windows-WindowsUpdateClient","Task":"1","ThreadID":"2612","TimeCreated":"2018-01-03T11:12:20.731662511Z","UserID":"S-1-5-18","Version":"0","updateGuid":"548767C6-078E-4323-A367-350DF86B8A5E","updateRevisionNumber":"200"}}
{"time":"2018-01-03T11:12:20.7316629Z","host":"IE11WIN8_1","user":"S-1-5-18","message":"Windows Update started downloading an update","severity":3,"sequence":"722","source":"eventlog","category":"System","service":"Microsoft-Windows-WindowsUpdateClient","fields":{"Channel":"System","Computer":"IE11WIN8_1","EventID":"44","EventRecordID":"722","Keywords":"9223372036854784004","Level":"4","Opcode":"12","ProcessID":"732","ProviderGuid":"945A8954-C147-4ACD-923F-40C45405A658","ProviderName":"Microsoft-Windows-WindowsUpdateClient","Task":"1","ThreadID":"2612","TimeCreated":"2018-01-03T11:12:20.731662511Z","UserID":"S-1-5-18","Version":"0","updateGuid":"9582F23E-D390-4FF3-A836-635D43A13EFD","updateRevisionNumber":"200"}}
{"time":"2018-01-03T11:12:21.1534288Z","host":"IE11WIN8_1","user":"S-1-5-18","message":"The start type of the Windows Modules Installer service was changed from demand start to auto start","severity":3,"sequence":"724","source":"eventlog","category":"System","service":"Service Control Manager","fields":{"Channel":"System","Computer":"IE11WIN8_1","EventIDQualifiers":"16384","EventIDValue":"7040","EventRecordID":"724","Keywords":"9259400833873739776","Level":"4","Opcode":"0","ProcessID":"524","ProviderEventSourceName":"Service Control Manager","ProviderGuid":"{555908d1-a6d7-4695-8e1e-26931d2012f4}","ProviderName":"Service Control Manager","Task":"0","ThreadID":"2736","TimeCreated":"2018-01-03T11:12:21.153428792Z","UserID":"S-1-5-18","Version":"0","param1":"Windows Modules Installer","param2":"demand start","param3":"auto start","param4":"TrustedInstaller"}}
{"time":"2018-01-03T11:12:21.3409292Z","host":"IE11WIN8_1","user":"S-1-5-18","message":"The start type of the Windows Modules Installer service was changed from auto start to demand start","severity":3,"sequence":"725","source":"eventlog","category":"System","service":"Service Control Manager","fields":{"Channel":"System","Computer":"IE11WIN8_1","EventIDQualifiers":"16384","EventIDValue":"7040","EventRecordID":"725","Keywords":"9259400833873739776","Level":"4","Opcode":"0","ProcessID":"524","ProviderEventSourceName":"Service Control Manager","ProviderGuid":"{555908d1-a6d7-4695-8e1e-26931d2012f4}","ProviderName":"Service Control Manager","Task":"0","ThreadID":"2736","TimeCreated":"2018-01-03T11:12:21.340929508Z","UserID":"S-1-5-18","Version":"0","param1":"Windows Modules Installer","param2":"auto start","param3":"demand start","param4":"TrustedInstaller"}}
{"time":"2018-01-03T11:12:24.4195791Z","host":"IE11WIN8_1","user":"S-1-5-18","message":"The start type of the Windows Modules Installer service was changed from demand start to auto start","severity":3,"sequence":"726","source":"eventlog","category":"System","service":"Service Control Manager","fields":{"Channel":"System","Computer":"IE11WIN8_1","EventIDQualifiers":"16384","EventIDValue":"7040","EventRecordID":"726","Keywords":"9259400833873739776","Level":"4","Opcode":"0","ProcessID":"524","ProviderEventSourceName":"Service Control Manager","ProviderGuid":"{555908d1-a6d7-4695-8e1e-26931d2012f4}","ProviderName":"Service Control Manager","Task":"0","ThreadID":"2736","TimeCreated":"2018-01-03T11:12:24.419579267Z","UserID":"S-1-5-18","Version":"0","param1":"Windows Modules Installer","param2":"demand start","param3":"auto start","param4":"TrustedInstaller"}}
{"time":"2018-01-03T11:13:16.9354078Z","host":"IE11WIN8_1","user":"S-1-5-18","message":"The start type of the Windows Modules Installer service was changed from auto start to demand start","severity":3,"sequence":"727","source":"eventlog","category":"System","service":"Service Control Manager","fields":{"Channel":"System","Computer":"IE11WIN8_1","EventIDQualifiers":"16384","EventIDValue":"7040","EventRecordID":"727","Keywords":"9259400833873739776","Level":"4","Opcode":"0","ProcessID":"524","ProviderEventSourceName":"Service Control Manager","ProviderGuid":"{555908d1-a6d7-4695-8e1e-26931d2012f4}","ProviderName":"Service Control Manager","Task":"0","ThreadID":"2736","TimeCreated":"2018-01-03T11:13:16.935408115Z","UserID":"S-1-5-18","Version":"0","param1":"Windows Modules Installer","param2":"auto start","param3":"demand start","param4":"TrustedInstaller"}}
{"time":"2018-01-03T11:13:26.35652Z","host":"IE11WIN8_1","user":"S-1-5-18","message":"Windows Update started downloading an update","severity":3,"sequence":"728","source":"eventlog","category":"System","service":"Microsoft-Windows-WindowsUpdateClient","fields":{"Channel":"System","Computer":"IE11WIN8_1","EventID":"44","EventRecordID":"728","Keywords":"9223372036854784004","Level":"4","Opcode":"12","ProcessID":"732","ProviderGuid":"945A8954-C147-4ACD-923F-40C45405A658","ProviderName":"Microsoft-Windows-WindowsUpdateClient","Task":"1","ThreadID":"2612","TimeCreated":"2018-01-03T11:13:26.356519937Z","UserID":"S-1-5-18","Version":"0","updateGuid":"DE9F7F35-362F-4A75-AF02-B72A4E262BBC","updateRevisionNumber":"203"}}
{"time":"2018-01-03T11:13:26.35652Z","host":"IE11WIN8_1","user":"S-1-5-18","message":"Windows Update started downloading an update","severity":3,"sequence":"729","source":"eventlog","category":"System","service":"Microsoft-Windows-WindowsUpdateClient","fields":{"Channel":"System","Computer":"IE11WIN8_1","EventID":"44","EventRecordID":"729","Keywords":"9223372036854784004","Level":"4","Opcode":"12","ProcessID":"732","ProviderGuid":"945A8954-C147-4ACD-923F-40C45405A658","ProviderName":"Microsoft-Windows-WindowsUpdateClient","Task":"1","ThreadID":"2612","TimeCreated":"2018-01-03T11:13:26.356519937Z","UserID":"S-1-5-18","Version":"0","updateGuid":"91E7A702-5422-4200-8827-DA87F789D158","updateRevisionNumber":"204"}}
{"time":"2018-01-03T11:13:51.6221892Z","host":"IE11WIN8_1","user":"S-1-5-18","message":"Windows Update started downloading an update","severity":3,"sequence":"730","source":"eventlog","category":"System","service":"Microsoft-Windows-WindowsUpdateClient","fields":{"Channel":"System","Computer":"IE11WIN8_1","EventID":"44","EventRecordID":"730","Keywords":"9223372036854784004","Level":"4","Opcode":"12","ProcessID":"732","ProviderGuid":"945A8954-C147-4ACD-923F-40C45405A658","ProviderName":"Microsoft-Windows-WindowsUpdateClient","Task":"1","ThreadID":"2612","TimeCreated":"2018-01-03T11:13:51.622188806Z","UserID":"S-1-5-18","Version":"0","updateGuid":"DC4EB637-5391-4CA8-8F08-98584D61EFFA","updateRevisionNumber":"201"}}
{"time":"2018-01-03T11:13:51.6221892Z","host":"IE11WIN8_1","user":"S-1-5-18","message":"Windows Update started downloading an update","severity":3,"sequence":"731","source":"eventlog","category":"System","service":"Microsoft-Windows-WindowsUpdateClient","fields":{"Channel":"System","Computer":"IE11WIN8_1","EventID":"44","EventRecordID":"731","Keywords":"9223372036854784004","Level":"4","Opcode":"12","ProcessID":"732","ProviderGuid":"945A8954-C147-4ACD-923F-40C45405A658","ProviderName":"Microsoft-Windows-WindowsUpdateClient","Task":"1","ThreadID":"2612","TimeCreated":"2018-01-03T11:13:51.622188806Z","UserID":"S-1-5-18","Version":"0","updateGuid":"58FF9EF5-7046-46FC-8ED4-068F4877156E","updateRevisionNumber":"202"}}
{"time":"2018-01-03T11:13:51.6221892Z","host":"IE11WIN8_1","user":"S-1-5-18","message":"Windows Update started downloading an update","severity":3,"sequence":"732","source":"eventlog","category":"System","service":"Microsoft-Windows-WindowsUpdateClient","fields":{"Channel":"System","Computer":"IE11WIN8_1","EventID":"44","EventRecordID":"732","Keywords":"9223372036854784004","Level":"4","Opcode":"12","ProcessID":"732","ProviderGuid":"945A8954-C147-4ACD-923F-40C45405A658","ProviderName":"Microsoft-Windows-WindowsUpdateClient","Task":"1","ThreadID":"2612","TimeCreated":"2018-01-03T11:13:51.622188806Z","UserID":"S-1-5-18","Version":"0","updateGuid":"0B0F33B1-6092-493C-A40A-BE9F1B230F20","updateRevisionNumber":"200"}}
{"time":"2018-01-03T11:13:53.1848155Z","host":"IE11WIN8_1","user":"S-1-5-18","message":"The start type of the Windows Modules Installer service was changed from demand start to auto start","severity":3,"sequence":"733","source":"eventlog","category":"System","service":"Service Control Manager","fields":{"Channel":"System","Computer":"IE11WIN8_1","EventIDQualifiers":"16384","EventIDValue":"7040","EventRecordID":"733","Keywords":"9259400833873739776","Level":"4","Opcode":"0","ProcessID":"524","ProviderEventSourceName":"Service Control Manager","ProviderGuid":"{555908d1-a6d7-4695-8e1e-26931d2012f4}","ProviderName":"Service Control Manager","Task":"0","ThreadID":"1736","TimeCreated":"2018-01-03T11:13:53.184815883Z","UserID":"S-1-5-18","Version":"0","param1":"Windows Modules Installer","param2":"demand start","param3":"auto start","param4":"TrustedInstaller"}}
{"time":"2018-01-03T11:13:55.3566365Z","host":"IE11WIN8_1","user":"S-1-5-18","message":"The start type of the Windows Modules Installer service was changed from auto start to demand start","severity":3,"sequence":"734","source":"eventlog","category":"System","service":"Service Control Manager","fields":{"Channel":"System","Computer":"IE11WIN8_1","EventIDQualifiers":"16384","EventIDValue":"7040","EventRecordID":"734","Keywords":"9259400833873739776","Level":"4","Opcode":"0","ProcessID":"524","ProviderEventSourceName":"Service Control Manager","ProviderGuid":"{555908d1-a6d7-4695-8e1e-26931d2012f4}","ProviderName":"Service Control Manager","Task":"0","ThreadID":"1736","TimeCreated":"2018-01-03T11:13:55.356636762Z","UserID":"S-1-5-18","Version":"0","param1":"Windows Modules Installer","param2":"auto start","param3":"demand start","param4":"TrustedInstaller"}}
{"time":"2018-01-03T11:13:55.403431Z","host":"IE11WIN8_1","user":"S-1-5-18","message":"Installation Started: Windows has started installing the following update: $1","severity":3,"sequence":"735","source":"eventlog","category":"System","service":"Microsoft-Windows-WindowsUpdateClient","fields":{"Channel":"System","Computer":"IE11WIN8_1","EventID":"43","EventRecordID":"735","Keywords":"9223372036854784008","Level":"4","Opcode":"13","ProcessID":"732","ProviderGuid":"945A8954-C147-4ACD-923F-40C45405A658","ProviderName":"Microsoft-Windows-WindowsUpdateClient","Task":"1","ThreadID":"2612","TimeCreated":"2018-01-03T11:13:55.403430461Z","UserID":"S-1-5-18","Version":"1","updateGuid":"1345B0B8-AAFD-45B0-8811-37662F22E58A","updateRevisionNumber":"200","updateTitle":"Update for Windows 8.1 for x64-based Systems (KB3003667)"}}
{"time":"2018-01-03T11:13:55.403431Z","host":"IE11WIN8_1","user":"S-1-5-18","message":"Installation Successful: Windows successfully installed the following update: $1","severity":3,"sequence":"736","source":"eventlog","category":"System","service":"Microsoft-Windows-WindowsUpdateClient","fields":{"Channel":"System","Computer":"IE11WIN8_1","EventID":"19","EventRecordID":"736","Keywords":"9223372036854775832","Level":"4","Opcode":"13","ProcessID":"732","ProviderGuid":"945A8954-C147-4ACD-923F-40C45405A658","ProviderName":"Microsoft-Windows-WindowsUpdateClient","Task":"1","ThreadID":"2612","TimeCreated":"2018-01-03T11:13:55.403430461Z","UserID":"S-1-5-18","Version":"1","serviceGuid":"7971F918-A847-4430-9279-4A52D1EFE18D","updateGuid":"1345B0B8-AAFD-45B0-8811-37662F22E58A","updateRevisionNumber":"200","updateTitle":"Update for Windows 8.1 for x64-based Systems (KB3003667)"}}
{"time":"2018-01-03T11:13:55.403431Z","host":"IE11WIN8_1","user":"S-1-5-18","message":"Installation Started: Windows has started installing the following update: $1","severity":3,"sequence":"737","source":"eventlog","category":"System","service":"Microsoft-Windows-WindowsUpdateClient","fields":{"Channel":"System","Computer":"IE11WIN8_1","EventID":"43","EventRecordID":"737","Keywords":"9223372036854784008","Level":"4","Opcode":"13","ProcessID":"732","ProviderGuid":"945A8954-C147-4ACD-923F-40C45405A658","ProviderName":"Microsoft-Windows-WindowsUpdateClient","Task":"1","ThreadID":"2612","TimeCreated":"2018-01-03T11:13:55.403430461Z","UserID":"S-1-5-18","Version":"1","updateGuid":"9582F23E-D390-4FF3-A836-635D43A13EFD","updateRevisionNumber":"200","updateTitle":"Security Update for Windows 8.1 for x64-based Systems (KB3042058)"}}
{"time":"2018-01-03T11:13:55.4191919Z","host":"IE11WIN8_1","user":"S-1-5-18","message":"The start type of the Windows Modules Installer service was changed from demand start to auto start","severity":3,"sequence":"738","source":"eventlog","category":"System","service":"Service Control Manager","fields":{"Channel":"System","Computer":"IE11WIN8_1","EventIDQualifiers":"16384","EventIDValue":"7040","EventRecordID":"738","Keywords":"9259400833873739776","Level":"4","Opcode":"0","ProcessID":"524","ProviderEventSourceName":"Service Control Manager","ProviderGuid":"{555908d1-a6d7-4695-8e1e-26931d2012f4}","ProviderName":"Service Control Manager","Task":"0","ThreadID":"1736","TimeCreated":"2018-01-03T11:13:55.419192075Z","UserID":"S-1-5-18","Version":"0","param1":"Windows Modules Installer","param2":"demand start","param3":"auto start","param4":"TrustedInstaller"}}
{"time":"2018-01-03T11:13:56.4667181Z","host":"IE11WIN8_1","user":"S-1-5-18","message":"Installation Started: Windows has started installing the following update: $1","severity":3,"sequence":"741","source":"eventlog","category":"System","service":"Microsoft-Windows-WindowsUpdateClient","fields":{"Channel":"System","Computer":"IE11WIN8_1","EventID":"43","EventRecordID":"741","Keywords":"9223372036854784008","Level":"4","Opcode":"13","ProcessID":"732","ProviderGuid":"945A8954-C147-4ACD-923F-40C45405A658","ProviderName":"Microsoft-Windows-WindowsUpdateClient","Task":"1","ThreadID":"2612","TimeCreated":"2018-01-03T11:13:56.466718435Z","UserID":"S-1-5-18","Version":"1","updateGuid":"DE9F7F35-362F-4A75-AF02-B72A4E262BBC","updateRevisionNumber":"203","updateTitle":"Security Update for Windows 8.1 for x64-based Systems (KB3172729)"}}
{"time":"2018-01-03T11:13:56.4667181Z","host":"IE11WIN8_1","user":"S-1-5-18","message":"Installation Started: Windows has started installing the following update: $1","severity":3,"sequence":"739","source":"eventlog","category":"System","service":"Microsoft-Windows-WindowsUpdateClient","fields":{"Channel":"System","Computer":"IE11WIN8_1","EventID":"43","EventRecordID":"739","Keywords":"9223372036854784008","Level":"4","Opcode":"13","ProcessID":"732","ProviderGuid":"945A8954-C147-4ACD-923F-40C45405A658","ProviderName":"Microsoft-Windows-WindowsUpdateClient","Task":"1","ThreadID":"2612","TimeCreated":"2018-01-03T11:13:56.466718435Z","UserID":"S-1-5-18","Version":"1","updateGuid":"548767C6-078E-4323-A367-350DF86B8A5E","updateRevisionNumber":"200","updateTitle":"Update for Windows 8.1 for x64-based Systems (KB3150513)"}}
{"time":"2018-01-03T11:13:56.4667181Z","host":"IE11WIN8_1","user":"S-1-5-18","message":"Installation Successful: Windows successfully installed the following update: $1","severity":3,"sequence":"740","source":"eventlog","category":"System","service":"Microsoft-Windows-WindowsUpdateClient","fields":{"Channel":"System","Computer":"IE11WIN8_1","EventID":"19","EventRecordID":"740","Keywords":"9223372036854775832","Level":"4","Opcode":"13","ProcessID":"732","ProviderGuid":"945A8954-C147-4ACD-923F-40C45405A658","ProviderName":"Microsoft-Windows-WindowsUpdateClient","Task":"1","ThreadID":"2612","TimeCreated":"2018-01-03T11:13:56.466718435Z","UserID":"S-1-5-18","Version":"1","serviceGuid":"7971F918-A847-4430-9279-4A52D1EFE18D","updateGuid":"548767C6-078E-4323-A367-350DF86B8A5E","updateRevisionNumber":"200","updateTitle":"Update for Windows 8.1 for x64-based Systems (KB3150513)"}}
{"time":"2018-01-03T11:13:56.4667181Z","host":"IE11WIN8_1","user":"S-1-5-18","message":"Installation Successful: Windows successfully installed the following update: $1","severity":3,"sequence":"742","source":"eventlog","category":"System","service":"Microsoft-Windows-WindowsUpdateClient","fields":{"Channel":"System","Computer":"IE11WIN8_1","EventID":"19","EventRecordID":"742","Keywords":"9223372036854775832","Level":"4","Opcode":"13","ProcessID":"732","ProviderGuid":"945A8954-C147-4ACD-923F-40C45405A658","ProviderName":"Microsoft-Windows-WindowsUpdateClient","Task":"1","ThreadID":"2612","TimeCreated":"2018-01-03T11:13:56.466718435Z","UserID":"S-1-5-18","Version":"1","serviceGuid":"7971F918-A847-4430-9279-4A52D1EFE18D","updateGuid":"DE9F7F35-362F-4A75-AF02-B72A4E262BBC","updateRevisionNumber":"203","updateTitle":"Security Update for Windows 8.1 for x64-based Systems (KB3172729)"}}
{"time":"2018-01-03T11:14:01.46598Z","host":"IE11WIN8_1","user":"S-1-5-18","message":"Installation Started: Windows has started installing the following update: $1","severity":3,"sequence":"743","source":"eventlog","category":"System","service":"Microsoft-Windows-WindowsUpdateClient","fields":{"Channel":"System","Computer":"IE11WIN8_1","EventID":"43","EventRecordID":"743","Keywords":"9223372036854784008","Level":"4","Opcode":"13","ProcessID":"732","ProviderGuid":"945A8954-C147-4ACD-923F-40C45405A658","ProviderName":"Microsoft-Windows-WindowsUpdateClient","Task":"1","ThreadID":"2612","TimeCreated":"2018-01-03T11:14:01.465980768Z","UserID":"S-1-5-18","Version":"1","updateGuid":"91E7A702-5422-4200-8827-DA87F789D158","updateRevisionNumber":"204","updateTitle":"Update for Windows 8.1 for x64-based Systems (KB3172614)"}}
{"time":"2018-01-03T11:14:11.7475742Z","host":"IE11WIN8_1","user":"S-1-5-18","message":"Installation Started: Windows has started installing the following update: $1","severity":3,"sequence":"744","source":"eventlog","category":"System","service":"Microsoft-Windows-WindowsUpdateClient","fields":{"Channel":"System","Computer":"IE11WIN8_1","EventID":"43","EventRecordID":"744","Keywords":"9223372036854784008","Level":"4","Opcode":"13","ProcessID":"732","ProviderGuid":"945A8954-C147-4ACD-923F-40C45405A658","ProviderName":"Microsoft-Windows-WindowsUpdateClient","Task":"1","ThreadID":"2612","TimeCreated":"2018-01-03T11:14:11.747574329Z","UserID":"S-1-5-18","Version":"1","updateGuid":"DC4EB637-5391-4CA8-8F08-98584D61EFFA","updateRevisionNumber":"201","updateTitle":"2017-09 Security and Quality Rollup for .NET Framework 3.5, 4.5.2, 4.6, 4.6.1, 4.6.2, 4.7 on Windows 8.1 and Server 2012 R2 for x64 (KB4041085)"}}
{"time":"2018-01-03T11:14:37.5129882Z","host":"IE11WIN8_1","user":"S-1-5-18","message":"Installation Started: Windows has started installing the following update: $1","severity":3,"sequence":"745","source":"eventlog","category":"System","service":"Microsoft-Windows-WindowsUpdateClient","fields":{"Channel":"System","Computer":"IE11WIN8_1","EventID":"43","EventRecordID":"745","Keywords":"9223372036854784008","Level":"4","Opcode":"13","ProcessID":"732","ProviderGuid":"945A8954-C147-4ACD-923F-40C45405A658","ProviderName":"Microsoft-Windows-WindowsUpdateClient","Task":"1","ThreadID":"2612","TimeCreated":"2018-01-03T11:14:37.512988805Z","UserID":"S-1-5-18","Version":"1","updateGuid":"58FF9EF5-7046-46FC-8ED4-068F4877156E","updateRevisionNumber":"202","updateTitle":"2017-11 Security and Quality Rollup for .NET Framework 3.5, 4.5.2, 4.6, 4.6.1, 4.6.2, 4.7 on Windows 8.1 and Server 2012 R2 for x64 (KB4049017)"}}
{"time":"2018-01-03T11:14:58.1541571Z","host":"IE11WIN8_1","user":"S-1-5-18","message":"Installation Started: Windows has started installing the following update: $1","severity":3,"sequence":"746","source":"eventlog","category":"System","service":"Microsoft-Windows-WindowsUpdateClient","fields":{"Channel":"System","Computer":"IE11WIN8_1","EventID":"43","EventRecordID":"746","Keywords":"9223372036854784008","Level":"4","Opcode":"13","ProcessID":"732","ProviderGuid":"945A8954-C147-4ACD-923F-40C45405A658","ProviderName":"Microsoft-Windows-WindowsUpdateClient","Task":"1","ThreadID":"2612","TimeCreated":"2018-01-03T11:14:58.154156684Z","UserID":"S-1-5-18","Version":"1","updateGuid":"0B0F33B1-6092-493C-A40A-BE9F1B230F20","updateRevisionNumber":"200","updateTitle":"Definition Update for Windows Defender Antivirus - KB2267602 (Definition 1.259.1117.0)"}}
{"time":"2018-01-03T11:15:08.9033998Z","host":"IE11WIN8_1","user":"S-1-5-21-3040204872-3082932231-1584796067-1001","message":"The process C:\\Windows\\system32\\wbem\\wmiprvse.exe (IE11WIN8_1) has initiated the restart of computer IE11WIN8_1 on behalf of user IE11WIN8_1\\IEUser for the following reason: No title for this reason could be found  Reason Code: 0x80070015  Shutdown Type: restart  Comment: ","severity":3,"sequence":"747","source":"eventlog","category":"System","service":"User32","fields":{"Channel":"System","Computer":"IE11WIN8_1","EventIDQualifiers":"32768","EventIDValue":"1074","EventRecordID":"747","Keywords":"9259400833873739776","Level":"4","Opcode":"0","ProcessID":"372","ProviderEventSourceName":"User32","ProviderGuid":"{b0aa8734-56f7-41cc-b2f4-de228e98b946}","ProviderName":"User32","Task":"0","ThreadID":"448","TimeCreated":"2018-01-03T11:15:08.903399944Z","UserID":"S-1-5-21-3040204872-3082932231-1584796067-1001","Version":"0","param1":"C:\\Windows\\system32\\wbem\\wmiprvse.exe (IE11WIN8_1)","param2":"IE11WIN8_1","param3":"No title for this reason could be found","param4":"0x80070015","param5":"restart","param6":"","param7":"IE11WIN8_1\\IEUser"}}
{"time":"2018-01-03T11:15:09.7315305Z","host":"IE11WIN8_1","user":"S-1-5-18","message":"User Logoff Notification for Customer Experience Improvement Program","severity":3,"sequence":"748","source":"eventlog","category":"System","service":"Microsoft-Windows-Winlogon","fields":{"Channel":"System","Computer":"IE11WIN8_1","EventID":"7002","EventRecordID":"748","Keywords":"2305843009213693952","Level":"4","Opcode":"0","ProcessID":"484","ProviderGuid":"DBE9B383-7CF3-4331-91CC-A3CB16A3B538","ProviderName":"Microsoft-Windows-Winlogon","TSId":"1","Task":"1102","ThreadID":"880","TimeCreated":"2018-01-03T11:15:09.731531143Z","UserID":"S-1-5-18","UserSid":"S-1-5-21-3040204872-3082932231-1584796067-1001","Version":"0"}}
{"time":"2018-01-03T11:15:17.4193031Z","host":"IE11WIN8_1","user":"S-1-5-18","message":"Installation Successful: Windows successfully installed the following update: $1","severity":3,"sequence":"749","source":"eventlog","category":"System","service":"Microsoft-Windows-WindowsUpdateClient","fields":{"Channel":"System","Computer":"IE11WIN8_1","EventID":"19","EventRecordID":"749","Keywords":"9223372036854775832","Level":"4","Opcode":"13","ProcessID":"732","ProviderGuid":"945A8954-C147-4ACD-923F-40C45405A658","ProviderName":"Microsoft-Windows-WindowsUpdateClient","Task":"1","ThreadID":"2612","TimeCreated":"2018-01-03T11:15:17.419302463Z","UserID":"S-1-5-18","Version":"1","serviceGuid":"7971F918-A847-4430-9279-4A52D1EFE18D","updateGuid":"0B0F33B1-6092-493C-A40A-BE9F1B230F20","updateRevisionNumber":"200","updateTitle":"Definition Update for Windows Defender Antivirus - KB2267602 (Definition 1.259.1117.0)"}}
{"time":"2018-01-03T11:15:17.4193031Z","host":"IE11WIN8_1","user":"S-1-5-18","message":"Automatic Updates is now paused","severity":3,"sequence":"750","source":"eventlog","category":"System","service":"Microsoft-Windows-WindowsUpdateClient","fields":{"Channel":"System","Computer":"IE11WIN8_1","EventID":"27","EventRecordID":"750","Keywords":"9223372036854775936","Level":"4","Opcode":"16","ProcessID":"732","ProviderGuid":"945A8954-C147-4ACD-923F-40C45405A658","ProviderName":"Microsoft-Windows-WindowsUpdateClient","Task":"1","ThreadID":"1192","TimeCreated":"2018-01-03T11:15:17.419302463Z","UserID":"S-1-5-18","Version":"0"}}
{"time":"2018-01-03T11:16:42Z","host":"IE11WIN8_1","message":"Undescribed event: EventLog: 751","severity":3,"sequence":"751","source":"eventlog","category":"System","service":"EventLog","fields":{"Binary":"[1 0 0 0 0 0 0 0]","Channel":"System","Computer":"IE11WIN8_1","EventIDQualifiers":"32768","EventIDValue":"6006","EventRecordID":"751","Keywords":"36028797018963968","Level":"4","ProviderName":"EventLog","Task":"0","TimeCreated":"2018-01-03T11:16:42Z"}}
{"time":"2018-01-03T11:16:42.2940523Z","host":"IE11WIN8_1","user":"S-1-5-19","message":"DHCPv6 client service is stopped","severity":3,"sequence":"752","source":"eventlog","category":"System","service":"Microsoft-Windows-DHCPv6-Client","fields":{"Channel":"System","Computer":"IE11WIN8_1","DataName":"DwordVal","DataValue":"1","EventID":"51047","EventRecordID":"752","Keywords":"2305843009213693952","Level":"4","Opcode":"63","ProcessID":"700","ProviderGuid":"6A1F2B00-6A90-4C38-95A5-5CAB3B056778","ProviderName":"Microsoft-Windows-DHCPv6-Client","Task":"4","ThreadID":"356","TimeCreated":"2018-01-03T11:16:42.294052839Z","UserID":"S-1-5-19","Version":"0"}}
{"time":"2018-01-03T11:16:42.3096478Z","host":"IE11WIN8_1","user":"S-1-5-19","message":"DHCPv4 client service is stopped","severity":3,"sequence":"753","source":"eventlog","category":"System","service":"Microsoft-Windows-Dhcp-Client","fields":{"Channel":"System","Computer":"IE11WIN8_1","DataName":"DwordVal","DataValue":"1","EventID":"50037","EventRecordID":"753","Keywords":"2305843009213693952","Level":"4","Opcode":"69","ProcessID":"700","ProviderGuid":"15A7A4F8-0072-4EAB-ABAD-F98A4D666AED","ProviderName":"Microsoft-Windows-Dhcp-Client","Task":"4","ThreadID":"304","TimeCreated":"2018-01-03T11:16:42.309648036Z","UserID":"S-1-5-19","Version":"0"}}
{"time":"2018-01-03T11:16:47.23239Z","host":"IE11WIN8_1","message":"The kernel power manager has initiated a shutdown transition","severity":3,"sequence":"757","source":"eventlog","category":"System","service":"Microsoft-Windows-Kernel-Power","fields":{"Channel":"System","Computer":"IE11WIN8_1","EventID":"109","EventRecordID":"757","Keywords":"9223372036854775812","Level":"4","Opcode":"0","ProcessID":"440","ProviderGuid":"331C3B3A-2005-44C2-AC5E-77220C37D6B4","ProviderName":"Microsoft-Windows-Kernel-Power","ShutdownActionType":"5","ShutdownEventCode":"0","ShutdownReason":"5","Task":"103","ThreadID":"444","TimeCreated":"2018-01-03T11:16:47.232390403Z","Version":"0"}}
