{"time":"2014-03-18T10:24:03.8570458Z","host":"WIN-TIP3N90KK74","message":"The kernel power manager has initiated a shutdown transition","severity":3,"sequence":"4","source":"eventlog","category":"System","service":"Microsoft-Windows-Kernel-Power","fields":{"Channel":"System","Computer":"WIN-TIP3N90KK74","EventID":"109","EventRecordID":"4","Keywords":"9223372036854775812","Level":"4","Opcode":"0","ProcessID":"492","ProviderGuid":"331C3B3A-2005-44C2-AC5E-77220C37D6B4","ProviderName":"Microsoft-Windows-Kernel-Power","ShutdownActionType":"4","ShutdownEventCode":"0","ShutdownReason":"5","Task":"103","ThreadID":"496","TimeCreated":"2014-03-18T10:24:03.857046365Z","Version":"0"}}
{"time":"2014-03-18T10:24:04.3570447Z","host":"WIN-TIP3N90KK74","message":"The operating system is shutting down at system time $1","severity":3,"sequence":"5","source":"eventlog","category":"System","service":"Microsoft-Windows-Kernel-General","fields":{"Channel":"System","Computer":"WIN-TIP3N90KK74","DataName":"StopTime","DataValue":"2014-03-18T10:24:04.357044696Z","EventID":"13","EventRecordID":"5","Keywords":"9223372036854775808","Level":"4","Opcode":"0","ProcessID":"4","ProviderGuid":"A68CA8B7-004F-D7B6-A698-07E2DE0F1F5D","ProviderName":"Microsoft-Windows-Kernel-General","Task":"0","ThreadID":"320","TimeCreated":"2014-03-18T10:24:04.357044696Z","Version":"0"}}
{"time":"2018-01-03T06:27:57.6191976Z","host":"WIN-TIP3N90KK74","user":"S-1-5-18","message":"The bootmgr spent $1 ms waiting for user input","severity":3,"sequence":"10","source":"eventlog","category":"System","service":"Microsoft-Windows-Kernel-Boot","fields":{"Channel":"System","Computer":"WIN-TIP3N90KK74","DataName":"BitlockerUserInputTime","DataValue":"0","EventID":"32","EventRecordID":"10","Keywords":"9223372036854775808","Level":"4","Opcode":"0","ProcessID":"4","ProviderGuid":"15CA44FF-4D7A-4BAA-BBA5-0998955E531E","ProviderName":"Microsoft-Windows-Kernel-Boot","Task":"0","ThreadID":"8","TimeCreated":"2018-01-03T06:27:57.619196891Z","UserID":"S-1-5-18","Version":"0"}}
{"time":"2018-01-03T06:27:57.6191976Z","host":"WIN-TIP3N90KK74","user":"S-1-5-18","message":"There are $1 boot options on this system","severity":3,"sequence":"9","source":"eventlog","category":"System","service":"Microsoft-Windows-Kernel-Boot","fields":{"Channel":"System","Computer":"WIN-TIP3N90KK74","DataName":"EntryCount","DataValue":"1","EventID":"18","EventRecordID":"9","Keywords":"9223372036854775808","Level":"4","Opcode":"0","ProcessID":"4","ProviderGuid":"15CA44FF-4D7A-4BAA-BBA5-0998955E531E","ProviderName":"Microsoft-Windows-Kernel-Boot","Task":"0","ThreadID":"8","TimeCreated":"2018-01-03T06:27:57.619196891Z","UserID":"S-1-5-18","Version":"0"}}
{"time":"2018-01-03T06:27:57.6191976Z","host":"WIN-TIP3N90KK74","user":"S-1-5-18","message":"The last shutdown's success status was $1","severity":3,"sequence":"7","source":"eventlog","category":"System","service":"Microsoft-Windows-Kernel-Boot","fields":{"Channel":"System","Computer":"WIN-TIP3N90KK74","EventID":"20","EventRecordID":"7","Keywords":"9223372036854775808","LastBootGood":"true","LastShutdownGood":"true","Level":"4","Opcode":"0","ProcessID":"4","ProviderGuid":"15CA44FF-4D7A-4BAA-BBA5-0998955E531E","ProviderName":"Microsoft-Windows-Kernel-Boot","Task":"0","ThreadID":"8","TimeCreated":"2018-01-03T06:27:57.619196891Z","UserID":"S-1-5-18","Version":"0"}}
{"time":"2018-01-03T06:27:57.6191976Z","host":"WIN-TIP3N90KK74","user":"S-1-5-18","message":"The operating system started at system time $7","severity":3,"sequence":"6","source":"eventlog","category":"System","service":"Microsoft-Windows-Kernel-General","fields":{"BootMode":"0","BuildVersion":"9600","Channel":"System","Computer":"WIN-TIP3N90KK74","EventID":"12","EventRecordID":"6","Keywords":"9223372036854775808","Level":"4","MajorVersion":"6","MinorVersion":"3","Opcode":"0","ProcessID":"4","ProviderGuid":"A68CA8B7-004F-D7B6-A698-07E2DE0F1F5D","ProviderName":"Microsoft-Windows-Kernel-General","QfeVersion":"17031","ServiceVersion":"0","StartTime":"2018-01-03T06:27:57.488987207Z","Task":"0","ThreadID":"8","TimeCreated":"2018-01-03T06:27:57.619196891Z","UserID":"S-1-5-18","Version":"0"}}
{"time":"2018-01-03T06:27:57.6191976Z","host":"WIN-TIP3N90KK74","user":"S-1-5-18","message":"The boot type was $1","severity":3,"sequence":"8","source":"eventlog","category":"System","service":"Microsoft-Windows-Kernel-Boot","fields":{"Channel":"System","Computer":"WIN-TIP3N90KK74","DataName":"BootType","DataValue":"0","EventID":"27","EventRecordID":"8","Keywords":"9223372036854775808","Level":"4","Opcode":"0","ProcessID":"4","ProviderGuid":"15CA44FF-4D7A-4BAA-BBA5-0998955E531E","ProviderName":"Microsoft-Windows-Kernel-Boot","Task":"0","ThreadID":"8","TimeCreated":"2018-01-03T06:27:57.619196891Z","UserID":"S-1-5-18","Version":"0"}}
{"time":"2018-01-03T06:28:03.6030215Z","host":"WIN-TIP3N90KK74","user":"S-1-5-18","message":"File System Filter '$5' ($2.$3, $6) has successfully loaded and registered with Filter Manager","severity":3,"sequence":"11","source":"eventlog","category":"System","service":"Microsoft-Windows-FilterManager","fields":{"Channel":"System","Computer":"WIN-TIP3N90KK74","DeviceName":"FileInfo","DeviceNameLength":"8","DeviceTime":"2014-02-22T04:13:10Z","DeviceVersionMajor":"6","DeviceVersionMinor":"3","EventID":"6","EventRecordID":"11","FinalStatus":"0","Keywords":"9223372036854775808","Level":"4","Opcode":"0","ProcessID":"4","ProviderGuid":"F3C5E28E-63F6-49C7-A204-E48A1BC4B09D","ProviderName":"Microsoft-Windows-FilterManager","Task":"0","ThreadID":"8","TimeCreated":"2018-01-03T06:28:03.603020906Z","UserID":"S-1-5-18","Version":"0"}}
{"time":"2018-01-03T06:28:03.6030215Z","host":"WIN-TIP3N90KK74","user":"S-1-5-18","message":"File System Filter '$5' ($2.$3, $6) has successfully loaded and registered with Filter Manager","severity":3,"sequence":"12","source":"eventlog","category":"System","service":"Microsoft-Windows-FilterManager","fields":{"Channel":"System","Computer":"WIN-TIP3N90KK74","DeviceName":"Wof","DeviceNameLength":"3","DeviceTime":"2014-02-22T04:11:32Z","DeviceVersionMajor":"6","DeviceVersionMinor":"3","EventID":"6","EventRecordID":"12","FinalStatus":"0","Keywords":"9223372036854775808","Level":"4","Opcode":"0","ProcessID":"4","ProviderGuid":"F3C5E28E-63F6-49C7-A204-E48A1BC4B09D","ProviderName":"Microsoft-Windows-FilterManager","Task":"0","ThreadID":"8","TimeCreated":"2018-01-03T06:28:03.603020906Z","UserID":"S-1-5-18","Version":"0"}}
{"time":"2018-01-03T06:28:03.6030215Z","host":"WIN-TIP3N90KK74","user":"S-1-5-18","message":"File System Filter '$5' ($2.$3, $6) has successfully loaded and registered with Filter Manager","severity":3,"sequence":"13","source":"eventlog","category":"System","service":"Microsoft-Windows-FilterManager","fields":{"Channel":"System","Computer":"WIN-TIP3N90KK74","DeviceName":"WdFilter","DeviceNameLength":"8","DeviceTime":"2013-08-22T03:39:34Z","DeviceVersionMajor":"6","DeviceVersionMinor":"3","EventID":"6","EventRecordID":"13","FinalStatus":"0","Keywords":"9223372036854775808","Level":"4","Opcode":"0","ProcessID":"4","ProviderGuid":"F3C5E28E-63F6-49C7-A204-E48A1BC4B09D","ProviderName":"Microsoft-Windows-FilterManager","Task":"0","ThreadID":"8","TimeCreated":"2018-01-03T06:28:03.603020906Z","UserID":"S-1-5-18","Version":"0"}}
{"time":"2018-01-03T06:28:03.6810144Z","host":"WIN-TIP3N90KK74","user":"S-1-5-18","message":"Volume $1 ($2) $3","severity":3,"sequence":"14","source":"eventlog","category":"System","service":"Microsoft-Windows-Ntfs","fields":{"Channel":"System","Computer":"WIN-TIP3N90KK74","CorruptionActionState":"0","DeviceName":"\\Device\\HarddiskVolume1","DriveName":"C:","EventID":"98","EventRecordID":"14","Keywords":"9223372036854775810","Level":"4","Opcode":"0","ProcessID":"4","ProviderGuid":"3FF37A1C-A68D-4D6E-8C9B-F79E8B16C482","ProviderName":"Microsoft-Windows-Ntfs","Task":"0","ThreadID":"136","TimeCreated":"2018-01-03T06:28:03.681014299Z","UserID":"S-1-5-18","Version":"0"}}
{"time":"2018-01-03T06:28:03.6967585Z","host":"WIN-TIP3N90KK74","message":"Undescribed event: volmgr: 15","severity":8,"sequence":"15","source":"eventlog","category":"System","service":"volmgr","fields":{"Binary":"[0 0 0 0 1 0 0 0 0 0 0 0 46 0 4 192 9 16 0 0 15 0 0 192 0 0 0 0 0 0 0 0 0 0 0 0 0 0 0 0]","Channel":"System","Computer":"WIN-TIP3N90KK74","Data":"[\\Device\\HarddiskVolume1]","EventIDQualifiers":"49156","EventIDValue":"46","EventRecordID":"15","Keywords":"36028797018963968","Level":"2","ProviderName":"volmgr","Task":"0","TimeCreated":"2018-01-03T06:28:03.696758508Z"}}
{"time":"2018-01-03T06:28:05.6498219Z","host":"WIN-TIP3N90KK74","user":"S-1-5-18","message":"File System Filter '$5' ($2.$3, $6) has successfully loaded and registered with Filter Manager","severity":3,"sequence":"16","source":"eventlog","category":"System","service":"Microsoft-Windows-FilterManager","fields":{"Channel":"System","Computer":"WIN-TIP3N90KK74","DeviceName":"npsvctrig","DeviceNameLength":"9","DeviceTime":"2013-08-22T03:38:22Z","DeviceVersionMajor":"6","DeviceVersionMinor":"3","EventID":"6","EventRecordID":"16","FinalStatus":"0","Keywords":"9223372036854775808","Level":"4","Opcode":"0","ProcessID":"4","ProviderGuid":"F3C5E28E-63F6-49C7-A204-E48A1BC4B09D","ProviderName":"Microsoft-Windows-FilterManager","Task":"0","ThreadID":"8","TimeCreated":"2018-01-03T06:28:05.649822473Z","UserID":"S-1-5-18","Version":"0"}}
{"time":"2018-01-03T06:28:05.6809959Z","host":"WIN-TIP3N90KK74","message":"The system has been constrained to a periodic tick   Reason: $1","severity":3,"sequence":"17","source":"eventlog","category":"System","service":"Microsoft-Windows-Kernel-Power","fields":{"Channel":"System","Computer":"WIN-TIP3N90KK74","DataName":"Reason","DataValue":"2","EventID":"508","EventRecordID":"17","Keywords":"9223372036854775812","Level":"4","Opcode":"0","ProcessID":"4","ProviderGuid":"331C3B3A-2005-44C2-AC5E-77220C37D6B4","ProviderName":"Microsoft-Windows-Kernel-Power","Task":"159","ThreadID":"8","TimeCreated":"2018-01-03T06:28:05.680995225Z","Version":"0"}}
{"time":"2018-01-03T06:28:05.7599143Z","host":"WIN-TIP3N90KK74","user":"S-1-5-18","message":"Processor $2 in group $1 exposes the following power management capabilities:  Idle state type: $4 ($3 state(s))  Performance state type: $9 Nominal Frequency (MHz): $5 Maximum performance percentage: $6 Minimum performance percentage: $7 Minimum throttle percentage: $8","severity":3,"sequence":"19","source":"eventlog","category":"System","service":"Microsoft-Windows-Kernel-Processor-Power","fields":{"Channel":"System","Computer":"WIN-TIP3N90KK74","EventID":"55","EventRecordID":"19","Group":"0","IdleImplementation":"1","IdleStateCount":"1","Keywords":"9223372036854775808","Level":"4","MaximumPerformancePercent":"100","MinimumPerformancePercent":"100","MinimumThrottlePercent":"12","NominalFrequency":"2667","Number":"1","Opcode":"0","PerformanceImplementation":"1","ProcessID":"4","ProviderGuid":"0F67E49F-FE51-4E9F-B490-6F2948CC6027","ProviderName":"Microsoft-Windows-Kernel-Processor-Power","Task":"47","ThreadID":"168","TimeCreated":"2018-01-03T06:28:05.759913682Z","UserID":"S-1-5-18","Version":"0"}}
{"time":"2018-01-03T06:28:05.7599143Z","host":"WIN-TIP3N90KK74","user":"S-1-5-18","message":"Processor $2 in group $1 exposes the following power management capabilities:  Idle state type: $4 ($3 state(s))  Performance state type: $9 Nominal Frequency (MHz): $5 Maximum performance percentage: $6 Minimum performance percentage: $7 Minimum throttle percentage: $8","severity":3,"sequence":"18","source":"eventlog","category":"System","service":"Microsoft-Windows-Kernel-Processor-Power","fields":{"Channel":"System","Computer":"WIN-TIP3N90KK74","EventID":"55","EventRecordID":"18","Group":"0","IdleImplementation":"1","IdleStateCount":"1","Keywords":"9223372036854775808","Level":"4","MaximumPerformancePercent":"100","MinimumPerformancePercent":"100","MinimumThrottlePercent":"12","NominalFrequency":"2667","Number":"0","Opcode":"0","PerformanceImplementation":"1","ProcessID":"4","ProviderGuid":"0F67E49F-FE51-4E9F-B490-6F2948CC6027","ProviderName":"Microsoft-Windows-Kernel-Processor-Power","Task":"47","ThreadID":"168","TimeCreated":"2018-01-03T06:28:05.759913682Z","UserID":"S-1-5-18","Version":"0"}}
{"time":"2018-01-03T06:28:05.9154495Z","host":"WIN-TIP3N90KK74","user":"S-1-5-18","message":"Hive $2 was reorganized with a starting size of $3 bytes and an ending size of $4 bytes","severity":3,"sequence":"20","source":"eventlog","category":"System","service":"Microsoft-Windows-Kernel-General","fields":{"Channel":"System","Computer":"WIN-TIP3N90KK74","EventID":"15","EventRecordID":"20","HiveName":"\\SystemRoot\\System32\\config\\DRIVERS","HiveNameLength":"35","Keywords":"9223372036854775808","Level":"4","NewSize":"4743168","Opcode":"0","OriginalSize":"4767744","ProcessID":"4","ProviderGuid":"A68CA8B7-004F-D7B6-A698-07E2DE0F1F5D","ProviderName":"Microsoft-Windows-Kernel-General","Task":"0","ThreadID":"156","TimeCreated":"2018-01-03T06:28:05.915449619Z","UserID":"S-1-5-18","Version":"0"}}
{"time":"2018-01-03T06:28:19Z","host":"WIN-TIP3N90KK74","message":"Undescribed event: EventLog: 3","severity":3,"sequence":"3","source":"eventlog","category":"System","service":"EventLog","fields":{"Binary":"[226 7 1 0 3 0 3 0 6 0 28 0 19 0 163 3 0 0 0 0 0 0 0 0]","Channel":"System","Computer":"WIN-TIP3N90KK74","EventIDQualifiers":"32768","EventIDValue":"6005","EventRecordID":"3","Keywords":"36028797018963968","Level":"4","ProviderName":"EventLog","Task":"0","TimeCreated":"2018-01-03T06:28:19Z"}}
{"time":"2018-01-03T06:28:19Z","host":"WIN-TIP3N90KK74","message":"Undescribed event: EventLog: 2","severity":3,"sequence":"2","source":"eventlog","category":"System","service":"EventLog","fields":{"Channel":"System","Computer":"WIN-TIP3N90KK74","Data":"[6.03. 9600  Multiprocessor Free 16384]","EventIDQualifiers":"32768","EventIDValue":"6009","EventRecordID":"2","Keywords":"36028797018963968","Level":"4","ProviderName":"EventLog","Task":"0","TimeCreated":"2018-01-03T06:28:19Z"}}
{"time":"2018-01-03T06:28:19Z","host":"WIN-TIP3N90KK74","message":"Undescribed event: EventLog: 1","severity":3,"sequence":"1","source":"eventlog","category":"System","service":"EventLog","fields":{"Channel":"System","Computer":"WIN-TIP3N90KK74","Data":"[WIN-TIP3N90KK74 IEUSER-S9CSARBA]","EventIDQualifiers":"32768","EventIDValue":"6011","EventRecordID":"1","Keywords":"36028797018963968","Level":"4","ProviderName":"EventLog","Task":"0","TimeCreated":"2018-01-03T06:28:19Z"}}
{"time":"2018-01-03T06:28:19.8687379Z","host":"WIN-TIP3N90KK74","user":"S-1-5-18","message":"The access history in hive $2 was cleared updating $3 keys and creating $4 modified pages","severity":3,"sequence":"21","source":"eventlog","category":"System","service":"Microsoft-Windows-Kernel-General","fields":{"Channel":"System","Computer":"WIN-TIP3N90KK74","DirtyPages":"1","EventID":"16","EventRecordID":"21","HiveName":"\\SystemRoot\\System32\\Config\\BBI","HiveNameLength":"31","KeysUpdated":"5","Keywords":"9223372036854775808","Level":"4","Opcode":"0","ProcessID":"540","ProviderGuid":"A68CA8B7-004F-D7B6-A698-07E2DE0F1F5D","ProviderName":"Microsoft-Windows-Kernel-General","Task":"0","ThreadID":"564","TimeCreated":"2018-01-03T06:28:19.868737697Z","UserID":"S-1-5-18","Version":"0"}}
{"time":"2018-01-03T06:28:19.8999291Z","host":"WIN-TIP3N90KK74","message":"The UAC File Virtualization service failed to start due to the following error:  %%1275","severity":8,"sequence":"22","source":"eventlog","category":"System","service":"Service Control Manager","fields":{"Channel":"System","Computer":"WIN-TIP3N90KK74","EventIDQualifiers":"49152","EventIDValue":"7000","EventRecordID":"22","Keywords":"9259400833873739776","Level":"2","Opcode":"0","ProcessID":"468","ProviderEventSourceName":"Service Control Manager","ProviderGuid":"{555908d1-a6d7-4695-8e1e-26931d2012f4}","ProviderName":"Service Control Manager","Task":"0","ThreadID":"472","TimeCreated":"2018-01-03T06:28:19.899929523Z","Version":"0","param1":"UAC File Virtualization","param2":"%%1275"}}
{"time":"2018-01-03T06:28:20.0717305Z","host":"WIN-TIP3N90KK74","user":"S-1-5-19","message":"DHCPv4 client service is started","severity":3,"sequence":"23","source":"eventlog","category":"System","service":"Microsoft-Windows-Dhcp-Client","fields":{"Channel":"System","Computer":"WIN-TIP3N90KK74","EventID":"50036","EventRecordID":"23","Keywords":"2305843009213693952","Level":"4","Opcode":"68","ProcessID":"812","ProviderGuid":"15A7A4F8-0072-4EAB-ABAD-F98A4D666AED","ProviderName":"Microsoft-Windows-Dhcp-Client","Task":"4","ThreadID":"1004","TimeCreated":"2018-01-03T06:28:20.07173109Z","UserID":"S-1-5-19","Version":"0"}}
{"time":"2018-01-03T06:28:20.0873356Z","host":"WIN-TIP3N90KK74","user":"S-1-5-19","message":"DHCPv6 client service is started","severity":3,"sequence":"24","source":"eventlog","category":"System","service":"Microsoft-Windows-DHCPv6-Client","fields":{"Channel":"System","Computer":"WIN-TIP3N90KK74","EventID":"51046","EventRecordID":"24","Keywords":"2305843009213693952","Level":"4","Opcode":"62","ProcessID":"812","ProviderGuid":"6A1F2B00-6A90-4C38-95A5-5CAB3B056778","ProviderName":"Microsoft-Windows-DHCPv6-Client","Task":"4","ThreadID":"212","TimeCreated":"2018-01-03T06:28:20.087336063Z","UserID":"S-1-5-19","Version":"0"}}
{"time":"2018-01-03T06:28:20.6187511Z","host":"WIN-TIP3N90KK74","message":"The IP Helper service terminated with the following error:  %%1058","severity":8,"sequence":"25","source":"eventlog","category":"System","service":"Service Control Manager","fields":{"Channel":"System","Computer":"WIN-TIP3N90KK74","EventIDQualifiers":"49152","EventIDValue":"7023","EventRecordID":"25","Keywords":"9259400833873739776","Level":"2","Opcode":"0","ProcessID":"468","ProviderEventSourceName":"Service Control Manager","ProviderGuid":"{555908d1-a6d7-4695-8e1e-26931d2012f4}","ProviderName":"Service Control Manager","Task":"0","ThreadID":"536","TimeCreated":"2018-01-03T06:28:20.618750333Z","Version":"0","param1":"IP Helper","param2":"%%1058"}}
{"time":"2018-01-03T06:28:20.6656353Z","host":"WIN-TIP3N90KK74","message":"The following boot-start or system-start driver(s) failed to load: $1","severity":3,"sequence":"26","source":"eventlog","category":"System","service":"Service Control Manager","fields":{"Channel":"System","Computer":"WIN-TIP3N90KK74","DataName":"param1","DataValue":"\r\nCSC\r\ndam","EventIDQualifiers":"49152","EventIDValue":"7026","EventRecordID":"26","Keywords":"9259400833873739776","Level":"4","Opcode":"0","ProcessID":"468","ProviderEventSourceName":"Service Control Manager","ProviderGuid":"{555908d1-a6d7-4695-8e1e-26931d2012f4}","ProviderName":"Service Control Manager","Task":"0","ThreadID":"472","TimeCreated":"2018-01-03T06:28:20.665635108Z","Version":"0"}}
{"time":"2018-01-03T06:28:21.05599Z","host":"WIN-TIP3N90KK74","user":"S-1-5-18","message":"Driver Management has concluded the process to add Service $1 for Device Instance ID $3 with the following status: $6","severity":3,"sequence":"27","source":"eventlog","category":"System","service":"Microsoft-Windows-UserPnp","fields":{"AddServiceIDAddServiceStatus":"0","AddServiceIDDeviceInstanceID":"ACPI\\PNP0400\\5\u002627D1C488\u00260","AddServiceIDDriverFileName":"\\SystemRoot\\system32\\DRIVERS\\parport.sys","AddServiceIDPrimaryService":"true","AddServiceIDServiceName":"Parport","AddServiceIDUpdateService":"true","Channel":"System","Computer":"WIN-TIP3N90KK74","EventID":"20003","EventRecordID":"27","Keywords":"9223372036854775808","Level":"4","Opcode":"0","ProcessID":"1236","ProviderGuid":"96F4A050-7E31-453C-88BE-9634F4E02139","ProviderName":"Microsoft-Windows-UserPnp","Task":"7005","ThreadID":"1264","TimeCreated":"2018-01-03T06:28:21.055990457Z","UserID":"S-1-5-18","Version":"0"}}
{"time":"2018-01-03T06:28:21.2747812Z","host":"WIN-TIP3N90KK74","user":"S-1-5-18","message":"Driver Management concluded the process to install driver $1 for Device Instance ID $4 with the following status: $9","severity":3,"sequence":"28","source":"eventlog","category":"System","service":"Microsoft-Windows-UserPnp","fields":{"Channel":"System","Computer":"WIN-TIP3N90KK74","EventID":"20001","EventRecordID":"28","InstallDeviceIDDeviceInstanceID":"ACPI\\PNP0400\\5\u002627D1C488\u00260","InstallDeviceIDDriverDescription":"Printer Port","InstallDeviceIDDriverName":"msports.inf_amd64_1be60ad3a61e5531\\msports.inf","InstallDeviceIDDriverProvider":"Microsoft","InstallDeviceIDDriverVersion":"6.3.9600.16384","InstallDeviceIDInstallStatus":"0","InstallDeviceIDIsDriverOEM":"false","InstallDeviceIDRebootOption":"false","InstallDeviceIDSetupClass":"4D36E978-E325-11CE-BFC1-08002BE10318","InstallDeviceIDUpgradeDevice":"true","Keywords":"9223372036854775808","Level":"4","Opcode":"0","ProcessID":"1236","ProviderGuid":"96F4A050-7E31-453C-88BE-9634F4E02139","ProviderName":"Microsoft-Windows-UserPnp","Task":"7005","ThreadID":"1264","TimeCreated":"2018-01-03T06:28:21.27478075Z","UserID":"S-1-5-18","Version":"0"}}
{"time":"2018-01-03T06:28:21.3841292Z","host":"WIN-TIP3N90KK74","user":"S-1-5-18","message":"Driver Management has concluded the process to add Service $1 for Device Instance ID $3 with the following status: $6","severity":3,"sequence":"29","source":"eventlog","category":"System","service":"Microsoft-Windows-UserPnp","fields":{"AddServiceIDAddServiceStatus":"0","AddServiceIDDeviceInstanceID":"ACPI\\PNP0501\\1","AddServiceIDDriverFileName":"\\SystemRoot\\system32\\DRIVERS\\serial.sys","AddServiceIDPrimaryService":"true","AddServiceIDServiceName":"Serial","AddServiceIDUpdateService":"true","Channel":"System","Computer":"WIN-TIP3N90KK74","EventID":"20003","EventRecordID":"29","Keywords":"9223372036854775808","Level":"4","Opcode":"0","ProcessID":"1248","ProviderGuid":"96F4A050-7E31-453C-88BE-9634F4E02139","ProviderName":"Microsoft-Windows-UserPnp","Task":"7005","ThreadID":"1268","TimeCreated":"2018-01-03T06:28:21.384129524Z","UserID":"S-1-5-18","Version":"0"}}
{"time":"2018-01-03T06:28:21.3841292Z","host":"WIN-TIP3N90KK74","user":"S-1-5-18","message":"Driver Management has concluded the process to add Service $1 for Device Instance ID $3 with the following status: $6","severity":3,"sequence":"30","source":"eventlog","category":"System","service":"Microsoft-Windows-UserPnp","fields":{"AddServiceIDAddServiceStatus":"0","AddServiceIDDeviceInstanceID":"ACPI\\PNP0501\\1","AddServiceIDDriverFileName":"\\SystemRoot\\system32\\DRIVERS\\serenum.sys","AddServiceIDPrimaryService":"false","AddServiceIDServiceName":"Serenum","AddServiceIDUpdateService":"true","Channel":"System","Computer":"WIN-TIP3N90KK74","EventID":"20003","EventRecordID":"30","Keywords":"9223372036854775808","Level":"4","Opcode":"0","ProcessID":"1248","ProviderGuid":"96F4A050-7E31-453C-88BE-9634F4E02139","ProviderName":"Microsoft-Windows-UserPnp","Task":"7005","ThreadID":"1268","TimeCreated":"2018-01-03T06:28:21.384129524Z","UserID":"S-1-5-18","Version":"0"}}
{"time":"2018-01-03T06:28:21.3997348Z","host":"WIN-TIP3N90KK74","user":"S-1-5-18","message":"Driver Management concluded the process to install driver $1 for Device Instance ID $4 with the following status: $9","severity":3,"sequence":"31","source":"eventlog","category":"System","service":"Microsoft-Windows-UserPnp","fields":{"Channel":"System","Computer":"WIN-TIP3N90KK74","EventID":"20001","EventRecordID":"31","InstallDeviceIDDeviceInstanceID":"ACPI\\PNP0501\\1","InstallDeviceIDDriverDescription":"Communications Port","InstallDeviceIDDriverName":"msports.inf_amd64_1be60ad3a61e5531\\msports.inf","InstallDeviceIDDriverProvider":"Microsoft","InstallDeviceIDDriverVersion":"6.3.9600.16384","InstallDeviceIDInstallStatus":"0","InstallDeviceIDIsDriverOEM":"false","InstallDeviceIDRebootOption":"false","InstallDeviceIDSetupClass":"4D36E978-E325-11CE-BFC1-08002BE10318","InstallDeviceIDUpgradeDevice":"true","Keywords":"9223372036854775808","Level":"4","Opcode":"0","ProcessID":"1248","ProviderGuid":"96F4A050-7E31-453C-88BE-9634F4E02139","ProviderName":"Microsoft-Windows-UserPnp","Task":"7005","ThreadID":"1268","TimeCreated":"2018-01-03T06:28:21.399734497Z","UserID":"S-1-5-18","Version":"0"}}
{"time":"2018-01-03T06:28:21.5098256Z","host":"WIN-TIP3N90KK74","user":"S-1-5-18","message":"Driver Management has concluded the process to add Service $1 for Device Instance ID $3 with the following status: $6","severity":3,"sequence":"32","source":"eventlog","category":"System","service":"Microsoft-Windows-UserPnp","fields":{"AddServiceIDAddServiceStatus":"0","AddServiceIDDeviceInstanceID":"ROOT\\KDNIC\\0000","AddServiceIDDriverFileName":"\\SystemRoot\\system32\\DRIVERS\\kdnic.sys","AddServiceIDPrimaryService":"true","AddServiceIDServiceName":"kdnic","AddServiceIDUpdateService":"true","Channel":"System","Computer":"WIN-TIP3N90KK74","EventID":"20003","EventRecordID":"32","Keywords":"9223372036854775808","Level":"4","Opcode":"0","ProcessID":"1256","ProviderGuid":"96F4A050-7E31-453C-88BE-9634F4E02139","ProviderName":"Microsoft-Windows-UserPnp","Task":"7005","ThreadID":"1272","TimeCreated":"2018-01-03T06:28:21.509825706Z","UserID":"S-1-5-18","Version":"0"}}
{"time":"2018-01-03T06:28:21.6654311Z","host":"WIN-TIP3N90KK74","user":"S-1-5-18","message":"Driver Management concluded the process to install driver $1 for Device Instance ID $4 with the following status: $9","severity":3,"sequence":"33","source":"eventlog","category":"System","service":"Microsoft-Windows-UserPnp","fields":{"Channel":"System","Computer":"WIN-TIP3N90KK74","EventID":"20001","EventRecordID":"33","InstallDeviceIDDeviceInstanceID":"ROOT\\KDNIC\\0000","InstallDeviceIDDriverDescription":"Microsoft Kernel Debug Network Adapter","InstallDeviceIDDriverName":"kdnic.inf_amd64_ea6e04e0dfe580a1\\kdnic.inf","InstallDeviceIDDriverProvider":"Microsoft","InstallDeviceIDDriverVersion":"6.3.9600.16384","InstallDeviceIDInstallStatus":"0","InstallDeviceIDIsDriverOEM":"false","InstallDeviceIDRebootOption":"false","InstallDeviceIDSetupClass":"4D36E972-E325-11CE-BFC1-08002BE10318","InstallDeviceIDUpgradeDevice":"true","Keywords":"9223372036854775808","Level":"4","Opcode":"0","ProcessID":"1256","ProviderGuid":"96F4A050-7E31-453C-88BE-9634F4E02139","ProviderName":"Microsoft-Windows-UserPnp","Task":"7005","ThreadID":"1272","TimeCreated":"2018-01-03T06:28:21.665430307Z","UserID":"S-1-5-18","Version":"0"}}
{"time":"2018-01-03T06:28:21.7288157Z","host":"WIN-TIP3N90KK74","user":"S-1-5-18","message":"Driver Management has concluded the process to add Service $1 for Device Instance ID $3 with the following status: $6","severity":3,"sequence":"35","source":"eventlog","category":"System","service":"Microsoft-Windows-UserPnp","fields":{"AddServiceIDAddServiceStatus":"0","AddServiceIDDeviceInstanceID":"PCI\\VEN_8086\u0026DEV_100F\u0026SUBSYS_075015AD\u0026REV_01\\4\u00263AD87E0A\u00260\u00260888","AddServiceIDDriverFileName":"\\SystemRoot\\system32\\DRIVERS\\E1G6032E.sys","AddServiceIDPrimaryService":"true","AddServiceIDServiceName":"E1G60","AddServiceIDUpdateService":"false","Channel":"System","Computer":"WIN-TIP3N90KK74","EventID":"20003","EventRecordID":"35","Keywords":"9223372036854775808","Level":"4","Opcode":"0","ProcessID":"1280","ProviderGuid":"96F4A050-7E31-453C-88BE-9634F4E02139","ProviderName":"Microsoft-Windows-UserPnp","Task":"7005","ThreadID":"1288","TimeCreated":"2018-01-03T06:28:21.728816032Z","UserID":"S-1-5-18","Version":"0"}}
{"time":"2018-01-03T06:28:21.7288157Z","host":"WIN-TIP3N90KK74","user":"S-1-5-18","message":"A service was installed in the system","severity":3,"sequence":"34","source":"eventlog","category":"System","service":"Service Control Manager","fields":{"AccountName":"","Channel":"System","Computer":"WIN-TIP3N90KK74","EventIDQualifiers":"16384","EventIDValue":"7045","EventRecordID":"34","ImagePath":"\\SystemRoot\\system32\\DRIVERS\\E1G6032E.sys","Keywords":"9259400833873739776","Level":"4","Opcode":"0","ProcessID":"468","ProviderEventSourceName":"Service Control Manager","ProviderGuid":"{555908d1-a6d7-4695-8e1e-26931d2012f4}","ProviderName":"Service Control Manager","ServiceName":"Intel(R) PRO/1000 NDIS 6 Adapter Driver","ServiceType":"kernel mode driver","StartType":"demand start","Task":"0","ThreadID":"536","TimeCreated":"2018-01-03T06:28:21.728816032Z","UserID":"S-1-5-18","Version":"0"}}
{"time":"2018-01-03T06:28:22.8218789Z","host":"WIN-TIP3N90KK74","user":"S-1-5-18","message":"Driver Management concluded the process to install driver $1 for Device Instance ID $4 with the following status: $9","severity":3,"sequence":"37","source":"eventlog","category":"System","service":"Microsoft-Windows-UserPnp","fields":{"Channel":"System","Computer":"WIN-TIP3N90KK74","EventID":"20001","EventRecordID":"37","InstallDeviceIDDeviceInstanceID":"PCI\\VEN_8086\u0026DEV_100F\u0026SUBSYS_075015AD\u0026REV_01\\4\u00263AD87E0A\u00260\u00260888","InstallDeviceIDDriverDescription":"Intel(R) PRO/1000 MT Network Connection","InstallDeviceIDDriverName":"nete1g3e.inf_amd64_9c4d966af5423efc\\nete1g3e.inf","InstallDeviceIDDriverProvider":"Microsoft","InstallDeviceIDDriverVersion":"8.4.13.0","InstallDeviceIDInstallStatus":"0","InstallDeviceIDIsDriverOEM":"false","InstallDeviceIDRebootOption":"false","InstallDeviceIDSetupClass":"4D36E972-E325-11CE-BFC1-08002BE10318","InstallDeviceIDUpgradeDevice":"false","Keywords":"9223372036854775808","Level":"4","Opcode":"0","ProcessID":"1280","ProviderGuid":"96F4A050-7E31-453C-88BE-9634F4E02139","ProviderName":"Microsoft-Windows-UserPnp","Task":"7005","ThreadID":"1288","TimeCreated":"2018-01-03T06:28:22.821878433Z","UserID":"S-1-5-18","Version":"0"}}
{"time":"2018-01-03T06:28:22.962656Z","host":"WIN-TIP3N90KK74","user":"S-1-5-18","message":"Driver Management has concluded the process to add Service $1 for Device Instance ID $3 with the following status: $6","severity":3,"sequence":"38","source":"eventlog","category":"System","service":"Microsoft-Windows-UserPnp","fields":{"AddServiceIDAddServiceStatus":"0","AddServiceIDDeviceInstanceID":"PCI\\VEN_15AD\u0026DEV_0405\u0026SUBSYS_040515AD\u0026REV_00\\3\u00262B8E0B4B\u00260\u002678","AddServiceIDDriverFileName":"\\SystemRoot\\system32\\DRIVERS\\BasicDisplay.sys","AddServiceIDPrimaryService":"true","AddServiceIDServiceName":"BasicDisplay","AddServiceIDUpdateService":"true","Channel":"System","Computer":"WIN-TIP3N90KK74","EventID":"20003","EventRecordID":"38","Keywords":"9223372036854775808","Level":"4","Opcode":"0","ProcessID":"1360","ProviderGuid":"96F4A050-7E31-453C-88BE-9634F4E02139","ProviderName":"Microsoft-Windows-UserPnp","Task":"7005","ThreadID":"1368","TimeCreated":"2018-01-03T06:28:22.962656021Z","UserID":"S-1-5-18","Version":"0"}}
{"time":"2018-01-03T06:28:23Z","host":"WIN-TIP3N90KK74","message":"Undescribed event: Virtual Disk Service: 36","severity":3,"sequence":"36","source":"eventlog","category":"System","service":"Virtual Disk Service","fields":{"Channel":"System","Computer":"WIN-TIP3N90KK74","Data":"[@2010005]","EventIDQualifiers":"16896","EventIDValue":"3","EventRecordID":"36","Keywords":"36028797018963968","Level":"4","ProviderName":"Virtual Disk Service","Task":"0","TimeCreated":"2018-01-03T06:28:23Z"}}
{"time":"2018-01-03T06:28:23.0091279Z","host":"WIN-TIP3N90KK74","user":"S-1-5-18","message":"Driver Management concluded the process to install driver $1 for Device Instance ID $4 with the following status: $9","severity":3,"sequence":"39","source":"eventlog","category":"System","service":"Microsoft-Windows-UserPnp","fields":{"Channel":"System","Computer":"WIN-TIP3N90KK74","EventID":"20001","EventRecordID":"39","InstallDeviceIDDeviceInstanceID":"PCI\\VEN_15AD\u0026DEV_0405\u0026SUBSYS_040515AD\u0026REV_00\\3\u00262B8E0B4B\u00260\u002678","InstallDeviceIDDriverDescription":"Microsoft Basic Display Adapter","InstallDeviceIDDriverName":"display.inf_amd64_74c972e5eb125870\\display.inf","InstallDeviceIDDriverProvider":"Microsoft","InstallDeviceIDDriverVersion":"6.3.9600.16384","InstallDeviceIDInstallStatus":"0","InstallDeviceIDIsDriverOEM":"false","InstallDeviceIDRebootOption":"false","InstallDeviceIDSetupClass":"4D36E968-E325-11CE-BFC1-08002BE10318","InstallDeviceIDUpgradeDevice":"false","Keywords":"9223372036854775808","Level":"4","Opcode":"0","ProcessID":"1360","ProviderGuid":"96F4A050-7E31-453C-88BE-9634F4E02139","ProviderName":"Microsoft-Windows-UserPnp","Task":"7005","ThreadID":"1368","TimeCreated":"2018-01-03T06:28:23.009128093Z","UserID":"S-1-5-18","Version":"0"}}
{"time":"2018-01-03T06:28:23.0878912Z","host":"WIN-TIP3N90KK74","user":"S-1-5-18","message":"Driver Management has concluded the process to add Service $1 for Device Instance ID $3 with the following status: $6","severity":3,"sequence":"40","source":"eventlog","category":"System","service":"Microsoft-Windows-UserPnp","fields":{"AddServiceIDAddServiceStatus":"0","AddServiceIDDeviceInstanceID":"ACPI\\PNP0501\\2","AddServiceIDDriverFileName":"\\SystemRoot\\system32\\DRIVERS\\serial.sys","AddServiceIDPrimaryService":"true","AddServiceIDServiceName":"Serial","AddServiceIDUpdateService":"true","Channel":"System","Computer":"WIN-TIP3N90KK74","EventID":"20003","EventRecordID":"40","Keywords":"9223372036854775808","Level":"4","Opcode":"0","ProcessID":"1384","ProviderGuid":"96F4A050-7E31-453C-88BE-9634F4E02139","ProviderName":"Microsoft-Windows-UserPnp","Task":"7005","ThreadID":"1392","TimeCreated":"2018-01-03T06:28:23.087891101Z","UserID":"S-1-5-18","Version":"0"}}
{"time":"2018-01-03T06:28:23.1028906Z","host":"WIN-TIP3N90KK74","user":"S-1-5-18","message":"Driver Management has concluded the process to add Service $1 for Device Instance ID $3 with the following status: $6","severity":3,"sequence":"41","source":"eventlog","category":"System","service":"Microsoft-Windows-UserPnp","fields":{"AddServiceIDAddServiceStatus":"0","AddServiceIDDeviceInstanceID":"ACPI\\PNP0501\\2","AddServiceIDDriverFileName":"\\SystemRoot\\system32\\DRIVERS\\serenum.sys","AddServiceIDPrimaryService":"false","AddServiceIDServiceName":"Serenum","AddServiceIDUpdateService":"true","Channel":"System","Computer":"WIN-TIP3N90KK74","EventID":"20003","EventRecordID":"41","Keywords":"9223372036854775808","Level":"4","Opcode":"0","ProcessID":"1384","ProviderGuid":"96F4A050-7E31-453C-88BE-9634F4E02139","ProviderName":"Microsoft-Windows-UserPnp","Task":"7005","ThreadID":"1392","TimeCreated":"2018-01-03T06:28:23.102891206Z","UserID":"S-1-5-18","Version":"0"}}
{"time":"2018-01-03T06:28:23.1184951Z","host":"WIN-TIP3N90KK74","user":"S-1-5-18","message":"Driver Management concluded the process to install driver $1 for Device Instance ID $4 with the following status: $9","severity":3,"sequence":"42","source":"eventlog","category":"System","service":"Microsoft-Windows-UserPnp","fields":{"Channel":"System","Computer":"WIN-TIP3N90KK74","EventID":"20001","EventRecordID":"42","InstallDeviceIDDeviceInstanceID":"ACPI\\PNP0501\\2","InstallDeviceIDDriverDescription":"Communications Port","InstallDeviceIDDriverName":"msports.inf_amd64_1be60ad3a61e5531\\msports.inf","InstallDeviceIDDriverProvider":"Microsoft","InstallDeviceIDDriverVersion":"6.3.9600.16384","InstallDeviceIDInstallStatus":"0","InstallDeviceIDIsDriverOEM":"false","InstallDeviceIDRebootOption":"false","InstallDeviceIDSetupClass":"4D36E978-E325-11CE-BFC1-08002BE10318","InstallDeviceIDUpgradeDevice":"true","Keywords":"9223372036854775808","Level":"4","Opcode":"0","ProcessID":"1384","ProviderGuid":"96F4A050-7E31-453C-88BE-9634F4E02139","ProviderName":"Microsoft-Windows-UserPnp","Task":"7005","ThreadID":"1392","TimeCreated":"2018-01-03T06:28:23.11849451Z","UserID":"S-1-5-18","Version":"0"}}
{"time":"2018-01-03T06:28:24.5093252Z","host":"WIN-TIP3N90KK74","message":"The Network List Service service terminated with the following error:  %%21","severity":8,"sequence":"43","source":"eventlog","category":"System","service":"Service Control Manager","fields":{"Channel":"System","Computer":"WIN-TIP3N90KK74","EventIDQualifiers":"49152","EventIDValue":"7023","EventRecordID":"43","Keywords":"9259400833873739776","Level":"2","Opcode":"0","ProcessID":"468","ProviderEventSourceName":"Service Control Manager","ProviderGuid":"{555908d1-a6d7-4695-8e1e-26931d2012f4}","ProviderName":"Service Control Manager","Task":"0","ThreadID":"528","TimeCreated":"2018-01-03T06:28:24.509324789Z","Version":"0","param1":"Network List Service","param2":"%%21"}}
{"time":"2018-01-03T06:28:42.1813813Z","host":"WIN-TIP3N90KK74","user":"S-1-5-20","message":"Name resolution for the name $1 timed out after none of the configured DNS servers responded","severity":6,"sequence":"44","source":"eventlog","category":"System","service":"Microsoft-Windows-DNS-Client","fields":{"Address":"[2 0 0 0 192 168 108 2 0 0 0 0 0 0 0 0 0 0 0 0 0 0 0 0 0 0 0 0 0 0 0 0 0 0 0 0 0 0 0 0 0 0 0 0 0 0 0 0 0 0 0 0 0 0 0 0 0 0 0 0 0 0 0 0 0 0 0 0 0 0 0 0 0 0 0 0 0 0 0 0 0 0 0 0 0 0 0 0 0 0 0 0 0 0 0 0 0 0 0 0 0 0 0 0 0 0 0 0 0 0 0 0 0 0 0 0 0 0 0 0 0 0 0 0 0 0 0 0]","AddressLength":"128","Channel":"System","Computer":"WIN-TIP3N90KK74","EventID":"1014","EventRecordID":"44","Keywords":"4611686018695823360","Level":"3","Opcode":"0","ProcessID":"1008","ProviderGuid":"1C95126E-7EEA-49A9-A3FE-A378B03DDB4D","ProviderName":"Microsoft-Windows-DNS-Client","QueryName":"wpad","Task":"1014","ThreadID":"1884","TimeCreated":"2018-01-03T06:28:42.181380748Z","UserID":"S-1-5-20","Version":"0"}}
{"time":"2018-01-03T06:29:00.8021966Z","host":"WIN-TIP3N90KK74","user":"S-1-5-18","message":"The system time has changed to $1 from $2","severity":3,"sequence":"48","source":"eventlog","category":"System","service":"Microsoft-Windows-Kernel-General","fields":{"Channel":"System","Computer":"WIN-TIP3N90KK74","EventID":"1","EventRecordID":"48","Keywords":"9223372036854775824","Level":"4","NewTime":"2018-01-03T06:29:00.805000066Z","OldTime":"2018-01-03T06:29:00.808799982Z","Opcode":"0","ProcessID":"2044","ProviderGuid":"A68CA8B7-004F-D7B6-A698-07E2DE0F1F5D","ProviderName":"Microsoft-Windows-Kernel-General","Reason":"1","Task":"0","ThreadID":"1288","TimeCreated":"2018-01-03T06:29:00.802196741Z","UserID":"S-1-5-18","Version":"1"}}
{"time":"2018-01-03T06:29:00.8059973Z","host":"WIN-TIP3N90KK74","user":"S-1-5-18","message":"The system time has changed to $1 from $2","severity":3,"sequence":"47","source":"eventlog","category":"System","service":"Microsoft-Windows-Kernel-General","fields":{"Channel":"System","Computer":"WIN-TIP3N90KK74","EventID":"1","EventRecordID":"47","Keywords":"9223372036854775824","Level":"4","NewTime":"2018-01-03T06:29:00.805996894Z","OldTime":"2018-01-03T06:29:00.805996894Z","Opcode":"0","ProcessID":"2044","ProviderGuid":"A68CA8B7-004F-D7B6-A698-07E2DE0F1F5D","ProviderName":"Microsoft-Windows-Kernel-General","Reason":"3","Task":"0","ThreadID":"1288","TimeCreated":"2018-01-03T06:29:00.805996894Z","UserID":"S-1-5-18","Version":"1"}}
{"time":"2018-01-03T06:29:01Z","host":"WIN-TIP3N90KK74","message":"Undescribed event: EventLog: 46","severity":3,"sequence":"46","source":"eventlog","category":"System","service":"EventLog","fields":{"Binary":"[1 0 0 0 0 0 0 0]","Channel":"System","Computer":"WIN-TIP3N90KK74","EventIDQualifiers":"32768","EventIDValue":"6006","EventRecordID":"46","Keywords":"36028797018963968","Level":"4","ProviderName":"EventLog","Task":"0","TimeCreated":"2018-01-03T06:29:01Z"}}
{"time":"2018-01-03T06:29:01Z","host":"WIN-TIP3N90KK74","message":"Undescribed event: Virtual Disk Service: 45","severity":3,"sequence":"45","source":"eventlog","category":"System","service":"Virtual Disk Service","fields":{"Channel":"System","Computer":"WIN-TIP3N90KK74","Data":"[@2010001]","EventIDQualifiers":"16896","EventIDValue":"4","EventRecordID":"45","Keywords":"36028797018963968","Level":"4","ProviderName":"Virtual Disk Service","Task":"0","TimeCreated":"2018-01-03T06:29:01Z"}}
{"time":"2018-01-03T06:29:01.0654096Z","host":"WIN-TIP3N90KK74","user":"S-1-5-18","message":"Successfully logged OS information","severity":3,"sequence":"50","source":"eventlog","category":"System","service":"Microsoft-Windows-Setup","fields":{"Channel":"System","Computer":"WIN-TIP3N90KK74","EventID":"2004","EventRecordID":"50","Keywords":"2305843009213693952","Level":"4","OS EditionID":"EnterpriseEval","OS Name":"Windows 8.1 Enterprise Evaluation","OS build version":"9200","OS major version":"6","OS minor version":"2","OS service pack Name":"","OS service pack major version":"0","OS service pack minor version":"0","Opcode":"0","ProcessID":"756","ProviderGuid":"75EBC33E-997F-49CF-B49F-ECC50184B75D","ProviderName":"Microsoft-Windows-Setup","Task":"4000","ThreadID":"760","TimeCreated":"2018-01-03T06:29:01.06540966Z","UserID":"S-1-5-18","Version":"0"}}
{"time":"2018-01-03T06:29:01.0654096Z","host":"WIN-TIP3N90KK74","user":"S-1-5-18","message":"Successfully logged Setup information","severity":3,"sequence":"49","source":"eventlog","category":"System","service":"Microsoft-Windows-Setup","fields":{"Channel":"System","Computer":"WIN-TIP3N90KK74","EventID":"2003","EventRecordID":"49","Host OS Name":"Windows (TM) 8 Preinstallation Environment","Host OS build version":"9200","Host OS major version":"6","Host OS minor version":"2","Host OS service pack Name":"","Host OS service pack major version":"0","Host OS service pack minor version":"0","Host OS was Windows PE":"true","Install was an upgrade":"false","Keywords":"2305843009213693952","Level":"4","Opcode":"0","ProcessID":"756","ProviderGuid":"75EBC33E-997F-49CF-B49F-ECC50184B75D","ProviderName":"Microsoft-Windows-Setup","Task":"3000","ThreadID":"760","TimeCreated":"2018-01-03T06:29:01.06540966Z","UserID":"S-1-5-18","Version":"0"}}
{"time":"2018-01-03T06:29:01.1118792Z","host":"WIN-TIP3N90KK74","user":"S-1-5-18","message":"The process C:\\Windows\\system32\\winlogon.exe (WIN-TIP3N90KK74) has initiated the restart of computer IEUSER-S9CSARBA on behalf of user NT AUTHORITY\\SYSTEM for the following reason: Operating System: Upgrade (Planned)  Reason Code: 0x80020003  Shutdown Type: restart  Comment: ","severity":3,"sequence":"51","source":"eventlog","category":"System","service":"User32","fields":{"Channel":"System","Computer":"WIN-TIP3N90KK74","EventIDQualifiers":"32768","EventIDValue":"1074","EventRecordID":"51","Keywords":"9259400833873739776","Level":"4","Opcode":"0","ProcessID":"332","ProviderEventSourceName":"User32","ProviderGuid":"{b0aa8734-56f7-41cc-b2f4-de228e98b946}","ProviderName":"User32","Task":"0","ThreadID":"392","TimeCreated":"2018-01-03T06:29:01.111878395Z","UserID":"S-1-5-18","Version":"0","param1":"C:\\Windows\\system32\\winlogon.exe (WIN-TIP3N90KK74)","param2":"IEUSER-S9CSARBA","param3":"Operating System: Upgrade (Planned)","param4":"0x80020003","param5":"restart","param6":"","param7":"NT AUTHORITY\\SYSTEM"}}
{"time":"2018-01-03T06:29:01.4400106Z","host":"WIN-TIP3N90KK74","user":"S-1-5-19","message":"DHCPv4 client service is stopped","severity":3,"sequence":"53","source":"eventlog","category":"System","service":"Microsoft-Windows-Dhcp-Client","fields":{"Channel":"System","Computer":"WIN-TIP3N90KK74","DataName":"DwordVal","DataValue":"1","EventID":"50037","EventRecordID":"53","Keywords":"2305843009213693952","Level":"4","Opcode":"69","ProcessID":"812","ProviderGuid":"15A7A4F8-0072-4EAB-ABAD-F98A4D666AED","ProviderName":"Microsoft-Windows-Dhcp-Client","Task":"4","ThreadID":"1004","TimeCreated":"2018-01-03T06:29:01.440011262Z","UserID":"S-1-5-19","Version":"0"}}
{"time":"2018-01-03T06:29:01.4400106Z","host":"WIN-TIP3N90KK74","user":"S-1-5-19","message":"DHCPv6 client service is stopped","severity":3,"sequence":"52","source":"eventlog","category":"System","service":"Microsoft-Windows-DHCPv6-Client","fields":{"Channel":"System","Computer":"WIN-TIP3N90KK74","DataName":"DwordVal","DataValue":"1","EventID":"51047","EventRecordID":"52","Keywords":"2305843009213693952","Level":"4","Opcode":"63","ProcessID":"812","ProviderGuid":"6A1F2B00-6A90-4C38-95A5-5CAB3B056778","ProviderName":"Microsoft-Windows-DHCPv6-Client","Task":"4","ThreadID":"212","TimeCreated":"2018-01-03T06:29:01.440011262Z","UserID":"S-1-5-19","Version":"0"}}
{"time":"2018-01-03T06:29:01.7838124Z","host":"IE11WIN8_1","message":"The kernel power manager has initiated a shutdown transition","severity":3,"sequence":"58","source":"eventlog","category":"System","service":"Microsoft-Windows-Kernel-Power","fields":{"Channel":"System","Computer":"IE11WIN8_1","EventID":"109","EventRecordID":"58","Keywords":"9223372036854775812","Level":"4","Opcode":"0","ProcessID":"384","ProviderGuid":"331C3B3A-2005-44C2-AC5E-77220C37D6B4","ProviderName":"Microsoft-Windows-Kernel-Power","ShutdownActionType":"5","ShutdownEventCode":"0","ShutdownReason":"5","Task":"103","ThreadID":"388","TimeCreated":"2018-01-03T06:29:01.783812761Z","Version":"0"}}
{"time":"2018-01-03T06:29:02.0181271Z","host":"IE11WIN8_1","message":"The operating system is shutting down at system time $1","severity":3,"sequence":"59","source":"eventlog","category":"System","service":"Microsoft-Windows-Kernel-General","fields":{"Channel":"System","Computer":"IE11WIN8_1","DataName":"StopTime","DataValue":"2018-01-03T06:29:02.018126487Z","EventID":"13","EventRecordID":"59","Keywords":"9223372036854775808","Level":"4","Opcode":"0","ProcessID":"4","ProviderGuid":"A68CA8B7-004F-D7B6-A698-07E2DE0F1F5D","ProviderName":"Microsoft-Windows-Kernel-General","Task":"0","ThreadID":"2020","TimeCreated":"2018-01-03T06:29:02.018126487Z","Version":"0"}}
{"time":"2018-01-03T06:29:08.7336612Z","host":"IE11WIN8_1","user":"S-1-5-18","message":"The operating system started at system time $7","severity":3,"sequence":"60","source":"eventlog","category":"System","service":"Microsoft-Windows-Kernel-General","fields":{"BootMode":"0","BuildVersion":"9600","Channel":"System","Computer":"IE11WIN8_1","EventID":"12","EventRecordID":"60","Keywords":"9223372036854775808","Level":"4","MajorVersion":"6","MinorVersion":"3","Opcode":"0","ProcessID":"4","ProviderGuid":"A68CA8B7-004F-D7B6-A698-07E2DE0F1F5D","ProviderName":"Microsoft-Windows-Kernel-General","QfeVersion":"17031","ServiceVersion":"0","StartTime":"2018-01-03T06:29:08.499403238Z","Task":"0","ThreadID":"8","TimeCreated":"2018-01-03T06:29:08.733660697Z","UserID":"S-1-5-18","Version":"0"}}
{"time":"2018-01-03T06:29:08.7336612Z","host":"IE11WIN8_1","user":"S-1-5-18","message":"There are $1 boot options on this system","severity":3,"sequence":"63","source":"eventlog","category":"System","service":"Microsoft-Windows-Kernel-Boot","fields":{"Channel":"System","Computer":"IE11WIN8_1","DataName":"EntryCount","DataValue":"1","EventID":"18","EventRecordID":"63","Keywords":"9223372036854775808","Level":"4","Opcode":"0","ProcessID":"4","ProviderGuid":"15CA44FF-4D7A-4BAA-BBA5-0998955E531E","ProviderName":"Microsoft-Windows-Kernel-Boot","Task":"0","ThreadID":"8","TimeCreated":"2018-01-03T06:29:08.733660697Z","UserID":"S-1-5-18","Version":"0"}}
{"time":"2018-01-03T06:29:08.7336612Z","host":"IE11WIN8_1","user":"S-1-5-18","message":"The last shutdown's success status was $1","severity":3,"sequence":"61","source":"eventlog","category":"System","service":"Microsoft-Windows-Kernel-Boot","fields":{"Channel":"System","Computer":"IE11WIN8_1","EventID":"20","EventRecordID":"61","Keywords":"9223372036854775808","LastBootGood":"true","LastShutdownGood":"true","Level":"4","Opcode":"0","ProcessID":"4","ProviderGuid":"15CA44FF-4D7A-4BAA-BBA5-0998955E531E","ProviderName":"Microsoft-Windows-Kernel-Boot","Task":"0","ThreadID":"8","TimeCreated":"2018-01-03T06:29:08.733660697Z","UserID":"S-1-5-18","Version":"0"}}
{"time":"2018-01-03T06:29:08.7336612Z","host":"IE11WIN8_1","user":"S-1-5-18","message":"The boot type was $1","severity":3,"sequence":"62","source":"eventlog","category":"System","service":"Microsoft-Windows-Kernel-Boot","fields":{"Channel":"System","Computer":"IE11WIN8_1","DataName":"BootType","DataValue":"0","EventID":"27","EventRecordID":"62","Keywords":"9223372036854775808","Level":"4","Opcode":"0","ProcessID":"4","ProviderGuid":"15CA44FF-4D7A-4BAA-BBA5-0998955E531E","ProviderName":"Microsoft-Windows-Kernel-Boot","Task":"0","ThreadID":"8","TimeCreated":"2018-01-03T06:29:08.733660697Z","UserID":"S-1-5-18","Version":"0"}}
{"time":"2018-01-03T06:29:08.7336612Z","host":"IE11WIN8_1","user":"S-1-5-18","message":"The bootmgr spent $1 ms waiting for user input","severity":3,"sequence":"64","source":"eventlog","category":"System","service":"Microsoft-Windows-Kernel-Boot","fields":{"Channel":"System","Computer":"IE11WIN8_1","DataName":"BitlockerUserInputTime","DataValue":"0","EventID":"32","EventRecordID":"64","Keywords":"9223372036854775808","Level":"4","Opcode":"0","ProcessID":"4","ProviderGuid":"15CA44FF-4D7A-4BAA-BBA5-0998955E531E","ProviderName":"Microsoft-Windows-Kernel-Boot","Task":"0","ThreadID":"8","TimeCreated":"2018-01-03T06:29:08.733660697Z","UserID":"S-1-5-18","Version":"0"}}
{"time":"2018-01-03T06:29:10.5307634Z","host":"IE11WIN8_1","user":"S-1-5-18","message":"File System Filter '$5' ($2.$3, $6) has successfully loaded and registered with Filter Manager","severity":3,"sequence":"65","source":"eventlog","category":"System","service":"Microsoft-Windows-FilterManager","fields":{"Channel":"System","Computer":"IE11WIN8_1","DeviceName":"FileInfo","DeviceNameLength":"8","DeviceTime":"2014-02-22T04:13:10Z","DeviceVersionMajor":"6","DeviceVersionMinor":"3","EventID":"6","EventRecordID":"65","FinalStatus":"0","Keywords":"9223372036854775808","Level":"4","Opcode":"0","ProcessID":"4","ProviderGuid":"F3C5E28E-63F6-49C7-A204-E48A1BC4B09D","ProviderName":"Microsoft-Windows-FilterManager","Task":"0","ThreadID":"8","TimeCreated":"2018-01-03T06:29:10.530763149Z","UserID":"S-1-5-18","Version":"0"}}
