{"time":"2018-01-03T06:39:22.874033Z","host":"IE11WIN8_1","user":"S-1-5-18","message":"The start type of the Windows Modules Installer service was changed from auto start to demand start","severity":3,"sequence":"182","source":"eventlog","category":"System","service":"Service Control Manager","fields":{"Channel":"System","Computer":"IE11WIN8_1","EventIDQualifiers":"16384","EventIDValue":"7040","EventRecordID":"182","Keywords":"9259400833873739776","Level":"4","Opcode":"0","ProcessID":"468","ProviderEventSourceName":"Service Control Manager","ProviderGuid":"{555908d1-a6d7-4695-8e1e-26931d2012f4}","ProviderName":"Service Control Manager","Task":"0","ThreadID":"2612","TimeCreated":"2018-01-03T06:39:22.874033689Z","UserID":"S-1-5-18","Version":"0","param1":"Windows Modules Installer","param2":"auto start","param3":"demand start","param4":"TrustedInstaller"}}
{"time":"2018-01-03T06:39:25.8900739Z","host":"IE11WIN8_1","user":"S-1-5-18","message":"The start type of the Windows Modules Installer service was changed from demand start to auto start","severity":3,"sequence":"183","source":"eventlog","category":"System","service":"Service Control Manager","fields":{"Channel":"System","Computer":"IE11WIN8_1","EventIDQualifiers":"16384","EventIDValue":"7040","EventRecordID":"183","Keywords":"9259400833873739776","Level":"4","Opcode":"0","ProcessID":"468","ProviderEventSourceName":"Service Control Manager","ProviderGuid":"{555908d1-a6d7-4695-8e1e-26931d2012f4}","ProviderName":"Service Control Manager","Task":"0","ThreadID":"2612","TimeCreated":"2018-01-03T06:39:25.890073537Z","UserID":"S-1-5-18","Version":"0","param1":"Windows Modules Installer","param2":"demand start","param3":"auto start","param4":"TrustedInstaller"}}
{"time":"2018-01-03T06:39:26.2334105Z","host":"IE11WIN8_1","user":"S-1-5-18","message":"The start type of the Windows Modules Installer service was changed from auto start to demand start","severity":3,"sequence":"184","source":"eventlog","category":"System","service":"Service Control Manager","fields":{"Channel":"System","Computer":"IE11WIN8_1","EventIDQualifiers":"16384","EventIDValue":"7040","EventRecordID":"184","Keywords":"9259400833873739776","Level":"4","Opcode":"0","ProcessID":"468","ProviderEventSourceName":"Service Control Manager","ProviderGuid":"{555908d1-a6d7-4695-8e1e-26931d2012f4}","ProviderName":"Service Control Manager","Task":"0","ThreadID":"2612","TimeCreated":"2018-01-03T06:39:26.233411312Z","UserID":"S-1-5-18","Version":"0","param1":"Windows Modules Installer","param2":"auto start","param3":"demand start","param4":"TrustedInstaller"}}
{"time":"2018-01-03T06:39:28.1714929Z","host":"IE11WIN8_1","user":"S-1-5-18","message":"The start type of the Windows Modules Installer service was changed from demand start to auto start","severity":3,"sequence":"185","source":"eventlog","category":"System","service":"Service Control Manager","fields":{"Channel":"System","Computer":"IE11WIN8_1","EventIDQualifiers":"16384","EventIDValue":"7040","EventRecordID":"185","Keywords":"9259400833873739776","Level":"4","Opcode":"0","ProcessID":"468","ProviderEventSourceName":"Service Control Manager","ProviderGuid":"{555908d1-a6d7-4695-8e1e-26931d2012f4}","ProviderName":"Service Control Manager","Task":"0","ThreadID":"2612","TimeCreated":"2018-01-03T06:39:28.171492815Z","UserID":"S-1-5-18","Version":"0","param1":"Windows Modules Installer","param2":"demand start","param3":"auto start","param4":"TrustedInstaller"}}
{"time":"2018-01-03T06:39:28.2960006Z","host":"IE11WIN8_1","user":"S-1-5-18","message":"The start type of the Windows Modules Installer service was changed from auto start to demand start","severity":3,"sequence":"186","source":"eventlog","category":"System","service":"Service Control Manager","fields":{"Channel":"System","Computer":"IE11WIN8_1","EventIDQualifiers":"16384","EventIDValue":"7040","EventRecordID":"186","Keywords":"9259400833873739776","Level":"4","Opcode":"0","ProcessID":"468","ProviderEventSourceName":"Service Control Manager","ProviderGuid":"{555908d1-a6d7-4695-8e1e-26931d2012f4}","ProviderName":"Service Control Manager","Task":"0","ThreadID":"2612","TimeCreated":"2018-01-03T06:39:28.296000003Z","UserID":"S-1-5-18","Version":"0","param1":"Windows Modules Installer","param2":"auto start","param3":"demand start","param4":"TrustedInstaller"}}
{"time":"2018-01-03T06:39:29.9522259Z","host":"IE11WIN8_1","user":"S-1-5-18","message":"The start type of the Windows Modules Installer service was changed from demand start to auto start","severity":3,"sequence":"187","source":"eventlog","category":"System","service":"Service Control Manager","fields":{"Channel":"System","Computer":"IE11WIN8_1","EventIDQualifiers":"16384","EventIDValue":"7040","EventRecordID":"187","Keywords":"9259400833873739776","Level":"4","Opcode":"0","ProcessID":"468","ProviderEventSourceName":"Service Control Manager","ProviderGuid":"{555908d1-a6d7-4695-8e1e-26931d2012f4}","ProviderName":"Service Control Manager","Task":"0","ThreadID":"2612","TimeCreated":"2018-01-03T06:39:29.952225685Z","UserID":"S-1-5-18","Version":"0","param1":"Windows Modules Installer","param2":"demand start","param3":"auto start","param4":"TrustedInstaller"}}
{"time":"2018-01-03T06:39:30.1556001Z","host":"IE11WIN8_1","user":"S-1-5-18","message":"The start type of the Windows Modules Installer service was changed from auto start to demand start","severity":3,"sequence":"188","source":"eventlog","category":"System","service":"Service Control Manager","fields":{"Channel":"System","Computer":"IE11WIN8_1","EventIDQualifiers":"16384","EventIDValue":"7040","EventRecordID":"188","Keywords":"9259400833873739776","Level":"4","Opcode":"0","ProcessID":"468","ProviderEventSourceName":"Service Control Manager","ProviderGuid":"{555908d1-a6d7-4695-8e1e-26931d2012f4}","ProviderName":"Service Control Manager","Task":"0","ThreadID":"2612","TimeCreated":"2018-01-03T06:39:30.15560007Z","UserID":"S-1-5-18","Version":"0","param1":"Windows Modules Installer","param2":"auto start","param3":"demand start","param4":"TrustedInstaller"}}
{"time":"2018-01-03T06:39:32.7177729Z","host":"IE11WIN8_1","user":"S-1-5-18","message":"The start type of the Windows Modules Installer service was changed from demand start to auto start","severity":3,"sequence":"189","source":"eventlog","category":"System","service":"Service Control Manager","fields":{"Channel":"System","Computer":"IE11WIN8_1","EventIDQualifiers":"16384","EventIDValue":"7040","EventRecordID":"189","Keywords":"9259400833873739776","Level":"4","Opcode":"0","ProcessID":"468","ProviderEventSourceName":"Service Control Manager","ProviderGuid":"{555908d1-a6d7-4695-8e1e-26931d2012f4}","ProviderName":"Service Control Manager","Task":"0","ThreadID":"2612","TimeCreated":"2018-01-03T06:39:32.717772722Z","UserID":"S-1-5-18","Version":"0","param1":"Windows Modules Installer","param2":"demand start","param3":"auto start","param4":"TrustedInstaller"}}
{"time":"2018-01-03T06:39:58.1711901Z","host":"IE11WIN8_1","user":"S-1-5-18","message":"The start type of the Windows Modules Installer service was changed from auto start to demand start","severity":3,"sequence":"190","source":"eventlog","category":"System","service":"Service Control Manager","fields":{"Channel":"System","Computer":"IE11WIN8_1","EventIDQualifiers":"16384","EventIDValue":"7040","EventRecordID":"190","Keywords":"9259400833873739776","Level":"4","Opcode":"0","ProcessID":"468","ProviderEventSourceName":"Service Control Manager","ProviderGuid":"{555908d1-a6d7-4695-8e1e-26931d2012f4}","ProviderName":"Service Control Manager","Task":"0","ThreadID":"2612","TimeCreated":"2018-01-03T06:39:58.1711905Z","UserID":"S-1-5-18","Version":"0","param1":"Windows Modules Installer","param2":"auto start","param3":"demand start","param4":"TrustedInstaller"}}
{"time":"2018-01-03T06:40:39.8742275Z","host":"IE11WIN8_1","user":"S-1-5-18","message":"The start type of the Windows Modules Installer service was changed from demand start to auto start","severity":3,"sequence":"191","source":"eventlog","category":"System","service":"Service Control Manager","fields":{"Channel":"System","Computer":"IE11WIN8_1","EventIDQualifiers":"16384","EventIDValue":"7040","EventRecordID":"191","Keywords":"9259400833873739776","Level":"4","Opcode":"0","ProcessID":"468","ProviderEventSourceName":"Service Control Manager","ProviderGuid":"{555908d1-a6d7-4695-8e1e-26931d2012f4}","ProviderName":"Service Control Manager","Task":"0","ThreadID":"2612","TimeCreated":"2018-01-03T06:40:39.874227285Z","UserID":"S-1-5-18","Version":"0","param1":"Windows Modules Installer","param2":"demand start","param3":"auto start","param4":"TrustedInstaller"}}
{"time":"2018-01-03T06:40:40.0770862Z","host":"IE11WIN8_1","user":"S-1-5-18","message":"The start type of the Windows Modules Installer service was changed from auto start to demand start","severity":3,"sequence":"192","source":"eventlog","category":"System","service":"Service Control Manager","fields":{"Channel":"System","Computer":"IE11WIN8_1","EventIDQualifiers":"16384","EventIDValue":"7040","EventRecordID":"192","Keywords":"9259400833873739776","Level":"4","Opcode":"0","ProcessID":"468","ProviderEventSourceName":"Service Control Manager","ProviderGuid":"{555908d1-a6d7-4695-8e1e-26931d2012f4}","ProviderName":"Service Control Manager","Task":"0","ThreadID":"2612","TimeCreated":"2018-01-03T06:40:40.077086448Z","UserID":"S-1-5-18","Version":"0","param1":"Windows Modules Installer","param2":"auto start","param3":"demand start","param4":"TrustedInstaller"}}
{"time":"2018-01-03T06:40:42.6866491Z","host":"IE11WIN8_1","user":"S-1-5-18","message":"The start type of the Windows Modules Installer service was changed from demand start to auto start","severity":3,"sequence":"193","source":"eventlog","category":"System","service":"Service Control Manager","fields":{"Channel":"System","Computer":"IE11WIN8_1","EventIDQualifiers":"16384","EventIDValue":"7040","EventRecordID":"193","Keywords":"9259400833873739776","Level":"4","Opcode":"0","ProcessID":"468","ProviderEventSourceName":"Service Control Manager","ProviderGuid":"{555908d1-a6d7-4695-8e1e-26931d2012f4}","ProviderName":"Service Control Manager","Task":"0","ThreadID":"2612","TimeCreated":"2018-01-03T06:40:42.68664956Z","UserID":"S-1-5-18","Version":"0","param1":"Windows Modules Installer","param2":"demand start","param3":"auto start","param4":"TrustedInstaller"}}
{"time":"2018-01-03T06:40:55.7964014Z","host":"IE11WIN8_1","user":"S-1-5-18","message":"The start type of the Windows Modules Installer service was changed from auto start to demand start","severity":3,"sequence":"194","source":"eventlog","category":"System","service":"Service Control Manager","fields":{"Channel":"System","Computer":"IE11WIN8_1","EventIDQualifiers":"16384","EventIDValue":"7040","EventRecordID":"194","Keywords":"9259400833873739776","Level":"4","Opcode":"0","ProcessID":"468","ProviderEventSourceName":"Service Control Manager","ProviderGuid":"{555908d1-a6d7-4695-8e1e-26931d2012f4}","ProviderName":"Service Control Manager","Task":"0","ThreadID":"2612","TimeCreated":"2018-01-03T06:40:55.7964015Z","UserID":"S-1-5-18","Version":"0","param1":"Windows Modules Installer","param2":"auto start","param3":"demand start","param4":"TrustedInstaller"}}
{"time":"2018-01-03T06:41:18.5614827Z","host":"IE11WIN8_1","user":"S-1-5-18","message":"The start type of the Windows Modules Installer service was changed from demand start to auto start","severity":3,"sequence":"195","source":"eventlog","category":"System","service":"Service Control Manager","fields":{"Channel":"System","Computer":"IE11WIN8_1","EventIDQualifiers":"16384","EventIDValue":"7040","EventRecordID":"195","Keywords":"9259400833873739776","Level":"4","Opcode":"0","ProcessID":"468","ProviderEventSourceName":"Service Control Manager","ProviderGuid":"{555908d1-a6d7-4695-8e1e-26931d2012f4}","ProviderName":"Service Control Manager","Task":"0","ThreadID":"2612","TimeCreated":"2018-01-03T06:41:18.561483144Z","UserID":"S-1-5-18","Version":"0","param1":"Windows Modules Installer","param2":"demand start","param3":"auto start","param4":"TrustedInstaller"}}
{"time":"2018-01-03T06:41:18.733461Z","host":"IE11WIN8_1","user":"S-1-5-18","message":"The start type of the Windows Modules Installer service was changed from auto start to demand start","severity":3,"sequence":"196","source":"eventlog","category":"System","service":"Service Control Manager","fields":{"Channel":"System","Computer":"IE11WIN8_1","EventIDQualifiers":"16384","EventIDValue":"7040","EventRecordID":"196","Keywords":"9259400833873739776","Level":"4","Opcode":"0","ProcessID":"468","ProviderEventSourceName":"Service Control Manager","ProviderGuid":"{555908d1-a6d7-4695-8e1e-26931d2012f4}","ProviderName":"Service Control Manager","Task":"0","ThreadID":"2612","TimeCreated":"2018-01-03T06:41:18.733460903Z","UserID":"S-1-5-18","Version":"0","param1":"Windows Modules Installer","param2":"auto start","param3":"demand start","param4":"TrustedInstaller"}}
{"time":"2018-01-03T06:41:21.1864833Z","host":"IE11WIN8_1","user":"S-1-5-18","message":"The start type of the Windows Modules Installer service was changed from demand start to auto start","severity":3,"sequence":"197","source":"eventlog","category":"System","service":"Service Control Manager","fields":{"Channel":"System","Computer":"IE11WIN8_1","EventIDQualifiers":"16384","EventIDValue":"7040","EventRecordID":"197","Keywords":"9259400833873739776","Level":"4","Opcode":"0","ProcessID":"468","ProviderEventSourceName":"Service Control Manager","ProviderGuid":"{555908d1-a6d7-4695-8e1e-26931d2012f4}","ProviderName":"Service Control Manager","Task":"0","ThreadID":"2612","TimeCreated":"2018-01-03T06:41:21.186483144Z","UserID":"S-1-5-18","Version":"0","param1":"Windows Modules Installer","param2":"demand start","param3":"auto start","param4":"TrustedInstaller"}}
{"time":"2018-01-03T06:41:36.0616666Z","host":"IE11WIN8_1","user":"S-1-5-18","message":"The start type of the Windows Modules Installer service was changed from auto start to demand start","severity":3,"sequence":"198","source":"eventlog","category":"System","service":"Service Control Manager","fields":{"Channel":"System","Computer":"IE11WIN8_1","EventIDQualifiers":"16384","EventIDValue":"7040","EventRecordID":"198","Keywords":"9259400833873739776","Level":"4","Opcode":"0","ProcessID":"468","ProviderEventSourceName":"Service Control Manager","ProviderGuid":"{555908d1-a6d7-4695-8e1e-26931d2012f4}","ProviderName":"Service Control Manager","Task":"0","ThreadID":"1692","TimeCreated":"2018-01-03T06:41:36.061667203Z","UserID":"S-1-5-18","Version":"0","param1":"Windows Modules Installer","param2":"auto start","param3":"demand start","param4":"TrustedInstaller"}}
{"time":"2018-01-03T06:41:39.5617467Z","host":"IE11WIN8_1","user":"S-1-5-18","message":"The start type of the Windows Modules Installer service was changed from demand start to auto start","severity":3,"sequence":"199","source":"eventlog","category":"System","service":"Service Control Manager","fields":{"Channel":"System","Computer":"IE11WIN8_1","EventIDQualifiers":"16384","EventIDValue":"7040","EventRecordID":"199","Keywords":"9259400833873739776","Level":"4","Opcode":"0","ProcessID":"468","ProviderEventSourceName":"Service Control Manager","ProviderGuid":"{555908d1-a6d7-4695-8e1e-26931d2012f4}","ProviderName":"Service Control Manager","Task":"0","ThreadID":"1692","TimeCreated":"2018-01-03T06:41:39.561747312Z","UserID":"S-1-5-18","Version":"0","param1":"Windows Modules Installer","param2":"demand start","param3":"auto start","param4":"TrustedInstaller"}}
{"time":"2018-01-03T06:41:46.484219Z","host":"IE11WIN8_1","user":"S-1-5-18","message":"The start type of the Windows Modules Installer service was changed from auto start to demand start","severity":3,"sequence":"200","source":"eventlog","category":"System","service":"Service Control Manager","fields":{"Channel":"System","Computer":"IE11WIN8_1","EventIDQualifiers":"16384","EventIDValue":"7040","EventRecordID":"200","Keywords":"9259400833873739776","Level":"4","Opcode":"0","ProcessID":"468","ProviderEventSourceName":"Service Control Manager","ProviderGuid":"{555908d1-a6d7-4695-8e1e-26931d2012f4}","ProviderName":"Service Control Manager","Task":"0","ThreadID":"1692","TimeCreated":"2018-01-03T06:41:46.484219312Z","UserID":"S-1-5-18","Version":"0","param1":"Windows Modules Installer","param2":"auto start","param3":"demand start","param4":"TrustedInstaller"}}
{"time":"2018-01-03T06:41:51.4054014Z","host":"IE11WIN8_1","user":"S-1-5-18","message":"The start type of the Windows Modules Installer service was changed from demand start to auto start","severity":3,"sequence":"201","source":"eventlog","category":"System","service":"Service Control Manager","fields":{"Channel":"System","Computer":"IE11WIN8_1","EventIDQualifiers":"16384","EventIDValue":"7040","EventRecordID":"201","Keywords":"9259400833873739776","Level":"4","Opcode":"0","ProcessID":"468","ProviderEventSourceName":"Service Control Manager","ProviderGuid":"{555908d1-a6d7-4695-8e1e-26931d2012f4}","ProviderName":"Service Control Manager","Task":"0","ThreadID":"1692","TimeCreated":"2018-01-03T06:41:51.405401706Z","UserID":"S-1-5-18","Version":"0","param1":"Windows Modules Installer","param2":"demand start","param3":"auto start","param4":"TrustedInstaller"}}
{"time":"2018-01-03T06:46:43.4833431Z","host":"IE11WIN8_1","user":"S-1-5-18","message":"The start type of the Windows Modules Installer service was changed from auto start to demand start","severity":3,"sequence":"202","source":"eventlog","category":"System","service":"Service Control Manager","fields":{"Channel":"System","Computer":"IE11WIN8_1","EventIDQualifiers":"16384","EventIDValue":"7040","EventRecordID":"202","Keywords":"9259400833873739776","Level":"4","Opcode":"0","ProcessID":"468","ProviderEventSourceName":"Service Control Manager","ProviderGuid":"{555908d1-a6d7-4695-8e1e-26931d2012f4}","ProviderName":"Service Control Manager","Task":"0","ThreadID":"1060","TimeCreated":"2018-01-03T06:46:43.483342409Z","UserID":"S-1-5-18","Version":"0","param1":"Windows Modules Installer","param2":"auto start","param3":"demand start","param4":"TrustedInstaller"}}
{"time":"2018-01-03T06:54:17.5926989Z","host":"IE11WIN8_1","user":"S-1-5-18","message":"The start type of the Windows Modules Installer service was changed from demand start to auto start","severity":3,"sequence":"203","source":"eventlog","category":"System","service":"Service Control Manager","fields":{"Channel":"System","Computer":"IE11WIN8_1","EventIDQualifiers":"16384","EventIDValue":"7040","EventRecordID":"203","Keywords":"9259400833873739776","Level":"4","Opcode":"0","ProcessID":"468","ProviderEventSourceName":"Service Control Manager","ProviderGuid":"{555908d1-a6d7-4695-8e1e-26931d2012f4}","ProviderName":"Service Control Manager","Task":"0","ThreadID":"2772","TimeCreated":"2018-01-03T06:54:17.592699289Z","UserID":"S-1-5-18","Version":"0","param1":"Windows Modules Installer","param2":"demand start","param3":"auto start","param4":"TrustedInstaller"}}
{"time":"2018-01-03T06:54:19.0153443Z","host":"IE11WIN8_1","user":"S-1-5-18","message":"The start type of the Windows Modules Installer service was changed from auto start to demand start","severity":3,"sequence":"204","source":"eventlog","category":"System","service":"Service Control Manager","fields":{"Channel":"System","Computer":"IE11WIN8_1","EventIDQualifiers":"16384","EventIDValue":"7040","EventRecordID":"204","Keywords":"9259400833873739776","Level":"4","Opcode":"0","ProcessID":"468","ProviderEventSourceName":"Service Control Manager","ProviderGuid":"{555908d1-a6d7-4695-8e1e-26931d2012f4}","ProviderName":"Service Control Manager","Task":"0","ThreadID":"2772","TimeCreated":"2018-01-03T06:54:19.015343904Z","UserID":"S-1-5-18","Version":"0","param1":"Windows Modules Installer","param2":"auto start","param3":"demand start","param4":"TrustedInstaller"}}
{"time":"2018-01-03T06:54:22.0927586Z","host":"IE11WIN8_1","user":"S-1-5-18","message":"The start type of the Windows Modules Installer service was changed from demand start to auto start","severity":3,"sequence":"205","source":"eventlog","category":"System","service":"Service Control Manager","fields":{"Channel":"System","Computer":"IE11WIN8_1","EventIDQualifiers":"16384","EventIDValue":"7040","EventRecordID":"205","Keywords":"9259400833873739776","Level":"4","Opcode":"0","ProcessID":"468","ProviderEventSourceName":"Service Control Manager","ProviderGuid":"{555908d1-a6d7-4695-8e1e-26931d2012f4}","ProviderName":"Service Control Manager","Task":"0","ThreadID":"2772","TimeCreated":"2018-01-03T06:54:22.092758417Z","UserID":"S-1-5-18","Version":"0","param1":"Windows Modules Installer","param2":"demand start","param3":"auto start","param4":"TrustedInstaller"}}
{"time":"2018-01-03T06:54:22.3744653Z","host":"IE11WIN8_1","user":"S-1-5-18","message":"The start type of the Windows Modules Installer service was changed from auto start to demand start","severity":3,"sequence":"206","source":"eventlog","category":"System","service":"Service Control Manager","fields":{"Channel":"System","Computer":"IE11WIN8_1","EventIDQualifiers":"16384","EventIDValue":"7040","EventRecordID":"206","Keywords":"9259400833873739776","Level":"4","Opcode":"0","ProcessID":"468","ProviderEventSourceName":"Service Control Manager","ProviderGuid":"{555908d1-a6d7-4695-8e1e-26931d2012f4}","ProviderName":"Service Control Manager","Task":"0","ThreadID":"2772","TimeCreated":"2018-01-03T06:54:22.374465703Z","UserID":"S-1-5-18","Version":"0","param1":"Windows Modules Installer","param2":"auto start","param3":"demand start","param4":"TrustedInstaller"}}
{"time":"2018-01-03T06:54:24.3896125Z","host":"IE11WIN8_1","user":"S-1-5-18","message":"The start type of the Windows Modules Installer service was changed from demand start to auto start","severity":3,"sequence":"207","source":"eventlog","category":"System","service":"Service Control Manager","fields":{"Channel":"System","Computer":"IE11WIN8_1","EventIDQualifiers":"16384","EventIDValue":"7040","EventRecordID":"207","Keywords":"9259400833873739776","Level":"4","Opcode":"0","ProcessID":"468","ProviderEventSourceName":"Service Control Manager","ProviderGuid":"{555908d1-a6d7-4695-8e1e-26931d2012f4}","ProviderName":"Service Control Manager","Task":"0","ThreadID":"2772","TimeCreated":"2018-01-03T06:54:24.389612913Z","UserID":"S-1-5-18","Version":"0","param1":"Windows Modules Installer","param2":"demand start","param3":"auto start","param4":"TrustedInstaller"}}
{"time":"2018-01-03T06:54:24.6395957Z","host":"IE11WIN8_1","user":"S-1-5-18","message":"The start type of the Windows Modules Installer service was changed from auto start to demand start","severity":3,"sequence":"208","source":"eventlog","category":"System","service":"Service Control Manager","fields":{"Channel":"System","Computer":"IE11WIN8_1","EventIDQualifiers":"16384","EventIDValue":"7040","EventRecordID":"208","Keywords":"9259400833873739776","Level":"4","Opcode":"0","ProcessID":"468","ProviderEventSourceName":"Service Control Manager","ProviderGuid":"{555908d1-a6d7-4695-8e1e-26931d2012f4}","ProviderName":"Service Control Manager","Task":"0","ThreadID":"2772","TimeCreated":"2018-01-03T06:54:24.63959527Z","UserID":"S-1-5-18","Version":"0","param1":"Windows Modules Installer","param2":"auto start","param3":"demand start","param4":"TrustedInstaller"}}
{"time":"2018-01-03T06:54:26.2496805Z","host":"IE11WIN8_1","user":"S-1-5-18","message":"The start type of the Windows Modules Installer service was changed from demand start to auto start","severity":3,"sequence":"209","source":"eventlog","category":"System","service":"Service Control Manager","fields":{"Channel":"System","Computer":"IE11WIN8_1","EventIDQualifiers":"16384","EventIDValue":"7040","EventRecordID":"209","Keywords":"9259400833873739776","Level":"4","Opcode":"0","ProcessID":"468","ProviderEventSourceName":"Service Control Manager","ProviderGuid":"{555908d1-a6d7-4695-8e1e-26931d2012f4}","ProviderName":"Service Control Manager","Task":"0","ThreadID":"2772","TimeCreated":"2018-01-03T06:54:26.249680042Z","UserID":"S-1-5-18","Version":"0","param1":"Windows Modules Installer","param2":"demand start","param3":"auto start","param4":"TrustedInstaller"}}
{"time":"2018-01-03T06:54:26.3896958Z","host":"IE11WIN8_1","user":"S-1-5-18","message":"The start type of the Windows Modules Installer service was changed from auto start to demand start","severity":3,"sequence":"210","source":"eventlog","category":"System","service":"Service Control Manager","fields":{"Channel":"System","Computer":"IE11WIN8_1","EventIDQualifiers":"16384","EventIDValue":"7040","EventRecordID":"210","Keywords":"9259400833873739776","Level":"4","Opcode":"0","ProcessID":"468","ProviderEventSourceName":"Service Control Manager","ProviderGuid":"{555908d1-a6d7-4695-8e1e-26931d2012f4}","ProviderName":"Service Control Manager","Task":"0","ThreadID":"2772","TimeCreated":"2018-01-03T06:54:26.389695882Z","UserID":"S-1-5-18","Version":"0","param1":"Windows Modules Installer","param2":"auto start","param3":"demand start","param4":"TrustedInstaller"}}
{"time":"2018-01-03T06:54:27.9211815Z","host":"IE11WIN8_1","user":"S-1-5-18","message":"The start type of the Windows Modules Installer service was changed from demand start to auto start","severity":3,"sequence":"211","source":"eventlog","category":"System","service":"Service Control Manager","fields":{"Channel":"System","Computer":"IE11WIN8_1","EventIDQualifiers":"16384","EventIDValue":"7040","EventRecordID":"211","Keywords":"9259400833873739776","Level":"4","Opcode":"0","ProcessID":"468","ProviderEventSourceName":"Service Control Manager","ProviderGuid":"{555908d1-a6d7-4695-8e1e-26931d2012f4}","ProviderName":"Service Control Manager","Task":"0","ThreadID":"2772","TimeCreated":"2018-01-03T06:54:27.921180725Z","UserID":"S-1-5-18","Version":"0","param1":"Windows Modules Installer","param2":"demand start","param3":"auto start","param4":"TrustedInstaller"}}
{"time":"2018-01-03T06:54:28.1553202Z","host":"IE11WIN8_1","user":"S-1-5-18","message":"The start type of the Windows Modules Installer service was changed from auto start to demand start","severity":3,"sequence":"212","source":"eventlog","category":"System","service":"Service Control Manager","fields":{"Channel":"System","Computer":"IE11WIN8_1","EventIDQualifiers":"16384","EventIDValue":"7040","EventRecordID":"212","Keywords":"9259400833873739776","Level":"4","Opcode":"0","ProcessID":"468","ProviderEventSourceName":"Service Control Manager","ProviderGuid":"{555908d1-a6d7-4695-8e1e-26931d2012f4}","ProviderName":"Service Control Manager","Task":"0","ThreadID":"2772","TimeCreated":"2018-01-03T06:54:28.155319929Z","UserID":"S-1-5-18","Version":"0","param1":"Windows Modules Installer","param2":"auto start","param3":"demand start","param4":"TrustedInstaller"}}
{"time":"2018-01-03T06:54:29.6088722Z","host":"IE11WIN8_1","user":"S-1-5-18","message":"The start type of the Windows Modules Installer service was changed from demand start to auto start","severity":3,"sequence":"213","source":"eventlog","category":"System","service":"Service Control Manager","fields":{"Channel":"System","Computer":"IE11WIN8_1","EventIDQualifiers":"16384","EventIDValue":"7040","EventRecordID":"213","Keywords":"9259400833873739776","Level":"4","Opcode":"0","ProcessID":"468","ProviderEventSourceName":"Service Control Manager","ProviderGuid":"{555908d1-a6d7-4695-8e1e-26931d2012f4}","ProviderName":"Service Control Manager","Task":"0","ThreadID":"2772","TimeCreated":"2018-01-03T06:54:29.608871936Z","UserID":"S-1-5-18","Version":"0","param1":"Windows Modules Installer","param2":"demand start","param3":"auto start","param4":"TrustedInstaller"}}
{"time":"2018-01-03T06:54:29.7490618Z","host":"IE11WIN8_1","user":"S-1-5-18","message":"The start type of the Windows Modules Installer service was changed from auto start to demand start","severity":3,"sequence":"214","source":"eventlog","category":"System","service":"Service Control Manager","fields":{"Channel":"System","Computer":"IE11WIN8_1","EventIDQualifiers":"16384","EventIDValue":"7040","EventRecordID":"214","Keywords":"9259400833873739776","Level":"4","Opcode":"0","ProcessID":"468","ProviderEventSourceName":"Service Control Manager","ProviderGuid":"{555908d1-a6d7-4695-8e1e-26931d2012f4}","ProviderName":"Service Control Manager","Task":"0","ThreadID":"2772","TimeCreated":"2018-01-03T06:54:29.749062299Z","UserID":"S-1-5-18","Version":"0","param1":"Windows Modules Installer","param2":"auto start","param3":"demand start","param4":"TrustedInstaller"}}
{"time":"2018-01-03T06:54:31.1865691Z","host":"IE11WIN8_1","user":"S-1-5-18","message":"The start type of the Windows Modules Installer service was changed from demand start to auto start","severity":3,"sequence":"215","source":"eventlog","category":"System","service":"Service Control Manager","fields":{"Channel":"System","Computer":"IE11WIN8_1","EventIDQualifiers":"16384","EventIDValue":"7040","EventRecordID":"215","Keywords":"9259400833873739776","Level":"4","Opcode":"0","ProcessID":"468","ProviderEventSourceName":"Service Control Manager","ProviderGuid":"{555908d1-a6d7-4695-8e1e-26931d2012f4}","ProviderName":"Service Control Manager","Task":"0","ThreadID":"2772","TimeCreated":"2018-01-03T06:54:31.18656969Z","UserID":"S-1-5-18","Version":"0","param1":"Windows Modules Installer","param2":"demand start","param3":"auto start","param4":"TrustedInstaller"}}
{"time":"2018-01-03T06:54:31.4058632Z","host":"IE11WIN8_1","user":"S-1-5-18","message":"The start type of the Windows Modules Installer service was changed from auto start to demand start","severity":3,"sequence":"216","source":"eventlog","category":"System","service":"Service Control Manager","fields":{"Channel":"System","Computer":"IE11WIN8_1","EventIDQualifiers":"16384","EventIDValue":"7040","EventRecordID":"216","Keywords":"9259400833873739776","Level":"4","Opcode":"0","ProcessID":"468","ProviderEventSourceName":"Service Control Manager","ProviderGuid":"{555908d1-a6d7-4695-8e1e-26931d2012f4}","ProviderName":"Service Control Manager","Task":"0","ThreadID":"2772","TimeCreated":"2018-01-03T06:54:31.405862331Z","UserID":"S-1-5-18","Version":"0","param1":"Windows Modules Installer","param2":"auto start","param3":"demand start","param4":"TrustedInstaller"}}
{"time":"2018-01-03T06:54:33.2490933Z","host":"IE11WIN8_1","user":"S-1-5-18","message":"The start type of the Windows Modules Installer service was changed from demand start to auto start","severity":3,"sequence":"217","source":"eventlog","category":"System","service":"Service Control Manager","fields":{"Channel":"System","Computer":"IE11WIN8_1","EventIDQualifiers":"16384","EventIDValue":"7040","EventRecordID":"217","Keywords":"9259400833873739776","Level":"4","Opcode":"0","ProcessID":"468","ProviderEventSourceName":"Service Control Manager","ProviderGuid":"{555908d1-a6d7-4695-8e1e-26931d2012f4}","ProviderName":"Service Control Manager","Task":"0","ThreadID":"2772","TimeCreated":"2018-01-03T06:54:33.249092817Z","UserID":"S-1-5-18","Version":"0","param1":"Windows Modules Installer","param2":"demand start","param3":"auto start","param4":"TrustedInstaller"}}
{"time":"2018-01-03T06:54:33.609134Z","host":"IE11WIN8_1","user":"S-1-5-18","message":"The start type of the Windows Modules Installer service was changed from auto start to demand start","severity":3,"sequence":"218","source":"eventlog","category":"System","service":"Service Control Manager","fields":{"Channel":"System","Computer":"IE11WIN8_1","EventIDQualifiers":"16384","EventIDValue":"7040","EventRecordID":"218","Keywords":"9259400833873739776","Level":"4","Opcode":"0","ProcessID":"468","ProviderEventSourceName":"Service Control Manager","ProviderGuid":"{555908d1-a6d7-4695-8e1e-26931d2012f4}","ProviderName":"Service Control Manager","Task":"0","ThreadID":"2772","TimeCreated":"2018-01-03T06:54:33.609134435Z","UserID":"S-1-5-18","Version":"0","param1":"Windows Modules Installer","param2":"auto start","param3":"demand start","param4":"TrustedInstaller"}}
{"time":"2018-01-03T06:54:35.1397232Z","host":"IE11WIN8_1","user":"S-1-5-18","message":"The start type of the Windows Modules Installer service was changed from demand start to auto start","severity":3,"sequence":"219","source":"eventlog","category":"System","service":"Service Control Manager","fields":{"Channel":"System","Computer":"IE11WIN8_1","EventIDQualifiers":"16384","EventIDValue":"7040","EventRecordID":"219","Keywords":"9259400833873739776","Level":"4","Opcode":"0","ProcessID":"468","ProviderEventSourceName":"Service Control Manager","ProviderGuid":"{555908d1-a6d7-4695-8e1e-26931d2012f4}","ProviderName":"Service Control Manager","Task":"0","ThreadID":"2772","TimeCreated":"2018-01-03T06:54:35.1397233Z","UserID":"S-1-5-18","Version":"0","param1":"Windows Modules Installer","param2":"demand start","param3":"auto start","param4":"TrustedInstaller"}}
{"time":"2018-01-03T06:54:35.3115724Z","host":"IE11WIN8_1","user":"S-1-5-18","message":"The start type of the Windows Modules Installer service was changed from auto start to demand start","severity":3,"sequence":"220","source":"eventlog","category":"System","service":"Service Control Manager","fields":{"Channel":"System","Computer":"IE11WIN8_1","EventIDQualifiers":"16384","EventIDValue":"7040","EventRecordID":"220","Keywords":"9259400833873739776","Level":"4","Opcode":"0","ProcessID":"468","ProviderEventSourceName":"Service Control Manager","ProviderGuid":"{555908d1-a6d7-4695-8e1e-26931d2012f4}","ProviderName":"Service Control Manager","Task":"0","ThreadID":"2772","TimeCreated":"2018-01-03T06:54:35.31157279Z","UserID":"S-1-5-18","Version":"0","param1":"Windows Modules Installer","param2":"auto start","param3":"demand start","param4":"TrustedInstaller"}}
{"time":"2018-01-03T06:54:36.8433383Z","host":"IE11WIN8_1","user":"S-1-5-18","message":"The start type of the Windows Modules Installer service was changed from demand start to auto start","severity":3,"sequence":"221","source":"eventlog","category":"System","service":"Service Control Manager","fields":{"Channel":"System","Computer":"IE11WIN8_1","EventIDQualifiers":"16384","EventIDValue":"7040","EventRecordID":"221","Keywords":"9259400833873739776","Level":"4","Opcode":"0","ProcessID":"468","ProviderEventSourceName":"Service Control Manager","ProviderGuid":"{555908d1-a6d7-4695-8e1e-26931d2012f4}","ProviderName":"Service Control Manager","Task":"0","ThreadID":"2772","TimeCreated":"2018-01-03T06:54:36.843337535Z","UserID":"S-1-5-18","Version":"0","param1":"Windows Modules Installer","param2":"demand start","param3":"auto start","param4":"TrustedInstaller"}}
{"time":"2018-01-03T06:54:37.0770764Z","host":"IE11WIN8_1","user":"S-1-5-18","message":"The start type of the Windows Modules Installer service was changed from auto start to demand start","severity":3,"sequence":"222","source":"eventlog","category":"System","service":"Service Control Manager","fields":{"Channel":"System","Computer":"IE11WIN8_1","EventIDQualifiers":"16384","EventIDValue":"7040","EventRecordID":"222","Keywords":"9259400833873739776","Level":"4","Opcode":"0","ProcessID":"468","ProviderEventSourceName":"Service Control Manager","ProviderGuid":"{555908d1-a6d7-4695-8e1e-26931d2012f4}","ProviderName":"Service Control Manager","Task":"0","ThreadID":"2772","TimeCreated":"2018-01-03T06:54:37.077076911Z","UserID":"S-1-5-18","Version":"0","param1":"Windows Modules Installer","param2":"auto start","param3":"demand start","param4":"TrustedInstaller"}}
{"time":"2018-01-03T06:54:38.6865109Z","host":"IE11WIN8_1","user":"S-1-5-18","message":"The start type of the Windows Modules Installer service was changed from demand start to auto start","severity":3,"sequence":"223","source":"eventlog","category":"System","service":"Service Control Manager","fields":{"Channel":"System","Computer":"IE11WIN8_1","EventIDQualifiers":"16384","EventIDValue":"7040","EventRecordID":"223","Keywords":"9259400833873739776","Level":"4","Opcode":"0","ProcessID":"468","ProviderEventSourceName":"Service Control Manager","ProviderGuid":"{555908d1-a6d7-4695-8e1e-26931d2012f4}","ProviderName":"Service Control Manager","Task":"0","ThreadID":"2772","TimeCreated":"2018-01-03T06:54:38.686510324Z","UserID":"S-1-5-18","Version":"0","param1":"Windows Modules Installer","param2":"demand start","param3":"auto start","param4":"TrustedInstaller"}}
{"time":"2018-01-03T06:54:38.8124017Z","host":"IE11WIN8_1","user":"S-1-5-18","message":"The start type of the Windows Modules Installer service was changed from auto start to demand start","severity":3,"sequence":"224","source":"eventlog","category":"System","service":"Service Control Manager","fields":{"Channel":"System","Computer":"IE11WIN8_1","EventIDQualifiers":"16384","EventIDValue":"7040","EventRecordID":"224","Keywords":"9259400833873739776","Level":"4","Opcode":"0","ProcessID":"468","ProviderEventSourceName":"Service Control Manager","ProviderGuid":"{555908d1-a6d7-4695-8e1e-26931d2012f4}","ProviderName":"Service Control Manager","Task":"0","ThreadID":"2772","TimeCreated":"2018-01-03T06:54:38.812401533Z","UserID":"S-1-5-18","Version":"0","param1":"Windows Modules Installer","param2":"auto start","param3":"demand start","param4":"TrustedInstaller"}}
{"time":"2018-01-03T06:54:40.2334672Z","host":"IE11WIN8_1","user":"S-1-5-18","message":"The start type of the Windows Modules Installer service was changed from demand start to auto start","severity":3,"sequence":"225","source":"eventlog","category":"System","service":"Service Control Manager","fields":{"Channel":"System","Computer":"IE11WIN8_1","EventIDQualifiers":"16384","EventIDValue":"7040","EventRecordID":"225","Keywords":"9259400833873739776","Level":"4","Opcode":"0","ProcessID":"468","ProviderEventSourceName":"Service Control Manager","ProviderGuid":"{555908d1-a6d7-4695-8e1e-26931d2012f4}","ProviderName":"Service Control Manager","Task":"0","ThreadID":"2772","TimeCreated":"2018-01-03T06:54:40.233467102Z","UserID":"S-1-5-18","Version":"0","param1":"Windows Modules Installer","param2":"demand start","param3":"auto start","param4":"TrustedInstaller"}}
{"time":"2018-01-03T06:54:40.5146608Z","host":"IE11WIN8_1","user":"S-1-5-18","message":"The start type of the Windows Modules Installer service was changed from auto start to demand start","severity":3,"sequence":"226","source":"eventlog","category":"System","service":"Service Control Manager","fields":{"Channel":"System","Computer":"IE11WIN8_1","EventIDQualifiers":"16384","EventIDValue":"7040","EventRecordID":"226","Keywords":"9259400833873739776","Level":"4","Opcode":"0","ProcessID":"468","ProviderEventSourceName":"Service Control Manager","ProviderGuid":"{555908d1-a6d7-4695-8e1e-26931d2012f4}","ProviderName":"Service Control Manager","Task":"0","ThreadID":"2772","TimeCreated":"2018-01-03T06:54:40.514660835Z","UserID":"S-1-5-18","Version":"0","param1":"Windows Modules Installer","param2":"auto start","param3":"demand start","param4":"TrustedInstaller"}}
{"time":"2018-01-03T06:54:42.1552274Z","host":"IE11WIN8_1","user":"S-1-5-18","message":"The start type of the Windows Modules Installer service was changed from demand start to auto start","severity":3,"sequence":"227","source":"eventlog","category":"System","service":"Service Control Manager","fields":{"Channel":"System","Computer":"IE11WIN8_1","EventIDQualifiers":"16384","EventIDValue":"7040","EventRecordID":"227","Keywords":"9259400833873739776","Level":"4","Opcode":"0","ProcessID":"468","ProviderEventSourceName":"Service Control Manager","ProviderGuid":"{555908d1-a6d7-4695-8e1e-26931d2012f4}","ProviderName":"Service Control Manager","Task":"0","ThreadID":"2772","TimeCreated":"2018-01-03T06:54:42.155227184Z","UserID":"S-1-5-18","Version":"0","param1":"Windows Modules Installer","param2":"demand start","param3":"auto start","param4":"TrustedInstaller"}}
{"time":"2018-01-03T06:54:42.2964423Z","host":"IE11WIN8_1","user":"S-1-5-18","message":"The start type of the Windows Modules Installer service was changed from auto start to demand start","severity":3,"sequence":"228","source":"eventlog","category":"System","service":"Service Control Manager","fields":{"Channel":"System","Computer":"IE11WIN8_1","EventIDQualifiers":"16384","EventIDValue":"7040","EventRecordID":"228","Keywords":"9259400833873739776","Level":"4","Opcode":"0","ProcessID":"468","ProviderEventSourceName":"Service Control Manager","ProviderGuid":"{555908d1-a6d7-4695-8e1e-26931d2012f4}","ProviderName":"Service Control Manager","Task":"0","ThreadID":"2772","TimeCreated":"2018-01-03T06:54:42.296441555Z","UserID":"S-1-5-18","Version":"0","param1":"Windows Modules Installer","param2":"auto start","param3":"demand start","param4":"TrustedInstaller"}}
{"time":"2018-01-03T06:54:43.7179037Z","host":"IE11WIN8_1","user":"S-1-5-18","message":"The start type of the Windows Modules Installer service was changed from demand start to auto start","severity":3,"sequence":"229","source":"eventlog","category":"System","service":"Service Control Manager","fields":{"Channel":"System","Computer":"IE11WIN8_1","EventIDQualifiers":"16384","EventIDValue":"7040","EventRecordID":"229","Keywords":"9259400833873739776","Level":"4","Opcode":"0","ProcessID":"468","ProviderEventSourceName":"Service Control Manager","ProviderGuid":"{555908d1-a6d7-4695-8e1e-26931d2012f4}","ProviderName":"Service Control Manager","Task":"0","ThreadID":"2772","TimeCreated":"2018-01-03T06:54:43.71790409Z","UserID":"S-1-5-18","Version":"0","param1":"Windows Modules Installer","param2":"demand start","param3":"auto start","param4":"TrustedInstaller"}}
{"time":"2018-01-03T06:54:43.8430671Z","host":"IE11WIN8_1","user":"S-1-5-18","message":"The start type of the Windows Modules Installer service was changed from auto start to demand start","severity":3,"sequence":"230","source":"eventlog","category":"System","service":"Service Control Manager","fields":{"Channel":"System","Computer":"IE11WIN8_1","EventIDQualifiers":"16384","EventIDValue":"7040","EventRecordID":"230","Keywords":"9259400833873739776","Level":"4","Opcode":"0","ProcessID":"468","ProviderEventSourceName":"Service Control Manager","ProviderGuid":"{555908d1-a6d7-4695-8e1e-26931d2012f4}","ProviderName":"Service Control Manager","Task":"0","ThreadID":"2772","TimeCreated":"2018-01-03T06:54:43.843067169Z","UserID":"S-1-5-18","Version":"0","param1":"Windows Modules Installer","param2":"auto start","param3":"demand start","param4":"TrustedInstaller"}}
{"time":"2018-01-03T06:54:45.2490667Z","host":"IE11WIN8_1","user":"S-1-5-18","message":"The start type of the Windows Modules Installer service was changed from demand start to auto start","severity":3,"sequence":"231","source":"eventlog","category":"System","service":"Service Control Manager","fields":{"Channel":"System","Computer":"IE11WIN8_1","EventIDQualifiers":"16384","EventIDValue":"7040","EventRecordID":"231","Keywords":"9259400833873739776","Level":"4","Opcode":"0","ProcessID":"468","ProviderEventSourceName":"Service Control Manager","ProviderGuid":"{555908d1-a6d7-4695-8e1e-26931d2012f4}","ProviderName":"Service Control Manager","Task":"0","ThreadID":"2772","TimeCreated":"2018-01-03T06:54:45.249067306Z","UserID":"S-1-5-18","Version":"0","param1":"Windows Modules Installer","param2":"demand start","param3":"auto start","param4":"TrustedInstaller"}}
{"time":"2018-01-03T06:54:45.3583613Z","host":"IE11WIN8_1","user":"S-1-5-18","message":"The start type of the Windows Modules Installer service was changed from auto start to demand start","severity":3,"sequence":"232","source":"eventlog","category":"System","service":"Service Control Manager","fields":{"Channel":"System","Computer":"IE11WIN8_1","EventIDQualifiers":"16384","EventIDValue":"7040","EventRecordID":"232","Keywords":"9259400833873739776","Level":"4","Opcode":"0","ProcessID":"468","ProviderEventSourceName":"Service Control Manager","ProviderGuid":"{555908d1-a6d7-4695-8e1e-26931d2012f4}","ProviderName":"Service Control Manager","Task":"0","ThreadID":"2772","TimeCreated":"2018-01-03T06:54:45.358361482Z","UserID":"S-1-5-18","Version":"0","param1":"Windows Modules Installer","param2":"auto start","param3":"demand start","param4":"TrustedInstaller"}}
{"time":"2018-01-03T06:54:46.7958535Z","host":"IE11WIN8_1","user":"S-1-5-18","message":"The start type of the Windows Modules Installer service was changed from demand start to auto start","severity":3,"sequence":"233","source":"eventlog","category":"System","service":"Service Control Manager","fields":{"Channel":"System","Computer":"IE11WIN8_1","EventIDQualifiers":"16384","EventIDValue":"7040","EventRecordID":"233","Keywords":"9259400833873739776","Level":"4","Opcode":"0","ProcessID":"468","ProviderEventSourceName":"Service Control Manager","ProviderGuid":"{555908d1-a6d7-4695-8e1e-26931d2012f4}","ProviderName":"Service Control Manager","Task":"0","ThreadID":"2772","TimeCreated":"2018-01-03T06:54:46.795852899Z","UserID":"S-1-5-18","Version":"0","param1":"Windows Modules Installer","param2":"demand start","param3":"auto start","param4":"TrustedInstaller"}}
{"time":"2018-01-03T06:54:46.9054049Z","host":"IE11WIN8_1","user":"S-1-5-18","message":"The start type of the Windows Modules Installer service was changed from auto start to demand start","severity":3,"sequence":"234","source":"eventlog","category":"System","service":"Service Control Manager","fields":{"Channel":"System","Computer":"IE11WIN8_1","EventIDQualifiers":"16384","EventIDValue":"7040","EventRecordID":"234","Keywords":"9259400833873739776","Level":"4","Opcode":"0","ProcessID":"468","ProviderEventSourceName":"Service Control Manager","ProviderGuid":"{555908d1-a6d7-4695-8e1e-26931d2012f4}","ProviderName":"Service Control Manager","Task":"0","ThreadID":"2772","TimeCreated":"2018-01-03T06:54:46.905404806Z","UserID":"S-1-5-18","Version":"0","param1":"Windows Modules Installer","param2":"auto start","param3":"demand start","param4":"TrustedInstaller"}}
{"time":"2018-01-03T06:54:48.327515Z","host":"IE11WIN8_1","user":"S-1-5-18","message":"The start type of the Windows Modules Installer service was changed from demand start to auto start","severity":3,"sequence":"235","source":"eventlog","category":"System","service":"Service Control Manager","fields":{"Channel":"System","Computer":"IE11WIN8_1","EventIDQualifiers":"16384","EventIDValue":"7040","EventRecordID":"235","Keywords":"9259400833873739776","Level":"4","Opcode":"0","ProcessID":"468","ProviderEventSourceName":"Service Control Manager","ProviderGuid":"{555908d1-a6d7-4695-8e1e-26931d2012f4}","ProviderName":"Service Control Manager","Task":"0","ThreadID":"2772","TimeCreated":"2018-01-03T06:54:48.327515125Z","UserID":"S-1-5-18","Version":"0","param1":"Windows Modules Installer","param2":"demand start","param3":"auto start","param4":"TrustedInstaller"}}
{"time":"2018-01-03T06:54:48.5305388Z","host":"IE11WIN8_1","user":"S-1-5-18","message":"The start type of the Windows Modules Installer service was changed from auto start to demand start","severity":3,"sequence":"236","source":"eventlog","category":"System","service":"Service Control Manager","fields":{"Channel":"System","Computer":"IE11WIN8_1","EventIDQualifiers":"16384","EventIDValue":"7040","EventRecordID":"236","Keywords":"9259400833873739776","Level":"4","Opcode":"0","ProcessID":"468","ProviderEventSourceName":"Service Control Manager","ProviderGuid":"{555908d1-a6d7-4695-8e1e-26931d2012f4}","ProviderName":"Service Control Manager","Task":"0","ThreadID":"2772","TimeCreated":"2018-01-03T06:54:48.530539274Z","UserID":"S-1-5-18","Version":"0","param1":"Windows Modules Installer","param2":"auto start","param3":"demand start","param4":"TrustedInstaller"}}
{"time":"2018-01-03T06:54:50.0620519Z","host":"IE11WIN8_1","user":"S-1-5-18","message":"The start type of the Windows Modules Installer service was changed from demand start to auto start","severity":3,"sequence":"237","source":"eventlog","category":"System","service":"Service Control Manager","fields":{"Channel":"System","Computer":"IE11WIN8_1","EventIDQualifiers":"16384","EventIDValue":"7040","EventRecordID":"237","Keywords":"9259400833873739776","Level":"4","Opcode":"0","ProcessID":"468","ProviderEventSourceName":"Service Control Manager","ProviderGuid":"{555908d1-a6d7-4695-8e1e-26931d2012f4}","ProviderName":"Service Control Manager","Task":"0","ThreadID":"2772","TimeCreated":"2018-01-03T06:54:50.062051296Z","UserID":"S-1-5-18","Version":"0","param1":"Windows Modules Installer","param2":"demand start","param3":"auto start","param4":"TrustedInstaller"}}
{"time":"2018-01-03T06:54:50.718076Z","host":"IE11WIN8_1","user":"S-1-5-18","message":"The start type of the Windows Modules Installer service was changed from auto start to demand start","severity":3,"sequence":"238","source":"eventlog","category":"System","service":"Service Control Manager","fields":{"Channel":"System","Computer":"IE11WIN8_1","EventIDQualifiers":"16384","EventIDValue":"7040","EventRecordID":"238","Keywords":"9259400833873739776","Level":"4","Opcode":"0","ProcessID":"468","ProviderEventSourceName":"Service Control Manager","ProviderGuid":"{555908d1-a6d7-4695-8e1e-26931d2012f4}","ProviderName":"Service Control Manager","Task":"0","ThreadID":"2772","TimeCreated":"2018-01-03T06:54:50.718076705Z","UserID":"S-1-5-18","Version":"0","param1":"Windows Modules Installer","param2":"auto start","param3":"demand start","param4":"TrustedInstaller"}}
