{"ecs":{"version":"9.1.0"},"agent":{"type":"fox","version":"0.0.0"},"host":{"hostname":"IACIS-HDD-2014"},"user":{},"event":{"id":"2305","kind":"event","module":"eventlog","dataset":"eventlog.Security","severity":10,"provider":"Microsoft-Windows-Security-Auditing","original":"{\"time\":\"2014-02-03T13:57:30.6239837Z\",\"host\":\"IACIS-HDD-2014\",\"message\":\"Special privileges assigned to new logon\",\"severity\":10,\"sequence\":\"2305\",\"source\":\"eventlog\",\"category\":\"Security\",\"service\":\"Microsoft-Windows-Security-Auditing\",\"fields\":{\"Channel\":\"Security\",\"Computer\":\"IACIS-HDD-2014\",\"EventID\":\"4672\",\"EventRecordID\":\"2305\",\"Keywords\":\"9232379236109516800\",\"Level\":\"0\",\"Opcode\":\"0\",\"PrivilegeList\":\"SeAssignPrimaryTokenPrivilege\\r\\n\\t\\t\\tSeTcbPrivilege\\r\\n\\t\\t\\tSeSecurityPrivilege\\r\\n\\t\\t\\tSeTakeOwnershipPrivilege\\r\\n\\t\\t\\tSeLoadDriverPrivilege\\r\\n\\t\\t\\tSeBackupPrivilege\\r\\n\\t\\t\\tSeRestorePrivilege\\r\\n\\t\\t\\tSeDebugPrivilege\\r\\n\\t\\t\\tSeAuditPrivilege\\r\\n\\t\\t\\tSeSystemEnvironmentPrivilege\\r\\n\\t\\t\\tSeImpersonatePrivilege\",\"ProcessID\":\"508\",\"ProviderGuid\":\"54849625-5478-4994-A5BA-3E3B0328C30D\",\"ProviderName\":\"Microsoft-Windows-Security-Auditing\",\"SubjectDomainName\":\"NT AUTHORITY\",\"SubjectLogonId\":\"999\",\"SubjectUserName\":\"SYSTEM\",\"SubjectUserSid\":\"S-1-5-18\",\"Task\":\"12548\",\"ThreadID\":\"2860\",\"TimeCreated\":\"2014-02-03T13:57:30.623984098Z\",\"Version\":\"0\"}}","hash":"c15f1c522ba5d4b0","code":"4672"},"labels":{"Channel":"Security","Computer":"IACIS-HDD-2014","EventID":"4672","EventRecordID":"2305","Keywords":"9232379236109516800","Level":"0","Opcode":"0","PrivilegeList":"SeAssignPrimaryTokenPrivilege\r\n\t\t\tSeTcbPrivilege\r\n\t\t\tSeSecurityPrivilege\r\n\t\t\tSeTakeOwnershipPrivilege\r\n\t\t\tSeLoadDriverPrivilege\r\n\t\t\tSeBackupPrivilege\r\n\t\t\tSeRestorePrivilege\r\n\t\t\tSeDebugPrivilege\r\n\t\t\tSeAuditPrivilege\r\n\t\t\tSeSystemEnvironmentPrivilege\r\n\t\t\tSeImpersonatePrivilege","ProcessID":"508","ProviderGuid":"54849625-5478-4994-A5BA-3E3B0328C30D","ProviderName":"Microsoft-Windows-Security-Auditing","SubjectDomainName":"NT AUTHORITY","SubjectLogonId":"999","SubjectUserName":"SYSTEM","SubjectUserSid":"S-1-5-18","Task":"12548","ThreadID":"2860","TimeCreated":"2014-02-03T13:57:30.623984098Z","Version":"0"},"@timestamp":"2014-02-03T13:57:30.6239837Z","message":"Special privileges assigned to new logon"}
{"ecs":{"version":"9.1.0"},"agent":{"type":"fox","version":"0.0.0"},"host":{"hostname":"IACIS-HDD-2014"},"user":{},"event":{"id":"2306","kind":"event","module":"eventlog","dataset":"eventlog.Security","severity":10,"provider":"Microsoft-Windows-Security-Auditing","original":"{\"time\":\"2014-02-03T13:58:13.6332593Z\",\"host\":\"IACIS-HDD-2014\",\"message\":\"An account was successfully logged on\",\"severity\":10,\"sequence\":\"2306\",\"source\":\"eventlog\",\"category\":\"Security\",\"service\":\"Microsoft-Windows-Security-Auditing\",\"fields\":{\"AuthenticationPackageName\":\"Negotiate\",\"Channel\":\"Security\",\"Computer\":\"IACIS-HDD-2014\",\"EventID\":\"4624\",\"EventRecordID\":\"2306\",\"IpAddress\":\"-\",\"IpPort\":\"-\",\"KeyLength\":\"0\",\"Keywords\":\"9232379236109516800\",\"Level\":\"0\",\"LmPackageName\":\"-\",\"LogonGuid\":\"00000000-0000-0000-0000-000000000000\",\"LogonProcessName\":\"Advapi  \",\"LogonType\":\"5\",\"Opcode\":\"0\",\"ProcessID\":\"508\",\"ProcessId\":\"492\",\"ProcessName\":\"C:\\\\Windows\\\\System32\\\\services.exe\",\"ProviderGuid\":\"54849625-5478-4994-A5BA-3E3B0328C30D\",\"ProviderName\":\"Microsoft-Windows-Security-Auditing\",\"SubjectDomainName\":\"WORKGROUP\",\"SubjectLogonId\":\"999\",\"SubjectUserName\":\"IACIS-HDD-2014$\",\"SubjectUserSid\":\"S-1-5-18\",\"TargetDomainName\":\"NT AUTHORITY\",\"TargetLogonId\":\"999\",\"TargetUserName\":\"SYSTEM\",\"TargetUserSid\":\"S-1-5-18\",\"Task\":\"12544\",\"ThreadID\":\"212\",\"TimeCreated\":\"2014-02-03T13:58:13.633259296Z\",\"TransmittedServices\":\"-\",\"Version\":\"0\",\"WorkstationName\":\"\"}}","hash":"93fb07debb271cc1","code":"4624"},"labels":{"AuthenticationPackageName":"Negotiate","Channel":"Security","Computer":"IACIS-HDD-2014","EventID":"4624","EventRecordID":"2306","IpAddress":"-","IpPort":"-","KeyLength":"0","Keywords":"9232379236109516800","Level":"0","LmPackageName":"-","LogonGuid":"00000000-0000-0000-0000-000000000000","LogonProcessName":"Advapi  ","LogonType":"5","Opcode":"0","ProcessID":"508","ProcessId":"492","ProcessName":"C:\\Windows\\System32\\services.exe","ProviderGuid":"54849625-5478-4994-A5BA-3E3B0328C30D","ProviderName":"Microsoft-Windows-Security-Auditing","SubjectDomainName":"WORKGROUP","SubjectLogonId":"999","SubjectUserName":"IACIS-HDD-2014$","SubjectUserSid":"S-1-5-18","TargetDomainName":"NT AUTHORITY","TargetLogonId":"999","TargetUserName":"SYSTEM","TargetUserSid":"S-1-5-18","Task":"12544","ThreadID":"212","TimeCreated":"2014-02-03T13:58:13.633259296Z","TransmittedServices":"-","Version":"0","WorkstationName":""},"@timestamp":"2014-02-03T13:58:13.6332593Z","message":"An account was successfully logged on"}
{"ecs":{"version":"9.1.0"},"agent":{"type":"fox","version":"0.0.0"},"host":{"hostname":"IACIS-HDD-2014"},"user":{},"event":{"id":"2307","kind":"event","module":"eventlog","dataset":"eventlog.Security","severity":10,"provider":"Microsoft-Windows-Security-Auditing","original":"{\"time\":\"2014-02-03T13:58:13.6332593Z\",\"host\":\"IACIS-HDD-2014\",\"message\":\"Special privileges assigned to new logon\",\"severity\":10,\"sequence\":\"2307\",\"source\":\"eventlog\",\"category\":\"Security\",\"service\":\"Microsoft-Windows-Security-Auditing\",\"fields\":{\"Channel\":\"Security\",\"Computer\":\"IACIS-HDD-2014\",\"EventID\":\"4672\",\"EventRecordID\":\"2307\",\"Keywords\":\"9232379236109516800\",\"Level\":\"0\",\"Opcode\":\"0\",\"PrivilegeList\":\"SeAssignPrimaryTokenPrivilege\\r\\n\\t\\t\\tSeTcbPrivilege\\r\\n\\t\\t\\tSeSecurityPrivilege\\r\\n\\t\\t\\tSeTakeOwnershipPrivilege\\r\\n\\t\\t\\tSeLoadDriverPrivilege\\r\\n\\t\\t\\tSeBackupPrivilege\\r\\n\\t\\t\\tSeRestorePrivilege\\r\\n\\t\\t\\tSeDebugPrivilege\\r\\n\\t\\t\\tSeAuditPrivilege\\r\\n\\t\\t\\tSeSystemEnvironmentPrivilege\\r\\n\\t\\t\\tSeImpersonatePrivilege\",\"ProcessID\":\"508\",\"ProviderGuid\":\"54849625-5478-4994-A5BA-3E3B0328C30D\",\"ProviderName\":\"Microsoft-Windows-Security-Auditing\",\"SubjectDomainName\":\"NT AUTHORITY\",\"SubjectLogonId\":\"999\",\"SubjectUserName\":\"SYSTEM\",\"SubjectUserSid\":\"S-1-5-18\",\"Task\":\"12548\",\"ThreadID\":\"212\",\"TimeCreated\":\"2014-02-03T13:58:13.633259296Z\",\"Version\":\"0\"}}","hash":"3f618a886bc517a1","code":"4672"},"labels":{"Channel":"Security","Computer":"IACIS-HDD-2014","EventID":"4672","EventRecordID":"2307","Keywords":"9232379236109516800","Level":"0","Opcode":"0","PrivilegeList":"SeAssignPrimaryTokenPrivilege\r\n\t\t\tSeTcbPrivilege\r\n\t\t\tSeSecurityPrivilege\r\n\t\t\tSeTakeOwnershipPrivilege\r\n\t\t\tSeLoadDriverPrivilege\r\n\t\t\tSeBackupPrivilege\r\n\t\t\tSeRestorePrivilege\r\n\t\t\tSeDebugPrivilege\r\n\t\t\tSeAuditPrivilege\r\n\t\t\tSeSystemEnvironmentPrivilege\r\n\t\t\tSeImpersonatePrivilege","ProcessID":"508","ProviderGuid":"54849625-5478-4994-A5BA-3E3B0328C30D","ProviderName":"Microsoft-Windows-Security-Auditing","SubjectDomainName":"NT AUTHORITY","SubjectLogonId":"999","SubjectUserName":"SYSTEM","SubjectUserSid":"S-1-5-18","Task":"12548","ThreadID":"212","TimeCreated":"2014-02-03T13:58:13.633259296Z","Version":"0"},"@timestamp":"2014-02-03T13:58:13.6332593Z","message":"Special privileges assigned to new logon"}
{"ecs":{"version":"9.1.0"},"agent":{"type":"fox","version":"0.0.0"},"host":{"hostname":"IACIS-HDD-2014"},"user":{},"event":{"id":"2310","kind":"event","module":"eventlog","dataset":"eventlog.Security","severity":10,"provider":"Microsoft-Windows-Security-Auditing","original":"{\"time\":\"2014-02-03T15:17:09.5855777Z\",\"host\":\"IACIS-HDD-2014\",\"message\":\"An account was successfully logged on\",\"severity\":10,\"sequence\":\"2310\",\"source\":\"eventlog\",\"category\":\"Security\",\"service\":\"Microsoft-Windows-Security-Auditing\",\"fields\":{\"AuthenticationPackageName\":\"Negotiate\",\"Channel\":\"Security\",\"Computer\":\"IACIS-HDD-2014\",\"EventID\":\"4624\",\"EventRecordID\":\"2310\",\"IpAddress\":\"127.0.0.1\",\"IpPort\":\"0\",\"KeyLength\":\"0\",\"Keywords\":\"9232379236109516800\",\"Level\":\"0\",\"LmPackageName\":\"-\",\"LogonGuid\":\"00000000-0000-0000-0000-000000000000\",\"LogonProcessName\":\"User32 \",\"LogonType\":\"2\",\"Opcode\":\"0\",\"ProcessID\":\"508\",\"ProcessId\":\"3172\",\"ProcessName\":\"C:\\\\Windows\\\\System32\\\\winlogon.exe\",\"ProviderGuid\":\"54849625-5478-4994-A5BA-3E3B0328C30D\",\"ProviderName\":\"Microsoft-Windows-Security-Auditing\",\"SubjectDomainName\":\"WORKGROUP\",\"SubjectLogonId\":\"999\",\"SubjectUserName\":\"IACIS-HDD-2014$\",\"SubjectUserSid\":\"S-1-5-18\",\"TargetDomainName\":\"IACIS-HDD-2014\",\"TargetLogonId\":\"4952649\",\"TargetUserName\":\"Sgt. Joe T. Nameless\",\"TargetUserSid\":\"S-1-5-21-1171287513-3642516788-2358256967-1003\",\"Task\":\"12544\",\"ThreadID\":\"1708\",\"TimeCreated\":\"2014-02-03T15:17:09.585577487Z\",\"TransmittedServices\":\"-\",\"Version\":\"0\",\"WorkstationName\":\"IACIS-HDD-2014\"}}","hash":"76fef03afa48c10b","code":"4624"},"labels":{"AuthenticationPackageName":"Negotiate","Channel":"Security","Computer":"IACIS-HDD-2014","EventID":"4624","EventRecordID":"2310","IpAddress":"127.0.0.1","IpPort":"0","KeyLength":"0","Keywords":"9232379236109516800","Level":"0","LmPackageName":"-","LogonGuid":"00000000-0000-0000-0000-000000000000","LogonProcessName":"User32 ","LogonType":"2","Opcode":"0","ProcessID":"508","ProcessId":"3172","ProcessName":"C:\\Windows\\System32\\winlogon.exe","ProviderGuid":"54849625-5478-4994-A5BA-3E3B0328C30D","ProviderName":"Microsoft-Windows-Security-Auditing","SubjectDomainName":"WORKGROUP","SubjectLogonId":"999","SubjectUserName":"IACIS-HDD-2014$","SubjectUserSid":"S-1-5-18","TargetDomainName":"IACIS-HDD-2014","TargetLogonId":"4952649","TargetUserName":"Sgt. Joe T. Nameless","TargetUserSid":"S-1-5-21-1171287513-3642516788-2358256967-1003","Task":"12544","ThreadID":"1708","TimeCreated":"2014-02-03T15:17:09.585577487Z","TransmittedServices":"-","Version":"0","WorkstationName":"IACIS-HDD-2014"},"@timestamp":"2014-02-03T15:17:09.5855777Z","message":"An account was successfully logged on"}
{"ecs":{"version":"9.1.0"},"agent":{"type":"fox","version":"0.0.0"},"host":{"hostname":"IACIS-HDD-2014"},"user":{},"event":{"id":"2311","kind":"event","module":"eventlog","dataset":"eventlog.Security","severity":10,"provider":"Microsoft-Windows-Security-Auditing","original":"{\"time\":\"2014-02-03T15:17:09.5855777Z\",\"host\":\"IACIS-HDD-2014\",\"message\":\"An account was successfully logged on\",\"severity\":10,\"sequence\":\"2311\",\"source\":\"eventlog\",\"category\":\"Security\",\"service\":\"Microsoft-Windows-Security-Auditing\",\"fields\":{\"AuthenticationPackageName\":\"Negotiate\",\"Channel\":\"Security\",\"Computer\":\"IACIS-HDD-2014\",\"EventID\":\"4624\",\"EventRecordID\":\"2311\",\"IpAddress\":\"127.0.0.1\",\"IpPort\":\"0\",\"KeyLength\":\"0\",\"Keywords\":\"9232379236109516800\",\"Level\":\"0\",\"LmPackageName\":\"-\",\"LogonGuid\":\"00000000-0000-0000-0000-000000000000\",\"LogonProcessName\":\"User32 \",\"LogonType\":\"2\",\"Opcode\":\"0\",\"ProcessID\":\"508\",\"ProcessId\":\"3172\",\"ProcessName\":\"C:\\\\Windows\\\\System32\\\\winlogon.exe\",\"ProviderGuid\":\"54849625-5478-4994-A5BA-3E3B0328C30D\",\"ProviderName\":\"Microsoft-Windows-Security-Auditing\",\"SubjectDomainName\":\"WORKGROUP\",\"SubjectLogonId\":\"999\",\"SubjectUserName\":\"IACIS-HDD-2014$\",\"SubjectUserSid\":\"S-1-5-18\",\"TargetDomainName\":\"IACIS-HDD-2014\",\"TargetLogonId\":\"4952703\",\"TargetUserName\":\"Sgt. Joe T. Nameless\",\"TargetUserSid\":\"S-1-5-21-1171287513-3642516788-2358256967-1003\",\"Task\":\"12544\",\"ThreadID\":\"1708\",\"TimeCreated\":\"2014-02-03T15:17:09.585577487Z\",\"TransmittedServices\":\"-\",\"Version\":\"0\",\"WorkstationName\":\"IACIS-HDD-2014\"}}","hash":"dea78348baa0f94f","code":"4624"},"labels":{"AuthenticationPackageName":"Negotiate","Channel":"Security","Computer":"IACIS-HDD-2014","EventID":"4624","EventRecordID":"2311","IpAddress":"127.0.0.1","IpPort":"0","KeyLength":"0","Keywords":"9232379236109516800","Level":"0","LmPackageName":"-","LogonGuid":"00000000-0000-0000-0000-000000000000","LogonProcessName":"User32 ","LogonType":"2","Opcode":"0","ProcessID":"508","ProcessId":"3172","ProcessName":"C:\\Windows\\System32\\winlogon.exe","ProviderGuid":"54849625-5478-4994-A5BA-3E3B0328C30D","ProviderName":"Microsoft-Windows-Security-Auditing","SubjectDomainName":"WORKGROUP","SubjectLogonId":"999","SubjectUserName":"IACIS-HDD-2014$","SubjectUserSid":"S-1-5-18","TargetDomainName":"IACIS-HDD-2014","TargetLogonId":"4952703","TargetUserName":"Sgt. Joe T. Nameless","TargetUserSid":"S-1-5-21-1171287513-3642516788-2358256967-1003","Task":"12544","ThreadID":"1708","TimeCreated":"2014-02-03T15:17:09.585577487Z","TransmittedServices":"-","Version":"0","WorkstationName":"IACIS-HDD-2014"},"@timestamp":"2014-02-03T15:17:09.5855777Z","message":"An account was successfully logged on"}
{"ecs":{"version":"9.1.0"},"agent":{"type":"fox","version":"0.0.0"},"host":{"hostname":"IACIS-HDD-2014"},"user":{},"event":{"id":"2309","kind":"event","module":"eventlog","dataset":"eventlog.Security","severity":10,"provider":"Microsoft-Windows-Security-Auditing","original":"{\"time\":\"2014-02-03T15:17:09.5855777Z\",\"host\":\"IACIS-HDD-2014\",\"message\":\"A logon was attempted using explicit credentials\",\"severity\":10,\"sequence\":\"2309\",\"source\":\"eventlog\",\"category\":\"Security\",\"service\":\"Microsoft-Windows-Security-Auditing\",\"fields\":{\"Channel\":\"Security\",\"Computer\":\"IACIS-HDD-2014\",\"EventID\":\"4648\",\"EventRecordID\":\"2309\",\"IpAddress\":\"127.0.0.1\",\"IpPort\":\"0\",\"Keywords\":\"9232379236109516800\",\"Level\":\"0\",\"LogonGuid\":\"00000000-0000-0000-0000-000000000000\",\"Opcode\":\"0\",\"ProcessID\":\"508\",\"ProcessId\":\"3172\",\"ProcessName\":\"C:\\\\Windows\\\\System32\\\\winlogon.exe\",\"ProviderGuid\":\"54849625-5478-4994-A5BA-3E3B0328C30D\",\"ProviderName\":\"Microsoft-Windows-Security-Auditing\",\"SubjectDomainName\":\"WORKGROUP\",\"SubjectLogonId\":\"999\",\"SubjectUserName\":\"IACIS-HDD-2014$\",\"SubjectUserSid\":\"S-1-5-18\",\"TargetDomainName\":\"IACIS-HDD-2014\",\"TargetInfo\":\"localhost\",\"TargetLogonGuid\":\"00000000-0000-0000-0000-000000000000\",\"TargetServerName\":\"localhost\",\"TargetUserName\":\"Sgt. Joe T. Nameless\",\"Task\":\"12544\",\"ThreadID\":\"1708\",\"TimeCreated\":\"2014-02-03T15:17:09.585577487Z\",\"Version\":\"0\"}}","hash":"7edff1b9317db8ba","code":"4648"},"labels":{"Channel":"Security","Computer":"IACIS-HDD-2014","EventID":"4648","EventRecordID":"2309","IpAddress":"127.0.0.1","IpPort":"0","Keywords":"9232379236109516800","Level":"0","LogonGuid":"00000000-0000-0000-0000-000000000000","Opcode":"0","ProcessID":"508","ProcessId":"3172","ProcessName":"C:\\Windows\\System32\\winlogon.exe","ProviderGuid":"54849625-5478-4994-A5BA-3E3B0328C30D","ProviderName":"Microsoft-Windows-Security-Auditing","SubjectDomainName":"WORKGROUP","SubjectLogonId":"999","SubjectUserName":"IACIS-HDD-2014$","SubjectUserSid":"S-1-5-18","TargetDomainName":"IACIS-HDD-2014","TargetInfo":"localhost","TargetLogonGuid":"00000000-0000-0000-0000-000000000000","TargetServerName":"localhost","TargetUserName":"Sgt. Joe T. Nameless","Task":"12544","ThreadID":"1708","TimeCreated":"2014-02-03T15:17:09.585577487Z","Version":"0"},"@timestamp":"2014-02-03T15:17:09.5855777Z","message":"A logon was attempted using explicit credentials"}
{"ecs":{"version":"9.1.0"},"agent":{"type":"fox","version":"0.0.0"},"host":{"hostname":"IACIS-HDD-2014"},"user":{},"event":{"id":"2312","kind":"event","module":"eventlog","dataset":"eventlog.Security","severity":10,"provider":"Microsoft-Windows-Security-Auditing","original":"{\"time\":\"2014-02-03T15:17:09.5855777Z\",\"host\":\"IACIS-HDD-2014\",\"message\":\"Special privileges assigned to new logon\",\"severity\":10,\"sequence\":\"2312\",\"source\":\"eventlog\",\"category\":\"Security\",\"service\":\"Microsoft-Windows-Security-Auditing\",\"fields\":{\"Channel\":\"Security\",\"Computer\":\"IACIS-HDD-2014\",\"EventID\":\"4672\",\"EventRecordID\":\"2312\",\"Keywords\":\"9232379236109516800\",\"Level\":\"0\",\"Opcode\":\"0\",\"PrivilegeList\":\"SeSecurityPrivilege\\r\\n\\t\\t\\tSeTakeOwnershipPrivilege\\r\\n\\t\\t\\tSeLoadDriverPrivilege\\r\\n\\t\\t\\tSeBackupPrivilege\\r\\n\\t\\t\\tSeRestorePrivilege\\r\\n\\t\\t\\tSeDebugPrivilege\\r\\n\\t\\t\\tSeSystemEnvironmentPrivilege\\r\\n\\t\\t\\tSeImpersonatePrivilege\",\"ProcessID\":\"508\",\"ProviderGuid\":\"54849625-5478-4994-A5BA-3E3B0328C30D\",\"ProviderName\":\"Microsoft-Windows-Security-Auditing\",\"SubjectDomainName\":\"IACIS-HDD-2014\",\"SubjectLogonId\":\"4952649\",\"SubjectUserName\":\"Sgt. Joe T. Nameless\",\"SubjectUserSid\":\"S-1-5-21-1171287513-3642516788-2358256967-1003\",\"Task\":\"12548\",\"ThreadID\":\"1708\",\"TimeCreated\":\"2014-02-03T15:17:09.585577487Z\",\"Version\":\"0\"}}","hash":"045895b5b8c3ee70","code":"4672"},"labels":{"Channel":"Security","Computer":"IACIS-HDD-2014","EventID":"4672","EventRecordID":"2312","Keywords":"9232379236109516800","Level":"0","Opcode":"0","PrivilegeList":"SeSecurityPrivilege\r\n\t\t\tSeTakeOwnershipPrivilege\r\n\t\t\tSeLoadDriverPrivilege\r\n\t\t\tSeBackupPrivilege\r\n\t\t\tSeRestorePrivilege\r\n\t\t\tSeDebugPrivilege\r\n\t\t\tSeSystemEnvironmentPrivilege\r\n\t\t\tSeImpersonatePrivilege","ProcessID":"508","ProviderGuid":"54849625-5478-4994-A5BA-3E3B0328C30D","ProviderName":"Microsoft-Windows-Security-Auditing","SubjectDomainName":"IACIS-HDD-2014","SubjectLogonId":"4952649","SubjectUserName":"Sgt. Joe T. Nameless","SubjectUserSid":"S-1-5-21-1171287513-3642516788-2358256967-1003","Task":"12548","ThreadID":"1708","TimeCreated":"2014-02-03T15:17:09.585577487Z","Version":"0"},"@timestamp":"2014-02-03T15:17:09.5855777Z","message":"Special privileges assigned to new logon"}
{"ecs":{"version":"9.1.0"},"agent":{"type":"fox","version":"0.0.0"},"host":{"hostname":"IACIS-HDD-2014"},"user":{},"event":{"id":"2313","kind":"event","module":"eventlog","dataset":"eventlog.Security","severity":10,"provider":"Microsoft-Windows-Security-Auditing","original":"{\"time\":\"2014-02-03T15:17:10.5839795Z\",\"host\":\"IACIS-HDD-2014\",\"message\":\"A member was added to a security-enabled local group\",\"severity\":10,\"sequence\":\"2313\",\"source\":\"eventlog\",\"category\":\"Security\",\"service\":\"Microsoft-Windows-Security-Auditing\",\"fields\":{\"Channel\":\"Security\",\"Computer\":\"IACIS-HDD-2014\",\"EventID\":\"4732\",\"EventRecordID\":\"2313\",\"Keywords\":\"9232379236109516800\",\"Level\":\"0\",\"MemberName\":\"-\",\"MemberSid\":\"S-1-5-21-1171287513-3642516788-2358256967-1003\",\"Opcode\":\"0\",\"PrivilegeList\":\"-\",\"ProcessID\":\"508\",\"ProviderGuid\":\"54849625-5478-4994-A5BA-3E3B0328C30D\",\"ProviderName\":\"Microsoft-Windows-Security-Auditing\",\"SubjectDomainName\":\"WORKGROUP\",\"SubjectLogonId\":\"999\",\"SubjectUserName\":\"IACIS-HDD-2014$\",\"SubjectUserSid\":\"S-1-5-18\",\"TargetDomainName\":\"IACIS-HDD-2014\",\"TargetSid\":\"S-1-5-21-1171287513-3642516788-2358256967-1000\",\"TargetUserName\":\"HomeUsers\",\"Task\":\"13826\",\"ThreadID\":\"3600\",\"TimeCreated\":\"2014-02-03T15:17:10.583979129Z\",\"Version\":\"0\"}}","hash":"4fff8a9e54d26b65","code":"4732"},"labels":{"Channel":"Security","Computer":"IACIS-HDD-2014","EventID":"4732","EventRecordID":"2313","Keywords":"9232379236109516800","Level":"0","MemberName":"-","MemberSid":"S-1-5-21-1171287513-3642516788-2358256967-1003","Opcode":"0","PrivilegeList":"-","ProcessID":"508","ProviderGuid":"54849625-5478-4994-A5BA-3E3B0328C30D","ProviderName":"Microsoft-Windows-Security-Auditing","SubjectDomainName":"WORKGROUP","SubjectLogonId":"999","SubjectUserName":"IACIS-HDD-2014$","SubjectUserSid":"S-1-5-18","TargetDomainName":"IACIS-HDD-2014","TargetSid":"S-1-5-21-1171287513-3642516788-2358256967-1000","TargetUserName":"HomeUsers","Task":"13826","ThreadID":"3600","TimeCreated":"2014-02-03T15:17:10.583979129Z","Version":"0"},"@timestamp":"2014-02-03T15:17:10.5839795Z","message":"A member was added to a security-enabled local group"}
{"ecs":{"version":"9.1.0"},"agent":{"type":"fox","version":"0.0.0"},"host":{"hostname":"IACIS-HDD-2014"},"user":{},"event":{"id":"2314","kind":"event","module":"eventlog","dataset":"eventlog.Security","severity":10,"provider":"Microsoft-Windows-Security-Auditing","original":"{\"time\":\"2014-02-03T17:45:34.6984221Z\",\"host\":\"IACIS-HDD-2014\",\"message\":\"A logon was attempted using explicit credentials\",\"severity\":10,\"sequence\":\"2314\",\"source\":\"eventlog\",\"category\":\"Security\",\"service\":\"Microsoft-Windows-Security-Auditing\",\"fields\":{\"Channel\":\"Security\",\"Computer\":\"IACIS-HDD-2014\",\"EventID\":\"4648\",\"EventRecordID\":\"2314\",\"IpAddress\":\"127.0.0.1\",\"IpPort\":\"0\",\"Keywords\":\"9232379236109516800\",\"Level\":\"0\",\"LogonGuid\":\"00000000-0000-0000-0000-000000000000\",\"Opcode\":\"0\",\"ProcessID\":\"508\",\"ProcessId\":\"3172\",\"ProcessName\":\"C:\\\\Windows\\\\System32\\\\winlogon.exe\",\"ProviderGuid\":\"54849625-5478-4994-A5BA-3E3B0328C30D\",\"ProviderName\":\"Microsoft-Windows-Security-Auditing\",\"SubjectDomainName\":\"WORKGROUP\",\"SubjectLogonId\":\"999\",\"SubjectUserName\":\"IACIS-HDD-2014$\",\"SubjectUserSid\":\"S-1-5-18\",\"TargetDomainName\":\"IACIS-HDD-2014\",\"TargetInfo\":\"localhost\",\"TargetLogonGuid\":\"00000000-0000-0000-0000-000000000000\",\"TargetServerName\":\"localhost\",\"TargetUserName\":\"Sgt. Joe T. Nameless\",\"Task\":\"12544\",\"ThreadID\":\"212\",\"TimeCreated\":\"2014-02-03T17:45:34.698422431Z\",\"Version\":\"0\"}}","hash":"6dcb8ee2959bd1fb","code":"4648"},"labels":{"Channel":"Security","Computer":"IACIS-HDD-2014","EventID":"4648","EventRecordID":"2314","IpAddress":"127.0.0.1","IpPort":"0","Keywords":"9232379236109516800","Level":"0","LogonGuid":"00000000-0000-0000-0000-000000000000","Opcode":"0","ProcessID":"508","ProcessId":"3172","ProcessName":"C:\\Windows\\System32\\winlogon.exe","ProviderGuid":"54849625-5478-4994-A5BA-3E3B0328C30D","ProviderName":"Microsoft-Windows-Security-Auditing","SubjectDomainName":"WORKGROUP","SubjectLogonId":"999","SubjectUserName":"IACIS-HDD-2014$","SubjectUserSid":"S-1-5-18","TargetDomainName":"IACIS-HDD-2014","TargetInfo":"localhost","TargetLogonGuid":"00000000-0000-0000-0000-000000000000","TargetServerName":"localhost","TargetUserName":"Sgt. Joe T. Nameless","Task":"12544","ThreadID":"212","TimeCreated":"2014-02-03T17:45:34.698422431Z","Version":"0"},"@timestamp":"2014-02-03T17:45:34.6984221Z","message":"A logon was attempted using explicit credentials"}
{"ecs":{"version":"9.1.0"},"agent":{"type":"fox","version":"0.0.0"},"host":{"hostname":"IACIS-HDD-2014"},"user":{},"event":{"id":"2316","kind":"event","module":"eventlog","dataset":"eventlog.Security","severity":10,"provider":"Microsoft-Windows-Security-Auditing","original":"{\"time\":\"2014-02-03T17:45:34.6984221Z\",\"host\":\"IACIS-HDD-2014\",\"message\":\"An account was successfully logged on\",\"severity\":10,\"sequence\":\"2316\",\"source\":\"eventlog\",\"category\":\"Security\",\"service\":\"Microsoft-Windows-Security-Auditing\",\"fields\":{\"AuthenticationPackageName\":\"Negotiate\",\"Channel\":\"Security\",\"Computer\":\"IACIS-HDD-2014\",\"EventID\":\"4624\",\"EventRecordID\":\"2316\",\"IpAddress\":\"127.0.0.1\",\"IpPort\":\"0\",\"KeyLength\":\"0\",\"Keywords\":\"9232379236109516800\",\"Level\":\"0\",\"LmPackageName\":\"-\",\"LogonGuid\":\"00000000-0000-0000-0000-000000000000\",\"LogonProcessName\":\"User32 \",\"LogonType\":\"7\",\"Opcode\":\"0\",\"ProcessID\":\"508\",\"ProcessId\":\"3172\",\"ProcessName\":\"C:\\\\Windows\\\\System32\\\\winlogon.exe\",\"ProviderGuid\":\"54849625-5478-4994-A5BA-3E3B0328C30D\",\"ProviderName\":\"Microsoft-Windows-Security-Auditing\",\"SubjectDomainName\":\"WORKGROUP\",\"SubjectLogonId\":\"999\",\"SubjectUserName\":\"IACIS-HDD-2014$\",\"SubjectUserSid\":\"S-1-5-18\",\"TargetDomainName\":\"IACIS-HDD-2014\",\"TargetLogonId\":\"5388041\",\"TargetUserName\":\"Sgt. Joe T. Nameless\",\"TargetUserSid\":\"S-1-5-21-1171287513-3642516788-2358256967-1003\",\"Task\":\"12544\",\"ThreadID\":\"212\",\"TimeCreated\":\"2014-02-03T17:45:34.698422431Z\",\"TransmittedServices\":\"-\",\"Version\":\"0\",\"WorkstationName\":\"IACIS-HDD-2014\"}}","hash":"bca4106d700dffa3","code":"4624"},"labels":{"AuthenticationPackageName":"Negotiate","Channel":"Security","Computer":"IACIS-HDD-2014","EventID":"4624","EventRecordID":"2316","IpAddress":"127.0.0.1","IpPort":"0","KeyLength":"0","Keywords":"9232379236109516800","Level":"0","LmPackageName":"-","LogonGuid":"00000000-0000-0000-0000-000000000000","LogonProcessName":"User32 ","LogonType":"7","Opcode":"0","ProcessID":"508","ProcessId":"3172","ProcessName":"C:\\Windows\\System32\\winlogon.exe","ProviderGuid":"54849625-5478-4994-A5BA-3E3B0328C30D","ProviderName":"Microsoft-Windows-Security-Auditing","SubjectDomainName":"WORKGROUP","SubjectLogonId":"999","SubjectUserName":"IACIS-HDD-2014$","SubjectUserSid":"S-1-5-18","TargetDomainName":"IACIS-HDD-2014","TargetLogonId":"5388041","TargetUserName":"Sgt. Joe T. Nameless","TargetUserSid":"S-1-5-21-1171287513-3642516788-2358256967-1003","Task":"12544","ThreadID":"212","TimeCreated":"2014-02-03T17:45:34.698422431Z","TransmittedServices":"-","Version":"0","WorkstationName":"IACIS-HDD-2014"},"@timestamp":"2014-02-03T17:45:34.6984221Z","message":"An account was successfully logged on"}
{"ecs":{"version":"9.1.0"},"agent":{"type":"fox","version":"0.0.0"},"host":{"hostname":"IACIS-HDD-2014"},"user":{},"event":{"id":"2315","kind":"event","module":"eventlog","dataset":"eventlog.Security","severity":10,"provider":"Microsoft-Windows-Security-Auditing","original":"{\"time\":\"2014-02-03T17:45:34.6984221Z\",\"host\":\"IACIS-HDD-2014\",\"message\":\"An account was successfully logged on\",\"severity\":10,\"sequence\":\"2315\",\"source\":\"eventlog\",\"category\":\"Security\",\"service\":\"Microsoft-Windows-Security-Auditing\",\"fields\":{\"AuthenticationPackageName\":\"Negotiate\",\"Channel\":\"Security\",\"Computer\":\"IACIS-HDD-2014\",\"EventID\":\"4624\",\"EventRecordID\":\"2315\",\"IpAddress\":\"127.0.0.1\",\"IpPort\":\"0\",\"KeyLength\":\"0\",\"Keywords\":\"9232379236109516800\",\"Level\":\"0\",\"LmPackageName\":\"-\",\"LogonGuid\":\"00000000-0000-0000-0000-000000000000\",\"LogonProcessName\":\"User32 \",\"LogonType\":\"7\",\"Opcode\":\"0\",\"ProcessID\":\"508\",\"ProcessId\":\"3172\",\"ProcessName\":\"C:\\\\Windows\\\\System32\\\\winlogon.exe\",\"ProviderGuid\":\"54849625-5478-4994-A5BA-3E3B0328C30D\",\"ProviderName\":\"Microsoft-Windows-Security-Auditing\",\"SubjectDomainName\":\"WORKGROUP\",\"SubjectLogonId\":\"999\",\"SubjectUserName\":\"IACIS-HDD-2014$\",\"SubjectUserSid\":\"S-1-5-18\",\"TargetDomainName\":\"IACIS-HDD-2014\",\"TargetLogonId\":\"5388027\",\"TargetUserName\":\"Sgt. Joe T. Nameless\",\"TargetUserSid\":\"S-1-5-21-1171287513-3642516788-2358256967-1003\",\"Task\":\"12544\",\"ThreadID\":\"212\",\"TimeCreated\":\"2014-02-03T17:45:34.698422431Z\",\"TransmittedServices\":\"-\",\"Version\":\"0\",\"WorkstationName\":\"IACIS-HDD-2014\"}}","hash":"9ab6848a90af99b2","code":"4624"},"labels":{"AuthenticationPackageName":"Negotiate","Channel":"Security","Computer":"IACIS-HDD-2014","EventID":"4624","EventRecordID":"2315","IpAddress":"127.0.0.1","IpPort":"0","KeyLength":"0","Keywords":"9232379236109516800","Level":"0","LmPackageName":"-","LogonGuid":"00000000-0000-0000-0000-000000000000","LogonProcessName":"User32 ","LogonType":"7","Opcode":"0","ProcessID":"508","ProcessId":"3172","ProcessName":"C:\\Windows\\System32\\winlogon.exe","ProviderGuid":"54849625-5478-4994-A5BA-3E3B0328C30D","ProviderName":"Microsoft-Windows-Security-Auditing","SubjectDomainName":"WORKGROUP","SubjectLogonId":"999","SubjectUserName":"IACIS-HDD-2014$","SubjectUserSid":"S-1-5-18","TargetDomainName":"IACIS-HDD-2014","TargetLogonId":"5388027","TargetUserName":"Sgt. Joe T. Nameless","TargetUserSid":"S-1-5-21-1171287513-3642516788-2358256967-1003","Task":"12544","ThreadID":"212","TimeCreated":"2014-02-03T17:45:34.698422431Z","TransmittedServices":"-","Version":"0","WorkstationName":"IACIS-HDD-2014"},"@timestamp":"2014-02-03T17:45:34.6984221Z","message":"An account was successfully logged on"}
{"ecs":{"version":"9.1.0"},"agent":{"type":"fox","version":"0.0.0"},"host":{"hostname":"IACIS-HDD-2014"},"user":{},"event":{"id":"2317","kind":"event","module":"eventlog","dataset":"eventlog.Security","severity":10,"provider":"Microsoft-Windows-Security-Auditing","original":"{\"time\":\"2014-02-03T17:45:34.6984221Z\",\"host\":\"IACIS-HDD-2014\",\"message\":\"Special privileges assigned to new logon\",\"severity\":10,\"sequence\":\"2317\",\"source\":\"eventlog\",\"category\":\"Security\",\"service\":\"Microsoft-Windows-Security-Auditing\",\"fields\":{\"Channel\":\"Security\",\"Computer\":\"IACIS-HDD-2014\",\"EventID\":\"4672\",\"EventRecordID\":\"2317\",\"Keywords\":\"9232379236109516800\",\"Level\":\"0\",\"Opcode\":\"0\",\"PrivilegeList\":\"SeSecurityPrivilege\\r\\n\\t\\t\\tSeTakeOwnershipPrivilege\\r\\n\\t\\t\\tSeLoadDriverPrivilege\\r\\n\\t\\t\\tSeBackupPrivilege\\r\\n\\t\\t\\tSeRestorePrivilege\\r\\n\\t\\t\\tSeDebugPrivilege\\r\\n\\t\\t\\tSeSystemEnvironmentPrivilege\\r\\n\\t\\t\\tSeImpersonatePrivilege\",\"ProcessID\":\"508\",\"ProviderGuid\":\"54849625-5478-4994-A5BA-3E3B0328C30D\",\"ProviderName\":\"Microsoft-Windows-Security-Auditing\",\"SubjectDomainName\":\"IACIS-HDD-2014\",\"SubjectLogonId\":\"5388027\",\"SubjectUserName\":\"Sgt. Joe T. Nameless\",\"SubjectUserSid\":\"S-1-5-21-1171287513-3642516788-2358256967-1003\",\"Task\":\"12548\",\"ThreadID\":\"212\",\"TimeCreated\":\"2014-02-03T17:45:34.698422431Z\",\"Version\":\"0\"}}","hash":"0a05b3336837a13b","code":"4672"},"labels":{"Channel":"Security","Computer":"IACIS-HDD-2014","EventID":"4672","EventRecordID":"2317","Keywords":"9232379236109516800","Level":"0","Opcode":"0","PrivilegeList":"SeSecurityPrivilege\r\n\t\t\tSeTakeOwnershipPrivilege\r\n\t\t\tSeLoadDriverPrivilege\r\n\t\t\tSeBackupPrivilege\r\n\t\t\tSeRestorePrivilege\r\n\t\t\tSeDebugPrivilege\r\n\t\t\tSeSystemEnvironmentPrivilege\r\n\t\t\tSeImpersonatePrivilege","ProcessID":"508","ProviderGuid":"54849625-5478-4994-A5BA-3E3B0328C30D","ProviderName":"Microsoft-Windows-Security-Auditing","SubjectDomainName":"IACIS-HDD-2014","SubjectLogonId":"5388027","SubjectUserName":"Sgt. Joe T. Nameless","SubjectUserSid":"S-1-5-21-1171287513-3642516788-2358256967-1003","Task":"12548","ThreadID":"212","TimeCreated":"2014-02-03T17:45:34.698422431Z","Version":"0"},"@timestamp":"2014-02-03T17:45:34.6984221Z","message":"Special privileges assigned to new logon"}
{"ecs":{"version":"9.1.0"},"agent":{"type":"fox","version":"0.0.0"},"host":{"hostname":"IACIS-HDD-2014"},"user":{},"event":{"id":"2321","kind":"event","module":"eventlog","dataset":"eventlog.Security","severity":10,"provider":"Microsoft-Windows-Security-Auditing","original":"{\"time\":\"2014-02-03T18:01:17.8780832Z\",\"host\":\"IACIS-HDD-2014\",\"message\":\"An account was successfully logged on\",\"severity\":10,\"sequence\":\"2321\",\"source\":\"eventlog\",\"category\":\"Security\",\"service\":\"Microsoft-Windows-Security-Auditing\",\"fields\":{\"AuthenticationPackageName\":\"Negotiate\",\"Channel\":\"Security\",\"Computer\":\"IACIS-HDD-2014\",\"EventID\":\"4624\",\"EventRecordID\":\"2321\",\"IpAddress\":\"-\",\"IpPort\":\"-\",\"KeyLength\":\"0\",\"Keywords\":\"9232379236109516800\",\"Level\":\"0\",\"LmPackageName\":\"-\",\"LogonGuid\":\"00000000-0000-0000-0000-000000000000\",\"LogonProcessName\":\"Advapi  \",\"LogonType\":\"5\",\"Opcode\":\"0\",\"ProcessID\":\"508\",\"ProcessId\":\"492\",\"ProcessName\":\"C:\\\\Windows\\\\System32\\\\services.exe\",\"ProviderGuid\":\"54849625-5478-4994-A5BA-3E3B0328C30D\",\"ProviderName\":\"Microsoft-Windows-Security-Auditing\",\"SubjectDomainName\":\"WORKGROUP\",\"SubjectLogonId\":\"999\",\"SubjectUserName\":\"IACIS-HDD-2014$\",\"SubjectUserSid\":\"S-1-5-18\",\"TargetDomainName\":\"NT AUTHORITY\",\"TargetLogonId\":\"999\",\"TargetUserName\":\"SYSTEM\",\"TargetUserSid\":\"S-1-5-18\",\"Task\":\"12544\",\"ThreadID\":\"2920\",\"TimeCreated\":\"2014-02-03T18:01:17.878083229Z\",\"TransmittedServices\":\"-\",\"Version\":\"0\",\"WorkstationName\":\"\"}}","hash":"91cf2a7517b391cb","code":"4624"},"labels":{"AuthenticationPackageName":"Negotiate","Channel":"Security","Computer":"IACIS-HDD-2014","EventID":"4624","EventRecordID":"2321","IpAddress":"-","IpPort":"-","KeyLength":"0","Keywords":"9232379236109516800","Level":"0","LmPackageName":"-","LogonGuid":"00000000-0000-0000-0000-000000000000","LogonProcessName":"Advapi  ","LogonType":"5","Opcode":"0","ProcessID":"508","ProcessId":"492","ProcessName":"C:\\Windows\\System32\\services.exe","ProviderGuid":"54849625-5478-4994-A5BA-3E3B0328C30D","ProviderName":"Microsoft-Windows-Security-Auditing","SubjectDomainName":"WORKGROUP","SubjectLogonId":"999","SubjectUserName":"IACIS-HDD-2014$","SubjectUserSid":"S-1-5-18","TargetDomainName":"NT AUTHORITY","TargetLogonId":"999","TargetUserName":"SYSTEM","TargetUserSid":"S-1-5-18","Task":"12544","ThreadID":"2920","TimeCreated":"2014-02-03T18:01:17.878083229Z","TransmittedServices":"-","Version":"0","WorkstationName":""},"@timestamp":"2014-02-03T18:01:17.8780832Z","message":"An account was successfully logged on"}
{"ecs":{"version":"9.1.0"},"agent":{"type":"fox","version":"0.0.0"},"host":{"hostname":"IACIS-HDD-2014"},"user":{},"event":{"id":"2322","kind":"event","module":"eventlog","dataset":"eventlog.Security","severity":10,"provider":"Microsoft-Windows-Security-Auditing","original":"{\"time\":\"2014-02-03T18:01:17.8780832Z\",\"host\":\"IACIS-HDD-2014\",\"message\":\"Special privileges assigned to new logon\",\"severity\":10,\"sequence\":\"2322\",\"source\":\"eventlog\",\"category\":\"Security\",\"service\":\"Microsoft-Windows-Security-Auditing\",\"fields\":{\"Channel\":\"Security\",\"Computer\":\"IACIS-HDD-2014\",\"EventID\":\"4672\",\"EventRecordID\":\"2322\",\"Keywords\":\"9232379236109516800\",\"Level\":\"0\",\"Opcode\":\"0\",\"PrivilegeList\":\"SeAssignPrimaryTokenPrivilege\\r\\n\\t\\t\\tSeTcbPrivilege\\r\\n\\t\\t\\tSeSecurityPrivilege\\r\\n\\t\\t\\tSeTakeOwnershipPrivilege\\r\\n\\t\\t\\tSeLoadDriverPrivilege\\r\\n\\t\\t\\tSeBackupPrivilege\\r\\n\\t\\t\\tSeRestorePrivilege\\r\\n\\t\\t\\tSeDebugPrivilege\\r\\n\\t\\t\\tSeAuditPrivilege\\r\\n\\t\\t\\tSeSystemEnvironmentPrivilege\\r\\n\\t\\t\\tSeImpersonatePrivilege\",\"ProcessID\":\"508\",\"ProviderGuid\":\"54849625-5478-4994-A5BA-3E3B0328C30D\",\"ProviderName\":\"Microsoft-Windows-Security-Auditing\",\"SubjectDomainName\":\"NT AUTHORITY\",\"SubjectLogonId\":\"999\",\"SubjectUserName\":\"SYSTEM\",\"SubjectUserSid\":\"S-1-5-18\",\"Task\":\"12548\",\"ThreadID\":\"2920\",\"TimeCreated\":\"2014-02-03T18:01:17.878083229Z\",\"Version\":\"0\"}}","hash":"62aea478b6a85be0","code":"4672"},"labels":{"Channel":"Security","Computer":"IACIS-HDD-2014","EventID":"4672","EventRecordID":"2322","Keywords":"9232379236109516800","Level":"0","Opcode":"0","PrivilegeList":"SeAssignPrimaryTokenPrivilege\r\n\t\t\tSeTcbPrivilege\r\n\t\t\tSeSecurityPrivilege\r\n\t\t\tSeTakeOwnershipPrivilege\r\n\t\t\tSeLoadDriverPrivilege\r\n\t\t\tSeBackupPrivilege\r\n\t\t\tSeRestorePrivilege\r\n\t\t\tSeDebugPrivilege\r\n\t\t\tSeAuditPrivilege\r\n\t\t\tSeSystemEnvironmentPrivilege\r\n\t\t\tSeImpersonatePrivilege","ProcessID":"508","ProviderGuid":"54849625-5478-4994-A5BA-3E3B0328C30D","ProviderName":"Microsoft-Windows-Security-Auditing","SubjectDomainName":"NT AUTHORITY","SubjectLogonId":"999","SubjectUserName":"SYSTEM","SubjectUserSid":"S-1-5-18","Task":"12548","ThreadID":"2920","TimeCreated":"2014-02-03T18:01:17.878083229Z","Version":"0"},"@timestamp":"2014-02-03T18:01:17.8780832Z","message":"Special privileges assigned to new logon"}
{"ecs":{"version":"9.1.0"},"agent":{"type":"fox","version":"0.0.0"},"host":{"hostname":"IACIS-HDD-2014"},"user":{},"event":{"id":"2325","kind":"event","module":"eventlog","dataset":"eventlog.Security","severity":10,"provider":"Microsoft-Windows-Security-Auditing","original":"{\"time\":\"2014-02-04T14:11:34.7188513Z\",\"host\":\"IACIS-HDD-2014\",\"message\":\"An account was successfully logged on\",\"severity\":10,\"sequence\":\"2325\",\"source\":\"eventlog\",\"category\":\"Security\",\"service\":\"Microsoft-Windows-Security-Auditing\",\"fields\":{\"AuthenticationPackageName\":\"-\",\"Channel\":\"Security\",\"Computer\":\"IACIS-HDD-2014\",\"EventID\":\"4624\",\"EventRecordID\":\"2325\",\"IpAddress\":\"-\",\"IpPort\":\"-\",\"KeyLength\":\"0\",\"Keywords\":\"9232379236109516800\",\"Level\":\"0\",\"LmPackageName\":\"-\",\"LogonGuid\":\"00000000-0000-0000-0000-000000000000\",\"LogonProcessName\":\"-\",\"LogonType\":\"0\",\"Opcode\":\"0\",\"ProcessID\":\"512\",\"ProcessId\":\"4\",\"ProcessName\":\"\",\"ProviderGuid\":\"54849625-5478-4994-A5BA-3E3B0328C30D\",\"ProviderName\":\"Microsoft-Windows-Security-Auditing\",\"SubjectDomainName\":\"-\",\"SubjectLogonId\":\"0\",\"SubjectUserName\":\"-\",\"SubjectUserSid\":\"S-1-0-0\",\"TargetDomainName\":\"NT AUTHORITY\",\"TargetLogonId\":\"999\",\"TargetUserName\":\"SYSTEM\",\"TargetUserSid\":\"S-1-5-18\",\"Task\":\"12544\",\"ThreadID\":\"516\",\"TimeCreated\":\"2014-02-04T14:11:34.718851089Z\",\"TransmittedServices\":\"-\",\"Version\":\"0\",\"WorkstationName\":\"-\"}}","hash":"2e36bc7e4b5d6750","code":"4624"},"labels":{"AuthenticationPackageName":"-","Channel":"Security","Computer":"IACIS-HDD-2014","EventID":"4624","EventRecordID":"2325","IpAddress":"-","IpPort":"-","KeyLength":"0","Keywords":"9232379236109516800","Level":"0","LmPackageName":"-","LogonGuid":"00000000-0000-0000-0000-000000000000","LogonProcessName":"-","LogonType":"0","Opcode":"0","ProcessID":"512","ProcessId":"4","ProcessName":"","ProviderGuid":"54849625-5478-4994-A5BA-3E3B0328C30D","ProviderName":"Microsoft-Windows-Security-Auditing","SubjectDomainName":"-","SubjectLogonId":"0","SubjectUserName":"-","SubjectUserSid":"S-1-0-0","TargetDomainName":"NT AUTHORITY","TargetLogonId":"999","TargetUserName":"SYSTEM","TargetUserSid":"S-1-5-18","Task":"12544","ThreadID":"516","TimeCreated":"2014-02-04T14:11:34.718851089Z","TransmittedServices":"-","Version":"0","WorkstationName":"-"},"@timestamp":"2014-02-04T14:11:34.7188513Z","message":"An account was successfully logged on"}
{"ecs":{"version":"9.1.0"},"agent":{"type":"fox","version":"0.0.0"},"host":{"hostname":"IACIS-HDD-2014"},"user":{},"event":{"id":"2326","kind":"event","module":"eventlog","dataset":"eventlog.Security","severity":10,"provider":"Microsoft-Windows-Security-Auditing","original":"{\"time\":\"2014-02-04T14:11:35.9356535Z\",\"host\":\"IACIS-HDD-2014\",\"message\":\"The Per-user audit policy table was created\",\"severity\":10,\"sequence\":\"2326\",\"source\":\"eventlog\",\"category\":\"Security\",\"service\":\"Microsoft-Windows-Security-Auditing\",\"fields\":{\"Channel\":\"Security\",\"Computer\":\"IACIS-HDD-2014\",\"EventID\":\"4902\",\"EventRecordID\":\"2326\",\"Keywords\":\"9232379236109516800\",\"Level\":\"0\",\"Opcode\":\"0\",\"ProcessID\":\"512\",\"ProviderGuid\":\"54849625-5478-4994-A5BA-3E3B0328C30D\",\"ProviderName\":\"Microsoft-Windows-Security-Auditing\",\"PuaCount\":\"0\",\"PuaPolicyId\":\"40309\",\"Task\":\"13568\",\"ThreadID\":\"564\",\"TimeCreated\":\"2014-02-04T14:11:35.935652732Z\",\"Version\":\"0\"}}","hash":"cd69640ba64cd409","code":"4902"},"labels":{"Channel":"Security","Computer":"IACIS-HDD-2014","EventID":"4902","EventRecordID":"2326","Keywords":"9232379236109516800","Level":"0","Opcode":"0","ProcessID":"512","ProviderGuid":"54849625-5478-4994-A5BA-3E3B0328C30D","ProviderName":"Microsoft-Windows-Security-Auditing","PuaCount":"0","PuaPolicyId":"40309","Task":"13568","ThreadID":"564","TimeCreated":"2014-02-04T14:11:35.935652732Z","Version":"0"},"@timestamp":"2014-02-04T14:11:35.9356535Z","message":"The Per-user audit policy table was created"}
{"ecs":{"version":"9.1.0"},"agent":{"type":"fox","version":"0.0.0"},"host":{"hostname":"IACIS-HDD-2014"},"user":{},"event":{"id":"2327","kind":"event","module":"eventlog","dataset":"eventlog.Security","severity":10,"provider":"Microsoft-Windows-Security-Auditing","original":"{\"time\":\"2014-02-04T14:11:36.0916537Z\",\"host\":\"IACIS-HDD-2014\",\"message\":\"An account was successfully logged on\",\"severity\":10,\"sequence\":\"2327\",\"source\":\"eventlog\",\"category\":\"Security\",\"service\":\"Microsoft-Windows-Security-Auditing\",\"fields\":{\"AuthenticationPackageName\":\"Negotiate\",\"Channel\":\"Security\",\"Computer\":\"IACIS-HDD-2014\",\"EventID\":\"4624\",\"EventRecordID\":\"2327\",\"IpAddress\":\"-\",\"IpPort\":\"-\",\"KeyLength\":\"0\",\"Keywords\":\"9232379236109516800\",\"Level\":\"0\",\"LmPackageName\":\"-\",\"LogonGuid\":\"00000000-0000-0000-0000-000000000000\",\"LogonProcessName\":\"Advapi  \",\"LogonType\":\"5\",\"Opcode\":\"0\",\"ProcessID\":\"512\",\"ProcessId\":\"504\",\"ProcessName\":\"C:\\\\Windows\\\\System32\\\\services.exe\",\"ProviderGuid\":\"54849625-5478-4994-A5BA-3E3B0328C30D\",\"ProviderName\":\"Microsoft-Windows-Security-Auditing\",\"SubjectDomainName\":\"WORKGROUP\",\"SubjectLogonId\":\"999\",\"SubjectUserName\":\"IACIS-HDD-2014$\",\"SubjectUserSid\":\"S-1-5-18\",\"TargetDomainName\":\"NT AUTHORITY\",\"TargetLogonId\":\"999\",\"TargetUserName\":\"SYSTEM\",\"TargetUserSid\":\"S-1-5-18\",\"Task\":\"12544\",\"ThreadID\":\"576\",\"TimeCreated\":\"2014-02-04T14:11:36.0916543Z\",\"TransmittedServices\":\"-\",\"Version\":\"0\",\"WorkstationName\":\"\"}}","hash":"ae701f95bdd4bdfa","code":"4624"},"labels":{"AuthenticationPackageName":"Negotiate","Channel":"Security","Computer":"IACIS-HDD-2014","EventID":"4624","EventRecordID":"2327","IpAddress":"-","IpPort":"-","KeyLength":"0","Keywords":"9232379236109516800","Level":"0","LmPackageName":"-","LogonGuid":"00000000-0000-0000-0000-000000000000","LogonProcessName":"Advapi  ","LogonType":"5","Opcode":"0","ProcessID":"512","ProcessId":"504","ProcessName":"C:\\Windows\\System32\\services.exe","ProviderGuid":"54849625-5478-4994-A5BA-3E3B0328C30D","ProviderName":"Microsoft-Windows-Security-Auditing","SubjectDomainName":"WORKGROUP","SubjectLogonId":"999","SubjectUserName":"IACIS-HDD-2014$","SubjectUserSid":"S-1-5-18","TargetDomainName":"NT AUTHORITY","TargetLogonId":"999","TargetUserName":"SYSTEM","TargetUserSid":"S-1-5-18","Task":"12544","ThreadID":"576","TimeCreated":"2014-02-04T14:11:36.0916543Z","TransmittedServices":"-","Version":"0","WorkstationName":""},"@timestamp":"2014-02-04T14:11:36.0916537Z","message":"An account was successfully logged on"}
{"ecs":{"version":"9.1.0"},"agent":{"type":"fox","version":"0.0.0"},"host":{"hostname":"IACIS-HDD-2014"},"user":{},"event":{"id":"2328","kind":"event","module":"eventlog","dataset":"eventlog.Security","severity":10,"provider":"Microsoft-Windows-Security-Auditing","original":"{\"time\":\"2014-02-04T14:11:36.0916537Z\",\"host\":\"IACIS-HDD-2014\",\"message\":\"Special privileges assigned to new logon\",\"severity\":10,\"sequence\":\"2328\",\"source\":\"eventlog\",\"category\":\"Security\",\"service\":\"Microsoft-Windows-Security-Auditing\",\"fields\":{\"Channel\":\"Security\",\"Computer\":\"IACIS-HDD-2014\",\"EventID\":\"4672\",\"EventRecordID\":\"2328\",\"Keywords\":\"9232379236109516800\",\"Level\":\"0\",\"Opcode\":\"0\",\"PrivilegeList\":\"SeAssignPrimaryTokenPrivilege\\r\\n\\t\\t\\tSeTcbPrivilege\\r\\n\\t\\t\\tSeSecurityPrivilege\\r\\n\\t\\t\\tSeTakeOwnershipPrivilege\\r\\n\\t\\t\\tSeLoadDriverPrivilege\\r\\n\\t\\t\\tSeBackupPrivilege\\r\\n\\t\\t\\tSeRestorePrivilege\\r\\n\\t\\t\\tSeDebugPrivilege\\r\\n\\t\\t\\tSeAuditPrivilege\\r\\n\\t\\t\\tSeSystemEnvironmentPrivilege\\r\\n\\t\\t\\tSeImpersonatePrivilege\",\"ProcessID\":\"512\",\"ProviderGuid\":\"54849625-5478-4994-A5BA-3E3B0328C30D\",\"ProviderName\":\"Microsoft-Windows-Security-Auditing\",\"SubjectDomainName\":\"NT AUTHORITY\",\"SubjectLogonId\":\"999\",\"SubjectUserName\":\"SYSTEM\",\"SubjectUserSid\":\"S-1-5-18\",\"Task\":\"12548\",\"ThreadID\":\"576\",\"TimeCreated\":\"2014-02-04T14:11:36.0916543Z\",\"Version\":\"0\"}}","hash":"6e50a3b3165fb8f4","code":"4672"},"labels":{"Channel":"Security","Computer":"IACIS-HDD-2014","EventID":"4672","EventRecordID":"2328","Keywords":"9232379236109516800","Level":"0","Opcode":"0","PrivilegeList":"SeAssignPrimaryTokenPrivilege\r\n\t\t\tSeTcbPrivilege\r\n\t\t\tSeSecurityPrivilege\r\n\t\t\tSeTakeOwnershipPrivilege\r\n\t\t\tSeLoadDriverPrivilege\r\n\t\t\tSeBackupPrivilege\r\n\t\t\tSeRestorePrivilege\r\n\t\t\tSeDebugPrivilege\r\n\t\t\tSeAuditPrivilege\r\n\t\t\tSeSystemEnvironmentPrivilege\r\n\t\t\tSeImpersonatePrivilege","ProcessID":"512","ProviderGuid":"54849625-5478-4994-A5BA-3E3B0328C30D","ProviderName":"Microsoft-Windows-Security-Auditing","SubjectDomainName":"NT AUTHORITY","SubjectLogonId":"999","SubjectUserName":"SYSTEM","SubjectUserSid":"S-1-5-18","Task":"12548","ThreadID":"576","TimeCreated":"2014-02-04T14:11:36.0916543Z","Version":"0"},"@timestamp":"2014-02-04T14:11:36.0916537Z","message":"Special privileges assigned to new logon"}
{"ecs":{"version":"9.1.0"},"agent":{"type":"fox","version":"0.0.0"},"host":{"hostname":"IACIS-HDD-2014"},"user":{},"event":{"id":"2330","kind":"event","module":"eventlog","dataset":"eventlog.Security","severity":10,"provider":"Microsoft-Windows-Security-Auditing","original":"{\"time\":\"2014-02-04T14:11:36.2944541Z\",\"host\":\"IACIS-HDD-2014\",\"message\":\"Special privileges assigned to new logon\",\"severity\":10,\"sequence\":\"2330\",\"source\":\"eventlog\",\"category\":\"Security\",\"service\":\"Microsoft-Windows-Security-Auditing\",\"fields\":{\"Channel\":\"Security\",\"Computer\":\"IACIS-HDD-2014\",\"EventID\":\"4672\",\"EventRecordID\":\"2330\",\"Keywords\":\"9232379236109516800\",\"Level\":\"0\",\"Opcode\":\"0\",\"PrivilegeList\":\"SeAssignPrimaryTokenPrivilege\\r\\n\\t\\t\\tSeAuditPrivilege\\r\\n\\t\\t\\tSeImpersonatePrivilege\",\"ProcessID\":\"512\",\"ProviderGuid\":\"54849625-5478-4994-A5BA-3E3B0328C30D\",\"ProviderName\":\"Microsoft-Windows-Security-Auditing\",\"SubjectDomainName\":\"NT AUTHORITY\",\"SubjectLogonId\":\"996\",\"SubjectUserName\":\"NETWORK SERVICE\",\"SubjectUserSid\":\"S-1-5-20\",\"Task\":\"12548\",\"ThreadID\":\"576\",\"TimeCreated\":\"2014-02-04T14:11:36.294454336Z\",\"Version\":\"0\"}}","hash":"8a26319582912bce","code":"4672"},"labels":{"Channel":"Security","Computer":"IACIS-HDD-2014","EventID":"4672","EventRecordID":"2330","Keywords":"9232379236109516800","Level":"0","Opcode":"0","PrivilegeList":"SeAssignPrimaryTokenPrivilege\r\n\t\t\tSeAuditPrivilege\r\n\t\t\tSeImpersonatePrivilege","ProcessID":"512","ProviderGuid":"54849625-5478-4994-A5BA-3E3B0328C30D","ProviderName":"Microsoft-Windows-Security-Auditing","SubjectDomainName":"NT AUTHORITY","SubjectLogonId":"996","SubjectUserName":"NETWORK SERVICE","SubjectUserSid":"S-1-5-20","Task":"12548","ThreadID":"576","TimeCreated":"2014-02-04T14:11:36.294454336Z","Version":"0"},"@timestamp":"2014-02-04T14:11:36.2944541Z","message":"Special privileges assigned to new logon"}
