{"ecs":{"version":"9.1.0"},"agent":{"type":"fox","version":"0.0.0"},"host":{"hostname":"IACIS-HDD-2014"},"user":{},"event":{"id":"2011","kind":"event","module":"eventlog","dataset":"eventlog.Security","severity":10,"provider":"Microsoft-Windows-Security-Auditing","original":"{\"time\":\"2014-01-25T15:25:33.8868907Z\",\"host\":\"IACIS-HDD-2014\",\"message\":\"Special privileges assigned to new logon\",\"severity\":10,\"sequence\":\"2011\",\"source\":\"eventlog\",\"category\":\"Security\",\"service\":\"Microsoft-Windows-Security-Auditing\",\"fields\":{\"Channel\":\"Security\",\"Computer\":\"IACIS-HDD-2014\",\"EventID\":\"4672\",\"EventRecordID\":\"2011\",\"Keywords\":\"9232379236109516800\",\"Level\":\"0\",\"Opcode\":\"0\",\"PrivilegeList\":\"SeAssignPrimaryTokenPrivilege\\r\\n\\t\\t\\tSeTcbPrivilege\\r\\n\\t\\t\\tSeSecurityPrivilege\\r\\n\\t\\t\\tSeTakeOwnershipPrivilege\\r\\n\\t\\t\\tSeLoadDriverPrivilege\\r\\n\\t\\t\\tSeBackupPrivilege\\r\\n\\t\\t\\tSeRestorePrivilege\\r\\n\\t\\t\\tSeDebugPrivilege\\r\\n\\t\\t\\tSeAuditPrivilege\\r\\n\\t\\t\\tSeSystemEnvironmentPrivilege\\r\\n\\t\\t\\tSeImpersonatePrivilege\",\"ProcessID\":\"512\",\"ProviderGuid\":\"54849625-5478-4994-A5BA-3E3B0328C30D\",\"ProviderName\":\"Microsoft-Windows-Security-Auditing\",\"SubjectDomainName\":\"NT AUTHORITY\",\"SubjectLogonId\":\"999\",\"SubjectUserName\":\"SYSTEM\",\"SubjectUserSid\":\"S-1-5-18\",\"Task\":\"12548\",\"ThreadID\":\"580\",\"TimeCreated\":\"2014-01-25T15:25:33.886891126Z\",\"Version\":\"0\"}}","hash":"59aa4920d2b72ee7","code":"4672"},"labels":{"Channel":"Security","Computer":"IACIS-HDD-2014","EventID":"4672","EventRecordID":"2011","Keywords":"9232379236109516800","Level":"0","Opcode":"0","PrivilegeList":"SeAssignPrimaryTokenPrivilege\r\n\t\t\tSeTcbPrivilege\r\n\t\t\tSeSecurityPrivilege\r\n\t\t\tSeTakeOwnershipPrivilege\r\n\t\t\tSeLoadDriverPrivilege\r\n\t\t\tSeBackupPrivilege\r\n\t\t\tSeRestorePrivilege\r\n\t\t\tSeDebugPrivilege\r\n\t\t\tSeAuditPrivilege\r\n\t\t\tSeSystemEnvironmentPrivilege\r\n\t\t\tSeImpersonatePrivilege","ProcessID":"512","ProviderGuid":"54849625-5478-4994-A5BA-3E3B0328C30D","ProviderName":"Microsoft-Windows-Security-Auditing","SubjectDomainName":"NT AUTHORITY","SubjectLogonId":"999","SubjectUserName":"SYSTEM","SubjectUserSid":"S-1-5-18","Task":"12548","ThreadID":"580","TimeCreated":"2014-01-25T15:25:33.886891126Z","Version":"0"},"@timestamp":"2014-01-25T15:25:33.8868907Z","message":"Special privileges assigned to new logon"}
{"ecs":{"version":"9.1.0"},"agent":{"type":"fox","version":"0.0.0"},"host":{"hostname":"IACIS-HDD-2014"},"user":{},"event":{"id":"2014","kind":"event","module":"eventlog","dataset":"eventlog.Security","severity":10,"provider":"Microsoft-Windows-Security-Auditing","original":"{\"time\":\"2014-01-25T15:25:34.9929311Z\",\"host\":\"IACIS-HDD-2014\",\"message\":\"An account was successfully logged on\",\"severity\":10,\"sequence\":\"2014\",\"source\":\"eventlog\",\"category\":\"Security\",\"service\":\"Microsoft-Windows-Security-Auditing\",\"fields\":{\"AuthenticationPackageName\":\"NTLM\",\"Channel\":\"Security\",\"Computer\":\"IACIS-HDD-2014\",\"EventID\":\"4624\",\"EventRecordID\":\"2014\",\"IpAddress\":\"-\",\"IpPort\":\"-\",\"KeyLength\":\"0\",\"Keywords\":\"9232379236109516800\",\"Level\":\"0\",\"LmPackageName\":\"NTLM V1\",\"LogonGuid\":\"00000000-0000-0000-0000-000000000000\",\"LogonProcessName\":\"NtLmSsp \",\"LogonType\":\"3\",\"Opcode\":\"0\",\"ProcessID\":\"512\",\"ProcessId\":\"0\",\"ProcessName\":\"-\",\"ProviderGuid\":\"54849625-5478-4994-A5BA-3E3B0328C30D\",\"ProviderName\":\"Microsoft-Windows-Security-Auditing\",\"SubjectDomainName\":\"-\",\"SubjectLogonId\":\"0\",\"SubjectUserName\":\"-\",\"SubjectUserSid\":\"S-1-0-0\",\"TargetDomainName\":\"NT AUTHORITY\",\"TargetLogonId\":\"109192\",\"TargetUserName\":\"ANONYMOUS LOGON\",\"TargetUserSid\":\"S-1-5-7\",\"Task\":\"12544\",\"ThreadID\":\"1604\",\"TimeCreated\":\"2014-01-25T15:25:34.992931127Z\",\"TransmittedServices\":\"-\",\"Version\":\"0\",\"WorkstationName\":\"\"}}","hash":"ac2119ac854e7e2b","code":"4624"},"labels":{"AuthenticationPackageName":"NTLM","Channel":"Security","Computer":"IACIS-HDD-2014","EventID":"4624","EventRecordID":"2014","IpAddress":"-","IpPort":"-","KeyLength":"0","Keywords":"9232379236109516800","Level":"0","LmPackageName":"NTLM V1","LogonGuid":"00000000-0000-0000-0000-000000000000","LogonProcessName":"NtLmSsp ","LogonType":"3","Opcode":"0","ProcessID":"512","ProcessId":"0","ProcessName":"-","ProviderGuid":"54849625-5478-4994-A5BA-3E3B0328C30D","ProviderName":"Microsoft-Windows-Security-Auditing","SubjectDomainName":"-","SubjectLogonId":"0","SubjectUserName":"-","SubjectUserSid":"S-1-0-0","TargetDomainName":"NT AUTHORITY","TargetLogonId":"109192","TargetUserName":"ANONYMOUS LOGON","TargetUserSid":"S-1-5-7","Task":"12544","ThreadID":"1604","TimeCreated":"2014-01-25T15:25:34.992931127Z","TransmittedServices":"-","Version":"0","WorkstationName":""},"@timestamp":"2014-01-25T15:25:34.9929311Z","message":"An account was successfully logged on"}
{"ecs":{"version":"9.1.0"},"agent":{"type":"fox","version":"0.0.0"},"host":{"hostname":"IACIS-HDD-2014"},"user":{},"event":{"id":"2015","kind":"event","module":"eventlog","dataset":"eventlog.Security","severity":10,"provider":"Microsoft-Windows-Security-Auditing","original":"{\"time\":\"2014-01-25T15:25:50.3773687Z\",\"host\":\"IACIS-HDD-2014\",\"message\":\"A logon was attempted using explicit credentials\",\"severity\":10,\"sequence\":\"2015\",\"source\":\"eventlog\",\"category\":\"Security\",\"service\":\"Microsoft-Windows-Security-Auditing\",\"fields\":{\"Channel\":\"Security\",\"Computer\":\"IACIS-HDD-2014\",\"EventID\":\"4648\",\"EventRecordID\":\"2015\",\"IpAddress\":\"127.0.0.1\",\"IpPort\":\"0\",\"Keywords\":\"9232379236109516800\",\"Level\":\"0\",\"LogonGuid\":\"00000000-0000-0000-0000-000000000000\",\"Opcode\":\"0\",\"ProcessID\":\"512\",\"ProcessId\":\"468\",\"ProcessName\":\"C:\\\\Windows\\\\System32\\\\winlogon.exe\",\"ProviderGuid\":\"54849625-5478-4994-A5BA-3E3B0328C30D\",\"ProviderName\":\"Microsoft-Windows-Security-Auditing\",\"SubjectDomainName\":\"WORKGROUP\",\"SubjectLogonId\":\"999\",\"SubjectUserName\":\"IACIS-HDD-2014$\",\"SubjectUserSid\":\"S-1-5-18\",\"TargetDomainName\":\"IACIS-HDD-2014\",\"TargetInfo\":\"localhost\",\"TargetLogonGuid\":\"00000000-0000-0000-0000-000000000000\",\"TargetServerName\":\"localhost\",\"TargetUserName\":\"BillyBob\",\"Task\":\"12544\",\"ThreadID\":\"548\",\"TimeCreated\":\"2014-01-25T15:25:50.377367973Z\",\"Version\":\"0\"}}","hash":"75b1980d5c4a4197","code":"4648"},"labels":{"Channel":"Security","Computer":"IACIS-HDD-2014","EventID":"4648","EventRecordID":"2015","IpAddress":"127.0.0.1","IpPort":"0","Keywords":"9232379236109516800","Level":"0","LogonGuid":"00000000-0000-0000-0000-000000000000","Opcode":"0","ProcessID":"512","ProcessId":"468","ProcessName":"C:\\Windows\\System32\\winlogon.exe","ProviderGuid":"54849625-5478-4994-A5BA-3E3B0328C30D","ProviderName":"Microsoft-Windows-Security-Auditing","SubjectDomainName":"WORKGROUP","SubjectLogonId":"999","SubjectUserName":"IACIS-HDD-2014$","SubjectUserSid":"S-1-5-18","TargetDomainName":"IACIS-HDD-2014","TargetInfo":"localhost","TargetLogonGuid":"00000000-0000-0000-0000-000000000000","TargetServerName":"localhost","TargetUserName":"BillyBob","Task":"12544","ThreadID":"548","TimeCreated":"2014-01-25T15:25:50.377367973Z","Version":"0"},"@timestamp":"2014-01-25T15:25:50.3773687Z","message":"A logon was attempted using explicit credentials"}
{"ecs":{"version":"9.1.0"},"agent":{"type":"fox","version":"0.0.0"},"host":{"hostname":"IACIS-HDD-2014"},"user":{},"event":{"id":"2016","kind":"event","module":"eventlog","dataset":"eventlog.Security","severity":10,"provider":"Microsoft-Windows-Security-Auditing","original":"{\"time\":\"2014-01-25T15:25:50.3773687Z\",\"host\":\"IACIS-HDD-2014\",\"message\":\"An account was successfully logged on\",\"severity\":10,\"sequence\":\"2016\",\"source\":\"eventlog\",\"category\":\"Security\",\"service\":\"Microsoft-Windows-Security-Auditing\",\"fields\":{\"AuthenticationPackageName\":\"Negotiate\",\"Channel\":\"Security\",\"Computer\":\"IACIS-HDD-2014\",\"EventID\":\"4624\",\"EventRecordID\":\"2016\",\"IpAddress\":\"127.0.0.1\",\"IpPort\":\"0\",\"KeyLength\":\"0\",\"Keywords\":\"9232379236109516800\",\"Level\":\"0\",\"LmPackageName\":\"-\",\"LogonGuid\":\"00000000-0000-0000-0000-000000000000\",\"LogonProcessName\":\"User32 \",\"LogonType\":\"2\",\"Opcode\":\"0\",\"ProcessID\":\"512\",\"ProcessId\":\"468\",\"ProcessName\":\"C:\\\\Windows\\\\System32\\\\winlogon.exe\",\"ProviderGuid\":\"54849625-5478-4994-A5BA-3E3B0328C30D\",\"ProviderName\":\"Microsoft-Windows-Security-Auditing\",\"SubjectDomainName\":\"WORKGROUP\",\"SubjectLogonId\":\"999\",\"SubjectUserName\":\"IACIS-HDD-2014$\",\"SubjectUserSid\":\"S-1-5-18\",\"TargetDomainName\":\"IACIS-HDD-2014\",\"TargetLogonId\":\"138696\",\"TargetUserName\":\"BillyBob\",\"TargetUserSid\":\"S-1-5-21-1171287513-3642516788-2358256967-1001\",\"Task\":\"12544\",\"ThreadID\":\"548\",\"TimeCreated\":\"2014-01-25T15:25:50.377367973Z\",\"TransmittedServices\":\"-\",\"Version\":\"0\",\"WorkstationName\":\"IACIS-HDD-2014\"}}","hash":"cede55d96ce172d7","code":"4624"},"labels":{"AuthenticationPackageName":"Negotiate","Channel":"Security","Computer":"IACIS-HDD-2014","EventID":"4624","EventRecordID":"2016","IpAddress":"127.0.0.1","IpPort":"0","KeyLength":"0","Keywords":"9232379236109516800","Level":"0","LmPackageName":"-","LogonGuid":"00000000-0000-0000-0000-000000000000","LogonProcessName":"User32 ","LogonType":"2","Opcode":"0","ProcessID":"512","ProcessId":"468","ProcessName":"C:\\Windows\\System32\\winlogon.exe","ProviderGuid":"54849625-5478-4994-A5BA-3E3B0328C30D","ProviderName":"Microsoft-Windows-Security-Auditing","SubjectDomainName":"WORKGROUP","SubjectLogonId":"999","SubjectUserName":"IACIS-HDD-2014$","SubjectUserSid":"S-1-5-18","TargetDomainName":"IACIS-HDD-2014","TargetLogonId":"138696","TargetUserName":"BillyBob","TargetUserSid":"S-1-5-21-1171287513-3642516788-2358256967-1001","Task":"12544","ThreadID":"548","TimeCreated":"2014-01-25T15:25:50.377367973Z","TransmittedServices":"-","Version":"0","WorkstationName":"IACIS-HDD-2014"},"@timestamp":"2014-01-25T15:25:50.3773687Z","message":"An account was successfully logged on"}
{"ecs":{"version":"9.1.0"},"agent":{"type":"fox","version":"0.0.0"},"host":{"hostname":"IACIS-HDD-2014"},"user":{},"event":{"id":"2017","kind":"event","module":"eventlog","dataset":"eventlog.Security","severity":10,"provider":"Microsoft-Windows-Security-Auditing","original":"{\"time\":\"2014-01-25T15:25:50.3773687Z\",\"host\":\"IACIS-HDD-2014\",\"message\":\"An account was successfully logged on\",\"severity\":10,\"sequence\":\"2017\",\"source\":\"eventlog\",\"category\":\"Security\",\"service\":\"Microsoft-Windows-Security-Auditing\",\"fields\":{\"AuthenticationPackageName\":\"Negotiate\",\"Channel\":\"Security\",\"Computer\":\"IACIS-HDD-2014\",\"EventID\":\"4624\",\"EventRecordID\":\"2017\",\"IpAddress\":\"127.0.0.1\",\"IpPort\":\"0\",\"KeyLength\":\"0\",\"Keywords\":\"9232379236109516800\",\"Level\":\"0\",\"LmPackageName\":\"-\",\"LogonGuid\":\"00000000-0000-0000-0000-000000000000\",\"LogonProcessName\":\"User32 \",\"LogonType\":\"2\",\"Opcode\":\"0\",\"ProcessID\":\"512\",\"ProcessId\":\"468\",\"ProcessName\":\"C:\\\\Windows\\\\System32\\\\winlogon.exe\",\"ProviderGuid\":\"54849625-5478-4994-A5BA-3E3B0328C30D\",\"ProviderName\":\"Microsoft-Windows-Security-Auditing\",\"SubjectDomainName\":\"WORKGROUP\",\"SubjectLogonId\":\"999\",\"SubjectUserName\":\"IACIS-HDD-2014$\",\"SubjectUserSid\":\"S-1-5-18\",\"TargetDomainName\":\"IACIS-HDD-2014\",\"TargetLogonId\":\"138748\",\"TargetUserName\":\"BillyBob\",\"TargetUserSid\":\"S-1-5-21-1171287513-3642516788-2358256967-1001\",\"Task\":\"12544\",\"ThreadID\":\"548\",\"TimeCreated\":\"2014-01-25T15:25:50.377367973Z\",\"TransmittedServices\":\"-\",\"Version\":\"0\",\"WorkstationName\":\"IACIS-HDD-2014\"}}","hash":"4d6a48afe864f00a","code":"4624"},"labels":{"AuthenticationPackageName":"Negotiate","Channel":"Security","Computer":"IACIS-HDD-2014","EventID":"4624","EventRecordID":"2017","IpAddress":"127.0.0.1","IpPort":"0","KeyLength":"0","Keywords":"9232379236109516800","Level":"0","LmPackageName":"-","LogonGuid":"00000000-0000-0000-0000-000000000000","LogonProcessName":"User32 ","LogonType":"2","Opcode":"0","ProcessID":"512","ProcessId":"468","ProcessName":"C:\\Windows\\System32\\winlogon.exe","ProviderGuid":"54849625-5478-4994-A5BA-3E3B0328C30D","ProviderName":"Microsoft-Windows-Security-Auditing","SubjectDomainName":"WORKGROUP","SubjectLogonId":"999","SubjectUserName":"IACIS-HDD-2014$","SubjectUserSid":"S-1-5-18","TargetDomainName":"IACIS-HDD-2014","TargetLogonId":"138748","TargetUserName":"BillyBob","TargetUserSid":"S-1-5-21-1171287513-3642516788-2358256967-1001","Task":"12544","ThreadID":"548","TimeCreated":"2014-01-25T15:25:50.377367973Z","TransmittedServices":"-","Version":"0","WorkstationName":"IACIS-HDD-2014"},"@timestamp":"2014-01-25T15:25:50.3773687Z","message":"An account was successfully logged on"}
{"ecs":{"version":"9.1.0"},"agent":{"type":"fox","version":"0.0.0"},"host":{"hostname":"IACIS-HDD-2014"},"user":{},"event":{"id":"2018","kind":"event","module":"eventlog","dataset":"eventlog.Security","severity":10,"provider":"Microsoft-Windows-Security-Auditing","original":"{\"time\":\"2014-01-25T15:25:50.3929687Z\",\"host\":\"IACIS-HDD-2014\",\"message\":\"Special privileges assigned to new logon\",\"severity\":10,\"sequence\":\"2018\",\"source\":\"eventlog\",\"category\":\"Security\",\"service\":\"Microsoft-Windows-Security-Auditing\",\"fields\":{\"Channel\":\"Security\",\"Computer\":\"IACIS-HDD-2014\",\"EventID\":\"4672\",\"EventRecordID\":\"2018\",\"Keywords\":\"9232379236109516800\",\"Level\":\"0\",\"Opcode\":\"0\",\"PrivilegeList\":\"SeSecurityPrivilege\\r\\n\\t\\t\\tSeTakeOwnershipPrivilege\\r\\n\\t\\t\\tSeLoadDriverPrivilege\\r\\n\\t\\t\\tSeBackupPrivilege\\r\\n\\t\\t\\tSeRestorePrivilege\\r\\n\\t\\t\\tSeDebugPrivilege\\r\\n\\t\\t\\tSeSystemEnvironmentPrivilege\\r\\n\\t\\t\\tSeImpersonatePrivilege\",\"ProcessID\":\"512\",\"ProviderGuid\":\"54849625-5478-4994-A5BA-3E3B0328C30D\",\"ProviderName\":\"Microsoft-Windows-Security-Auditing\",\"SubjectDomainName\":\"IACIS-HDD-2014\",\"SubjectLogonId\":\"138696\",\"SubjectUserName\":\"BillyBob\",\"SubjectUserSid\":\"S-1-5-21-1171287513-3642516788-2358256967-1001\",\"Task\":\"12548\",\"ThreadID\":\"548\",\"TimeCreated\":\"2014-01-25T15:25:50.392967939Z\",\"Version\":\"0\"}}","hash":"2cd38f6b48c36c33","code":"4672"},"labels":{"Channel":"Security","Computer":"IACIS-HDD-2014","EventID":"4672","EventRecordID":"2018","Keywords":"9232379236109516800","Level":"0","Opcode":"0","PrivilegeList":"SeSecurityPrivilege\r\n\t\t\tSeTakeOwnershipPrivilege\r\n\t\t\tSeLoadDriverPrivilege\r\n\t\t\tSeBackupPrivilege\r\n\t\t\tSeRestorePrivilege\r\n\t\t\tSeDebugPrivilege\r\n\t\t\tSeSystemEnvironmentPrivilege\r\n\t\t\tSeImpersonatePrivilege","ProcessID":"512","ProviderGuid":"54849625-5478-4994-A5BA-3E3B0328C30D","ProviderName":"Microsoft-Windows-Security-Auditing","SubjectDomainName":"IACIS-HDD-2014","SubjectLogonId":"138696","SubjectUserName":"BillyBob","SubjectUserSid":"S-1-5-21-1171287513-3642516788-2358256967-1001","Task":"12548","ThreadID":"548","TimeCreated":"2014-01-25T15:25:50.392967939Z","Version":"0"},"@timestamp":"2014-01-25T15:25:50.3929687Z","message":"Special privileges assigned to new logon"}
{"ecs":{"version":"9.1.0"},"agent":{"type":"fox","version":"0.0.0"},"host":{"hostname":"IACIS-HDD-2014"},"user":{},"event":{"id":"2019","kind":"event","module":"eventlog","dataset":"eventlog.Security","severity":10,"provider":"Microsoft-Windows-Security-Auditing","original":"{\"time\":\"2014-01-25T15:25:58.0171819Z\",\"host\":\"IACIS-HDD-2014\",\"message\":\"An account was successfully logged on\",\"severity\":10,\"sequence\":\"2019\",\"source\":\"eventlog\",\"category\":\"Security\",\"service\":\"Microsoft-Windows-Security-Auditing\",\"fields\":{\"AuthenticationPackageName\":\"Negotiate\",\"Channel\":\"Security\",\"Computer\":\"IACIS-HDD-2014\",\"EventID\":\"4624\",\"EventRecordID\":\"2019\",\"IpAddress\":\"-\",\"IpPort\":\"-\",\"KeyLength\":\"0\",\"Keywords\":\"9232379236109516800\",\"Level\":\"0\",\"LmPackageName\":\"-\",\"LogonGuid\":\"00000000-0000-0000-0000-000000000000\",\"LogonProcessName\":\"Advapi  \",\"LogonType\":\"5\",\"Opcode\":\"0\",\"ProcessID\":\"512\",\"ProcessId\":\"476\",\"ProcessName\":\"C:\\\\Windows\\\\System32\\\\services.exe\",\"ProviderGuid\":\"54849625-5478-4994-A5BA-3E3B0328C30D\",\"ProviderName\":\"Microsoft-Windows-Security-Auditing\",\"SubjectDomainName\":\"WORKGROUP\",\"SubjectLogonId\":\"999\",\"SubjectUserName\":\"IACIS-HDD-2014$\",\"SubjectUserSid\":\"S-1-5-18\",\"TargetDomainName\":\"NT AUTHORITY\",\"TargetLogonId\":\"999\",\"TargetUserName\":\"SYSTEM\",\"TargetUserSid\":\"S-1-5-18\",\"Task\":\"12544\",\"ThreadID\":\"572\",\"TimeCreated\":\"2014-01-25T15:25:58.01718235Z\",\"TransmittedServices\":\"-\",\"Version\":\"0\",\"WorkstationName\":\"\"}}","hash":"f945c76aaafffe8d","code":"4624"},"labels":{"AuthenticationPackageName":"Negotiate","Channel":"Security","Computer":"IACIS-HDD-2014","EventID":"4624","EventRecordID":"2019","IpAddress":"-","IpPort":"-","KeyLength":"0","Keywords":"9232379236109516800","Level":"0","LmPackageName":"-","LogonGuid":"00000000-0000-0000-0000-000000000000","LogonProcessName":"Advapi  ","LogonType":"5","Opcode":"0","ProcessID":"512","ProcessId":"476","ProcessName":"C:\\Windows\\System32\\services.exe","ProviderGuid":"54849625-5478-4994-A5BA-3E3B0328C30D","ProviderName":"Microsoft-Windows-Security-Auditing","SubjectDomainName":"WORKGROUP","SubjectLogonId":"999","SubjectUserName":"IACIS-HDD-2014$","SubjectUserSid":"S-1-5-18","TargetDomainName":"NT AUTHORITY","TargetLogonId":"999","TargetUserName":"SYSTEM","TargetUserSid":"S-1-5-18","Task":"12544","ThreadID":"572","TimeCreated":"2014-01-25T15:25:58.01718235Z","TransmittedServices":"-","Version":"0","WorkstationName":""},"@timestamp":"2014-01-25T15:25:58.0171819Z","message":"An account was successfully logged on"}
{"ecs":{"version":"9.1.0"},"agent":{"type":"fox","version":"0.0.0"},"host":{"hostname":"IACIS-HDD-2014"},"user":{},"event":{"id":"2020","kind":"event","module":"eventlog","dataset":"eventlog.Security","severity":10,"provider":"Microsoft-Windows-Security-Auditing","original":"{\"time\":\"2014-01-25T15:25:58.0171819Z\",\"host\":\"IACIS-HDD-2014\",\"message\":\"Special privileges assigned to new logon\",\"severity\":10,\"sequence\":\"2020\",\"source\":\"eventlog\",\"category\":\"Security\",\"service\":\"Microsoft-Windows-Security-Auditing\",\"fields\":{\"Channel\":\"Security\",\"Computer\":\"IACIS-HDD-2014\",\"EventID\":\"4672\",\"EventRecordID\":\"2020\",\"Keywords\":\"9232379236109516800\",\"Level\":\"0\",\"Opcode\":\"0\",\"PrivilegeList\":\"SeAssignPrimaryTokenPrivilege\\r\\n\\t\\t\\tSeTcbPrivilege\\r\\n\\t\\t\\tSeSecurityPrivilege\\r\\n\\t\\t\\tSeTakeOwnershipPrivilege\\r\\n\\t\\t\\tSeLoadDriverPrivilege\\r\\n\\t\\t\\tSeBackupPrivilege\\r\\n\\t\\t\\tSeRestorePrivilege\\r\\n\\t\\t\\tSeDebugPrivilege\\r\\n\\t\\t\\tSeAuditPrivilege\\r\\n\\t\\t\\tSeSystemEnvironmentPrivilege\\r\\n\\t\\t\\tSeImpersonatePrivilege\",\"ProcessID\":\"512\",\"ProviderGuid\":\"54849625-5478-4994-A5BA-3E3B0328C30D\",\"ProviderName\":\"Microsoft-Windows-Security-Auditing\",\"SubjectDomainName\":\"NT AUTHORITY\",\"SubjectLogonId\":\"999\",\"SubjectUserName\":\"SYSTEM\",\"SubjectUserSid\":\"S-1-5-18\",\"Task\":\"12548\",\"ThreadID\":\"572\",\"TimeCreated\":\"2014-01-25T15:25:58.01718235Z\",\"Version\":\"0\"}}","hash":"c8f1ccbbff719e7f","code":"4672"},"labels":{"Channel":"Security","Computer":"IACIS-HDD-2014","EventID":"4672","EventRecordID":"2020","Keywords":"9232379236109516800","Level":"0","Opcode":"0","PrivilegeList":"SeAssignPrimaryTokenPrivilege\r\n\t\t\tSeTcbPrivilege\r\n\t\t\tSeSecurityPrivilege\r\n\t\t\tSeTakeOwnershipPrivilege\r\n\t\t\tSeLoadDriverPrivilege\r\n\t\t\tSeBackupPrivilege\r\n\t\t\tSeRestorePrivilege\r\n\t\t\tSeDebugPrivilege\r\n\t\t\tSeAuditPrivilege\r\n\t\t\tSeSystemEnvironmentPrivilege\r\n\t\t\tSeImpersonatePrivilege","ProcessID":"512","ProviderGuid":"54849625-5478-4994-A5BA-3E3B0328C30D","ProviderName":"Microsoft-Windows-Security-Auditing","SubjectDomainName":"NT AUTHORITY","SubjectLogonId":"999","SubjectUserName":"SYSTEM","SubjectUserSid":"S-1-5-18","Task":"12548","ThreadID":"572","TimeCreated":"2014-01-25T15:25:58.01718235Z","Version":"0"},"@timestamp":"2014-01-25T15:25:58.0171819Z","message":"Special privileges assigned to new logon"}
{"ecs":{"version":"9.1.0"},"agent":{"type":"fox","version":"0.0.0"},"host":{"hostname":"IACIS-HDD-2014"},"user":{},"event":{"id":"2022","kind":"event","module":"eventlog","dataset":"eventlog.Security","severity":10,"provider":"Microsoft-Windows-Security-Auditing","original":"{\"time\":\"2014-01-25T15:27:41.5325643Z\",\"host\":\"IACIS-HDD-2014\",\"message\":\"A user account was created\",\"severity\":10,\"sequence\":\"2022\",\"source\":\"eventlog\",\"category\":\"Security\",\"service\":\"Microsoft-Windows-Security-Auditing\",\"fields\":{\"AccountExpires\":\"%%1794\",\"AllowedToDelegateTo\":\"-\",\"Channel\":\"Security\",\"Computer\":\"IACIS-HDD-2014\",\"DisplayName\":\"%%1793\",\"EventID\":\"4720\",\"EventRecordID\":\"2022\",\"HomeDirectory\":\"%%1793\",\"HomePath\":\"%%1793\",\"Keywords\":\"9232379236109516800\",\"Level\":\"0\",\"LogonHours\":\"%%1797\",\"NewUacValue\":\"0x15\",\"OldUacValue\":\"0x0\",\"Opcode\":\"0\",\"PasswordLastSet\":\"%%1794\",\"PrimaryGroupId\":\"513\",\"PrivilegeList\":\"-\",\"ProcessID\":\"512\",\"ProfilePath\":\"%%1793\",\"ProviderGuid\":\"54849625-5478-4994-A5BA-3E3B0328C30D\",\"ProviderName\":\"Microsoft-Windows-Security-Auditing\",\"SamAccountName\":\"Sgt. Joe T. Nameless\",\"ScriptPath\":\"%%1793\",\"SidHistory\":\"-\",\"SubjectDomainName\":\"IACIS-HDD-2014\",\"SubjectLogonId\":\"138696\",\"SubjectUserName\":\"BillyBob\",\"SubjectUserSid\":\"S-1-5-21-1171287513-3642516788-2358256967-1001\",\"TargetDomainName\":\"IACIS-HDD-2014\",\"TargetSid\":\"S-1-5-21-1171287513-3642516788-2358256967-1003\",\"TargetUserName\":\"Sgt. Joe T. Nameless\",\"Task\":\"13824\",\"ThreadID\":\"548\",\"TimeCreated\":\"2014-01-25T15:27:41.532564878Z\",\"UserAccountControl\":\"\\r\\n\\t\\t%%2080\\r\\n\\t\\t%%2082\\r\\n\\t\\t%%2084\",\"UserParameters\":\"%%1793\",\"UserPrincipalName\":\"-\",\"UserWorkstations\":\"%%1793\",\"Version\":\"0\"}}","hash":"99124e2ffb5b48db","code":"4720"},"labels":{"AccountExpires":"%%1794","AllowedToDelegateTo":"-","Channel":"Security","Computer":"IACIS-HDD-2014","DisplayName":"%%1793","EventID":"4720","EventRecordID":"2022","HomeDirectory":"%%1793","HomePath":"%%1793","Keywords":"9232379236109516800","Level":"0","LogonHours":"%%1797","NewUacValue":"0x15","OldUacValue":"0x0","Opcode":"0","PasswordLastSet":"%%1794","PrimaryGroupId":"513","PrivilegeList":"-","ProcessID":"512","ProfilePath":"%%1793","ProviderGuid":"54849625-5478-4994-A5BA-3E3B0328C30D","ProviderName":"Microsoft-Windows-Security-Auditing","SamAccountName":"Sgt. Joe T. Nameless","ScriptPath":"%%1793","SidHistory":"-","SubjectDomainName":"IACIS-HDD-2014","SubjectLogonId":"138696","SubjectUserName":"BillyBob","SubjectUserSid":"S-1-5-21-1171287513-3642516788-2358256967-1001","TargetDomainName":"IACIS-HDD-2014","TargetSid":"S-1-5-21-1171287513-3642516788-2358256967-1003","TargetUserName":"Sgt. Joe T. Nameless","Task":"13824","ThreadID":"548","TimeCreated":"2014-01-25T15:27:41.532564878Z","UserAccountControl":"\r\n\t\t%%2080\r\n\t\t%%2082\r\n\t\t%%2084","UserParameters":"%%1793","UserPrincipalName":"-","UserWorkstations":"%%1793","Version":"0"},"@timestamp":"2014-01-25T15:27:41.5325643Z","message":"A user account was created"}
{"ecs":{"version":"9.1.0"},"agent":{"type":"fox","version":"0.0.0"},"host":{"hostname":"IACIS-HDD-2014"},"user":{},"event":{"id":"2024","kind":"event","module":"eventlog","dataset":"eventlog.Security","severity":10,"provider":"Microsoft-Windows-Security-Auditing","original":"{\"time\":\"2014-01-25T15:27:41.6105644Z\",\"host\":\"IACIS-HDD-2014\",\"message\":\"A user account was changed\",\"severity\":10,\"sequence\":\"2024\",\"source\":\"eventlog\",\"category\":\"Security\",\"service\":\"Microsoft-Windows-Security-Auditing\",\"fields\":{\"AccountExpires\":\"%%1794\",\"AllowedToDelegateTo\":\"-\",\"Channel\":\"Security\",\"Computer\":\"IACIS-HDD-2014\",\"DisplayName\":\"Sgt. Joe T. Nameless\",\"Dummy\":\"-\",\"EventID\":\"4738\",\"EventRecordID\":\"2024\",\"HomeDirectory\":\"%%1793\",\"HomePath\":\"%%1793\",\"Keywords\":\"9232379236109516800\",\"Level\":\"0\",\"LogonHours\":\"%%1797\",\"NewUacValue\":\"0x210\",\"OldUacValue\":\"0x15\",\"Opcode\":\"0\",\"PasswordLastSet\":\"%%1794\",\"PrimaryGroupId\":\"513\",\"PrivilegeList\":\"-\",\"ProcessID\":\"512\",\"ProfilePath\":\"%%1793\",\"ProviderGuid\":\"54849625-5478-4994-A5BA-3E3B0328C30D\",\"ProviderName\":\"Microsoft-Windows-Security-Auditing\",\"SamAccountName\":\"Sgt. Joe T. Nameless\",\"ScriptPath\":\"%%1793\",\"SidHistory\":\"-\",\"SubjectDomainName\":\"IACIS-HDD-2014\",\"SubjectLogonId\":\"138696\",\"SubjectUserName\":\"BillyBob\",\"SubjectUserSid\":\"S-1-5-21-1171287513-3642516788-2358256967-1001\",\"TargetDomainName\":\"IACIS-HDD-2014\",\"TargetSid\":\"S-1-5-21-1171287513-3642516788-2358256967-1003\",\"TargetUserName\":\"Sgt. Joe T. Nameless\",\"Task\":\"13824\",\"ThreadID\":\"548\",\"TimeCreated\":\"2014-01-25T15:27:41.610564708Z\",\"UserAccountControl\":\"\\r\\n\\t\\t%%2048\\r\\n\\t\\t%%2050\\r\\n\\t\\t%%2089\",\"UserParameters\":\"%%1793\",\"UserPrincipalName\":\"-\",\"UserWorkstations\":\"%%1793\",\"Version\":\"0\"}}","hash":"fbb3cd87d00275e1","code":"4738"},"labels":{"AccountExpires":"%%1794","AllowedToDelegateTo":"-","Channel":"Security","Computer":"IACIS-HDD-2014","DisplayName":"Sgt. Joe T. Nameless","Dummy":"-","EventID":"4738","EventRecordID":"2024","HomeDirectory":"%%1793","HomePath":"%%1793","Keywords":"9232379236109516800","Level":"0","LogonHours":"%%1797","NewUacValue":"0x210","OldUacValue":"0x15","Opcode":"0","PasswordLastSet":"%%1794","PrimaryGroupId":"513","PrivilegeList":"-","ProcessID":"512","ProfilePath":"%%1793","ProviderGuid":"54849625-5478-4994-A5BA-3E3B0328C30D","ProviderName":"Microsoft-Windows-Security-Auditing","SamAccountName":"Sgt. Joe T. Nameless","ScriptPath":"%%1793","SidHistory":"-","SubjectDomainName":"IACIS-HDD-2014","SubjectLogonId":"138696","SubjectUserName":"BillyBob","SubjectUserSid":"S-1-5-21-1171287513-3642516788-2358256967-1001","TargetDomainName":"IACIS-HDD-2014","TargetSid":"S-1-5-21-1171287513-3642516788-2358256967-1003","TargetUserName":"Sgt. Joe T. Nameless","Task":"13824","ThreadID":"548","TimeCreated":"2014-01-25T15:27:41.610564708Z","UserAccountControl":"\r\n\t\t%%2048\r\n\t\t%%2050\r\n\t\t%%2089","UserParameters":"%%1793","UserPrincipalName":"-","UserWorkstations":"%%1793","Version":"0"},"@timestamp":"2014-01-25T15:27:41.6105644Z","message":"A user account was changed"}
{"ecs":{"version":"9.1.0"},"agent":{"type":"fox","version":"0.0.0"},"host":{"hostname":"IACIS-HDD-2014"},"user":{},"event":{"id":"2025","kind":"event","module":"eventlog","dataset":"eventlog.Security","severity":10,"provider":"Microsoft-Windows-Security-Auditing","original":"{\"time\":\"2014-01-25T15:27:41.7977648Z\",\"host\":\"IACIS-HDD-2014\",\"message\":\"A member was added to a security-enabled local group\",\"severity\":10,\"sequence\":\"2025\",\"source\":\"eventlog\",\"category\":\"Security\",\"service\":\"Microsoft-Windows-Security-Auditing\",\"fields\":{\"Channel\":\"Security\",\"Computer\":\"IACIS-HDD-2014\",\"EventID\":\"4732\",\"EventRecordID\":\"2025\",\"Keywords\":\"9232379236109516800\",\"Level\":\"0\",\"MemberName\":\"-\",\"MemberSid\":\"S-1-5-21-1171287513-3642516788-2358256967-1003\",\"Opcode\":\"0\",\"PrivilegeList\":\"-\",\"ProcessID\":\"512\",\"ProviderGuid\":\"54849625-5478-4994-A5BA-3E3B0328C30D\",\"ProviderName\":\"Microsoft-Windows-Security-Auditing\",\"SubjectDomainName\":\"IACIS-HDD-2014\",\"SubjectLogonId\":\"138696\",\"SubjectUserName\":\"BillyBob\",\"SubjectUserSid\":\"S-1-5-21-1171287513-3642516788-2358256967-1001\",\"TargetDomainName\":\"Builtin\",\"TargetSid\":\"S-1-5-32-545\",\"TargetUserName\":\"Users\",\"Task\":\"13826\",\"ThreadID\":\"548\",\"TimeCreated\":\"2014-01-25T15:27:41.797764778Z\",\"Version\":\"0\"}}","hash":"e22a06cfadd0a65c","code":"4732"},"labels":{"Channel":"Security","Computer":"IACIS-HDD-2014","EventID":"4732","EventRecordID":"2025","Keywords":"9232379236109516800","Level":"0","MemberName":"-","MemberSid":"S-1-5-21-1171287513-3642516788-2358256967-1003","Opcode":"0","PrivilegeList":"-","ProcessID":"512","ProviderGuid":"54849625-5478-4994-A5BA-3E3B0328C30D","ProviderName":"Microsoft-Windows-Security-Auditing","SubjectDomainName":"IACIS-HDD-2014","SubjectLogonId":"138696","SubjectUserName":"BillyBob","SubjectUserSid":"S-1-5-21-1171287513-3642516788-2358256967-1001","TargetDomainName":"Builtin","TargetSid":"S-1-5-32-545","TargetUserName":"Users","Task":"13826","ThreadID":"548","TimeCreated":"2014-01-25T15:27:41.797764778Z","Version":"0"},"@timestamp":"2014-01-25T15:27:41.7977648Z","message":"A member was added to a security-enabled local group"}
{"ecs":{"version":"9.1.0"},"agent":{"type":"fox","version":"0.0.0"},"host":{"hostname":"IACIS-HDD-2014"},"user":{},"event":{"id":"2026","kind":"event","module":"eventlog","dataset":"eventlog.Security","severity":10,"provider":"Microsoft-Windows-Security-Auditing","original":"{\"time\":\"2014-01-25T15:27:42.0317652Z\",\"host\":\"IACIS-HDD-2014\",\"message\":\"A user account was changed\",\"severity\":10,\"sequence\":\"2026\",\"source\":\"eventlog\",\"category\":\"Security\",\"service\":\"Microsoft-Windows-Security-Auditing\",\"fields\":{\"AccountExpires\":\"-\",\"AllowedToDelegateTo\":\"-\",\"Channel\":\"Security\",\"Computer\":\"IACIS-HDD-2014\",\"DisplayName\":\"-\",\"Dummy\":\"-\",\"EventID\":\"4738\",\"EventRecordID\":\"2026\",\"HomeDirectory\":\"-\",\"HomePath\":\"-\",\"Keywords\":\"9232379236109516800\",\"Level\":\"0\",\"LogonHours\":\"-\",\"NewUacValue\":\"-\",\"OldUacValue\":\"-\",\"Opcode\":\"0\",\"PasswordLastSet\":\"-\",\"PrimaryGroupId\":\"-\",\"PrivilegeList\":\"-\",\"ProcessID\":\"512\",\"ProfilePath\":\"-\",\"ProviderGuid\":\"54849625-5478-4994-A5BA-3E3B0328C30D\",\"ProviderName\":\"Microsoft-Windows-Security-Auditing\",\"SamAccountName\":\"-\",\"ScriptPath\":\"-\",\"SidHistory\":\"-\",\"SubjectDomainName\":\"IACIS-HDD-2014\",\"SubjectLogonId\":\"138696\",\"SubjectUserName\":\"BillyBob\",\"SubjectUserSid\":\"S-1-5-21-1171287513-3642516788-2358256967-1001\",\"TargetDomainName\":\"IACIS-HDD-2014\",\"TargetSid\":\"S-1-5-21-1171287513-3642516788-2358256967-1003\",\"TargetUserName\":\"Sgt. Joe T. Nameless\",\"Task\":\"13824\",\"ThreadID\":\"548\",\"TimeCreated\":\"2014-01-25T15:27:42.031764745Z\",\"UserAccountControl\":\"-\",\"UserParameters\":\"-\",\"UserPrincipalName\":\"-\",\"UserWorkstations\":\"-\",\"Version\":\"0\"}}","hash":"d3d99b58dbc49172","code":"4738"},"labels":{"AccountExpires":"-","AllowedToDelegateTo":"-","Channel":"Security","Computer":"IACIS-HDD-2014","DisplayName":"-","Dummy":"-","EventID":"4738","EventRecordID":"2026","HomeDirectory":"-","HomePath":"-","Keywords":"9232379236109516800","Level":"0","LogonHours":"-","NewUacValue":"-","OldUacValue":"-","Opcode":"0","PasswordLastSet":"-","PrimaryGroupId":"-","PrivilegeList":"-","ProcessID":"512","ProfilePath":"-","ProviderGuid":"54849625-5478-4994-A5BA-3E3B0328C30D","ProviderName":"Microsoft-Windows-Security-Auditing","SamAccountName":"-","ScriptPath":"-","SidHistory":"-","SubjectDomainName":"IACIS-HDD-2014","SubjectLogonId":"138696","SubjectUserName":"BillyBob","SubjectUserSid":"S-1-5-21-1171287513-3642516788-2358256967-1001","TargetDomainName":"IACIS-HDD-2014","TargetSid":"S-1-5-21-1171287513-3642516788-2358256967-1003","TargetUserName":"Sgt. Joe T. Nameless","Task":"13824","ThreadID":"548","TimeCreated":"2014-01-25T15:27:42.031764745Z","UserAccountControl":"-","UserParameters":"-","UserPrincipalName":"-","UserWorkstations":"-","Version":"0"},"@timestamp":"2014-01-25T15:27:42.0317652Z","message":"A user account was changed"}
{"ecs":{"version":"9.1.0"},"agent":{"type":"fox","version":"0.0.0"},"host":{"hostname":"IACIS-HDD-2014"},"user":{},"event":{"id":"2027","kind":"event","module":"eventlog","dataset":"eventlog.Security","severity":10,"provider":"Microsoft-Windows-Security-Auditing","original":"{\"time\":\"2014-01-25T15:27:42.8117665Z\",\"host\":\"IACIS-HDD-2014\",\"message\":\"A member was added to a security-enabled local group\",\"severity\":10,\"sequence\":\"2027\",\"source\":\"eventlog\",\"category\":\"Security\",\"service\":\"Microsoft-Windows-Security-Auditing\",\"fields\":{\"Channel\":\"Security\",\"Computer\":\"IACIS-HDD-2014\",\"EventID\":\"4732\",\"EventRecordID\":\"2027\",\"Keywords\":\"9232379236109516800\",\"Level\":\"0\",\"MemberName\":\"-\",\"MemberSid\":\"S-1-5-21-1171287513-3642516788-2358256967-1003\",\"Opcode\":\"0\",\"PrivilegeList\":\"-\",\"ProcessID\":\"512\",\"ProviderGuid\":\"54849625-5478-4994-A5BA-3E3B0328C30D\",\"ProviderName\":\"Microsoft-Windows-Security-Auditing\",\"SubjectDomainName\":\"IACIS-HDD-2014\",\"SubjectLogonId\":\"138696\",\"SubjectUserName\":\"BillyBob\",\"SubjectUserSid\":\"S-1-5-21-1171287513-3642516788-2358256967-1001\",\"TargetDomainName\":\"Builtin\",\"TargetSid\":\"S-1-5-32-544\",\"TargetUserName\":\"Administrators\",\"Task\":\"13826\",\"ThreadID\":\"548\",\"TimeCreated\":\"2014-01-25T15:27:42.811766386Z\",\"Version\":\"0\"}}","hash":"e6306a1ea7cb114a","code":"4732"},"labels":{"Channel":"Security","Computer":"IACIS-HDD-2014","EventID":"4732","EventRecordID":"2027","Keywords":"9232379236109516800","Level":"0","MemberName":"-","MemberSid":"S-1-5-21-1171287513-3642516788-2358256967-1003","Opcode":"0","PrivilegeList":"-","ProcessID":"512","ProviderGuid":"54849625-5478-4994-A5BA-3E3B0328C30D","ProviderName":"Microsoft-Windows-Security-Auditing","SubjectDomainName":"IACIS-HDD-2014","SubjectLogonId":"138696","SubjectUserName":"BillyBob","SubjectUserSid":"S-1-5-21-1171287513-3642516788-2358256967-1001","TargetDomainName":"Builtin","TargetSid":"S-1-5-32-544","TargetUserName":"Administrators","Task":"13826","ThreadID":"548","TimeCreated":"2014-01-25T15:27:42.811766386Z","Version":"0"},"@timestamp":"2014-01-25T15:27:42.8117665Z","message":"A member was added to a security-enabled local group"}
{"ecs":{"version":"9.1.0"},"agent":{"type":"fox","version":"0.0.0"},"host":{"hostname":"IACIS-HDD-2014"},"user":{},"event":{"id":"2028","kind":"event","module":"eventlog","dataset":"eventlog.Security","severity":10,"provider":"Microsoft-Windows-Security-Auditing","original":"{\"time\":\"2014-01-25T15:27:42.9365668Z\",\"host\":\"IACIS-HDD-2014\",\"message\":\"A user account was changed\",\"severity\":10,\"sequence\":\"2028\",\"source\":\"eventlog\",\"category\":\"Security\",\"service\":\"Microsoft-Windows-Security-Auditing\",\"fields\":{\"AccountExpires\":\"%%1794\",\"AllowedToDelegateTo\":\"-\",\"Channel\":\"Security\",\"Computer\":\"IACIS-HDD-2014\",\"DisplayName\":\"Sgt. Joe T. Nameless\",\"Dummy\":\"-\",\"EventID\":\"4738\",\"EventRecordID\":\"2028\",\"HomeDirectory\":\"%%1793\",\"HomePath\":\"%%1793\",\"Keywords\":\"9232379236109516800\",\"Level\":\"0\",\"LogonHours\":\"%%1797\",\"NewUacValue\":\"0x210\",\"OldUacValue\":\"0x210\",\"Opcode\":\"0\",\"PasswordLastSet\":\"%%1794\",\"PrimaryGroupId\":\"513\",\"PrivilegeList\":\"-\",\"ProcessID\":\"512\",\"ProfilePath\":\"%%1793\",\"ProviderGuid\":\"54849625-5478-4994-A5BA-3E3B0328C30D\",\"ProviderName\":\"Microsoft-Windows-Security-Auditing\",\"SamAccountName\":\"Sgt. Joe T. Nameless\",\"ScriptPath\":\"%%1793\",\"SidHistory\":\"-\",\"SubjectDomainName\":\"IACIS-HDD-2014\",\"SubjectLogonId\":\"138696\",\"SubjectUserName\":\"BillyBob\",\"SubjectUserSid\":\"S-1-5-21-1171287513-3642516788-2358256967-1001\",\"TargetDomainName\":\"IACIS-HDD-2014\",\"TargetSid\":\"S-1-5-21-1171287513-3642516788-2358256967-1003\",\"TargetUserName\":\"Sgt. Joe T. Nameless\",\"Task\":\"13824\",\"ThreadID\":\"548\",\"TimeCreated\":\"2014-01-25T15:27:42.936566352Z\",\"UserAccountControl\":\"-\",\"UserParameters\":\"%%1793\",\"UserPrincipalName\":\"-\",\"UserWorkstations\":\"%%1793\",\"Version\":\"0\"}}","hash":"c9c171b1ce7d669f","code":"4738"},"labels":{"AccountExpires":"%%1794","AllowedToDelegateTo":"-","Channel":"Security","Computer":"IACIS-HDD-2014","DisplayName":"Sgt. Joe T. Nameless","Dummy":"-","EventID":"4738","EventRecordID":"2028","HomeDirectory":"%%1793","HomePath":"%%1793","Keywords":"9232379236109516800","Level":"0","LogonHours":"%%1797","NewUacValue":"0x210","OldUacValue":"0x210","Opcode":"0","PasswordLastSet":"%%1794","PrimaryGroupId":"513","PrivilegeList":"-","ProcessID":"512","ProfilePath":"%%1793","ProviderGuid":"54849625-5478-4994-A5BA-3E3B0328C30D","ProviderName":"Microsoft-Windows-Security-Auditing","SamAccountName":"Sgt. Joe T. Nameless","ScriptPath":"%%1793","SidHistory":"-","SubjectDomainName":"IACIS-HDD-2014","SubjectLogonId":"138696","SubjectUserName":"BillyBob","SubjectUserSid":"S-1-5-21-1171287513-3642516788-2358256967-1001","TargetDomainName":"IACIS-HDD-2014","TargetSid":"S-1-5-21-1171287513-3642516788-2358256967-1003","TargetUserName":"Sgt. Joe T. Nameless","Task":"13824","ThreadID":"548","TimeCreated":"2014-01-25T15:27:42.936566352Z","UserAccountControl":"-","UserParameters":"%%1793","UserPrincipalName":"-","UserWorkstations":"%%1793","Version":"0"},"@timestamp":"2014-01-25T15:27:42.9365668Z","message":"A user account was changed"}
{"ecs":{"version":"9.1.0"},"agent":{"type":"fox","version":"0.0.0"},"host":{"hostname":"IACIS-HDD-2014"},"user":{},"event":{"id":"2029","kind":"event","module":"eventlog","dataset":"eventlog.Security","severity":10,"provider":"Microsoft-Windows-Security-Auditing","original":"{\"time\":\"2014-01-25T15:28:56.1626956Z\",\"host\":\"IACIS-HDD-2014\",\"message\":\"A user account was changed\",\"severity\":10,\"sequence\":\"2029\",\"source\":\"eventlog\",\"category\":\"Security\",\"service\":\"Microsoft-Windows-Security-Auditing\",\"fields\":{\"AccountExpires\":\"%%1794\",\"AllowedToDelegateTo\":\"-\",\"Channel\":\"Security\",\"Computer\":\"IACIS-HDD-2014\",\"DisplayName\":\"Sgt. Joe T. Nameless\",\"Dummy\":\"-\",\"EventID\":\"4738\",\"EventRecordID\":\"2029\",\"HomeDirectory\":\"%%1793\",\"HomePath\":\"%%1793\",\"Keywords\":\"9232379236109516800\",\"Level\":\"0\",\"LogonHours\":\"%%1797\",\"NewUacValue\":\"0x210\",\"OldUacValue\":\"0x210\",\"Opcode\":\"0\",\"PasswordLastSet\":\"1/25/2014 10:28:56 AM\",\"PrimaryGroupId\":\"513\",\"PrivilegeList\":\"-\",\"ProcessID\":\"512\",\"ProfilePath\":\"%%1793\",\"ProviderGuid\":\"54849625-5478-4994-A5BA-3E3B0328C30D\",\"ProviderName\":\"Microsoft-Windows-Security-Auditing\",\"SamAccountName\":\"Sgt. Joe T. Nameless\",\"ScriptPath\":\"%%1793\",\"SidHistory\":\"-\",\"SubjectDomainName\":\"IACIS-HDD-2014\",\"SubjectLogonId\":\"138696\",\"SubjectUserName\":\"BillyBob\",\"SubjectUserSid\":\"S-1-5-21-1171287513-3642516788-2358256967-1001\",\"TargetDomainName\":\"IACIS-HDD-2014\",\"TargetSid\":\"S-1-5-21-1171287513-3642516788-2358256967-1003\",\"TargetUserName\":\"Sgt. Joe T. Nameless\",\"Task\":\"13824\",\"ThreadID\":\"548\",\"TimeCreated\":\"2014-01-25T15:28:56.162695884Z\",\"UserAccountControl\":\"-\",\"UserParameters\":\"-\",\"UserPrincipalName\":\"-\",\"UserWorkstations\":\"%%1793\",\"Version\":\"0\"}}","hash":"d92931d15a9168ef","code":"4738"},"labels":{"AccountExpires":"%%1794","AllowedToDelegateTo":"-","Channel":"Security","Computer":"IACIS-HDD-2014","DisplayName":"Sgt. Joe T. Nameless","Dummy":"-","EventID":"4738","EventRecordID":"2029","HomeDirectory":"%%1793","HomePath":"%%1793","Keywords":"9232379236109516800","Level":"0","LogonHours":"%%1797","NewUacValue":"0x210","OldUacValue":"0x210","Opcode":"0","PasswordLastSet":"1/25/2014 10:28:56 AM","PrimaryGroupId":"513","PrivilegeList":"-","ProcessID":"512","ProfilePath":"%%1793","ProviderGuid":"54849625-5478-4994-A5BA-3E3B0328C30D","ProviderName":"Microsoft-Windows-Security-Auditing","SamAccountName":"Sgt. Joe T. Nameless","ScriptPath":"%%1793","SidHistory":"-","SubjectDomainName":"IACIS-HDD-2014","SubjectLogonId":"138696","SubjectUserName":"BillyBob","SubjectUserSid":"S-1-5-21-1171287513-3642516788-2358256967-1001","TargetDomainName":"IACIS-HDD-2014","TargetSid":"S-1-5-21-1171287513-3642516788-2358256967-1003","TargetUserName":"Sgt. Joe T. Nameless","Task":"13824","ThreadID":"548","TimeCreated":"2014-01-25T15:28:56.162695884Z","UserAccountControl":"-","UserParameters":"-","UserPrincipalName":"-","UserWorkstations":"%%1793","Version":"0"},"@timestamp":"2014-01-25T15:28:56.1626956Z","message":"A user account was changed"}
{"ecs":{"version":"9.1.0"},"agent":{"type":"fox","version":"0.0.0"},"host":{"hostname":"IACIS-HDD-2014"},"user":{},"event":{"id":"2031","kind":"event","module":"eventlog","dataset":"eventlog.Security","severity":10,"provider":"Microsoft-Windows-Security-Auditing","original":"{\"time\":\"2014-01-25T15:28:56.381096Z\",\"host\":\"IACIS-HDD-2014\",\"message\":\"A user account was changed\",\"severity\":10,\"sequence\":\"2031\",\"source\":\"eventlog\",\"category\":\"Security\",\"service\":\"Microsoft-Windows-Security-Auditing\",\"fields\":{\"AccountExpires\":\"-\",\"AllowedToDelegateTo\":\"-\",\"Channel\":\"Security\",\"Computer\":\"IACIS-HDD-2014\",\"DisplayName\":\"-\",\"Dummy\":\"-\",\"EventID\":\"4738\",\"EventRecordID\":\"2031\",\"HomeDirectory\":\"-\",\"HomePath\":\"-\",\"Keywords\":\"9232379236109516800\",\"Level\":\"0\",\"LogonHours\":\"-\",\"NewUacValue\":\"-\",\"OldUacValue\":\"-\",\"Opcode\":\"0\",\"PasswordLastSet\":\"-\",\"PrimaryGroupId\":\"-\",\"PrivilegeList\":\"-\",\"ProcessID\":\"512\",\"ProfilePath\":\"-\",\"ProviderGuid\":\"54849625-5478-4994-A5BA-3E3B0328C30D\",\"ProviderName\":\"Microsoft-Windows-Security-Auditing\",\"SamAccountName\":\"-\",\"ScriptPath\":\"-\",\"SidHistory\":\"-\",\"SubjectDomainName\":\"IACIS-HDD-2014\",\"SubjectLogonId\":\"138696\",\"SubjectUserName\":\"BillyBob\",\"SubjectUserSid\":\"S-1-5-21-1171287513-3642516788-2358256967-1001\",\"TargetDomainName\":\"IACIS-HDD-2014\",\"TargetSid\":\"S-1-5-21-1171287513-3642516788-2358256967-1003\",\"TargetUserName\":\"Sgt. Joe T. Nameless\",\"Task\":\"13824\",\"ThreadID\":\"572\",\"TimeCreated\":\"2014-01-25T15:28:56.381095886Z\",\"UserAccountControl\":\"-\",\"UserParameters\":\"-\",\"UserPrincipalName\":\"-\",\"UserWorkstations\":\"-\",\"Version\":\"0\"}}","hash":"43df1b7fda341e2a","code":"4738"},"labels":{"AccountExpires":"-","AllowedToDelegateTo":"-","Channel":"Security","Computer":"IACIS-HDD-2014","DisplayName":"-","Dummy":"-","EventID":"4738","EventRecordID":"2031","HomeDirectory":"-","HomePath":"-","Keywords":"9232379236109516800","Level":"0","LogonHours":"-","NewUacValue":"-","OldUacValue":"-","Opcode":"0","PasswordLastSet":"-","PrimaryGroupId":"-","PrivilegeList":"-","ProcessID":"512","ProfilePath":"-","ProviderGuid":"54849625-5478-4994-A5BA-3E3B0328C30D","ProviderName":"Microsoft-Windows-Security-Auditing","SamAccountName":"-","ScriptPath":"-","SidHistory":"-","SubjectDomainName":"IACIS-HDD-2014","SubjectLogonId":"138696","SubjectUserName":"BillyBob","SubjectUserSid":"S-1-5-21-1171287513-3642516788-2358256967-1001","TargetDomainName":"IACIS-HDD-2014","TargetSid":"S-1-5-21-1171287513-3642516788-2358256967-1003","TargetUserName":"Sgt. Joe T. Nameless","Task":"13824","ThreadID":"572","TimeCreated":"2014-01-25T15:28:56.381095886Z","UserAccountControl":"-","UserParameters":"-","UserPrincipalName":"-","UserWorkstations":"-","Version":"0"},"@timestamp":"2014-01-25T15:28:56.381096Z","message":"A user account was changed"}
{"ecs":{"version":"9.1.0"},"agent":{"type":"fox","version":"0.0.0"},"host":{"hostname":"IACIS-HDD-2014"},"user":{},"event":{"id":"2033","kind":"event","module":"eventlog","dataset":"eventlog.Security","severity":10,"provider":"Microsoft-Windows-Security-Auditing","original":"{\"time\":\"2014-01-25T15:30:36.9696729Z\",\"host\":\"IACIS-HDD-2014\",\"message\":\"A user account was created\",\"severity\":10,\"sequence\":\"2033\",\"source\":\"eventlog\",\"category\":\"Security\",\"service\":\"Microsoft-Windows-Security-Auditing\",\"fields\":{\"AccountExpires\":\"%%1794\",\"AllowedToDelegateTo\":\"-\",\"Channel\":\"Security\",\"Computer\":\"IACIS-HDD-2014\",\"DisplayName\":\"%%1793\",\"EventID\":\"4720\",\"EventRecordID\":\"2033\",\"HomeDirectory\":\"%%1793\",\"HomePath\":\"%%1793\",\"Keywords\":\"9232379236109516800\",\"Level\":\"0\",\"LogonHours\":\"%%1797\",\"NewUacValue\":\"0x15\",\"OldUacValue\":\"0x0\",\"Opcode\":\"0\",\"PasswordLastSet\":\"%%1794\",\"PrimaryGroupId\":\"513\",\"PrivilegeList\":\"-\",\"ProcessID\":\"512\",\"ProfilePath\":\"%%1793\",\"ProviderGuid\":\"54849625-5478-4994-A5BA-3E3B0328C30D\",\"ProviderName\":\"Microsoft-Windows-Security-Auditing\",\"SamAccountName\":\"Jimmy Wilson\",\"ScriptPath\":\"%%1793\",\"SidHistory\":\"-\",\"SubjectDomainName\":\"IACIS-HDD-2014\",\"SubjectLogonId\":\"138696\",\"SubjectUserName\":\"BillyBob\",\"SubjectUserSid\":\"S-1-5-21-1171287513-3642516788-2358256967-1001\",\"TargetDomainName\":\"IACIS-HDD-2014\",\"TargetSid\":\"S-1-5-21-1171287513-3642516788-2358256967-1004\",\"TargetUserName\":\"Jimmy Wilson\",\"Task\":\"13824\",\"ThreadID\":\"2256\",\"TimeCreated\":\"2014-01-25T15:30:36.969673633Z\",\"UserAccountControl\":\"\\r\\n\\t\\t%%2080\\r\\n\\t\\t%%2082\\r\\n\\t\\t%%2084\",\"UserParameters\":\"%%1793\",\"UserPrincipalName\":\"-\",\"UserWorkstations\":\"%%1793\",\"Version\":\"0\"}}","hash":"9e8683ed840dfb50","code":"4720"},"labels":{"AccountExpires":"%%1794","AllowedToDelegateTo":"-","Channel":"Security","Computer":"IACIS-HDD-2014","DisplayName":"%%1793","EventID":"4720","EventRecordID":"2033","HomeDirectory":"%%1793","HomePath":"%%1793","Keywords":"9232379236109516800","Level":"0","LogonHours":"%%1797","NewUacValue":"0x15","OldUacValue":"0x0","Opcode":"0","PasswordLastSet":"%%1794","PrimaryGroupId":"513","PrivilegeList":"-","ProcessID":"512","ProfilePath":"%%1793","ProviderGuid":"54849625-5478-4994-A5BA-3E3B0328C30D","ProviderName":"Microsoft-Windows-Security-Auditing","SamAccountName":"Jimmy Wilson","ScriptPath":"%%1793","SidHistory":"-","SubjectDomainName":"IACIS-HDD-2014","SubjectLogonId":"138696","SubjectUserName":"BillyBob","SubjectUserSid":"S-1-5-21-1171287513-3642516788-2358256967-1001","TargetDomainName":"IACIS-HDD-2014","TargetSid":"S-1-5-21-1171287513-3642516788-2358256967-1004","TargetUserName":"Jimmy Wilson","Task":"13824","ThreadID":"2256","TimeCreated":"2014-01-25T15:30:36.969673633Z","UserAccountControl":"\r\n\t\t%%2080\r\n\t\t%%2082\r\n\t\t%%2084","UserParameters":"%%1793","UserPrincipalName":"-","UserWorkstations":"%%1793","Version":"0"},"@timestamp":"2014-01-25T15:30:36.9696729Z","message":"A user account was created"}
