Feb 11 2014 13:25:17.104 IACIS-HDD-2014 CEF:1|Fox Forensics|Fox|0.0.0|100|An account was successfully logged on|10|AuthenticationPackageName=Negotiate Channel=Security Computer=IACIS-HDD-2014 EventID=4624 EventRecordID=2762 IpAddress=127.0.0.1 IpPort=0 KeyLength=0 Keywords=9232379236109516800 Level=0 LmPackageName=- LogonGuid=00000000-0000-0000-0000-000000000000 LogonProcessName=User32  LogonType=2 Opcode=0 ProcessID=512 ProcessId=456 ProcessName=C:\\Windows\\System32\\winlogon.exe ProviderGuid=54849625-5478-4994-A5BA-3E3B0328C30D ProviderName=Microsoft-Windows-Security-Auditing SubjectDomainName=WORKGROUP SubjectLogonId=999 SubjectUserName=IACIS-HDD-2014$ SubjectUserSid=S-1-5-18 TargetDomainName=IACIS-HDD-2014 TargetLogonId=176117 TargetUserName=Jimmy Wilson TargetUserSid=S-1-5-21-1171287513-3642516788-2358256967-1004 Task=12544 ThreadID=548 TimeCreated=2014-02-11T13:25:17.104713678Z TransmittedServices=- Version=0 WorkstationName=IACIS-HDD-2014
Feb 11 2014 13:25:17.104 IACIS-HDD-2014 CEF:1|Fox Forensics|Fox|0.0.0|100|Special privileges assigned to new logon|10|Channel=Security Computer=IACIS-HDD-2014 EventID=4672 EventRecordID=2763 Keywords=9232379236109516800 Level=0 Opcode=0 PrivilegeList=SeSecurityPrivilege     SeTakeOwnershipPrivilege     SeLoadDriverPrivilege     SeBackupPrivilege     SeRestorePrivilege     SeDebugPrivilege     SeSystemEnvironmentPrivilege     SeImpersonatePrivilege ProcessID=512 ProviderGuid=54849625-5478-4994-A5BA-3E3B0328C30D ProviderName=Microsoft-Windows-Security-Auditing SubjectDomainName=IACIS-HDD-2014 SubjectLogonId=176071 SubjectUserName=Jimmy Wilson SubjectUserSid=S-1-5-21-1171287513-3642516788-2358256967-1004 Task=12548 ThreadID=548 TimeCreated=2014-02-11T13:25:17.104713678Z Version=0
Feb 11 2014 13:25:17.104 IACIS-HDD-2014 CEF:1|Fox Forensics|Fox|0.0.0|100|An account was successfully logged on|10|AuthenticationPackageName=Negotiate Channel=Security Computer=IACIS-HDD-2014 EventID=4624 EventRecordID=2761 IpAddress=127.0.0.1 IpPort=0 KeyLength=0 Keywords=9232379236109516800 Level=0 LmPackageName=- LogonGuid=00000000-0000-0000-0000-000000000000 LogonProcessName=User32  LogonType=2 Opcode=0 ProcessID=512 ProcessId=456 ProcessName=C:\\Windows\\System32\\winlogon.exe ProviderGuid=54849625-5478-4994-A5BA-3E3B0328C30D ProviderName=Microsoft-Windows-Security-Auditing SubjectDomainName=WORKGROUP SubjectLogonId=999 SubjectUserName=IACIS-HDD-2014$ SubjectUserSid=S-1-5-18 TargetDomainName=IACIS-HDD-2014 TargetLogonId=176071 TargetUserName=Jimmy Wilson TargetUserSid=S-1-5-21-1171287513-3642516788-2358256967-1004 Task=12544 ThreadID=548 TimeCreated=2014-02-11T13:25:17.104713678Z TransmittedServices=- Version=0 WorkstationName=IACIS-HDD-2014
Feb 11 2014 13:25:26.537 IACIS-HDD-2014 CEF:1|Fox Forensics|Fox|0.0.0|100|Special privileges assigned to new logon|10|Channel=Security Computer=IACIS-HDD-2014 EventID=4672 EventRecordID=2765 Keywords=9232379236109516800 Level=0 Opcode=0 PrivilegeList=SeAssignPrimaryTokenPrivilege     SeTcbPrivilege     SeSecurityPrivilege     SeTakeOwnershipPrivilege     SeLoadDriverPrivilege     SeBackupPrivilege     SeRestorePrivilege     SeDebugPrivilege     SeAuditPrivilege     SeSystemEnvironmentPrivilege     SeImpersonatePrivilege ProcessID=512 ProviderGuid=54849625-5478-4994-A5BA-3E3B0328C30D ProviderName=Microsoft-Windows-Security-Auditing SubjectDomainName=NT AUTHORITY SubjectLogonId=999 SubjectUserName=SYSTEM SubjectUserSid=S-1-5-18 Task=12548 ThreadID=564 TimeCreated=2014-02-11T13:25:26.537529706Z Version=0
Feb 11 2014 13:25:26.537 IACIS-HDD-2014 CEF:1|Fox Forensics|Fox|0.0.0|100|An account was successfully logged on|10|AuthenticationPackageName=Negotiate Channel=Security Computer=IACIS-HDD-2014 EventID=4624 EventRecordID=2764 IpAddress=- IpPort=- KeyLength=0 Keywords=9232379236109516800 Level=0 LmPackageName=- LogonGuid=00000000-0000-0000-0000-000000000000 LogonProcessName=Advapi   LogonType=5 Opcode=0 ProcessID=512 ProcessId=488 ProcessName=C:\\Windows\\System32\\services.exe ProviderGuid=54849625-5478-4994-A5BA-3E3B0328C30D ProviderName=Microsoft-Windows-Security-Auditing SubjectDomainName=WORKGROUP SubjectLogonId=999 SubjectUserName=IACIS-HDD-2014$ SubjectUserSid=S-1-5-18 TargetDomainName=NT AUTHORITY TargetLogonId=999 TargetUserName=SYSTEM TargetUserSid=S-1-5-18 Task=12544 ThreadID=564 TimeCreated=2014-02-11T13:25:26.537529706Z TransmittedServices=- Version=0
Feb 11 2014 13:46:15.470 IACIS-HDD-2014 CEF:1|Fox Forensics|Fox|0.0.0|100|Special privileges assigned to new logon|10|Channel=Security Computer=IACIS-HDD-2014 EventID=4672 EventRecordID=2773 Keywords=9232379236109516800 Level=0 Opcode=0 PrivilegeList=SeAssignPrimaryTokenPrivilege     SeTcbPrivilege     SeSecurityPrivilege     SeTakeOwnershipPrivilege     SeLoadDriverPrivilege     SeBackupPrivilege     SeRestorePrivilege     SeDebugPrivilege     SeAuditPrivilege     SeSystemEnvironmentPrivilege     SeImpersonatePrivilege ProcessID=512 ProviderGuid=54849625-5478-4994-A5BA-3E3B0328C30D ProviderName=Microsoft-Windows-Security-Auditing SubjectDomainName=NT AUTHORITY SubjectLogonId=999 SubjectUserName=SYSTEM SubjectUserSid=S-1-5-18 Task=12548 ThreadID=1344 TimeCreated=2014-02-11T13:46:15.470683097Z Version=0
Feb 11 2014 13:46:15.470 IACIS-HDD-2014 CEF:1|Fox Forensics|Fox|0.0.0|100|An account was successfully logged on|10|AuthenticationPackageName=Negotiate Channel=Security Computer=IACIS-HDD-2014 EventID=4624 EventRecordID=2772 IpAddress=- IpPort=- KeyLength=0 Keywords=9232379236109516800 Level=0 LmPackageName=- LogonGuid=00000000-0000-0000-0000-000000000000 LogonProcessName=Advapi   LogonType=5 Opcode=0 ProcessID=512 ProcessId=488 ProcessName=C:\\Windows\\System32\\services.exe ProviderGuid=54849625-5478-4994-A5BA-3E3B0328C30D ProviderName=Microsoft-Windows-Security-Auditing SubjectDomainName=WORKGROUP SubjectLogonId=999 SubjectUserName=IACIS-HDD-2014$ SubjectUserSid=S-1-5-18 TargetDomainName=NT AUTHORITY TargetLogonId=999 TargetUserName=SYSTEM TargetUserSid=S-1-5-18 Task=12544 ThreadID=1344 TimeCreated=2014-02-11T13:46:15.470683097Z TransmittedServices=- Version=0
Feb 11 2014 15:19:49.489 IACIS-HDD-2014 CEF:1|Fox Forensics|Fox|0.0.0|100|Special privileges assigned to new logon|10|Channel=Security Computer=IACIS-HDD-2014 EventID=4672 EventRecordID=2775 Keywords=9232379236109516800 Level=0 Opcode=0 PrivilegeList=SeAssignPrimaryTokenPrivilege     SeTcbPrivilege     SeSecurityPrivilege     SeTakeOwnershipPrivilege     SeLoadDriverPrivilege     SeBackupPrivilege     SeRestorePrivilege     SeDebugPrivilege     SeAuditPrivilege     SeSystemEnvironmentPrivilege     SeImpersonatePrivilege ProcessID=512 ProviderGuid=54849625-5478-4994-A5BA-3E3B0328C30D ProviderName=Microsoft-Windows-Security-Auditing SubjectDomainName=NT AUTHORITY SubjectLogonId=999 SubjectUserName=SYSTEM SubjectUserSid=S-1-5-18 Task=12548 ThreadID=2388 TimeCreated=2014-02-11T15:19:49.48929286Z Version=0
Feb 11 2014 15:19:49.489 IACIS-HDD-2014 CEF:1|Fox Forensics|Fox|0.0.0|100|An account was successfully logged on|10|AuthenticationPackageName=Negotiate Channel=Security Computer=IACIS-HDD-2014 EventID=4624 EventRecordID=2774 IpAddress=- IpPort=- KeyLength=0 Keywords=9232379236109516800 Level=0 LmPackageName=- LogonGuid=00000000-0000-0000-0000-000000000000 LogonProcessName=Advapi   LogonType=5 Opcode=0 ProcessID=512 ProcessId=488 ProcessName=C:\\Windows\\System32\\services.exe ProviderGuid=54849625-5478-4994-A5BA-3E3B0328C30D ProviderName=Microsoft-Windows-Security-Auditing SubjectDomainName=WORKGROUP SubjectLogonId=999 SubjectUserName=IACIS-HDD-2014$ SubjectUserSid=S-1-5-18 TargetDomainName=NT AUTHORITY TargetLogonId=999 TargetUserName=SYSTEM TargetUserSid=S-1-5-18 Task=12544 ThreadID=2388 TimeCreated=2014-02-11T15:19:49.48929286Z TransmittedServices=- Version=0
Feb 11 2014 15:19:49.863 IACIS-HDD-2014 CEF:1|Fox Forensics|Fox|0.0.0|100|An account was successfully logged on|10|AuthenticationPackageName=Negotiate Channel=Security Computer=IACIS-HDD-2014 EventID=4624 EventRecordID=2776 IpAddress=- IpPort=- KeyLength=0 Keywords=9232379236109516800 Level=0 LmPackageName=- LogonGuid=00000000-0000-0000-0000-000000000000 LogonProcessName=Advapi   LogonType=5 Opcode=0 ProcessID=512 ProcessId=488 ProcessName=C:\\Windows\\System32\\services.exe ProviderGuid=54849625-5478-4994-A5BA-3E3B0328C30D ProviderName=Microsoft-Windows-Security-Auditing SubjectDomainName=WORKGROUP SubjectLogonId=999 SubjectUserName=IACIS-HDD-2014$ SubjectUserSid=S-1-5-18 TargetDomainName=NT AUTHORITY TargetLogonId=999 TargetUserName=SYSTEM TargetUserSid=S-1-5-18 Task=12544 ThreadID=1344 TimeCreated=2014-02-11T15:19:49.863694429Z TransmittedServices=- Version=0
Feb 11 2014 15:19:49.863 IACIS-HDD-2014 CEF:1|Fox Forensics|Fox|0.0.0|100|Special privileges assigned to new logon|10|Channel=Security Computer=IACIS-HDD-2014 EventID=4672 EventRecordID=2777 Keywords=9232379236109516800 Level=0 Opcode=0 PrivilegeList=SeAssignPrimaryTokenPrivilege     SeTcbPrivilege     SeSecurityPrivilege     SeTakeOwnershipPrivilege     SeLoadDriverPrivilege     SeBackupPrivilege     SeRestorePrivilege     SeDebugPrivilege     SeAuditPrivilege     SeSystemEnvironmentPrivilege     SeImpersonatePrivilege ProcessID=512 ProviderGuid=54849625-5478-4994-A5BA-3E3B0328C30D ProviderName=Microsoft-Windows-Security-Auditing SubjectDomainName=NT AUTHORITY SubjectLogonId=999 SubjectUserName=SYSTEM SubjectUserSid=S-1-5-18 Task=12548 ThreadID=1344 TimeCreated=2014-02-11T15:19:49.863694429Z Version=0
Feb 11 2014 16:45:31.962 IACIS-HDD-2014 CEF:1|Fox Forensics|Fox|0.0.0|100|An account was successfully logged on|10|AuthenticationPackageName=Negotiate Channel=Security Computer=IACIS-HDD-2014 EventID=4624 EventRecordID=2779 IpAddress=127.0.0.1 IpPort=0 KeyLength=0 Keywords=9232379236109516800 Level=0 LmPackageName=- LogonGuid=00000000-0000-0000-0000-000000000000 LogonProcessName=User32  LogonType=7 Opcode=0 ProcessID=512 ProcessId=456 ProcessName=C:\\Windows\\System32\\winlogon.exe ProviderGuid=54849625-5478-4994-A5BA-3E3B0328C30D ProviderName=Microsoft-Windows-Security-Auditing SubjectDomainName=WORKGROUP SubjectLogonId=999 SubjectUserName=IACIS-HDD-2014$ SubjectUserSid=S-1-5-18 TargetDomainName=IACIS-HDD-2014 TargetLogonId=1707040 TargetUserName=Jimmy Wilson TargetUserSid=S-1-5-21-1171287513-3642516788-2358256967-1004 Task=12544 ThreadID=2388 TimeCreated=2014-02-11T16:45:31.962526321Z TransmittedServices=- Version=0 WorkstationName=IACIS-HDD-2014
Feb 11 2014 16:45:31.962 IACIS-HDD-2014 CEF:1|Fox Forensics|Fox|0.0.0|100|Special privileges assigned to new logon|10|Channel=Security Computer=IACIS-HDD-2014 EventID=4672 EventRecordID=2781 Keywords=9232379236109516800 Level=0 Opcode=0 PrivilegeList=SeSecurityPrivilege     SeTakeOwnershipPrivilege     SeLoadDriverPrivilege     SeBackupPrivilege     SeRestorePrivilege     SeDebugPrivilege     SeSystemEnvironmentPrivilege     SeImpersonatePrivilege ProcessID=512 ProviderGuid=54849625-5478-4994-A5BA-3E3B0328C30D ProviderName=Microsoft-Windows-Security-Auditing SubjectDomainName=IACIS-HDD-2014 SubjectLogonId=1707040 SubjectUserName=Jimmy Wilson SubjectUserSid=S-1-5-21-1171287513-3642516788-2358256967-1004 Task=12548 ThreadID=2388 TimeCreated=2014-02-11T16:45:31.962526321Z Version=0
Feb 11 2014 16:45:31.962 IACIS-HDD-2014 CEF:1|Fox Forensics|Fox|0.0.0|100|A logon was attempted using explicit credentials|10|Channel=Security Computer=IACIS-HDD-2014 EventID=4648 EventRecordID=2778 IpAddress=127.0.0.1 IpPort=0 Keywords=9232379236109516800 Level=0 LogonGuid=00000000-0000-0000-0000-000000000000 Opcode=0 ProcessID=512 ProcessId=456 ProcessName=C:\\Windows\\System32\\winlogon.exe ProviderGuid=54849625-5478-4994-A5BA-3E3B0328C30D ProviderName=Microsoft-Windows-Security-Auditing SubjectDomainName=WORKGROUP SubjectLogonId=999 SubjectUserName=IACIS-HDD-2014$ SubjectUserSid=S-1-5-18 TargetDomainName=IACIS-HDD-2014 TargetInfo=localhost TargetLogonGuid=00000000-0000-0000-0000-000000000000 TargetServerName=localhost TargetUserName=Jimmy Wilson Task=12544 ThreadID=2388 TimeCreated=2014-02-11T16:45:31.962526321Z Version=0
Feb 11 2014 16:45:31.962 IACIS-HDD-2014 CEF:1|Fox Forensics|Fox|0.0.0|100|An account was successfully logged on|10|AuthenticationPackageName=Negotiate Channel=Security Computer=IACIS-HDD-2014 EventID=4624 EventRecordID=2780 IpAddress=127.0.0.1 IpPort=0 KeyLength=0 Keywords=9232379236109516800 Level=0 LmPackageName=- LogonGuid=00000000-0000-0000-0000-000000000000 LogonProcessName=User32  LogonType=7 Opcode=0 ProcessID=512 ProcessId=456 ProcessName=C:\\Windows\\System32\\winlogon.exe ProviderGuid=54849625-5478-4994-A5BA-3E3B0328C30D ProviderName=Microsoft-Windows-Security-Auditing SubjectDomainName=WORKGROUP SubjectLogonId=999 SubjectUserName=IACIS-HDD-2014$ SubjectUserSid=S-1-5-18 TargetDomainName=IACIS-HDD-2014 TargetLogonId=1707054 TargetUserName=Jimmy Wilson TargetUserSid=S-1-5-21-1171287513-3642516788-2358256967-1004 Task=12544 ThreadID=2388 TimeCreated=2014-02-11T16:45:31.962526321Z TransmittedServices=- Version=0 WorkstationName=IACIS-HDD-2014
Feb 11 2014 17:08:01.762 IACIS-HDD-2014 CEF:1|Fox Forensics|Fox|0.0.0|100|An account was successfully logged on|10|AuthenticationPackageName=Negotiate Channel=Security Computer=IACIS-HDD-2014 EventID=4624 EventRecordID=2784 IpAddress=- IpPort=- KeyLength=0 Keywords=9232379236109516800 Level=0 LmPackageName=- LogonGuid=00000000-0000-0000-0000-000000000000 LogonProcessName=Advapi   LogonType=5 Opcode=0 ProcessID=512 ProcessId=488 ProcessName=C:\\Windows\\System32\\services.exe ProviderGuid=54849625-5478-4994-A5BA-3E3B0328C30D ProviderName=Microsoft-Windows-Security-Auditing SubjectDomainName=WORKGROUP SubjectLogonId=999 SubjectUserName=IACIS-HDD-2014$ SubjectUserSid=S-1-5-18 TargetDomainName=NT AUTHORITY TargetLogonId=999 TargetUserName=SYSTEM TargetUserSid=S-1-5-18 Task=12544 ThreadID=564 TimeCreated=2014-02-11T17:08:01.762499094Z TransmittedServices=- Version=0
Feb 11 2014 17:08:01.762 IACIS-HDD-2014 CEF:1|Fox Forensics|Fox|0.0.0|100|Special privileges assigned to new logon|10|Channel=Security Computer=IACIS-HDD-2014 EventID=4672 EventRecordID=2785 Keywords=9232379236109516800 Level=0 Opcode=0 PrivilegeList=SeAssignPrimaryTokenPrivilege     SeTcbPrivilege     SeSecurityPrivilege     SeTakeOwnershipPrivilege     SeLoadDriverPrivilege     SeBackupPrivilege     SeRestorePrivilege     SeDebugPrivilege     SeAuditPrivilege     SeSystemEnvironmentPrivilege     SeImpersonatePrivilege ProcessID=512 ProviderGuid=54849625-5478-4994-A5BA-3E3B0328C30D ProviderName=Microsoft-Windows-Security-Auditing SubjectDomainName=NT AUTHORITY SubjectLogonId=999 SubjectUserName=SYSTEM SubjectUserSid=S-1-5-18 Task=12548 ThreadID=564 TimeCreated=2014-02-11T17:08:01.762499094Z Version=0
Feb 11 2014 17:08:03.946 IACIS-HDD-2014 CEF:1|Fox Forensics|Fox|0.0.0|100|An account was successfully logged on|10|AuthenticationPackageName=Negotiate Channel=Security Computer=IACIS-HDD-2014 EventID=4624 EventRecordID=2786 IpAddress=- IpPort=- KeyLength=0 Keywords=9232379236109516800 Level=0 LmPackageName=- LogonGuid=00000000-0000-0000-0000-000000000000 LogonProcessName=Advapi   LogonType=5 Opcode=0 ProcessID=512 ProcessId=488 ProcessName=C:\\Windows\\System32\\services.exe ProviderGuid=54849625-5478-4994-A5BA-3E3B0328C30D ProviderName=Microsoft-Windows-Security-Auditing SubjectDomainName=WORKGROUP SubjectLogonId=999 SubjectUserName=IACIS-HDD-2014$ SubjectUserSid=S-1-5-18 TargetDomainName=NT AUTHORITY TargetLogonId=999 TargetUserName=SYSTEM TargetUserSid=S-1-5-18 Task=12544 ThreadID=564 TimeCreated=2014-02-11T17:08:03.946502447Z TransmittedServices=- Version=0
Feb 11 2014 17:08:03.946 IACIS-HDD-2014 CEF:1|Fox Forensics|Fox|0.0.0|100|Special privileges assigned to new logon|10|Channel=Security Computer=IACIS-HDD-2014 EventID=4672 EventRecordID=2787 Keywords=9232379236109516800 Level=0 Opcode=0 PrivilegeList=SeAssignPrimaryTokenPrivilege     SeTcbPrivilege     SeSecurityPrivilege     SeTakeOwnershipPrivilege     SeLoadDriverPrivilege     SeBackupPrivilege     SeRestorePrivilege     SeDebugPrivilege     SeAuditPrivilege     SeSystemEnvironmentPrivilege     SeImpersonatePrivilege ProcessID=512 ProviderGuid=54849625-5478-4994-A5BA-3E3B0328C30D ProviderName=Microsoft-Windows-Security-Auditing SubjectDomainName=NT AUTHORITY SubjectLogonId=999 SubjectUserName=SYSTEM SubjectUserSid=S-1-5-18 Task=12548 ThreadID=564 TimeCreated=2014-02-11T17:08:03.946502447Z Version=0
Feb 11 2014 17:08:04.398 IACIS-HDD-2014 CEF:1|Fox Forensics|Fox|0.0.0|100|An account was successfully logged on|10|AuthenticationPackageName=Negotiate Channel=Security Computer=IACIS-HDD-2014 EventID=4624 EventRecordID=2788 IpAddress=- IpPort=- KeyLength=0 Keywords=9232379236109516800 Level=0 LmPackageName=- LogonGuid=00000000-0000-0000-0000-000000000000 LogonProcessName=Advapi   LogonType=5 Opcode=0 ProcessID=512 ProcessId=488 ProcessName=C:\\Windows\\System32\\services.exe ProviderGuid=54849625-5478-4994-A5BA-3E3B0328C30D ProviderName=Microsoft-Windows-Security-Auditing SubjectDomainName=WORKGROUP SubjectLogonId=999 SubjectUserName=IACIS-HDD-2014$ SubjectUserSid=S-1-5-18 TargetDomainName=NT AUTHORITY TargetLogonId=999 TargetUserName=SYSTEM TargetUserSid=S-1-5-18 Task=12544 ThreadID=564 TimeCreated=2014-02-11T17:08:04.398904085Z TransmittedServices=- Version=0
Feb 11 2014 17:08:04.398 IACIS-HDD-2014 CEF:1|Fox Forensics|Fox|0.0.0|100|Special privileges assigned to new logon|10|Channel=Security Computer=IACIS-HDD-2014 EventID=4672 EventRecordID=2789 Keywords=9232379236109516800 Level=0 Opcode=0 PrivilegeList=SeAssignPrimaryTokenPrivilege     SeTcbPrivilege     SeSecurityPrivilege     SeTakeOwnershipPrivilege     SeLoadDriverPrivilege     SeBackupPrivilege     SeRestorePrivilege     SeDebugPrivilege     SeAuditPrivilege     SeSystemEnvironmentPrivilege     SeImpersonatePrivilege ProcessID=512 ProviderGuid=54849625-5478-4994-A5BA-3E3B0328C30D ProviderName=Microsoft-Windows-Security-Auditing SubjectDomainName=NT AUTHORITY SubjectLogonId=999 SubjectUserName=SYSTEM SubjectUserSid=S-1-5-18 Task=12548 ThreadID=564 TimeCreated=2014-02-11T17:08:04.398904085Z Version=0
Feb 11 2014 17:08:37.751 IACIS-HDD-2014 CEF:1|Fox Forensics|Fox|0.0.0|100|An attempt was made to unregister a security event source|10|AuditSourceName=VSSAudit Channel=Security Computer=IACIS-HDD-2014 EventID=4905 EventRecordID=2791 EventSourceId=3509326 Keywords=9232379236109516800 Level=0 Opcode=0 ProcessID=512 ProcessId=3532 ProcessName=C:\\Windows\\System32\\VSSVC.exe ProviderGuid=54849625-5478-4994-A5BA-3E3B0328C30D ProviderName=Microsoft-Windows-Security-Auditing SubjectDomainName=WORKGROUP SubjectLogonId=999 SubjectUserName=IACIS-HDD-2014$ SubjectUserSid=S-1-5-18 Task=13568 ThreadID=2388 TimeCreated=2014-02-11T17:08:37.751761674Z Version=0
Feb 11 2014 17:08:37.751 IACIS-HDD-2014 CEF:1|Fox Forensics|Fox|0.0.0|100|An attempt was made to register a security event source|10|AuditSourceName=VSSAudit Channel=Security Computer=IACIS-HDD-2014 EventID=4904 EventRecordID=2790 EventSourceId=3509326 Keywords=9232379236109516800 Level=0 Opcode=0 ProcessID=512 ProcessId=3532 ProcessName=C:\\Windows\\System32\\VSSVC.exe ProviderGuid=54849625-5478-4994-A5BA-3E3B0328C30D ProviderName=Microsoft-Windows-Security-Auditing SubjectDomainName=WORKGROUP SubjectLogonId=999 SubjectUserName=IACIS-HDD-2014$ SubjectUserSid=S-1-5-18 Task=13568 ThreadID=2388 TimeCreated=2014-02-11T17:08:37.751761674Z Version=0
Feb 11 2014 17:08:42.993 IACIS-HDD-2014 CEF:1|Fox Forensics|Fox|0.0.0|100|Special privileges assigned to new logon|10|Channel=Security Computer=IACIS-HDD-2014 EventID=4672 EventRecordID=2793 Keywords=9232379236109516800 Level=0 Opcode=0 PrivilegeList=SeAssignPrimaryTokenPrivilege     SeTcbPrivilege     SeSecurityPrivilege     SeTakeOwnershipPrivilege     SeLoadDriverPrivilege     SeBackupPrivilege     SeRestorePrivilege     SeDebugPrivilege     SeAuditPrivilege     SeSystemEnvironmentPrivilege     SeImpersonatePrivilege ProcessID=512 ProviderGuid=54849625-5478-4994-A5BA-3E3B0328C30D ProviderName=Microsoft-Windows-Security-Auditing SubjectDomainName=NT AUTHORITY SubjectLogonId=999 SubjectUserName=SYSTEM SubjectUserSid=S-1-5-18 Task=12548 ThreadID=2172 TimeCreated=2014-02-11T17:08:42.993371248Z Version=0
Feb 11 2014 17:08:42.993 IACIS-HDD-2014 CEF:1|Fox Forensics|Fox|0.0.0|100|An account was successfully logged on|10|AuthenticationPackageName=Negotiate Channel=Security Computer=IACIS-HDD-2014 EventID=4624 EventRecordID=2792 IpAddress=- IpPort=- KeyLength=0 Keywords=9232379236109516800 Level=0 LmPackageName=- LogonGuid=00000000-0000-0000-0000-000000000000 LogonProcessName=Advapi   LogonType=5 Opcode=0 ProcessID=512 ProcessId=488 ProcessName=C:\\Windows\\System32\\services.exe ProviderGuid=54849625-5478-4994-A5BA-3E3B0328C30D ProviderName=Microsoft-Windows-Security-Auditing SubjectDomainName=WORKGROUP SubjectLogonId=999 SubjectUserName=IACIS-HDD-2014$ SubjectUserSid=S-1-5-18 TargetDomainName=NT AUTHORITY TargetLogonId=999 TargetUserName=SYSTEM TargetUserSid=S-1-5-18 Task=12544 ThreadID=2172 TimeCreated=2014-02-11T17:08:42.993371248Z TransmittedServices=- Version=0
Feb 11 2014 17:09:29.481 IACIS-HDD-2014 CEF:1|Fox Forensics|Fox|0.0.0|100|An attempt was made to register a security event source|10|AuditSourceName=VSSAudit Channel=Security Computer=IACIS-HDD-2014 EventID=4904 EventRecordID=2794 EventSourceId=3691382 Keywords=9232379236109516800 Level=0 Opcode=0 ProcessID=512 ProcessId=3532 ProcessName=C:\\Windows\\System32\\VSSVC.exe ProviderGuid=54849625-5478-4994-A5BA-3E3B0328C30D ProviderName=Microsoft-Windows-Security-Auditing SubjectDomainName=WORKGROUP SubjectLogonId=999 SubjectUserName=IACIS-HDD-2014$ SubjectUserSid=S-1-5-18 Task=13568 ThreadID=2388 TimeCreated=2014-02-11T17:09:29.481452703Z Version=0
Feb 11 2014 17:09:29.528 IACIS-HDD-2014 CEF:1|Fox Forensics|Fox|0.0.0|100|An attempt was made to unregister a security event source|10|AuditSourceName=VSSAudit Channel=Security Computer=IACIS-HDD-2014 EventID=4905 EventRecordID=2795 EventSourceId=3691382 Keywords=9232379236109516800 Level=0 Opcode=0 ProcessID=512 ProcessId=3532 ProcessName=C:\\Windows\\System32\\VSSVC.exe ProviderGuid=54849625-5478-4994-A5BA-3E3B0328C30D ProviderName=Microsoft-Windows-Security-Auditing SubjectDomainName=WORKGROUP SubjectLogonId=999 SubjectUserName=IACIS-HDD-2014$ SubjectUserSid=S-1-5-18 Task=13568 ThreadID=2388 TimeCreated=2014-02-11T17:09:29.52825284Z Version=0
Feb 11 2014 17:12:01.269 IACIS-HDD-2014 CEF:1|Fox Forensics|Fox|0.0.0|100|An attempt was made to unregister a security event source|10|AuditSourceName=VSSAudit Channel=Security Computer=IACIS-HDD-2014 EventID=4905 EventRecordID=2797 EventSourceId=3892775 Keywords=9232379236109516800 Level=0 Opcode=0 ProcessID=512 ProcessId=3532 ProcessName=C:\\Windows\\System32\\VSSVC.exe ProviderGuid=54849625-5478-4994-A5BA-3E3B0328C30D ProviderName=Microsoft-Windows-Security-Auditing SubjectDomainName=WORKGROUP SubjectLogonId=999 SubjectUserName=IACIS-HDD-2014$ SubjectUserSid=S-1-5-18 Task=13568 ThreadID=1344 TimeCreated=2014-02-11T17:12:01.269720077Z Version=0
Feb 11 2014 17:12:01.269 IACIS-HDD-2014 CEF:1|Fox Forensics|Fox|0.0.0|100|An attempt was made to register a security event source|10|AuditSourceName=VSSAudit Channel=Security Computer=IACIS-HDD-2014 EventID=4904 EventRecordID=2796 EventSourceId=3892775 Keywords=9232379236109516800 Level=0 Opcode=0 ProcessID=512 ProcessId=3532 ProcessName=C:\\Windows\\System32\\VSSVC.exe ProviderGuid=54849625-5478-4994-A5BA-3E3B0328C30D ProviderName=Microsoft-Windows-Security-Auditing SubjectDomainName=WORKGROUP SubjectLogonId=999 SubjectUserName=IACIS-HDD-2014$ SubjectUserSid=S-1-5-18 Task=13568 ThreadID=1344 TimeCreated=2014-02-11T17:12:01.269720077Z Version=0
Feb 11 2014 17:37:12.405 IACIS-HDD-2014 CEF:1|Fox Forensics|Fox|0.0.0|100|An account was successfully logged on|10|AuthenticationPackageName=Negotiate Channel=Security Computer=IACIS-HDD-2014 EventID=4624 EventRecordID=2799 IpAddress=- IpPort=- KeyLength=0 Keywords=9232379236109516800 Level=0 LmPackageName=- LogonGuid=00000000-0000-0000-0000-000000000000 LogonProcessName=Advapi   LogonType=4 Opcode=0 ProcessID=512 ProcessId=964 ProcessName=C:\\Windows\\System32\\svchost.exe ProviderGuid=54849625-5478-4994-A5BA-3E3B0328C30D ProviderName=Microsoft-Windows-Security-Auditing SubjectDomainName=WORKGROUP SubjectLogonId=999 SubjectUserName=IACIS-HDD-2014$ SubjectUserSid=S-1-5-18 TargetDomainName=IACIS-HDD-2014 TargetLogonId=4379288 TargetUserName=BillyBob TargetUserSid=S-1-5-21-1171287513-3642516788-2358256967-1001 Task=12544 ThreadID=564 TimeCreated=2014-02-11T17:37:12.405174493Z TransmittedServices=- Version=0 WorkstationName=IACIS-HDD-2014
Feb 11 2014 17:37:12.405 IACIS-HDD-2014 CEF:1|Fox Forensics|Fox|0.0.0|100|Special privileges assigned to new logon|10|Channel=Security Computer=IACIS-HDD-2014 EventID=4672 EventRecordID=2800 Keywords=9232379236109516800 Level=0 Opcode=0 PrivilegeList=SeSecurityPrivilege     SeTakeOwnershipPrivilege     SeLoadDriverPrivilege     SeBackupPrivilege     SeRestorePrivilege     SeDebugPrivilege     SeSystemEnvironmentPrivilege     SeImpersonatePrivilege ProcessID=512 ProviderGuid=54849625-5478-4994-A5BA-3E3B0328C30D ProviderName=Microsoft-Windows-Security-Auditing SubjectDomainName=IACIS-HDD-2014 SubjectLogonId=4379288 SubjectUserName=BillyBob SubjectUserSid=S-1-5-21-1171287513-3642516788-2358256967-1001 Task=12548 ThreadID=564 TimeCreated=2014-02-11T17:37:12.405174493Z Version=0
Feb 11 2014 17:37:12.405 IACIS-HDD-2014 CEF:1|Fox Forensics|Fox|0.0.0|100|A logon was attempted using explicit credentials|10|Channel=Security Computer=IACIS-HDD-2014 EventID=4648 EventRecordID=2798 IpAddress=- IpPort=- Keywords=9232379236109516800 Level=0 LogonGuid=00000000-0000-0000-0000-000000000000 Opcode=0 ProcessID=512 ProcessId=964 ProcessName=C:\\Windows\\System32\\svchost.exe ProviderGuid=54849625-5478-4994-A5BA-3E3B0328C30D ProviderName=Microsoft-Windows-Security-Auditing SubjectDomainName=WORKGROUP SubjectLogonId=999 SubjectUserName=IACIS-HDD-2014$ SubjectUserSid=S-1-5-18 TargetDomainName=IACIS-HDD-2014 TargetInfo=localhost TargetLogonGuid=00000000-0000-0000-0000-000000000000 TargetServerName=localhost TargetUserName=BillyBob Task=12544 ThreadID=564 TimeCreated=2014-02-11T17:37:12.405174493Z Version=0
Feb 11 2014 17:41:20.533 IACIS-HDD-2014 CEF:1|Fox Forensics|Fox|0.0.0|100|An account was successfully logged on|10|AuthenticationPackageName=- Channel=Security Computer=IACIS-HDD-2014 EventID=4624 EventRecordID=2805 IpAddress=- IpPort=- KeyLength=0 Keywords=9232379236109516800 Level=0 LmPackageName=- LogonGuid=00000000-0000-0000-0000-000000000000 LogonProcessName=- LogonType=0 Opcode=0 ProcessID=512 ProcessId=4 ProviderGuid=54849625-5478-4994-A5BA-3E3B0328C30D ProviderName=Microsoft-Windows-Security-Auditing SubjectDomainName=- SubjectLogonId=0 SubjectUserName=- SubjectUserSid=S-1-0-0 TargetDomainName=NT AUTHORITY TargetLogonId=999 TargetUserName=SYSTEM TargetUserSid=S-1-5-18 Task=12544 ThreadID=516 TimeCreated=2014-02-11T17:41:20.53363204Z TransmittedServices=- Version=0 WorkstationName=-
Feb 11 2014 17:41:24.901 IACIS-HDD-2014 CEF:1|Fox Forensics|Fox|0.0.0|100|The Per-user audit policy table was created|10|Channel=Security Computer=IACIS-HDD-2014 EventID=4902 EventRecordID=2806 Keywords=9232379236109516800 Level=0 Opcode=0 ProcessID=512 ProviderGuid=54849625-5478-4994-A5BA-3E3B0328C30D ProviderName=Microsoft-Windows-Security-Auditing PuaCount=0 PuaPolicyId=36537 Task=13568 ThreadID=572 TimeCreated=2014-02-11T17:41:24.901639938Z Version=0
Feb 11 2014 17:41:33.122 IACIS-HDD-2014 CEF:1|Fox Forensics|Fox|0.0.0|100|An account was successfully logged on|10|AuthenticationPackageName=Negotiate Channel=Security Computer=IACIS-HDD-2014 EventID=4624 EventRecordID=2807 IpAddress=- IpPort=- KeyLength=0 Keywords=9232379236109516800 Level=0 LmPackageName=- LogonGuid=00000000-0000-0000-0000-000000000000 LogonProcessName=Advapi   LogonType=5 Opcode=0 ProcessID=512 ProcessId=488 ProcessName=C:\\Windows\\System32\\services.exe ProviderGuid=54849625-5478-4994-A5BA-3E3B0328C30D ProviderName=Microsoft-Windows-Security-Auditing SubjectDomainName=WORKGROUP SubjectLogonId=999 SubjectUserName=IACIS-HDD-2014$ SubjectUserSid=S-1-5-18 TargetDomainName=NT AUTHORITY TargetLogonId=999 TargetUserName=SYSTEM TargetUserSid=S-1-5-18 Task=12544 ThreadID=588 TimeCreated=2014-02-11T17:41:33.122854471Z TransmittedServices=- Version=0
Feb 11 2014 17:41:33.122 IACIS-HDD-2014 CEF:1|Fox Forensics|Fox|0.0.0|100|Special privileges assigned to new logon|10|Channel=Security Computer=IACIS-HDD-2014 EventID=4672 EventRecordID=2808 Keywords=9232379236109516800 Level=0 Opcode=0 PrivilegeList=SeAssignPrimaryTokenPrivilege     SeTcbPrivilege     SeSecurityPrivilege     SeTakeOwnershipPrivilege     SeLoadDriverPrivilege     SeBackupPrivilege     SeRestorePrivilege     SeDebugPrivilege     SeAuditPrivilege     SeSystemEnvironmentPrivilege     SeImpersonatePrivilege ProcessID=512 ProviderGuid=54849625-5478-4994-A5BA-3E3B0328C30D ProviderName=Microsoft-Windows-Security-Auditing SubjectDomainName=NT AUTHORITY SubjectLogonId=999 SubjectUserName=SYSTEM SubjectUserSid=S-1-5-18 Task=12548 ThreadID=588 TimeCreated=2014-02-11T17:41:33.122854471Z Version=0
Feb 11 2014 17:41:33.278 IACIS-HDD-2014 CEF:1|Fox Forensics|Fox|0.0.0|100|An account was successfully logged on|10|AuthenticationPackageName=Negotiate Channel=Security Computer=IACIS-HDD-2014 EventID=4624 EventRecordID=2809 IpAddress=- IpPort=- KeyLength=0 Keywords=9232379236109516800 Level=0 LmPackageName=- LogonGuid=00000000-0000-0000-0000-000000000000 LogonProcessName=Advapi   LogonType=5 Opcode=0 ProcessID=512 ProcessId=488 ProcessName=C:\\Windows\\System32\\services.exe ProviderGuid=54849625-5478-4994-A5BA-3E3B0328C30D ProviderName=Microsoft-Windows-Security-Auditing SubjectDomainName=WORKGROUP SubjectLogonId=999 SubjectUserName=IACIS-HDD-2014$ SubjectUserSid=S-1-5-18 TargetDomainName=NT AUTHORITY TargetLogonId=996 TargetUserName=NETWORK SERVICE TargetUserSid=S-1-5-20 Task=12544 ThreadID=588 TimeCreated=2014-02-11T17:41:33.27885437Z TransmittedServices=- Version=0
Feb 11 2014 17:41:33.278 IACIS-HDD-2014 CEF:1|Fox Forensics|Fox|0.0.0|100|Special privileges assigned to new logon|10|Channel=Security Computer=IACIS-HDD-2014 EventID=4672 EventRecordID=2810 Keywords=9232379236109516800 Level=0 Opcode=0 PrivilegeList=SeAssignPrimaryTokenPrivilege     SeAuditPrivilege     SeImpersonatePrivilege ProcessID=512 ProviderGuid=54849625-5478-4994-A5BA-3E3B0328C30D ProviderName=Microsoft-Windows-Security-Auditing SubjectDomainName=NT AUTHORITY SubjectLogonId=996 SubjectUserName=NETWORK SERVICE SubjectUserSid=S-1-5-20 Task=12548 ThreadID=588 TimeCreated=2014-02-11T17:41:33.27885437Z Version=0
Feb 11 2014 17:41:33.325 IACIS-HDD-2014 CEF:1|Fox Forensics|Fox|0.0.0|100|Special privileges assigned to new logon|10|Channel=Security Computer=IACIS-HDD-2014 EventID=4672 EventRecordID=2812 Keywords=9232379236109516800 Level=0 Opcode=0 PrivilegeList=SeAssignPrimaryTokenPrivilege     SeTcbPrivilege     SeSecurityPrivilege     SeTakeOwnershipPrivilege     SeLoadDriverPrivilege     SeBackupPrivilege     SeRestorePrivilege     SeDebugPrivilege     SeAuditPrivilege     SeSystemEnvironmentPrivilege     SeImpersonatePrivilege ProcessID=512 ProviderGuid=54849625-5478-4994-A5BA-3E3B0328C30D ProviderName=Microsoft-Windows-Security-Auditing SubjectDomainName=NT AUTHORITY SubjectLogonId=999 SubjectUserName=SYSTEM SubjectUserSid=S-1-5-18 Task=12548 ThreadID=588 TimeCreated=2014-02-11T17:41:33.325654506Z Version=0
Feb 11 2014 17:41:33.325 IACIS-HDD-2014 CEF:1|Fox Forensics|Fox|0.0.0|100|An account was successfully logged on|10|AuthenticationPackageName=Negotiate Channel=Security Computer=IACIS-HDD-2014 EventID=4624 EventRecordID=2811 IpAddress=- IpPort=- KeyLength=0 Keywords=9232379236109516800 Level=0 LmPackageName=- LogonGuid=00000000-0000-0000-0000-000000000000 LogonProcessName=Advapi   LogonType=5 Opcode=0 ProcessID=512 ProcessId=488 ProcessName=C:\\Windows\\System32\\services.exe ProviderGuid=54849625-5478-4994-A5BA-3E3B0328C30D ProviderName=Microsoft-Windows-Security-Auditing SubjectDomainName=WORKGROUP SubjectLogonId=999 SubjectUserName=IACIS-HDD-2014$ SubjectUserSid=S-1-5-18 TargetDomainName=NT AUTHORITY TargetLogonId=999 TargetUserName=SYSTEM TargetUserSid=S-1-5-18 Task=12544 ThreadID=588 TimeCreated=2014-02-11T17:41:33.325654506Z TransmittedServices=- Version=0
Feb 11 2014 17:41:36.710 IACIS-HDD-2014 CEF:1|Fox Forensics|Fox|0.0.0|100|Special privileges assigned to new logon|10|Channel=Security Computer=IACIS-HDD-2014 EventID=4672 EventRecordID=2814 Keywords=9232379236109516800 Level=0 Opcode=0 PrivilegeList=SeAssignPrimaryTokenPrivilege     SeAuditPrivilege     SeImpersonatePrivilege ProcessID=512 ProviderGuid=54849625-5478-4994-A5BA-3E3B0328C30D ProviderName=Microsoft-Windows-Security-Auditing SubjectDomainName=NT AUTHORITY SubjectLogonId=997 SubjectUserName=LOCAL SERVICE SubjectUserSid=S-1-5-19 Task=12548 ThreadID=588 TimeCreated=2014-02-11T17:41:36.710860729Z Version=0
Feb 11 2014 17:41:36.710 IACIS-HDD-2014 CEF:1|Fox Forensics|Fox|0.0.0|100|An account was successfully logged on|10|AuthenticationPackageName=Negotiate Channel=Security Computer=IACIS-HDD-2014 EventID=4624 EventRecordID=2813 IpAddress=- IpPort=- KeyLength=0 Keywords=9232379236109516800 Level=0 LmPackageName=- LogonGuid=00000000-0000-0000-0000-000000000000 LogonProcessName=Advapi   LogonType=5 Opcode=0 ProcessID=512 ProcessId=488 ProcessName=C:\\Windows\\System32\\services.exe ProviderGuid=54849625-5478-4994-A5BA-3E3B0328C30D ProviderName=Microsoft-Windows-Security-Auditing SubjectDomainName=WORKGROUP SubjectLogonId=999 SubjectUserName=IACIS-HDD-2014$ SubjectUserSid=S-1-5-18 TargetDomainName=NT AUTHORITY TargetLogonId=997 TargetUserName=LOCAL SERVICE TargetUserSid=S-1-5-19 Task=12544 ThreadID=588 TimeCreated=2014-02-11T17:41:36.710860729Z TransmittedServices=- Version=0
Feb 11 2014 17:41:36.757 IACIS-HDD-2014 CEF:1|Fox Forensics|Fox|0.0.0|100|An account was successfully logged on|10|AuthenticationPackageName=Negotiate Channel=Security Computer=IACIS-HDD-2014 EventID=4624 EventRecordID=2815 IpAddress=- IpPort=- KeyLength=0 Keywords=9232379236109516800 Level=0 LmPackageName=- LogonGuid=00000000-0000-0000-0000-000000000000 LogonProcessName=Advapi   LogonType=5 Opcode=0 ProcessID=512 ProcessId=488 ProcessName=C:\\Windows\\System32\\services.exe ProviderGuid=54849625-5478-4994-A5BA-3E3B0328C30D ProviderName=Microsoft-Windows-Security-Auditing SubjectDomainName=WORKGROUP SubjectLogonId=999 SubjectUserName=IACIS-HDD-2014$ SubjectUserSid=S-1-5-18 TargetDomainName=NT AUTHORITY TargetLogonId=999 TargetUserName=SYSTEM TargetUserSid=S-1-5-18 Task=12544 ThreadID=588 TimeCreated=2014-02-11T17:41:36.757660865Z TransmittedServices=- Version=0
Feb 11 2014 17:41:36.757 IACIS-HDD-2014 CEF:1|Fox Forensics|Fox|0.0.0|100|Special privileges assigned to new logon|10|Channel=Security Computer=IACIS-HDD-2014 EventID=4672 EventRecordID=2816 Keywords=9232379236109516800 Level=0 Opcode=0 PrivilegeList=SeAssignPrimaryTokenPrivilege     SeTcbPrivilege     SeSecurityPrivilege     SeTakeOwnershipPrivilege     SeLoadDriverPrivilege     SeBackupPrivilege     SeRestorePrivilege     SeDebugPrivilege     SeAuditPrivilege     SeSystemEnvironmentPrivilege     SeImpersonatePrivilege ProcessID=512 ProviderGuid=54849625-5478-4994-A5BA-3E3B0328C30D ProviderName=Microsoft-Windows-Security-Auditing SubjectDomainName=NT AUTHORITY SubjectLogonId=999 SubjectUserName=SYSTEM SubjectUserSid=S-1-5-18 Task=12548 ThreadID=588 TimeCreated=2014-02-11T17:41:36.757660865Z Version=0
Feb 11 2014 17:41:36.804 IACIS-HDD-2014 CEF:1|Fox Forensics|Fox|0.0.0|100|An account was successfully logged on|10|AuthenticationPackageName=Negotiate Channel=Security Computer=IACIS-HDD-2014 EventID=4624 EventRecordID=2817 IpAddress=- IpPort=- KeyLength=0 Keywords=9232379236109516800 Level=0 LmPackageName=- LogonGuid=00000000-0000-0000-0000-000000000000 LogonProcessName=Advapi   LogonType=5 Opcode=0 ProcessID=512 ProcessId=488 ProcessName=C:\\Windows\\System32\\services.exe ProviderGuid=54849625-5478-4994-A5BA-3E3B0328C30D ProviderName=Microsoft-Windows-Security-Auditing SubjectDomainName=WORKGROUP SubjectLogonId=999 SubjectUserName=IACIS-HDD-2014$ SubjectUserSid=S-1-5-18 TargetDomainName=NT AUTHORITY TargetLogonId=999 TargetUserName=SYSTEM TargetUserSid=S-1-5-18 Task=12544 ThreadID=588 TimeCreated=2014-02-11T17:41:36.804460763Z TransmittedServices=- Version=0
Feb 11 2014 17:41:36.804 IACIS-HDD-2014 CEF:1|Fox Forensics|Fox|0.0.0|100|Special privileges assigned to new logon|10|Channel=Security Computer=IACIS-HDD-2014 EventID=4672 EventRecordID=2818 Keywords=9232379236109516800 Level=0 Opcode=0 PrivilegeList=SeAssignPrimaryTokenPrivilege     SeTcbPrivilege     SeSecurityPrivilege     SeTakeOwnershipPrivilege     SeLoadDriverPrivilege     SeBackupPrivilege     SeRestorePrivilege     SeDebugPrivilege     SeAuditPrivilege     SeSystemEnvironmentPrivilege     SeImpersonatePrivilege ProcessID=512 ProviderGuid=54849625-5478-4994-A5BA-3E3B0328C30D ProviderName=Microsoft-Windows-Security-Auditing SubjectDomainName=NT AUTHORITY SubjectLogonId=999 SubjectUserName=SYSTEM SubjectUserSid=S-1-5-18 Task=12548 ThreadID=588 TimeCreated=2014-02-11T17:41:36.804460763Z Version=0
Feb 11 2014 17:41:38.215 IACIS-HDD-2014 CEF:1|Fox Forensics|Fox|0.0.0|100|Special privileges assigned to new logon|10|Channel=Security Computer=IACIS-HDD-2014 EventID=4672 EventRecordID=2821 Keywords=9232379236109516800 Level=0 Opcode=0 PrivilegeList=SeAssignPrimaryTokenPrivilege     SeTcbPrivilege     SeSecurityPrivilege     SeTakeOwnershipPrivilege     SeLoadDriverPrivilege     SeBackupPrivilege     SeRestorePrivilege     SeDebugPrivilege     SeAuditPrivilege     SeSystemEnvironmentPrivilege     SeImpersonatePrivilege ProcessID=512 ProviderGuid=54849625-5478-4994-A5BA-3E3B0328C30D ProviderName=Microsoft-Windows-Security-Auditing SubjectDomainName=NT AUTHORITY SubjectLogonId=999 SubjectUserName=SYSTEM SubjectUserSid=S-1-5-18 Task=12548 ThreadID=552 TimeCreated=2014-02-11T17:41:38.215065717Z Version=0
Feb 11 2014 17:41:38.215 IACIS-HDD-2014 CEF:1|Fox Forensics|Fox|0.0.0|100|An account was successfully logged on|10|AuthenticationPackageName=Negotiate Channel=Security Computer=IACIS-HDD-2014 EventID=4624 EventRecordID=2820 IpAddress=- IpPort=- KeyLength=0 Keywords=9232379236109516800 Level=0 LmPackageName=- LogonGuid=00000000-0000-0000-0000-000000000000 LogonProcessName=Advapi   LogonType=5 Opcode=0 ProcessID=512 ProcessId=488 ProcessName=C:\\Windows\\System32\\services.exe ProviderGuid=54849625-5478-4994-A5BA-3E3B0328C30D ProviderName=Microsoft-Windows-Security-Auditing SubjectDomainName=WORKGROUP SubjectLogonId=999 SubjectUserName=IACIS-HDD-2014$ SubjectUserSid=S-1-5-18 TargetDomainName=NT AUTHORITY TargetLogonId=999 TargetUserName=SYSTEM TargetUserSid=S-1-5-18 Task=12544 ThreadID=552 TimeCreated=2014-02-11T17:41:38.215065717Z TransmittedServices=- Version=0
Feb 11 2014 17:41:41.613 IACIS-HDD-2014 CEF:1|Fox Forensics|Fox|0.0.0|100|An account was successfully logged on|10|AuthenticationPackageName=NTLM Channel=Security Computer=IACIS-HDD-2014 EventID=4624 EventRecordID=2824 IpAddress=- IpPort=- KeyLength=0 Keywords=9232379236109516800 Level=0 LmPackageName=NTLM V1 LogonGuid=00000000-0000-0000-0000-000000000000 LogonProcessName=NtLmSsp  LogonType=3 Opcode=0 ProcessID=512 ProcessId=0 ProcessName=- ProviderGuid=54849625-5478-4994-A5BA-3E3B0328C30D ProviderName=Microsoft-Windows-Security-Auditing SubjectDomainName=- SubjectLogonId=0 SubjectUserName=- SubjectUserSid=S-1-0-0 TargetDomainName=NT AUTHORITY TargetLogonId=119233 TargetUserName=ANONYMOUS LOGON TargetUserSid=S-1-5-7 Task=12544 ThreadID=552 TimeCreated=2014-02-11T17:41:41.613076686Z TransmittedServices=- Version=0
Feb 11 2014 17:41:56.089 IACIS-HDD-2014 CEF:1|Fox Forensics|Fox|0.0.0|100|An account was successfully logged on|10|AuthenticationPackageName=Negotiate Channel=Security Computer=IACIS-HDD-2014 EventID=4624 EventRecordID=2827 IpAddress=127.0.0.1 IpPort=0 KeyLength=0 Keywords=9232379236109516800 Level=0 LmPackageName=- LogonGuid=00000000-0000-0000-0000-000000000000 LogonProcessName=User32  LogonType=2 Opcode=0 ProcessID=512 ProcessId=456 ProcessName=C:\\Windows\\System32\\winlogon.exe ProviderGuid=54849625-5478-4994-A5BA-3E3B0328C30D ProviderName=Microsoft-Windows-Security-Auditing SubjectDomainName=WORKGROUP SubjectLogonId=999 SubjectUserName=IACIS-HDD-2014$ SubjectUserSid=S-1-5-18 TargetDomainName=IACIS-HDD-2014 TargetLogonId=157434 TargetUserName=Jimmy Wilson TargetUserSid=S-1-5-21-1171287513-3642516788-2358256967-1004 Task=12544 ThreadID=568 TimeCreated=2014-02-11T17:41:56.089107275Z TransmittedServices=- Version=0 WorkstationName=IACIS-HDD-2014
Feb 11 2014 17:41:56.089 IACIS-HDD-2014 CEF:1|Fox Forensics|Fox|0.0.0|100|Special privileges assigned to new logon|10|Channel=Security Computer=IACIS-HDD-2014 EventID=4672 EventRecordID=2828 Keywords=9232379236109516800 Level=0 Opcode=0 PrivilegeList=SeSecurityPrivilege     SeTakeOwnershipPrivilege     SeLoadDriverPrivilege     SeBackupPrivilege     SeRestorePrivilege     SeDebugPrivilege     SeSystemEnvironmentPrivilege     SeImpersonatePrivilege ProcessID=512 ProviderGuid=54849625-5478-4994-A5BA-3E3B0328C30D ProviderName=Microsoft-Windows-Security-Auditing SubjectDomainName=IACIS-HDD-2014 SubjectLogonId=157388 SubjectUserName=Jimmy Wilson SubjectUserSid=S-1-5-21-1171287513-3642516788-2358256967-1004 Task=12548 ThreadID=568 TimeCreated=2014-02-11T17:41:56.089107275Z Version=0
Feb 11 2014 17:41:56.089 IACIS-HDD-2014 CEF:1|Fox Forensics|Fox|0.0.0|100|An account was successfully logged on|10|AuthenticationPackageName=Negotiate Channel=Security Computer=IACIS-HDD-2014 EventID=4624 EventRecordID=2826 IpAddress=127.0.0.1 IpPort=0 KeyLength=0 Keywords=9232379236109516800 Level=0 LmPackageName=- LogonGuid=00000000-0000-0000-0000-000000000000 LogonProcessName=User32  LogonType=2 Opcode=0 ProcessID=512 ProcessId=456 ProcessName=C:\\Windows\\System32\\winlogon.exe ProviderGuid=54849625-5478-4994-A5BA-3E3B0328C30D ProviderName=Microsoft-Windows-Security-Auditing SubjectDomainName=WORKGROUP SubjectLogonId=999 SubjectUserName=IACIS-HDD-2014$ SubjectUserSid=S-1-5-18 TargetDomainName=IACIS-HDD-2014 TargetLogonId=157388 TargetUserName=Jimmy Wilson TargetUserSid=S-1-5-21-1171287513-3642516788-2358256967-1004 Task=12544 ThreadID=568 TimeCreated=2014-02-11T17:41:56.089107275Z TransmittedServices=- Version=0 WorkstationName=IACIS-HDD-2014
Feb 11 2014 17:41:56.089 IACIS-HDD-2014 CEF:1|Fox Forensics|Fox|0.0.0|100|A logon was attempted using explicit credentials|10|Channel=Security Computer=IACIS-HDD-2014 EventID=4648 EventRecordID=2825 IpAddress=127.0.0.1 IpPort=0 Keywords=9232379236109516800 Level=0 LogonGuid=00000000-0000-0000-0000-000000000000 Opcode=0 ProcessID=512 ProcessId=456 ProcessName=C:\\Windows\\System32\\winlogon.exe ProviderGuid=54849625-5478-4994-A5BA-3E3B0328C30D ProviderName=Microsoft-Windows-Security-Auditing SubjectDomainName=WORKGROUP SubjectLogonId=999 SubjectUserName=IACIS-HDD-2014$ SubjectUserSid=S-1-5-18 TargetDomainName=IACIS-HDD-2014 TargetInfo=localhost TargetLogonGuid=00000000-0000-0000-0000-000000000000 TargetServerName=localhost TargetUserName=Jimmy Wilson Task=12544 ThreadID=568 TimeCreated=2014-02-11T17:41:56.089107275Z Version=0
Feb 11 2014 17:42:00.862 IACIS-HDD-2014 CEF:1|Fox Forensics|Fox|0.0.0|100|An account was successfully logged on|10|AuthenticationPackageName=Negotiate Channel=Security Computer=IACIS-HDD-2014 EventID=4624 EventRecordID=2829 IpAddress=- IpPort=- KeyLength=0 Keywords=9232379236109516800 Level=0 LmPackageName=- LogonGuid=00000000-0000-0000-0000-000000000000 LogonProcessName=Advapi   LogonType=5 Opcode=0 ProcessID=512 ProcessId=488 ProcessName=C:\\Windows\\System32\\services.exe ProviderGuid=54849625-5478-4994-A5BA-3E3B0328C30D ProviderName=Microsoft-Windows-Security-Auditing SubjectDomainName=WORKGROUP SubjectLogonId=999 SubjectUserName=IACIS-HDD-2014$ SubjectUserSid=S-1-5-18 TargetDomainName=NT AUTHORITY TargetLogonId=999 TargetUserName=SYSTEM TargetUserSid=S-1-5-18 Task=12544 ThreadID=584 TimeCreated=2014-02-11T17:42:00.862715244Z TransmittedServices=- Version=0
Feb 11 2014 17:42:00.862 IACIS-HDD-2014 CEF:1|Fox Forensics|Fox|0.0.0|100|Special privileges assigned to new logon|10|Channel=Security Computer=IACIS-HDD-2014 EventID=4672 EventRecordID=2830 Keywords=9232379236109516800 Level=0 Opcode=0 PrivilegeList=SeAssignPrimaryTokenPrivilege     SeTcbPrivilege     SeSecurityPrivilege     SeTakeOwnershipPrivilege     SeLoadDriverPrivilege     SeBackupPrivilege     SeRestorePrivilege     SeDebugPrivilege     SeAuditPrivilege     SeSystemEnvironmentPrivilege     SeImpersonatePrivilege ProcessID=512 ProviderGuid=54849625-5478-4994-A5BA-3E3B0328C30D ProviderName=Microsoft-Windows-Security-Auditing SubjectDomainName=NT AUTHORITY SubjectLogonId=999 SubjectUserName=SYSTEM SubjectUserSid=S-1-5-18 Task=12548 ThreadID=584 TimeCreated=2014-02-11T17:42:00.862715244Z Version=0
Feb 11 2014 17:45:26.221 IACIS-HDD-2014 CEF:1|Fox Forensics|Fox|0.0.0|100|A logon was attempted using explicit credentials|10|Channel=Security Computer=IACIS-HDD-2014 EventID=4648 EventRecordID=2837 IpAddress=- IpPort=- Keywords=9232379236109516800 Level=0 LogonGuid=00000000-0000-0000-0000-000000000000 Opcode=0 ProcessID=512 ProcessId=1000 ProcessName=C:\\Windows\\System32\\svchost.exe ProviderGuid=54849625-5478-4994-A5BA-3E3B0328C30D ProviderName=Microsoft-Windows-Security-Auditing SubjectDomainName=WORKGROUP SubjectLogonId=999 SubjectUserName=IACIS-HDD-2014$ SubjectUserSid=S-1-5-18 TargetDomainName=IACIS-HDD-2014 TargetInfo=localhost TargetLogonGuid=00000000-0000-0000-0000-000000000000 TargetServerName=localhost TargetUserName=BillyBob Task=12544 ThreadID=584 TimeCreated=2014-02-11T17:45:26.22127676Z Version=0
Feb 11 2014 17:45:26.221 IACIS-HDD-2014 CEF:1|Fox Forensics|Fox|0.0.0|100|Special privileges assigned to new logon|10|Channel=Security Computer=IACIS-HDD-2014 EventID=4672 EventRecordID=2839 Keywords=9232379236109516800 Level=0 Opcode=0 PrivilegeList=SeSecurityPrivilege     SeTakeOwnershipPrivilege     SeLoadDriverPrivilege     SeBackupPrivilege     SeRestorePrivilege     SeDebugPrivilege     SeSystemEnvironmentPrivilege     SeImpersonatePrivilege ProcessID=512 ProviderGuid=54849625-5478-4994-A5BA-3E3B0328C30D ProviderName=Microsoft-Windows-Security-Auditing SubjectDomainName=IACIS-HDD-2014 SubjectLogonId=353082 SubjectUserName=BillyBob SubjectUserSid=S-1-5-21-1171287513-3642516788-2358256967-1001 Task=12548 ThreadID=584 TimeCreated=2014-02-11T17:45:26.22127676Z Version=0
Feb 11 2014 17:45:26.221 IACIS-HDD-2014 CEF:1|Fox Forensics|Fox|0.0.0|100|An account was successfully logged on|10|AuthenticationPackageName=Negotiate Channel=Security Computer=IACIS-HDD-2014 EventID=4624 EventRecordID=2838 IpAddress=- IpPort=- KeyLength=0 Keywords=9232379236109516800 Level=0 LmPackageName=- LogonGuid=00000000-0000-0000-0000-000000000000 LogonProcessName=Advapi   LogonType=4 Opcode=0 ProcessID=512 ProcessId=1000 ProcessName=C:\\Windows\\System32\\svchost.exe ProviderGuid=54849625-5478-4994-A5BA-3E3B0328C30D ProviderName=Microsoft-Windows-Security-Auditing SubjectDomainName=WORKGROUP SubjectLogonId=999 SubjectUserName=IACIS-HDD-2014$ SubjectUserSid=S-1-5-18 TargetDomainName=IACIS-HDD-2014 TargetLogonId=353082 TargetUserName=BillyBob TargetUserSid=S-1-5-21-1171287513-3642516788-2358256967-1001 Task=12544 ThreadID=584 TimeCreated=2014-02-11T17:45:26.22127676Z TransmittedServices=- Version=0 WorkstationName=IACIS-HDD-2014
Feb 11 2014 17:45:26.626 IACIS-HDD-2014 CEF:1|Fox Forensics|Fox|0.0.0|100|An account was successfully logged on|10|AuthenticationPackageName=Negotiate Channel=Security Computer=IACIS-HDD-2014 EventID=4624 EventRecordID=2843 IpAddress=- IpPort=- KeyLength=0 Keywords=9232379236109516800 Level=0 LmPackageName=- LogonGuid=00000000-0000-0000-0000-000000000000 LogonProcessName=Advapi   LogonType=2 Opcode=0 ProcessID=512 ProcessId=512 ProcessName=C:\\Windows\\System32\\lsass.exe ProviderGuid=54849625-5478-4994-A5BA-3E3B0328C30D ProviderName=Microsoft-Windows-Security-Auditing SubjectDomainName=WORKGROUP SubjectLogonId=999 SubjectUserName=IACIS-HDD-2014$ SubjectUserSid=S-1-5-18 TargetDomainName=IACIS-HDD-2014 TargetLogonId=353409 TargetUserName=BillyBob TargetUserSid=S-1-5-21-1171287513-3642516788-2358256967-1001 Task=12544 ThreadID=568 TimeCreated=2014-02-11T17:45:26.626876831Z TransmittedServices=- Version=0 WorkstationName=IACIS-HDD-2014
Feb 11 2014 17:45:26.626 IACIS-HDD-2014 CEF:1|Fox Forensics|Fox|0.0.0|100|An account was successfully logged on|10|AuthenticationPackageName=Negotiate Channel=Security Computer=IACIS-HDD-2014 EventID=4624 EventRecordID=2842 IpAddress=- IpPort=- KeyLength=0 Keywords=9232379236109516800 Level=0 LmPackageName=- LogonGuid=00000000-0000-0000-0000-000000000000 LogonProcessName=Advapi   LogonType=2 Opcode=0 ProcessID=512 ProcessId=512 ProcessName=C:\\Windows\\System32\\lsass.exe ProviderGuid=54849625-5478-4994-A5BA-3E3B0328C30D ProviderName=Microsoft-Windows-Security-Auditing SubjectDomainName=WORKGROUP SubjectLogonId=999 SubjectUserName=IACIS-HDD-2014$ SubjectUserSid=S-1-5-18 TargetDomainName=IACIS-HDD-2014 TargetLogonId=353397 TargetUserName=BillyBob TargetUserSid=S-1-5-21-1171287513-3642516788-2358256967-1001 Task=12544 ThreadID=568 TimeCreated=2014-02-11T17:45:26.626876831Z TransmittedServices=- Version=0 WorkstationName=IACIS-HDD-2014
