{"time":"2018-01-03T11:21:33Z","host":"IE11WIN8_1","message":"The WinRM service has been configured to accept basic authentication for unsecure HTTP connections","severity":3,"sequence":"819","source":"eventlog","category":"System","service":"Microsoft-Windows-WinRM","fields":{"Channel":"System","Computer":"IE11WIN8_1","EventIDQualifiers":"7","EventIDValue":"10121","EventRecordID":"819","Keywords":"36028797018963968","Level":"4","Opcode":"0","ProcessID":"0","ProviderEventSourceName":"WinRM","ProviderGuid":"{A7975C8F-AC13-49F1-87DA-5A984A4AB417}","ProviderName":"Microsoft-Windows-WinRM","Task":"0","ThreadID":"0","TimeCreated":"2018-01-03T11:21:33Z","Version":"0"}}
{"time":"2018-01-03T11:22:19.1244983Z","host":"IE11WIN8_1","user":"S-1-5-18","message":"A service was installed in the system","severity":3,"sequence":"820","source":"eventlog","category":"System","service":"Service Control Manager","fields":{"AccountName":"IE11WIN8_1\\LocalSystem","Channel":"System","Computer":"IE11WIN8_1","EventIDQualifiers":"16384","EventIDValue":"7045","EventRecordID":"820","ImagePath":"\"C:\\Program Files\\Puppet Labs\\Puppet\\sys\\ruby\\bin\\ruby.exe\" -rubygems \"C:\\Program Files\\Puppet Labs\\Puppet\\service\\daemon.rb\"","Keywords":"9259400833873739776","Level":"4","Opcode":"0","ProcessID":"524","ProviderEventSourceName":"Service Control Manager","ProviderGuid":"{555908d1-a6d7-4695-8e1e-26931d2012f4}","ProviderName":"Service Control Manager","ServiceName":"Puppet Agent","ServiceType":"user mode service","StartType":"auto start","Task":"0","ThreadID":"584","TimeCreated":"2018-01-03T11:22:19.124497652Z","UserID":"S-1-5-18","Version":"0"}}
{"time":"2018-01-03T11:22:26.3901262Z","host":"IE11WIN8_1","user":"S-1-5-21-3040204872-3082932231-1584796067-1001","message":"The process C:\\Windows\\system32\\wbem\\wmiprvse.exe (IE11WIN8_1) has initiated the restart of computer IE11WIN8_1 on behalf of user IE11WIN8_1\\IEUser for the following reason: No title for this reason could be found  Reason Code: 0x80070015  Shutdown Type: restart  Comment: ","severity":3,"sequence":"821","source":"eventlog","category":"System","service":"User32","fields":{"Channel":"System","Computer":"IE11WIN8_1","EventIDQualifiers":"32768","EventIDValue":"1074","EventRecordID":"821","Keywords":"9259400833873739776","Level":"4","Opcode":"0","ProcessID":"380","ProviderEventSourceName":"User32","ProviderGuid":"{b0aa8734-56f7-41cc-b2f4-de228e98b946}","ProviderName":"User32","Task":"0","ThreadID":"416","TimeCreated":"2018-01-03T11:22:26.390126466Z","UserID":"S-1-5-21-3040204872-3082932231-1584796067-1001","Version":"0","param1":"C:\\Windows\\system32\\wbem\\wmiprvse.exe (IE11WIN8_1)","param2":"IE11WIN8_1","param3":"No title for this reason could be found","param4":"0x80070015","param5":"restart","param6":"","param7":"IE11WIN8_1\\IEUser"}}
{"time":"2018-01-03T11:22:27Z","host":"IE11WIN8_1","message":"The WinRM service is not listening for WS-Management requests","severity":6,"sequence":"822","source":"eventlog","category":"System","service":"Microsoft-Windows-WinRM","fields":{"Channel":"System","Computer":"IE11WIN8_1","EventIDQualifiers":"7","EventIDValue":"10149","EventRecordID":"822","Keywords":"36028797018963968","Level":"3","Name":"Stopped Listening","Opcode":"0","ProcessID":"0","ProviderEventSourceName":"WinRM","ProviderGuid":"{A7975C8F-AC13-49F1-87DA-5A984A4AB417}","ProviderName":"Microsoft-Windows-WinRM","Task":"0","ThreadID":"0","TimeCreated":"2018-01-03T11:22:27Z","Version":"0"}}
{"time":"2018-01-03T11:22:27.7182439Z","host":"IE11WIN8_1","user":"S-1-5-18","message":"User Logoff Notification for Customer Experience Improvement Program","severity":3,"sequence":"824","source":"eventlog","category":"System","service":"Microsoft-Windows-Winlogon","fields":{"Channel":"System","Computer":"IE11WIN8_1","CorrelationActivityID":"86432A0B-3C7D-4DDF-A89C-172FAA90485D","EventID":"7002","EventRecordID":"824","Keywords":"2305843009213693952","Level":"4","Opcode":"0","ProcessID":"492","ProviderGuid":"DBE9B383-7CF3-4331-91CC-A3CB16A3B538","ProviderName":"Microsoft-Windows-Winlogon","TSId":"1","Task":"1102","ThreadID":"712","TimeCreated":"2018-01-03T11:22:27.718243122Z","UserID":"S-1-5-18","UserSid":"S-1-5-21-3040204872-3082932231-1584796067-1001","Version":"0"}}
{"time":"2018-01-03T11:22:28Z","host":"IE11WIN8_1","message":"Undescribed event: EventLog: 823","severity":3,"sequence":"823","source":"eventlog","category":"System","service":"EventLog","fields":{"Binary":"[1 0 0 0 0 0 0 0]","Channel":"System","Computer":"IE11WIN8_1","EventIDQualifiers":"32768","EventIDValue":"6006","EventRecordID":"823","Keywords":"36028797018963968","Level":"4","ProviderName":"EventLog","Task":"0","TimeCreated":"2018-01-03T11:22:28Z"}}
{"time":"2018-01-03T11:22:28.0619988Z","host":"IE11WIN8_1","user":"S-1-5-19","message":"DHCPv6 client service is stopped","severity":3,"sequence":"825","source":"eventlog","category":"System","service":"Microsoft-Windows-DHCPv6-Client","fields":{"Channel":"System","Computer":"IE11WIN8_1","DataName":"DwordVal","DataValue":"1","EventID":"51047","EventRecordID":"825","Keywords":"2305843009213693952","Level":"4","Opcode":"63","ProcessID":"740","ProviderGuid":"6A1F2B00-6A90-4C38-95A5-5CAB3B056778","ProviderName":"Microsoft-Windows-DHCPv6-Client","Task":"4","ThreadID":"276","TimeCreated":"2018-01-03T11:22:28.061998367Z","UserID":"S-1-5-19","Version":"0"}}
{"time":"2018-01-03T11:22:28.0619988Z","host":"IE11WIN8_1","user":"S-1-5-19","message":"DHCPv4 client service is stopped","severity":3,"sequence":"829","source":"eventlog","category":"System","service":"Microsoft-Windows-Dhcp-Client","fields":{"Channel":"System","Computer":"IE11WIN8_1","DataName":"DwordVal","DataValue":"1","EventID":"50037","EventRecordID":"829","Keywords":"2305843009213693952","Level":"4","Opcode":"69","ProcessID":"740","ProviderGuid":"15A7A4F8-0072-4EAB-ABAD-F98A4D666AED","ProviderName":"Microsoft-Windows-Dhcp-Client","Task":"4","ThreadID":"992","TimeCreated":"2018-01-03T11:22:28.061998367Z","UserID":"S-1-5-19","Version":"0"}}
{"time":"2018-01-03T11:22:32.9842861Z","host":"IE11WIN8_1","message":"The kernel power manager has initiated a shutdown transition","severity":3,"sequence":"830","source":"eventlog","category":"System","service":"Microsoft-Windows-Kernel-Power","fields":{"Channel":"System","Computer":"IE11WIN8_1","EventID":"109","EventRecordID":"830","Keywords":"9223372036854775812","Level":"4","Opcode":"0","ProcessID":"432","ProviderGuid":"331C3B3A-2005-44C2-AC5E-77220C37D6B4","ProviderName":"Microsoft-Windows-Kernel-Power","ShutdownActionType":"5","ShutdownEventCode":"0","ShutdownReason":"5","Task":"103","ThreadID":"436","TimeCreated":"2018-01-03T11:22:32.984286308Z","Version":"0"}}
{"time":"2018-01-03T11:22:33.6873299Z","host":"IE11WIN8_1","message":"The operating system is shutting down at system time $1","severity":3,"sequence":"831","source":"eventlog","category":"System","service":"Microsoft-Windows-Kernel-General","fields":{"Channel":"System","Computer":"IE11WIN8_1","DataName":"StopTime","DataValue":"2018-01-03T11:22:33.68732953Z","EventID":"13","EventRecordID":"831","Keywords":"9223372036854775808","Level":"4","Opcode":"0","ProcessID":"4","ProviderGuid":"A68CA8B7-004F-D7B6-A698-07E2DE0F1F5D","ProviderName":"Microsoft-Windows-Kernel-General","Task":"0","ThreadID":"272","TimeCreated":"2018-01-03T11:22:33.68732953Z","Version":"0"}}
{"time":"2018-01-03T11:22:40.8281202Z","host":"IE11WIN8_1","user":"S-1-5-18","message":"The boot type was $1","severity":3,"sequence":"834","source":"eventlog","category":"System","service":"Microsoft-Windows-Kernel-Boot","fields":{"Channel":"System","Computer":"IE11WIN8_1","DataName":"BootType","DataValue":"0","EventID":"27","EventRecordID":"834","Keywords":"9223372036854775808","Level":"4","Opcode":"0","ProcessID":"4","ProviderGuid":"15CA44FF-4D7A-4BAA-BBA5-0998955E531E","ProviderName":"Microsoft-Windows-Kernel-Boot","Task":"0","ThreadID":"8","TimeCreated":"2018-01-03T11:22:40.828119993Z","UserID":"S-1-5-18","Version":"0"}}
{"time":"2018-01-03T11:22:40.8281202Z","host":"IE11WIN8_1","user":"S-1-5-18","message":"There are $1 boot options on this system","severity":3,"sequence":"835","source":"eventlog","category":"System","service":"Microsoft-Windows-Kernel-Boot","fields":{"Channel":"System","Computer":"IE11WIN8_1","DataName":"EntryCount","DataValue":"1","EventID":"18","EventRecordID":"835","Keywords":"9223372036854775808","Level":"4","Opcode":"0","ProcessID":"4","ProviderGuid":"15CA44FF-4D7A-4BAA-BBA5-0998955E531E","ProviderName":"Microsoft-Windows-Kernel-Boot","Task":"0","ThreadID":"8","TimeCreated":"2018-01-03T11:22:40.828119993Z","UserID":"S-1-5-18","Version":"0"}}
{"time":"2018-01-03T11:22:40.8281202Z","host":"IE11WIN8_1","user":"S-1-5-18","message":"The last shutdown's success status was $1","severity":3,"sequence":"833","source":"eventlog","category":"System","service":"Microsoft-Windows-Kernel-Boot","fields":{"Channel":"System","Computer":"IE11WIN8_1","EventID":"20","EventRecordID":"833","Keywords":"9223372036854775808","LastBootGood":"true","LastShutdownGood":"true","Level":"4","Opcode":"0","ProcessID":"4","ProviderGuid":"15CA44FF-4D7A-4BAA-BBA5-0998955E531E","ProviderName":"Microsoft-Windows-Kernel-Boot","Task":"0","ThreadID":"8","TimeCreated":"2018-01-03T11:22:40.828119993Z","UserID":"S-1-5-18","Version":"0"}}
{"time":"2018-01-03T11:22:40.8281202Z","host":"IE11WIN8_1","user":"S-1-5-18","message":"The bootmgr spent $1 ms waiting for user input","severity":3,"sequence":"836","source":"eventlog","category":"System","service":"Microsoft-Windows-Kernel-Boot","fields":{"Channel":"System","Computer":"IE11WIN8_1","DataName":"BitlockerUserInputTime","DataValue":"0","EventID":"32","EventRecordID":"836","Keywords":"9223372036854775808","Level":"4","Opcode":"0","ProcessID":"4","ProviderGuid":"15CA44FF-4D7A-4BAA-BBA5-0998955E531E","ProviderName":"Microsoft-Windows-Kernel-Boot","Task":"0","ThreadID":"8","TimeCreated":"2018-01-03T11:22:40.828119993Z","UserID":"S-1-5-18","Version":"0"}}
{"time":"2018-01-03T11:22:40.8281202Z","host":"IE11WIN8_1","user":"S-1-5-18","message":"The operating system started at system time $7","severity":3,"sequence":"832","source":"eventlog","category":"System","service":"Microsoft-Windows-Kernel-General","fields":{"BootMode":"0","BuildVersion":"9600","Channel":"System","Computer":"IE11WIN8_1","EventID":"12","EventRecordID":"832","Keywords":"9223372036854775808","Level":"4","MajorVersion":"6","MinorVersion":"3","Opcode":"0","ProcessID":"4","ProviderGuid":"A68CA8B7-004F-D7B6-A698-07E2DE0F1F5D","ProviderName":"Microsoft-Windows-Kernel-General","QfeVersion":"18821","ServiceVersion":"0","StartTime":"2018-01-03T11:22:40.499846458Z","Task":"0","ThreadID":"8","TimeCreated":"2018-01-03T11:22:40.828119993Z","UserID":"S-1-5-18","Version":"0"}}
{"time":"2018-01-03T11:22:42.6563455Z","host":"IE11WIN8_1","user":"S-1-5-18","message":"File System Filter '$5' ($2.$3, $6) has successfully loaded and registered with Filter Manager","severity":3,"sequence":"839","source":"eventlog","category":"System","service":"Microsoft-Windows-FilterManager","fields":{"Channel":"System","Computer":"IE11WIN8_1","DeviceName":"WdFilter","DeviceNameLength":"8","DeviceTime":"2016-11-14T20:52:54Z","DeviceVersionMajor":"10","DeviceVersionMinor":"0","EventID":"6","EventRecordID":"839","FinalStatus":"0","Keywords":"9223372036854775808","Level":"4","Opcode":"0","ProcessID":"4","ProviderGuid":"F3C5E28E-63F6-49C7-A204-E48A1BC4B09D","ProviderName":"Microsoft-Windows-FilterManager","Task":"0","ThreadID":"8","TimeCreated":"2018-01-03T11:22:42.656345605Z","UserID":"S-1-5-18","Version":"0"}}
{"time":"2018-01-03T11:22:42.6563455Z","host":"IE11WIN8_1","user":"S-1-5-18","message":"File System Filter '$5' ($2.$3, $6) has successfully loaded and registered with Filter Manager","severity":3,"sequence":"837","source":"eventlog","category":"System","service":"Microsoft-Windows-FilterManager","fields":{"Channel":"System","Computer":"IE11WIN8_1","DeviceName":"FileInfo","DeviceNameLength":"8","DeviceTime":"2014-02-22T04:13:10Z","DeviceVersionMajor":"6","DeviceVersionMinor":"3","EventID":"6","EventRecordID":"837","FinalStatus":"0","Keywords":"9223372036854775808","Level":"4","Opcode":"0","ProcessID":"4","ProviderGuid":"F3C5E28E-63F6-49C7-A204-E48A1BC4B09D","ProviderName":"Microsoft-Windows-FilterManager","Task":"0","ThreadID":"8","TimeCreated":"2018-01-03T11:22:42.656345605Z","UserID":"S-1-5-18","Version":"0"}}
{"time":"2018-01-03T11:22:42.6563455Z","host":"IE11WIN8_1","user":"S-1-5-18","message":"File System Filter '$5' ($2.$3, $6) has successfully loaded and registered with Filter Manager","severity":3,"sequence":"838","source":"eventlog","category":"System","service":"Microsoft-Windows-FilterManager","fields":{"Channel":"System","Computer":"IE11WIN8_1","DeviceName":"Wof","DeviceNameLength":"3","DeviceTime":"2014-03-13T00:27:29Z","DeviceVersionMajor":"6","DeviceVersionMinor":"3","EventID":"6","EventRecordID":"838","FinalStatus":"0","Keywords":"9223372036854775808","Level":"4","Opcode":"0","ProcessID":"4","ProviderGuid":"F3C5E28E-63F6-49C7-A204-E48A1BC4B09D","ProviderName":"Microsoft-Windows-FilterManager","Task":"0","ThreadID":"8","TimeCreated":"2018-01-03T11:22:42.656345605Z","UserID":"S-1-5-18","Version":"0"}}
{"time":"2018-01-03T11:22:42.9996213Z","host":"IE11WIN8_1","user":"S-1-5-18","message":"Volume $1 ($2) $3","severity":3,"sequence":"840","source":"eventlog","category":"System","service":"Microsoft-Windows-Ntfs","fields":{"Channel":"System","Computer":"IE11WIN8_1","CorruptionActionState":"0","DeviceName":"\\Device\\HarddiskVolume1","DriveName":"C:","EventID":"98","EventRecordID":"840","Keywords":"9223372036854775810","Level":"4","Opcode":"0","ProcessID":"4","ProviderGuid":"3FF37A1C-A68D-4D6E-8C9B-F79E8B16C482","ProviderName":"Microsoft-Windows-Ntfs","Task":"0","ThreadID":"84","TimeCreated":"2018-01-03T11:22:42.999620914Z","UserID":"S-1-5-18","Version":"0"}}
{"time":"2018-01-03T11:22:43.1872834Z","host":"IE11WIN8_1","user":"S-1-5-18","message":"File System Filter '$5' ($2.$3, $6) has successfully loaded and registered with Filter Manager","severity":3,"sequence":"841","source":"eventlog","category":"System","service":"Microsoft-Windows-FilterManager","fields":{"Channel":"System","Computer":"IE11WIN8_1","DeviceName":"npsvctrig","DeviceNameLength":"9","DeviceTime":"2013-08-22T03:38:22Z","DeviceVersionMajor":"6","DeviceVersionMinor":"3","EventID":"6","EventRecordID":"841","FinalStatus":"0","Keywords":"9223372036854775808","Level":"4","Opcode":"0","ProcessID":"4","ProviderGuid":"F3C5E28E-63F6-49C7-A204-E48A1BC4B09D","ProviderName":"Microsoft-Windows-FilterManager","Task":"0","ThreadID":"8","TimeCreated":"2018-01-03T11:22:43.187283277Z","UserID":"S-1-5-18","Version":"0"}}
{"time":"2018-01-03T11:22:43.2027463Z","host":"IE11WIN8_1","message":"The system has been constrained to a periodic tick   Reason: $1","severity":3,"sequence":"842","source":"eventlog","category":"System","service":"Microsoft-Windows-Kernel-Power","fields":{"Channel":"System","Computer":"IE11WIN8_1","DataName":"Reason","DataValue":"2","EventID":"508","EventRecordID":"842","Keywords":"9223372036854775812","Level":"4","Opcode":"0","ProcessID":"4","ProviderGuid":"331C3B3A-2005-44C2-AC5E-77220C37D6B4","ProviderName":"Microsoft-Windows-Kernel-Power","Task":"159","ThreadID":"8","TimeCreated":"2018-01-03T11:22:43.202745676Z","Version":"0"}}
{"time":"2018-01-03T11:22:44.4058754Z","host":"IE11WIN8_1","user":"S-1-5-18","message":"Processor $2 in group $1 exposes the following power management capabilities:  Idle state type: $4 ($3 state(s))  Performance state type: $9 Nominal Frequency (MHz): $5 Maximum performance percentage: $6 Minimum performance percentage: $7 Minimum throttle percentage: $8","severity":3,"sequence":"844","source":"eventlog","category":"System","service":"Microsoft-Windows-Kernel-Processor-Power","fields":{"Channel":"System","Computer":"IE11WIN8_1","EventID":"55","EventRecordID":"844","Group":"0","IdleImplementation":"1","IdleStateCount":"1","Keywords":"9223372036854775808","Level":"4","MaximumPerformancePercent":"100","MinimumPerformancePercent":"100","MinimumThrottlePercent":"12","NominalFrequency":"2667","Number":"1","Opcode":"0","PerformanceImplementation":"1","ProcessID":"4","ProviderGuid":"0F67E49F-FE51-4E9F-B490-6F2948CC6027","ProviderName":"Microsoft-Windows-Kernel-Processor-Power","Task":"47","ThreadID":"84","TimeCreated":"2018-01-03T11:22:44.405875205Z","UserID":"S-1-5-18","Version":"0"}}
{"time":"2018-01-03T11:22:44.4058754Z","host":"IE11WIN8_1","user":"S-1-5-18","message":"Processor $2 in group $1 exposes the following power management capabilities:  Idle state type: $4 ($3 state(s))  Performance state type: $9 Nominal Frequency (MHz): $5 Maximum performance percentage: $6 Minimum performance percentage: $7 Minimum throttle percentage: $8","severity":3,"sequence":"843","source":"eventlog","category":"System","service":"Microsoft-Windows-Kernel-Processor-Power","fields":{"Channel":"System","Computer":"IE11WIN8_1","EventID":"55","EventRecordID":"843","Group":"0","IdleImplementation":"1","IdleStateCount":"1","Keywords":"9223372036854775808","Level":"4","MaximumPerformancePercent":"100","MinimumPerformancePercent":"100","MinimumThrottlePercent":"12","NominalFrequency":"2667","Number":"0","Opcode":"0","PerformanceImplementation":"1","ProcessID":"4","ProviderGuid":"0F67E49F-FE51-4E9F-B490-6F2948CC6027","ProviderName":"Microsoft-Windows-Kernel-Processor-Power","Task":"47","ThreadID":"84","TimeCreated":"2018-01-03T11:22:44.405875205Z","UserID":"S-1-5-18","Version":"0"}}
{"time":"2018-01-03T11:22:45.4217383Z","host":"IE11WIN8_1","user":"S-1-5-18","message":"Remote calls to the SAM database are being restricted using the default security descriptor: $1","severity":3,"sequence":"845","source":"eventlog","category":"System","service":"Microsoft-Windows-Directory-Services-SAM","fields":{"Channel":"System","Computer":"IE11WIN8_1","DataName":"Default SD String:","DataValue":"","EventID":"16962","EventRecordID":"845","Keywords":"9223372036854775808","Level":"4","Name":"SAMMSG_RESTRICT_REMOTE_SAM_DEFAULT_SD","Opcode":"0","ProcessID":"524","ProviderGuid":"0D4FDC09-8C27-494A-BDA0-505E4FD8ADAE","ProviderName":"Microsoft-Windows-Directory-Services-SAM","Task":"0","ThreadID":"528","TimeCreated":"2018-01-03T11:22:45.42173767Z","UserID":"S-1-5-18","Version":"0"}}
{"time":"2018-01-03T11:22:47Z","host":"IE11WIN8_1","message":"Undescribed event: EventLog: 827","severity":3,"sequence":"827","source":"eventlog","category":"System","service":"EventLog","fields":{"Binary":"[226 7 1 0 3 0 3 0 11 0 22 0 47 0 87 1 0 0 0 0 0 0 0 0]","Channel":"System","Computer":"IE11WIN8_1","EventIDQualifiers":"32768","EventIDValue":"6005","EventRecordID":"827","Keywords":"36028797018963968","Level":"4","ProviderName":"EventLog","Task":"0","TimeCreated":"2018-01-03T11:22:47Z"}}
{"time":"2018-01-03T11:22:47Z","host":"IE11WIN8_1","message":"Undescribed event: EventLog: 826","severity":3,"sequence":"826","source":"eventlog","category":"System","service":"EventLog","fields":{"Channel":"System","Computer":"IE11WIN8_1","Data":"[6.03. 9600  Multiprocessor Free 17722]","EventIDQualifiers":"32768","EventIDValue":"6009","EventRecordID":"826","Keywords":"36028797018963968","Level":"4","ProviderName":"EventLog","Task":"0","TimeCreated":"2018-01-03T11:22:47Z"}}
{"time":"2018-01-03T11:22:47Z","host":"IE11WIN8_1","message":"Undescribed event: EventLog: 828","severity":3,"sequence":"828","source":"eventlog","category":"System","service":"EventLog","fields":{"Binary":"[49 0 46 0 49 0 0 0 48 0 0 0 87 0 105 0 110 0 100 0 111 0 119 0 115 0 32 0 56 0 46 0 49 0 32 0 69 0 110 0 116 0 101 0 114 0 112 0 114 0 105 0 115 0 101 0 32 0 69 0 118 0 97 0 108 0 117 0 97 0 116 0 105 0 111 0 110 0 0 0 54 0 46 0 51 0 46 0 57 0 54 0 48 0 48 0 32 0 66 0 117 0 105 0 108 0 100 0 32 0 57 0 54 0 48 0 48 0 32 0 32 0 0 0 77 0 117 0 108 0 116 0 105 0 112 0 114 0 111 0 99 0 101 0 115 0 115 0 111 0 114 0 32 0 70 0 114 0 101 0 101 0 0 0 57 0 54 0 48 0 48 0 46 0 119 0 105 0 110 0 98 0 108 0 117 0 101 0 95 0 108 0 116 0 115 0 98 0 46 0 49 0 55 0 48 0 57 0 49 0 52 0 45 0 48 0 54 0 48 0 48 0 0 0 53 0 97 0 52 0 99 0 55 0 56 0 52 0 56 0 0 0 78 0 111 0 116 0 32 0 65 0 118 0 97 0 105 0 108 0 97 0 98 0 108 0 101 0 0 0 78 0 111 0 116 0 32 0 65 0 118 0 97 0 105 0 108 0 97 0 98 0 108 0 101 0 0 0 57 0 0 0 50 0 0 0 52 0 48 0 57 0 54 0 0 0 52 0 48 0 57 0 0 0 73 0 69 0 49 0 49 0 87 0 73 0 78 0 56 0 95 0 49 0 0 0 0 0]","Channel":"System","Computer":"IE11WIN8_1","Data":"[    6 60 480 Pacific Standard Time]","EventIDQualifiers":"32768","EventIDValue":"6013","EventRecordID":"828","Keywords":"36028797018963968","Level":"4","ProviderName":"EventLog","Task":"0","TimeCreated":"2018-01-03T11:22:47Z"}}
{"time":"2018-01-03T11:22:47.2974851Z","host":"IE11WIN8_1","message":"The UAC File Virtualization service failed to start due to the following error:  %%1275","severity":8,"sequence":"846","source":"eventlog","category":"System","service":"Service Control Manager","fields":{"Channel":"System","Computer":"IE11WIN8_1","EventIDQualifiers":"49152","EventIDValue":"7000","EventRecordID":"846","Keywords":"9259400833873739776","Level":"2","Opcode":"0","ProcessID":"516","ProviderEventSourceName":"Service Control Manager","ProviderGuid":"{555908d1-a6d7-4695-8e1e-26931d2012f4}","ProviderName":"Service Control Manager","Task":"0","ThreadID":"520","TimeCreated":"2018-01-03T11:22:47.297484874Z","Version":"0","param1":"UAC File Virtualization","param2":"%%1275"}}
{"time":"2018-01-03T11:22:47.4996209Z","host":"IE11WIN8_1","user":"S-1-5-19","message":"DHCPv4 client service is started","severity":3,"sequence":"847","source":"eventlog","category":"System","service":"Microsoft-Windows-Dhcp-Client","fields":{"Channel":"System","Computer":"IE11WIN8_1","EventID":"50036","EventRecordID":"847","Keywords":"2305843009213693952","Level":"4","Opcode":"68","ProcessID":"736","ProviderGuid":"15A7A4F8-0072-4EAB-ABAD-F98A4D666AED","ProviderName":"Microsoft-Windows-Dhcp-Client","Task":"4","ThreadID":"964","TimeCreated":"2018-01-03T11:22:47.499620914Z","UserID":"S-1-5-19","Version":"0"}}
{"time":"2018-01-03T11:22:47.4996209Z","host":"IE11WIN8_1","user":"S-1-5-19","message":"DHCPv6 client service is started","severity":3,"sequence":"848","source":"eventlog","category":"System","service":"Microsoft-Windows-DHCPv6-Client","fields":{"Channel":"System","Computer":"IE11WIN8_1","EventID":"51046","EventRecordID":"848","Keywords":"2305843009213693952","Level":"4","Opcode":"62","ProcessID":"736","ProviderGuid":"6A1F2B00-6A90-4C38-95A5-5CAB3B056778","ProviderName":"Microsoft-Windows-DHCPv6-Client","Task":"4","ThreadID":"980","TimeCreated":"2018-01-03T11:22:47.499620914Z","UserID":"S-1-5-19","Version":"0"}}
{"time":"2018-01-03T11:22:47.9371301Z","host":"IE11WIN8_1","user":"S-1-5-18","message":"User Logon Notification for Customer Experience Improvement Program","severity":3,"sequence":"849","source":"eventlog","category":"System","service":"Microsoft-Windows-Winlogon","fields":{"Channel":"System","Computer":"IE11WIN8_1","CorrelationActivityID":"67144949-5132-4859-8036-A737B43825D8","EventID":"7001","EventRecordID":"849","Keywords":"2305843009213693952","Level":"4","Opcode":"0","ProcessID":"484","ProviderGuid":"DBE9B383-7CF3-4331-91CC-A3CB16A3B538","ProviderName":"Microsoft-Windows-Winlogon","TSId":"1","Task":"1101","ThreadID":"708","TimeCreated":"2018-01-03T11:22:47.937129497Z","UserID":"S-1-5-18","UserSid":"S-1-5-21-3040204872-3082932231-1584796067-1001","Version":"0"}}
{"time":"2018-01-03T11:22:53.5621743Z","host":"IE11WIN8_1","message":"The following boot-start or system-start driver(s) failed to load: $1","severity":3,"sequence":"850","source":"eventlog","category":"System","service":"Service Control Manager","fields":{"Channel":"System","Computer":"IE11WIN8_1","DataName":"param1","DataValue":"\r\ndam","EventIDQualifiers":"49152","EventIDValue":"7026","EventRecordID":"850","Keywords":"9259400833873739776","Level":"4","Opcode":"0","ProcessID":"516","ProviderEventSourceName":"Service Control Manager","ProviderGuid":"{555908d1-a6d7-4695-8e1e-26931d2012f4}","ProviderName":"Service Control Manager","Task":"0","ThreadID":"520","TimeCreated":"2018-01-03T11:22:53.56217432Z","Version":"0"}}
{"time":"2018-01-03T11:22:59.5003204Z","host":"IE11WIN8_1","user":"S-1-5-20","message":"Name resolution for the name $1 timed out after none of the configured DNS servers responded","severity":6,"sequence":"851","source":"eventlog","category":"System","service":"Microsoft-Windows-DNS-Client","fields":{"Address":"[2 0 0 0 192 168 108 2 0 0 0 0 0 0 0 0 0 0 0 0 0 0 0 0 0 0 0 0 0 0 0 0 0 0 0 0 0 0 0 0 0 0 0 0 0 0 0 0 0 0 0 0 0 0 0 0 0 0 0 0 0 0 0 0 0 0 0 0 0 0 0 0 0 0 0 0 0 0 0 0 0 0 0 0 0 0 0 0 0 0 0 0 0 0 0 0 0 0 0 0 0 0 0 0 0 0 0 0 0 0 0 0 0 0 0 0 0 0 0 0 0 0 0 0 0 0 0 0]","AddressLength":"128","Channel":"System","Computer":"IE11WIN8_1","EventID":"1014","EventRecordID":"851","Keywords":"4611686018695823360","Level":"3","Opcode":"0","ProcessID":"968","ProviderGuid":"1C95126E-7EEA-49A9-A3FE-A378B03DDB4D","ProviderName":"Microsoft-Windows-DNS-Client","QueryName":"wpad","Task":"1014","ThreadID":"1452","TimeCreated":"2018-01-03T11:22:59.500319957Z","UserID":"S-1-5-20","Version":"0"}}
{"time":"2018-01-03T11:23:13.8590529Z","host":"IE11WIN8_1","user":"S-1-5-21-3040204872-3082932231-1584796067-1001","message":"A service was installed in the system","severity":3,"sequence":"852","source":"eventlog","category":"System","service":"Service Control Manager","fields":{"AccountName":"IE11WIN8_1\\sshd_server","Channel":"System","Computer":"IE11WIN8_1","EventIDQualifiers":"16384","EventIDValue":"7045","EventRecordID":"852","ImagePath":"C:\\Program Files\\OpenSSH\\bin\\cygrunsrv.exe","Keywords":"9259400833873739776","Level":"4","Opcode":"0","ProcessID":"516","ProviderEventSourceName":"Service Control Manager","ProviderGuid":"{555908d1-a6d7-4695-8e1e-26931d2012f4}","ProviderName":"Service Control Manager","ServiceName":"OpenSSH Server","ServiceType":"user mode service","StartType":"auto start","Task":"0","ThreadID":"860","TimeCreated":"2018-01-03T11:23:13.859052896Z","UserID":"S-1-5-21-3040204872-3082932231-1584796067-1001","Version":"0"}}
{"time":"2018-01-03T11:23:19.7343107Z","host":"IE11WIN8_1","user":"S-1-5-21-3040204872-3082932231-1584796067-1001","message":"The process C:\\Windows\\system32\\wbem\\wmiprvse.exe (IE11WIN8_1) has initiated the restart of computer IE11WIN8_1 on behalf of user IE11WIN8_1\\IEUser for the following reason: No title for this reason could be found  Reason Code: 0x80070015  Shutdown Type: restart  Comment: ","severity":3,"sequence":"853","source":"eventlog","category":"System","service":"User32","fields":{"Channel":"System","Computer":"IE11WIN8_1","EventIDQualifiers":"32768","EventIDValue":"1074","EventRecordID":"853","Keywords":"9259400833873739776","Level":"4","Opcode":"0","ProcessID":"372","ProviderEventSourceName":"User32","ProviderGuid":"{b0aa8734-56f7-41cc-b2f4-de228e98b946}","ProviderName":"User32","Task":"0","ThreadID":"408","TimeCreated":"2018-01-03T11:23:19.734310388Z","UserID":"S-1-5-21-3040204872-3082932231-1584796067-1001","Version":"0","param1":"C:\\Windows\\system32\\wbem\\wmiprvse.exe (IE11WIN8_1)","param2":"IE11WIN8_1","param3":"No title for this reason could be found","param4":"0x80070015","param5":"restart","param6":"","param7":"IE11WIN8_1\\IEUser"}}
{"time":"2018-01-03T11:23:20Z","host":"IE11WIN8_1","message":"Undescribed event: EventLog: 855","severity":3,"sequence":"855","source":"eventlog","category":"System","service":"EventLog","fields":{"Binary":"[1 0 0 0 0 0 0 0]","Channel":"System","Computer":"IE11WIN8_1","EventIDQualifiers":"32768","EventIDValue":"6006","EventRecordID":"855","Keywords":"36028797018963968","Level":"4","ProviderName":"EventLog","Task":"0","TimeCreated":"2018-01-03T11:23:20Z"}}
{"time":"2018-01-03T11:23:20.5465129Z","host":"IE11WIN8_1","user":"S-1-5-18","message":"User Logoff Notification for Customer Experience Improvement Program","severity":3,"sequence":"854","source":"eventlog","category":"System","service":"Microsoft-Windows-Winlogon","fields":{"Channel":"System","Computer":"IE11WIN8_1","CorrelationActivityID":"86432A0B-3C7D-4DDF-A89C-172FAA90485D","EventID":"7002","EventRecordID":"854","Keywords":"2305843009213693952","Level":"4","Opcode":"0","ProcessID":"484","ProviderGuid":"DBE9B383-7CF3-4331-91CC-A3CB16A3B538","ProviderName":"Microsoft-Windows-Winlogon","TSId":"1","Task":"1102","ThreadID":"708","TimeCreated":"2018-01-03T11:23:20.546513557Z","UserID":"S-1-5-18","UserSid":"S-1-5-21-3040204872-3082932231-1584796067-1001","Version":"0"}}
{"time":"2018-01-03T11:23:20.9528103Z","host":"IE11WIN8_1","user":"S-1-5-19","message":"DHCPv6 client service is stopped","severity":3,"sequence":"856","source":"eventlog","category":"System","service":"Microsoft-Windows-DHCPv6-Client","fields":{"Channel":"System","Computer":"IE11WIN8_1","DataName":"DwordVal","DataValue":"1","EventID":"51047","EventRecordID":"856","Keywords":"2305843009213693952","Level":"4","Opcode":"63","ProcessID":"736","ProviderGuid":"6A1F2B00-6A90-4C38-95A5-5CAB3B056778","ProviderName":"Microsoft-Windows-DHCPv6-Client","Task":"4","ThreadID":"980","TimeCreated":"2018-01-03T11:23:20.952809572Z","UserID":"S-1-5-19","Version":"0"}}
{"time":"2018-01-03T11:23:20.9683687Z","host":"IE11WIN8_1","user":"S-1-5-19","message":"DHCPv4 client service is stopped","severity":3,"sequence":"857","source":"eventlog","category":"System","service":"Microsoft-Windows-Dhcp-Client","fields":{"Channel":"System","Computer":"IE11WIN8_1","DataName":"DwordVal","DataValue":"1","EventID":"50037","EventRecordID":"857","Keywords":"2305843009213693952","Level":"4","Opcode":"69","ProcessID":"736","ProviderGuid":"15A7A4F8-0072-4EAB-ABAD-F98A4D666AED","ProviderName":"Microsoft-Windows-Dhcp-Client","Task":"4","ThreadID":"964","TimeCreated":"2018-01-03T11:23:20.968368053Z","UserID":"S-1-5-19","Version":"0"}}
{"time":"2018-01-03T11:23:22.7504606Z","host":"IE11WIN8_1","message":"The kernel power manager has initiated a shutdown transition","severity":3,"sequence":"861","source":"eventlog","category":"System","service":"Microsoft-Windows-Kernel-Power","fields":{"Channel":"System","Computer":"IE11WIN8_1","EventID":"109","EventRecordID":"861","Keywords":"9223372036854775812","Level":"4","Opcode":"0","ProcessID":"424","ProviderGuid":"331C3B3A-2005-44C2-AC5E-77220C37D6B4","ProviderName":"Microsoft-Windows-Kernel-Power","ShutdownActionType":"5","ShutdownEventCode":"0","ShutdownReason":"5","Task":"103","ThreadID":"428","TimeCreated":"2018-01-03T11:23:22.750460863Z","Version":"0"}}
{"time":"2018-01-03T11:23:23.421502Z","host":"IE11WIN8_1","message":"The operating system is shutting down at system time $1","severity":3,"sequence":"862","source":"eventlog","category":"System","service":"Microsoft-Windows-Kernel-General","fields":{"Channel":"System","Computer":"IE11WIN8_1","DataName":"StopTime","DataValue":"2018-01-03T11:23:23.421502351Z","EventID":"13","EventRecordID":"862","Keywords":"9223372036854775808","Level":"4","Opcode":"0","ProcessID":"4","ProviderGuid":"A68CA8B7-004F-D7B6-A698-07E2DE0F1F5D","ProviderName":"Microsoft-Windows-Kernel-General","Task":"0","ThreadID":"1780","TimeCreated":"2018-01-03T11:23:23.421502351Z","Version":"0"}}
{"time":"2018-01-03T11:23:27.7970232Z","host":"IE11WIN8_1","user":"S-1-5-18","message":"The operating system started at system time $7","severity":3,"sequence":"863","source":"eventlog","category":"System","service":"Microsoft-Windows-Kernel-General","fields":{"BootMode":"0","BuildVersion":"9600","Channel":"System","Computer":"IE11WIN8_1","EventID":"12","EventRecordID":"863","Keywords":"9223372036854775808","Level":"4","MajorVersion":"6","MinorVersion":"3","Opcode":"0","ProcessID":"4","ProviderGuid":"A68CA8B7-004F-D7B6-A698-07E2DE0F1F5D","ProviderName":"Microsoft-Windows-Kernel-General","QfeVersion":"18821","ServiceVersion":"0","StartTime":"2018-01-03T11:23:27.499995231Z","Task":"0","ThreadID":"8","TimeCreated":"2018-01-03T11:23:27.797024011Z","UserID":"S-1-5-18","Version":"0"}}
{"time":"2018-01-03T11:23:27.7970232Z","host":"IE11WIN8_1","user":"S-1-5-18","message":"There are $1 boot options on this system","severity":3,"sequence":"866","source":"eventlog","category":"System","service":"Microsoft-Windows-Kernel-Boot","fields":{"Channel":"System","Computer":"IE11WIN8_1","DataName":"EntryCount","DataValue":"1","EventID":"18","EventRecordID":"866","Keywords":"9223372036854775808","Level":"4","Opcode":"0","ProcessID":"4","ProviderGuid":"15CA44FF-4D7A-4BAA-BBA5-0998955E531E","ProviderName":"Microsoft-Windows-Kernel-Boot","Task":"0","ThreadID":"8","TimeCreated":"2018-01-03T11:23:27.797024011Z","UserID":"S-1-5-18","Version":"0"}}
{"time":"2018-01-03T11:23:27.7970232Z","host":"IE11WIN8_1","user":"S-1-5-18","message":"The bootmgr spent $1 ms waiting for user input","severity":3,"sequence":"867","source":"eventlog","category":"System","service":"Microsoft-Windows-Kernel-Boot","fields":{"Channel":"System","Computer":"IE11WIN8_1","DataName":"BitlockerUserInputTime","DataValue":"0","EventID":"32","EventRecordID":"867","Keywords":"9223372036854775808","Level":"4","Opcode":"0","ProcessID":"4","ProviderGuid":"15CA44FF-4D7A-4BAA-BBA5-0998955E531E","ProviderName":"Microsoft-Windows-Kernel-Boot","Task":"0","ThreadID":"8","TimeCreated":"2018-01-03T11:23:27.797024011Z","UserID":"S-1-5-18","Version":"0"}}
{"time":"2018-01-03T11:23:27.7970232Z","host":"IE11WIN8_1","user":"S-1-5-18","message":"The boot type was $1","severity":3,"sequence":"865","source":"eventlog","category":"System","service":"Microsoft-Windows-Kernel-Boot","fields":{"Channel":"System","Computer":"IE11WIN8_1","DataName":"BootType","DataValue":"0","EventID":"27","EventRecordID":"865","Keywords":"9223372036854775808","Level":"4","Opcode":"0","ProcessID":"4","ProviderGuid":"15CA44FF-4D7A-4BAA-BBA5-0998955E531E","ProviderName":"Microsoft-Windows-Kernel-Boot","Task":"0","ThreadID":"8","TimeCreated":"2018-01-03T11:23:27.797024011Z","UserID":"S-1-5-18","Version":"0"}}
{"time":"2018-01-03T11:23:27.7970232Z","host":"IE11WIN8_1","user":"S-1-5-18","message":"The last shutdown's success status was $1","severity":3,"sequence":"864","source":"eventlog","category":"System","service":"Microsoft-Windows-Kernel-Boot","fields":{"Channel":"System","Computer":"IE11WIN8_1","EventID":"20","EventRecordID":"864","Keywords":"9223372036854775808","LastBootGood":"true","LastShutdownGood":"true","Level":"4","Opcode":"0","ProcessID":"4","ProviderGuid":"15CA44FF-4D7A-4BAA-BBA5-0998955E531E","ProviderName":"Microsoft-Windows-Kernel-Boot","Task":"0","ThreadID":"8","TimeCreated":"2018-01-03T11:23:27.797024011Z","UserID":"S-1-5-18","Version":"0"}}
{"time":"2018-01-03T11:23:29.6094806Z","host":"IE11WIN8_1","user":"S-1-5-18","message":"File System Filter '$5' ($2.$3, $6) has successfully loaded and registered with Filter Manager","severity":3,"sequence":"868","source":"eventlog","category":"System","service":"Microsoft-Windows-FilterManager","fields":{"Channel":"System","Computer":"IE11WIN8_1","DeviceName":"FileInfo","DeviceNameLength":"8","DeviceTime":"2014-02-22T04:13:10Z","DeviceVersionMajor":"6","DeviceVersionMinor":"3","EventID":"6","EventRecordID":"868","FinalStatus":"0","Keywords":"9223372036854775808","Level":"4","Opcode":"0","ProcessID":"4","ProviderGuid":"F3C5E28E-63F6-49C7-A204-E48A1BC4B09D","ProviderName":"Microsoft-Windows-FilterManager","Task":"0","ThreadID":"8","TimeCreated":"2018-01-03T11:23:29.609479904Z","UserID":"S-1-5-18","Version":"0"}}
{"time":"2018-01-03T11:23:29.6094806Z","host":"IE11WIN8_1","user":"S-1-5-18","message":"File System Filter '$5' ($2.$3, $6) has successfully loaded and registered with Filter Manager","severity":3,"sequence":"870","source":"eventlog","category":"System","service":"Microsoft-Windows-FilterManager","fields":{"Channel":"System","Computer":"IE11WIN8_1","DeviceName":"WdFilter","DeviceNameLength":"8","DeviceTime":"2016-11-14T20:52:54Z","DeviceVersionMajor":"10","DeviceVersionMinor":"0","EventID":"6","EventRecordID":"870","FinalStatus":"0","Keywords":"9223372036854775808","Level":"4","Opcode":"0","ProcessID":"4","ProviderGuid":"F3C5E28E-63F6-49C7-A204-E48A1BC4B09D","ProviderName":"Microsoft-Windows-FilterManager","Task":"0","ThreadID":"8","TimeCreated":"2018-01-03T11:23:29.609479904Z","UserID":"S-1-5-18","Version":"0"}}
{"time":"2018-01-03T11:23:29.6094806Z","host":"IE11WIN8_1","user":"S-1-5-18","message":"File System Filter '$5' ($2.$3, $6) has successfully loaded and registered with Filter Manager","severity":3,"sequence":"869","source":"eventlog","category":"System","service":"Microsoft-Windows-FilterManager","fields":{"Channel":"System","Computer":"IE11WIN8_1","DeviceName":"Wof","DeviceNameLength":"3","DeviceTime":"2014-03-13T00:27:29Z","DeviceVersionMajor":"6","DeviceVersionMinor":"3","EventID":"6","EventRecordID":"869","FinalStatus":"0","Keywords":"9223372036854775808","Level":"4","Opcode":"0","ProcessID":"4","ProviderGuid":"F3C5E28E-63F6-49C7-A204-E48A1BC4B09D","ProviderName":"Microsoft-Windows-FilterManager","Task":"0","ThreadID":"8","TimeCreated":"2018-01-03T11:23:29.609479904Z","UserID":"S-1-5-18","Version":"0"}}
{"time":"2018-01-03T11:23:29.9998506Z","host":"IE11WIN8_1","user":"S-1-5-18","message":"Volume $1 ($2) $3","severity":3,"sequence":"871","source":"eventlog","category":"System","service":"Microsoft-Windows-Ntfs","fields":{"Channel":"System","Computer":"IE11WIN8_1","CorruptionActionState":"0","DeviceName":"\\Device\\HarddiskVolume1","DriveName":"C:","EventID":"98","EventRecordID":"871","Keywords":"9223372036854775810","Level":"4","Opcode":"0","ProcessID":"4","ProviderGuid":"3FF37A1C-A68D-4D6E-8C9B-F79E8B16C482","ProviderName":"Microsoft-Windows-Ntfs","Task":"0","ThreadID":"144","TimeCreated":"2018-01-03T11:23:29.999851226Z","UserID":"S-1-5-18","Version":"0"}}
{"time":"2018-01-03T11:23:30.1873192Z","host":"IE11WIN8_1","user":"S-1-5-18","message":"File System Filter '$5' ($2.$3, $6) has successfully loaded and registered with Filter Manager","severity":3,"sequence":"872","source":"eventlog","category":"System","service":"Microsoft-Windows-FilterManager","fields":{"Channel":"System","Computer":"IE11WIN8_1","DeviceName":"npsvctrig","DeviceNameLength":"9","DeviceTime":"2013-08-22T03:38:22Z","DeviceVersionMajor":"6","DeviceVersionMinor":"3","EventID":"6","EventRecordID":"872","FinalStatus":"0","Keywords":"9223372036854775808","Level":"4","Opcode":"0","ProcessID":"4","ProviderGuid":"F3C5E28E-63F6-49C7-A204-E48A1BC4B09D","ProviderName":"Microsoft-Windows-FilterManager","Task":"0","ThreadID":"8","TimeCreated":"2018-01-03T11:23:30.187318325Z","UserID":"S-1-5-18","Version":"0"}}
{"time":"2018-01-03T11:23:30.2029653Z","host":"IE11WIN8_1","message":"The system has been constrained to a periodic tick   Reason: $1","severity":3,"sequence":"873","source":"eventlog","category":"System","service":"Microsoft-Windows-Kernel-Power","fields":{"Channel":"System","Computer":"IE11WIN8_1","DataName":"Reason","DataValue":"2","EventID":"508","EventRecordID":"873","Keywords":"9223372036854775812","Level":"4","Opcode":"0","ProcessID":"4","ProviderGuid":"331C3B3A-2005-44C2-AC5E-77220C37D6B4","ProviderName":"Microsoft-Windows-Kernel-Power","Task":"159","ThreadID":"8","TimeCreated":"2018-01-03T11:23:30.202964782Z","Version":"0"}}
{"time":"2018-01-03T11:23:31.0935698Z","host":"IE11WIN8_1","user":"S-1-5-18","message":"Processor $2 in group $1 exposes the following power management capabilities:  Idle state type: $4 ($3 state(s))  Performance state type: $9 Nominal Frequency (MHz): $5 Maximum performance percentage: $6 Minimum performance percentage: $7 Minimum throttle percentage: $8","severity":3,"sequence":"874","source":"eventlog","category":"System","service":"Microsoft-Windows-Kernel-Processor-Power","fields":{"Channel":"System","Computer":"IE11WIN8_1","EventID":"55","EventRecordID":"874","Group":"0","IdleImplementation":"1","IdleStateCount":"1","Keywords":"9223372036854775808","Level":"4","MaximumPerformancePercent":"100","MinimumPerformancePercent":"100","MinimumThrottlePercent":"12","NominalFrequency":"2667","Number":"0","Opcode":"0","PerformanceImplementation":"1","ProcessID":"4","ProviderGuid":"0F67E49F-FE51-4E9F-B490-6F2948CC6027","ProviderName":"Microsoft-Windows-Kernel-Processor-Power","Task":"47","ThreadID":"260","TimeCreated":"2018-01-03T11:23:31.093569517Z","UserID":"S-1-5-18","Version":"0"}}
{"time":"2018-01-03T11:23:31.0935698Z","host":"IE11WIN8_1","user":"S-1-5-18","message":"Processor $2 in group $1 exposes the following power management capabilities:  Idle state type: $4 ($3 state(s))  Performance state type: $9 Nominal Frequency (MHz): $5 Maximum performance percentage: $6 Minimum performance percentage: $7 Minimum throttle percentage: $8","severity":3,"sequence":"875","source":"eventlog","category":"System","service":"Microsoft-Windows-Kernel-Processor-Power","fields":{"Channel":"System","Computer":"IE11WIN8_1","EventID":"55","EventRecordID":"875","Group":"0","IdleImplementation":"1","IdleStateCount":"1","Keywords":"9223372036854775808","Level":"4","MaximumPerformancePercent":"100","MinimumPerformancePercent":"100","MinimumThrottlePercent":"12","NominalFrequency":"2667","Number":"1","Opcode":"0","PerformanceImplementation":"1","ProcessID":"4","ProviderGuid":"0F67E49F-FE51-4E9F-B490-6F2948CC6027","ProviderName":"Microsoft-Windows-Kernel-Processor-Power","Task":"47","ThreadID":"260","TimeCreated":"2018-01-03T11:23:31.093569517Z","UserID":"S-1-5-18","Version":"0"}}
{"time":"2018-01-03T11:23:32Z","host":"IE11WIN8_1","message":"Undescribed event: EventLog: 859","severity":3,"sequence":"859","source":"eventlog","category":"System","service":"EventLog","fields":{"Binary":"[226 7 1 0 3 0 3 0 11 0 23 0 32 0 237 2 0 0 0 0 0 0 0 0]","Channel":"System","Computer":"IE11WIN8_1","EventIDQualifiers":"32768","EventIDValue":"6005","EventRecordID":"859","Keywords":"36028797018963968","Level":"4","ProviderName":"EventLog","Task":"0","TimeCreated":"2018-01-03T11:23:32Z"}}
{"time":"2018-01-03T11:23:32Z","host":"IE11WIN8_1","message":"Undescribed event: EventLog: 860","severity":3,"sequence":"860","source":"eventlog","category":"System","service":"EventLog","fields":{"Binary":"[49 0 46 0 49 0 0 0 48 0 0 0 87 0 105 0 110 0 100 0 111 0 119 0 115 0 32 0 56 0 46 0 49 0 32 0 69 0 110 0 116 0 101 0 114 0 112 0 114 0 105 0 115 0 101 0 32 0 69 0 118 0 97 0 108 0 117 0 97 0 116 0 105 0 111 0 110 0 0 0 54 0 46 0 51 0 46 0 57 0 54 0 48 0 48 0 32 0 66 0 117 0 105 0 108 0 100 0 32 0 57 0 54 0 48 0 48 0 32 0 32 0 0 0 77 0 117 0 108 0 116 0 105 0 112 0 114 0 111 0 99 0 101 0 115 0 115 0 111 0 114 0 32 0 70 0 114 0 101 0 101 0 0 0 57 0 54 0 48 0 48 0 46 0 119 0 105 0 110 0 98 0 108 0 117 0 101 0 95 0 108 0 116 0 115 0 98 0 46 0 49 0 55 0 48 0 57 0 49 0 52 0 45 0 48 0 54 0 48 0 48 0 0 0 53 0 97 0 52 0 99 0 55 0 56 0 52 0 56 0 0 0 78 0 111 0 116 0 32 0 65 0 118 0 97 0 105 0 108 0 97 0 98 0 108 0 101 0 0 0 78 0 111 0 116 0 32 0 65 0 118 0 97 0 105 0 108 0 97 0 98 0 108 0 101 0 0 0 57 0 0 0 50 0 0 0 52 0 48 0 57 0 54 0 0 0 52 0 48 0 57 0 0 0 73 0 69 0 49 0 49 0 87 0 73 0 78 0 56 0 95 0 49 0 0 0 0 0]","Channel":"System","Computer":"IE11WIN8_1","Data":"[    5 60 480 Pacific Standard Time]","EventIDQualifiers":"32768","EventIDValue":"6013","EventRecordID":"860","Keywords":"36028797018963968","Level":"4","ProviderName":"EventLog","Task":"0","TimeCreated":"2018-01-03T11:23:32Z"}}
{"time":"2018-01-03T11:23:32Z","host":"IE11WIN8_1","message":"Undescribed event: EventLog: 858","severity":3,"sequence":"858","source":"eventlog","category":"System","service":"EventLog","fields":{"Channel":"System","Computer":"IE11WIN8_1","Data":"[6.03. 9600  Multiprocessor Free 17722]","EventIDQualifiers":"32768","EventIDValue":"6009","EventRecordID":"858","Keywords":"36028797018963968","Level":"4","ProviderName":"EventLog","Task":"0","TimeCreated":"2018-01-03T11:23:32Z"}}
{"time":"2018-01-03T11:23:32.0310596Z","host":"IE11WIN8_1","user":"S-1-5-18","message":"Remote calls to the SAM database are being restricted using the default security descriptor: $1","severity":3,"sequence":"876","source":"eventlog","category":"System","service":"Microsoft-Windows-Directory-Services-SAM","fields":{"Channel":"System","Computer":"IE11WIN8_1","DataName":"Default SD String:","DataValue":"","EventID":"16962","EventRecordID":"876","Keywords":"9223372036854775808","Level":"4","Name":"SAMMSG_RESTRICT_REMOTE_SAM_DEFAULT_SD","Opcode":"0","ProcessID":"524","ProviderGuid":"0D4FDC09-8C27-494A-BDA0-505E4FD8ADAE","ProviderName":"Microsoft-Windows-Directory-Services-SAM","Task":"0","ThreadID":"528","TimeCreated":"2018-01-03T11:23:32.031059265Z","UserID":"S-1-5-18","Version":"0"}}
{"time":"2018-01-03T11:23:32.6876624Z","host":"IE11WIN8_1","message":"The UAC File Virtualization service failed to start due to the following error:  %%1275","severity":8,"sequence":"877","source":"eventlog","category":"System","service":"Service Control Manager","fields":{"Channel":"System","Computer":"IE11WIN8_1","EventIDQualifiers":"49152","EventIDValue":"7000","EventRecordID":"877","Keywords":"9259400833873739776","Level":"2","Opcode":"0","ProcessID":"516","ProviderEventSourceName":"Service Control Manager","ProviderGuid":"{555908d1-a6d7-4695-8e1e-26931d2012f4}","ProviderName":"Service Control Manager","Task":"0","ThreadID":"520","TimeCreated":"2018-01-03T11:23:32.687662363Z","Version":"0","param1":"UAC File Virtualization","param2":"%%1275"}}
{"time":"2018-01-03T11:23:33.031075Z","host":"IE11WIN8_1","user":"S-1-5-19","message":"DHCPv4 client service is started","severity":3,"sequence":"878","source":"eventlog","category":"System","service":"Microsoft-Windows-Dhcp-Client","fields":{"Channel":"System","Computer":"IE11WIN8_1","EventID":"50036","EventRecordID":"878","Keywords":"2305843009213693952","Level":"4","Opcode":"68","ProcessID":"724","ProviderGuid":"15A7A4F8-0072-4EAB-ABAD-F98A4D666AED","ProviderName":"Microsoft-Windows-Dhcp-Client","Task":"4","ThreadID":"996","TimeCreated":"2018-01-03T11:23:33.031075239Z","UserID":"S-1-5-19","Version":"0"}}
{"time":"2018-01-03T11:23:33.0466826Z","host":"IE11WIN8_1","user":"S-1-5-19","message":"DHCPv6 client service is started","severity":3,"sequence":"879","source":"eventlog","category":"System","service":"Microsoft-Windows-DHCPv6-Client","fields":{"Channel":"System","Computer":"IE11WIN8_1","EventID":"51046","EventRecordID":"879","Keywords":"2305843009213693952","Level":"4","Opcode":"62","ProcessID":"724","ProviderGuid":"6A1F2B00-6A90-4C38-95A5-5CAB3B056778","ProviderName":"Microsoft-Windows-DHCPv6-Client","Task":"4","ThreadID":"1016","TimeCreated":"2018-01-03T11:23:33.046683311Z","UserID":"S-1-5-19","Version":"0"}}
{"time":"2018-01-03T11:23:33.6248069Z","host":"IE11WIN8_1","user":"S-1-5-18","message":"User Logon Notification for Customer Experience Improvement Program","severity":3,"sequence":"880","source":"eventlog","category":"System","service":"Microsoft-Windows-Winlogon","fields":{"Channel":"System","Computer":"IE11WIN8_1","CorrelationActivityID":"67144949-5132-4859-8036-A737B43825D8","EventID":"7001","EventRecordID":"880","Keywords":"2305843009213693952","Level":"4","Opcode":"0","ProcessID":"476","ProviderGuid":"DBE9B383-7CF3-4331-91CC-A3CB16A3B538","ProviderName":"Microsoft-Windows-Winlogon","TSId":"1","Task":"1101","ThreadID":"708","TimeCreated":"2018-01-03T11:23:33.624806404Z","UserID":"S-1-5-18","UserSid":"S-1-5-21-3040204872-3082932231-1584796067-1001","Version":"0"}}
{"time":"2018-01-03T11:23:39.4850439Z","host":"IE11WIN8_1","message":"The following boot-start or system-start driver(s) failed to load: $1","severity":3,"sequence":"881","source":"eventlog","category":"System","service":"Service Control Manager","fields":{"Channel":"System","Computer":"IE11WIN8_1","DataName":"param1","DataValue":"\r\ndam","EventIDQualifiers":"49152","EventIDValue":"7026","EventRecordID":"881","Keywords":"9259400833873739776","Level":"4","Opcode":"0","ProcessID":"516","ProviderEventSourceName":"Service Control Manager","ProviderGuid":"{555908d1-a6d7-4695-8e1e-26931d2012f4}","ProviderName":"Service Control Manager","Task":"0","ThreadID":"520","TimeCreated":"2018-01-03T11:23:39.485043287Z","Version":"0"}}
{"time":"2018-01-03T11:23:42.0941908Z","host":"IE11WIN8_1","user":"S-1-5-20","message":"Name resolution for the name $1 timed out after none of the configured DNS servers responded","severity":6,"sequence":"882","source":"eventlog","category":"System","service":"Microsoft-Windows-DNS-Client","fields":{"Address":"[2 0 0 0 192 168 108 2 0 0 0 0 0 0 0 0 0 0 0 0 0 0 0 0 0 0 0 0 0 0 0 0 0 0 0 0 0 0 0 0 0 0 0 0 0 0 0 0 0 0 0 0 0 0 0 0 0 0 0 0 0 0 0 0 0 0 0 0 0 0 0 0 0 0 0 0 0 0 0 0 0 0 0 0 0 0 0 0 0 0 0 0 0 0 0 0 0 0 0 0 0 0 0 0 0 0 0 0 0 0 0 0 0 0 0 0 0 0 0 0 0 0 0 0 0 0 0 0]","AddressLength":"128","Channel":"System","Computer":"IE11WIN8_1","EventID":"1014","EventRecordID":"882","Keywords":"4611686018695823360","Level":"3","Opcode":"0","ProcessID":"1000","ProviderGuid":"1C95126E-7EEA-49A9-A3FE-A378B03DDB4D","ProviderName":"Microsoft-Windows-DNS-Client","QueryName":"wpad","Task":"1014","ThreadID":"1300","TimeCreated":"2018-01-03T11:23:42.094190359Z","UserID":"S-1-5-20","Version":"0"}}
