{"ecs":{"version":"9.1.0"},"agent":{"type":"fox","version":"0.0.0"},"host":{"hostname":"IACIS-HDD-2014"},"user":{},"event":{"id":"2186","kind":"event","module":"eventlog","dataset":"eventlog.Security","severity":10,"provider":"Microsoft-Windows-Security-Auditing","original":"{\"time\":\"2014-02-03T12:00:36.0408238Z\",\"host\":\"IACIS-HDD-2014\",\"message\":\"An account was successfully logged on\",\"severity\":10,\"sequence\":\"2186\",\"source\":\"eventlog\",\"category\":\"Security\",\"service\":\"Microsoft-Windows-Security-Auditing\",\"fields\":{\"AuthenticationPackageName\":\"Negotiate\",\"Channel\":\"Security\",\"Computer\":\"IACIS-HDD-2014\",\"EventID\":\"4624\",\"EventRecordID\":\"2186\",\"IpAddress\":\"-\",\"IpPort\":\"-\",\"KeyLength\":\"0\",\"Keywords\":\"9232379236109516800\",\"Level\":\"0\",\"LmPackageName\":\"-\",\"LogonGuid\":\"00000000-0000-0000-0000-000000000000\",\"LogonProcessName\":\"Advapi  \",\"LogonType\":\"5\",\"Opcode\":\"0\",\"ProcessID\":\"508\",\"ProcessId\":\"492\",\"ProcessName\":\"C:\\\\Windows\\\\System32\\\\services.exe\",\"ProviderGuid\":\"54849625-5478-4994-A5BA-3E3B0328C30D\",\"ProviderName\":\"Microsoft-Windows-Security-Auditing\",\"SubjectDomainName\":\"WORKGROUP\",\"SubjectLogonId\":\"999\",\"SubjectUserName\":\"IACIS-HDD-2014$\",\"SubjectUserSid\":\"S-1-5-18\",\"TargetDomainName\":\"NT AUTHORITY\",\"TargetLogonId\":\"999\",\"TargetUserName\":\"SYSTEM\",\"TargetUserSid\":\"S-1-5-18\",\"Task\":\"12544\",\"ThreadID\":\"596\",\"TimeCreated\":\"2014-02-03T12:00:36.040823936Z\",\"TransmittedServices\":\"-\",\"Version\":\"0\",\"WorkstationName\":\"\"}}","hash":"23286815a719a2ce","code":"4624"},"labels":{"AuthenticationPackageName":"Negotiate","Channel":"Security","Computer":"IACIS-HDD-2014","EventID":"4624","EventRecordID":"2186","IpAddress":"-","IpPort":"-","KeyLength":"0","Keywords":"9232379236109516800","Level":"0","LmPackageName":"-","LogonGuid":"00000000-0000-0000-0000-000000000000","LogonProcessName":"Advapi  ","LogonType":"5","Opcode":"0","ProcessID":"508","ProcessId":"492","ProcessName":"C:\\Windows\\System32\\services.exe","ProviderGuid":"54849625-5478-4994-A5BA-3E3B0328C30D","ProviderName":"Microsoft-Windows-Security-Auditing","SubjectDomainName":"WORKGROUP","SubjectLogonId":"999","SubjectUserName":"IACIS-HDD-2014$","SubjectUserSid":"S-1-5-18","TargetDomainName":"NT AUTHORITY","TargetLogonId":"999","TargetUserName":"SYSTEM","TargetUserSid":"S-1-5-18","Task":"12544","ThreadID":"596","TimeCreated":"2014-02-03T12:00:36.040823936Z","TransmittedServices":"-","Version":"0","WorkstationName":""},"@timestamp":"2014-02-03T12:00:36.0408238Z","message":"An account was successfully logged on"}
{"ecs":{"version":"9.1.0"},"agent":{"type":"fox","version":"0.0.0"},"host":{"hostname":"IACIS-HDD-2014"},"user":{},"event":{"id":"2187","kind":"event","module":"eventlog","dataset":"eventlog.Security","severity":10,"provider":"Microsoft-Windows-Security-Auditing","original":"{\"time\":\"2014-02-03T12:00:36.0408238Z\",\"host\":\"IACIS-HDD-2014\",\"message\":\"Special privileges assigned to new logon\",\"severity\":10,\"sequence\":\"2187\",\"source\":\"eventlog\",\"category\":\"Security\",\"service\":\"Microsoft-Windows-Security-Auditing\",\"fields\":{\"Channel\":\"Security\",\"Computer\":\"IACIS-HDD-2014\",\"EventID\":\"4672\",\"EventRecordID\":\"2187\",\"Keywords\":\"9232379236109516800\",\"Level\":\"0\",\"Opcode\":\"0\",\"PrivilegeList\":\"SeAssignPrimaryTokenPrivilege\\r\\n\\t\\t\\tSeTcbPrivilege\\r\\n\\t\\t\\tSeSecurityPrivilege\\r\\n\\t\\t\\tSeTakeOwnershipPrivilege\\r\\n\\t\\t\\tSeLoadDriverPrivilege\\r\\n\\t\\t\\tSeBackupPrivilege\\r\\n\\t\\t\\tSeRestorePrivilege\\r\\n\\t\\t\\tSeDebugPrivilege\\r\\n\\t\\t\\tSeAuditPrivilege\\r\\n\\t\\t\\tSeSystemEnvironmentPrivilege\\r\\n\\t\\t\\tSeImpersonatePrivilege\",\"ProcessID\":\"508\",\"ProviderGuid\":\"54849625-5478-4994-A5BA-3E3B0328C30D\",\"ProviderName\":\"Microsoft-Windows-Security-Auditing\",\"SubjectDomainName\":\"NT AUTHORITY\",\"SubjectLogonId\":\"999\",\"SubjectUserName\":\"SYSTEM\",\"SubjectUserSid\":\"S-1-5-18\",\"Task\":\"12548\",\"ThreadID\":\"596\",\"TimeCreated\":\"2014-02-03T12:00:36.040823936Z\",\"Version\":\"0\"}}","hash":"fee8b655b5777f45","code":"4672"},"labels":{"Channel":"Security","Computer":"IACIS-HDD-2014","EventID":"4672","EventRecordID":"2187","Keywords":"9232379236109516800","Level":"0","Opcode":"0","PrivilegeList":"SeAssignPrimaryTokenPrivilege\r\n\t\t\tSeTcbPrivilege\r\n\t\t\tSeSecurityPrivilege\r\n\t\t\tSeTakeOwnershipPrivilege\r\n\t\t\tSeLoadDriverPrivilege\r\n\t\t\tSeBackupPrivilege\r\n\t\t\tSeRestorePrivilege\r\n\t\t\tSeDebugPrivilege\r\n\t\t\tSeAuditPrivilege\r\n\t\t\tSeSystemEnvironmentPrivilege\r\n\t\t\tSeImpersonatePrivilege","ProcessID":"508","ProviderGuid":"54849625-5478-4994-A5BA-3E3B0328C30D","ProviderName":"Microsoft-Windows-Security-Auditing","SubjectDomainName":"NT AUTHORITY","SubjectLogonId":"999","SubjectUserName":"SYSTEM","SubjectUserSid":"S-1-5-18","Task":"12548","ThreadID":"596","TimeCreated":"2014-02-03T12:00:36.040823936Z","Version":"0"},"@timestamp":"2014-02-03T12:00:36.0408238Z","message":"Special privileges assigned to new logon"}
{"ecs":{"version":"9.1.0"},"agent":{"type":"fox","version":"0.0.0"},"host":{"hostname":"IACIS-HDD-2014"},"user":{},"event":{"id":"2188","kind":"event","module":"eventlog","dataset":"eventlog.Security","severity":10,"provider":"Microsoft-Windows-Security-Auditing","original":"{\"time\":\"2014-02-03T12:00:38.0220273Z\",\"host\":\"IACIS-HDD-2014\",\"message\":\"An account was successfully logged on\",\"severity\":10,\"sequence\":\"2188\",\"source\":\"eventlog\",\"category\":\"Security\",\"service\":\"Microsoft-Windows-Security-Auditing\",\"fields\":{\"AuthenticationPackageName\":\"Negotiate\",\"Channel\":\"Security\",\"Computer\":\"IACIS-HDD-2014\",\"EventID\":\"4624\",\"EventRecordID\":\"2188\",\"IpAddress\":\"-\",\"IpPort\":\"-\",\"KeyLength\":\"0\",\"Keywords\":\"9232379236109516800\",\"Level\":\"0\",\"LmPackageName\":\"-\",\"LogonGuid\":\"00000000-0000-0000-0000-000000000000\",\"LogonProcessName\":\"Advapi  \",\"LogonType\":\"5\",\"Opcode\":\"0\",\"ProcessID\":\"508\",\"ProcessId\":\"492\",\"ProcessName\":\"C:\\\\Windows\\\\System32\\\\services.exe\",\"ProviderGuid\":\"54849625-5478-4994-A5BA-3E3B0328C30D\",\"ProviderName\":\"Microsoft-Windows-Security-Auditing\",\"SubjectDomainName\":\"WORKGROUP\",\"SubjectLogonId\":\"999\",\"SubjectUserName\":\"IACIS-HDD-2014$\",\"SubjectUserSid\":\"S-1-5-18\",\"TargetDomainName\":\"NT AUTHORITY\",\"TargetLogonId\":\"997\",\"TargetUserName\":\"LOCAL SERVICE\",\"TargetUserSid\":\"S-1-5-19\",\"Task\":\"12544\",\"ThreadID\":\"556\",\"TimeCreated\":\"2014-02-03T12:00:38.022027254Z\",\"TransmittedServices\":\"-\",\"Version\":\"0\",\"WorkstationName\":\"\"}}","hash":"05bffa1fee28ea2d","code":"4624"},"labels":{"AuthenticationPackageName":"Negotiate","Channel":"Security","Computer":"IACIS-HDD-2014","EventID":"4624","EventRecordID":"2188","IpAddress":"-","IpPort":"-","KeyLength":"0","Keywords":"9232379236109516800","Level":"0","LmPackageName":"-","LogonGuid":"00000000-0000-0000-0000-000000000000","LogonProcessName":"Advapi  ","LogonType":"5","Opcode":"0","ProcessID":"508","ProcessId":"492","ProcessName":"C:\\Windows\\System32\\services.exe","ProviderGuid":"54849625-5478-4994-A5BA-3E3B0328C30D","ProviderName":"Microsoft-Windows-Security-Auditing","SubjectDomainName":"WORKGROUP","SubjectLogonId":"999","SubjectUserName":"IACIS-HDD-2014$","SubjectUserSid":"S-1-5-18","TargetDomainName":"NT AUTHORITY","TargetLogonId":"997","TargetUserName":"LOCAL SERVICE","TargetUserSid":"S-1-5-19","Task":"12544","ThreadID":"556","TimeCreated":"2014-02-03T12:00:38.022027254Z","TransmittedServices":"-","Version":"0","WorkstationName":""},"@timestamp":"2014-02-03T12:00:38.0220273Z","message":"An account was successfully logged on"}
{"ecs":{"version":"9.1.0"},"agent":{"type":"fox","version":"0.0.0"},"host":{"hostname":"IACIS-HDD-2014"},"user":{},"event":{"id":"2189","kind":"event","module":"eventlog","dataset":"eventlog.Security","severity":10,"provider":"Microsoft-Windows-Security-Auditing","original":"{\"time\":\"2014-02-03T12:00:38.0220273Z\",\"host\":\"IACIS-HDD-2014\",\"message\":\"Special privileges assigned to new logon\",\"severity\":10,\"sequence\":\"2189\",\"source\":\"eventlog\",\"category\":\"Security\",\"service\":\"Microsoft-Windows-Security-Auditing\",\"fields\":{\"Channel\":\"Security\",\"Computer\":\"IACIS-HDD-2014\",\"EventID\":\"4672\",\"EventRecordID\":\"2189\",\"Keywords\":\"9232379236109516800\",\"Level\":\"0\",\"Opcode\":\"0\",\"PrivilegeList\":\"SeAssignPrimaryTokenPrivilege\\r\\n\\t\\t\\tSeAuditPrivilege\\r\\n\\t\\t\\tSeImpersonatePrivilege\",\"ProcessID\":\"508\",\"ProviderGuid\":\"54849625-5478-4994-A5BA-3E3B0328C30D\",\"ProviderName\":\"Microsoft-Windows-Security-Auditing\",\"SubjectDomainName\":\"NT AUTHORITY\",\"SubjectLogonId\":\"997\",\"SubjectUserName\":\"LOCAL SERVICE\",\"SubjectUserSid\":\"S-1-5-19\",\"Task\":\"12548\",\"ThreadID\":\"556\",\"TimeCreated\":\"2014-02-03T12:00:38.022027254Z\",\"Version\":\"0\"}}","hash":"0384e6416bd26f7e","code":"4672"},"labels":{"Channel":"Security","Computer":"IACIS-HDD-2014","EventID":"4672","EventRecordID":"2189","Keywords":"9232379236109516800","Level":"0","Opcode":"0","PrivilegeList":"SeAssignPrimaryTokenPrivilege\r\n\t\t\tSeAuditPrivilege\r\n\t\t\tSeImpersonatePrivilege","ProcessID":"508","ProviderGuid":"54849625-5478-4994-A5BA-3E3B0328C30D","ProviderName":"Microsoft-Windows-Security-Auditing","SubjectDomainName":"NT AUTHORITY","SubjectLogonId":"997","SubjectUserName":"LOCAL SERVICE","SubjectUserSid":"S-1-5-19","Task":"12548","ThreadID":"556","TimeCreated":"2014-02-03T12:00:38.022027254Z","Version":"0"},"@timestamp":"2014-02-03T12:00:38.0220273Z","message":"Special privileges assigned to new logon"}
{"ecs":{"version":"9.1.0"},"agent":{"type":"fox","version":"0.0.0"},"host":{"hostname":"IACIS-HDD-2014"},"user":{},"event":{"id":"2190","kind":"event","module":"eventlog","dataset":"eventlog.Security","severity":10,"provider":"Microsoft-Windows-Security-Auditing","original":"{\"time\":\"2014-02-03T12:00:38.0532273Z\",\"host\":\"IACIS-HDD-2014\",\"message\":\"An account was successfully logged on\",\"severity\":10,\"sequence\":\"2190\",\"source\":\"eventlog\",\"category\":\"Security\",\"service\":\"Microsoft-Windows-Security-Auditing\",\"fields\":{\"AuthenticationPackageName\":\"Negotiate\",\"Channel\":\"Security\",\"Computer\":\"IACIS-HDD-2014\",\"EventID\":\"4624\",\"EventRecordID\":\"2190\",\"IpAddress\":\"-\",\"IpPort\":\"-\",\"KeyLength\":\"0\",\"Keywords\":\"9232379236109516800\",\"Level\":\"0\",\"LmPackageName\":\"-\",\"LogonGuid\":\"00000000-0000-0000-0000-000000000000\",\"LogonProcessName\":\"Advapi  \",\"LogonType\":\"5\",\"Opcode\":\"0\",\"ProcessID\":\"508\",\"ProcessId\":\"492\",\"ProcessName\":\"C:\\\\Windows\\\\System32\\\\services.exe\",\"ProviderGuid\":\"54849625-5478-4994-A5BA-3E3B0328C30D\",\"ProviderName\":\"Microsoft-Windows-Security-Auditing\",\"SubjectDomainName\":\"WORKGROUP\",\"SubjectLogonId\":\"999\",\"SubjectUserName\":\"IACIS-HDD-2014$\",\"SubjectUserSid\":\"S-1-5-18\",\"TargetDomainName\":\"NT AUTHORITY\",\"TargetLogonId\":\"999\",\"TargetUserName\":\"SYSTEM\",\"TargetUserSid\":\"S-1-5-18\",\"Task\":\"12544\",\"ThreadID\":\"556\",\"TimeCreated\":\"2014-02-03T12:00:38.053227186Z\",\"TransmittedServices\":\"-\",\"Version\":\"0\",\"WorkstationName\":\"\"}}","hash":"982562ead702084c","code":"4624"},"labels":{"AuthenticationPackageName":"Negotiate","Channel":"Security","Computer":"IACIS-HDD-2014","EventID":"4624","EventRecordID":"2190","IpAddress":"-","IpPort":"-","KeyLength":"0","Keywords":"9232379236109516800","Level":"0","LmPackageName":"-","LogonGuid":"00000000-0000-0000-0000-000000000000","LogonProcessName":"Advapi  ","LogonType":"5","Opcode":"0","ProcessID":"508","ProcessId":"492","ProcessName":"C:\\Windows\\System32\\services.exe","ProviderGuid":"54849625-5478-4994-A5BA-3E3B0328C30D","ProviderName":"Microsoft-Windows-Security-Auditing","SubjectDomainName":"WORKGROUP","SubjectLogonId":"999","SubjectUserName":"IACIS-HDD-2014$","SubjectUserSid":"S-1-5-18","TargetDomainName":"NT AUTHORITY","TargetLogonId":"999","TargetUserName":"SYSTEM","TargetUserSid":"S-1-5-18","Task":"12544","ThreadID":"556","TimeCreated":"2014-02-03T12:00:38.053227186Z","TransmittedServices":"-","Version":"0","WorkstationName":""},"@timestamp":"2014-02-03T12:00:38.0532273Z","message":"An account was successfully logged on"}
{"ecs":{"version":"9.1.0"},"agent":{"type":"fox","version":"0.0.0"},"host":{"hostname":"IACIS-HDD-2014"},"user":{},"event":{"id":"2191","kind":"event","module":"eventlog","dataset":"eventlog.Security","severity":10,"provider":"Microsoft-Windows-Security-Auditing","original":"{\"time\":\"2014-02-03T12:00:38.0532273Z\",\"host\":\"IACIS-HDD-2014\",\"message\":\"Special privileges assigned to new logon\",\"severity\":10,\"sequence\":\"2191\",\"source\":\"eventlog\",\"category\":\"Security\",\"service\":\"Microsoft-Windows-Security-Auditing\",\"fields\":{\"Channel\":\"Security\",\"Computer\":\"IACIS-HDD-2014\",\"EventID\":\"4672\",\"EventRecordID\":\"2191\",\"Keywords\":\"9232379236109516800\",\"Level\":\"0\",\"Opcode\":\"0\",\"PrivilegeList\":\"SeAssignPrimaryTokenPrivilege\\r\\n\\t\\t\\tSeTcbPrivilege\\r\\n\\t\\t\\tSeSecurityPrivilege\\r\\n\\t\\t\\tSeTakeOwnershipPrivilege\\r\\n\\t\\t\\tSeLoadDriverPrivilege\\r\\n\\t\\t\\tSeBackupPrivilege\\r\\n\\t\\t\\tSeRestorePrivilege\\r\\n\\t\\t\\tSeDebugPrivilege\\r\\n\\t\\t\\tSeAuditPrivilege\\r\\n\\t\\t\\tSeSystemEnvironmentPrivilege\\r\\n\\t\\t\\tSeImpersonatePrivilege\",\"ProcessID\":\"508\",\"ProviderGuid\":\"54849625-5478-4994-A5BA-3E3B0328C30D\",\"ProviderName\":\"Microsoft-Windows-Security-Auditing\",\"SubjectDomainName\":\"NT AUTHORITY\",\"SubjectLogonId\":\"999\",\"SubjectUserName\":\"SYSTEM\",\"SubjectUserSid\":\"S-1-5-18\",\"Task\":\"12548\",\"ThreadID\":\"556\",\"TimeCreated\":\"2014-02-03T12:00:38.053227186Z\",\"Version\":\"0\"}}","hash":"1c5ba684e3920517","code":"4672"},"labels":{"Channel":"Security","Computer":"IACIS-HDD-2014","EventID":"4672","EventRecordID":"2191","Keywords":"9232379236109516800","Level":"0","Opcode":"0","PrivilegeList":"SeAssignPrimaryTokenPrivilege\r\n\t\t\tSeTcbPrivilege\r\n\t\t\tSeSecurityPrivilege\r\n\t\t\tSeTakeOwnershipPrivilege\r\n\t\t\tSeLoadDriverPrivilege\r\n\t\t\tSeBackupPrivilege\r\n\t\t\tSeRestorePrivilege\r\n\t\t\tSeDebugPrivilege\r\n\t\t\tSeAuditPrivilege\r\n\t\t\tSeSystemEnvironmentPrivilege\r\n\t\t\tSeImpersonatePrivilege","ProcessID":"508","ProviderGuid":"54849625-5478-4994-A5BA-3E3B0328C30D","ProviderName":"Microsoft-Windows-Security-Auditing","SubjectDomainName":"NT AUTHORITY","SubjectLogonId":"999","SubjectUserName":"SYSTEM","SubjectUserSid":"S-1-5-18","Task":"12548","ThreadID":"556","TimeCreated":"2014-02-03T12:00:38.053227186Z","Version":"0"},"@timestamp":"2014-02-03T12:00:38.0532273Z","message":"Special privileges assigned to new logon"}
{"ecs":{"version":"9.1.0"},"agent":{"type":"fox","version":"0.0.0"},"host":{"hostname":"IACIS-HDD-2014"},"user":{},"event":{"id":"2193","kind":"event","module":"eventlog","dataset":"eventlog.Security","severity":10,"provider":"Microsoft-Windows-Security-Auditing","original":"{\"time\":\"2014-02-03T12:00:38.1000274Z\",\"host\":\"IACIS-HDD-2014\",\"message\":\"Special privileges assigned to new logon\",\"severity\":10,\"sequence\":\"2193\",\"source\":\"eventlog\",\"category\":\"Security\",\"service\":\"Microsoft-Windows-Security-Auditing\",\"fields\":{\"Channel\":\"Security\",\"Computer\":\"IACIS-HDD-2014\",\"EventID\":\"4672\",\"EventRecordID\":\"2193\",\"Keywords\":\"9232379236109516800\",\"Level\":\"0\",\"Opcode\":\"0\",\"PrivilegeList\":\"SeAssignPrimaryTokenPrivilege\\r\\n\\t\\t\\tSeTcbPrivilege\\r\\n\\t\\t\\tSeSecurityPrivilege\\r\\n\\t\\t\\tSeTakeOwnershipPrivilege\\r\\n\\t\\t\\tSeLoadDriverPrivilege\\r\\n\\t\\t\\tSeBackupPrivilege\\r\\n\\t\\t\\tSeRestorePrivilege\\r\\n\\t\\t\\tSeDebugPrivilege\\r\\n\\t\\t\\tSeAuditPrivilege\\r\\n\\t\\t\\tSeSystemEnvironmentPrivilege\\r\\n\\t\\t\\tSeImpersonatePrivilege\",\"ProcessID\":\"508\",\"ProviderGuid\":\"54849625-5478-4994-A5BA-3E3B0328C30D\",\"ProviderName\":\"Microsoft-Windows-Security-Auditing\",\"SubjectDomainName\":\"NT AUTHORITY\",\"SubjectLogonId\":\"999\",\"SubjectUserName\":\"SYSTEM\",\"SubjectUserSid\":\"S-1-5-18\",\"Task\":\"12548\",\"ThreadID\":\"556\",\"TimeCreated\":\"2014-02-03T12:00:38.100027084Z\",\"Version\":\"0\"}}","hash":"5511675a4ab3d9e5","code":"4672"},"labels":{"Channel":"Security","Computer":"IACIS-HDD-2014","EventID":"4672","EventRecordID":"2193","Keywords":"9232379236109516800","Level":"0","Opcode":"0","PrivilegeList":"SeAssignPrimaryTokenPrivilege\r\n\t\t\tSeTcbPrivilege\r\n\t\t\tSeSecurityPrivilege\r\n\t\t\tSeTakeOwnershipPrivilege\r\n\t\t\tSeLoadDriverPrivilege\r\n\t\t\tSeBackupPrivilege\r\n\t\t\tSeRestorePrivilege\r\n\t\t\tSeDebugPrivilege\r\n\t\t\tSeAuditPrivilege\r\n\t\t\tSeSystemEnvironmentPrivilege\r\n\t\t\tSeImpersonatePrivilege","ProcessID":"508","ProviderGuid":"54849625-5478-4994-A5BA-3E3B0328C30D","ProviderName":"Microsoft-Windows-Security-Auditing","SubjectDomainName":"NT AUTHORITY","SubjectLogonId":"999","SubjectUserName":"SYSTEM","SubjectUserSid":"S-1-5-18","Task":"12548","ThreadID":"556","TimeCreated":"2014-02-03T12:00:38.100027084Z","Version":"0"},"@timestamp":"2014-02-03T12:00:38.1000274Z","message":"Special privileges assigned to new logon"}
{"ecs":{"version":"9.1.0"},"agent":{"type":"fox","version":"0.0.0"},"host":{"hostname":"IACIS-HDD-2014"},"user":{},"event":{"id":"2192","kind":"event","module":"eventlog","dataset":"eventlog.Security","severity":10,"provider":"Microsoft-Windows-Security-Auditing","original":"{\"time\":\"2014-02-03T12:00:38.1000274Z\",\"host\":\"IACIS-HDD-2014\",\"message\":\"An account was successfully logged on\",\"severity\":10,\"sequence\":\"2192\",\"source\":\"eventlog\",\"category\":\"Security\",\"service\":\"Microsoft-Windows-Security-Auditing\",\"fields\":{\"AuthenticationPackageName\":\"Negotiate\",\"Channel\":\"Security\",\"Computer\":\"IACIS-HDD-2014\",\"EventID\":\"4624\",\"EventRecordID\":\"2192\",\"IpAddress\":\"-\",\"IpPort\":\"-\",\"KeyLength\":\"0\",\"Keywords\":\"9232379236109516800\",\"Level\":\"0\",\"LmPackageName\":\"-\",\"LogonGuid\":\"00000000-0000-0000-0000-000000000000\",\"LogonProcessName\":\"Advapi  \",\"LogonType\":\"5\",\"Opcode\":\"0\",\"ProcessID\":\"508\",\"ProcessId\":\"492\",\"ProcessName\":\"C:\\\\Windows\\\\System32\\\\services.exe\",\"ProviderGuid\":\"54849625-5478-4994-A5BA-3E3B0328C30D\",\"ProviderName\":\"Microsoft-Windows-Security-Auditing\",\"SubjectDomainName\":\"WORKGROUP\",\"SubjectLogonId\":\"999\",\"SubjectUserName\":\"IACIS-HDD-2014$\",\"SubjectUserSid\":\"S-1-5-18\",\"TargetDomainName\":\"NT AUTHORITY\",\"TargetLogonId\":\"999\",\"TargetUserName\":\"SYSTEM\",\"TargetUserSid\":\"S-1-5-18\",\"Task\":\"12544\",\"ThreadID\":\"556\",\"TimeCreated\":\"2014-02-03T12:00:38.100027084Z\",\"TransmittedServices\":\"-\",\"Version\":\"0\",\"WorkstationName\":\"\"}}","hash":"3e986415a9890ce6","code":"4624"},"labels":{"AuthenticationPackageName":"Negotiate","Channel":"Security","Computer":"IACIS-HDD-2014","EventID":"4624","EventRecordID":"2192","IpAddress":"-","IpPort":"-","KeyLength":"0","Keywords":"9232379236109516800","Level":"0","LmPackageName":"-","LogonGuid":"00000000-0000-0000-0000-000000000000","LogonProcessName":"Advapi  ","LogonType":"5","Opcode":"0","ProcessID":"508","ProcessId":"492","ProcessName":"C:\\Windows\\System32\\services.exe","ProviderGuid":"54849625-5478-4994-A5BA-3E3B0328C30D","ProviderName":"Microsoft-Windows-Security-Auditing","SubjectDomainName":"WORKGROUP","SubjectLogonId":"999","SubjectUserName":"IACIS-HDD-2014$","SubjectUserSid":"S-1-5-18","TargetDomainName":"NT AUTHORITY","TargetLogonId":"999","TargetUserName":"SYSTEM","TargetUserSid":"S-1-5-18","Task":"12544","ThreadID":"556","TimeCreated":"2014-02-03T12:00:38.100027084Z","TransmittedServices":"-","Version":"0","WorkstationName":""},"@timestamp":"2014-02-03T12:00:38.1000274Z","message":"An account was successfully logged on"}
{"ecs":{"version":"9.1.0"},"agent":{"type":"fox","version":"0.0.0"},"host":{"hostname":"IACIS-HDD-2014"},"user":{},"event":{"id":"2194","kind":"event","module":"eventlog","dataset":"eventlog.Security","severity":10,"provider":"Microsoft-Windows-Security-Auditing","original":"{\"time\":\"2014-02-03T12:00:38.412028Z\",\"host\":\"IACIS-HDD-2014\",\"message\":\"An account was successfully logged on\",\"severity\":10,\"sequence\":\"2194\",\"source\":\"eventlog\",\"category\":\"Security\",\"service\":\"Microsoft-Windows-Security-Auditing\",\"fields\":{\"AuthenticationPackageName\":\"Negotiate\",\"Channel\":\"Security\",\"Computer\":\"IACIS-HDD-2014\",\"EventID\":\"4624\",\"EventRecordID\":\"2194\",\"IpAddress\":\"-\",\"IpPort\":\"-\",\"KeyLength\":\"0\",\"Keywords\":\"9232379236109516800\",\"Level\":\"0\",\"LmPackageName\":\"-\",\"LogonGuid\":\"00000000-0000-0000-0000-000000000000\",\"LogonProcessName\":\"Advapi  \",\"LogonType\":\"5\",\"Opcode\":\"0\",\"ProcessID\":\"508\",\"ProcessId\":\"492\",\"ProcessName\":\"C:\\\\Windows\\\\System32\\\\services.exe\",\"ProviderGuid\":\"54849625-5478-4994-A5BA-3E3B0328C30D\",\"ProviderName\":\"Microsoft-Windows-Security-Auditing\",\"SubjectDomainName\":\"WORKGROUP\",\"SubjectLogonId\":\"999\",\"SubjectUserName\":\"IACIS-HDD-2014$\",\"SubjectUserSid\":\"S-1-5-18\",\"TargetDomainName\":\"NT AUTHORITY\",\"TargetLogonId\":\"999\",\"TargetUserName\":\"SYSTEM\",\"TargetUserSid\":\"S-1-5-18\",\"Task\":\"12544\",\"ThreadID\":\"556\",\"TimeCreated\":\"2014-02-03T12:00:38.412028789Z\",\"TransmittedServices\":\"-\",\"Version\":\"0\",\"WorkstationName\":\"\"}}","hash":"5e04a1790825ab75","code":"4624"},"labels":{"AuthenticationPackageName":"Negotiate","Channel":"Security","Computer":"IACIS-HDD-2014","EventID":"4624","EventRecordID":"2194","IpAddress":"-","IpPort":"-","KeyLength":"0","Keywords":"9232379236109516800","Level":"0","LmPackageName":"-","LogonGuid":"00000000-0000-0000-0000-000000000000","LogonProcessName":"Advapi  ","LogonType":"5","Opcode":"0","ProcessID":"508","ProcessId":"492","ProcessName":"C:\\Windows\\System32\\services.exe","ProviderGuid":"54849625-5478-4994-A5BA-3E3B0328C30D","ProviderName":"Microsoft-Windows-Security-Auditing","SubjectDomainName":"WORKGROUP","SubjectLogonId":"999","SubjectUserName":"IACIS-HDD-2014$","SubjectUserSid":"S-1-5-18","TargetDomainName":"NT AUTHORITY","TargetLogonId":"999","TargetUserName":"SYSTEM","TargetUserSid":"S-1-5-18","Task":"12544","ThreadID":"556","TimeCreated":"2014-02-03T12:00:38.412028789Z","TransmittedServices":"-","Version":"0","WorkstationName":""},"@timestamp":"2014-02-03T12:00:38.412028Z","message":"An account was successfully logged on"}
{"ecs":{"version":"9.1.0"},"agent":{"type":"fox","version":"0.0.0"},"host":{"hostname":"IACIS-HDD-2014"},"user":{},"event":{"id":"2195","kind":"event","module":"eventlog","dataset":"eventlog.Security","severity":10,"provider":"Microsoft-Windows-Security-Auditing","original":"{\"time\":\"2014-02-03T12:00:38.412028Z\",\"host\":\"IACIS-HDD-2014\",\"message\":\"Special privileges assigned to new logon\",\"severity\":10,\"sequence\":\"2195\",\"source\":\"eventlog\",\"category\":\"Security\",\"service\":\"Microsoft-Windows-Security-Auditing\",\"fields\":{\"Channel\":\"Security\",\"Computer\":\"IACIS-HDD-2014\",\"EventID\":\"4672\",\"EventRecordID\":\"2195\",\"Keywords\":\"9232379236109516800\",\"Level\":\"0\",\"Opcode\":\"0\",\"PrivilegeList\":\"SeAssignPrimaryTokenPrivilege\\r\\n\\t\\t\\tSeTcbPrivilege\\r\\n\\t\\t\\tSeSecurityPrivilege\\r\\n\\t\\t\\tSeTakeOwnershipPrivilege\\r\\n\\t\\t\\tSeLoadDriverPrivilege\\r\\n\\t\\t\\tSeBackupPrivilege\\r\\n\\t\\t\\tSeRestorePrivilege\\r\\n\\t\\t\\tSeDebugPrivilege\\r\\n\\t\\t\\tSeAuditPrivilege\\r\\n\\t\\t\\tSeSystemEnvironmentPrivilege\\r\\n\\t\\t\\tSeImpersonatePrivilege\",\"ProcessID\":\"508\",\"ProviderGuid\":\"54849625-5478-4994-A5BA-3E3B0328C30D\",\"ProviderName\":\"Microsoft-Windows-Security-Auditing\",\"SubjectDomainName\":\"NT AUTHORITY\",\"SubjectLogonId\":\"999\",\"SubjectUserName\":\"SYSTEM\",\"SubjectUserSid\":\"S-1-5-18\",\"Task\":\"12548\",\"ThreadID\":\"556\",\"TimeCreated\":\"2014-02-03T12:00:38.412028789Z\",\"Version\":\"0\"}}","hash":"3e551794cc8695d0","code":"4672"},"labels":{"Channel":"Security","Computer":"IACIS-HDD-2014","EventID":"4672","EventRecordID":"2195","Keywords":"9232379236109516800","Level":"0","Opcode":"0","PrivilegeList":"SeAssignPrimaryTokenPrivilege\r\n\t\t\tSeTcbPrivilege\r\n\t\t\tSeSecurityPrivilege\r\n\t\t\tSeTakeOwnershipPrivilege\r\n\t\t\tSeLoadDriverPrivilege\r\n\t\t\tSeBackupPrivilege\r\n\t\t\tSeRestorePrivilege\r\n\t\t\tSeDebugPrivilege\r\n\t\t\tSeAuditPrivilege\r\n\t\t\tSeSystemEnvironmentPrivilege\r\n\t\t\tSeImpersonatePrivilege","ProcessID":"508","ProviderGuid":"54849625-5478-4994-A5BA-3E3B0328C30D","ProviderName":"Microsoft-Windows-Security-Auditing","SubjectDomainName":"NT AUTHORITY","SubjectLogonId":"999","SubjectUserName":"SYSTEM","SubjectUserSid":"S-1-5-18","Task":"12548","ThreadID":"556","TimeCreated":"2014-02-03T12:00:38.412028789Z","Version":"0"},"@timestamp":"2014-02-03T12:00:38.412028Z","message":"Special privileges assigned to new logon"}
{"ecs":{"version":"9.1.0"},"agent":{"type":"fox","version":"0.0.0"},"host":{"hostname":"IACIS-HDD-2014"},"user":{},"event":{"id":"2198","kind":"event","module":"eventlog","dataset":"eventlog.Security","severity":10,"provider":"Microsoft-Windows-Security-Auditing","original":"{\"time\":\"2014-02-03T12:00:46.207242Z\",\"host\":\"IACIS-HDD-2014\",\"message\":\"Special privileges assigned to new logon\",\"severity\":10,\"sequence\":\"2198\",\"source\":\"eventlog\",\"category\":\"Security\",\"service\":\"Microsoft-Windows-Security-Auditing\",\"fields\":{\"Channel\":\"Security\",\"Computer\":\"IACIS-HDD-2014\",\"EventID\":\"4672\",\"EventRecordID\":\"2198\",\"Keywords\":\"9232379236109516800\",\"Level\":\"0\",\"Opcode\":\"0\",\"PrivilegeList\":\"SeAssignPrimaryTokenPrivilege\\r\\n\\t\\t\\tSeTcbPrivilege\\r\\n\\t\\t\\tSeSecurityPrivilege\\r\\n\\t\\t\\tSeTakeOwnershipPrivilege\\r\\n\\t\\t\\tSeLoadDriverPrivilege\\r\\n\\t\\t\\tSeBackupPrivilege\\r\\n\\t\\t\\tSeRestorePrivilege\\r\\n\\t\\t\\tSeDebugPrivilege\\r\\n\\t\\t\\tSeAuditPrivilege\\r\\n\\t\\t\\tSeSystemEnvironmentPrivilege\\r\\n\\t\\t\\tSeImpersonatePrivilege\",\"ProcessID\":\"508\",\"ProviderGuid\":\"54849625-5478-4994-A5BA-3E3B0328C30D\",\"ProviderName\":\"Microsoft-Windows-Security-Auditing\",\"SubjectDomainName\":\"NT AUTHORITY\",\"SubjectLogonId\":\"999\",\"SubjectUserName\":\"SYSTEM\",\"SubjectUserSid\":\"S-1-5-18\",\"Task\":\"12548\",\"ThreadID\":\"544\",\"TimeCreated\":\"2014-02-03T12:00:46.207241535Z\",\"Version\":\"0\"}}","hash":"c22d7adca419ded3","code":"4672"},"labels":{"Channel":"Security","Computer":"IACIS-HDD-2014","EventID":"4672","EventRecordID":"2198","Keywords":"9232379236109516800","Level":"0","Opcode":"0","PrivilegeList":"SeAssignPrimaryTokenPrivilege\r\n\t\t\tSeTcbPrivilege\r\n\t\t\tSeSecurityPrivilege\r\n\t\t\tSeTakeOwnershipPrivilege\r\n\t\t\tSeLoadDriverPrivilege\r\n\t\t\tSeBackupPrivilege\r\n\t\t\tSeRestorePrivilege\r\n\t\t\tSeDebugPrivilege\r\n\t\t\tSeAuditPrivilege\r\n\t\t\tSeSystemEnvironmentPrivilege\r\n\t\t\tSeImpersonatePrivilege","ProcessID":"508","ProviderGuid":"54849625-5478-4994-A5BA-3E3B0328C30D","ProviderName":"Microsoft-Windows-Security-Auditing","SubjectDomainName":"NT AUTHORITY","SubjectLogonId":"999","SubjectUserName":"SYSTEM","SubjectUserSid":"S-1-5-18","Task":"12548","ThreadID":"544","TimeCreated":"2014-02-03T12:00:46.207241535Z","Version":"0"},"@timestamp":"2014-02-03T12:00:46.207242Z","message":"Special privileges assigned to new logon"}
{"ecs":{"version":"9.1.0"},"agent":{"type":"fox","version":"0.0.0"},"host":{"hostname":"IACIS-HDD-2014"},"user":{},"event":{"id":"2197","kind":"event","module":"eventlog","dataset":"eventlog.Security","severity":10,"provider":"Microsoft-Windows-Security-Auditing","original":"{\"time\":\"2014-02-03T12:00:46.207242Z\",\"host\":\"IACIS-HDD-2014\",\"message\":\"An account was successfully logged on\",\"severity\":10,\"sequence\":\"2197\",\"source\":\"eventlog\",\"category\":\"Security\",\"service\":\"Microsoft-Windows-Security-Auditing\",\"fields\":{\"AuthenticationPackageName\":\"Negotiate\",\"Channel\":\"Security\",\"Computer\":\"IACIS-HDD-2014\",\"EventID\":\"4624\",\"EventRecordID\":\"2197\",\"IpAddress\":\"-\",\"IpPort\":\"-\",\"KeyLength\":\"0\",\"Keywords\":\"9232379236109516800\",\"Level\":\"0\",\"LmPackageName\":\"-\",\"LogonGuid\":\"00000000-0000-0000-0000-000000000000\",\"LogonProcessName\":\"Advapi  \",\"LogonType\":\"5\",\"Opcode\":\"0\",\"ProcessID\":\"508\",\"ProcessId\":\"492\",\"ProcessName\":\"C:\\\\Windows\\\\System32\\\\services.exe\",\"ProviderGuid\":\"54849625-5478-4994-A5BA-3E3B0328C30D\",\"ProviderName\":\"Microsoft-Windows-Security-Auditing\",\"SubjectDomainName\":\"WORKGROUP\",\"SubjectLogonId\":\"999\",\"SubjectUserName\":\"IACIS-HDD-2014$\",\"SubjectUserSid\":\"S-1-5-18\",\"TargetDomainName\":\"NT AUTHORITY\",\"TargetLogonId\":\"999\",\"TargetUserName\":\"SYSTEM\",\"TargetUserSid\":\"S-1-5-18\",\"Task\":\"12544\",\"ThreadID\":\"544\",\"TimeCreated\":\"2014-02-03T12:00:46.207241535Z\",\"TransmittedServices\":\"-\",\"Version\":\"0\",\"WorkstationName\":\"\"}}","hash":"0306fad70a14b814","code":"4624"},"labels":{"AuthenticationPackageName":"Negotiate","Channel":"Security","Computer":"IACIS-HDD-2014","EventID":"4624","EventRecordID":"2197","IpAddress":"-","IpPort":"-","KeyLength":"0","Keywords":"9232379236109516800","Level":"0","LmPackageName":"-","LogonGuid":"00000000-0000-0000-0000-000000000000","LogonProcessName":"Advapi  ","LogonType":"5","Opcode":"0","ProcessID":"508","ProcessId":"492","ProcessName":"C:\\Windows\\System32\\services.exe","ProviderGuid":"54849625-5478-4994-A5BA-3E3B0328C30D","ProviderName":"Microsoft-Windows-Security-Auditing","SubjectDomainName":"WORKGROUP","SubjectLogonId":"999","SubjectUserName":"IACIS-HDD-2014$","SubjectUserSid":"S-1-5-18","TargetDomainName":"NT AUTHORITY","TargetLogonId":"999","TargetUserName":"SYSTEM","TargetUserSid":"S-1-5-18","Task":"12544","ThreadID":"544","TimeCreated":"2014-02-03T12:00:46.207241535Z","TransmittedServices":"-","Version":"0","WorkstationName":""},"@timestamp":"2014-02-03T12:00:46.207242Z","message":"An account was successfully logged on"}
{"ecs":{"version":"9.1.0"},"agent":{"type":"fox","version":"0.0.0"},"host":{"hostname":"IACIS-HDD-2014"},"user":{},"event":{"id":"2201","kind":"event","module":"eventlog","dataset":"eventlog.Security","severity":10,"provider":"Microsoft-Windows-Security-Auditing","original":"{\"time\":\"2014-02-03T12:00:46.8592637Z\",\"host\":\"IACIS-HDD-2014\",\"message\":\"An account was successfully logged on\",\"severity\":10,\"sequence\":\"2201\",\"source\":\"eventlog\",\"category\":\"Security\",\"service\":\"Microsoft-Windows-Security-Auditing\",\"fields\":{\"AuthenticationPackageName\":\"NTLM\",\"Channel\":\"Security\",\"Computer\":\"IACIS-HDD-2014\",\"EventID\":\"4624\",\"EventRecordID\":\"2201\",\"IpAddress\":\"-\",\"IpPort\":\"-\",\"KeyLength\":\"0\",\"Keywords\":\"9232379236109516800\",\"Level\":\"0\",\"LmPackageName\":\"NTLM V1\",\"LogonGuid\":\"00000000-0000-0000-0000-000000000000\",\"LogonProcessName\":\"NtLmSsp \",\"LogonType\":\"3\",\"Opcode\":\"0\",\"ProcessID\":\"508\",\"ProcessId\":\"0\",\"ProcessName\":\"-\",\"ProviderGuid\":\"54849625-5478-4994-A5BA-3E3B0328C30D\",\"ProviderName\":\"Microsoft-Windows-Security-Auditing\",\"SubjectDomainName\":\"-\",\"SubjectLogonId\":\"0\",\"SubjectUserName\":\"-\",\"SubjectUserSid\":\"S-1-0-0\",\"TargetDomainName\":\"NT AUTHORITY\",\"TargetLogonId\":\"108156\",\"TargetUserName\":\"ANONYMOUS LOGON\",\"TargetUserSid\":\"S-1-5-7\",\"Task\":\"12544\",\"ThreadID\":\"544\",\"TimeCreated\":\"2014-02-03T12:00:46.859263896Z\",\"TransmittedServices\":\"-\",\"Version\":\"0\",\"WorkstationName\":\"\"}}","hash":"a2cf12c5640e41af","code":"4624"},"labels":{"AuthenticationPackageName":"NTLM","Channel":"Security","Computer":"IACIS-HDD-2014","EventID":"4624","EventRecordID":"2201","IpAddress":"-","IpPort":"-","KeyLength":"0","Keywords":"9232379236109516800","Level":"0","LmPackageName":"NTLM V1","LogonGuid":"00000000-0000-0000-0000-000000000000","LogonProcessName":"NtLmSsp ","LogonType":"3","Opcode":"0","ProcessID":"508","ProcessId":"0","ProcessName":"-","ProviderGuid":"54849625-5478-4994-A5BA-3E3B0328C30D","ProviderName":"Microsoft-Windows-Security-Auditing","SubjectDomainName":"-","SubjectLogonId":"0","SubjectUserName":"-","SubjectUserSid":"S-1-0-0","TargetDomainName":"NT AUTHORITY","TargetLogonId":"108156","TargetUserName":"ANONYMOUS LOGON","TargetUserSid":"S-1-5-7","Task":"12544","ThreadID":"544","TimeCreated":"2014-02-03T12:00:46.859263896Z","TransmittedServices":"-","Version":"0","WorkstationName":""},"@timestamp":"2014-02-03T12:00:46.8592637Z","message":"An account was successfully logged on"}
{"ecs":{"version":"9.1.0"},"agent":{"type":"fox","version":"0.0.0"},"host":{"hostname":"IACIS-HDD-2014"},"user":{},"event":{"id":"2249","kind":"event","module":"eventlog","dataset":"eventlog.Security","severity":10,"provider":"Microsoft-Windows-Security-Auditing","original":"{\"time\":\"2014-02-03T12:01:52.7444233Z\",\"host\":\"IACIS-HDD-2014\",\"message\":\"An account was successfully logged on\",\"severity\":10,\"sequence\":\"2249\",\"source\":\"eventlog\",\"category\":\"Security\",\"service\":\"Microsoft-Windows-Security-Auditing\",\"fields\":{\"AuthenticationPackageName\":\"-\",\"Channel\":\"Security\",\"Computer\":\"IACIS-HDD-2014\",\"EventID\":\"4624\",\"EventRecordID\":\"2249\",\"IpAddress\":\"-\",\"IpPort\":\"-\",\"KeyLength\":\"0\",\"Keywords\":\"9232379236109516800\",\"Level\":\"0\",\"LmPackageName\":\"-\",\"LogonGuid\":\"00000000-0000-0000-0000-000000000000\",\"LogonProcessName\":\"-\",\"LogonType\":\"0\",\"Opcode\":\"0\",\"ProcessID\":\"508\",\"ProcessId\":\"4\",\"ProcessName\":\"\",\"ProviderGuid\":\"54849625-5478-4994-A5BA-3E3B0328C30D\",\"ProviderName\":\"Microsoft-Windows-Security-Auditing\",\"SubjectDomainName\":\"-\",\"SubjectLogonId\":\"0\",\"SubjectUserName\":\"-\",\"SubjectUserSid\":\"S-1-0-0\",\"TargetDomainName\":\"NT AUTHORITY\",\"TargetLogonId\":\"999\",\"TargetUserName\":\"SYSTEM\",\"TargetUserSid\":\"S-1-5-18\",\"Task\":\"12544\",\"ThreadID\":\"512\",\"TimeCreated\":\"2014-02-03T12:01:52.744424104Z\",\"TransmittedServices\":\"-\",\"Version\":\"0\",\"WorkstationName\":\"-\"}}","hash":"95bb5ae8ce6c74d0","code":"4624"},"labels":{"AuthenticationPackageName":"-","Channel":"Security","Computer":"IACIS-HDD-2014","EventID":"4624","EventRecordID":"2249","IpAddress":"-","IpPort":"-","KeyLength":"0","Keywords":"9232379236109516800","Level":"0","LmPackageName":"-","LogonGuid":"00000000-0000-0000-0000-000000000000","LogonProcessName":"-","LogonType":"0","Opcode":"0","ProcessID":"508","ProcessId":"4","ProcessName":"","ProviderGuid":"54849625-5478-4994-A5BA-3E3B0328C30D","ProviderName":"Microsoft-Windows-Security-Auditing","SubjectDomainName":"-","SubjectLogonId":"0","SubjectUserName":"-","SubjectUserSid":"S-1-0-0","TargetDomainName":"NT AUTHORITY","TargetLogonId":"999","TargetUserName":"SYSTEM","TargetUserSid":"S-1-5-18","Task":"12544","ThreadID":"512","TimeCreated":"2014-02-03T12:01:52.744424104Z","TransmittedServices":"-","Version":"0","WorkstationName":"-"},"@timestamp":"2014-02-03T12:01:52.7444233Z","message":"An account was successfully logged on"}
{"ecs":{"version":"9.1.0"},"agent":{"type":"fox","version":"0.0.0"},"host":{"hostname":"IACIS-HDD-2014"},"user":{},"event":{"id":"2250","kind":"event","module":"eventlog","dataset":"eventlog.Security","severity":10,"provider":"Microsoft-Windows-Security-Auditing","original":"{\"time\":\"2014-02-03T12:01:52.8380234Z\",\"host\":\"IACIS-HDD-2014\",\"message\":\"The Per-user audit policy table was created\",\"severity\":10,\"sequence\":\"2250\",\"source\":\"eventlog\",\"category\":\"Security\",\"service\":\"Microsoft-Windows-Security-Auditing\",\"fields\":{\"Channel\":\"Security\",\"Computer\":\"IACIS-HDD-2014\",\"EventID\":\"4902\",\"EventRecordID\":\"2250\",\"Keywords\":\"9232379236109516800\",\"Level\":\"0\",\"Opcode\":\"0\",\"ProcessID\":\"508\",\"ProviderGuid\":\"54849625-5478-4994-A5BA-3E3B0328C30D\",\"ProviderName\":\"Microsoft-Windows-Security-Auditing\",\"PuaCount\":\"0\",\"PuaPolicyId\":\"36973\",\"Task\":\"13568\",\"ThreadID\":\"560\",\"TimeCreated\":\"2014-02-03T12:01:52.8380239Z\",\"Version\":\"0\"}}","hash":"67962b637d07fcde","code":"4902"},"labels":{"Channel":"Security","Computer":"IACIS-HDD-2014","EventID":"4902","EventRecordID":"2250","Keywords":"9232379236109516800","Level":"0","Opcode":"0","ProcessID":"508","ProviderGuid":"54849625-5478-4994-A5BA-3E3B0328C30D","ProviderName":"Microsoft-Windows-Security-Auditing","PuaCount":"0","PuaPolicyId":"36973","Task":"13568","ThreadID":"560","TimeCreated":"2014-02-03T12:01:52.8380239Z","Version":"0"},"@timestamp":"2014-02-03T12:01:52.8380234Z","message":"The Per-user audit policy table was created"}
{"ecs":{"version":"9.1.0"},"agent":{"type":"fox","version":"0.0.0"},"host":{"hostname":"IACIS-HDD-2014"},"user":{},"event":{"id":"2251","kind":"event","module":"eventlog","dataset":"eventlog.Security","severity":10,"provider":"Microsoft-Windows-Security-Auditing","original":"{\"time\":\"2014-02-03T12:01:52.9628237Z\",\"host\":\"IACIS-HDD-2014\",\"message\":\"An account was successfully logged on\",\"severity\":10,\"sequence\":\"2251\",\"source\":\"eventlog\",\"category\":\"Security\",\"service\":\"Microsoft-Windows-Security-Auditing\",\"fields\":{\"AuthenticationPackageName\":\"Negotiate\",\"Channel\":\"Security\",\"Computer\":\"IACIS-HDD-2014\",\"EventID\":\"4624\",\"EventRecordID\":\"2251\",\"IpAddress\":\"-\",\"IpPort\":\"-\",\"KeyLength\":\"0\",\"Keywords\":\"9232379236109516800\",\"Level\":\"0\",\"LmPackageName\":\"-\",\"LogonGuid\":\"00000000-0000-0000-0000-000000000000\",\"LogonProcessName\":\"Advapi  \",\"LogonType\":\"5\",\"Opcode\":\"0\",\"ProcessID\":\"508\",\"ProcessId\":\"492\",\"ProcessName\":\"C:\\\\Windows\\\\System32\\\\services.exe\",\"ProviderGuid\":\"54849625-5478-4994-A5BA-3E3B0328C30D\",\"ProviderName\":\"Microsoft-Windows-Security-Auditing\",\"SubjectDomainName\":\"WORKGROUP\",\"SubjectLogonId\":\"999\",\"SubjectUserName\":\"IACIS-HDD-2014$\",\"SubjectUserSid\":\"S-1-5-18\",\"TargetDomainName\":\"NT AUTHORITY\",\"TargetLogonId\":\"999\",\"TargetUserName\":\"SYSTEM\",\"TargetUserSid\":\"S-1-5-18\",\"Task\":\"12544\",\"ThreadID\":\"544\",\"TimeCreated\":\"2014-02-03T12:01:52.962824106Z\",\"TransmittedServices\":\"-\",\"Version\":\"0\",\"WorkstationName\":\"\"}}","hash":"933254570ab35ea6","code":"4624"},"labels":{"AuthenticationPackageName":"Negotiate","Channel":"Security","Computer":"IACIS-HDD-2014","EventID":"4624","EventRecordID":"2251","IpAddress":"-","IpPort":"-","KeyLength":"0","Keywords":"9232379236109516800","Level":"0","LmPackageName":"-","LogonGuid":"00000000-0000-0000-0000-000000000000","LogonProcessName":"Advapi  ","LogonType":"5","Opcode":"0","ProcessID":"508","ProcessId":"492","ProcessName":"C:\\Windows\\System32\\services.exe","ProviderGuid":"54849625-5478-4994-A5BA-3E3B0328C30D","ProviderName":"Microsoft-Windows-Security-Auditing","SubjectDomainName":"WORKGROUP","SubjectLogonId":"999","SubjectUserName":"IACIS-HDD-2014$","SubjectUserSid":"S-1-5-18","TargetDomainName":"NT AUTHORITY","TargetLogonId":"999","TargetUserName":"SYSTEM","TargetUserSid":"S-1-5-18","Task":"12544","ThreadID":"544","TimeCreated":"2014-02-03T12:01:52.962824106Z","TransmittedServices":"-","Version":"0","WorkstationName":""},"@timestamp":"2014-02-03T12:01:52.9628237Z","message":"An account was successfully logged on"}
{"ecs":{"version":"9.1.0"},"agent":{"type":"fox","version":"0.0.0"},"host":{"hostname":"IACIS-HDD-2014"},"user":{},"event":{"id":"2252","kind":"event","module":"eventlog","dataset":"eventlog.Security","severity":10,"provider":"Microsoft-Windows-Security-Auditing","original":"{\"time\":\"2014-02-03T12:01:52.9628237Z\",\"host\":\"IACIS-HDD-2014\",\"message\":\"Special privileges assigned to new logon\",\"severity\":10,\"sequence\":\"2252\",\"source\":\"eventlog\",\"category\":\"Security\",\"service\":\"Microsoft-Windows-Security-Auditing\",\"fields\":{\"Channel\":\"Security\",\"Computer\":\"IACIS-HDD-2014\",\"EventID\":\"4672\",\"EventRecordID\":\"2252\",\"Keywords\":\"9232379236109516800\",\"Level\":\"0\",\"Opcode\":\"0\",\"PrivilegeList\":\"SeAssignPrimaryTokenPrivilege\\r\\n\\t\\t\\tSeTcbPrivilege\\r\\n\\t\\t\\tSeSecurityPrivilege\\r\\n\\t\\t\\tSeTakeOwnershipPrivilege\\r\\n\\t\\t\\tSeLoadDriverPrivilege\\r\\n\\t\\t\\tSeBackupPrivilege\\r\\n\\t\\t\\tSeRestorePrivilege\\r\\n\\t\\t\\tSeDebugPrivilege\\r\\n\\t\\t\\tSeAuditPrivilege\\r\\n\\t\\t\\tSeSystemEnvironmentPrivilege\\r\\n\\t\\t\\tSeImpersonatePrivilege\",\"ProcessID\":\"508\",\"ProviderGuid\":\"54849625-5478-4994-A5BA-3E3B0328C30D\",\"ProviderName\":\"Microsoft-Windows-Security-Auditing\",\"SubjectDomainName\":\"NT AUTHORITY\",\"SubjectLogonId\":\"999\",\"SubjectUserName\":\"SYSTEM\",\"SubjectUserSid\":\"S-1-5-18\",\"Task\":\"12548\",\"ThreadID\":\"544\",\"TimeCreated\":\"2014-02-03T12:01:52.962824106Z\",\"Version\":\"0\"}}","hash":"87a3749ebe834686","code":"4672"},"labels":{"Channel":"Security","Computer":"IACIS-HDD-2014","EventID":"4672","EventRecordID":"2252","Keywords":"9232379236109516800","Level":"0","Opcode":"0","PrivilegeList":"SeAssignPrimaryTokenPrivilege\r\n\t\t\tSeTcbPrivilege\r\n\t\t\tSeSecurityPrivilege\r\n\t\t\tSeTakeOwnershipPrivilege\r\n\t\t\tSeLoadDriverPrivilege\r\n\t\t\tSeBackupPrivilege\r\n\t\t\tSeRestorePrivilege\r\n\t\t\tSeDebugPrivilege\r\n\t\t\tSeAuditPrivilege\r\n\t\t\tSeSystemEnvironmentPrivilege\r\n\t\t\tSeImpersonatePrivilege","ProcessID":"508","ProviderGuid":"54849625-5478-4994-A5BA-3E3B0328C30D","ProviderName":"Microsoft-Windows-Security-Auditing","SubjectDomainName":"NT AUTHORITY","SubjectLogonId":"999","SubjectUserName":"SYSTEM","SubjectUserSid":"S-1-5-18","Task":"12548","ThreadID":"544","TimeCreated":"2014-02-03T12:01:52.962824106Z","Version":"0"},"@timestamp":"2014-02-03T12:01:52.9628237Z","message":"Special privileges assigned to new logon"}
{"ecs":{"version":"9.1.0"},"agent":{"type":"fox","version":"0.0.0"},"host":{"hostname":"IACIS-HDD-2014"},"user":{},"event":{"id":"2254","kind":"event","module":"eventlog","dataset":"eventlog.Security","severity":10,"provider":"Microsoft-Windows-Security-Auditing","original":"{\"time\":\"2014-02-03T12:01:53.150024Z\",\"host\":\"IACIS-HDD-2014\",\"message\":\"Special privileges assigned to new logon\",\"severity\":10,\"sequence\":\"2254\",\"source\":\"eventlog\",\"category\":\"Security\",\"service\":\"Microsoft-Windows-Security-Auditing\",\"fields\":{\"Channel\":\"Security\",\"Computer\":\"IACIS-HDD-2014\",\"EventID\":\"4672\",\"EventRecordID\":\"2254\",\"Keywords\":\"9232379236109516800\",\"Level\":\"0\",\"Opcode\":\"0\",\"PrivilegeList\":\"SeAssignPrimaryTokenPrivilege\\r\\n\\t\\t\\tSeAuditPrivilege\\r\\n\\t\\t\\tSeImpersonatePrivilege\",\"ProcessID\":\"508\",\"ProviderGuid\":\"54849625-5478-4994-A5BA-3E3B0328C30D\",\"ProviderName\":\"Microsoft-Windows-Security-Auditing\",\"SubjectDomainName\":\"NT AUTHORITY\",\"SubjectLogonId\":\"996\",\"SubjectUserName\":\"NETWORK SERVICE\",\"SubjectUserSid\":\"S-1-5-20\",\"Task\":\"12548\",\"ThreadID\":\"612\",\"TimeCreated\":\"2014-02-03T12:01:53.150023937Z\",\"Version\":\"0\"}}","hash":"b9a49d2e403c5f50","code":"4672"},"labels":{"Channel":"Security","Computer":"IACIS-HDD-2014","EventID":"4672","EventRecordID":"2254","Keywords":"9232379236109516800","Level":"0","Opcode":"0","PrivilegeList":"SeAssignPrimaryTokenPrivilege\r\n\t\t\tSeAuditPrivilege\r\n\t\t\tSeImpersonatePrivilege","ProcessID":"508","ProviderGuid":"54849625-5478-4994-A5BA-3E3B0328C30D","ProviderName":"Microsoft-Windows-Security-Auditing","SubjectDomainName":"NT AUTHORITY","SubjectLogonId":"996","SubjectUserName":"NETWORK SERVICE","SubjectUserSid":"S-1-5-20","Task":"12548","ThreadID":"612","TimeCreated":"2014-02-03T12:01:53.150023937Z","Version":"0"},"@timestamp":"2014-02-03T12:01:53.150024Z","message":"Special privileges assigned to new logon"}
{"ecs":{"version":"9.1.0"},"agent":{"type":"fox","version":"0.0.0"},"host":{"hostname":"IACIS-HDD-2014"},"user":{},"event":{"id":"2253","kind":"event","module":"eventlog","dataset":"eventlog.Security","severity":10,"provider":"Microsoft-Windows-Security-Auditing","original":"{\"time\":\"2014-02-03T12:01:53.150024Z\",\"host\":\"IACIS-HDD-2014\",\"message\":\"An account was successfully logged on\",\"severity\":10,\"sequence\":\"2253\",\"source\":\"eventlog\",\"category\":\"Security\",\"service\":\"Microsoft-Windows-Security-Auditing\",\"fields\":{\"AuthenticationPackageName\":\"Negotiate\",\"Channel\":\"Security\",\"Computer\":\"IACIS-HDD-2014\",\"EventID\":\"4624\",\"EventRecordID\":\"2253\",\"IpAddress\":\"-\",\"IpPort\":\"-\",\"KeyLength\":\"0\",\"Keywords\":\"9232379236109516800\",\"Level\":\"0\",\"LmPackageName\":\"-\",\"LogonGuid\":\"00000000-0000-0000-0000-000000000000\",\"LogonProcessName\":\"Advapi  \",\"LogonType\":\"5\",\"Opcode\":\"0\",\"ProcessID\":\"508\",\"ProcessId\":\"492\",\"ProcessName\":\"C:\\\\Windows\\\\System32\\\\services.exe\",\"ProviderGuid\":\"54849625-5478-4994-A5BA-3E3B0328C30D\",\"ProviderName\":\"Microsoft-Windows-Security-Auditing\",\"SubjectDomainName\":\"WORKGROUP\",\"SubjectLogonId\":\"999\",\"SubjectUserName\":\"IACIS-HDD-2014$\",\"SubjectUserSid\":\"S-1-5-18\",\"TargetDomainName\":\"NT AUTHORITY\",\"TargetLogonId\":\"996\",\"TargetUserName\":\"NETWORK SERVICE\",\"TargetUserSid\":\"S-1-5-20\",\"Task\":\"12544\",\"ThreadID\":\"612\",\"TimeCreated\":\"2014-02-03T12:01:53.150023937Z\",\"TransmittedServices\":\"-\",\"Version\":\"0\",\"WorkstationName\":\"\"}}","hash":"81a1e1daa989a754","code":"4624"},"labels":{"AuthenticationPackageName":"Negotiate","Channel":"Security","Computer":"IACIS-HDD-2014","EventID":"4624","EventRecordID":"2253","IpAddress":"-","IpPort":"-","KeyLength":"0","Keywords":"9232379236109516800","Level":"0","LmPackageName":"-","LogonGuid":"00000000-0000-0000-0000-000000000000","LogonProcessName":"Advapi  ","LogonType":"5","Opcode":"0","ProcessID":"508","ProcessId":"492","ProcessName":"C:\\Windows\\System32\\services.exe","ProviderGuid":"54849625-5478-4994-A5BA-3E3B0328C30D","ProviderName":"Microsoft-Windows-Security-Auditing","SubjectDomainName":"WORKGROUP","SubjectLogonId":"999","SubjectUserName":"IACIS-HDD-2014$","SubjectUserSid":"S-1-5-18","TargetDomainName":"NT AUTHORITY","TargetLogonId":"996","TargetUserName":"NETWORK SERVICE","TargetUserSid":"S-1-5-20","Task":"12544","ThreadID":"612","TimeCreated":"2014-02-03T12:01:53.150023937Z","TransmittedServices":"-","Version":"0","WorkstationName":""},"@timestamp":"2014-02-03T12:01:53.150024Z","message":"An account was successfully logged on"}
{"ecs":{"version":"9.1.0"},"agent":{"type":"fox","version":"0.0.0"},"host":{"hostname":"IACIS-HDD-2014"},"user":{},"event":{"id":"2255","kind":"event","module":"eventlog","dataset":"eventlog.Security","severity":10,"provider":"Microsoft-Windows-Security-Auditing","original":"{\"time\":\"2014-02-03T12:01:53.1968241Z\",\"host\":\"IACIS-HDD-2014\",\"message\":\"An account was successfully logged on\",\"severity\":10,\"sequence\":\"2255\",\"source\":\"eventlog\",\"category\":\"Security\",\"service\":\"Microsoft-Windows-Security-Auditing\",\"fields\":{\"AuthenticationPackageName\":\"Negotiate\",\"Channel\":\"Security\",\"Computer\":\"IACIS-HDD-2014\",\"EventID\":\"4624\",\"EventRecordID\":\"2255\",\"IpAddress\":\"-\",\"IpPort\":\"-\",\"KeyLength\":\"0\",\"Keywords\":\"9232379236109516800\",\"Level\":\"0\",\"LmPackageName\":\"-\",\"LogonGuid\":\"00000000-0000-0000-0000-000000000000\",\"LogonProcessName\":\"Advapi  \",\"LogonType\":\"5\",\"Opcode\":\"0\",\"ProcessID\":\"508\",\"ProcessId\":\"492\",\"ProcessName\":\"C:\\\\Windows\\\\System32\\\\services.exe\",\"ProviderGuid\":\"54849625-5478-4994-A5BA-3E3B0328C30D\",\"ProviderName\":\"Microsoft-Windows-Security-Auditing\",\"SubjectDomainName\":\"WORKGROUP\",\"SubjectLogonId\":\"999\",\"SubjectUserName\":\"IACIS-HDD-2014$\",\"SubjectUserSid\":\"S-1-5-18\",\"TargetDomainName\":\"NT AUTHORITY\",\"TargetLogonId\":\"999\",\"TargetUserName\":\"SYSTEM\",\"TargetUserSid\":\"S-1-5-18\",\"Task\":\"12544\",\"ThreadID\":\"612\",\"TimeCreated\":\"2014-02-03T12:01:53.196824073Z\",\"TransmittedServices\":\"-\",\"Version\":\"0\",\"WorkstationName\":\"\"}}","hash":"a704fa30f1d5490c","code":"4624"},"labels":{"AuthenticationPackageName":"Negotiate","Channel":"Security","Computer":"IACIS-HDD-2014","EventID":"4624","EventRecordID":"2255","IpAddress":"-","IpPort":"-","KeyLength":"0","Keywords":"9232379236109516800","Level":"0","LmPackageName":"-","LogonGuid":"00000000-0000-0000-0000-000000000000","LogonProcessName":"Advapi  ","LogonType":"5","Opcode":"0","ProcessID":"508","ProcessId":"492","ProcessName":"C:\\Windows\\System32\\services.exe","ProviderGuid":"54849625-5478-4994-A5BA-3E3B0328C30D","ProviderName":"Microsoft-Windows-Security-Auditing","SubjectDomainName":"WORKGROUP","SubjectLogonId":"999","SubjectUserName":"IACIS-HDD-2014$","SubjectUserSid":"S-1-5-18","TargetDomainName":"NT AUTHORITY","TargetLogonId":"999","TargetUserName":"SYSTEM","TargetUserSid":"S-1-5-18","Task":"12544","ThreadID":"612","TimeCreated":"2014-02-03T12:01:53.196824073Z","TransmittedServices":"-","Version":"0","WorkstationName":""},"@timestamp":"2014-02-03T12:01:53.1968241Z","message":"An account was successfully logged on"}
