{"time":"2018-01-03T11:07:38.7472995Z","host":"IE11WIN8_1","message":"Reservation for namespace identified by URL prefix $2 was successfully added","severity":3,"sequence":"528","source":"eventlog","category":"System","service":"Microsoft-Windows-HttpEvent","fields":{"Channel":"System","Computer":"IE11WIN8_1","DeviceObject":"\\Device\\Http\\ReqQueue","EventIDQualifiers":"16384","EventIDValue":"15007","EventRecordID":"528","Keywords":"36028797018963968","Level":"4","Opcode":"0","ProcessID":"4","ProviderEventSourceName":"HTTP","ProviderGuid":"{7b6bc78c-898b-4170-bbf8-1a469ea43fc5}","ProviderName":"Microsoft-Windows-HttpEvent","Task":"0","ThreadID":"32","TimeCreated":"2018-01-03T11:07:38.747299194Z","Url":"https://+:443/sra_{BA195980-CD49-458b-9E23-C84EE0ADCD75}/","Version":"0"}}
{"time":"2018-01-03T11:07:41.2166829Z","host":"IE11WIN8_1","message":"Reservation for namespace identified by URL prefix $2 was successfully added","severity":3,"sequence":"529","source":"eventlog","category":"System","service":"Microsoft-Windows-HttpEvent","fields":{"Channel":"System","Computer":"IE11WIN8_1","DeviceObject":"\\Device\\Http\\ReqQueue","EventIDQualifiers":"16384","EventIDValue":"15007","EventRecordID":"529","Keywords":"36028797018963968","Level":"4","Opcode":"0","ProcessID":"4","ProviderEventSourceName":"HTTP","ProviderGuid":"{7b6bc78c-898b-4170-bbf8-1a469ea43fc5}","ProviderName":"Microsoft-Windows-HttpEvent","Task":"0","ThreadID":"164","TimeCreated":"2018-01-03T11:07:41.216683149Z","Url":"http://+:80/0131501b-d67f-491b-9a40-c4bf27bcb4d4/","Version":"0"}}
{"time":"2018-01-03T11:07:41.2166829Z","host":"IE11WIN8_1","message":"Reservation for namespace identified by URL prefix $2 was successfully added","severity":3,"sequence":"530","source":"eventlog","category":"System","service":"Microsoft-Windows-HttpEvent","fields":{"Channel":"System","Computer":"IE11WIN8_1","DeviceObject":"\\Device\\Http\\ReqQueue","EventIDQualifiers":"16384","EventIDValue":"15007","EventRecordID":"530","Keywords":"36028797018963968","Level":"4","Opcode":"0","ProcessID":"4","ProviderEventSourceName":"HTTP","ProviderGuid":"{7b6bc78c-898b-4170-bbf8-1a469ea43fc5}","ProviderName":"Microsoft-Windows-HttpEvent","Task":"0","ThreadID":"164","TimeCreated":"2018-01-03T11:07:41.216683149Z","Url":"https://+:443/C574AC30-5794-4AEE-B1BB-6651C5315029/","Version":"0"}}
{"time":"2018-01-03T11:07:41.2166829Z","host":"IE11WIN8_1","message":"Reservation for namespace identified by URL prefix $2 was successfully added","severity":3,"sequence":"531","source":"eventlog","category":"System","service":"Microsoft-Windows-HttpEvent","fields":{"Channel":"System","Computer":"IE11WIN8_1","DeviceObject":"\\Device\\Http\\ReqQueue","EventIDQualifiers":"16384","EventIDValue":"15007","EventRecordID":"531","Keywords":"36028797018963968","Level":"4","Opcode":"0","ProcessID":"4","ProviderEventSourceName":"HTTP","ProviderGuid":"{7b6bc78c-898b-4170-bbf8-1a469ea43fc5}","ProviderName":"Microsoft-Windows-HttpEvent","Task":"0","ThreadID":"164","TimeCreated":"2018-01-03T11:07:41.216683149Z","Url":"http://+:80/116B50EB-ECE2-41ac-8429-9F9E963361B7/","Version":"0"}}
{"time":"2018-01-03T11:07:42.1847733Z","host":"IE11WIN8_1","user":"S-1-5-18","message":"Process $1 (process ID:$2) reset policy scheme from $3 to $4","severity":3,"sequence":"532","source":"eventlog","category":"System","service":"Microsoft-Windows-UserModePowerService","fields":{"Channel":"System","Computer":"IE11WIN8_1","EventID":"12","EventRecordID":"532","Keywords":"4611686018427387904","Level":"4","NewSchemeGuid":"381B4222-F694-41F0-9685-FF5BB260DF2E","OldSchemeGuid":"381B4222-F694-41F0-9685-FF5BB260DF2E","Opcode":"0","ProcessID":"592","ProcessPath":"C:\\Windows\\WinSxS\\amd64_microsoft-windows-servicingstack_31bf3856ad364e35_6.3.9600.17031_none_fa50b3979b1bcb4a\\TiWorker.exe","ProcessPid":"908","ProviderGuid":"CE8DEE0B-D539-4000-B0F8-77BED049C590","ProviderName":"Microsoft-Windows-UserModePowerService","Task":"10","ThreadID":"616","TimeCreated":"2018-01-03T11:07:42.184772729Z","UserID":"S-1-5-18","Version":"0"}}
{"time":"2018-01-03T11:07:42.3257798Z","host":"IE11WIN8_1","user":"S-1-5-18","message":"Process $1 (process ID:$2) reset policy scheme from $3 to $4","severity":3,"sequence":"533","source":"eventlog","category":"System","service":"Microsoft-Windows-UserModePowerService","fields":{"Channel":"System","Computer":"IE11WIN8_1","EventID":"12","EventRecordID":"533","Keywords":"4611686018427387904","Level":"4","NewSchemeGuid":"381B4222-F694-41F0-9685-FF5BB260DF2E","OldSchemeGuid":"381B4222-F694-41F0-9685-FF5BB260DF2E","Opcode":"0","ProcessID":"592","ProcessPath":"C:\\Windows\\WinSxS\\amd64_microsoft-windows-servicingstack_31bf3856ad364e35_6.3.9600.17031_none_fa50b3979b1bcb4a\\TiWorker.exe","ProcessPid":"908","ProviderGuid":"CE8DEE0B-D539-4000-B0F8-77BED049C590","ProviderName":"Microsoft-Windows-UserModePowerService","Task":"10","ThreadID":"616","TimeCreated":"2018-01-03T11:07:42.325779199Z","UserID":"S-1-5-18","Version":"0"}}
{"time":"2018-01-03T11:07:44.5129091Z","host":"IE11WIN8_1","message":"Reservation for namespace identified by URL prefix $2 was successfully added","severity":3,"sequence":"535","source":"eventlog","category":"System","service":"Microsoft-Windows-HttpEvent","fields":{"Channel":"System","Computer":"IE11WIN8_1","DeviceObject":"\\Device\\Http\\ReqQueue","EventIDQualifiers":"16384","EventIDValue":"15007","EventRecordID":"535","Keywords":"36028797018963968","Level":"4","Opcode":"0","ProcessID":"4","ProviderEventSourceName":"HTTP","ProviderGuid":"{7b6bc78c-898b-4170-bbf8-1a469ea43fc5}","ProviderName":"Microsoft-Windows-HttpEvent","Task":"0","ThreadID":"256","TimeCreated":"2018-01-03T11:07:44.512908697Z","Url":"http://+:10243/WMPNSSv4/","Version":"0"}}
{"time":"2018-01-03T11:07:44.5129091Z","host":"IE11WIN8_1","message":"Reservation for namespace identified by URL prefix $2 was successfully added","severity":3,"sequence":"534","source":"eventlog","category":"System","service":"Microsoft-Windows-HttpEvent","fields":{"Channel":"System","Computer":"IE11WIN8_1","DeviceObject":"\\Device\\Http\\ReqQueue","EventIDQualifiers":"16384","EventIDValue":"15007","EventRecordID":"534","Keywords":"36028797018963968","Level":"4","Opcode":"0","ProcessID":"4","ProviderEventSourceName":"HTTP","ProviderGuid":"{7b6bc78c-898b-4170-bbf8-1a469ea43fc5}","ProviderName":"Microsoft-Windows-HttpEvent","Task":"0","ThreadID":"256","TimeCreated":"2018-01-03T11:07:44.512908697Z","Url":"https://+:10245/WMPNSSv4/","Version":"0"}}
{"time":"2018-01-03T11:07:44.981943Z","host":"IE11WIN8_1","message":"Reservation for namespace identified by URL prefix $2 was successfully added","severity":3,"sequence":"536","source":"eventlog","category":"System","service":"Microsoft-Windows-HttpEvent","fields":{"Channel":"System","Computer":"IE11WIN8_1","DeviceObject":"\\Device\\Http\\ReqQueue","EventIDQualifiers":"16384","EventIDValue":"15007","EventRecordID":"536","Keywords":"36028797018963968","Level":"4","Opcode":"0","ProcessID":"4","ProviderEventSourceName":"HTTP","ProviderGuid":"{7b6bc78c-898b-4170-bbf8-1a469ea43fc5}","ProviderName":"Microsoft-Windows-HttpEvent","Task":"0","ThreadID":"164","TimeCreated":"2018-01-03T11:07:44.981942415Z","Url":"http://+:10246/MDEServer/","Version":"0"}}
{"time":"2018-01-03T11:08:05.7315232Z","host":"IE11WIN8_1","user":"S-1-5-18","message":"The start type of the Windows Modules Installer service was changed from auto start to demand start","severity":3,"sequence":"537","source":"eventlog","category":"System","service":"Service Control Manager","fields":{"Channel":"System","Computer":"IE11WIN8_1","EventIDQualifiers":"16384","EventIDValue":"7040","EventRecordID":"537","Keywords":"9259400833873739776","Level":"4","Opcode":"0","ProcessID":"524","ProviderEventSourceName":"Service Control Manager","ProviderGuid":"{555908d1-a6d7-4695-8e1e-26931d2012f4}","ProviderName":"Service Control Manager","Task":"0","ThreadID":"584","TimeCreated":"2018-01-03T11:08:05.731523275Z","UserID":"S-1-5-18","Version":"0","param1":"Windows Modules Installer","param2":"auto start","param3":"demand start","param4":"TrustedInstaller"}}
{"time":"2018-01-03T11:08:06.3722225Z","host":"IE11WIN8_1","user":"S-1-5-18","message":"User Logon Notification for Customer Experience Improvement Program","severity":3,"sequence":"538","source":"eventlog","category":"System","service":"Microsoft-Windows-Winlogon","fields":{"Channel":"System","Computer":"IE11WIN8_1","CorrelationActivityID":"67144949-5132-4859-8036-A737B43825D8","EventID":"7001","EventRecordID":"538","Keywords":"2305843009213693952","Level":"4","Opcode":"0","ProcessID":"484","ProviderGuid":"DBE9B383-7CF3-4331-91CC-A3CB16A3B538","ProviderName":"Microsoft-Windows-Winlogon","TSId":"1","Task":"1101","ThreadID":"840","TimeCreated":"2018-01-03T11:08:06.372222423Z","UserID":"S-1-5-18","UserSid":"S-1-5-21-3040204872-3082932231-1584796067-1001","Version":"0"}}
{"time":"2018-01-03T11:08:39.3253898Z","host":"IE11WIN8_1","user":"S-1-5-18","message":"Installation Successful: Windows successfully installed the following update: $1","severity":3,"sequence":"582","source":"eventlog","category":"System","service":"Microsoft-Windows-WindowsUpdateClient","fields":{"Channel":"System","Computer":"IE11WIN8_1","EventID":"19","EventRecordID":"582","Keywords":"9223372036854775832","Level":"4","Opcode":"13","ProcessID":"732","ProviderGuid":"945A8954-C147-4ACD-923F-40C45405A658","ProviderName":"Microsoft-Windows-WindowsUpdateClient","Task":"1","ThreadID":"2612","TimeCreated":"2018-01-03T11:08:39.325390338Z","UserID":"S-1-5-18","Version":"1","serviceGuid":"7971F918-A847-4430-9279-4A52D1EFE18D","updateGuid":"95356E63-5B18-4113-8B40-7E6A8F50C184","updateRevisionNumber":"201","updateTitle":"Security Update for Windows 8.1 for x64-based Systems (KB3139914)"}}
{"time":"2018-01-03T11:08:39.3253898Z","host":"IE11WIN8_1","user":"S-1-5-18","message":"Installation Successful: Windows successfully installed the following update: $1","severity":3,"sequence":"601","source":"eventlog","category":"System","service":"Microsoft-Windows-WindowsUpdateClient","fields":{"Channel":"System","Computer":"IE11WIN8_1","EventID":"19","EventRecordID":"601","Keywords":"9223372036854775832","Level":"4","Opcode":"13","ProcessID":"732","ProviderGuid":"945A8954-C147-4ACD-923F-40C45405A658","ProviderName":"Microsoft-Windows-WindowsUpdateClient","Task":"1","ThreadID":"2612","TimeCreated":"2018-01-03T11:08:39.325390338Z","UserID":"S-1-5-18","Version":"1","serviceGuid":"7971F918-A847-4430-9279-4A52D1EFE18D","updateGuid":"4E6E5CE4-8647-4445-9BF7-7CCC06EAFCB8","updateRevisionNumber":"201","updateTitle":"Security Update for Windows 8.1 for x64-based Systems (KB3109103)"}}
{"time":"2018-01-03T11:08:39.3253898Z","host":"IE11WIN8_1","user":"S-1-5-18","message":"Installation Successful: Windows successfully installed the following update: $1","severity":3,"sequence":"574","source":"eventlog","category":"System","service":"Microsoft-Windows-WindowsUpdateClient","fields":{"Channel":"System","Computer":"IE11WIN8_1","EventID":"19","EventRecordID":"574","Keywords":"9223372036854775832","Level":"4","Opcode":"13","ProcessID":"732","ProviderGuid":"945A8954-C147-4ACD-923F-40C45405A658","ProviderName":"Microsoft-Windows-WindowsUpdateClient","Task":"1","ThreadID":"2612","TimeCreated":"2018-01-03T11:08:39.325390338Z","UserID":"S-1-5-18","Version":"1","serviceGuid":"7971F918-A847-4430-9279-4A52D1EFE18D","updateGuid":"71CFCC52-1A48-403B-9CB2-306E486D2A10","updateRevisionNumber":"201","updateTitle":"Update for Windows 8.1 for x64-based Systems (KB3139165)"}}
{"time":"2018-01-03T11:08:39.3253898Z","host":"IE11WIN8_1","user":"S-1-5-18","message":"Installation Successful: Windows successfully installed the following update: $1","severity":3,"sequence":"571","source":"eventlog","category":"System","service":"Microsoft-Windows-WindowsUpdateClient","fields":{"Channel":"System","Computer":"IE11WIN8_1","EventID":"19","EventRecordID":"571","Keywords":"9223372036854775832","Level":"4","Opcode":"13","ProcessID":"732","ProviderGuid":"945A8954-C147-4ACD-923F-40C45405A658","ProviderName":"Microsoft-Windows-WindowsUpdateClient","Task":"1","ThreadID":"2612","TimeCreated":"2018-01-03T11:08:39.325390338Z","UserID":"S-1-5-18","Version":"1","serviceGuid":"7971F918-A847-4430-9279-4A52D1EFE18D","updateGuid":"CF3EC496-734A-499B-AEFB-6386257AB173","updateRevisionNumber":"201","updateTitle":"Update for Windows 8.1 for x64-based Systems (KB3140222)"}}
{"time":"2018-01-03T11:08:39.3253898Z","host":"IE11WIN8_1","user":"S-1-5-18","message":"Installation Successful: Windows successfully installed the following update: $1","severity":3,"sequence":"596","source":"eventlog","category":"System","service":"Microsoft-Windows-WindowsUpdateClient","fields":{"Channel":"System","Computer":"IE11WIN8_1","EventID":"19","EventRecordID":"596","Keywords":"9223372036854775832","Level":"4","Opcode":"13","ProcessID":"732","ProviderGuid":"945A8954-C147-4ACD-923F-40C45405A658","ProviderName":"Microsoft-Windows-WindowsUpdateClient","Task":"1","ThreadID":"2612","TimeCreated":"2018-01-03T11:08:39.325390338Z","UserID":"S-1-5-18","Version":"1","serviceGuid":"7971F918-A847-4430-9279-4A52D1EFE18D","updateGuid":"4D1248C7-ACC2-41E5-9D5E-AB9F6007FA30","updateRevisionNumber":"201","updateTitle":"Security Update for Windows 8.1 for x64-based Systems (KB3110329)"}}
{"time":"2018-01-03T11:08:39.3253898Z","host":"IE11WIN8_1","user":"S-1-5-18","message":"Installation Successful: Windows successfully installed the following update: $1","severity":3,"sequence":"589","source":"eventlog","category":"System","service":"Microsoft-Windows-WindowsUpdateClient","fields":{"Channel":"System","Computer":"IE11WIN8_1","EventID":"19","EventRecordID":"589","Keywords":"9223372036854775832","Level":"4","Opcode":"13","ProcessID":"732","ProviderGuid":"945A8954-C147-4ACD-923F-40C45405A658","ProviderName":"Microsoft-Windows-WindowsUpdateClient","Task":"1","ThreadID":"2612","TimeCreated":"2018-01-03T11:08:39.325390338Z","UserID":"S-1-5-18","Version":"1","serviceGuid":"7971F918-A847-4430-9279-4A52D1EFE18D","updateGuid":"015A12B7-A178-46A2-BAFE-C7BC85A74EE8","updateRevisionNumber":"200","updateTitle":"Update for Windows 8.1 for x64-based Systems (KB3132080)"}}
{"time":"2018-01-03T11:08:39.3253898Z","host":"IE11WIN8_1","user":"S-1-5-18","message":"Installation Successful: Windows successfully installed the following update: $1","severity":3,"sequence":"564","source":"eventlog","category":"System","service":"Microsoft-Windows-WindowsUpdateClient","fields":{"Channel":"System","Computer":"IE11WIN8_1","EventID":"19","EventRecordID":"564","Keywords":"9223372036854775832","Level":"4","Opcode":"13","ProcessID":"732","ProviderGuid":"945A8954-C147-4ACD-923F-40C45405A658","ProviderName":"Microsoft-Windows-WindowsUpdateClient","Task":"1","ThreadID":"2612","TimeCreated":"2018-01-03T11:08:39.325390338Z","UserID":"S-1-5-18","Version":"1","serviceGuid":"7971F918-A847-4430-9279-4A52D1EFE18D","updateGuid":"18032E48-157C-43F6-A37A-FBE4FDF10ADD","updateRevisionNumber":"201","updateTitle":"Update for Windows 8.1 for x64-based Systems (KB3146978)"}}
{"time":"2018-01-03T11:08:39.3253898Z","host":"IE11WIN8_1","user":"S-1-5-18","message":"Installation Successful: Windows successfully installed the following update: $1","severity":3,"sequence":"598","source":"eventlog","category":"System","service":"Microsoft-Windows-WindowsUpdateClient","fields":{"Channel":"System","Computer":"IE11WIN8_1","EventID":"19","EventRecordID":"598","Keywords":"9223372036854775832","Level":"4","Opcode":"13","ProcessID":"732","ProviderGuid":"945A8954-C147-4ACD-923F-40C45405A658","ProviderName":"Microsoft-Windows-WindowsUpdateClient","Task":"1","ThreadID":"2612","TimeCreated":"2018-01-03T11:08:39.325390338Z","UserID":"S-1-5-18","Version":"1","serviceGuid":"7971F918-A847-4430-9279-4A52D1EFE18D","updateGuid":"FF06F74D-E89A-4C98-A324-A1554E9B6B6C","updateRevisionNumber":"201","updateTitle":"Update for Windows 8.1 for x64-based Systems (KB3103696)"}}
{"time":"2018-01-03T11:08:39.3253898Z","host":"IE11WIN8_1","user":"S-1-5-18","message":"Installation Successful: Windows successfully installed the following update: $1","severity":3,"sequence":"595","source":"eventlog","category":"System","service":"Microsoft-Windows-WindowsUpdateClient","fields":{"Channel":"System","Computer":"IE11WIN8_1","EventID":"19","EventRecordID":"595","Keywords":"9223372036854775832","Level":"4","Opcode":"13","ProcessID":"732","ProviderGuid":"945A8954-C147-4ACD-923F-40C45405A658","ProviderName":"Microsoft-Windows-WindowsUpdateClient","Task":"1","ThreadID":"2612","TimeCreated":"2018-01-03T11:08:39.325390338Z","UserID":"S-1-5-18","Version":"1","serviceGuid":"7971F918-A847-4430-9279-4A52D1EFE18D","updateGuid":"691CDBDC-A431-4712-BDD4-3B0AF74AE08F","updateRevisionNumber":"200","updateTitle":"Update for Windows 8.1 for x64-based Systems (KB3102429)"}}
{"time":"2018-01-03T11:08:39.3253898Z","host":"IE11WIN8_1","user":"S-1-5-18","message":"Installation Successful: Windows successfully installed the following update: $1","severity":3,"sequence":"585","source":"eventlog","category":"System","service":"Microsoft-Windows-WindowsUpdateClient","fields":{"Channel":"System","Computer":"IE11WIN8_1","EventID":"19","EventRecordID":"585","Keywords":"9223372036854775832","Level":"4","Opcode":"13","ProcessID":"732","ProviderGuid":"945A8954-C147-4ACD-923F-40C45405A658","ProviderName":"Microsoft-Windows-WindowsUpdateClient","Task":"1","ThreadID":"2612","TimeCreated":"2018-01-03T11:08:39.325390338Z","UserID":"S-1-5-18","Version":"1","serviceGuid":"7971F918-A847-4430-9279-4A52D1EFE18D","updateGuid":"E17F3F12-C88D-4560-8416-EC35A7C616BE","updateRevisionNumber":"201","updateTitle":"Update for Windows 8.1 for x64-based Systems (KB3126033)"}}
{"time":"2018-01-03T11:08:39.3253898Z","host":"IE11WIN8_1","user":"S-1-5-18","message":"Installation Successful: Windows successfully installed the following update: $1","severity":3,"sequence":"555","source":"eventlog","category":"System","service":"Microsoft-Windows-WindowsUpdateClient","fields":{"Channel":"System","Computer":"IE11WIN8_1","EventID":"19","EventRecordID":"555","Keywords":"9223372036854775832","Level":"4","Opcode":"13","ProcessID":"732","ProviderGuid":"945A8954-C147-4ACD-923F-40C45405A658","ProviderName":"Microsoft-Windows-WindowsUpdateClient","Task":"1","ThreadID":"2612","TimeCreated":"2018-01-03T11:08:39.325390338Z","UserID":"S-1-5-18","Version":"1","serviceGuid":"7971F918-A847-4430-9279-4A52D1EFE18D","updateGuid":"84607CFF-EBDB-42EC-BF1A-5CE2DE73D4F9","updateRevisionNumber":"201","updateTitle":"Security Update for Windows 8.1 for x64-based Systems (KB3153704)"}}
{"time":"2018-01-03T11:08:39.3253898Z","host":"IE11WIN8_1","user":"S-1-5-18","message":"Installation Successful: Windows successfully installed the following update: $1","severity":3,"sequence":"547","source":"eventlog","category":"System","service":"Microsoft-Windows-WindowsUpdateClient","fields":{"Channel":"System","Computer":"IE11WIN8_1","EventID":"19","EventRecordID":"547","Keywords":"9223372036854775832","Level":"4","Opcode":"13","ProcessID":"732","ProviderGuid":"945A8954-C147-4ACD-923F-40C45405A658","ProviderName":"Microsoft-Windows-WindowsUpdateClient","Task":"1","ThreadID":"2612","TimeCreated":"2018-01-03T11:08:39.325390338Z","UserID":"S-1-5-18","Version":"1","serviceGuid":"7971F918-A847-4430-9279-4A52D1EFE18D","updateGuid":"A6FEA021-DF9A-4A7D-89D3-58089017B8AC","updateRevisionNumber":"200","updateTitle":"Security Update for Windows 8.1 for x64-based Systems (KB3178539)"}}
{"time":"2018-01-03T11:08:39.3253898Z","host":"IE11WIN8_1","user":"S-1-5-18","message":"Installation Successful: Windows successfully installed the following update: $1","severity":3,"sequence":"607","source":"eventlog","category":"System","service":"Microsoft-Windows-WindowsUpdateClient","fields":{"Channel":"System","Computer":"IE11WIN8_1","EventID":"19","EventRecordID":"607","Keywords":"9223372036854775832","Level":"4","Opcode":"13","ProcessID":"732","ProviderGuid":"945A8954-C147-4ACD-923F-40C45405A658","ProviderName":"Microsoft-Windows-WindowsUpdateClient","Task":"1","ThreadID":"2612","TimeCreated":"2018-01-03T11:08:39.325390338Z","UserID":"S-1-5-18","Version":"1","serviceGuid":"7971F918-A847-4430-9279-4A52D1EFE18D","updateGuid":"9666F609-690A-467A-BB72-EE99FCA62476","updateRevisionNumber":"202","updateTitle":"Security Update for Windows 8.1 for x64-based Systems (KB3102939)"}}
{"time":"2018-01-03T11:08:39.3253898Z","host":"IE11WIN8_1","user":"S-1-5-18","message":"Installation Successful: Windows successfully installed the following update: $1","severity":3,"sequence":"543","source":"eventlog","category":"System","service":"Microsoft-Windows-WindowsUpdateClient","fields":{"Channel":"System","Computer":"IE11WIN8_1","EventID":"19","EventRecordID":"543","Keywords":"9223372036854775832","Level":"4","Opcode":"13","ProcessID":"732","ProviderGuid":"945A8954-C147-4ACD-923F-40C45405A658","ProviderName":"Microsoft-Windows-WindowsUpdateClient","Task":"1","ThreadID":"2612","TimeCreated":"2018-01-03T11:08:39.325390338Z","UserID":"S-1-5-18","Version":"1","serviceGuid":"7971F918-A847-4430-9279-4A52D1EFE18D","updateGuid":"0A96498E-D823-4091-A14F-72DF4FFA61D4","updateRevisionNumber":"204","updateTitle":"Update for Windows 8.1 for x64-based Systems (KB3173424)"}}
{"time":"2018-01-03T11:08:39.3253898Z","host":"IE11WIN8_1","user":"S-1-5-18","message":"Installation Successful: Windows successfully installed the following update: $1","severity":3,"sequence":"573","source":"eventlog","category":"System","service":"Microsoft-Windows-WindowsUpdateClient","fields":{"Channel":"System","Computer":"IE11WIN8_1","EventID":"19","EventRecordID":"573","Keywords":"9223372036854775832","Level":"4","Opcode":"13","ProcessID":"732","ProviderGuid":"945A8954-C147-4ACD-923F-40C45405A658","ProviderName":"Microsoft-Windows-WindowsUpdateClient","Task":"1","ThreadID":"2612","TimeCreated":"2018-01-03T11:08:39.325390338Z","UserID":"S-1-5-18","Version":"1","serviceGuid":"7971F918-A847-4430-9279-4A52D1EFE18D","updateGuid":"21D4FAA8-E6A2-4CB7-8263-2FEF9221A2DD","updateRevisionNumber":"201","updateTitle":"Update for Windows 8.1 for x64-based Systems (KB3140219)"}}
{"time":"2018-01-03T11:08:39.3253898Z","host":"IE11WIN8_1","user":"S-1-5-18","message":"Installation Successful: Windows successfully installed the following update: $1","severity":3,"sequence":"593","source":"eventlog","category":"System","service":"Microsoft-Windows-WindowsUpdateClient","fields":{"Channel":"System","Computer":"IE11WIN8_1","EventID":"19","EventRecordID":"593","Keywords":"9223372036854775832","Level":"4","Opcode":"13","ProcessID":"732","ProviderGuid":"945A8954-C147-4ACD-923F-40C45405A658","ProviderName":"Microsoft-Windows-WindowsUpdateClient","Task":"1","ThreadID":"2612","TimeCreated":"2018-01-03T11:08:39.325390338Z","UserID":"S-1-5-18","Version":"1","serviceGuid":"7971F918-A847-4430-9279-4A52D1EFE18D","updateGuid":"E1F422CF-B09A-42B2-B199-3E756C5CAC39","updateRevisionNumber":"202","updateTitle":"Security Update for Windows 8.1 for x64-based Systems (KB3126041)"}}
{"time":"2018-01-03T11:08:39.3253898Z","host":"IE11WIN8_1","user":"S-1-5-18","message":"Installation Successful: Windows successfully installed the following update: $1","severity":3,"sequence":"565","source":"eventlog","category":"System","service":"Microsoft-Windows-WindowsUpdateClient","fields":{"Channel":"System","Computer":"IE11WIN8_1","EventID":"19","EventRecordID":"565","Keywords":"9223372036854775832","Level":"4","Opcode":"13","ProcessID":"732","ProviderGuid":"945A8954-C147-4ACD-923F-40C45405A658","ProviderName":"Microsoft-Windows-WindowsUpdateClient","Task":"1","ThreadID":"2612","TimeCreated":"2018-01-03T11:08:39.325390338Z","UserID":"S-1-5-18","Version":"1","serviceGuid":"7971F918-A847-4430-9279-4A52D1EFE18D","updateGuid":"5A5A437B-4596-42A7-A62B-C3C641E32D53","updateRevisionNumber":"201","updateTitle":"Update for Windows 8.1 for x64-based Systems (KB3146604)"}}
{"time":"2018-01-03T11:08:39.3253898Z","host":"IE11WIN8_1","user":"S-1-5-18","message":"Installation Successful: Windows successfully installed the following update: $1","severity":3,"sequence":"552","source":"eventlog","category":"System","service":"Microsoft-Windows-WindowsUpdateClient","fields":{"Channel":"System","Computer":"IE11WIN8_1","EventID":"19","EventRecordID":"552","Keywords":"9223372036854775832","Level":"4","Opcode":"13","ProcessID":"732","ProviderGuid":"945A8954-C147-4ACD-923F-40C45405A658","ProviderName":"Microsoft-Windows-WindowsUpdateClient","Task":"1","ThreadID":"2612","TimeCreated":"2018-01-03T11:08:39.325390338Z","UserID":"S-1-5-18","Version":"1","serviceGuid":"7971F918-A847-4430-9279-4A52D1EFE18D","updateGuid":"1309CBE7-43C2-4935-AB67-256FBD058642","updateRevisionNumber":"202","updateTitle":"Security Update for Windows 8.1 for x64-based Systems (KB3161958)"}}
{"time":"2018-01-03T11:08:39.3253898Z","host":"IE11WIN8_1","user":"S-1-5-18","message":"Installation Successful: Windows successfully installed the following update: $1","severity":3,"sequence":"550","source":"eventlog","category":"System","service":"Microsoft-Windows-WindowsUpdateClient","fields":{"Channel":"System","Computer":"IE11WIN8_1","EventID":"19","EventRecordID":"550","Keywords":"9223372036854775832","Level":"4","Opcode":"13","ProcessID":"732","ProviderGuid":"945A8954-C147-4ACD-923F-40C45405A658","ProviderName":"Microsoft-Windows-WindowsUpdateClient","Task":"1","ThreadID":"2612","TimeCreated":"2018-01-03T11:08:39.325390338Z","UserID":"S-1-5-18","Version":"1","serviceGuid":"7971F918-A847-4430-9279-4A52D1EFE18D","updateGuid":"DE9F7F35-362F-4A75-AF02-B72A4E262BBC","updateRevisionNumber":"203","updateTitle":"Security Update for Windows 8.1 for x64-based Systems (KB3172729)"}}
{"time":"2018-01-03T11:08:39.3253898Z","host":"IE11WIN8_1","user":"S-1-5-18","message":"Installation Successful: Windows successfully installed the following update: $1","severity":3,"sequence":"590","source":"eventlog","category":"System","service":"Microsoft-Windows-WindowsUpdateClient","fields":{"Channel":"System","Computer":"IE11WIN8_1","EventID":"19","EventRecordID":"590","Keywords":"9223372036854775832","Level":"4","Opcode":"13","ProcessID":"732","ProviderGuid":"945A8954-C147-4ACD-923F-40C45405A658","ProviderName":"Microsoft-Windows-WindowsUpdateClient","Task":"1","ThreadID":"2612","TimeCreated":"2018-01-03T11:08:39.325390338Z","UserID":"S-1-5-18","Version":"1","serviceGuid":"7971F918-A847-4430-9279-4A52D1EFE18D","updateGuid":"35FE3BFB-DB83-4DA0-B21B-94DF733A5DAF","updateRevisionNumber":"201","updateTitle":"Security Update for Windows 8.1 for x64-based Systems (KB3126587)"}}
{"time":"2018-01-03T11:08:39.3253898Z","host":"IE11WIN8_1","user":"S-1-5-18","message":"Installation Successful: Windows successfully installed the following update: $1","severity":3,"sequence":"570","source":"eventlog","category":"System","service":"Microsoft-Windows-WindowsUpdateClient","fields":{"Channel":"System","Computer":"IE11WIN8_1","EventID":"19","EventRecordID":"570","Keywords":"9223372036854775832","Level":"4","Opcode":"13","ProcessID":"732","ProviderGuid":"945A8954-C147-4ACD-923F-40C45405A658","ProviderName":"Microsoft-Windows-WindowsUpdateClient","Task":"1","ThreadID":"2612","TimeCreated":"2018-01-03T11:08:39.325390338Z","UserID":"S-1-5-18","Version":"1","serviceGuid":"7971F918-A847-4430-9279-4A52D1EFE18D","updateGuid":"FDFE8F57-9BED-446F-ADC4-911B4A34FEC2","updateRevisionNumber":"201","updateTitle":"Update for Windows 8.1 for x64-based Systems (KB3115224)"}}
{"time":"2018-01-03T11:08:39.3253898Z","host":"IE11WIN8_1","user":"S-1-5-18","message":"Installation Successful: Windows successfully installed the following update: $1","severity":3,"sequence":"554","source":"eventlog","category":"System","service":"Microsoft-Windows-WindowsUpdateClient","fields":{"Channel":"System","Computer":"IE11WIN8_1","EventID":"19","EventRecordID":"554","Keywords":"9223372036854775832","Level":"4","Opcode":"13","ProcessID":"732","ProviderGuid":"945A8954-C147-4ACD-923F-40C45405A658","ProviderName":"Microsoft-Windows-WindowsUpdateClient","Task":"1","ThreadID":"2612","TimeCreated":"2018-01-03T11:08:39.325390338Z","UserID":"S-1-5-18","Version":"1","serviceGuid":"7971F918-A847-4430-9279-4A52D1EFE18D","updateGuid":"D500DDF9-471A-4EDB-9280-82352F83D025","updateRevisionNumber":"202","updateTitle":"Security Update for Windows 8.1 for x64-based Systems (KB3159398)"}}
{"time":"2018-01-03T11:08:39.3253898Z","host":"IE11WIN8_1","user":"S-1-5-18","message":"Installation Successful: Windows successfully installed the following update: $1","severity":3,"sequence":"586","source":"eventlog","category":"System","service":"Microsoft-Windows-WindowsUpdateClient","fields":{"Channel":"System","Computer":"IE11WIN8_1","EventID":"19","EventRecordID":"586","Keywords":"9223372036854775832","Level":"4","Opcode":"13","ProcessID":"732","ProviderGuid":"945A8954-C147-4ACD-923F-40C45405A658","ProviderName":"Microsoft-Windows-WindowsUpdateClient","Task":"1","ThreadID":"2612","TimeCreated":"2018-01-03T11:08:39.325390338Z","UserID":"S-1-5-18","Version":"1","serviceGuid":"7971F918-A847-4430-9279-4A52D1EFE18D","updateGuid":"A2B02417-07DD-4107-A1EB-B697F3DAF274","updateRevisionNumber":"201","updateTitle":"Update for Windows 8.1 for x64-based Systems (KB3103699)"}}
{"time":"2018-01-03T11:08:39.3253898Z","host":"IE11WIN8_1","user":"S-1-5-18","message":"Installation Successful: Windows successfully installed the following update: $1","severity":3,"sequence":"592","source":"eventlog","category":"System","service":"Microsoft-Windows-WindowsUpdateClient","fields":{"Channel":"System","Computer":"IE11WIN8_1","EventID":"19","EventRecordID":"592","Keywords":"9223372036854775832","Level":"4","Opcode":"13","ProcessID":"732","ProviderGuid":"945A8954-C147-4ACD-923F-40C45405A658","ProviderName":"Microsoft-Windows-WindowsUpdateClient","Task":"1","ThreadID":"2612","TimeCreated":"2018-01-03T11:08:39.325390338Z","UserID":"S-1-5-18","Version":"1","serviceGuid":"7971F918-A847-4430-9279-4A52D1EFE18D","updateGuid":"0462307F-6C23-4319-B0B5-573F99A4781C","updateRevisionNumber":"201","updateTitle":"Security Update for Windows 8.1 for x64-based Systems (KB3115858)"}}
{"time":"2018-01-03T11:08:39.3253898Z","host":"IE11WIN8_1","user":"S-1-5-18","message":"Installation Successful: Windows successfully installed the following update: $1","severity":3,"sequence":"608","source":"eventlog","category":"System","service":"Microsoft-Windows-WindowsUpdateClient","fields":{"Channel":"System","Computer":"IE11WIN8_1","EventID":"19","EventRecordID":"608","Keywords":"9223372036854775832","Level":"4","Opcode":"13","ProcessID":"732","ProviderGuid":"945A8954-C147-4ACD-923F-40C45405A658","ProviderName":"Microsoft-Windows-WindowsUpdateClient","Task":"1","ThreadID":"2612","TimeCreated":"2018-01-03T11:08:39.325390338Z","UserID":"S-1-5-18","Version":"1","serviceGuid":"7971F918-A847-4430-9279-4A52D1EFE18D","updateGuid":"11BE84EC-19B5-42A6-80B0-E81A226BFD1A","updateRevisionNumber":"201","updateTitle":"Security Update for Windows 8.1 for x64-based Systems (KB3081320)"}}
{"time":"2018-01-03T11:08:39.3253898Z","host":"IE11WIN8_1","user":"S-1-5-18","message":"Installation Successful: Windows successfully installed the following update: $1","severity":3,"sequence":"576","source":"eventlog","category":"System","service":"Microsoft-Windows-WindowsUpdateClient","fields":{"Channel":"System","Computer":"IE11WIN8_1","EventID":"19","EventRecordID":"576","Keywords":"9223372036854775832","Level":"4","Opcode":"13","ProcessID":"732","ProviderGuid":"945A8954-C147-4ACD-923F-40C45405A658","ProviderName":"Microsoft-Windows-WindowsUpdateClient","Task":"1","ThreadID":"2612","TimeCreated":"2018-01-03T11:08:39.325390338Z","UserID":"S-1-5-18","Version":"1","serviceGuid":"7971F918-A847-4430-9279-4A52D1EFE18D","updateGuid":"FC04B59D-DE5D-43A5-B2FE-635DBACC36BE","updateRevisionNumber":"201","updateTitle":"Update for Windows 8.1 for x64-based Systems (KB3138602)"}}
{"time":"2018-01-03T11:08:39.3253898Z","host":"IE11WIN8_1","user":"S-1-5-18","message":"Installation Successful: Windows successfully installed the following update: $1","severity":3,"sequence":"594","source":"eventlog","category":"System","service":"Microsoft-Windows-WindowsUpdateClient","fields":{"Channel":"System","Computer":"IE11WIN8_1","EventID":"19","EventRecordID":"594","Keywords":"9223372036854775832","Level":"4","Opcode":"13","ProcessID":"732","ProviderGuid":"945A8954-C147-4ACD-923F-40C45405A658","ProviderName":"Microsoft-Windows-WindowsUpdateClient","Task":"1","ThreadID":"2612","TimeCreated":"2018-01-03T11:08:39.325390338Z","UserID":"S-1-5-18","Version":"1","serviceGuid":"7971F918-A847-4430-9279-4A52D1EFE18D","updateGuid":"443F834C-0617-40FC-917F-6B4A54BA4986","updateRevisionNumber":"203","updateTitle":"Security Update for Windows 8.1 for x64-based Systems (KB3126593)"}}
{"time":"2018-01-03T11:08:39.3253898Z","host":"IE11WIN8_1","user":"S-1-5-18","message":"Installation Successful: Windows successfully installed the following update: $1","severity":3,"sequence":"584","source":"eventlog","category":"System","service":"Microsoft-Windows-WindowsUpdateClient","fields":{"Channel":"System","Computer":"IE11WIN8_1","EventID":"19","EventRecordID":"584","Keywords":"9223372036854775832","Level":"4","Opcode":"13","ProcessID":"732","ProviderGuid":"945A8954-C147-4ACD-923F-40C45405A658","ProviderName":"Microsoft-Windows-WindowsUpdateClient","Task":"1","ThreadID":"2612","TimeCreated":"2018-01-03T11:08:39.325390338Z","UserID":"S-1-5-18","Version":"1","serviceGuid":"7971F918-A847-4430-9279-4A52D1EFE18D","updateGuid":"599C3991-2C90-40D7-A8B6-79A92CB9244C","updateRevisionNumber":"201","updateTitle":"Update for Windows 8.1 for x64-based Systems (KB3126030)"}}
{"time":"2018-01-03T11:08:39.3253898Z","host":"IE11WIN8_1","user":"S-1-5-18","message":"Installation Successful: Windows successfully installed the following update: $1","severity":3,"sequence":"577","source":"eventlog","category":"System","service":"Microsoft-Windows-WindowsUpdateClient","fields":{"Channel":"System","Computer":"IE11WIN8_1","EventID":"19","EventRecordID":"577","Keywords":"9223372036854775832","Level":"4","Opcode":"13","ProcessID":"732","ProviderGuid":"945A8954-C147-4ACD-923F-40C45405A658","ProviderName":"Microsoft-Windows-WindowsUpdateClient","Task":"1","ThreadID":"2612","TimeCreated":"2018-01-03T11:08:39.325390338Z","UserID":"S-1-5-18","Version":"1","serviceGuid":"7971F918-A847-4430-9279-4A52D1EFE18D","updateGuid":"9EF6368D-905E-47A1-8A88-1AD56D2407B1","updateRevisionNumber":"200","updateTitle":"Update for Windows 8.1 for x64-based Systems (KB3147071)"}}
{"time":"2018-01-03T11:08:39.3253898Z","host":"IE11WIN8_1","user":"S-1-5-18","message":"Installation Successful: Windows successfully installed the following update: $1","severity":3,"sequence":"583","source":"eventlog","category":"System","service":"Microsoft-Windows-WindowsUpdateClient","fields":{"Channel":"System","Computer":"IE11WIN8_1","EventID":"19","EventRecordID":"583","Keywords":"9223372036854775832","Level":"4","Opcode":"13","ProcessID":"732","ProviderGuid":"945A8954-C147-4ACD-923F-40C45405A658","ProviderName":"Microsoft-Windows-WindowsUpdateClient","Task":"1","ThreadID":"2612","TimeCreated":"2018-01-03T11:08:39.325390338Z","UserID":"S-1-5-18","Version":"1","serviceGuid":"7971F918-A847-4430-9279-4A52D1EFE18D","updateGuid":"D9672F48-3638-4684-8667-D102617469BB","updateRevisionNumber":"201","updateTitle":"Security Update for Windows 8.1 for x64-based Systems (KB3139398)"}}
{"time":"2018-01-03T11:08:39.3253898Z","host":"IE11WIN8_1","user":"S-1-5-18","message":"Installation Successful: Windows successfully installed the following update: $1","severity":3,"sequence":"591","source":"eventlog","category":"System","service":"Microsoft-Windows-WindowsUpdateClient","fields":{"Channel":"System","Computer":"IE11WIN8_1","EventID":"19","EventRecordID":"591","Keywords":"9223372036854775832","Level":"4","Opcode":"13","ProcessID":"732","ProviderGuid":"945A8954-C147-4ACD-923F-40C45405A658","ProviderName":"Microsoft-Windows-WindowsUpdateClient","Task":"1","ThreadID":"2612","TimeCreated":"2018-01-03T11:08:39.325390338Z","UserID":"S-1-5-18","Version":"1","serviceGuid":"7971F918-A847-4430-9279-4A52D1EFE18D","updateGuid":"4063E92F-7454-4EEA-B026-71C02AA0C2DB","updateRevisionNumber":"201","updateTitle":"Security Update for Windows 8.1 for x64-based Systems (KB3126434)"}}
{"time":"2018-01-03T11:08:39.3253898Z","host":"IE11WIN8_1","user":"S-1-5-18","message":"Installation Successful: Windows successfully installed the following update: $1","severity":3,"sequence":"558","source":"eventlog","category":"System","service":"Microsoft-Windows-WindowsUpdateClient","fields":{"Channel":"System","Computer":"IE11WIN8_1","EventID":"19","EventRecordID":"558","Keywords":"9223372036854775832","Level":"4","Opcode":"13","ProcessID":"732","ProviderGuid":"945A8954-C147-4ACD-923F-40C45405A658","ProviderName":"Microsoft-Windows-WindowsUpdateClient","Task":"1","ThreadID":"2612","TimeCreated":"2018-01-03T11:08:39.325390338Z","UserID":"S-1-5-18","Version":"1","serviceGuid":"7971F918-A847-4430-9279-4A52D1EFE18D","updateGuid":"BAA99DCB-A75E-4950-9E0A-8CBE56A48C91","updateRevisionNumber":"201","updateTitle":"Security Update for Windows 8.1 for x64-based Systems (KB3156059)"}}
{"time":"2018-01-03T11:08:39.3253898Z","host":"IE11WIN8_1","user":"S-1-5-18","message":"Installation Successful: Windows successfully installed the following update: $1","severity":3,"sequence":"544","source":"eventlog","category":"System","service":"Microsoft-Windows-WindowsUpdateClient","fields":{"Channel":"System","Computer":"IE11WIN8_1","EventID":"19","EventRecordID":"544","Keywords":"9223372036854775832","Level":"4","Opcode":"13","ProcessID":"732","ProviderGuid":"945A8954-C147-4ACD-923F-40C45405A658","ProviderName":"Microsoft-Windows-WindowsUpdateClient","Task":"1","ThreadID":"2612","TimeCreated":"2018-01-03T11:08:39.325390338Z","UserID":"S-1-5-18","Version":"1","serviceGuid":"7971F918-A847-4430-9279-4A52D1EFE18D","updateGuid":"67425D06-612A-4FDE-9DD3-D00CA50E5E16","updateRevisionNumber":"209","updateTitle":"Update for Windows 8.1 for x64-based Systems (KB3184143)"}}
{"time":"2018-01-03T11:08:39.3253898Z","host":"IE11WIN8_1","user":"S-1-5-18","message":"Installation Successful: Windows successfully installed the following update: $1","severity":3,"sequence":"606","source":"eventlog","category":"System","service":"Microsoft-Windows-WindowsUpdateClient","fields":{"Channel":"System","Computer":"IE11WIN8_1","EventID":"19","EventRecordID":"606","Keywords":"9223372036854775832","Level":"4","Opcode":"13","ProcessID":"732","ProviderGuid":"945A8954-C147-4ACD-923F-40C45405A658","ProviderName":"Microsoft-Windows-WindowsUpdateClient","Task":"1","ThreadID":"2612","TimeCreated":"2018-01-03T11:08:39.325390338Z","UserID":"S-1-5-18","Version":"1","serviceGuid":"7971F918-A847-4430-9279-4A52D1EFE18D","updateGuid":"2DE618C2-79E5-4907-8D7B-815E804A12BD","updateRevisionNumber":"1347","updateTitle":"Security Update for Windows 8.1 for x64-based Systems (KB3092601)"}}
{"time":"2018-01-03T11:08:39.3253898Z","host":"IE11WIN8_1","user":"S-1-5-18","message":"Installation Successful: Windows successfully installed the following update: $1","severity":3,"sequence":"548","source":"eventlog","category":"System","service":"Microsoft-Windows-WindowsUpdateClient","fields":{"Channel":"System","Computer":"IE11WIN8_1","EventID":"19","EventRecordID":"548","Keywords":"9223372036854775832","Level":"4","Opcode":"13","ProcessID":"732","ProviderGuid":"945A8954-C147-4ACD-923F-40C45405A658","ProviderName":"Microsoft-Windows-WindowsUpdateClient","Task":"1","ThreadID":"2612","TimeCreated":"2018-01-03T11:08:39.325390338Z","UserID":"S-1-5-18","Version":"1","serviceGuid":"7971F918-A847-4430-9279-4A52D1EFE18D","updateGuid":"950B452F-89FB-4CDD-AD23-A78A0ACB2572","updateRevisionNumber":"202","updateTitle":"Security Update for Windows 8.1 for x64-based Systems (KB3175024)"}}
{"time":"2018-01-03T11:08:39.3253898Z","host":"IE11WIN8_1","user":"S-1-5-18","message":"Installation Successful: Windows successfully installed the following update: $1","severity":3,"sequence":"551","source":"eventlog","category":"System","service":"Microsoft-Windows-WindowsUpdateClient","fields":{"Channel":"System","Computer":"IE11WIN8_1","EventID":"19","EventRecordID":"551","Keywords":"9223372036854775832","Level":"4","Opcode":"13","ProcessID":"732","ProviderGuid":"945A8954-C147-4ACD-923F-40C45405A658","ProviderName":"Microsoft-Windows-WindowsUpdateClient","Task":"1","ThreadID":"2612","TimeCreated":"2018-01-03T11:08:39.325390338Z","UserID":"S-1-5-18","Version":"1","serviceGuid":"7971F918-A847-4430-9279-4A52D1EFE18D","updateGuid":"2B8F5371-B76E-44A3-BEA6-889C7A6E8867","updateRevisionNumber":"201","updateTitle":"Security Update for Windows 8.1 for x64-based Systems (KB3169704)"}}
{"time":"2018-01-03T11:08:39.3253898Z","host":"IE11WIN8_1","user":"S-1-5-18","message":"Installation Successful: Windows successfully installed the following update: $1","severity":3,"sequence":"545","source":"eventlog","category":"System","service":"Microsoft-Windows-WindowsUpdateClient","fields":{"Channel":"System","Computer":"IE11WIN8_1","EventID":"19","EventRecordID":"545","Keywords":"9223372036854775832","Level":"4","Opcode":"13","ProcessID":"732","ProviderGuid":"945A8954-C147-4ACD-923F-40C45405A658","ProviderName":"Microsoft-Windows-WindowsUpdateClient","Task":"1","ThreadID":"2612","TimeCreated":"2018-01-03T11:08:39.325390338Z","UserID":"S-1-5-18","Version":"1","serviceGuid":"7971F918-A847-4430-9279-4A52D1EFE18D","updateGuid":"12CA8B4E-22D2-4ECE-8CBF-9B243C574549","updateRevisionNumber":"204","updateTitle":"Security Update for Windows 8.1 for x64-based Systems (KB3187754)"}}
{"time":"2018-01-03T11:08:39.3253898Z","host":"IE11WIN8_1","user":"S-1-5-18","message":"Installation Successful: Windows successfully installed the following update: $1","severity":3,"sequence":"566","source":"eventlog","category":"System","service":"Microsoft-Windows-WindowsUpdateClient","fields":{"Channel":"System","Computer":"IE11WIN8_1","EventID":"19","EventRecordID":"566","Keywords":"9223372036854775832","Level":"4","Opcode":"13","ProcessID":"732","ProviderGuid":"945A8954-C147-4ACD-923F-40C45405A658","ProviderName":"Microsoft-Windows-WindowsUpdateClient","Task":"1","ThreadID":"2612","TimeCreated":"2018-01-03T11:08:39.325390338Z","UserID":"S-1-5-18","Version":"1","serviceGuid":"7971F918-A847-4430-9279-4A52D1EFE18D","updateGuid":"810047D1-4337-4C0E-A254-88A0A2AA99F2","updateRevisionNumber":"201","updateTitle":"Update for Windows 8.1 for x64-based Systems (KB3138378)"}}
{"time":"2018-01-03T11:08:39.3253898Z","host":"IE11WIN8_1","user":"S-1-5-18","message":"Installation Successful: Windows successfully installed the following update: $1","severity":3,"sequence":"542","source":"eventlog","category":"System","service":"Microsoft-Windows-WindowsUpdateClient","fields":{"Channel":"System","Computer":"IE11WIN8_1","EventID":"19","EventRecordID":"542","Keywords":"9223372036854775832","Level":"4","Opcode":"13","ProcessID":"732","ProviderGuid":"945A8954-C147-4ACD-923F-40C45405A658","ProviderName":"Microsoft-Windows-WindowsUpdateClient","Task":"1","ThreadID":"2612","TimeCreated":"2018-01-03T11:08:39.325390338Z","UserID":"S-1-5-18","Version":"1","serviceGuid":"7971F918-A847-4430-9279-4A52D1EFE18D","updateGuid":"3487F206-5BF7-476F-91EC-AB051FF8D461","updateRevisionNumber":"203","updateTitle":"Microsoft .NET Framework 4.7 for Windows 8.1 and Windows Server 2012 R2 for x64 (KB3186539)"}}
{"time":"2018-01-03T11:08:39.3253898Z","host":"IE11WIN8_1","user":"S-1-5-18","message":"Installation Successful: Windows successfully installed the following update: $1","severity":3,"sequence":"540","source":"eventlog","category":"System","service":"Microsoft-Windows-WindowsUpdateClient","fields":{"Channel":"System","Computer":"IE11WIN8_1","EventID":"19","EventRecordID":"540","Keywords":"9223372036854775832","Level":"4","Opcode":"13","ProcessID":"732","ProviderGuid":"945A8954-C147-4ACD-923F-40C45405A658","ProviderName":"Microsoft-Windows-WindowsUpdateClient","Task":"1","ThreadID":"2612","TimeCreated":"2018-01-03T11:08:39.325390338Z","UserID":"S-1-5-18","Version":"1","serviceGuid":"7971F918-A847-4430-9279-4A52D1EFE18D","updateGuid":"10576CC7-324E-4C94-BC60-B1867D356E84","updateRevisionNumber":"200","updateTitle":"2017-12 Security Monthly Quality Rollup for Windows 8.1 for x64-based Systems (KB4054519)"}}
{"time":"2018-01-03T11:08:39.3253898Z","host":"IE11WIN8_1","user":"S-1-5-18","message":"Installation Successful: Windows successfully installed the following update: $1","severity":3,"sequence":"579","source":"eventlog","category":"System","service":"Microsoft-Windows-WindowsUpdateClient","fields":{"Channel":"System","Computer":"IE11WIN8_1","EventID":"19","EventRecordID":"579","Keywords":"9223372036854775832","Level":"4","Opcode":"13","ProcessID":"732","ProviderGuid":"945A8954-C147-4ACD-923F-40C45405A658","ProviderName":"Microsoft-Windows-WindowsUpdateClient","Task":"1","ThreadID":"2612","TimeCreated":"2018-01-03T11:08:39.325390338Z","UserID":"S-1-5-18","Version":"1","serviceGuid":"7971F918-A847-4430-9279-4A52D1EFE18D","updateGuid":"647FE6AC-F914-440F-B35F-936BF4CD2E28","updateRevisionNumber":"201","updateTitle":"Update for Windows 8.1 for x64-based Systems (KB3134815)"}}
{"time":"2018-01-03T11:08:39.3253898Z","host":"IE11WIN8_1","user":"S-1-5-18","message":"Installation Successful: Windows successfully installed the following update: $1","severity":3,"sequence":"605","source":"eventlog","category":"System","service":"Microsoft-Windows-WindowsUpdateClient","fields":{"Channel":"System","Computer":"IE11WIN8_1","EventID":"19","EventRecordID":"605","Keywords":"9223372036854775832","Level":"4","Opcode":"13","ProcessID":"732","ProviderGuid":"945A8954-C147-4ACD-923F-40C45405A658","ProviderName":"Microsoft-Windows-WindowsUpdateClient","Task":"1","ThreadID":"2612","TimeCreated":"2018-01-03T11:08:39.325390338Z","UserID":"S-1-5-18","Version":"1","serviceGuid":"7971F918-A847-4430-9279-4A52D1EFE18D","updateGuid":"D833918F-70E4-48A4-9387-11417B5F01A1","updateRevisionNumber":"201","updateTitle":"Update for Windows 8.1 for x64-based Systems (KB3034348)"}}
{"time":"2018-01-03T11:08:39.3253898Z","host":"IE11WIN8_1","user":"S-1-5-18","message":"Installation Successful: Windows successfully installed the following update: $1","severity":3,"sequence":"568","source":"eventlog","category":"System","service":"Microsoft-Windows-WindowsUpdateClient","fields":{"Channel":"System","Computer":"IE11WIN8_1","EventID":"19","EventRecordID":"568","Keywords":"9223372036854775832","Level":"4","Opcode":"13","ProcessID":"732","ProviderGuid":"945A8954-C147-4ACD-923F-40C45405A658","ProviderName":"Microsoft-Windows-WindowsUpdateClient","Task":"1","ThreadID":"2612","TimeCreated":"2018-01-03T11:08:39.325390338Z","UserID":"S-1-5-18","Version":"1","serviceGuid":"7971F918-A847-4430-9279-4A52D1EFE18D","updateGuid":"F39444E2-9E3C-4D4E-AD41-B940A8DDF4EB","updateRevisionNumber":"202","updateTitle":"Update for Windows 8.1 for x64-based Systems (KB3140234)"}}
{"time":"2018-01-03T11:08:39.3253898Z","host":"IE11WIN8_1","user":"S-1-5-18","message":"Installation Successful: Windows successfully installed the following update: $1","severity":3,"sequence":"597","source":"eventlog","category":"System","service":"Microsoft-Windows-WindowsUpdateClient","fields":{"Channel":"System","Computer":"IE11WIN8_1","EventID":"19","EventRecordID":"597","Keywords":"9223372036854775832","Level":"4","Opcode":"13","ProcessID":"732","ProviderGuid":"945A8954-C147-4ACD-923F-40C45405A658","ProviderName":"Microsoft-Windows-WindowsUpdateClient","Task":"1","ThreadID":"2612","TimeCreated":"2018-01-03T11:08:39.325390338Z","UserID":"S-1-5-18","Version":"1","serviceGuid":"7971F918-A847-4430-9279-4A52D1EFE18D","updateGuid":"BBADC6E4-B242-42E1-85B8-DAA00DE9B745","updateRevisionNumber":"201","updateTitle":"Security Update for Windows 8.1 for x64-based Systems (KB3109560)"}}
{"time":"2018-01-03T11:08:39.3253898Z","host":"IE11WIN8_1","user":"S-1-5-18","message":"Installation Successful: Windows successfully installed the following update: $1","severity":3,"sequence":"556","source":"eventlog","category":"System","service":"Microsoft-Windows-WindowsUpdateClient","fields":{"Channel":"System","Computer":"IE11WIN8_1","EventID":"19","EventRecordID":"556","Keywords":"9223372036854775832","Level":"4","Opcode":"13","ProcessID":"732","ProviderGuid":"945A8954-C147-4ACD-923F-40C45405A658","ProviderName":"Microsoft-Windows-WindowsUpdateClient","Task":"1","ThreadID":"2612","TimeCreated":"2018-01-03T11:08:39.325390338Z","UserID":"S-1-5-18","Version":"1","serviceGuid":"7971F918-A847-4430-9279-4A52D1EFE18D","updateGuid":"B0E45C86-0ACB-4A86-9C95-CEF5741FD13A","updateRevisionNumber":"201","updateTitle":"Security Update for Windows 8.1 for x64-based Systems (KB3155178)"}}
{"time":"2018-01-03T11:08:39.3253898Z","host":"IE11WIN8_1","user":"S-1-5-18","message":"Installation Successful: Windows successfully installed the following update: $1","severity":3,"sequence":"539","source":"eventlog","category":"System","service":"Microsoft-Windows-WindowsUpdateClient","fields":{"Channel":"System","Computer":"IE11WIN8_1","EventID":"19","EventRecordID":"539","Keywords":"9223372036854775832","Level":"4","Opcode":"13","ProcessID":"732","ProviderGuid":"945A8954-C147-4ACD-923F-40C45405A658","ProviderName":"Microsoft-Windows-WindowsUpdateClient","Task":"1","ThreadID":"2612","TimeCreated":"2018-01-03T11:08:39.325390338Z","UserID":"S-1-5-18","Version":"1","serviceGuid":"7971F918-A847-4430-9279-4A52D1EFE18D","updateGuid":"C63758D0-641D-4B39-BEE2-8C9F922D017C","updateRevisionNumber":"200","updateTitle":"2017-12 Security Update for Adobe Flash Player for Windows 8.1 for x64-based Systems (KB4053577)"}}
