{"ecs":{"version":"9.1.0"},"agent":{"type":"fox","version":"0.0.0"},"host":{"hostname":"IACIS-HDD-2014"},"user":{},"event":{"id":"124","kind":"event","module":"eventlog","dataset":"eventlog.Security","severity":10,"provider":"Microsoft-Windows-Security-Auditing","original":"{\"time\":\"2014-01-25T01:27:34.3558572Z\",\"host\":\"IACIS-HDD-2014\",\"message\":\"A user account was created\",\"severity\":10,\"sequence\":\"124\",\"source\":\"eventlog\",\"category\":\"Security\",\"service\":\"Microsoft-Windows-Security-Auditing\",\"fields\":{\"AccountExpires\":\"%%1794\",\"AllowedToDelegateTo\":\"-\",\"Channel\":\"Security\",\"Computer\":\"IACIS-HDD-2014\",\"DisplayName\":\"%%1793\",\"EventID\":\"4720\",\"EventRecordID\":\"124\",\"HomeDirectory\":\"%%1793\",\"HomePath\":\"%%1793\",\"Keywords\":\"9232379236109516800\",\"Level\":\"0\",\"LogonHours\":\"%%1797\",\"NewUacValue\":\"0x15\",\"OldUacValue\":\"0x0\",\"Opcode\":\"0\",\"PasswordLastSet\":\"%%1794\",\"PrimaryGroupId\":\"513\",\"PrivilegeList\":\"-\",\"ProcessID\":\"468\",\"ProfilePath\":\"%%1793\",\"ProviderGuid\":\"54849625-5478-4994-A5BA-3E3B0328C30D\",\"ProviderName\":\"Microsoft-Windows-Security-Auditing\",\"SamAccountName\":\"BillyBob\",\"ScriptPath\":\"%%1793\",\"SidHistory\":\"-\",\"SubjectDomainName\":\"WORKGROUP\",\"SubjectLogonId\":\"999\",\"SubjectUserName\":\"WIN-7SP7OEUKPKN$\",\"SubjectUserSid\":\"S-1-5-18\",\"TargetDomainName\":\"IACIS-HDD-2014\",\"TargetSid\":\"S-1-5-21-1171287513-3642516788-2358256967-1001\",\"TargetUserName\":\"BillyBob\",\"Task\":\"13824\",\"ThreadID\":\"564\",\"TimeCreated\":\"2014-01-25T01:27:34.35585761Z\",\"UserAccountControl\":\"\\r\\n\\t\\t%%2080\\r\\n\\t\\t%%2082\\r\\n\\t\\t%%2084\",\"UserParameters\":\"%%1793\",\"UserPrincipalName\":\"-\",\"UserWorkstations\":\"%%1793\",\"Version\":\"0\"}}","hash":"01e55f09507a6165","code":"4720"},"labels":{"AccountExpires":"%%1794","AllowedToDelegateTo":"-","Channel":"Security","Computer":"IACIS-HDD-2014","DisplayName":"%%1793","EventID":"4720","EventRecordID":"124","HomeDirectory":"%%1793","HomePath":"%%1793","Keywords":"9232379236109516800","Level":"0","LogonHours":"%%1797","NewUacValue":"0x15","OldUacValue":"0x0","Opcode":"0","PasswordLastSet":"%%1794","PrimaryGroupId":"513","PrivilegeList":"-","ProcessID":"468","ProfilePath":"%%1793","ProviderGuid":"54849625-5478-4994-A5BA-3E3B0328C30D","ProviderName":"Microsoft-Windows-Security-Auditing","SamAccountName":"BillyBob","ScriptPath":"%%1793","SidHistory":"-","SubjectDomainName":"WORKGROUP","SubjectLogonId":"999","SubjectUserName":"WIN-7SP7OEUKPKN$","SubjectUserSid":"S-1-5-18","TargetDomainName":"IACIS-HDD-2014","TargetSid":"S-1-5-21-1171287513-3642516788-2358256967-1001","TargetUserName":"BillyBob","Task":"13824","ThreadID":"564","TimeCreated":"2014-01-25T01:27:34.35585761Z","UserAccountControl":"\r\n\t\t%%2080\r\n\t\t%%2082\r\n\t\t%%2084","UserParameters":"%%1793","UserPrincipalName":"-","UserWorkstations":"%%1793","Version":"0"},"@timestamp":"2014-01-25T01:27:34.3558572Z","message":"A user account was created"}
{"ecs":{"version":"9.1.0"},"agent":{"type":"fox","version":"0.0.0"},"host":{"hostname":"IACIS-HDD-2014"},"user":{},"event":{"id":"125","kind":"event","module":"eventlog","dataset":"eventlog.Security","severity":10,"provider":"Microsoft-Windows-Security-Auditing","original":"{\"time\":\"2014-01-25T01:27:34.7302579Z\",\"host\":\"IACIS-HDD-2014\",\"message\":\"A member was added to a security-enabled local group\",\"severity\":10,\"sequence\":\"125\",\"source\":\"eventlog\",\"category\":\"Security\",\"service\":\"Microsoft-Windows-Security-Auditing\",\"fields\":{\"Channel\":\"Security\",\"Computer\":\"IACIS-HDD-2014\",\"EventID\":\"4732\",\"EventRecordID\":\"125\",\"Keywords\":\"9232379236109516800\",\"Level\":\"0\",\"MemberName\":\"-\",\"MemberSid\":\"S-1-5-21-1171287513-3642516788-2358256967-1001\",\"Opcode\":\"0\",\"PrivilegeList\":\"-\",\"ProcessID\":\"468\",\"ProviderGuid\":\"54849625-5478-4994-A5BA-3E3B0328C30D\",\"ProviderName\":\"Microsoft-Windows-Security-Auditing\",\"SubjectDomainName\":\"WORKGROUP\",\"SubjectLogonId\":\"999\",\"SubjectUserName\":\"WIN-7SP7OEUKPKN$\",\"SubjectUserSid\":\"S-1-5-18\",\"TargetDomainName\":\"Builtin\",\"TargetSid\":\"S-1-5-32-545\",\"TargetUserName\":\"Users\",\"Task\":\"13826\",\"ThreadID\":\"2504\",\"TimeCreated\":\"2014-01-25T01:27:34.730257511Z\",\"Version\":\"0\"}}","hash":"7d2244f87cffbae8","code":"4732"},"labels":{"Channel":"Security","Computer":"IACIS-HDD-2014","EventID":"4732","EventRecordID":"125","Keywords":"9232379236109516800","Level":"0","MemberName":"-","MemberSid":"S-1-5-21-1171287513-3642516788-2358256967-1001","Opcode":"0","PrivilegeList":"-","ProcessID":"468","ProviderGuid":"54849625-5478-4994-A5BA-3E3B0328C30D","ProviderName":"Microsoft-Windows-Security-Auditing","SubjectDomainName":"WORKGROUP","SubjectLogonId":"999","SubjectUserName":"WIN-7SP7OEUKPKN$","SubjectUserSid":"S-1-5-18","TargetDomainName":"Builtin","TargetSid":"S-1-5-32-545","TargetUserName":"Users","Task":"13826","ThreadID":"2504","TimeCreated":"2014-01-25T01:27:34.730257511Z","Version":"0"},"@timestamp":"2014-01-25T01:27:34.7302579Z","message":"A member was added to a security-enabled local group"}
{"ecs":{"version":"9.1.0"},"agent":{"type":"fox","version":"0.0.0"},"host":{"hostname":"IACIS-HDD-2014"},"user":{},"event":{"id":"129","kind":"event","module":"eventlog","dataset":"eventlog.Security","severity":10,"provider":"Microsoft-Windows-Security-Auditing","original":"{\"time\":\"2014-01-25T01:27:35.0734585Z\",\"host\":\"IACIS-HDD-2014\",\"message\":\"A user account was changed\",\"severity\":10,\"sequence\":\"129\",\"source\":\"eventlog\",\"category\":\"Security\",\"service\":\"Microsoft-Windows-Security-Auditing\",\"fields\":{\"AccountExpires\":\"%%1794\",\"AllowedToDelegateTo\":\"-\",\"Channel\":\"Security\",\"Computer\":\"IACIS-HDD-2014\",\"DisplayName\":\"%%1793\",\"Dummy\":\"-\",\"EventID\":\"4738\",\"EventRecordID\":\"129\",\"HomeDirectory\":\"%%1793\",\"HomePath\":\"%%1793\",\"Keywords\":\"9232379236109516800\",\"Level\":\"0\",\"LogonHours\":\"%%1797\",\"NewUacValue\":\"0x14\",\"OldUacValue\":\"0x15\",\"Opcode\":\"0\",\"PasswordLastSet\":\"%%1794\",\"PrimaryGroupId\":\"513\",\"PrivilegeList\":\"-\",\"ProcessID\":\"468\",\"ProfilePath\":\"%%1793\",\"ProviderGuid\":\"54849625-5478-4994-A5BA-3E3B0328C30D\",\"ProviderName\":\"Microsoft-Windows-Security-Auditing\",\"SamAccountName\":\"BillyBob\",\"ScriptPath\":\"%%1793\",\"SidHistory\":\"-\",\"SubjectDomainName\":\"WORKGROUP\",\"SubjectLogonId\":\"999\",\"SubjectUserName\":\"WIN-7SP7OEUKPKN$\",\"SubjectUserSid\":\"S-1-5-18\",\"TargetDomainName\":\"IACIS-HDD-2014\",\"TargetSid\":\"S-1-5-21-1171287513-3642516788-2358256967-1001\",\"TargetUserName\":\"BillyBob\",\"Task\":\"13824\",\"ThreadID\":\"2504\",\"TimeCreated\":\"2014-01-25T01:27:35.073459148Z\",\"UserAccountControl\":\"\\r\\n\\t\\t%%2048\",\"UserParameters\":\"%%1793\",\"UserPrincipalName\":\"-\",\"UserWorkstations\":\"%%1793\",\"Version\":\"0\"}}","hash":"9d38339a746a7e00","code":"4738"},"labels":{"AccountExpires":"%%1794","AllowedToDelegateTo":"-","Channel":"Security","Computer":"IACIS-HDD-2014","DisplayName":"%%1793","Dummy":"-","EventID":"4738","EventRecordID":"129","HomeDirectory":"%%1793","HomePath":"%%1793","Keywords":"9232379236109516800","Level":"0","LogonHours":"%%1797","NewUacValue":"0x14","OldUacValue":"0x15","Opcode":"0","PasswordLastSet":"%%1794","PrimaryGroupId":"513","PrivilegeList":"-","ProcessID":"468","ProfilePath":"%%1793","ProviderGuid":"54849625-5478-4994-A5BA-3E3B0328C30D","ProviderName":"Microsoft-Windows-Security-Auditing","SamAccountName":"BillyBob","ScriptPath":"%%1793","SidHistory":"-","SubjectDomainName":"WORKGROUP","SubjectLogonId":"999","SubjectUserName":"WIN-7SP7OEUKPKN$","SubjectUserSid":"S-1-5-18","TargetDomainName":"IACIS-HDD-2014","TargetSid":"S-1-5-21-1171287513-3642516788-2358256967-1001","TargetUserName":"BillyBob","Task":"13824","ThreadID":"2504","TimeCreated":"2014-01-25T01:27:35.073459148Z","UserAccountControl":"\r\n\t\t%%2048","UserParameters":"%%1793","UserPrincipalName":"-","UserWorkstations":"%%1793","Version":"0"},"@timestamp":"2014-01-25T01:27:35.0734585Z","message":"A user account was changed"}
{"ecs":{"version":"9.1.0"},"agent":{"type":"fox","version":"0.0.0"},"host":{"hostname":"IACIS-HDD-2014"},"user":{},"event":{"id":"130","kind":"event","module":"eventlog","dataset":"eventlog.Security","severity":10,"provider":"Microsoft-Windows-Security-Auditing","original":"{\"time\":\"2014-01-25T01:27:35.385459Z\",\"host\":\"IACIS-HDD-2014\",\"message\":\"A member was added to a security-enabled local group\",\"severity\":10,\"sequence\":\"130\",\"source\":\"eventlog\",\"category\":\"Security\",\"service\":\"Microsoft-Windows-Security-Auditing\",\"fields\":{\"Channel\":\"Security\",\"Computer\":\"IACIS-HDD-2014\",\"EventID\":\"4732\",\"EventRecordID\":\"130\",\"Keywords\":\"9232379236109516800\",\"Level\":\"0\",\"MemberName\":\"-\",\"MemberSid\":\"S-1-5-21-1171287513-3642516788-2358256967-1001\",\"Opcode\":\"0\",\"PrivilegeList\":\"-\",\"ProcessID\":\"468\",\"ProviderGuid\":\"54849625-5478-4994-A5BA-3E3B0328C30D\",\"ProviderName\":\"Microsoft-Windows-Security-Auditing\",\"SubjectDomainName\":\"WORKGROUP\",\"SubjectLogonId\":\"999\",\"SubjectUserName\":\"WIN-7SP7OEUKPKN$\",\"SubjectUserSid\":\"S-1-5-18\",\"TargetDomainName\":\"Builtin\",\"TargetSid\":\"S-1-5-32-544\",\"TargetUserName\":\"Administrators\",\"Task\":\"13826\",\"ThreadID\":\"564\",\"TimeCreated\":\"2014-01-25T01:27:35.385459184Z\",\"Version\":\"0\"}}","hash":"4af84ff748f47c13","code":"4732"},"labels":{"Channel":"Security","Computer":"IACIS-HDD-2014","EventID":"4732","EventRecordID":"130","Keywords":"9232379236109516800","Level":"0","MemberName":"-","MemberSid":"S-1-5-21-1171287513-3642516788-2358256967-1001","Opcode":"0","PrivilegeList":"-","ProcessID":"468","ProviderGuid":"54849625-5478-4994-A5BA-3E3B0328C30D","ProviderName":"Microsoft-Windows-Security-Auditing","SubjectDomainName":"WORKGROUP","SubjectLogonId":"999","SubjectUserName":"WIN-7SP7OEUKPKN$","SubjectUserSid":"S-1-5-18","TargetDomainName":"Builtin","TargetSid":"S-1-5-32-544","TargetUserName":"Administrators","Task":"13826","ThreadID":"564","TimeCreated":"2014-01-25T01:27:35.385459184Z","Version":"0"},"@timestamp":"2014-01-25T01:27:35.385459Z","message":"A member was added to a security-enabled local group"}
{"ecs":{"version":"9.1.0"},"agent":{"type":"fox","version":"0.0.0"},"host":{"hostname":"IACIS-HDD-2014"},"user":{},"event":{"id":"131","kind":"event","module":"eventlog","dataset":"eventlog.Security","severity":10,"provider":"Microsoft-Windows-Security-Auditing","original":"{\"time\":\"2014-01-25T01:27:35.8066598Z\",\"host\":\"IACIS-HDD-2014\",\"message\":\"A member was added to a security-enabled local group\",\"severity\":10,\"sequence\":\"131\",\"source\":\"eventlog\",\"category\":\"Security\",\"service\":\"Microsoft-Windows-Security-Auditing\",\"fields\":{\"Channel\":\"Security\",\"Computer\":\"IACIS-HDD-2014\",\"EventID\":\"4732\",\"EventRecordID\":\"131\",\"Keywords\":\"9232379236109516800\",\"Level\":\"0\",\"MemberName\":\"-\",\"MemberSid\":\"S-1-5-21-1171287513-3642516788-2358256967-500\",\"Opcode\":\"0\",\"PrivilegeList\":\"-\",\"ProcessID\":\"468\",\"ProviderGuid\":\"54849625-5478-4994-A5BA-3E3B0328C30D\",\"ProviderName\":\"Microsoft-Windows-Security-Auditing\",\"SubjectDomainName\":\"WORKGROUP\",\"SubjectLogonId\":\"999\",\"SubjectUserName\":\"WIN-7SP7OEUKPKN$\",\"SubjectUserSid\":\"S-1-5-18\",\"TargetDomainName\":\"IACIS-HDD-2014\",\"TargetSid\":\"S-1-5-21-1171287513-3642516788-2358256967-1000\",\"TargetUserName\":\"HomeUsers\",\"Task\":\"13826\",\"ThreadID\":\"564\",\"TimeCreated\":\"2014-01-25T01:27:35.806659221Z\",\"Version\":\"0\"}}","hash":"c9f95de3623ffa31","code":"4732"},"labels":{"Channel":"Security","Computer":"IACIS-HDD-2014","EventID":"4732","EventRecordID":"131","Keywords":"9232379236109516800","Level":"0","MemberName":"-","MemberSid":"S-1-5-21-1171287513-3642516788-2358256967-500","Opcode":"0","PrivilegeList":"-","ProcessID":"468","ProviderGuid":"54849625-5478-4994-A5BA-3E3B0328C30D","ProviderName":"Microsoft-Windows-Security-Auditing","SubjectDomainName":"WORKGROUP","SubjectLogonId":"999","SubjectUserName":"WIN-7SP7OEUKPKN$","SubjectUserSid":"S-1-5-18","TargetDomainName":"IACIS-HDD-2014","TargetSid":"S-1-5-21-1171287513-3642516788-2358256967-1000","TargetUserName":"HomeUsers","Task":"13826","ThreadID":"564","TimeCreated":"2014-01-25T01:27:35.806659221Z","Version":"0"},"@timestamp":"2014-01-25T01:27:35.8066598Z","message":"A member was added to a security-enabled local group"}
{"ecs":{"version":"9.1.0"},"agent":{"type":"fox","version":"0.0.0"},"host":{"hostname":"IACIS-HDD-2014"},"user":{},"event":{"id":"132","kind":"event","module":"eventlog","dataset":"eventlog.Security","severity":10,"provider":"Microsoft-Windows-Security-Auditing","original":"{\"time\":\"2014-01-25T01:27:36.0718602Z\",\"host\":\"IACIS-HDD-2014\",\"message\":\"A member was added to a security-enabled local group\",\"severity\":10,\"sequence\":\"132\",\"source\":\"eventlog\",\"category\":\"Security\",\"service\":\"Microsoft-Windows-Security-Auditing\",\"fields\":{\"Channel\":\"Security\",\"Computer\":\"IACIS-HDD-2014\",\"EventID\":\"4732\",\"EventRecordID\":\"132\",\"Keywords\":\"9232379236109516800\",\"Level\":\"0\",\"MemberName\":\"-\",\"MemberSid\":\"S-1-5-21-1171287513-3642516788-2358256967-1001\",\"Opcode\":\"0\",\"PrivilegeList\":\"-\",\"ProcessID\":\"468\",\"ProviderGuid\":\"54849625-5478-4994-A5BA-3E3B0328C30D\",\"ProviderName\":\"Microsoft-Windows-Security-Auditing\",\"SubjectDomainName\":\"WORKGROUP\",\"SubjectLogonId\":\"999\",\"SubjectUserName\":\"WIN-7SP7OEUKPKN$\",\"SubjectUserSid\":\"S-1-5-18\",\"TargetDomainName\":\"IACIS-HDD-2014\",\"TargetSid\":\"S-1-5-21-1171287513-3642516788-2358256967-1000\",\"TargetUserName\":\"HomeUsers\",\"Task\":\"13826\",\"ThreadID\":\"2504\",\"TimeCreated\":\"2014-01-25T01:27:36.07186079Z\",\"Version\":\"0\"}}","hash":"b9a42c640c123d30","code":"4732"},"labels":{"Channel":"Security","Computer":"IACIS-HDD-2014","EventID":"4732","EventRecordID":"132","Keywords":"9232379236109516800","Level":"0","MemberName":"-","MemberSid":"S-1-5-21-1171287513-3642516788-2358256967-1001","Opcode":"0","PrivilegeList":"-","ProcessID":"468","ProviderGuid":"54849625-5478-4994-A5BA-3E3B0328C30D","ProviderName":"Microsoft-Windows-Security-Auditing","SubjectDomainName":"WORKGROUP","SubjectLogonId":"999","SubjectUserName":"WIN-7SP7OEUKPKN$","SubjectUserSid":"S-1-5-18","TargetDomainName":"IACIS-HDD-2014","TargetSid":"S-1-5-21-1171287513-3642516788-2358256967-1000","TargetUserName":"HomeUsers","Task":"13826","ThreadID":"2504","TimeCreated":"2014-01-25T01:27:36.07186079Z","Version":"0"},"@timestamp":"2014-01-25T01:27:36.0718602Z","message":"A member was added to a security-enabled local group"}
{"ecs":{"version":"9.1.0"},"agent":{"type":"fox","version":"0.0.0"},"host":{"hostname":"IACIS-HDD-2014"},"user":{},"event":{"id":"133","kind":"event","module":"eventlog","dataset":"eventlog.Security","severity":10,"provider":"Microsoft-Windows-Security-Auditing","original":"{\"time\":\"2014-01-25T01:27:36.4462609Z\",\"host\":\"IACIS-HDD-2014\",\"message\":\"A member was removed from a security-enabled local group\",\"severity\":10,\"sequence\":\"133\",\"source\":\"eventlog\",\"category\":\"Security\",\"service\":\"Microsoft-Windows-Security-Auditing\",\"fields\":{\"Channel\":\"Security\",\"Computer\":\"IACIS-HDD-2014\",\"EventID\":\"4733\",\"EventRecordID\":\"133\",\"Keywords\":\"9232379236109516800\",\"Level\":\"0\",\"MemberName\":\"-\",\"MemberSid\":\"S-1-5-21-1171287513-3642516788-2358256967-1001\",\"Opcode\":\"0\",\"PrivilegeList\":\"-\",\"ProcessID\":\"468\",\"ProviderGuid\":\"54849625-5478-4994-A5BA-3E3B0328C30D\",\"ProviderName\":\"Microsoft-Windows-Security-Auditing\",\"SubjectDomainName\":\"WORKGROUP\",\"SubjectLogonId\":\"999\",\"SubjectUserName\":\"WIN-7SP7OEUKPKN$\",\"SubjectUserSid\":\"S-1-5-18\",\"TargetDomainName\":\"Builtin\",\"TargetSid\":\"S-1-5-32-545\",\"TargetUserName\":\"Users\",\"Task\":\"13826\",\"ThreadID\":\"2504\",\"TimeCreated\":\"2014-01-25T01:27:36.44626069Z\",\"Version\":\"0\"}}","hash":"3a95b59e0a053726","code":"4733"},"labels":{"Channel":"Security","Computer":"IACIS-HDD-2014","EventID":"4733","EventRecordID":"133","Keywords":"9232379236109516800","Level":"0","MemberName":"-","MemberSid":"S-1-5-21-1171287513-3642516788-2358256967-1001","Opcode":"0","PrivilegeList":"-","ProcessID":"468","ProviderGuid":"54849625-5478-4994-A5BA-3E3B0328C30D","ProviderName":"Microsoft-Windows-Security-Auditing","SubjectDomainName":"WORKGROUP","SubjectLogonId":"999","SubjectUserName":"WIN-7SP7OEUKPKN$","SubjectUserSid":"S-1-5-18","TargetDomainName":"Builtin","TargetSid":"S-1-5-32-545","TargetUserName":"Users","Task":"13826","ThreadID":"2504","TimeCreated":"2014-01-25T01:27:36.44626069Z","Version":"0"},"@timestamp":"2014-01-25T01:27:36.4462609Z","message":"A member was removed from a security-enabled local group"}
{"ecs":{"version":"9.1.0"},"agent":{"type":"fox","version":"0.0.0"},"host":{"hostname":"IACIS-HDD-2014"},"user":{},"event":{"id":"136","kind":"event","module":"eventlog","dataset":"eventlog.Security","severity":10,"provider":"Microsoft-Windows-Security-Auditing","original":"{\"time\":\"2014-01-25T01:27:36.8206615Z\",\"host\":\"IACIS-HDD-2014\",\"message\":\"A user account was changed\",\"severity\":10,\"sequence\":\"136\",\"source\":\"eventlog\",\"category\":\"Security\",\"service\":\"Microsoft-Windows-Security-Auditing\",\"fields\":{\"AccountExpires\":\"-\",\"AllowedToDelegateTo\":\"-\",\"Channel\":\"Security\",\"Computer\":\"IACIS-HDD-2014\",\"DisplayName\":\"-\",\"Dummy\":\"-\",\"EventID\":\"4738\",\"EventRecordID\":\"136\",\"HomeDirectory\":\"-\",\"HomePath\":\"-\",\"Keywords\":\"9232379236109516800\",\"Level\":\"0\",\"LogonHours\":\"-\",\"NewUacValue\":\"-\",\"OldUacValue\":\"-\",\"Opcode\":\"0\",\"PasswordLastSet\":\"-\",\"PrimaryGroupId\":\"-\",\"PrivilegeList\":\"-\",\"ProcessID\":\"468\",\"ProfilePath\":\"-\",\"ProviderGuid\":\"54849625-5478-4994-A5BA-3E3B0328C30D\",\"ProviderName\":\"Microsoft-Windows-Security-Auditing\",\"SamAccountName\":\"-\",\"ScriptPath\":\"-\",\"SidHistory\":\"-\",\"SubjectDomainName\":\"WORKGROUP\",\"SubjectLogonId\":\"999\",\"SubjectUserName\":\"WIN-7SP7OEUKPKN$\",\"SubjectUserSid\":\"S-1-5-18\",\"TargetDomainName\":\"IACIS-HDD-2014\",\"TargetSid\":\"S-1-5-21-1171287513-3642516788-2358256967-1001\",\"TargetUserName\":\"BillyBob\",\"Task\":\"13824\",\"ThreadID\":\"2504\",\"TimeCreated\":\"2014-01-25T01:27:36.820660829Z\",\"UserAccountControl\":\"-\",\"UserParameters\":\"-\",\"UserPrincipalName\":\"-\",\"UserWorkstations\":\"-\",\"Version\":\"0\"}}","hash":"cba93a4d02e08df6","code":"4738"},"labels":{"AccountExpires":"-","AllowedToDelegateTo":"-","Channel":"Security","Computer":"IACIS-HDD-2014","DisplayName":"-","Dummy":"-","EventID":"4738","EventRecordID":"136","HomeDirectory":"-","HomePath":"-","Keywords":"9232379236109516800","Level":"0","LogonHours":"-","NewUacValue":"-","OldUacValue":"-","Opcode":"0","PasswordLastSet":"-","PrimaryGroupId":"-","PrivilegeList":"-","ProcessID":"468","ProfilePath":"-","ProviderGuid":"54849625-5478-4994-A5BA-3E3B0328C30D","ProviderName":"Microsoft-Windows-Security-Auditing","SamAccountName":"-","ScriptPath":"-","SidHistory":"-","SubjectDomainName":"WORKGROUP","SubjectLogonId":"999","SubjectUserName":"WIN-7SP7OEUKPKN$","SubjectUserSid":"S-1-5-18","TargetDomainName":"IACIS-HDD-2014","TargetSid":"S-1-5-21-1171287513-3642516788-2358256967-1001","TargetUserName":"BillyBob","Task":"13824","ThreadID":"2504","TimeCreated":"2014-01-25T01:27:36.820660829Z","UserAccountControl":"-","UserParameters":"-","UserPrincipalName":"-","UserWorkstations":"-","Version":"0"},"@timestamp":"2014-01-25T01:27:36.8206615Z","message":"A user account was changed"}
{"ecs":{"version":"9.1.0"},"agent":{"type":"fox","version":"0.0.0"},"host":{"hostname":"IACIS-HDD-2014"},"user":{},"event":{"id":"134","kind":"event","module":"eventlog","dataset":"eventlog.Security","severity":10,"provider":"Microsoft-Windows-Security-Auditing","original":"{\"time\":\"2014-01-25T01:27:36.8206615Z\",\"host\":\"IACIS-HDD-2014\",\"message\":\"A user account was changed\",\"severity\":10,\"sequence\":\"134\",\"source\":\"eventlog\",\"category\":\"Security\",\"service\":\"Microsoft-Windows-Security-Auditing\",\"fields\":{\"AccountExpires\":\"%%1794\",\"AllowedToDelegateTo\":\"-\",\"Channel\":\"Security\",\"Computer\":\"IACIS-HDD-2014\",\"DisplayName\":\"%%1793\",\"Dummy\":\"-\",\"EventID\":\"4738\",\"EventRecordID\":\"134\",\"HomeDirectory\":\"%%1793\",\"HomePath\":\"%%1793\",\"Keywords\":\"9232379236109516800\",\"Level\":\"0\",\"LogonHours\":\"%%1797\",\"NewUacValue\":\"0x214\",\"OldUacValue\":\"0x14\",\"Opcode\":\"0\",\"PasswordLastSet\":\"1/24/2014 8:27:36 PM\",\"PrimaryGroupId\":\"513\",\"PrivilegeList\":\"-\",\"ProcessID\":\"468\",\"ProfilePath\":\"%%1793\",\"ProviderGuid\":\"54849625-5478-4994-A5BA-3E3B0328C30D\",\"ProviderName\":\"Microsoft-Windows-Security-Auditing\",\"SamAccountName\":\"BillyBob\",\"ScriptPath\":\"%%1793\",\"SidHistory\":\"-\",\"SubjectDomainName\":\"WORKGROUP\",\"SubjectLogonId\":\"999\",\"SubjectUserName\":\"WIN-7SP7OEUKPKN$\",\"SubjectUserSid\":\"S-1-5-18\",\"TargetDomainName\":\"IACIS-HDD-2014\",\"TargetSid\":\"S-1-5-21-1171287513-3642516788-2358256967-1001\",\"TargetUserName\":\"BillyBob\",\"Task\":\"13824\",\"ThreadID\":\"2504\",\"TimeCreated\":\"2014-01-25T01:27:36.820660829Z\",\"UserAccountControl\":\"\\r\\n\\t\\t%%2089\",\"UserParameters\":\"-\",\"UserPrincipalName\":\"-\",\"UserWorkstations\":\"%%1793\",\"Version\":\"0\"}}","hash":"5e267d4945ca6f50","code":"4738"},"labels":{"AccountExpires":"%%1794","AllowedToDelegateTo":"-","Channel":"Security","Computer":"IACIS-HDD-2014","DisplayName":"%%1793","Dummy":"-","EventID":"4738","EventRecordID":"134","HomeDirectory":"%%1793","HomePath":"%%1793","Keywords":"9232379236109516800","Level":"0","LogonHours":"%%1797","NewUacValue":"0x214","OldUacValue":"0x14","Opcode":"0","PasswordLastSet":"1/24/2014 8:27:36 PM","PrimaryGroupId":"513","PrivilegeList":"-","ProcessID":"468","ProfilePath":"%%1793","ProviderGuid":"54849625-5478-4994-A5BA-3E3B0328C30D","ProviderName":"Microsoft-Windows-Security-Auditing","SamAccountName":"BillyBob","ScriptPath":"%%1793","SidHistory":"-","SubjectDomainName":"WORKGROUP","SubjectLogonId":"999","SubjectUserName":"WIN-7SP7OEUKPKN$","SubjectUserSid":"S-1-5-18","TargetDomainName":"IACIS-HDD-2014","TargetSid":"S-1-5-21-1171287513-3642516788-2358256967-1001","TargetUserName":"BillyBob","Task":"13824","ThreadID":"2504","TimeCreated":"2014-01-25T01:27:36.820660829Z","UserAccountControl":"\r\n\t\t%%2089","UserParameters":"-","UserPrincipalName":"-","UserWorkstations":"%%1793","Version":"0"},"@timestamp":"2014-01-25T01:27:36.8206615Z","message":"A user account was changed"}
{"ecs":{"version":"9.1.0"},"agent":{"type":"fox","version":"0.0.0"},"host":{"hostname":"IACIS-HDD-2014"},"user":{},"event":{"id":"138","kind":"event","module":"eventlog","dataset":"eventlog.Security","severity":10,"provider":"Microsoft-Windows-Security-Auditing","original":"{\"time\":\"2014-01-25T01:27:37.1482621Z\",\"host\":\"IACIS-HDD-2014\",\"message\":\"A user account was created\",\"severity\":10,\"sequence\":\"138\",\"source\":\"eventlog\",\"category\":\"Security\",\"service\":\"Microsoft-Windows-Security-Auditing\",\"fields\":{\"AccountExpires\":\"%%1794\",\"AllowedToDelegateTo\":\"-\",\"Channel\":\"Security\",\"Computer\":\"IACIS-HDD-2014\",\"DisplayName\":\"%%1793\",\"EventID\":\"4720\",\"EventRecordID\":\"138\",\"HomeDirectory\":\"%%1793\",\"HomePath\":\"%%1793\",\"Keywords\":\"9232379236109516800\",\"Level\":\"0\",\"LogonHours\":\"%%1797\",\"NewUacValue\":\"0x15\",\"OldUacValue\":\"0x0\",\"Opcode\":\"0\",\"PasswordLastSet\":\"%%1794\",\"PrimaryGroupId\":\"513\",\"PrivilegeList\":\"-\",\"ProcessID\":\"468\",\"ProfilePath\":\"%%1793\",\"ProviderGuid\":\"54849625-5478-4994-A5BA-3E3B0328C30D\",\"ProviderName\":\"Microsoft-Windows-Security-Auditing\",\"SamAccountName\":\"HomeGroupUser$\",\"ScriptPath\":\"%%1793\",\"SidHistory\":\"-\",\"SubjectDomainName\":\"WORKGROUP\",\"SubjectLogonId\":\"999\",\"SubjectUserName\":\"WIN-7SP7OEUKPKN$\",\"SubjectUserSid\":\"S-1-5-18\",\"TargetDomainName\":\"IACIS-HDD-2014\",\"TargetSid\":\"S-1-5-21-1171287513-3642516788-2358256967-1002\",\"TargetUserName\":\"HomeGroupUser$\",\"Task\":\"13824\",\"ThreadID\":\"564\",\"TimeCreated\":\"2014-01-25T01:27:37.1482625Z\",\"UserAccountControl\":\"\\r\\n\\t\\t%%2080\\r\\n\\t\\t%%2082\\r\\n\\t\\t%%2084\",\"UserParameters\":\"%%1793\",\"UserPrincipalName\":\"-\",\"UserWorkstations\":\"%%1793\",\"Version\":\"0\"}}","hash":"a3ff5f58c31f9035","code":"4720"},"labels":{"AccountExpires":"%%1794","AllowedToDelegateTo":"-","Channel":"Security","Computer":"IACIS-HDD-2014","DisplayName":"%%1793","EventID":"4720","EventRecordID":"138","HomeDirectory":"%%1793","HomePath":"%%1793","Keywords":"9232379236109516800","Level":"0","LogonHours":"%%1797","NewUacValue":"0x15","OldUacValue":"0x0","Opcode":"0","PasswordLastSet":"%%1794","PrimaryGroupId":"513","PrivilegeList":"-","ProcessID":"468","ProfilePath":"%%1793","ProviderGuid":"54849625-5478-4994-A5BA-3E3B0328C30D","ProviderName":"Microsoft-Windows-Security-Auditing","SamAccountName":"HomeGroupUser$","ScriptPath":"%%1793","SidHistory":"-","SubjectDomainName":"WORKGROUP","SubjectLogonId":"999","SubjectUserName":"WIN-7SP7OEUKPKN$","SubjectUserSid":"S-1-5-18","TargetDomainName":"IACIS-HDD-2014","TargetSid":"S-1-5-21-1171287513-3642516788-2358256967-1002","TargetUserName":"HomeGroupUser$","Task":"13824","ThreadID":"564","TimeCreated":"2014-01-25T01:27:37.1482625Z","UserAccountControl":"\r\n\t\t%%2080\r\n\t\t%%2082\r\n\t\t%%2084","UserParameters":"%%1793","UserPrincipalName":"-","UserWorkstations":"%%1793","Version":"0"},"@timestamp":"2014-01-25T01:27:37.1482621Z","message":"A user account was created"}
{"ecs":{"version":"9.1.0"},"agent":{"type":"fox","version":"0.0.0"},"host":{"hostname":"IACIS-HDD-2014"},"user":{},"event":{"id":"140","kind":"event","module":"eventlog","dataset":"eventlog.Security","severity":10,"provider":"Microsoft-Windows-Security-Auditing","original":"{\"time\":\"2014-01-25T01:27:37.1482621Z\",\"host\":\"IACIS-HDD-2014\",\"message\":\"A user account was changed\",\"severity\":10,\"sequence\":\"140\",\"source\":\"eventlog\",\"category\":\"Security\",\"service\":\"Microsoft-Windows-Security-Auditing\",\"fields\":{\"AccountExpires\":\"%%1794\",\"AllowedToDelegateTo\":\"-\",\"Channel\":\"Security\",\"Computer\":\"IACIS-HDD-2014\",\"DisplayName\":\"HomeGroupUser$\",\"Dummy\":\"-\",\"EventID\":\"4738\",\"EventRecordID\":\"140\",\"HomeDirectory\":\"%%1793\",\"HomePath\":\"%%1793\",\"Keywords\":\"9232379236109516800\",\"Level\":\"0\",\"LogonHours\":\"%%1797\",\"NewUacValue\":\"0x210\",\"OldUacValue\":\"0x15\",\"Opcode\":\"0\",\"PasswordLastSet\":\"1/24/2014 8:27:37 PM\",\"PrimaryGroupId\":\"513\",\"PrivilegeList\":\"-\",\"ProcessID\":\"468\",\"ProfilePath\":\"%%1793\",\"ProviderGuid\":\"54849625-5478-4994-A5BA-3E3B0328C30D\",\"ProviderName\":\"Microsoft-Windows-Security-Auditing\",\"SamAccountName\":\"HomeGroupUser$\",\"ScriptPath\":\"%%1793\",\"SidHistory\":\"-\",\"SubjectDomainName\":\"WORKGROUP\",\"SubjectLogonId\":\"999\",\"SubjectUserName\":\"WIN-7SP7OEUKPKN$\",\"SubjectUserSid\":\"S-1-5-18\",\"TargetDomainName\":\"IACIS-HDD-2014\",\"TargetSid\":\"S-1-5-21-1171287513-3642516788-2358256967-1002\",\"TargetUserName\":\"HomeGroupUser$\",\"Task\":\"13824\",\"ThreadID\":\"2504\",\"TimeCreated\":\"2014-01-25T01:27:37.1482625Z\",\"UserAccountControl\":\"\\r\\n\\t\\t%%2048\\r\\n\\t\\t%%2050\\r\\n\\t\\t%%2089\",\"UserParameters\":\"-\",\"UserPrincipalName\":\"-\",\"UserWorkstations\":\"%%1793\",\"Version\":\"0\"}}","hash":"08c06f6bfc2dde4c","code":"4738"},"labels":{"AccountExpires":"%%1794","AllowedToDelegateTo":"-","Channel":"Security","Computer":"IACIS-HDD-2014","DisplayName":"HomeGroupUser$","Dummy":"-","EventID":"4738","EventRecordID":"140","HomeDirectory":"%%1793","HomePath":"%%1793","Keywords":"9232379236109516800","Level":"0","LogonHours":"%%1797","NewUacValue":"0x210","OldUacValue":"0x15","Opcode":"0","PasswordLastSet":"1/24/2014 8:27:37 PM","PrimaryGroupId":"513","PrivilegeList":"-","ProcessID":"468","ProfilePath":"%%1793","ProviderGuid":"54849625-5478-4994-A5BA-3E3B0328C30D","ProviderName":"Microsoft-Windows-Security-Auditing","SamAccountName":"HomeGroupUser$","ScriptPath":"%%1793","SidHistory":"-","SubjectDomainName":"WORKGROUP","SubjectLogonId":"999","SubjectUserName":"WIN-7SP7OEUKPKN$","SubjectUserSid":"S-1-5-18","TargetDomainName":"IACIS-HDD-2014","TargetSid":"S-1-5-21-1171287513-3642516788-2358256967-1002","TargetUserName":"HomeGroupUser$","Task":"13824","ThreadID":"2504","TimeCreated":"2014-01-25T01:27:37.1482625Z","UserAccountControl":"\r\n\t\t%%2048\r\n\t\t%%2050\r\n\t\t%%2089","UserParameters":"-","UserPrincipalName":"-","UserWorkstations":"%%1793","Version":"0"},"@timestamp":"2014-01-25T01:27:37.1482621Z","message":"A user account was changed"}
{"ecs":{"version":"9.1.0"},"agent":{"type":"fox","version":"0.0.0"},"host":{"hostname":"IACIS-HDD-2014"},"user":{},"event":{"id":"142","kind":"event","module":"eventlog","dataset":"eventlog.Security","severity":10,"provider":"Microsoft-Windows-Security-Auditing","original":"{\"time\":\"2014-01-25T01:27:37.5694629Z\",\"host\":\"IACIS-HDD-2014\",\"message\":\"A user account was changed\",\"severity\":10,\"sequence\":\"142\",\"source\":\"eventlog\",\"category\":\"Security\",\"service\":\"Microsoft-Windows-Security-Auditing\",\"fields\":{\"AccountExpires\":\"-\",\"AllowedToDelegateTo\":\"-\",\"Channel\":\"Security\",\"Computer\":\"IACIS-HDD-2014\",\"DisplayName\":\"-\",\"Dummy\":\"-\",\"EventID\":\"4738\",\"EventRecordID\":\"142\",\"HomeDirectory\":\"-\",\"HomePath\":\"-\",\"Keywords\":\"9232379236109516800\",\"Level\":\"0\",\"LogonHours\":\"-\",\"NewUacValue\":\"-\",\"OldUacValue\":\"-\",\"Opcode\":\"0\",\"PasswordLastSet\":\"-\",\"PrimaryGroupId\":\"-\",\"PrivilegeList\":\"-\",\"ProcessID\":\"468\",\"ProfilePath\":\"-\",\"ProviderGuid\":\"54849625-5478-4994-A5BA-3E3B0328C30D\",\"ProviderName\":\"Microsoft-Windows-Security-Auditing\",\"SamAccountName\":\"-\",\"ScriptPath\":\"-\",\"SidHistory\":\"-\",\"SubjectDomainName\":\"WORKGROUP\",\"SubjectLogonId\":\"999\",\"SubjectUserName\":\"WIN-7SP7OEUKPKN$\",\"SubjectUserSid\":\"S-1-5-18\",\"TargetDomainName\":\"IACIS-HDD-2014\",\"TargetSid\":\"S-1-5-21-1171287513-3642516788-2358256967-1002\",\"TargetUserName\":\"HomeGroupUser$\",\"Task\":\"13824\",\"ThreadID\":\"2504\",\"TimeCreated\":\"2014-01-25T01:27:37.569462299Z\",\"UserAccountControl\":\"-\",\"UserParameters\":\"-\",\"UserPrincipalName\":\"-\",\"UserWorkstations\":\"-\",\"Version\":\"0\"}}","hash":"2ee8b725d22deb40","code":"4738"},"labels":{"AccountExpires":"-","AllowedToDelegateTo":"-","Channel":"Security","Computer":"IACIS-HDD-2014","DisplayName":"-","Dummy":"-","EventID":"4738","EventRecordID":"142","HomeDirectory":"-","HomePath":"-","Keywords":"9232379236109516800","Level":"0","LogonHours":"-","NewUacValue":"-","OldUacValue":"-","Opcode":"0","PasswordLastSet":"-","PrimaryGroupId":"-","PrivilegeList":"-","ProcessID":"468","ProfilePath":"-","ProviderGuid":"54849625-5478-4994-A5BA-3E3B0328C30D","ProviderName":"Microsoft-Windows-Security-Auditing","SamAccountName":"-","ScriptPath":"-","SidHistory":"-","SubjectDomainName":"WORKGROUP","SubjectLogonId":"999","SubjectUserName":"WIN-7SP7OEUKPKN$","SubjectUserSid":"S-1-5-18","TargetDomainName":"IACIS-HDD-2014","TargetSid":"S-1-5-21-1171287513-3642516788-2358256967-1002","TargetUserName":"HomeGroupUser$","Task":"13824","ThreadID":"2504","TimeCreated":"2014-01-25T01:27:37.569462299Z","UserAccountControl":"-","UserParameters":"-","UserPrincipalName":"-","UserWorkstations":"-","Version":"0"},"@timestamp":"2014-01-25T01:27:37.5694629Z","message":"A user account was changed"}
{"ecs":{"version":"9.1.0"},"agent":{"type":"fox","version":"0.0.0"},"host":{"hostname":"IACIS-HDD-2014"},"user":{},"event":{"id":"144","kind":"event","module":"eventlog","dataset":"eventlog.Security","severity":10,"provider":"Microsoft-Windows-Security-Auditing","original":"{\"time\":\"2014-01-25T01:27:38.2558641Z\",\"host\":\"IACIS-HDD-2014\",\"message\":\"System security access was granted to an account\",\"severity\":10,\"sequence\":\"144\",\"source\":\"eventlog\",\"category\":\"Security\",\"service\":\"Microsoft-Windows-Security-Auditing\",\"fields\":{\"AccessGranted\":\"SeDenyBatchLogonRight\",\"Channel\":\"Security\",\"Computer\":\"IACIS-HDD-2014\",\"EventID\":\"4717\",\"EventRecordID\":\"144\",\"Keywords\":\"9232379236109516800\",\"Level\":\"0\",\"Opcode\":\"0\",\"ProcessID\":\"468\",\"ProviderGuid\":\"54849625-5478-4994-A5BA-3E3B0328C30D\",\"ProviderName\":\"Microsoft-Windows-Security-Auditing\",\"SubjectDomainName\":\"WORKGROUP\",\"SubjectLogonId\":\"999\",\"SubjectUserName\":\"WIN-7SP7OEUKPKN$\",\"SubjectUserSid\":\"S-1-5-18\",\"TargetSid\":\"S-1-5-21-1171287513-3642516788-2358256967-1002\",\"Task\":\"13569\",\"ThreadID\":\"2504\",\"TimeCreated\":\"2014-01-25T01:27:38.255863904Z\",\"Version\":\"0\"}}","hash":"35261e59605d5c5d","code":"4717"},"labels":{"AccessGranted":"SeDenyBatchLogonRight","Channel":"Security","Computer":"IACIS-HDD-2014","EventID":"4717","EventRecordID":"144","Keywords":"9232379236109516800","Level":"0","Opcode":"0","ProcessID":"468","ProviderGuid":"54849625-5478-4994-A5BA-3E3B0328C30D","ProviderName":"Microsoft-Windows-Security-Auditing","SubjectDomainName":"WORKGROUP","SubjectLogonId":"999","SubjectUserName":"WIN-7SP7OEUKPKN$","SubjectUserSid":"S-1-5-18","TargetSid":"S-1-5-21-1171287513-3642516788-2358256967-1002","Task":"13569","ThreadID":"2504","TimeCreated":"2014-01-25T01:27:38.255863904Z","Version":"0"},"@timestamp":"2014-01-25T01:27:38.2558641Z","message":"System security access was granted to an account"}
{"ecs":{"version":"9.1.0"},"agent":{"type":"fox","version":"0.0.0"},"host":{"hostname":"IACIS-HDD-2014"},"user":{},"event":{"id":"143","kind":"event","module":"eventlog","dataset":"eventlog.Security","severity":10,"provider":"Microsoft-Windows-Security-Auditing","original":"{\"time\":\"2014-01-25T01:27:38.2558641Z\",\"host\":\"IACIS-HDD-2014\",\"message\":\"System security access was granted to an account\",\"severity\":10,\"sequence\":\"143\",\"source\":\"eventlog\",\"category\":\"Security\",\"service\":\"Microsoft-Windows-Security-Auditing\",\"fields\":{\"AccessGranted\":\"SeDenyInteractiveLogonRight\",\"Channel\":\"Security\",\"Computer\":\"IACIS-HDD-2014\",\"EventID\":\"4717\",\"EventRecordID\":\"143\",\"Keywords\":\"9232379236109516800\",\"Level\":\"0\",\"Opcode\":\"0\",\"ProcessID\":\"468\",\"ProviderGuid\":\"54849625-5478-4994-A5BA-3E3B0328C30D\",\"ProviderName\":\"Microsoft-Windows-Security-Auditing\",\"SubjectDomainName\":\"WORKGROUP\",\"SubjectLogonId\":\"999\",\"SubjectUserName\":\"WIN-7SP7OEUKPKN$\",\"SubjectUserSid\":\"S-1-5-18\",\"TargetSid\":\"S-1-5-21-1171287513-3642516788-2358256967-1002\",\"Task\":\"13569\",\"ThreadID\":\"2504\",\"TimeCreated\":\"2014-01-25T01:27:38.255863904Z\",\"Version\":\"0\"}}","hash":"43a74512cc7979c3","code":"4717"},"labels":{"AccessGranted":"SeDenyInteractiveLogonRight","Channel":"Security","Computer":"IACIS-HDD-2014","EventID":"4717","EventRecordID":"143","Keywords":"9232379236109516800","Level":"0","Opcode":"0","ProcessID":"468","ProviderGuid":"54849625-5478-4994-A5BA-3E3B0328C30D","ProviderName":"Microsoft-Windows-Security-Auditing","SubjectDomainName":"WORKGROUP","SubjectLogonId":"999","SubjectUserName":"WIN-7SP7OEUKPKN$","SubjectUserSid":"S-1-5-18","TargetSid":"S-1-5-21-1171287513-3642516788-2358256967-1002","Task":"13569","ThreadID":"2504","TimeCreated":"2014-01-25T01:27:38.255863904Z","Version":"0"},"@timestamp":"2014-01-25T01:27:38.2558641Z","message":"System security access was granted to an account"}
{"ecs":{"version":"9.1.0"},"agent":{"type":"fox","version":"0.0.0"},"host":{"hostname":"IACIS-HDD-2014"},"user":{},"event":{"id":"145","kind":"event","module":"eventlog","dataset":"eventlog.Security","severity":10,"provider":"Microsoft-Windows-Security-Auditing","original":"{\"time\":\"2014-01-25T01:27:39.4414661Z\",\"host\":\"IACIS-HDD-2014\",\"message\":\"A member was added to a security-enabled local group\",\"severity\":10,\"sequence\":\"145\",\"source\":\"eventlog\",\"category\":\"Security\",\"service\":\"Microsoft-Windows-Security-Auditing\",\"fields\":{\"Channel\":\"Security\",\"Computer\":\"IACIS-HDD-2014\",\"EventID\":\"4732\",\"EventRecordID\":\"145\",\"Keywords\":\"9232379236109516800\",\"Level\":\"0\",\"MemberName\":\"-\",\"MemberSid\":\"S-1-5-21-1171287513-3642516788-2358256967-1002\",\"Opcode\":\"0\",\"PrivilegeList\":\"-\",\"ProcessID\":\"468\",\"ProviderGuid\":\"54849625-5478-4994-A5BA-3E3B0328C30D\",\"ProviderName\":\"Microsoft-Windows-Security-Auditing\",\"SubjectDomainName\":\"WORKGROUP\",\"SubjectLogonId\":\"999\",\"SubjectUserName\":\"WIN-7SP7OEUKPKN$\",\"SubjectUserSid\":\"S-1-5-18\",\"TargetDomainName\":\"IACIS-HDD-2014\",\"TargetSid\":\"S-1-5-21-1171287513-3642516788-2358256967-1000\",\"TargetUserName\":\"HomeUsers\",\"Task\":\"13826\",\"ThreadID\":\"2504\",\"TimeCreated\":\"2014-01-25T01:27:39.441465616Z\",\"Version\":\"0\"}}","hash":"269425628c04df66","code":"4732"},"labels":{"Channel":"Security","Computer":"IACIS-HDD-2014","EventID":"4732","EventRecordID":"145","Keywords":"9232379236109516800","Level":"0","MemberName":"-","MemberSid":"S-1-5-21-1171287513-3642516788-2358256967-1002","Opcode":"0","PrivilegeList":"-","ProcessID":"468","ProviderGuid":"54849625-5478-4994-A5BA-3E3B0328C30D","ProviderName":"Microsoft-Windows-Security-Auditing","SubjectDomainName":"WORKGROUP","SubjectLogonId":"999","SubjectUserName":"WIN-7SP7OEUKPKN$","SubjectUserSid":"S-1-5-18","TargetDomainName":"IACIS-HDD-2014","TargetSid":"S-1-5-21-1171287513-3642516788-2358256967-1000","TargetUserName":"HomeUsers","Task":"13826","ThreadID":"2504","TimeCreated":"2014-01-25T01:27:39.441465616Z","Version":"0"},"@timestamp":"2014-01-25T01:27:39.4414661Z","message":"A member was added to a security-enabled local group"}
{"ecs":{"version":"9.1.0"},"agent":{"type":"fox","version":"0.0.0"},"host":{"hostname":"IACIS-HDD-2014"},"user":{},"event":{"id":"147","kind":"event","module":"eventlog","dataset":"eventlog.Security","severity":10,"provider":"Microsoft-Windows-Security-Auditing","original":"{\"time\":\"2014-01-25T01:27:50.1199113Z\",\"host\":\"IACIS-HDD-2014\",\"message\":\"An account was successfully logged on\",\"severity\":10,\"sequence\":\"147\",\"source\":\"eventlog\",\"category\":\"Security\",\"service\":\"Microsoft-Windows-Security-Auditing\",\"fields\":{\"AuthenticationPackageName\":\"Negotiate\",\"Channel\":\"Security\",\"Computer\":\"IACIS-HDD-2014\",\"EventID\":\"4624\",\"EventRecordID\":\"147\",\"IpAddress\":\"127.0.0.1\",\"IpPort\":\"0\",\"KeyLength\":\"0\",\"Keywords\":\"9232379236109516800\",\"Level\":\"0\",\"LmPackageName\":\"-\",\"LogonGuid\":\"00000000-0000-0000-0000-000000000000\",\"LogonProcessName\":\"User32 \",\"LogonType\":\"2\",\"Opcode\":\"0\",\"ProcessID\":\"468\",\"ProcessId\":\"396\",\"ProcessName\":\"C:\\\\Windows\\\\System32\\\\winlogon.exe\",\"ProviderGuid\":\"54849625-5478-4994-A5BA-3E3B0328C30D\",\"ProviderName\":\"Microsoft-Windows-Security-Auditing\",\"SubjectDomainName\":\"WORKGROUP\",\"SubjectLogonId\":\"999\",\"SubjectUserName\":\"WIN-7SP7OEUKPKN$\",\"SubjectUserSid\":\"S-1-5-18\",\"TargetDomainName\":\"IACIS-HDD-2014\",\"TargetLogonId\":\"489036\",\"TargetUserName\":\"BillyBob\",\"TargetUserSid\":\"S-1-5-21-1171287513-3642516788-2358256967-1001\",\"Task\":\"12544\",\"ThreadID\":\"2520\",\"TimeCreated\":\"2014-01-25T01:27:50.119911909Z\",\"TransmittedServices\":\"-\",\"Version\":\"0\",\"WorkstationName\":\"WIN-7SP7OEUKPKN\"}}","hash":"950947d6989be7b0","code":"4624"},"labels":{"AuthenticationPackageName":"Negotiate","Channel":"Security","Computer":"IACIS-HDD-2014","EventID":"4624","EventRecordID":"147","IpAddress":"127.0.0.1","IpPort":"0","KeyLength":"0","Keywords":"9232379236109516800","Level":"0","LmPackageName":"-","LogonGuid":"00000000-0000-0000-0000-000000000000","LogonProcessName":"User32 ","LogonType":"2","Opcode":"0","ProcessID":"468","ProcessId":"396","ProcessName":"C:\\Windows\\System32\\winlogon.exe","ProviderGuid":"54849625-5478-4994-A5BA-3E3B0328C30D","ProviderName":"Microsoft-Windows-Security-Auditing","SubjectDomainName":"WORKGROUP","SubjectLogonId":"999","SubjectUserName":"WIN-7SP7OEUKPKN$","SubjectUserSid":"S-1-5-18","TargetDomainName":"IACIS-HDD-2014","TargetLogonId":"489036","TargetUserName":"BillyBob","TargetUserSid":"S-1-5-21-1171287513-3642516788-2358256967-1001","Task":"12544","ThreadID":"2520","TimeCreated":"2014-01-25T01:27:50.119911909Z","TransmittedServices":"-","Version":"0","WorkstationName":"WIN-7SP7OEUKPKN"},"@timestamp":"2014-01-25T01:27:50.1199113Z","message":"An account was successfully logged on"}
{"ecs":{"version":"9.1.0"},"agent":{"type":"fox","version":"0.0.0"},"host":{"hostname":"IACIS-HDD-2014"},"user":{},"event":{"id":"148","kind":"event","module":"eventlog","dataset":"eventlog.Security","severity":10,"provider":"Microsoft-Windows-Security-Auditing","original":"{\"time\":\"2014-01-25T01:27:50.1199113Z\",\"host\":\"IACIS-HDD-2014\",\"message\":\"An account was successfully logged on\",\"severity\":10,\"sequence\":\"148\",\"source\":\"eventlog\",\"category\":\"Security\",\"service\":\"Microsoft-Windows-Security-Auditing\",\"fields\":{\"AuthenticationPackageName\":\"Negotiate\",\"Channel\":\"Security\",\"Computer\":\"IACIS-HDD-2014\",\"EventID\":\"4624\",\"EventRecordID\":\"148\",\"IpAddress\":\"127.0.0.1\",\"IpPort\":\"0\",\"KeyLength\":\"0\",\"Keywords\":\"9232379236109516800\",\"Level\":\"0\",\"LmPackageName\":\"-\",\"LogonGuid\":\"00000000-0000-0000-0000-000000000000\",\"LogonProcessName\":\"User32 \",\"LogonType\":\"2\",\"Opcode\":\"0\",\"ProcessID\":\"468\",\"ProcessId\":\"396\",\"ProcessName\":\"C:\\\\Windows\\\\System32\\\\winlogon.exe\",\"ProviderGuid\":\"54849625-5478-4994-A5BA-3E3B0328C30D\",\"ProviderName\":\"Microsoft-Windows-Security-Auditing\",\"SubjectDomainName\":\"WORKGROUP\",\"SubjectLogonId\":\"999\",\"SubjectUserName\":\"WIN-7SP7OEUKPKN$\",\"SubjectUserSid\":\"S-1-5-18\",\"TargetDomainName\":\"IACIS-HDD-2014\",\"TargetLogonId\":\"501478\",\"TargetUserName\":\"BillyBob\",\"TargetUserSid\":\"S-1-5-21-1171287513-3642516788-2358256967-1001\",\"Task\":\"12544\",\"ThreadID\":\"2520\",\"TimeCreated\":\"2014-01-25T01:27:50.119911909Z\",\"TransmittedServices\":\"-\",\"Version\":\"0\",\"WorkstationName\":\"WIN-7SP7OEUKPKN\"}}","hash":"2678f474bac859c5","code":"4624"},"labels":{"AuthenticationPackageName":"Negotiate","Channel":"Security","Computer":"IACIS-HDD-2014","EventID":"4624","EventRecordID":"148","IpAddress":"127.0.0.1","IpPort":"0","KeyLength":"0","Keywords":"9232379236109516800","Level":"0","LmPackageName":"-","LogonGuid":"00000000-0000-0000-0000-000000000000","LogonProcessName":"User32 ","LogonType":"2","Opcode":"0","ProcessID":"468","ProcessId":"396","ProcessName":"C:\\Windows\\System32\\winlogon.exe","ProviderGuid":"54849625-5478-4994-A5BA-3E3B0328C30D","ProviderName":"Microsoft-Windows-Security-Auditing","SubjectDomainName":"WORKGROUP","SubjectLogonId":"999","SubjectUserName":"WIN-7SP7OEUKPKN$","SubjectUserSid":"S-1-5-18","TargetDomainName":"IACIS-HDD-2014","TargetLogonId":"501478","TargetUserName":"BillyBob","TargetUserSid":"S-1-5-21-1171287513-3642516788-2358256967-1001","Task":"12544","ThreadID":"2520","TimeCreated":"2014-01-25T01:27:50.119911909Z","TransmittedServices":"-","Version":"0","WorkstationName":"WIN-7SP7OEUKPKN"},"@timestamp":"2014-01-25T01:27:50.1199113Z","message":"An account was successfully logged on"}
{"ecs":{"version":"9.1.0"},"agent":{"type":"fox","version":"0.0.0"},"host":{"hostname":"IACIS-HDD-2014"},"user":{},"event":{"id":"146","kind":"event","module":"eventlog","dataset":"eventlog.Security","severity":10,"provider":"Microsoft-Windows-Security-Auditing","original":"{\"time\":\"2014-01-25T01:27:50.1199113Z\",\"host\":\"IACIS-HDD-2014\",\"message\":\"A logon was attempted using explicit credentials\",\"severity\":10,\"sequence\":\"146\",\"source\":\"eventlog\",\"category\":\"Security\",\"service\":\"Microsoft-Windows-Security-Auditing\",\"fields\":{\"Channel\":\"Security\",\"Computer\":\"IACIS-HDD-2014\",\"EventID\":\"4648\",\"EventRecordID\":\"146\",\"IpAddress\":\"127.0.0.1\",\"IpPort\":\"0\",\"Keywords\":\"9232379236109516800\",\"Level\":\"0\",\"LogonGuid\":\"00000000-0000-0000-0000-000000000000\",\"Opcode\":\"0\",\"ProcessID\":\"468\",\"ProcessId\":\"396\",\"ProcessName\":\"C:\\\\Windows\\\\System32\\\\winlogon.exe\",\"ProviderGuid\":\"54849625-5478-4994-A5BA-3E3B0328C30D\",\"ProviderName\":\"Microsoft-Windows-Security-Auditing\",\"SubjectDomainName\":\"WORKGROUP\",\"SubjectLogonId\":\"999\",\"SubjectUserName\":\"WIN-7SP7OEUKPKN$\",\"SubjectUserSid\":\"S-1-5-18\",\"TargetDomainName\":\"IACIS-HDD-2014\",\"TargetInfo\":\"localhost\",\"TargetLogonGuid\":\"00000000-0000-0000-0000-000000000000\",\"TargetServerName\":\"localhost\",\"TargetUserName\":\"BillyBob\",\"Task\":\"12544\",\"ThreadID\":\"2520\",\"TimeCreated\":\"2014-01-25T01:27:50.119911909Z\",\"Version\":\"0\"}}","hash":"d01d47797ea7d791","code":"4648"},"labels":{"Channel":"Security","Computer":"IACIS-HDD-2014","EventID":"4648","EventRecordID":"146","IpAddress":"127.0.0.1","IpPort":"0","Keywords":"9232379236109516800","Level":"0","LogonGuid":"00000000-0000-0000-0000-000000000000","Opcode":"0","ProcessID":"468","ProcessId":"396","ProcessName":"C:\\Windows\\System32\\winlogon.exe","ProviderGuid":"54849625-5478-4994-A5BA-3E3B0328C30D","ProviderName":"Microsoft-Windows-Security-Auditing","SubjectDomainName":"WORKGROUP","SubjectLogonId":"999","SubjectUserName":"WIN-7SP7OEUKPKN$","SubjectUserSid":"S-1-5-18","TargetDomainName":"IACIS-HDD-2014","TargetInfo":"localhost","TargetLogonGuid":"00000000-0000-0000-0000-000000000000","TargetServerName":"localhost","TargetUserName":"BillyBob","Task":"12544","ThreadID":"2520","TimeCreated":"2014-01-25T01:27:50.119911909Z","Version":"0"},"@timestamp":"2014-01-25T01:27:50.1199113Z","message":"A logon was attempted using explicit credentials"}
{"ecs":{"version":"9.1.0"},"agent":{"type":"fox","version":"0.0.0"},"host":{"hostname":"IACIS-HDD-2014"},"user":{},"event":{"id":"149","kind":"event","module":"eventlog","dataset":"eventlog.Security","severity":10,"provider":"Microsoft-Windows-Security-Auditing","original":"{\"time\":\"2014-01-25T01:27:50.1199113Z\",\"host\":\"IACIS-HDD-2014\",\"message\":\"Special privileges assigned to new logon\",\"severity\":10,\"sequence\":\"149\",\"source\":\"eventlog\",\"category\":\"Security\",\"service\":\"Microsoft-Windows-Security-Auditing\",\"fields\":{\"Channel\":\"Security\",\"Computer\":\"IACIS-HDD-2014\",\"EventID\":\"4672\",\"EventRecordID\":\"149\",\"Keywords\":\"9232379236109516800\",\"Level\":\"0\",\"Opcode\":\"0\",\"PrivilegeList\":\"SeSecurityPrivilege\\r\\n\\t\\t\\tSeTakeOwnershipPrivilege\\r\\n\\t\\t\\tSeLoadDriverPrivilege\\r\\n\\t\\t\\tSeBackupPrivilege\\r\\n\\t\\t\\tSeRestorePrivilege\\r\\n\\t\\t\\tSeDebugPrivilege\\r\\n\\t\\t\\tSeSystemEnvironmentPrivilege\\r\\n\\t\\t\\tSeImpersonatePrivilege\",\"ProcessID\":\"468\",\"ProviderGuid\":\"54849625-5478-4994-A5BA-3E3B0328C30D\",\"ProviderName\":\"Microsoft-Windows-Security-Auditing\",\"SubjectDomainName\":\"IACIS-HDD-2014\",\"SubjectLogonId\":\"489036\",\"SubjectUserName\":\"BillyBob\",\"SubjectUserSid\":\"S-1-5-21-1171287513-3642516788-2358256967-1001\",\"Task\":\"12548\",\"ThreadID\":\"2520\",\"TimeCreated\":\"2014-01-25T01:27:50.119911909Z\",\"Version\":\"0\"}}","hash":"a3cf3859c89c0879","code":"4672"},"labels":{"Channel":"Security","Computer":"IACIS-HDD-2014","EventID":"4672","EventRecordID":"149","Keywords":"9232379236109516800","Level":"0","Opcode":"0","PrivilegeList":"SeSecurityPrivilege\r\n\t\t\tSeTakeOwnershipPrivilege\r\n\t\t\tSeLoadDriverPrivilege\r\n\t\t\tSeBackupPrivilege\r\n\t\t\tSeRestorePrivilege\r\n\t\t\tSeDebugPrivilege\r\n\t\t\tSeSystemEnvironmentPrivilege\r\n\t\t\tSeImpersonatePrivilege","ProcessID":"468","ProviderGuid":"54849625-5478-4994-A5BA-3E3B0328C30D","ProviderName":"Microsoft-Windows-Security-Auditing","SubjectDomainName":"IACIS-HDD-2014","SubjectLogonId":"489036","SubjectUserName":"BillyBob","SubjectUserSid":"S-1-5-21-1171287513-3642516788-2358256967-1001","Task":"12548","ThreadID":"2520","TimeCreated":"2014-01-25T01:27:50.119911909Z","Version":"0"},"@timestamp":"2014-01-25T01:27:50.1199113Z","message":"Special privileges assigned to new logon"}
