{"time":"2018-01-03T08:03:31.10851Z","host":"IE11WIN8_1","user":"S-1-5-20","message":"Name resolution for the name $1 timed out after none of the configured DNS servers responded","severity":6,"sequence":"467","source":"eventlog","category":"System","service":"Microsoft-Windows-DNS-Client","fields":{"Address":"[2 0 0 0 192 168 108 2 0 0 0 0 0 0 0 0 0 0 0 0 0 0 0 0 0 0 0 0 0 0 0 0 0 0 0 0 0 0 0 0 0 0 0 0 0 0 0 0 0 0 0 0 0 0 0 0 0 0 0 0 0 0 0 0 0 0 0 0 0 0 0 0 0 0 0 0 0 0 0 0 0 0 0 0 0 0 0 0 0 0 0 0 0 0 0 0 0 0 0 0 0 0 0 0 0 0 0 0 0 0 0 0 0 0 0 0 0 0 0 0 0 0 0 0 0 0 0 0]","AddressLength":"128","Channel":"System","Computer":"IE11WIN8_1","EventID":"1014","EventRecordID":"467","Keywords":"4611686018695823360","Level":"3","Opcode":"0","ProcessID":"976","ProviderGuid":"1C95126E-7EEA-49A9-A3FE-A378B03DDB4D","ProviderName":"Microsoft-Windows-DNS-Client","QueryName":"wpad","Task":"1014","ThreadID":"988","TimeCreated":"2018-01-03T08:03:31.108510494Z","UserID":"S-1-5-20","Version":"0"}}
{"time":"2018-01-03T08:04:48.4838253Z","host":"IE11WIN8_1","user":"S-1-5-18","message":"The start type of the Background Intelligent Transfer Service service was changed from auto start to demand start","severity":3,"sequence":"468","source":"eventlog","category":"System","service":"Service Control Manager","fields":{"Channel":"System","Computer":"IE11WIN8_1","EventIDQualifiers":"16384","EventIDValue":"7040","EventRecordID":"468","Keywords":"9259400833873739776","Level":"4","Opcode":"0","ProcessID":"468","ProviderEventSourceName":"Service Control Manager","ProviderGuid":"{555908d1-a6d7-4695-8e1e-26931d2012f4}","ProviderName":"Service Control Manager","Task":"0","ThreadID":"2784","TimeCreated":"2018-01-03T08:04:48.483825683Z","UserID":"S-1-5-18","Version":"0","param1":"Background Intelligent Transfer Service","param2":"auto start","param3":"demand start","param4":"BITS"}}
{"time":"2018-01-03T08:23:59.0461412Z","host":"IE11WIN8_1","user":"S-1-5-20","message":"Name resolution for the name $1 timed out after none of the configured DNS servers responded","severity":6,"sequence":"469","source":"eventlog","category":"System","service":"Microsoft-Windows-DNS-Client","fields":{"Address":"[2 0 0 0 192 168 108 2 0 0 0 0 0 0 0 0 0 0 0 0 0 0 0 0 0 0 0 0 0 0 0 0 0 0 0 0 0 0 0 0 0 0 0 0 0 0 0 0 0 0 0 0 0 0 0 0 0 0 0 0 0 0 0 0 0 0 0 0 0 0 0 0 0 0 0 0 0 0 0 0 0 0 0 0 0 0 0 0 0 0 0 0 0 0 0 0 0 0 0 0 0 0 0 0 0 0 0 0 0 0 0 0 0 0 0 0 0 0 0 0 0 0 0 0 0 0 0 0]","AddressLength":"128","Channel":"System","Computer":"IE11WIN8_1","EventID":"1014","EventRecordID":"469","Keywords":"4611686018695823360","Level":"3","Opcode":"0","ProcessID":"976","ProviderGuid":"1C95126E-7EEA-49A9-A3FE-A378B03DDB4D","ProviderName":"Microsoft-Windows-DNS-Client","QueryName":"wpad","Task":"1014","ThreadID":"988","TimeCreated":"2018-01-03T08:23:59.046140909Z","UserID":"S-1-5-20","Version":"0"}}
{"time":"2018-01-03T08:34:12.8744255Z","host":"IE11WIN8_1","user":"S-1-5-20","message":"Name resolution for the name $1 timed out after none of the configured DNS servers responded","severity":6,"sequence":"470","source":"eventlog","category":"System","service":"Microsoft-Windows-DNS-Client","fields":{"Address":"[2 0 0 0 192 168 108 2 0 0 0 0 0 0 0 0 0 0 0 0 0 0 0 0 0 0 0 0 0 0 0 0 0 0 0 0 0 0 0 0 0 0 0 0 0 0 0 0 0 0 0 0 0 0 0 0 0 0 0 0 0 0 0 0 0 0 0 0 0 0 0 0 0 0 0 0 0 0 0 0 0 0 0 0 0 0 0 0 0 0 0 0 0 0 0 0 0 0 0 0 0 0 0 0 0 0 0 0 0 0 0 0 0 0 0 0 0 0 0 0 0 0 0 0 0 0 0 0]","AddressLength":"128","Channel":"System","Computer":"IE11WIN8_1","EventID":"1014","EventRecordID":"470","Keywords":"4611686018695823360","Level":"3","Opcode":"0","ProcessID":"976","ProviderGuid":"1C95126E-7EEA-49A9-A3FE-A378B03DDB4D","ProviderName":"Microsoft-Windows-DNS-Client","QueryName":"wpad","Task":"1014","ThreadID":"328","TimeCreated":"2018-01-03T08:34:12.874425649Z","UserID":"S-1-5-20","Version":"0"}}
{"time":"2018-01-03T09:04:42.8117628Z","host":"IE11WIN8_1","user":"S-1-5-20","message":"Name resolution for the name $1 timed out after none of the configured DNS servers responded","severity":6,"sequence":"471","source":"eventlog","category":"System","service":"Microsoft-Windows-DNS-Client","fields":{"Address":"[2 0 0 0 192 168 108 2 0 0 0 0 0 0 0 0 0 0 0 0 0 0 0 0 0 0 0 0 0 0 0 0 0 0 0 0 0 0 0 0 0 0 0 0 0 0 0 0 0 0 0 0 0 0 0 0 0 0 0 0 0 0 0 0 0 0 0 0 0 0 0 0 0 0 0 0 0 0 0 0 0 0 0 0 0 0 0 0 0 0 0 0 0 0 0 0 0 0 0 0 0 0 0 0 0 0 0 0 0 0 0 0 0 0 0 0 0 0 0 0 0 0 0 0 0 0 0 0]","AddressLength":"128","Channel":"System","Computer":"IE11WIN8_1","EventID":"1014","EventRecordID":"471","Keywords":"4611686018695823360","Level":"3","Opcode":"0","ProcessID":"976","ProviderGuid":"1C95126E-7EEA-49A9-A3FE-A378B03DDB4D","ProviderName":"Microsoft-Windows-DNS-Client","QueryName":"wpad","Task":"1014","ThreadID":"988","TimeCreated":"2018-01-03T09:04:42.811763286Z","UserID":"S-1-5-20","Version":"0"}}
{"time":"2018-01-03T09:25:10.6713293Z","host":"IE11WIN8_1","user":"S-1-5-20","message":"Name resolution for the name $1 timed out after none of the configured DNS servers responded","severity":6,"sequence":"472","source":"eventlog","category":"System","service":"Microsoft-Windows-DNS-Client","fields":{"Address":"[2 0 0 0 192 168 108 2 0 0 0 0 0 0 0 0 0 0 0 0 0 0 0 0 0 0 0 0 0 0 0 0 0 0 0 0 0 0 0 0 0 0 0 0 0 0 0 0 0 0 0 0 0 0 0 0 0 0 0 0 0 0 0 0 0 0 0 0 0 0 0 0 0 0 0 0 0 0 0 0 0 0 0 0 0 0 0 0 0 0 0 0 0 0 0 0 0 0 0 0 0 0 0 0 0 0 0 0 0 0 0 0 0 0 0 0 0 0 0 0 0 0 0 0 0 0 0 0]","AddressLength":"128","Channel":"System","Computer":"IE11WIN8_1","EventID":"1014","EventRecordID":"472","Keywords":"4611686018695823360","Level":"3","Opcode":"0","ProcessID":"976","ProviderGuid":"1C95126E-7EEA-49A9-A3FE-A378B03DDB4D","ProviderName":"Microsoft-Windows-DNS-Client","QueryName":"wpad","Task":"1014","ThreadID":"328","TimeCreated":"2018-01-03T09:25:10.671329498Z","UserID":"S-1-5-20","Version":"0"}}
{"time":"2018-01-03T09:35:24.6086577Z","host":"IE11WIN8_1","user":"S-1-5-20","message":"Name resolution for the name $1 timed out after none of the configured DNS servers responded","severity":6,"sequence":"473","source":"eventlog","category":"System","service":"Microsoft-Windows-DNS-Client","fields":{"Address":"[2 0 0 0 192 168 108 2 0 0 0 0 0 0 0 0 0 0 0 0 0 0 0 0 0 0 0 0 0 0 0 0 0 0 0 0 0 0 0 0 0 0 0 0 0 0 0 0 0 0 0 0 0 0 0 0 0 0 0 0 0 0 0 0 0 0 0 0 0 0 0 0 0 0 0 0 0 0 0 0 0 0 0 0 0 0 0 0 0 0 0 0 0 0 0 0 0 0 0 0 0 0 0 0 0 0 0 0 0 0 0 0 0 0 0 0 0 0 0 0 0 0 0 0 0 0 0 0]","AddressLength":"128","Channel":"System","Computer":"IE11WIN8_1","EventID":"1014","EventRecordID":"473","Keywords":"4611686018695823360","Level":"3","Opcode":"0","ProcessID":"976","ProviderGuid":"1C95126E-7EEA-49A9-A3FE-A378B03DDB4D","ProviderName":"Microsoft-Windows-DNS-Client","QueryName":"wpad","Task":"1014","ThreadID":"328","TimeCreated":"2018-01-03T09:35:24.608657598Z","UserID":"S-1-5-20","Version":"0"}}
{"time":"2018-01-03T10:26:09.9679081Z","host":"IE11WIN8_1","user":"S-1-5-20","message":"Name resolution for the name $1 timed out after none of the configured DNS servers responded","severity":6,"sequence":"474","source":"eventlog","category":"System","service":"Microsoft-Windows-DNS-Client","fields":{"Address":"[2 0 0 0 192 168 108 2 0 0 0 0 0 0 0 0 0 0 0 0 0 0 0 0 0 0 0 0 0 0 0 0 0 0 0 0 0 0 0 0 0 0 0 0 0 0 0 0 0 0 0 0 0 0 0 0 0 0 0 0 0 0 0 0 0 0 0 0 0 0 0 0 0 0 0 0 0 0 0 0 0 0 0 0 0 0 0 0 0 0 0 0 0 0 0 0 0 0 0 0 0 0 0 0 0 0 0 0 0 0 0 0 0 0 0 0 0 0 0 0 0 0 0 0 0 0 0 0]","AddressLength":"128","Channel":"System","Computer":"IE11WIN8_1","EventID":"1014","EventRecordID":"474","Keywords":"4611686018695823360","Level":"3","Opcode":"0","ProcessID":"976","ProviderGuid":"1C95126E-7EEA-49A9-A3FE-A378B03DDB4D","ProviderName":"Microsoft-Windows-DNS-Client","QueryName":"wpad","Task":"1014","ThreadID":"328","TimeCreated":"2018-01-03T10:26:09.967908859Z","UserID":"S-1-5-20","Version":"0"}}
{"time":"2018-01-03T10:33:34.9677189Z","host":"IE11WIN8_1","user":"S-1-5-18","message":"Installation Successful: Windows successfully installed the following update: $1","severity":3,"sequence":"475","source":"eventlog","category":"System","service":"Microsoft-Windows-WindowsUpdateClient","fields":{"Channel":"System","Computer":"IE11WIN8_1","EventID":"19","EventRecordID":"475","Keywords":"9223372036854775832","Level":"4","Opcode":"13","ProcessID":"724","ProviderGuid":"945A8954-C147-4ACD-923F-40C45405A658","ProviderName":"Microsoft-Windows-WindowsUpdateClient","Task":"1","ThreadID":"1308","TimeCreated":"2018-01-03T10:33:34.967718362Z","UserID":"S-1-5-18","Version":"1","serviceGuid":"7971F918-A847-4430-9279-4A52D1EFE18D","updateGuid":"DDB74579-7A1F-4D1F-80C8-E8647055314E","updateRevisionNumber":"200","updateTitle":"Microsoft Silverlight (KB4023307)"}}
{"time":"2018-01-03T10:36:23.8901733Z","host":"IE11WIN8_1","user":"S-1-5-20","message":"Name resolution for the name $1 timed out after none of the configured DNS servers responded","severity":6,"sequence":"476","source":"eventlog","category":"System","service":"Microsoft-Windows-DNS-Client","fields":{"Address":"[2 0 0 0 192 168 108 2 0 0 0 0 0 0 0 0 0 0 0 0 0 0 0 0 0 0 0 0 0 0 0 0 0 0 0 0 0 0 0 0 0 0 0 0 0 0 0 0 0 0 0 0 0 0 0 0 0 0 0 0 0 0 0 0 0 0 0 0 0 0 0 0 0 0 0 0 0 0 0 0 0 0 0 0 0 0 0 0 0 0 0 0 0 0 0 0 0 0 0 0 0 0 0 0 0 0 0 0 0 0 0 0 0 0 0 0 0 0 0 0 0 0 0 0 0 0 0 0]","AddressLength":"128","Channel":"System","Computer":"IE11WIN8_1","EventID":"1014","EventRecordID":"476","Keywords":"4611686018695823360","Level":"3","Opcode":"0","ProcessID":"976","ProviderGuid":"1C95126E-7EEA-49A9-A3FE-A378B03DDB4D","ProviderName":"Microsoft-Windows-DNS-Client","QueryName":"wpad","Task":"1014","ThreadID":"2768","TimeCreated":"2018-01-03T10:36:23.890172719Z","UserID":"S-1-5-20","Version":"0"}}
{"time":"2018-01-03T10:40:31.5300155Z","host":"IE11WIN8_1","user":"S-1-5-18","message":"Installation Successful: Windows successfully installed the following update: $1","severity":3,"sequence":"477","source":"eventlog","category":"System","service":"Microsoft-Windows-WindowsUpdateClient","fields":{"Channel":"System","Computer":"IE11WIN8_1","EventID":"19","EventRecordID":"477","Keywords":"9223372036854775832","Level":"4","Opcode":"13","ProcessID":"724","ProviderGuid":"945A8954-C147-4ACD-923F-40C45405A658","ProviderName":"Microsoft-Windows-WindowsUpdateClient","Task":"1","ThreadID":"1308","TimeCreated":"2018-01-03T10:40:31.530015945Z","UserID":"S-1-5-18","Version":"1","serviceGuid":"7971F918-A847-4430-9279-4A52D1EFE18D","updateGuid":"89F1C905-9C84-4A67-9B90-17B5E30B0FCF","updateRevisionNumber":"201","updateTitle":"Windows Malicious Software Removal Tool for Windows 8, 8.1, 10 and Windows Server 2012, 2012 R2, 2016 x64 Edition - December 2017 (KB890830)"}}
{"time":"2018-01-03T10:46:37.9364909Z","host":"IE11WIN8_1","user":"S-1-5-20","message":"Name resolution for the name $1 timed out after none of the configured DNS servers responded","severity":6,"sequence":"478","source":"eventlog","category":"System","service":"Microsoft-Windows-DNS-Client","fields":{"Address":"[2 0 0 0 192 168 108 2 0 0 0 0 0 0 0 0 0 0 0 0 0 0 0 0 0 0 0 0 0 0 0 0 0 0 0 0 0 0 0 0 0 0 0 0 0 0 0 0 0 0 0 0 0 0 0 0 0 0 0 0 0 0 0 0 0 0 0 0 0 0 0 0 0 0 0 0 0 0 0 0 0 0 0 0 0 0 0 0 0 0 0 0 0 0 0 0 0 0 0 0 0 0 0 0 0 0 0 0 0 0 0 0 0 0 0 0 0 0 0 0 0 0 0 0 0 0 0 0]","AddressLength":"128","Channel":"System","Computer":"IE11WIN8_1","EventID":"1014","EventRecordID":"478","Keywords":"4611686018695823360","Level":"3","Opcode":"0","ProcessID":"976","ProviderGuid":"1C95126E-7EEA-49A9-A3FE-A378B03DDB4D","ProviderName":"Microsoft-Windows-DNS-Client","QueryName":"wpad","Task":"1014","ThreadID":"1504","TimeCreated":"2018-01-03T10:46:37.93649125Z","UserID":"S-1-5-20","Version":"0"}}
{"time":"2018-01-03T10:48:15.4987761Z","host":"IE11WIN8_1","user":"S-1-5-18","message":"The access history in hive $2 was cleared updating $3 keys and creating $4 modified pages","severity":3,"sequence":"479","source":"eventlog","category":"System","service":"Microsoft-Windows-Kernel-General","fields":{"Channel":"System","Computer":"IE11WIN8_1","DirtyPages":"1","EventID":"16","EventRecordID":"479","HiveName":"\\??\\C:\\Windows\\system32\\Config\\Elam","HiveNameLength":"35","KeysUpdated":"2","Keywords":"9223372036854775808","Level":"4","Opcode":"0","ProcessID":"1292","ProviderGuid":"A68CA8B7-004F-D7B6-A698-07E2DE0F1F5D","ProviderName":"Microsoft-Windows-Kernel-General","Task":"0","ThreadID":"996","TimeCreated":"2018-01-03T10:48:15.498775959Z","UserID":"S-1-5-18","Version":"0"}}
{"time":"2018-01-03T10:48:21.3580663Z","host":"IE11WIN8_1","user":"S-1-5-21-3040204872-3082932231-1584796067-1001","message":"The process C:\\Windows\\system32\\wbem\\wmiprvse.exe (IE11WIN8_1) has initiated the restart of computer IE11WIN8_1 on behalf of user IE11WIN8_1\\IEUser for the following reason: No title for this reason could be found  Reason Code: 0x80070015  Shutdown Type: restart  Comment: ","severity":3,"sequence":"480","source":"eventlog","category":"System","service":"User32","fields":{"Channel":"System","Computer":"IE11WIN8_1","EventIDQualifiers":"32768","EventIDValue":"1074","EventRecordID":"480","Keywords":"9259400833873739776","Level":"4","Opcode":"0","ProcessID":"324","ProviderEventSourceName":"User32","ProviderGuid":"{b0aa8734-56f7-41cc-b2f4-de228e98b946}","ProviderName":"User32","Task":"0","ThreadID":"360","TimeCreated":"2018-01-03T10:48:21.358065605Z","UserID":"S-1-5-21-3040204872-3082932231-1584796067-1001","Version":"0","param1":"C:\\Windows\\system32\\wbem\\wmiprvse.exe (IE11WIN8_1)","param2":"IE11WIN8_1","param3":"No title for this reason could be found","param4":"0x80070015","param5":"restart","param6":"","param7":"IE11WIN8_1\\IEUser"}}
{"time":"2018-01-03T10:48:22.4362139Z","host":"IE11WIN8_1","user":"S-1-5-18","message":"User Logoff Notification for Customer Experience Improvement Program","severity":3,"sequence":"481","source":"eventlog","category":"System","service":"Microsoft-Windows-Winlogon","fields":{"Channel":"System","Computer":"IE11WIN8_1","EventID":"7002","EventRecordID":"481","Keywords":"2305843009213693952","Level":"4","Opcode":"0","ProcessID":"412","ProviderGuid":"DBE9B383-7CF3-4331-91CC-A3CB16A3B538","ProviderName":"Microsoft-Windows-Winlogon","TSId":"1","Task":"1102","ThreadID":"872","TimeCreated":"2018-01-03T10:48:22.436214447Z","UserID":"S-1-5-18","UserSid":"S-1-5-21-3040204872-3082932231-1584796067-1001","Version":"0"}}
{"time":"2018-01-03T10:48:22.4987537Z","host":"IE11WIN8_1","user":"S-1-5-18","message":"Automatic Updates is now paused","severity":3,"sequence":"483","source":"eventlog","category":"System","service":"Microsoft-Windows-WindowsUpdateClient","fields":{"Channel":"System","Computer":"IE11WIN8_1","EventID":"27","EventRecordID":"483","Keywords":"9223372036854775936","Level":"4","Opcode":"16","ProcessID":"724","ProviderGuid":"945A8954-C147-4ACD-923F-40C45405A658","ProviderName":"Microsoft-Windows-WindowsUpdateClient","Task":"1","ThreadID":"1972","TimeCreated":"2018-01-03T10:48:22.498753547Z","UserID":"S-1-5-18","Version":"0"}}
{"time":"2018-01-03T10:48:22.4987537Z","host":"IE11WIN8_1","user":"S-1-5-18","message":"Installation Successful: Windows successfully installed the following update: $1","severity":3,"sequence":"482","source":"eventlog","category":"System","service":"Microsoft-Windows-WindowsUpdateClient","fields":{"Channel":"System","Computer":"IE11WIN8_1","EventID":"19","EventRecordID":"482","Keywords":"9223372036854775832","Level":"4","Opcode":"13","ProcessID":"724","ProviderGuid":"945A8954-C147-4ACD-923F-40C45405A658","ProviderName":"Microsoft-Windows-WindowsUpdateClient","Task":"1","ThreadID":"1972","TimeCreated":"2018-01-03T10:48:22.498753547Z","UserID":"S-1-5-18","Version":"1","serviceGuid":"7971F918-A847-4430-9279-4A52D1EFE18D","updateGuid":"BA3D1E82-E018-4D11-8752-2E94A363870D","updateRevisionNumber":"200","updateTitle":"Definition Update for Windows Defender Antivirus - KB2267602 (Definition 1.259.1098.0)"}}
{"time":"2018-01-03T10:48:51.6239498Z","host":"IE11WIN8_1","user":"S-1-5-18","message":"A service was installed in the system","severity":3,"sequence":"484","source":"eventlog","category":"System","service":"Service Control Manager","fields":{"AccountName":"","Channel":"System","Computer":"IE11WIN8_1","EventIDQualifiers":"16384","EventIDValue":"7045","EventRecordID":"484","ImagePath":"C:\\ProgramData\\Microsoft\\Windows Defender\\Definition Updates\\{3C63FC71-29FA-482C-981C-BEAF43C4ECD4}\\MpKsl084b8863.sys","Keywords":"9259400833873739776","Level":"4","Opcode":"0","ProcessID":"468","ProviderEventSourceName":"Service Control Manager","ProviderGuid":"{555908d1-a6d7-4695-8e1e-26931d2012f4}","ProviderName":"Service Control Manager","ServiceName":"MpKsl084b8863","ServiceType":"kernel mode driver","StartType":"system start","Task":"0","ThreadID":"220","TimeCreated":"2018-01-03T10:48:51.623950481Z","UserID":"S-1-5-18","Version":"0"}}
{"time":"2018-01-03T11:06:14Z","host":"IE11WIN8_1","message":"Undescribed event: EventLog: 485","severity":3,"sequence":"485","source":"eventlog","category":"System","service":"EventLog","fields":{"Binary":"[1 0 0 0 0 0 0 0]","Channel":"System","Computer":"IE11WIN8_1","EventIDQualifiers":"32768","EventIDValue":"6006","EventRecordID":"485","Keywords":"36028797018963968","Level":"4","ProviderName":"EventLog","Task":"0","TimeCreated":"2018-01-03T11:06:14Z"}}
{"time":"2018-01-03T11:06:14.4206385Z","host":"IE11WIN8_1","user":"S-1-5-19","message":"DHCPv6 client service is stopped","severity":3,"sequence":"486","source":"eventlog","category":"System","service":"Microsoft-Windows-DHCPv6-Client","fields":{"Channel":"System","Computer":"IE11WIN8_1","DataName":"DwordVal","DataValue":"1","EventID":"51047","EventRecordID":"486","Keywords":"2305843009213693952","Level":"4","Opcode":"63","ProcessID":"688","ProviderGuid":"6A1F2B00-6A90-4C38-95A5-5CAB3B056778","ProviderName":"Microsoft-Windows-DHCPv6-Client","Task":"4","ThreadID":"1008","TimeCreated":"2018-01-03T11:06:14.420638322Z","UserID":"S-1-5-19","Version":"0"}}
{"time":"2018-01-03T11:06:14.4206385Z","host":"IE11WIN8_1","user":"S-1-5-19","message":"DHCPv4 client service is stopped","severity":3,"sequence":"487","source":"eventlog","category":"System","service":"Microsoft-Windows-Dhcp-Client","fields":{"Channel":"System","Computer":"IE11WIN8_1","DataName":"DwordVal","DataValue":"1","EventID":"50037","EventRecordID":"487","Keywords":"2305843009213693952","Level":"4","Opcode":"69","ProcessID":"688","ProviderGuid":"15A7A4F8-0072-4EAB-ABAD-F98A4D666AED","ProviderName":"Microsoft-Windows-Dhcp-Client","Task":"4","ThreadID":"972","TimeCreated":"2018-01-03T11:06:14.420638322Z","UserID":"S-1-5-19","Version":"0"}}
{"time":"2018-01-03T11:06:18.0455794Z","host":"IE11WIN8_1","message":"The kernel power manager has initiated a shutdown transition","severity":3,"sequence":"491","source":"eventlog","category":"System","service":"Microsoft-Windows-Kernel-Power","fields":{"Channel":"System","Computer":"IE11WIN8_1","EventID":"109","EventRecordID":"491","Keywords":"9223372036854775812","Level":"4","Opcode":"0","ProcessID":"376","ProviderGuid":"331C3B3A-2005-44C2-AC5E-77220C37D6B4","ProviderName":"Microsoft-Windows-Kernel-Power","ShutdownActionType":"5","ShutdownEventCode":"0","ShutdownReason":"5","Task":"103","ThreadID":"380","TimeCreated":"2018-01-03T11:06:18.045579195Z","Version":"0"}}
{"time":"2018-01-03T11:06:18.3268112Z","host":"IE11WIN8_1","message":"The operating system is shutting down at system time $1","severity":3,"sequence":"492","source":"eventlog","category":"System","service":"Microsoft-Windows-Kernel-General","fields":{"Channel":"System","Computer":"IE11WIN8_1","DataName":"StopTime","DataValue":"2018-01-03T11:06:18.326811313Z","EventID":"13","EventRecordID":"492","Keywords":"9223372036854775808","Level":"4","Opcode":"0","ProcessID":"4","ProviderGuid":"A68CA8B7-004F-D7B6-A698-07E2DE0F1F5D","ProviderName":"Microsoft-Windows-Kernel-General","Task":"0","ThreadID":"1908","TimeCreated":"2018-01-03T11:06:18.326811313Z","Version":"0"}}
{"time":"2018-01-03T11:06:26.8253474Z","host":"IE11WIN8_1","user":"S-1-5-18","message":"There are $1 boot options on this system","severity":3,"sequence":"496","source":"eventlog","category":"System","service":"Microsoft-Windows-Kernel-Boot","fields":{"Channel":"System","Computer":"IE11WIN8_1","DataName":"EntryCount","DataValue":"1","EventID":"18","EventRecordID":"496","Keywords":"9223372036854775808","Level":"4","Opcode":"0","ProcessID":"4","ProviderGuid":"15CA44FF-4D7A-4BAA-BBA5-0998955E531E","ProviderName":"Microsoft-Windows-Kernel-Boot","Task":"0","ThreadID":"8","TimeCreated":"2018-01-03T11:06:26.825347185Z","UserID":"S-1-5-18","Version":"0"}}
{"time":"2018-01-03T11:06:26.8253474Z","host":"IE11WIN8_1","user":"S-1-5-18","message":"The boot type was $1","severity":3,"sequence":"495","source":"eventlog","category":"System","service":"Microsoft-Windows-Kernel-Boot","fields":{"Channel":"System","Computer":"IE11WIN8_1","DataName":"BootType","DataValue":"0","EventID":"27","EventRecordID":"495","Keywords":"9223372036854775808","Level":"4","Opcode":"0","ProcessID":"4","ProviderGuid":"15CA44FF-4D7A-4BAA-BBA5-0998955E531E","ProviderName":"Microsoft-Windows-Kernel-Boot","Task":"0","ThreadID":"8","TimeCreated":"2018-01-03T11:06:26.825347185Z","UserID":"S-1-5-18","Version":"0"}}
{"time":"2018-01-03T11:06:26.8253474Z","host":"IE11WIN8_1","user":"S-1-5-18","message":"The last shutdown's success status was $1","severity":3,"sequence":"494","source":"eventlog","category":"System","service":"Microsoft-Windows-Kernel-Boot","fields":{"Channel":"System","Computer":"IE11WIN8_1","EventID":"20","EventRecordID":"494","Keywords":"9223372036854775808","LastBootGood":"true","LastShutdownGood":"true","Level":"4","Opcode":"0","ProcessID":"4","ProviderGuid":"15CA44FF-4D7A-4BAA-BBA5-0998955E531E","ProviderName":"Microsoft-Windows-Kernel-Boot","Task":"0","ThreadID":"8","TimeCreated":"2018-01-03T11:06:26.825347185Z","UserID":"S-1-5-18","Version":"0"}}
{"time":"2018-01-03T11:06:26.8253474Z","host":"IE11WIN8_1","user":"S-1-5-18","message":"The operating system started at system time $7","severity":3,"sequence":"493","source":"eventlog","category":"System","service":"Microsoft-Windows-Kernel-General","fields":{"BootMode":"0","BuildVersion":"9600","Channel":"System","Computer":"IE11WIN8_1","EventID":"12","EventRecordID":"493","Keywords":"9223372036854775808","Level":"4","MajorVersion":"6","MinorVersion":"3","Opcode":"0","ProcessID":"4","ProviderGuid":"A68CA8B7-004F-D7B6-A698-07E2DE0F1F5D","ProviderName":"Microsoft-Windows-Kernel-General","QfeVersion":"18821","ServiceVersion":"0","StartTime":"2018-01-03T11:06:26.498908758Z","Task":"0","ThreadID":"8","TimeCreated":"2018-01-03T11:06:26.825347185Z","UserID":"S-1-5-18","Version":"0"}}
{"time":"2018-01-03T11:06:26.8253474Z","host":"IE11WIN8_1","user":"S-1-5-18","message":"The bootmgr spent $1 ms waiting for user input","severity":3,"sequence":"497","source":"eventlog","category":"System","service":"Microsoft-Windows-Kernel-Boot","fields":{"Channel":"System","Computer":"IE11WIN8_1","DataName":"BitlockerUserInputTime","DataValue":"0","EventID":"32","EventRecordID":"497","Keywords":"9223372036854775808","Level":"4","Opcode":"0","ProcessID":"4","ProviderGuid":"15CA44FF-4D7A-4BAA-BBA5-0998955E531E","ProviderName":"Microsoft-Windows-Kernel-Boot","Task":"0","ThreadID":"8","TimeCreated":"2018-01-03T11:06:26.825347185Z","UserID":"S-1-5-18","Version":"0"}}
{"time":"2018-01-03T11:06:28.6069401Z","host":"IE11WIN8_1","user":"S-1-5-18","message":"File System Filter '$5' ($2.$3, $6) has successfully loaded and registered with Filter Manager","severity":3,"sequence":"499","source":"eventlog","category":"System","service":"Microsoft-Windows-FilterManager","fields":{"Channel":"System","Computer":"IE11WIN8_1","DeviceName":"Wof","DeviceNameLength":"3","DeviceTime":"2014-03-13T00:27:29Z","DeviceVersionMajor":"6","DeviceVersionMinor":"3","EventID":"6","EventRecordID":"499","FinalStatus":"0","Keywords":"9223372036854775808","Level":"4","Opcode":"0","ProcessID":"4","ProviderGuid":"F3C5E28E-63F6-49C7-A204-E48A1BC4B09D","ProviderName":"Microsoft-Windows-FilterManager","Task":"0","ThreadID":"8","TimeCreated":"2018-01-03T11:06:28.606940746Z","UserID":"S-1-5-18","Version":"0"}}
{"time":"2018-01-03T11:06:28.6069401Z","host":"IE11WIN8_1","user":"S-1-5-18","message":"File System Filter '$5' ($2.$3, $6) has successfully loaded and registered with Filter Manager","severity":3,"sequence":"498","source":"eventlog","category":"System","service":"Microsoft-Windows-FilterManager","fields":{"Channel":"System","Computer":"IE11WIN8_1","DeviceName":"FileInfo","DeviceNameLength":"8","DeviceTime":"2014-02-22T04:13:10Z","DeviceVersionMajor":"6","DeviceVersionMinor":"3","EventID":"6","EventRecordID":"498","FinalStatus":"0","Keywords":"9223372036854775808","Level":"4","Opcode":"0","ProcessID":"4","ProviderGuid":"F3C5E28E-63F6-49C7-A204-E48A1BC4B09D","ProviderName":"Microsoft-Windows-FilterManager","Task":"0","ThreadID":"8","TimeCreated":"2018-01-03T11:06:28.606940746Z","UserID":"S-1-5-18","Version":"0"}}
{"time":"2018-01-03T11:06:28.6069401Z","host":"IE11WIN8_1","user":"S-1-5-18","message":"File System Filter '$5' ($2.$3, $6) has successfully loaded and registered with Filter Manager","severity":3,"sequence":"500","source":"eventlog","category":"System","service":"Microsoft-Windows-FilterManager","fields":{"Channel":"System","Computer":"IE11WIN8_1","DeviceName":"WdFilter","DeviceNameLength":"8","DeviceTime":"2016-11-14T20:52:54Z","DeviceVersionMajor":"10","DeviceVersionMinor":"0","EventID":"6","EventRecordID":"500","FinalStatus":"0","Keywords":"9223372036854775808","Level":"4","Opcode":"0","ProcessID":"4","ProviderGuid":"F3C5E28E-63F6-49C7-A204-E48A1BC4B09D","ProviderName":"Microsoft-Windows-FilterManager","Task":"0","ThreadID":"8","TimeCreated":"2018-01-03T11:06:28.606940746Z","UserID":"S-1-5-18","Version":"0"}}
{"time":"2018-01-03T11:06:28.8566389Z","host":"IE11WIN8_1","user":"S-1-5-18","message":"Volume $1 ($2) $3","severity":3,"sequence":"501","source":"eventlog","category":"System","service":"Microsoft-Windows-Ntfs","fields":{"Channel":"System","Computer":"IE11WIN8_1","CorruptionActionState":"0","DeviceName":"\\Device\\HarddiskVolume1","DriveName":"C:","EventID":"98","EventRecordID":"501","Keywords":"9223372036854775810","Level":"4","Opcode":"0","ProcessID":"4","ProviderGuid":"3FF37A1C-A68D-4D6E-8C9B-F79E8B16C482","ProviderName":"Microsoft-Windows-Ntfs","Task":"0","ThreadID":"84","TimeCreated":"2018-01-03T11:06:28.856638431Z","UserID":"S-1-5-18","Version":"0"}}
{"time":"2018-01-03T11:06:35.0913044Z","host":"IE11WIN8_1","user":"S-1-5-18","message":"File System Filter '$5' ($2.$3, $6) has successfully loaded and registered with Filter Manager","severity":3,"sequence":"502","source":"eventlog","category":"System","service":"Microsoft-Windows-FilterManager","fields":{"Channel":"System","Computer":"IE11WIN8_1","DeviceName":"npsvctrig","DeviceNameLength":"9","DeviceTime":"2013-08-22T03:38:22Z","DeviceVersionMajor":"6","DeviceVersionMinor":"3","EventID":"6","EventRecordID":"502","FinalStatus":"0","Keywords":"9223372036854775808","Level":"4","Opcode":"0","ProcessID":"4","ProviderGuid":"F3C5E28E-63F6-49C7-A204-E48A1BC4B09D","ProviderName":"Microsoft-Windows-FilterManager","Task":"0","ThreadID":"8","TimeCreated":"2018-01-03T11:06:35.091304063Z","UserID":"S-1-5-18","Version":"0"}}
{"time":"2018-01-03T11:06:35.2003608Z","host":"IE11WIN8_1","message":"The system has been constrained to a periodic tick   Reason: $1","severity":3,"sequence":"503","source":"eventlog","category":"System","service":"Microsoft-Windows-Kernel-Power","fields":{"Channel":"System","Computer":"IE11WIN8_1","DataName":"Reason","DataValue":"2","EventID":"508","EventRecordID":"503","Keywords":"9223372036854775812","Level":"4","Opcode":"0","ProcessID":"4","ProviderGuid":"331C3B3A-2005-44C2-AC5E-77220C37D6B4","ProviderName":"Microsoft-Windows-Kernel-Power","Task":"159","ThreadID":"8","TimeCreated":"2018-01-03T11:06:35.20036149Z","Version":"0"}}
{"time":"2018-01-03T11:06:36.1378732Z","host":"IE11WIN8_1","user":"S-1-5-18","message":"Processor $2 in group $1 exposes the following power management capabilities:  Idle state type: $4 ($3 state(s))  Performance state type: $9 Nominal Frequency (MHz): $5 Maximum performance percentage: $6 Minimum performance percentage: $7 Minimum throttle percentage: $8","severity":3,"sequence":"505","source":"eventlog","category":"System","service":"Microsoft-Windows-Kernel-Processor-Power","fields":{"Channel":"System","Computer":"IE11WIN8_1","EventID":"55","EventRecordID":"505","Group":"0","IdleImplementation":"1","IdleStateCount":"1","Keywords":"9223372036854775808","Level":"4","MaximumPerformancePercent":"100","MinimumPerformancePercent":"100","MinimumThrottlePercent":"12","NominalFrequency":"2667","Number":"1","Opcode":"0","PerformanceImplementation":"1","ProcessID":"4","ProviderGuid":"0F67E49F-FE51-4E9F-B490-6F2948CC6027","ProviderName":"Microsoft-Windows-Kernel-Processor-Power","Task":"47","ThreadID":"140","TimeCreated":"2018-01-03T11:06:36.137873649Z","UserID":"S-1-5-18","Version":"0"}}
{"time":"2018-01-03T11:06:36.1378732Z","host":"IE11WIN8_1","user":"S-1-5-18","message":"Processor $2 in group $1 exposes the following power management capabilities:  Idle state type: $4 ($3 state(s))  Performance state type: $9 Nominal Frequency (MHz): $5 Maximum performance percentage: $6 Minimum performance percentage: $7 Minimum throttle percentage: $8","severity":3,"sequence":"504","source":"eventlog","category":"System","service":"Microsoft-Windows-Kernel-Processor-Power","fields":{"Channel":"System","Computer":"IE11WIN8_1","EventID":"55","EventRecordID":"504","Group":"0","IdleImplementation":"1","IdleStateCount":"1","Keywords":"9223372036854775808","Level":"4","MaximumPerformancePercent":"100","MinimumPerformancePercent":"100","MinimumThrottlePercent":"12","NominalFrequency":"2667","Number":"0","Opcode":"0","PerformanceImplementation":"1","ProcessID":"4","ProviderGuid":"0F67E49F-FE51-4E9F-B490-6F2948CC6027","ProviderName":"Microsoft-Windows-Kernel-Processor-Power","Task":"47","ThreadID":"140","TimeCreated":"2018-01-03T11:06:36.137873649Z","UserID":"S-1-5-18","Version":"0"}}
{"time":"2018-01-03T11:06:42.2628586Z","host":"IE11WIN8_1","user":"S-1-5-18","message":"Remote calls to the SAM database are being restricted using the default security descriptor: $1","severity":3,"sequence":"506","source":"eventlog","category":"System","service":"Microsoft-Windows-Directory-Services-SAM","fields":{"Channel":"System","Computer":"IE11WIN8_1","DataName":"Default SD String:","DataValue":"","EventID":"16962","EventRecordID":"506","Keywords":"9223372036854775808","Level":"4","Name":"SAMMSG_RESTRICT_REMOTE_SAM_DEFAULT_SD","Opcode":"0","ProcessID":"532","ProviderGuid":"0D4FDC09-8C27-494A-BDA0-505E4FD8ADAE","ProviderName":"Microsoft-Windows-Directory-Services-SAM","Task":"0","ThreadID":"536","TimeCreated":"2018-01-03T11:06:42.262859106Z","UserID":"S-1-5-18","Version":"0"}}
{"time":"2018-01-03T11:06:43Z","host":"IE11WIN8_1","message":"Undescribed event: EventLog: 490","severity":3,"sequence":"490","source":"eventlog","category":"System","service":"EventLog","fields":{"Binary":"[49 0 46 0 49 0 0 0 48 0 0 0 87 0 105 0 110 0 100 0 111 0 119 0 115 0 32 0 56 0 46 0 49 0 32 0 69 0 110 0 116 0 101 0 114 0 112 0 114 0 105 0 115 0 101 0 32 0 69 0 118 0 97 0 108 0 117 0 97 0 116 0 105 0 111 0 110 0 0 0 54 0 46 0 51 0 46 0 57 0 54 0 48 0 48 0 32 0 66 0 117 0 105 0 108 0 100 0 32 0 57 0 54 0 48 0 48 0 32 0 32 0 0 0 77 0 117 0 108 0 116 0 105 0 112 0 114 0 111 0 99 0 101 0 115 0 115 0 111 0 114 0 32 0 70 0 114 0 101 0 101 0 0 0 57 0 54 0 48 0 48 0 46 0 119 0 105 0 110 0 98 0 108 0 117 0 101 0 95 0 108 0 116 0 115 0 98 0 46 0 49 0 55 0 48 0 57 0 49 0 52 0 45 0 48 0 54 0 48 0 48 0 0 0 53 0 97 0 52 0 99 0 55 0 56 0 52 0 56 0 0 0 78 0 111 0 116 0 32 0 65 0 118 0 97 0 105 0 108 0 97 0 98 0 108 0 101 0 0 0 78 0 111 0 116 0 32 0 65 0 118 0 97 0 105 0 108 0 97 0 98 0 108 0 101 0 0 0 57 0 0 0 50 0 0 0 52 0 48 0 57 0 54 0 0 0 52 0 48 0 57 0 0 0 73 0 69 0 49 0 49 0 87 0 73 0 78 0 56 0 95 0 49 0 0 0 0 0]","Channel":"System","Computer":"IE11WIN8_1","Data":"[    16 60 480 Pacific Standard Time]","EventIDQualifiers":"32768","EventIDValue":"6013","EventRecordID":"490","Keywords":"36028797018963968","Level":"4","ProviderName":"EventLog","Task":"0","TimeCreated":"2018-01-03T11:06:43Z"}}
{"time":"2018-01-03T11:06:43Z","host":"IE11WIN8_1","message":"Undescribed event: EventLog: 489","severity":3,"sequence":"489","source":"eventlog","category":"System","service":"EventLog","fields":{"Binary":"[226 7 1 0 3 0 3 0 11 0 6 0 43 0 84 1 0 0 0 0 0 0 0 0]","Channel":"System","Computer":"IE11WIN8_1","EventIDQualifiers":"32768","EventIDValue":"6005","EventRecordID":"489","Keywords":"36028797018963968","Level":"4","ProviderName":"EventLog","Task":"0","TimeCreated":"2018-01-03T11:06:43Z"}}
{"time":"2018-01-03T11:06:43Z","host":"IE11WIN8_1","message":"Undescribed event: EventLog: 488","severity":3,"sequence":"488","source":"eventlog","category":"System","service":"EventLog","fields":{"Channel":"System","Computer":"IE11WIN8_1","Data":"[6.03. 9600  Multiprocessor Free 17722]","EventIDQualifiers":"32768","EventIDValue":"6009","EventRecordID":"488","Keywords":"36028797018963968","Level":"4","ProviderName":"EventLog","Task":"0","TimeCreated":"2018-01-03T11:06:43Z"}}
{"time":"2018-01-03T11:06:43.2944903Z","host":"IE11WIN8_1","message":"The UAC File Virtualization service failed to start due to the following error:  %%1275","severity":8,"sequence":"507","source":"eventlog","category":"System","service":"Service Control Manager","fields":{"Channel":"System","Computer":"IE11WIN8_1","EventIDQualifiers":"49152","EventIDValue":"7000","EventRecordID":"507","Keywords":"9259400833873739776","Level":"2","Opcode":"0","ProcessID":"524","ProviderEventSourceName":"Service Control Manager","ProviderGuid":"{555908d1-a6d7-4695-8e1e-26931d2012f4}","ProviderName":"Service Control Manager","Task":"0","ThreadID":"528","TimeCreated":"2018-01-03T11:06:43.294489622Z","Version":"0","param1":"UAC File Virtualization","param2":"%%1275"}}
{"time":"2018-01-03T11:06:43.7785124Z","host":"IE11WIN8_1","user":"S-1-5-19","message":"DHCPv4 client service is started","severity":3,"sequence":"508","source":"eventlog","category":"System","service":"Microsoft-Windows-Dhcp-Client","fields":{"Channel":"System","Computer":"IE11WIN8_1","EventID":"50036","EventRecordID":"508","Keywords":"2305843009213693952","Level":"4","Opcode":"68","ProcessID":"700","ProviderGuid":"15A7A4F8-0072-4EAB-ABAD-F98A4D666AED","ProviderName":"Microsoft-Windows-Dhcp-Client","Task":"4","ThreadID":"304","TimeCreated":"2018-01-03T11:06:43.778512001Z","UserID":"S-1-5-19","Version":"0"}}
{"time":"2018-01-03T11:06:43.7940323Z","host":"IE11WIN8_1","user":"S-1-5-19","message":"DHCPv6 client service is started","severity":3,"sequence":"509","source":"eventlog","category":"System","service":"Microsoft-Windows-DHCPv6-Client","fields":{"Channel":"System","Computer":"IE11WIN8_1","EventID":"51046","EventRecordID":"509","Keywords":"2305843009213693952","Level":"4","Opcode":"62","ProcessID":"700","ProviderGuid":"6A1F2B00-6A90-4C38-95A5-5CAB3B056778","ProviderName":"Microsoft-Windows-DHCPv6-Client","Task":"4","ThreadID":"356","TimeCreated":"2018-01-03T11:06:43.794032096Z","UserID":"S-1-5-19","Version":"0"}}
{"time":"2018-01-03T11:06:54.3722974Z","host":"IE11WIN8_1","message":"The following boot-start or system-start driver(s) failed to load: $1","severity":3,"sequence":"510","source":"eventlog","category":"System","service":"Service Control Manager","fields":{"Channel":"System","Computer":"IE11WIN8_1","DataName":"param1","DataValue":"\r\ndam","EventIDQualifiers":"49152","EventIDValue":"7026","EventRecordID":"510","Keywords":"9259400833873739776","Level":"4","Opcode":"0","ProcessID":"524","ProviderEventSourceName":"Service Control Manager","ProviderGuid":"{555908d1-a6d7-4695-8e1e-26931d2012f4}","ProviderName":"Service Control Manager","Task":"0","ThreadID":"528","TimeCreated":"2018-01-03T11:06:54.372297525Z","Version":"0"}}
{"time":"2018-01-03T11:07:11.3410923Z","host":"IE11WIN8_1","message":"Reservation for namespace identified by URL prefix $2 was successfully deleted","severity":3,"sequence":"511","source":"eventlog","category":"System","service":"Microsoft-Windows-HttpEvent","fields":{"Channel":"System","Computer":"IE11WIN8_1","DeviceObject":"\\Device\\Http\\ReqQueue","EventIDQualifiers":"16384","EventIDValue":"15008","EventRecordID":"511","Keywords":"36028797018963968","Level":"4","Opcode":"0","ProcessID":"4","ProviderEventSourceName":"HTTP","ProviderGuid":"{7b6bc78c-898b-4170-bbf8-1a469ea43fc5}","ProviderName":"Microsoft-Windows-HttpEvent","Task":"0","ThreadID":"140","TimeCreated":"2018-01-03T11:07:11.341092824Z","Url":"http://+:10246/MDEServer/","Version":"0"}}
{"time":"2018-01-03T11:07:11.7318222Z","host":"IE11WIN8_1","message":"Reservation for namespace identified by URL prefix $2 was successfully deleted","severity":3,"sequence":"513","source":"eventlog","category":"System","service":"Microsoft-Windows-HttpEvent","fields":{"Channel":"System","Computer":"IE11WIN8_1","DeviceObject":"\\Device\\Http\\ReqQueue","EventIDQualifiers":"16384","EventIDValue":"15008","EventRecordID":"513","Keywords":"36028797018963968","Level":"4","Opcode":"0","ProcessID":"4","ProviderEventSourceName":"HTTP","ProviderGuid":"{7b6bc78c-898b-4170-bbf8-1a469ea43fc5}","ProviderName":"Microsoft-Windows-HttpEvent","Task":"0","ThreadID":"140","TimeCreated":"2018-01-03T11:07:11.73182249Z","Url":"http://+:10243/WMPNSSv4/","Version":"0"}}
{"time":"2018-01-03T11:07:11.7318222Z","host":"IE11WIN8_1","message":"Reservation for namespace identified by URL prefix $2 was successfully deleted","severity":3,"sequence":"512","source":"eventlog","category":"System","service":"Microsoft-Windows-HttpEvent","fields":{"Channel":"System","Computer":"IE11WIN8_1","DeviceObject":"\\Device\\Http\\ReqQueue","EventIDQualifiers":"16384","EventIDValue":"15008","EventRecordID":"512","Keywords":"36028797018963968","Level":"4","Opcode":"0","ProcessID":"4","ProviderEventSourceName":"HTTP","ProviderGuid":"{7b6bc78c-898b-4170-bbf8-1a469ea43fc5}","ProviderName":"Microsoft-Windows-HttpEvent","Task":"0","ThreadID":"140","TimeCreated":"2018-01-03T11:07:11.73182249Z","Url":"https://+:10245/WMPNSSv4/","Version":"0"}}
{"time":"2018-01-03T11:07:13.0441445Z","host":"IE11WIN8_1","user":"S-1-5-18","message":"Process $1 (process ID:$2) reset policy scheme from $3 to $4","severity":3,"sequence":"514","source":"eventlog","category":"System","service":"Microsoft-Windows-UserModePowerService","fields":{"Channel":"System","Computer":"IE11WIN8_1","EventID":"12","EventRecordID":"514","Keywords":"4611686018427387904","Level":"4","NewSchemeGuid":"381B4222-F694-41F0-9685-FF5BB260DF2E","OldSchemeGuid":"381B4222-F694-41F0-9685-FF5BB260DF2E","Opcode":"0","ProcessID":"592","ProcessPath":"C:\\Windows\\WinSxS\\amd64_microsoft-windows-servicingstack_31bf3856ad364e35_6.3.9600.17031_none_fa50b3979b1bcb4a\\TiWorker.exe","ProcessPid":"908","ProviderGuid":"CE8DEE0B-D539-4000-B0F8-77BED049C590","ProviderName":"Microsoft-Windows-UserModePowerService","Task":"10","ThreadID":"836","TimeCreated":"2018-01-03T11:07:13.044143915Z","UserID":"S-1-5-18","Version":"0"}}
{"time":"2018-01-03T11:07:13.1381487Z","host":"IE11WIN8_1","user":"S-1-5-18","message":"Process $1 (process ID:$2) reset policy scheme from $3 to $4","severity":3,"sequence":"515","source":"eventlog","category":"System","service":"Microsoft-Windows-UserModePowerService","fields":{"Channel":"System","Computer":"IE11WIN8_1","EventID":"12","EventRecordID":"515","Keywords":"4611686018427387904","Level":"4","NewSchemeGuid":"381B4222-F694-41F0-9685-FF5BB260DF2E","OldSchemeGuid":"381B4222-F694-41F0-9685-FF5BB260DF2E","Opcode":"0","ProcessID":"592","ProcessPath":"C:\\Windows\\WinSxS\\amd64_microsoft-windows-servicingstack_31bf3856ad364e35_6.3.9600.17031_none_fa50b3979b1bcb4a\\TiWorker.exe","ProcessPid":"908","ProviderGuid":"CE8DEE0B-D539-4000-B0F8-77BED049C590","ProviderName":"Microsoft-Windows-UserModePowerService","Task":"10","ThreadID":"836","TimeCreated":"2018-01-03T11:07:13.138148784Z","UserID":"S-1-5-18","Version":"0"}}
{"time":"2018-01-03T11:07:13.5752738Z","host":"IE11WIN8_1","message":"Reservation for namespace identified by URL prefix $2 was successfully deleted","severity":3,"sequence":"517","source":"eventlog","category":"System","service":"Microsoft-Windows-HttpEvent","fields":{"Channel":"System","Computer":"IE11WIN8_1","DeviceObject":"\\Device\\Http\\ReqQueue","EventIDQualifiers":"16384","EventIDValue":"15008","EventRecordID":"517","Keywords":"36028797018963968","Level":"4","Opcode":"0","ProcessID":"4","ProviderEventSourceName":"HTTP","ProviderGuid":"{7b6bc78c-898b-4170-bbf8-1a469ea43fc5}","ProviderName":"Microsoft-Windows-HttpEvent","Task":"0","ThreadID":"256","TimeCreated":"2018-01-03T11:07:13.575273513Z","Url":"https://+:443/C574AC30-5794-4AEE-B1BB-6651C5315029/","Version":"0"}}
{"time":"2018-01-03T11:07:13.5752738Z","host":"IE11WIN8_1","message":"Reservation for namespace identified by URL prefix $2 was successfully deleted","severity":3,"sequence":"516","source":"eventlog","category":"System","service":"Microsoft-Windows-HttpEvent","fields":{"Channel":"System","Computer":"IE11WIN8_1","DeviceObject":"\\Device\\Http\\ReqQueue","EventIDQualifiers":"16384","EventIDValue":"15008","EventRecordID":"516","Keywords":"36028797018963968","Level":"4","Opcode":"0","ProcessID":"4","ProviderEventSourceName":"HTTP","ProviderGuid":"{7b6bc78c-898b-4170-bbf8-1a469ea43fc5}","ProviderName":"Microsoft-Windows-HttpEvent","Task":"0","ThreadID":"256","TimeCreated":"2018-01-03T11:07:13.575273513Z","Url":"http://+:80/0131501b-d67f-491b-9a40-c4bf27bcb4d4/","Version":"0"}}
{"time":"2018-01-03T11:07:13.5752738Z","host":"IE11WIN8_1","message":"Reservation for namespace identified by URL prefix $2 was successfully deleted","severity":3,"sequence":"518","source":"eventlog","category":"System","service":"Microsoft-Windows-HttpEvent","fields":{"Channel":"System","Computer":"IE11WIN8_1","DeviceObject":"\\Device\\Http\\ReqQueue","EventIDQualifiers":"16384","EventIDValue":"15008","EventRecordID":"518","Keywords":"36028797018963968","Level":"4","Opcode":"0","ProcessID":"4","ProviderEventSourceName":"HTTP","ProviderGuid":"{7b6bc78c-898b-4170-bbf8-1a469ea43fc5}","ProviderName":"Microsoft-Windows-HttpEvent","Task":"0","ThreadID":"256","TimeCreated":"2018-01-03T11:07:13.575273513Z","Url":"http://+:80/116B50EB-ECE2-41ac-8429-9F9E963361B7/","Version":"0"}}
{"time":"2018-01-03T11:07:14.2792403Z","host":"IE11WIN8_1","message":"Reservation for namespace identified by URL prefix $2 was successfully deleted","severity":3,"sequence":"519","source":"eventlog","category":"System","service":"Microsoft-Windows-HttpEvent","fields":{"Channel":"System","Computer":"IE11WIN8_1","DeviceObject":"\\Device\\Http\\ReqQueue","EventIDQualifiers":"16384","EventIDValue":"15008","EventRecordID":"519","Keywords":"36028797018963968","Level":"4","Opcode":"0","ProcessID":"4","ProviderEventSourceName":"HTTP","ProviderGuid":"{7b6bc78c-898b-4170-bbf8-1a469ea43fc5}","ProviderName":"Microsoft-Windows-HttpEvent","Task":"0","ThreadID":"32","TimeCreated":"2018-01-03T11:07:14.279239892Z","Url":"https://+:443/sra_{BA195980-CD49-458b-9E23-C84EE0ADCD75}/","Version":"0"}}
{"time":"2018-01-03T11:07:15.3882844Z","host":"IE11WIN8_1","message":"Reservation for namespace identified by URL prefix $2 was successfully deleted","severity":3,"sequence":"521","source":"eventlog","category":"System","service":"Microsoft-Windows-HttpEvent","fields":{"Channel":"System","Computer":"IE11WIN8_1","DeviceObject":"\\Device\\Http\\ReqQueue","EventIDQualifiers":"16384","EventIDValue":"15008","EventRecordID":"521","Keywords":"36028797018963968","Level":"4","Opcode":"0","ProcessID":"4","ProviderEventSourceName":"HTTP","ProviderGuid":"{7b6bc78c-898b-4170-bbf8-1a469ea43fc5}","ProviderName":"Microsoft-Windows-HttpEvent","Task":"0","ThreadID":"256","TimeCreated":"2018-01-03T11:07:15.388284683Z","Url":"https://*:5358/","Version":"0"}}
{"time":"2018-01-03T11:07:15.3882844Z","host":"IE11WIN8_1","message":"Reservation for namespace identified by URL prefix $2 was successfully deleted","severity":3,"sequence":"520","source":"eventlog","category":"System","service":"Microsoft-Windows-HttpEvent","fields":{"Channel":"System","Computer":"IE11WIN8_1","DeviceObject":"\\Device\\Http\\ReqQueue","EventIDQualifiers":"16384","EventIDValue":"15008","EventRecordID":"520","Keywords":"36028797018963968","Level":"4","Opcode":"0","ProcessID":"4","ProviderEventSourceName":"HTTP","ProviderGuid":"{7b6bc78c-898b-4170-bbf8-1a469ea43fc5}","ProviderName":"Microsoft-Windows-HttpEvent","Task":"0","ThreadID":"256","TimeCreated":"2018-01-03T11:07:15.388284683Z","Url":"http://*:5357/","Version":"0"}}
{"time":"2018-01-03T11:07:18.8255167Z","host":"IE11WIN8_1","message":"Reservation for namespace identified by URL prefix $2 was successfully deleted","severity":3,"sequence":"522","source":"eventlog","category":"System","service":"Microsoft-Windows-HttpEvent","fields":{"Channel":"System","Computer":"IE11WIN8_1","DeviceObject":"\\Device\\Http\\ReqQueue","EventIDQualifiers":"16384","EventIDValue":"15008","EventRecordID":"522","Keywords":"36028797018963968","Level":"4","Opcode":"0","ProcessID":"4","ProviderEventSourceName":"HTTP","ProviderGuid":"{7b6bc78c-898b-4170-bbf8-1a469ea43fc5}","ProviderName":"Microsoft-Windows-HttpEvent","Task":"0","ThreadID":"268","TimeCreated":"2018-01-03T11:07:18.8255167Z","Url":"http://*:2869/","Version":"0"}}
{"time":"2018-01-03T11:07:29.6541011Z","host":"IE11WIN8_1","user":"S-1-5-19","message":"The event logging service encountered an error ($1) while enabling publisher $3 to channel $2","severity":8,"sequence":"523","source":"eventlog","category":"System","service":"Microsoft-Windows-Eventlog","fields":{"Channel":"System","Computer":"IE11WIN8_1","ErrorCode":"5","EventID":"30","EventRecordID":"523","InitChannelPublisherEnableFailureChannelPath":"Microsoft-Windows-Kernel-ShimEngine/Operational","InitChannelPublisherEnableFailurePublisherGuid":"0BF2FB94-7B60-4B4D-9766-E82F658DF540","Keywords":"9223372036854906880","Level":"2","Opcode":"0","ProcessID":"700","ProviderGuid":"FC65DDD8-D6EF-4962-83D5-6E5CFE9CE148","ProviderName":"Microsoft-Windows-Eventlog","Task":"100","ThreadID":"716","TimeCreated":"2018-01-03T11:07:29.654100894Z","UserID":"S-1-5-19","Version":"0"}}
{"time":"2018-01-03T11:07:31.9972078Z","host":"IE11WIN8_1","user":"S-1-5-19","message":"The event logging service encountered an error ($1) while enabling publisher $3 to channel $2","severity":8,"sequence":"524","source":"eventlog","category":"System","service":"Microsoft-Windows-Eventlog","fields":{"Channel":"System","Computer":"IE11WIN8_1","ErrorCode":"5","EventID":"30","EventRecordID":"524","InitChannelPublisherEnableFailureChannelPath":"Microsoft-Windows-Kernel-ShimEngine/Operational","InitChannelPublisherEnableFailurePublisherGuid":"0BF2FB94-7B60-4B4D-9766-E82F658DF540","Keywords":"9223372036854906880","Level":"2","Opcode":"0","ProcessID":"700","ProviderGuid":"FC65DDD8-D6EF-4962-83D5-6E5CFE9CE148","ProviderName":"Microsoft-Windows-Eventlog","Task":"100","ThreadID":"716","TimeCreated":"2018-01-03T11:07:31.997208118Z","UserID":"S-1-5-19","Version":"0"}}
{"time":"2018-01-03T11:07:33.2471871Z","host":"IE11WIN8_1","message":"Reservation for namespace identified by URL prefix $2 was successfully added","severity":3,"sequence":"525","source":"eventlog","category":"System","service":"Microsoft-Windows-HttpEvent","fields":{"Channel":"System","Computer":"IE11WIN8_1","DeviceObject":"\\Device\\Http\\ReqQueue","EventIDQualifiers":"16384","EventIDValue":"15007","EventRecordID":"525","Keywords":"36028797018963968","Level":"4","Opcode":"0","ProcessID":"4","ProviderEventSourceName":"HTTP","ProviderGuid":"{7b6bc78c-898b-4170-bbf8-1a469ea43fc5}","ProviderName":"Microsoft-Windows-HttpEvent","Task":"0","ThreadID":"32","TimeCreated":"2018-01-03T11:07:33.247187137Z","Url":"http://*:2869/","Version":"0"}}
{"time":"2018-01-03T11:07:37.9665425Z","host":"IE11WIN8_1","message":"Reservation for namespace identified by URL prefix $2 was successfully added","severity":3,"sequence":"527","source":"eventlog","category":"System","service":"Microsoft-Windows-HttpEvent","fields":{"Channel":"System","Computer":"IE11WIN8_1","DeviceObject":"\\Device\\Http\\ReqQueue","EventIDQualifiers":"16384","EventIDValue":"15007","EventRecordID":"527","Keywords":"36028797018963968","Level":"4","Opcode":"0","ProcessID":"4","ProviderEventSourceName":"HTTP","ProviderGuid":"{7b6bc78c-898b-4170-bbf8-1a469ea43fc5}","ProviderName":"Microsoft-Windows-HttpEvent","Task":"0","ThreadID":"268","TimeCreated":"2018-01-03T11:07:37.966542482Z","Url":"https://*:5358/","Version":"0"}}
{"time":"2018-01-03T11:07:37.9665425Z","host":"IE11WIN8_1","message":"Reservation for namespace identified by URL prefix $2 was successfully added","severity":3,"sequence":"526","source":"eventlog","category":"System","service":"Microsoft-Windows-HttpEvent","fields":{"Channel":"System","Computer":"IE11WIN8_1","DeviceObject":"\\Device\\Http\\ReqQueue","EventIDQualifiers":"16384","EventIDValue":"15007","EventRecordID":"526","Keywords":"36028797018963968","Level":"4","Opcode":"0","ProcessID":"4","ProviderEventSourceName":"HTTP","ProviderGuid":"{7b6bc78c-898b-4170-bbf8-1a469ea43fc5}","ProviderName":"Microsoft-Windows-HttpEvent","Task":"0","ThreadID":"268","TimeCreated":"2018-01-03T11:07:37.966542482Z","Url":"http://*:5357/","Version":"0"}}
