{"time":"2018-01-03T06:57:27.6552206Z","host":"IE11WIN8_1","user":"S-1-5-18","message":"The start type of the Windows Modules Installer service was changed from demand start to auto start","severity":3,"sequence":"353","source":"eventlog","category":"System","service":"Service Control Manager","fields":{"Channel":"System","Computer":"IE11WIN8_1","EventIDQualifiers":"16384","EventIDValue":"7040","EventRecordID":"353","Keywords":"9259400833873739776","Level":"4","Opcode":"0","ProcessID":"468","ProviderEventSourceName":"Service Control Manager","ProviderGuid":"{555908d1-a6d7-4695-8e1e-26931d2012f4}","ProviderName":"Service Control Manager","Task":"0","ThreadID":"1968","TimeCreated":"2018-01-03T06:57:27.655220746Z","UserID":"S-1-5-18","Version":"0","param1":"Windows Modules Installer","param2":"demand start","param3":"auto start","param4":"TrustedInstaller"}}
{"time":"2018-01-03T06:57:27.8898345Z","host":"IE11WIN8_1","user":"S-1-5-18","message":"The start type of the Windows Modules Installer service was changed from auto start to demand start","severity":3,"sequence":"354","source":"eventlog","category":"System","service":"Service Control Manager","fields":{"Channel":"System","Computer":"IE11WIN8_1","EventIDQualifiers":"16384","EventIDValue":"7040","EventRecordID":"354","Keywords":"9259400833873739776","Level":"4","Opcode":"0","ProcessID":"468","ProviderEventSourceName":"Service Control Manager","ProviderGuid":"{555908d1-a6d7-4695-8e1e-26931d2012f4}","ProviderName":"Service Control Manager","Task":"0","ThreadID":"1968","TimeCreated":"2018-01-03T06:57:27.889835119Z","UserID":"S-1-5-18","Version":"0","param1":"Windows Modules Installer","param2":"auto start","param3":"demand start","param4":"TrustedInstaller"}}
{"time":"2018-01-03T06:57:29.4209168Z","host":"IE11WIN8_1","user":"S-1-5-18","message":"The start type of the Windows Modules Installer service was changed from demand start to auto start","severity":3,"sequence":"355","source":"eventlog","category":"System","service":"Service Control Manager","fields":{"Channel":"System","Computer":"IE11WIN8_1","EventIDQualifiers":"16384","EventIDValue":"7040","EventRecordID":"355","Keywords":"9259400833873739776","Level":"4","Opcode":"0","ProcessID":"468","ProviderEventSourceName":"Service Control Manager","ProviderGuid":"{555908d1-a6d7-4695-8e1e-26931d2012f4}","ProviderName":"Service Control Manager","Task":"0","ThreadID":"1968","TimeCreated":"2018-01-03T06:57:29.420916795Z","UserID":"S-1-5-18","Version":"0","param1":"Windows Modules Installer","param2":"demand start","param3":"auto start","param4":"TrustedInstaller"}}
{"time":"2018-01-03T06:57:30.1089903Z","host":"IE11WIN8_1","user":"S-1-5-18","message":"The start type of the Windows Modules Installer service was changed from auto start to demand start","severity":3,"sequence":"356","source":"eventlog","category":"System","service":"Service Control Manager","fields":{"Channel":"System","Computer":"IE11WIN8_1","EventIDQualifiers":"16384","EventIDValue":"7040","EventRecordID":"356","Keywords":"9259400833873739776","Level":"4","Opcode":"0","ProcessID":"468","ProviderEventSourceName":"Service Control Manager","ProviderGuid":"{555908d1-a6d7-4695-8e1e-26931d2012f4}","ProviderName":"Service Control Manager","Task":"0","ThreadID":"1968","TimeCreated":"2018-01-03T06:57:30.10899043Z","UserID":"S-1-5-18","Version":"0","param1":"Windows Modules Installer","param2":"auto start","param3":"demand start","param4":"TrustedInstaller"}}
{"time":"2018-01-03T06:57:32.8583185Z","host":"IE11WIN8_1","user":"S-1-5-18","message":"The start type of the Windows Modules Installer service was changed from demand start to auto start","severity":3,"sequence":"357","source":"eventlog","category":"System","service":"Service Control Manager","fields":{"Channel":"System","Computer":"IE11WIN8_1","EventIDQualifiers":"16384","EventIDValue":"7040","EventRecordID":"357","Keywords":"9259400833873739776","Level":"4","Opcode":"0","ProcessID":"468","ProviderEventSourceName":"Service Control Manager","ProviderGuid":"{555908d1-a6d7-4695-8e1e-26931d2012f4}","ProviderName":"Service Control Manager","Task":"0","ThreadID":"1968","TimeCreated":"2018-01-03T06:57:32.858318328Z","UserID":"S-1-5-18","Version":"0","param1":"Windows Modules Installer","param2":"demand start","param3":"auto start","param4":"TrustedInstaller"}}
{"time":"2018-01-03T06:57:33.0770991Z","host":"IE11WIN8_1","user":"S-1-5-18","message":"The start type of the Windows Modules Installer service was changed from auto start to demand start","severity":3,"sequence":"358","source":"eventlog","category":"System","service":"Service Control Manager","fields":{"Channel":"System","Computer":"IE11WIN8_1","EventIDQualifiers":"16384","EventIDValue":"7040","EventRecordID":"358","Keywords":"9259400833873739776","Level":"4","Opcode":"0","ProcessID":"468","ProviderEventSourceName":"Service Control Manager","ProviderGuid":"{555908d1-a6d7-4695-8e1e-26931d2012f4}","ProviderName":"Service Control Manager","Task":"0","ThreadID":"1968","TimeCreated":"2018-01-03T06:57:33.077099084Z","UserID":"S-1-5-18","Version":"0","param1":"Windows Modules Installer","param2":"auto start","param3":"demand start","param4":"TrustedInstaller"}}
{"time":"2018-01-03T06:57:34.5622107Z","host":"IE11WIN8_1","user":"S-1-5-18","message":"The start type of the Windows Modules Installer service was changed from demand start to auto start","severity":3,"sequence":"359","source":"eventlog","category":"System","service":"Service Control Manager","fields":{"Channel":"System","Computer":"IE11WIN8_1","EventIDQualifiers":"16384","EventIDValue":"7040","EventRecordID":"359","Keywords":"9259400833873739776","Level":"4","Opcode":"0","ProcessID":"468","ProviderEventSourceName":"Service Control Manager","ProviderGuid":"{555908d1-a6d7-4695-8e1e-26931d2012f4}","ProviderName":"Service Control Manager","Task":"0","ThreadID":"1968","TimeCreated":"2018-01-03T06:57:34.562211275Z","UserID":"S-1-5-18","Version":"0","param1":"Windows Modules Installer","param2":"demand start","param3":"auto start","param4":"TrustedInstaller"}}
{"time":"2018-01-03T06:57:35.1242363Z","host":"IE11WIN8_1","user":"S-1-5-18","message":"The start type of the Windows Modules Installer service was changed from auto start to demand start","severity":3,"sequence":"360","source":"eventlog","category":"System","service":"Service Control Manager","fields":{"Channel":"System","Computer":"IE11WIN8_1","EventIDQualifiers":"16384","EventIDValue":"7040","EventRecordID":"360","Keywords":"9259400833873739776","Level":"4","Opcode":"0","ProcessID":"468","ProviderEventSourceName":"Service Control Manager","ProviderGuid":"{555908d1-a6d7-4695-8e1e-26931d2012f4}","ProviderName":"Service Control Manager","Task":"0","ThreadID":"1968","TimeCreated":"2018-01-03T06:57:35.124236822Z","UserID":"S-1-5-18","Version":"0","param1":"Windows Modules Installer","param2":"auto start","param3":"demand start","param4":"TrustedInstaller"}}
{"time":"2018-01-03T06:57:37.0147202Z","host":"IE11WIN8_1","user":"S-1-5-18","message":"The start type of the Windows Modules Installer service was changed from demand start to auto start","severity":3,"sequence":"361","source":"eventlog","category":"System","service":"Service Control Manager","fields":{"Channel":"System","Computer":"IE11WIN8_1","EventIDQualifiers":"16384","EventIDValue":"7040","EventRecordID":"361","Keywords":"9259400833873739776","Level":"4","Opcode":"0","ProcessID":"468","ProviderEventSourceName":"Service Control Manager","ProviderGuid":"{555908d1-a6d7-4695-8e1e-26931d2012f4}","ProviderName":"Service Control Manager","Task":"0","ThreadID":"1968","TimeCreated":"2018-01-03T06:57:37.014719963Z","UserID":"S-1-5-18","Version":"0","param1":"Windows Modules Installer","param2":"demand start","param3":"auto start","param4":"TrustedInstaller"}}
{"time":"2018-01-03T06:57:40.2959908Z","host":"IE11WIN8_1","user":"S-1-5-18","message":"The start type of the Windows Modules Installer service was changed from auto start to demand start","severity":3,"sequence":"362","source":"eventlog","category":"System","service":"Service Control Manager","fields":{"Channel":"System","Computer":"IE11WIN8_1","EventIDQualifiers":"16384","EventIDValue":"7040","EventRecordID":"362","Keywords":"9259400833873739776","Level":"4","Opcode":"0","ProcessID":"468","ProviderEventSourceName":"Service Control Manager","ProviderGuid":"{555908d1-a6d7-4695-8e1e-26931d2012f4}","ProviderName":"Service Control Manager","Task":"0","ThreadID":"1968","TimeCreated":"2018-01-03T06:57:40.295990467Z","UserID":"S-1-5-18","Version":"0","param1":"Windows Modules Installer","param2":"auto start","param3":"demand start","param4":"TrustedInstaller"}}
{"time":"2018-01-03T06:57:43.2804218Z","host":"IE11WIN8_1","user":"S-1-5-18","message":"The start type of the Windows Modules Installer service was changed from demand start to auto start","severity":3,"sequence":"363","source":"eventlog","category":"System","service":"Service Control Manager","fields":{"Channel":"System","Computer":"IE11WIN8_1","EventIDQualifiers":"16384","EventIDValue":"7040","EventRecordID":"363","Keywords":"9259400833873739776","Level":"4","Opcode":"0","ProcessID":"468","ProviderEventSourceName":"Service Control Manager","ProviderGuid":"{555908d1-a6d7-4695-8e1e-26931d2012f4}","ProviderName":"Service Control Manager","Task":"0","ThreadID":"1968","TimeCreated":"2018-01-03T06:57:43.280422449Z","UserID":"S-1-5-18","Version":"0","param1":"Windows Modules Installer","param2":"demand start","param3":"auto start","param4":"TrustedInstaller"}}
{"time":"2018-01-03T06:57:43.4367034Z","host":"IE11WIN8_1","user":"S-1-5-18","message":"The start type of the Windows Modules Installer service was changed from auto start to demand start","severity":3,"sequence":"364","source":"eventlog","category":"System","service":"Service Control Manager","fields":{"Channel":"System","Computer":"IE11WIN8_1","EventIDQualifiers":"16384","EventIDValue":"7040","EventRecordID":"364","Keywords":"9259400833873739776","Level":"4","Opcode":"0","ProcessID":"468","ProviderEventSourceName":"Service Control Manager","ProviderGuid":"{555908d1-a6d7-4695-8e1e-26931d2012f4}","ProviderName":"Service Control Manager","Task":"0","ThreadID":"1968","TimeCreated":"2018-01-03T06:57:43.43670392Z","UserID":"S-1-5-18","Version":"0","param1":"Windows Modules Installer","param2":"auto start","param3":"demand start","param4":"TrustedInstaller"}}
{"time":"2018-01-03T06:57:44.9523441Z","host":"IE11WIN8_1","user":"S-1-5-18","message":"The start type of the Windows Modules Installer service was changed from demand start to auto start","severity":3,"sequence":"365","source":"eventlog","category":"System","service":"Service Control Manager","fields":{"Channel":"System","Computer":"IE11WIN8_1","EventIDQualifiers":"16384","EventIDValue":"7040","EventRecordID":"365","Keywords":"9259400833873739776","Level":"4","Opcode":"0","ProcessID":"468","ProviderEventSourceName":"Service Control Manager","ProviderGuid":"{555908d1-a6d7-4695-8e1e-26931d2012f4}","ProviderName":"Service Control Manager","Task":"0","ThreadID":"1968","TimeCreated":"2018-01-03T06:57:44.95234394Z","UserID":"S-1-5-18","Version":"0","param1":"Windows Modules Installer","param2":"demand start","param3":"auto start","param4":"TrustedInstaller"}}
{"time":"2018-01-03T06:57:45.6708262Z","host":"IE11WIN8_1","user":"S-1-5-18","message":"The start type of the Windows Modules Installer service was changed from auto start to demand start","severity":3,"sequence":"366","source":"eventlog","category":"System","service":"Service Control Manager","fields":{"Channel":"System","Computer":"IE11WIN8_1","EventIDQualifiers":"16384","EventIDValue":"7040","EventRecordID":"366","Keywords":"9259400833873739776","Level":"4","Opcode":"0","ProcessID":"468","ProviderEventSourceName":"Service Control Manager","ProviderGuid":"{555908d1-a6d7-4695-8e1e-26931d2012f4}","ProviderName":"Service Control Manager","Task":"0","ThreadID":"1968","TimeCreated":"2018-01-03T06:57:45.670825481Z","UserID":"S-1-5-18","Version":"0","param1":"Windows Modules Installer","param2":"auto start","param3":"demand start","param4":"TrustedInstaller"}}
{"time":"2018-01-03T06:58:07.4837988Z","host":"IE11WIN8_1","user":"S-1-5-18","message":"The start type of the Windows Modules Installer service was changed from demand start to auto start","severity":3,"sequence":"367","source":"eventlog","category":"System","service":"Service Control Manager","fields":{"Channel":"System","Computer":"IE11WIN8_1","EventIDQualifiers":"16384","EventIDValue":"7040","EventRecordID":"367","Keywords":"9259400833873739776","Level":"4","Opcode":"0","ProcessID":"468","ProviderEventSourceName":"Service Control Manager","ProviderGuid":"{555908d1-a6d7-4695-8e1e-26931d2012f4}","ProviderName":"Service Control Manager","Task":"0","ThreadID":"1968","TimeCreated":"2018-01-03T06:58:07.483798503Z","UserID":"S-1-5-18","Version":"0","param1":"Windows Modules Installer","param2":"demand start","param3":"auto start","param4":"TrustedInstaller"}}
{"time":"2018-01-03T06:58:07.7020721Z","host":"IE11WIN8_1","user":"S-1-5-18","message":"The start type of the Windows Modules Installer service was changed from auto start to demand start","severity":3,"sequence":"368","source":"eventlog","category":"System","service":"Service Control Manager","fields":{"Channel":"System","Computer":"IE11WIN8_1","EventIDQualifiers":"16384","EventIDValue":"7040","EventRecordID":"368","Keywords":"9259400833873739776","Level":"4","Opcode":"0","ProcessID":"468","ProviderEventSourceName":"Service Control Manager","ProviderGuid":"{555908d1-a6d7-4695-8e1e-26931d2012f4}","ProviderName":"Service Control Manager","Task":"0","ThreadID":"1968","TimeCreated":"2018-01-03T06:58:07.702071905Z","UserID":"S-1-5-18","Version":"0","param1":"Windows Modules Installer","param2":"auto start","param3":"demand start","param4":"TrustedInstaller"}}
{"time":"2018-01-03T06:58:09.2651358Z","host":"IE11WIN8_1","user":"S-1-5-18","message":"The start type of the Windows Modules Installer service was changed from demand start to auto start","severity":3,"sequence":"369","source":"eventlog","category":"System","service":"Service Control Manager","fields":{"Channel":"System","Computer":"IE11WIN8_1","EventIDQualifiers":"16384","EventIDValue":"7040","EventRecordID":"369","Keywords":"9259400833873739776","Level":"4","Opcode":"0","ProcessID":"468","ProviderEventSourceName":"Service Control Manager","ProviderGuid":"{555908d1-a6d7-4695-8e1e-26931d2012f4}","ProviderName":"Service Control Manager","Task":"0","ThreadID":"1968","TimeCreated":"2018-01-03T06:58:09.265136003Z","UserID":"S-1-5-18","Version":"0","param1":"Windows Modules Installer","param2":"demand start","param3":"auto start","param4":"TrustedInstaller"}}
{"time":"2018-01-03T06:58:09.4052346Z","host":"IE11WIN8_1","user":"S-1-5-18","message":"The start type of the Windows Modules Installer service was changed from auto start to demand start","severity":3,"sequence":"370","source":"eventlog","category":"System","service":"Service Control Manager","fields":{"Channel":"System","Computer":"IE11WIN8_1","EventIDQualifiers":"16384","EventIDValue":"7040","EventRecordID":"370","Keywords":"9259400833873739776","Level":"4","Opcode":"0","ProcessID":"468","ProviderEventSourceName":"Service Control Manager","ProviderGuid":"{555908d1-a6d7-4695-8e1e-26931d2012f4}","ProviderName":"Service Control Manager","Task":"0","ThreadID":"1968","TimeCreated":"2018-01-03T06:58:09.40523529Z","UserID":"S-1-5-18","Version":"0","param1":"Windows Modules Installer","param2":"auto start","param3":"demand start","param4":"TrustedInstaller"}}
{"time":"2018-01-03T06:58:10.8270717Z","host":"IE11WIN8_1","user":"S-1-5-18","message":"The start type of the Windows Modules Installer service was changed from demand start to auto start","severity":3,"sequence":"371","source":"eventlog","category":"System","service":"Service Control Manager","fields":{"Channel":"System","Computer":"IE11WIN8_1","EventIDQualifiers":"16384","EventIDValue":"7040","EventRecordID":"371","Keywords":"9259400833873739776","Level":"4","Opcode":"0","ProcessID":"468","ProviderEventSourceName":"Service Control Manager","ProviderGuid":"{555908d1-a6d7-4695-8e1e-26931d2012f4}","ProviderName":"Service Control Manager","Task":"0","ThreadID":"1968","TimeCreated":"2018-01-03T06:58:10.827071905Z","UserID":"S-1-5-18","Version":"0","param1":"Windows Modules Installer","param2":"demand start","param3":"auto start","param4":"TrustedInstaller"}}
{"time":"2018-01-03T06:58:11.0462471Z","host":"IE11WIN8_1","user":"S-1-5-18","message":"The start type of the Windows Modules Installer service was changed from auto start to demand start","severity":3,"sequence":"372","source":"eventlog","category":"System","service":"Service Control Manager","fields":{"Channel":"System","Computer":"IE11WIN8_1","EventIDQualifiers":"16384","EventIDValue":"7040","EventRecordID":"372","Keywords":"9259400833873739776","Level":"4","Opcode":"0","ProcessID":"468","ProviderEventSourceName":"Service Control Manager","ProviderGuid":"{555908d1-a6d7-4695-8e1e-26931d2012f4}","ProviderName":"Service Control Manager","Task":"0","ThreadID":"1968","TimeCreated":"2018-01-03T06:58:11.04624629Z","UserID":"S-1-5-18","Version":"0","param1":"Windows Modules Installer","param2":"auto start","param3":"demand start","param4":"TrustedInstaller"}}
{"time":"2018-01-03T06:58:12.6083317Z","host":"IE11WIN8_1","user":"S-1-5-18","message":"The start type of the Windows Modules Installer service was changed from demand start to auto start","severity":3,"sequence":"373","source":"eventlog","category":"System","service":"Service Control Manager","fields":{"Channel":"System","Computer":"IE11WIN8_1","EventIDQualifiers":"16384","EventIDValue":"7040","EventRecordID":"373","Keywords":"9259400833873739776","Level":"4","Opcode":"0","ProcessID":"468","ProviderEventSourceName":"Service Control Manager","ProviderGuid":"{555908d1-a6d7-4695-8e1e-26931d2012f4}","ProviderName":"Service Control Manager","Task":"0","ThreadID":"1968","TimeCreated":"2018-01-03T06:58:12.608331203Z","UserID":"S-1-5-18","Version":"0","param1":"Windows Modules Installer","param2":"demand start","param3":"auto start","param4":"TrustedInstaller"}}
{"time":"2018-01-03T06:58:12.7653421Z","host":"IE11WIN8_1","user":"S-1-5-18","message":"The start type of the Windows Modules Installer service was changed from auto start to demand start","severity":3,"sequence":"374","source":"eventlog","category":"System","service":"Service Control Manager","fields":{"Channel":"System","Computer":"IE11WIN8_1","EventIDQualifiers":"16384","EventIDValue":"7040","EventRecordID":"374","Keywords":"9259400833873739776","Level":"4","Opcode":"0","ProcessID":"468","ProviderEventSourceName":"Service Control Manager","ProviderGuid":"{555908d1-a6d7-4695-8e1e-26931d2012f4}","ProviderName":"Service Control Manager","Task":"0","ThreadID":"1968","TimeCreated":"2018-01-03T06:58:12.765342473Z","UserID":"S-1-5-18","Version":"0","param1":"Windows Modules Installer","param2":"auto start","param3":"demand start","param4":"TrustedInstaller"}}
{"time":"2018-01-03T06:58:14.2334427Z","host":"IE11WIN8_1","user":"S-1-5-18","message":"The start type of the Windows Modules Installer service was changed from demand start to auto start","severity":3,"sequence":"375","source":"eventlog","category":"System","service":"Service Control Manager","fields":{"Channel":"System","Computer":"IE11WIN8_1","EventIDQualifiers":"16384","EventIDValue":"7040","EventRecordID":"375","Keywords":"9259400833873739776","Level":"4","Opcode":"0","ProcessID":"468","ProviderEventSourceName":"Service Control Manager","ProviderGuid":"{555908d1-a6d7-4695-8e1e-26931d2012f4}","ProviderName":"Service Control Manager","Task":"0","ThreadID":"1968","TimeCreated":"2018-01-03T06:58:14.23344326Z","UserID":"S-1-5-18","Version":"0","param1":"Windows Modules Installer","param2":"demand start","param3":"auto start","param4":"TrustedInstaller"}}
{"time":"2018-01-03T06:58:14.3584348Z","host":"IE11WIN8_1","user":"S-1-5-18","message":"The start type of the Windows Modules Installer service was changed from auto start to demand start","severity":3,"sequence":"376","source":"eventlog","category":"System","service":"Service Control Manager","fields":{"Channel":"System","Computer":"IE11WIN8_1","EventIDQualifiers":"16384","EventIDValue":"7040","EventRecordID":"376","Keywords":"9259400833873739776","Level":"4","Opcode":"0","ProcessID":"468","ProviderEventSourceName":"Service Control Manager","ProviderGuid":"{555908d1-a6d7-4695-8e1e-26931d2012f4}","ProviderName":"Service Control Manager","Task":"0","ThreadID":"1968","TimeCreated":"2018-01-03T06:58:14.358435153Z","UserID":"S-1-5-18","Version":"0","param1":"Windows Modules Installer","param2":"auto start","param3":"demand start","param4":"TrustedInstaller"}}
{"time":"2018-01-03T06:58:16.0615348Z","host":"IE11WIN8_1","user":"S-1-5-18","message":"The start type of the Windows Modules Installer service was changed from demand start to auto start","severity":3,"sequence":"377","source":"eventlog","category":"System","service":"Service Control Manager","fields":{"Channel":"System","Computer":"IE11WIN8_1","EventIDQualifiers":"16384","EventIDValue":"7040","EventRecordID":"377","Keywords":"9259400833873739776","Level":"4","Opcode":"0","ProcessID":"468","ProviderEventSourceName":"Service Control Manager","ProviderGuid":"{555908d1-a6d7-4695-8e1e-26931d2012f4}","ProviderName":"Service Control Manager","Task":"0","ThreadID":"1968","TimeCreated":"2018-01-03T06:58:16.061534404Z","UserID":"S-1-5-18","Version":"0","param1":"Windows Modules Installer","param2":"demand start","param3":"auto start","param4":"TrustedInstaller"}}
{"time":"2018-01-03T06:58:21.733566Z","host":"IE11WIN8_1","user":"S-1-5-18","message":"The start type of the Windows Modules Installer service was changed from auto start to demand start","severity":3,"sequence":"378","source":"eventlog","category":"System","service":"Service Control Manager","fields":{"Channel":"System","Computer":"IE11WIN8_1","EventIDQualifiers":"16384","EventIDValue":"7040","EventRecordID":"378","Keywords":"9259400833873739776","Level":"4","Opcode":"0","ProcessID":"468","ProviderEventSourceName":"Service Control Manager","ProviderGuid":"{555908d1-a6d7-4695-8e1e-26931d2012f4}","ProviderName":"Service Control Manager","Task":"0","ThreadID":"1968","TimeCreated":"2018-01-03T06:58:21.733566284Z","UserID":"S-1-5-18","Version":"0","param1":"Windows Modules Installer","param2":"auto start","param3":"demand start","param4":"TrustedInstaller"}}
{"time":"2018-01-03T06:58:26.421102Z","host":"IE11WIN8_1","user":"S-1-5-18","message":"The start type of the Windows Modules Installer service was changed from demand start to auto start","severity":3,"sequence":"379","source":"eventlog","category":"System","service":"Service Control Manager","fields":{"Channel":"System","Computer":"IE11WIN8_1","EventIDQualifiers":"16384","EventIDValue":"7040","EventRecordID":"379","Keywords":"9259400833873739776","Level":"4","Opcode":"0","ProcessID":"468","ProviderEventSourceName":"Service Control Manager","ProviderGuid":"{555908d1-a6d7-4695-8e1e-26931d2012f4}","ProviderName":"Service Control Manager","Task":"0","ThreadID":"1968","TimeCreated":"2018-01-03T06:58:26.421102285Z","UserID":"S-1-5-18","Version":"0","param1":"Windows Modules Installer","param2":"demand start","param3":"auto start","param4":"TrustedInstaller"}}
{"time":"2018-01-03T06:58:27.7181965Z","host":"IE11WIN8_1","user":"S-1-5-18","message":"The start type of the Windows Modules Installer service was changed from auto start to demand start","severity":3,"sequence":"380","source":"eventlog","category":"System","service":"Service Control Manager","fields":{"Channel":"System","Computer":"IE11WIN8_1","EventIDQualifiers":"16384","EventIDValue":"7040","EventRecordID":"380","Keywords":"9259400833873739776","Level":"4","Opcode":"0","ProcessID":"468","ProviderEventSourceName":"Service Control Manager","ProviderGuid":"{555908d1-a6d7-4695-8e1e-26931d2012f4}","ProviderName":"Service Control Manager","Task":"0","ThreadID":"1968","TimeCreated":"2018-01-03T06:58:27.718196868Z","UserID":"S-1-5-18","Version":"0","param1":"Windows Modules Installer","param2":"auto start","param3":"demand start","param4":"TrustedInstaller"}}
{"time":"2018-01-03T06:58:31.0147448Z","host":"IE11WIN8_1","user":"S-1-5-18","message":"The start type of the Windows Modules Installer service was changed from demand start to auto start","severity":3,"sequence":"381","source":"eventlog","category":"System","service":"Service Control Manager","fields":{"Channel":"System","Computer":"IE11WIN8_1","EventIDQualifiers":"16384","EventIDValue":"7040","EventRecordID":"381","Keywords":"9259400833873739776","Level":"4","Opcode":"0","ProcessID":"468","ProviderEventSourceName":"Service Control Manager","ProviderGuid":"{555908d1-a6d7-4695-8e1e-26931d2012f4}","ProviderName":"Service Control Manager","Task":"0","ThreadID":"1968","TimeCreated":"2018-01-03T06:58:31.014745712Z","UserID":"S-1-5-18","Version":"0","param1":"Windows Modules Installer","param2":"demand start","param3":"auto start","param4":"TrustedInstaller"}}
{"time":"2018-01-03T06:58:31.2183743Z","host":"IE11WIN8_1","user":"S-1-5-18","message":"The start type of the Windows Modules Installer service was changed from auto start to demand start","severity":3,"sequence":"382","source":"eventlog","category":"System","service":"Service Control Manager","fields":{"Channel":"System","Computer":"IE11WIN8_1","EventIDQualifiers":"16384","EventIDValue":"7040","EventRecordID":"382","Keywords":"9259400833873739776","Level":"4","Opcode":"0","ProcessID":"468","ProviderEventSourceName":"Service Control Manager","ProviderGuid":"{555908d1-a6d7-4695-8e1e-26931d2012f4}","ProviderName":"Service Control Manager","Task":"0","ThreadID":"1968","TimeCreated":"2018-01-03T06:58:31.21837449Z","UserID":"S-1-5-18","Version":"0","param1":"Windows Modules Installer","param2":"auto start","param3":"demand start","param4":"TrustedInstaller"}}
{"time":"2018-01-03T06:58:32.7649275Z","host":"IE11WIN8_1","user":"S-1-5-18","message":"The start type of the Windows Modules Installer service was changed from demand start to auto start","severity":3,"sequence":"383","source":"eventlog","category":"System","service":"Service Control Manager","fields":{"Channel":"System","Computer":"IE11WIN8_1","EventIDQualifiers":"16384","EventIDValue":"7040","EventRecordID":"383","Keywords":"9259400833873739776","Level":"4","Opcode":"0","ProcessID":"468","ProviderEventSourceName":"Service Control Manager","ProviderGuid":"{555908d1-a6d7-4695-8e1e-26931d2012f4}","ProviderName":"Service Control Manager","Task":"0","ThreadID":"1968","TimeCreated":"2018-01-03T06:58:32.764928102Z","UserID":"S-1-5-18","Version":"0","param1":"Windows Modules Installer","param2":"demand start","param3":"auto start","param4":"TrustedInstaller"}}
{"time":"2018-01-03T06:58:34.733623Z","host":"IE11WIN8_1","user":"S-1-5-18","message":"The start type of the Windows Modules Installer service was changed from auto start to demand start","severity":3,"sequence":"384","source":"eventlog","category":"System","service":"Service Control Manager","fields":{"Channel":"System","Computer":"IE11WIN8_1","EventIDQualifiers":"16384","EventIDValue":"7040","EventRecordID":"384","Keywords":"9259400833873739776","Level":"4","Opcode":"0","ProcessID":"468","ProviderEventSourceName":"Service Control Manager","ProviderGuid":"{555908d1-a6d7-4695-8e1e-26931d2012f4}","ProviderName":"Service Control Manager","Task":"0","ThreadID":"1968","TimeCreated":"2018-01-03T06:58:34.733622312Z","UserID":"S-1-5-18","Version":"0","param1":"Windows Modules Installer","param2":"auto start","param3":"demand start","param4":"TrustedInstaller"}}
{"time":"2018-01-03T06:58:37.9525226Z","host":"IE11WIN8_1","user":"S-1-5-18","message":"The start type of the Windows Modules Installer service was changed from demand start to auto start","severity":3,"sequence":"385","source":"eventlog","category":"System","service":"Service Control Manager","fields":{"Channel":"System","Computer":"IE11WIN8_1","EventIDQualifiers":"16384","EventIDValue":"7040","EventRecordID":"385","Keywords":"9259400833873739776","Level":"4","Opcode":"0","ProcessID":"468","ProviderEventSourceName":"Service Control Manager","ProviderGuid":"{555908d1-a6d7-4695-8e1e-26931d2012f4}","ProviderName":"Service Control Manager","Task":"0","ThreadID":"1968","TimeCreated":"2018-01-03T06:58:37.952523231Z","UserID":"S-1-5-18","Version":"0","param1":"Windows Modules Installer","param2":"demand start","param3":"auto start","param4":"TrustedInstaller"}}
{"time":"2018-01-03T06:58:40.1398771Z","host":"IE11WIN8_1","user":"S-1-5-18","message":"The start type of the Windows Modules Installer service was changed from auto start to demand start","severity":3,"sequence":"386","source":"eventlog","category":"System","service":"Service Control Manager","fields":{"Channel":"System","Computer":"IE11WIN8_1","EventIDQualifiers":"16384","EventIDValue":"7040","EventRecordID":"386","Keywords":"9259400833873739776","Level":"4","Opcode":"0","ProcessID":"468","ProviderEventSourceName":"Service Control Manager","ProviderGuid":"{555908d1-a6d7-4695-8e1e-26931d2012f4}","ProviderName":"Service Control Manager","Task":"0","ThreadID":"1968","TimeCreated":"2018-01-03T06:58:40.139876842Z","UserID":"S-1-5-18","Version":"0","param1":"Windows Modules Installer","param2":"auto start","param3":"demand start","param4":"TrustedInstaller"}}
{"time":"2018-01-03T06:58:43.6709097Z","host":"IE11WIN8_1","user":"S-1-5-18","message":"The start type of the Windows Modules Installer service was changed from demand start to auto start","severity":3,"sequence":"387","source":"eventlog","category":"System","service":"Service Control Manager","fields":{"Channel":"System","Computer":"IE11WIN8_1","EventIDQualifiers":"16384","EventIDValue":"7040","EventRecordID":"387","Keywords":"9259400833873739776","Level":"4","Opcode":"0","ProcessID":"468","ProviderEventSourceName":"Service Control Manager","ProviderGuid":"{555908d1-a6d7-4695-8e1e-26931d2012f4}","ProviderName":"Service Control Manager","Task":"0","ThreadID":"1968","TimeCreated":"2018-01-03T06:58:43.670910358Z","UserID":"S-1-5-18","Version":"0","param1":"Windows Modules Installer","param2":"demand start","param3":"auto start","param4":"TrustedInstaller"}}
{"time":"2018-01-03T06:58:50.2494629Z","host":"IE11WIN8_1","user":"S-1-5-18","message":"The start type of the Windows Modules Installer service was changed from auto start to demand start","severity":3,"sequence":"388","source":"eventlog","category":"System","service":"Service Control Manager","fields":{"Channel":"System","Computer":"IE11WIN8_1","EventIDQualifiers":"16384","EventIDValue":"7040","EventRecordID":"388","Keywords":"9259400833873739776","Level":"4","Opcode":"0","ProcessID":"468","ProviderEventSourceName":"Service Control Manager","ProviderGuid":"{555908d1-a6d7-4695-8e1e-26931d2012f4}","ProviderName":"Service Control Manager","Task":"0","ThreadID":"1968","TimeCreated":"2018-01-03T06:58:50.249462366Z","UserID":"S-1-5-18","Version":"0","param1":"Windows Modules Installer","param2":"auto start","param3":"demand start","param4":"TrustedInstaller"}}
{"time":"2018-01-03T06:58:57.7647099Z","host":"IE11WIN8_1","user":"S-1-5-18","message":"The start type of the Windows Modules Installer service was changed from demand start to auto start","severity":3,"sequence":"389","source":"eventlog","category":"System","service":"Service Control Manager","fields":{"Channel":"System","Computer":"IE11WIN8_1","EventIDQualifiers":"16384","EventIDValue":"7040","EventRecordID":"389","Keywords":"9259400833873739776","Level":"4","Opcode":"0","ProcessID":"468","ProviderEventSourceName":"Service Control Manager","ProviderGuid":"{555908d1-a6d7-4695-8e1e-26931d2012f4}","ProviderName":"Service Control Manager","Task":"0","ThreadID":"1968","TimeCreated":"2018-01-03T06:58:57.764710426Z","UserID":"S-1-5-18","Version":"0","param1":"Windows Modules Installer","param2":"demand start","param3":"auto start","param4":"TrustedInstaller"}}
{"time":"2018-01-03T06:58:57.9365136Z","host":"IE11WIN8_1","user":"S-1-5-18","message":"The start type of the Windows Modules Installer service was changed from auto start to demand start","severity":3,"sequence":"390","source":"eventlog","category":"System","service":"Service Control Manager","fields":{"Channel":"System","Computer":"IE11WIN8_1","EventIDQualifiers":"16384","EventIDValue":"7040","EventRecordID":"390","Keywords":"9259400833873739776","Level":"4","Opcode":"0","ProcessID":"468","ProviderEventSourceName":"Service Control Manager","ProviderGuid":"{555908d1-a6d7-4695-8e1e-26931d2012f4}","ProviderName":"Service Control Manager","Task":"0","ThreadID":"1968","TimeCreated":"2018-01-03T06:58:57.936513662Z","UserID":"S-1-5-18","Version":"0","param1":"Windows Modules Installer","param2":"auto start","param3":"demand start","param4":"TrustedInstaller"}}
{"time":"2018-01-03T06:58:59.4521266Z","host":"IE11WIN8_1","user":"S-1-5-18","message":"The start type of the Windows Modules Installer service was changed from demand start to auto start","severity":3,"sequence":"391","source":"eventlog","category":"System","service":"Service Control Manager","fields":{"Channel":"System","Computer":"IE11WIN8_1","EventIDQualifiers":"16384","EventIDValue":"7040","EventRecordID":"391","Keywords":"9259400833873739776","Level":"4","Opcode":"0","ProcessID":"468","ProviderEventSourceName":"Service Control Manager","ProviderGuid":"{555908d1-a6d7-4695-8e1e-26931d2012f4}","ProviderName":"Service Control Manager","Task":"0","ThreadID":"1968","TimeCreated":"2018-01-03T06:58:59.452126502Z","UserID":"S-1-5-18","Version":"0","param1":"Windows Modules Installer","param2":"demand start","param3":"auto start","param4":"TrustedInstaller"}}
{"time":"2018-01-03T06:58:59.7179621Z","host":"IE11WIN8_1","user":"S-1-5-18","message":"The start type of the Windows Modules Installer service was changed from auto start to demand start","severity":3,"sequence":"392","source":"eventlog","category":"System","service":"Service Control Manager","fields":{"Channel":"System","Computer":"IE11WIN8_1","EventIDQualifiers":"16384","EventIDValue":"7040","EventRecordID":"392","Keywords":"9259400833873739776","Level":"4","Opcode":"0","ProcessID":"468","ProviderEventSourceName":"Service Control Manager","ProviderGuid":"{555908d1-a6d7-4695-8e1e-26931d2012f4}","ProviderName":"Service Control Manager","Task":"0","ThreadID":"1968","TimeCreated":"2018-01-03T06:58:59.717961549Z","UserID":"S-1-5-18","Version":"0","param1":"Windows Modules Installer","param2":"auto start","param3":"demand start","param4":"TrustedInstaller"}}
{"time":"2018-01-03T06:59:01.4364581Z","host":"IE11WIN8_1","user":"S-1-5-18","message":"The start type of the Windows Modules Installer service was changed from demand start to auto start","severity":3,"sequence":"393","source":"eventlog","category":"System","service":"Service Control Manager","fields":{"Channel":"System","Computer":"IE11WIN8_1","EventIDQualifiers":"16384","EventIDValue":"7040","EventRecordID":"393","Keywords":"9259400833873739776","Level":"4","Opcode":"0","ProcessID":"468","ProviderEventSourceName":"Service Control Manager","ProviderGuid":"{555908d1-a6d7-4695-8e1e-26931d2012f4}","ProviderName":"Service Control Manager","Task":"0","ThreadID":"1968","TimeCreated":"2018-01-03T06:59:01.436457633Z","UserID":"S-1-5-18","Version":"0","param1":"Windows Modules Installer","param2":"demand start","param3":"auto start","param4":"TrustedInstaller"}}
{"time":"2018-01-03T06:59:01.5458388Z","host":"IE11WIN8_1","user":"S-1-5-18","message":"The start type of the Windows Modules Installer service was changed from auto start to demand start","severity":3,"sequence":"394","source":"eventlog","category":"System","service":"Service Control Manager","fields":{"Channel":"System","Computer":"IE11WIN8_1","EventIDQualifiers":"16384","EventIDValue":"7040","EventRecordID":"394","Keywords":"9259400833873739776","Level":"4","Opcode":"0","ProcessID":"468","ProviderEventSourceName":"Service Control Manager","ProviderGuid":"{555908d1-a6d7-4695-8e1e-26931d2012f4}","ProviderName":"Service Control Manager","Task":"0","ThreadID":"1968","TimeCreated":"2018-01-03T06:59:01.545838356Z","UserID":"S-1-5-18","Version":"0","param1":"Windows Modules Installer","param2":"auto start","param3":"demand start","param4":"TrustedInstaller"}}
{"time":"2018-01-03T06:59:02.9681514Z","host":"IE11WIN8_1","user":"S-1-5-18","message":"The start type of the Windows Modules Installer service was changed from demand start to auto start","severity":3,"sequence":"395","source":"eventlog","category":"System","service":"Service Control Manager","fields":{"Channel":"System","Computer":"IE11WIN8_1","EventIDQualifiers":"16384","EventIDValue":"7040","EventRecordID":"395","Keywords":"9259400833873739776","Level":"4","Opcode":"0","ProcessID":"468","ProviderEventSourceName":"Service Control Manager","ProviderGuid":"{555908d1-a6d7-4695-8e1e-26931d2012f4}","ProviderName":"Service Control Manager","Task":"0","ThreadID":"1968","TimeCreated":"2018-01-03T06:59:02.968152046Z","UserID":"S-1-5-18","Version":"0","param1":"Windows Modules Installer","param2":"demand start","param3":"auto start","param4":"TrustedInstaller"}}
{"time":"2018-01-03T06:59:03.6241879Z","host":"IE11WIN8_1","user":"S-1-5-18","message":"The start type of the Windows Modules Installer service was changed from auto start to demand start","severity":3,"sequence":"396","source":"eventlog","category":"System","service":"Service Control Manager","fields":{"Channel":"System","Computer":"IE11WIN8_1","EventIDQualifiers":"16384","EventIDValue":"7040","EventRecordID":"396","Keywords":"9259400833873739776","Level":"4","Opcode":"0","ProcessID":"468","ProviderEventSourceName":"Service Control Manager","ProviderGuid":"{555908d1-a6d7-4695-8e1e-26931d2012f4}","ProviderName":"Service Control Manager","Task":"0","ThreadID":"1968","TimeCreated":"2018-01-03T06:59:03.624187231Z","UserID":"S-1-5-18","Version":"0","param1":"Windows Modules Installer","param2":"auto start","param3":"demand start","param4":"TrustedInstaller"}}
{"time":"2018-01-03T06:59:05.7490361Z","host":"IE11WIN8_1","user":"S-1-5-18","message":"The start type of the Windows Modules Installer service was changed from demand start to auto start","severity":3,"sequence":"397","source":"eventlog","category":"System","service":"Service Control Manager","fields":{"Channel":"System","Computer":"IE11WIN8_1","EventIDQualifiers":"16384","EventIDValue":"7040","EventRecordID":"397","Keywords":"9259400833873739776","Level":"4","Opcode":"0","ProcessID":"468","ProviderEventSourceName":"Service Control Manager","ProviderGuid":"{555908d1-a6d7-4695-8e1e-26931d2012f4}","ProviderName":"Service Control Manager","Task":"0","ThreadID":"1968","TimeCreated":"2018-01-03T06:59:05.749036788Z","UserID":"S-1-5-18","Version":"0","param1":"Windows Modules Installer","param2":"demand start","param3":"auto start","param4":"TrustedInstaller"}}
{"time":"2018-01-03T06:59:05.9683154Z","host":"IE11WIN8_1","user":"S-1-5-18","message":"The start type of the Windows Modules Installer service was changed from auto start to demand start","severity":3,"sequence":"398","source":"eventlog","category":"System","service":"Service Control Manager","fields":{"Channel":"System","Computer":"IE11WIN8_1","EventIDQualifiers":"16384","EventIDValue":"7040","EventRecordID":"398","Keywords":"9259400833873739776","Level":"4","Opcode":"0","ProcessID":"468","ProviderEventSourceName":"Service Control Manager","ProviderGuid":"{555908d1-a6d7-4695-8e1e-26931d2012f4}","ProviderName":"Service Control Manager","Task":"0","ThreadID":"1968","TimeCreated":"2018-01-03T06:59:05.968315124Z","UserID":"S-1-5-18","Version":"0","param1":"Windows Modules Installer","param2":"auto start","param3":"demand start","param4":"TrustedInstaller"}}
{"time":"2018-01-03T06:59:07.6240191Z","host":"IE11WIN8_1","user":"S-1-5-18","message":"The start type of the Windows Modules Installer service was changed from demand start to auto start","severity":3,"sequence":"399","source":"eventlog","category":"System","service":"Service Control Manager","fields":{"Channel":"System","Computer":"IE11WIN8_1","EventIDQualifiers":"16384","EventIDValue":"7040","EventRecordID":"399","Keywords":"9259400833873739776","Level":"4","Opcode":"0","ProcessID":"468","ProviderEventSourceName":"Service Control Manager","ProviderGuid":"{555908d1-a6d7-4695-8e1e-26931d2012f4}","ProviderName":"Service Control Manager","Task":"0","ThreadID":"1968","TimeCreated":"2018-01-03T06:59:07.624019145Z","UserID":"S-1-5-18","Version":"0","param1":"Windows Modules Installer","param2":"demand start","param3":"auto start","param4":"TrustedInstaller"}}
{"time":"2018-01-03T06:59:09.1244892Z","host":"IE11WIN8_1","user":"S-1-5-18","message":"The start type of the Windows Modules Installer service was changed from auto start to demand start","severity":3,"sequence":"400","source":"eventlog","category":"System","service":"Service Control Manager","fields":{"Channel":"System","Computer":"IE11WIN8_1","EventIDQualifiers":"16384","EventIDValue":"7040","EventRecordID":"400","Keywords":"9259400833873739776","Level":"4","Opcode":"0","ProcessID":"468","ProviderEventSourceName":"Service Control Manager","ProviderGuid":"{555908d1-a6d7-4695-8e1e-26931d2012f4}","ProviderName":"Service Control Manager","Task":"0","ThreadID":"1968","TimeCreated":"2018-01-03T06:59:09.124489545Z","UserID":"S-1-5-18","Version":"0","param1":"Windows Modules Installer","param2":"auto start","param3":"demand start","param4":"TrustedInstaller"}}
{"time":"2018-01-03T06:59:12.3583253Z","host":"IE11WIN8_1","user":"S-1-5-18","message":"The start type of the Windows Modules Installer service was changed from demand start to auto start","severity":3,"sequence":"401","source":"eventlog","category":"System","service":"Service Control Manager","fields":{"Channel":"System","Computer":"IE11WIN8_1","EventIDQualifiers":"16384","EventIDValue":"7040","EventRecordID":"401","Keywords":"9259400833873739776","Level":"4","Opcode":"0","ProcessID":"468","ProviderEventSourceName":"Service Control Manager","ProviderGuid":"{555908d1-a6d7-4695-8e1e-26931d2012f4}","ProviderName":"Service Control Manager","Task":"0","ThreadID":"1968","TimeCreated":"2018-01-03T06:59:12.358324766Z","UserID":"S-1-5-18","Version":"0","param1":"Windows Modules Installer","param2":"demand start","param3":"auto start","param4":"TrustedInstaller"}}
{"time":"2018-01-03T06:59:12.4994555Z","host":"IE11WIN8_1","user":"S-1-5-18","message":"The start type of the Windows Modules Installer service was changed from auto start to demand start","severity":3,"sequence":"402","source":"eventlog","category":"System","service":"Service Control Manager","fields":{"Channel":"System","Computer":"IE11WIN8_1","EventIDQualifiers":"16384","EventIDValue":"7040","EventRecordID":"402","Keywords":"9259400833873739776","Level":"4","Opcode":"0","ProcessID":"468","ProviderEventSourceName":"Service Control Manager","ProviderGuid":"{555908d1-a6d7-4695-8e1e-26931d2012f4}","ProviderName":"Service Control Manager","Task":"0","ThreadID":"1968","TimeCreated":"2018-01-03T06:59:12.499455928Z","UserID":"S-1-5-18","Version":"0","param1":"Windows Modules Installer","param2":"auto start","param3":"demand start","param4":"TrustedInstaller"}}
{"time":"2018-01-03T06:59:14.046118Z","host":"IE11WIN8_1","user":"S-1-5-18","message":"The start type of the Windows Modules Installer service was changed from demand start to auto start","severity":3,"sequence":"403","source":"eventlog","category":"System","service":"Service Control Manager","fields":{"Channel":"System","Computer":"IE11WIN8_1","EventIDQualifiers":"16384","EventIDValue":"7040","EventRecordID":"403","Keywords":"9259400833873739776","Level":"4","Opcode":"0","ProcessID":"468","ProviderEventSourceName":"Service Control Manager","ProviderGuid":"{555908d1-a6d7-4695-8e1e-26931d2012f4}","ProviderName":"Service Control Manager","Task":"0","ThreadID":"1968","TimeCreated":"2018-01-03T06:59:14.046118497Z","UserID":"S-1-5-18","Version":"0","param1":"Windows Modules Installer","param2":"demand start","param3":"auto start","param4":"TrustedInstaller"}}
{"time":"2018-01-03T06:59:14.1709012Z","host":"IE11WIN8_1","user":"S-1-5-18","message":"The start type of the Windows Modules Installer service was changed from auto start to demand start","severity":3,"sequence":"404","source":"eventlog","category":"System","service":"Service Control Manager","fields":{"Channel":"System","Computer":"IE11WIN8_1","EventIDQualifiers":"16384","EventIDValue":"7040","EventRecordID":"404","Keywords":"9259400833873739776","Level":"4","Opcode":"0","ProcessID":"468","ProviderEventSourceName":"Service Control Manager","ProviderGuid":"{555908d1-a6d7-4695-8e1e-26931d2012f4}","ProviderName":"Service Control Manager","Task":"0","ThreadID":"1968","TimeCreated":"2018-01-03T06:59:14.170900821Z","UserID":"S-1-5-18","Version":"0","param1":"Windows Modules Installer","param2":"auto start","param3":"demand start","param4":"TrustedInstaller"}}
{"time":"2018-01-03T06:59:15.5927928Z","host":"IE11WIN8_1","user":"S-1-5-18","message":"The start type of the Windows Modules Installer service was changed from demand start to auto start","severity":3,"sequence":"405","source":"eventlog","category":"System","service":"Service Control Manager","fields":{"Channel":"System","Computer":"IE11WIN8_1","EventIDQualifiers":"16384","EventIDValue":"7040","EventRecordID":"405","Keywords":"9259400833873739776","Level":"4","Opcode":"0","ProcessID":"468","ProviderEventSourceName":"Service Control Manager","ProviderGuid":"{555908d1-a6d7-4695-8e1e-26931d2012f4}","ProviderName":"Service Control Manager","Task":"0","ThreadID":"1968","TimeCreated":"2018-01-03T06:59:15.592793703Z","UserID":"S-1-5-18","Version":"0","param1":"Windows Modules Installer","param2":"demand start","param3":"auto start","param4":"TrustedInstaller"}}
{"time":"2018-01-03T06:59:15.8587087Z","host":"IE11WIN8_1","user":"S-1-5-18","message":"The start type of the Windows Modules Installer service was changed from auto start to demand start","severity":3,"sequence":"406","source":"eventlog","category":"System","service":"Service Control Manager","fields":{"Channel":"System","Computer":"IE11WIN8_1","EventIDQualifiers":"16384","EventIDValue":"7040","EventRecordID":"406","Keywords":"9259400833873739776","Level":"4","Opcode":"0","ProcessID":"468","ProviderEventSourceName":"Service Control Manager","ProviderGuid":"{555908d1-a6d7-4695-8e1e-26931d2012f4}","ProviderName":"Service Control Manager","Task":"0","ThreadID":"1968","TimeCreated":"2018-01-03T06:59:15.858708858Z","UserID":"S-1-5-18","Version":"0","param1":"Windows Modules Installer","param2":"auto start","param3":"demand start","param4":"TrustedInstaller"}}
{"time":"2018-01-03T06:59:17.4528923Z","host":"IE11WIN8_1","user":"S-1-5-18","message":"The start type of the Windows Modules Installer service was changed from demand start to auto start","severity":3,"sequence":"407","source":"eventlog","category":"System","service":"Service Control Manager","fields":{"Channel":"System","Computer":"IE11WIN8_1","EventIDQualifiers":"16384","EventIDValue":"7040","EventRecordID":"407","Keywords":"9259400833873739776","Level":"4","Opcode":"0","ProcessID":"468","ProviderEventSourceName":"Service Control Manager","ProviderGuid":"{555908d1-a6d7-4695-8e1e-26931d2012f4}","ProviderName":"Service Control Manager","Task":"0","ThreadID":"1968","TimeCreated":"2018-01-03T06:59:17.45289278Z","UserID":"S-1-5-18","Version":"0","param1":"Windows Modules Installer","param2":"demand start","param3":"auto start","param4":"TrustedInstaller"}}
{"time":"2018-01-03T06:59:17.8429858Z","host":"IE11WIN8_1","user":"S-1-5-18","message":"The start type of the Windows Modules Installer service was changed from auto start to demand start","severity":3,"sequence":"408","source":"eventlog","category":"System","service":"Service Control Manager","fields":{"Channel":"System","Computer":"IE11WIN8_1","EventIDQualifiers":"16384","EventIDValue":"7040","EventRecordID":"408","Keywords":"9259400833873739776","Level":"4","Opcode":"0","ProcessID":"468","ProviderEventSourceName":"Service Control Manager","ProviderGuid":"{555908d1-a6d7-4695-8e1e-26931d2012f4}","ProviderName":"Service Control Manager","Task":"0","ThreadID":"1968","TimeCreated":"2018-01-03T06:59:17.84298563Z","UserID":"S-1-5-18","Version":"0","param1":"Windows Modules Installer","param2":"auto start","param3":"demand start","param4":"TrustedInstaller"}}
{"time":"2018-01-03T06:59:19.9060538Z","host":"IE11WIN8_1","user":"S-1-5-18","message":"The start type of the Windows Modules Installer service was changed from demand start to auto start","severity":3,"sequence":"409","source":"eventlog","category":"System","service":"Service Control Manager","fields":{"Channel":"System","Computer":"IE11WIN8_1","EventIDQualifiers":"16384","EventIDValue":"7040","EventRecordID":"409","Keywords":"9259400833873739776","Level":"4","Opcode":"0","ProcessID":"468","ProviderEventSourceName":"Service Control Manager","ProviderGuid":"{555908d1-a6d7-4695-8e1e-26931d2012f4}","ProviderName":"Service Control Manager","Task":"0","ThreadID":"1968","TimeCreated":"2018-01-03T06:59:19.906054496Z","UserID":"S-1-5-18","Version":"0","param1":"Windows Modules Installer","param2":"demand start","param3":"auto start","param4":"TrustedInstaller"}}
