{"time":"2018-01-03T06:54:52.842769Z","host":"IE11WIN8_1","user":"S-1-5-18","message":"The start type of the Windows Modules Installer service was changed from demand start to auto start","severity":3,"sequence":"239","source":"eventlog","category":"System","service":"Service Control Manager","fields":{"Channel":"System","Computer":"IE11WIN8_1","EventIDQualifiers":"16384","EventIDValue":"7040","EventRecordID":"239","Keywords":"9259400833873739776","Level":"4","Opcode":"0","ProcessID":"468","ProviderEventSourceName":"Service Control Manager","ProviderGuid":"{555908d1-a6d7-4695-8e1e-26931d2012f4}","ProviderName":"Service Control Manager","Task":"0","ThreadID":"2772","TimeCreated":"2018-01-03T06:54:52.842769622Z","UserID":"S-1-5-18","Version":"0","param1":"Windows Modules Installer","param2":"demand start","param3":"auto start","param4":"TrustedInstaller"}}
{"time":"2018-01-03T06:54:53.0302392Z","host":"IE11WIN8_1","user":"S-1-5-18","message":"The start type of the Windows Modules Installer service was changed from auto start to demand start","severity":3,"sequence":"240","source":"eventlog","category":"System","service":"Service Control Manager","fields":{"Channel":"System","Computer":"IE11WIN8_1","EventIDQualifiers":"16384","EventIDValue":"7040","EventRecordID":"240","Keywords":"9259400833873739776","Level":"4","Opcode":"0","ProcessID":"468","ProviderEventSourceName":"Service Control Manager","ProviderGuid":"{555908d1-a6d7-4695-8e1e-26931d2012f4}","ProviderName":"Service Control Manager","Task":"0","ThreadID":"2772","TimeCreated":"2018-01-03T06:54:53.030240058Z","UserID":"S-1-5-18","Version":"0","param1":"Windows Modules Installer","param2":"auto start","param3":"demand start","param4":"TrustedInstaller"}}
{"time":"2018-01-03T06:54:54.8896696Z","host":"IE11WIN8_1","user":"S-1-5-18","message":"The start type of the Windows Modules Installer service was changed from demand start to auto start","severity":3,"sequence":"241","source":"eventlog","category":"System","service":"Service Control Manager","fields":{"Channel":"System","Computer":"IE11WIN8_1","EventIDQualifiers":"16384","EventIDValue":"7040","EventRecordID":"241","Keywords":"9259400833873739776","Level":"4","Opcode":"0","ProcessID":"468","ProviderEventSourceName":"Service Control Manager","ProviderGuid":"{555908d1-a6d7-4695-8e1e-26931d2012f4}","ProviderName":"Service Control Manager","Task":"0","ThreadID":"2772","TimeCreated":"2018-01-03T06:54:54.889670372Z","UserID":"S-1-5-18","Version":"0","param1":"Windows Modules Installer","param2":"demand start","param3":"auto start","param4":"TrustedInstaller"}}
{"time":"2018-01-03T06:54:55.0772675Z","host":"IE11WIN8_1","user":"S-1-5-18","message":"The start type of the Windows Modules Installer service was changed from auto start to demand start","severity":3,"sequence":"242","source":"eventlog","category":"System","service":"Service Control Manager","fields":{"Channel":"System","Computer":"IE11WIN8_1","EventIDQualifiers":"16384","EventIDValue":"7040","EventRecordID":"242","Keywords":"9259400833873739776","Level":"4","Opcode":"0","ProcessID":"468","ProviderEventSourceName":"Service Control Manager","ProviderGuid":"{555908d1-a6d7-4695-8e1e-26931d2012f4}","ProviderName":"Service Control Manager","Task":"0","ThreadID":"2772","TimeCreated":"2018-01-03T06:54:55.077267169Z","UserID":"S-1-5-18","Version":"0","param1":"Windows Modules Installer","param2":"auto start","param3":"demand start","param4":"TrustedInstaller"}}
{"time":"2018-01-03T06:54:56.5148016Z","host":"IE11WIN8_1","user":"S-1-5-18","message":"The start type of the Windows Modules Installer service was changed from demand start to auto start","severity":3,"sequence":"243","source":"eventlog","category":"System","service":"Service Control Manager","fields":{"Channel":"System","Computer":"IE11WIN8_1","EventIDQualifiers":"16384","EventIDValue":"7040","EventRecordID":"243","Keywords":"9259400833873739776","Level":"4","Opcode":"0","ProcessID":"468","ProviderEventSourceName":"Service Control Manager","ProviderGuid":"{555908d1-a6d7-4695-8e1e-26931d2012f4}","ProviderName":"Service Control Manager","Task":"0","ThreadID":"2772","TimeCreated":"2018-01-03T06:54:56.514801502Z","UserID":"S-1-5-18","Version":"0","param1":"Windows Modules Installer","param2":"demand start","param3":"auto start","param4":"TrustedInstaller"}}
{"time":"2018-01-03T06:54:56.8274078Z","host":"IE11WIN8_1","user":"S-1-5-18","message":"The start type of the Windows Modules Installer service was changed from auto start to demand start","severity":3,"sequence":"244","source":"eventlog","category":"System","service":"Service Control Manager","fields":{"Channel":"System","Computer":"IE11WIN8_1","EventIDQualifiers":"16384","EventIDValue":"7040","EventRecordID":"244","Keywords":"9259400833873739776","Level":"4","Opcode":"0","ProcessID":"468","ProviderEventSourceName":"Service Control Manager","ProviderGuid":"{555908d1-a6d7-4695-8e1e-26931d2012f4}","ProviderName":"Service Control Manager","Task":"0","ThreadID":"2772","TimeCreated":"2018-01-03T06:54:56.827408075Z","UserID":"S-1-5-18","Version":"0","param1":"Windows Modules Installer","param2":"auto start","param3":"demand start","param4":"TrustedInstaller"}}
{"time":"2018-01-03T06:54:58.3115847Z","host":"IE11WIN8_1","user":"S-1-5-18","message":"The start type of the Windows Modules Installer service was changed from demand start to auto start","severity":3,"sequence":"245","source":"eventlog","category":"System","service":"Service Control Manager","fields":{"Channel":"System","Computer":"IE11WIN8_1","EventIDQualifiers":"16384","EventIDValue":"7040","EventRecordID":"245","Keywords":"9259400833873739776","Level":"4","Opcode":"0","ProcessID":"468","ProviderEventSourceName":"Service Control Manager","ProviderGuid":"{555908d1-a6d7-4695-8e1e-26931d2012f4}","ProviderName":"Service Control Manager","Task":"0","ThreadID":"2772","TimeCreated":"2018-01-03T06:54:58.311583995Z","UserID":"S-1-5-18","Version":"0","param1":"Windows Modules Installer","param2":"demand start","param3":"auto start","param4":"TrustedInstaller"}}
{"time":"2018-01-03T06:54:58.6554921Z","host":"IE11WIN8_1","user":"S-1-5-18","message":"The start type of the Windows Modules Installer service was changed from auto start to demand start","severity":3,"sequence":"246","source":"eventlog","category":"System","service":"Service Control Manager","fields":{"Channel":"System","Computer":"IE11WIN8_1","EventIDQualifiers":"16384","EventIDValue":"7040","EventRecordID":"246","Keywords":"9259400833873739776","Level":"4","Opcode":"0","ProcessID":"468","ProviderEventSourceName":"Service Control Manager","ProviderGuid":"{555908d1-a6d7-4695-8e1e-26931d2012f4}","ProviderName":"Service Control Manager","Task":"0","ThreadID":"2772","TimeCreated":"2018-01-03T06:54:58.655492782Z","UserID":"S-1-5-18","Version":"0","param1":"Windows Modules Installer","param2":"auto start","param3":"demand start","param4":"TrustedInstaller"}}
{"time":"2018-01-03T06:55:00.1864954Z","host":"IE11WIN8_1","user":"S-1-5-18","message":"The start type of the Windows Modules Installer service was changed from demand start to auto start","severity":3,"sequence":"247","source":"eventlog","category":"System","service":"Service Control Manager","fields":{"Channel":"System","Computer":"IE11WIN8_1","EventIDQualifiers":"16384","EventIDValue":"7040","EventRecordID":"247","Keywords":"9259400833873739776","Level":"4","Opcode":"0","ProcessID":"468","ProviderEventSourceName":"Service Control Manager","ProviderGuid":"{555908d1-a6d7-4695-8e1e-26931d2012f4}","ProviderName":"Service Control Manager","Task":"0","ThreadID":"2772","TimeCreated":"2018-01-03T06:55:00.186496019Z","UserID":"S-1-5-18","Version":"0","param1":"Windows Modules Installer","param2":"demand start","param3":"auto start","param4":"TrustedInstaller"}}
{"time":"2018-01-03T06:55:00.3270864Z","host":"IE11WIN8_1","user":"S-1-5-18","message":"The start type of the Windows Modules Installer service was changed from auto start to demand start","severity":3,"sequence":"248","source":"eventlog","category":"System","service":"Service Control Manager","fields":{"Channel":"System","Computer":"IE11WIN8_1","EventIDQualifiers":"16384","EventIDValue":"7040","EventRecordID":"248","Keywords":"9259400833873739776","Level":"4","Opcode":"0","ProcessID":"468","ProviderEventSourceName":"Service Control Manager","ProviderGuid":"{555908d1-a6d7-4695-8e1e-26931d2012f4}","ProviderName":"Service Control Manager","Task":"0","ThreadID":"2772","TimeCreated":"2018-01-03T06:55:00.327086448Z","UserID":"S-1-5-18","Version":"0","param1":"Windows Modules Installer","param2":"auto start","param3":"demand start","param4":"TrustedInstaller"}}
{"time":"2018-01-03T06:55:01.7334316Z","host":"IE11WIN8_1","user":"S-1-5-18","message":"The start type of the Windows Modules Installer service was changed from demand start to auto start","severity":3,"sequence":"249","source":"eventlog","category":"System","service":"Service Control Manager","fields":{"Channel":"System","Computer":"IE11WIN8_1","EventIDQualifiers":"16384","EventIDValue":"7040","EventRecordID":"249","Keywords":"9259400833873739776","Level":"4","Opcode":"0","ProcessID":"468","ProviderEventSourceName":"Service Control Manager","ProviderGuid":"{555908d1-a6d7-4695-8e1e-26931d2012f4}","ProviderName":"Service Control Manager","Task":"0","ThreadID":"2772","TimeCreated":"2018-01-03T06:55:01.733432054Z","UserID":"S-1-5-18","Version":"0","param1":"Windows Modules Installer","param2":"demand start","param3":"auto start","param4":"TrustedInstaller"}}
{"time":"2018-01-03T06:55:01.9209032Z","host":"IE11WIN8_1","user":"S-1-5-18","message":"The start type of the Windows Modules Installer service was changed from auto start to demand start","severity":3,"sequence":"250","source":"eventlog","category":"System","service":"Service Control Manager","fields":{"Channel":"System","Computer":"IE11WIN8_1","EventIDQualifiers":"16384","EventIDValue":"7040","EventRecordID":"250","Keywords":"9259400833873739776","Level":"4","Opcode":"0","ProcessID":"468","ProviderEventSourceName":"Service Control Manager","ProviderGuid":"{555908d1-a6d7-4695-8e1e-26931d2012f4}","ProviderName":"Service Control Manager","Task":"0","ThreadID":"2772","TimeCreated":"2018-01-03T06:55:01.92090249Z","UserID":"S-1-5-18","Version":"0","param1":"Windows Modules Installer","param2":"auto start","param3":"demand start","param4":"TrustedInstaller"}}
{"time":"2018-01-03T06:55:03.4677839Z","host":"IE11WIN8_1","user":"S-1-5-18","message":"The start type of the Windows Modules Installer service was changed from demand start to auto start","severity":3,"sequence":"251","source":"eventlog","category":"System","service":"Service Control Manager","fields":{"Channel":"System","Computer":"IE11WIN8_1","EventIDQualifiers":"16384","EventIDValue":"7040","EventRecordID":"251","Keywords":"9259400833873739776","Level":"4","Opcode":"0","ProcessID":"468","ProviderEventSourceName":"Service Control Manager","ProviderGuid":"{555908d1-a6d7-4695-8e1e-26931d2012f4}","ProviderName":"Service Control Manager","Task":"0","ThreadID":"2772","TimeCreated":"2018-01-03T06:55:03.467783927Z","UserID":"S-1-5-18","Version":"0","param1":"Windows Modules Installer","param2":"demand start","param3":"auto start","param4":"TrustedInstaller"}}
{"time":"2018-01-03T06:55:03.8117787Z","host":"IE11WIN8_1","user":"S-1-5-18","message":"The start type of the Windows Modules Installer service was changed from auto start to demand start","severity":3,"sequence":"252","source":"eventlog","category":"System","service":"Service Control Manager","fields":{"Channel":"System","Computer":"IE11WIN8_1","EventIDQualifiers":"16384","EventIDValue":"7040","EventRecordID":"252","Keywords":"9259400833873739776","Level":"4","Opcode":"0","ProcessID":"468","ProviderEventSourceName":"Service Control Manager","ProviderGuid":"{555908d1-a6d7-4695-8e1e-26931d2012f4}","ProviderName":"Service Control Manager","Task":"0","ThreadID":"2772","TimeCreated":"2018-01-03T06:55:03.81177926Z","UserID":"S-1-5-18","Version":"0","param1":"Windows Modules Installer","param2":"auto start","param3":"demand start","param4":"TrustedInstaller"}}
{"time":"2018-01-03T06:55:06.1089375Z","host":"IE11WIN8_1","user":"S-1-5-18","message":"The start type of the Windows Modules Installer service was changed from demand start to auto start","severity":3,"sequence":"253","source":"eventlog","category":"System","service":"Service Control Manager","fields":{"Channel":"System","Computer":"IE11WIN8_1","EventIDQualifiers":"16384","EventIDValue":"7040","EventRecordID":"253","Keywords":"9259400833873739776","Level":"4","Opcode":"0","ProcessID":"468","ProviderEventSourceName":"Service Control Manager","ProviderGuid":"{555908d1-a6d7-4695-8e1e-26931d2012f4}","ProviderName":"Service Control Manager","Task":"0","ThreadID":"2772","TimeCreated":"2018-01-03T06:55:06.108937501Z","UserID":"S-1-5-18","Version":"0","param1":"Windows Modules Installer","param2":"demand start","param3":"auto start","param4":"TrustedInstaller"}}
{"time":"2018-01-03T06:55:07.4208229Z","host":"IE11WIN8_1","user":"S-1-5-18","message":"The start type of the Windows Modules Installer service was changed from auto start to demand start","severity":3,"sequence":"254","source":"eventlog","category":"System","service":"Service Control Manager","fields":{"Channel":"System","Computer":"IE11WIN8_1","EventIDQualifiers":"16384","EventIDValue":"7040","EventRecordID":"254","Keywords":"9259400833873739776","Level":"4","Opcode":"0","ProcessID":"468","ProviderEventSourceName":"Service Control Manager","ProviderGuid":"{555908d1-a6d7-4695-8e1e-26931d2012f4}","ProviderName":"Service Control Manager","Task":"0","ThreadID":"2772","TimeCreated":"2018-01-03T06:55:07.420822381Z","UserID":"S-1-5-18","Version":"0","param1":"Windows Modules Installer","param2":"auto start","param3":"demand start","param4":"TrustedInstaller"}}
{"time":"2018-01-03T06:55:10.15534Z","host":"IE11WIN8_1","user":"S-1-5-18","message":"The start type of the Windows Modules Installer service was changed from demand start to auto start","severity":3,"sequence":"255","source":"eventlog","category":"System","service":"Service Control Manager","fields":{"Channel":"System","Computer":"IE11WIN8_1","EventIDQualifiers":"16384","EventIDValue":"7040","EventRecordID":"255","Keywords":"9259400833873739776","Level":"4","Opcode":"0","ProcessID":"468","ProviderEventSourceName":"Service Control Manager","ProviderGuid":"{555908d1-a6d7-4695-8e1e-26931d2012f4}","ProviderName":"Service Control Manager","Task":"0","ThreadID":"2772","TimeCreated":"2018-01-03T06:55:10.155340909Z","UserID":"S-1-5-18","Version":"0","param1":"Windows Modules Installer","param2":"demand start","param3":"auto start","param4":"TrustedInstaller"}}
{"time":"2018-01-03T06:55:10.3431678Z","host":"IE11WIN8_1","user":"S-1-5-18","message":"The start type of the Windows Modules Installer service was changed from auto start to demand start","severity":3,"sequence":"256","source":"eventlog","category":"System","service":"Service Control Manager","fields":{"Channel":"System","Computer":"IE11WIN8_1","EventIDQualifiers":"16384","EventIDValue":"7040","EventRecordID":"256","Keywords":"9259400833873739776","Level":"4","Opcode":"0","ProcessID":"468","ProviderEventSourceName":"Service Control Manager","ProviderGuid":"{555908d1-a6d7-4695-8e1e-26931d2012f4}","ProviderName":"Service Control Manager","Task":"0","ThreadID":"1732","TimeCreated":"2018-01-03T06:55:10.34316802Z","UserID":"S-1-5-18","Version":"0","param1":"Windows Modules Installer","param2":"auto start","param3":"demand start","param4":"TrustedInstaller"}}
{"time":"2018-01-03T06:55:11.8114767Z","host":"IE11WIN8_1","user":"S-1-5-18","message":"The start type of the Windows Modules Installer service was changed from demand start to auto start","severity":3,"sequence":"257","source":"eventlog","category":"System","service":"Service Control Manager","fields":{"Channel":"System","Computer":"IE11WIN8_1","EventIDQualifiers":"16384","EventIDValue":"7040","EventRecordID":"257","Keywords":"9259400833873739776","Level":"4","Opcode":"0","ProcessID":"468","ProviderEventSourceName":"Service Control Manager","ProviderGuid":"{555908d1-a6d7-4695-8e1e-26931d2012f4}","ProviderName":"Service Control Manager","Task":"0","ThreadID":"1732","TimeCreated":"2018-01-03T06:55:11.811476707Z","UserID":"S-1-5-18","Version":"0","param1":"Windows Modules Installer","param2":"demand start","param3":"auto start","param4":"TrustedInstaller"}}
{"time":"2018-01-03T06:55:11.9990802Z","host":"IE11WIN8_1","user":"S-1-5-18","message":"The start type of the Windows Modules Installer service was changed from auto start to demand start","severity":3,"sequence":"258","source":"eventlog","category":"System","service":"Service Control Manager","fields":{"Channel":"System","Computer":"IE11WIN8_1","EventIDQualifiers":"16384","EventIDValue":"7040","EventRecordID":"258","Keywords":"9259400833873739776","Level":"4","Opcode":"0","ProcessID":"468","ProviderEventSourceName":"Service Control Manager","ProviderGuid":"{555908d1-a6d7-4695-8e1e-26931d2012f4}","ProviderName":"Service Control Manager","Task":"0","ThreadID":"1732","TimeCreated":"2018-01-03T06:55:11.999079942Z","UserID":"S-1-5-18","Version":"0","param1":"Windows Modules Installer","param2":"auto start","param3":"demand start","param4":"TrustedInstaller"}}
{"time":"2018-01-03T06:55:13.5928596Z","host":"IE11WIN8_1","user":"S-1-5-18","message":"The start type of the Windows Modules Installer service was changed from demand start to auto start","severity":3,"sequence":"259","source":"eventlog","category":"System","service":"Service Control Manager","fields":{"Channel":"System","Computer":"IE11WIN8_1","EventIDQualifiers":"16384","EventIDValue":"7040","EventRecordID":"259","Keywords":"9259400833873739776","Level":"4","Opcode":"0","ProcessID":"468","ProviderEventSourceName":"Service Control Manager","ProviderGuid":"{555908d1-a6d7-4695-8e1e-26931d2012f4}","ProviderName":"Service Control Manager","Task":"0","ThreadID":"1732","TimeCreated":"2018-01-03T06:55:13.592859268Z","UserID":"S-1-5-18","Version":"0","param1":"Windows Modules Installer","param2":"demand start","param3":"auto start","param4":"TrustedInstaller"}}
{"time":"2018-01-03T06:55:13.8124707Z","host":"IE11WIN8_1","user":"S-1-5-18","message":"The start type of the Windows Modules Installer service was changed from auto start to demand start","severity":3,"sequence":"260","source":"eventlog","category":"System","service":"Service Control Manager","fields":{"Channel":"System","Computer":"IE11WIN8_1","EventIDQualifiers":"16384","EventIDValue":"7040","EventRecordID":"260","Keywords":"9259400833873739776","Level":"4","Opcode":"0","ProcessID":"468","ProviderEventSourceName":"Service Control Manager","ProviderGuid":"{555908d1-a6d7-4695-8e1e-26931d2012f4}","ProviderName":"Service Control Manager","Task":"0","ThreadID":"1732","TimeCreated":"2018-01-03T06:55:13.812470436Z","UserID":"S-1-5-18","Version":"0","param1":"Windows Modules Installer","param2":"auto start","param3":"demand start","param4":"TrustedInstaller"}}
{"time":"2018-01-03T06:55:15.295988Z","host":"IE11WIN8_1","user":"S-1-5-18","message":"The start type of the Windows Modules Installer service was changed from demand start to auto start","severity":3,"sequence":"261","source":"eventlog","category":"System","service":"Service Control Manager","fields":{"Channel":"System","Computer":"IE11WIN8_1","EventIDQualifiers":"16384","EventIDValue":"7040","EventRecordID":"261","Keywords":"9259400833873739776","Level":"4","Opcode":"0","ProcessID":"468","ProviderEventSourceName":"Service Control Manager","ProviderGuid":"{555908d1-a6d7-4695-8e1e-26931d2012f4}","ProviderName":"Service Control Manager","Task":"0","ThreadID":"1732","TimeCreated":"2018-01-03T06:55:15.295987129Z","UserID":"S-1-5-18","Version":"0","param1":"Windows Modules Installer","param2":"demand start","param3":"auto start","param4":"TrustedInstaller"}}
{"time":"2018-01-03T06:55:15.4373191Z","host":"IE11WIN8_1","user":"S-1-5-18","message":"The start type of the Windows Modules Installer service was changed from auto start to demand start","severity":3,"sequence":"262","source":"eventlog","category":"System","service":"Service Control Manager","fields":{"Channel":"System","Computer":"IE11WIN8_1","EventIDQualifiers":"16384","EventIDValue":"7040","EventRecordID":"262","Keywords":"9259400833873739776","Level":"4","Opcode":"0","ProcessID":"468","ProviderEventSourceName":"Service Control Manager","ProviderGuid":"{555908d1-a6d7-4695-8e1e-26931d2012f4}","ProviderName":"Service Control Manager","Task":"0","ThreadID":"1732","TimeCreated":"2018-01-03T06:55:15.437318325Z","UserID":"S-1-5-18","Version":"0","param1":"Windows Modules Installer","param2":"auto start","param3":"demand start","param4":"TrustedInstaller"}}
{"time":"2018-01-03T06:55:16.8427936Z","host":"IE11WIN8_1","user":"S-1-5-18","message":"The start type of the Windows Modules Installer service was changed from demand start to auto start","severity":3,"sequence":"263","source":"eventlog","category":"System","service":"Service Control Manager","fields":{"Channel":"System","Computer":"IE11WIN8_1","EventIDQualifiers":"16384","EventIDValue":"7040","EventRecordID":"263","Keywords":"9259400833873739776","Level":"4","Opcode":"0","ProcessID":"468","ProviderEventSourceName":"Service Control Manager","ProviderGuid":"{555908d1-a6d7-4695-8e1e-26931d2012f4}","ProviderName":"Service Control Manager","Task":"0","ThreadID":"1732","TimeCreated":"2018-01-03T06:55:16.842793703Z","UserID":"S-1-5-18","Version":"0","param1":"Windows Modules Installer","param2":"demand start","param3":"auto start","param4":"TrustedInstaller"}}
{"time":"2018-01-03T06:55:16.9834673Z","host":"IE11WIN8_1","user":"S-1-5-18","message":"The start type of the Windows Modules Installer service was changed from auto start to demand start","severity":3,"sequence":"264","source":"eventlog","category":"System","service":"Service Control Manager","fields":{"Channel":"System","Computer":"IE11WIN8_1","EventIDQualifiers":"16384","EventIDValue":"7040","EventRecordID":"264","Keywords":"9259400833873739776","Level":"4","Opcode":"0","ProcessID":"468","ProviderEventSourceName":"Service Control Manager","ProviderGuid":"{555908d1-a6d7-4695-8e1e-26931d2012f4}","ProviderName":"Service Control Manager","Task":"0","ThreadID":"1732","TimeCreated":"2018-01-03T06:55:16.983467102Z","UserID":"S-1-5-18","Version":"0","param1":"Windows Modules Installer","param2":"auto start","param3":"demand start","param4":"TrustedInstaller"}}
{"time":"2018-01-03T06:55:18.4526415Z","host":"IE11WIN8_1","user":"S-1-5-18","message":"The start type of the Windows Modules Installer service was changed from demand start to auto start","severity":3,"sequence":"265","source":"eventlog","category":"System","service":"Service Control Manager","fields":{"Channel":"System","Computer":"IE11WIN8_1","EventIDQualifiers":"16384","EventIDValue":"7040","EventRecordID":"265","Keywords":"9259400833873739776","Level":"4","Opcode":"0","ProcessID":"468","ProviderEventSourceName":"Service Control Manager","ProviderGuid":"{555908d1-a6d7-4695-8e1e-26931d2012f4}","ProviderName":"Service Control Manager","Task":"0","ThreadID":"1732","TimeCreated":"2018-01-03T06:55:18.452641487Z","UserID":"S-1-5-18","Version":"0","param1":"Windows Modules Installer","param2":"demand start","param3":"auto start","param4":"TrustedInstaller"}}
{"time":"2018-01-03T06:55:19.858514Z","host":"IE11WIN8_1","user":"S-1-5-18","message":"The start type of the Windows Modules Installer service was changed from auto start to demand start","severity":3,"sequence":"266","source":"eventlog","category":"System","service":"Service Control Manager","fields":{"Channel":"System","Computer":"IE11WIN8_1","EventIDQualifiers":"16384","EventIDValue":"7040","EventRecordID":"266","Keywords":"9259400833873739776","Level":"4","Opcode":"0","ProcessID":"468","ProviderEventSourceName":"Service Control Manager","ProviderGuid":"{555908d1-a6d7-4695-8e1e-26931d2012f4}","ProviderName":"Service Control Manager","Task":"0","ThreadID":"1732","TimeCreated":"2018-01-03T06:55:19.858513593Z","UserID":"S-1-5-18","Version":"0","param1":"Windows Modules Installer","param2":"auto start","param3":"demand start","param4":"TrustedInstaller"}}
{"time":"2018-01-03T06:55:22.1239983Z","host":"IE11WIN8_1","user":"S-1-5-18","message":"The start type of the Windows Modules Installer service was changed from demand start to auto start","severity":3,"sequence":"267","source":"eventlog","category":"System","service":"Service Control Manager","fields":{"Channel":"System","Computer":"IE11WIN8_1","EventIDQualifiers":"16384","EventIDValue":"7040","EventRecordID":"267","Keywords":"9259400833873739776","Level":"4","Opcode":"0","ProcessID":"468","ProviderEventSourceName":"Service Control Manager","ProviderGuid":"{555908d1-a6d7-4695-8e1e-26931d2012f4}","ProviderName":"Service Control Manager","Task":"0","ThreadID":"1732","TimeCreated":"2018-01-03T06:55:22.123998403Z","UserID":"S-1-5-18","Version":"0","param1":"Windows Modules Installer","param2":"demand start","param3":"auto start","param4":"TrustedInstaller"}}
{"time":"2018-01-03T06:55:22.3586681Z","host":"IE11WIN8_1","user":"S-1-5-18","message":"The start type of the Windows Modules Installer service was changed from auto start to demand start","severity":3,"sequence":"268","source":"eventlog","category":"System","service":"Service Control Manager","fields":{"Channel":"System","Computer":"IE11WIN8_1","EventIDQualifiers":"16384","EventIDValue":"7040","EventRecordID":"268","Keywords":"9259400833873739776","Level":"4","Opcode":"0","ProcessID":"468","ProviderEventSourceName":"Service Control Manager","ProviderGuid":"{555908d1-a6d7-4695-8e1e-26931d2012f4}","ProviderName":"Service Control Manager","Task":"0","ThreadID":"1732","TimeCreated":"2018-01-03T06:55:22.358668804Z","UserID":"S-1-5-18","Version":"0","param1":"Windows Modules Installer","param2":"auto start","param3":"demand start","param4":"TrustedInstaller"}}
{"time":"2018-01-03T06:55:23.8116374Z","host":"IE11WIN8_1","user":"S-1-5-18","message":"The start type of the Windows Modules Installer service was changed from demand start to auto start","severity":3,"sequence":"269","source":"eventlog","category":"System","service":"Service Control Manager","fields":{"Channel":"System","Computer":"IE11WIN8_1","EventIDQualifiers":"16384","EventIDValue":"7040","EventRecordID":"269","Keywords":"9259400833873739776","Level":"4","Opcode":"0","ProcessID":"468","ProviderEventSourceName":"Service Control Manager","ProviderGuid":"{555908d1-a6d7-4695-8e1e-26931d2012f4}","ProviderName":"Service Control Manager","Task":"0","ThreadID":"1732","TimeCreated":"2018-01-03T06:55:23.811636686Z","UserID":"S-1-5-18","Version":"0","param1":"Windows Modules Installer","param2":"demand start","param3":"auto start","param4":"TrustedInstaller"}}
{"time":"2018-01-03T06:55:23.9989623Z","host":"IE11WIN8_1","user":"S-1-5-18","message":"The start type of the Windows Modules Installer service was changed from auto start to demand start","severity":3,"sequence":"270","source":"eventlog","category":"System","service":"Service Control Manager","fields":{"Channel":"System","Computer":"IE11WIN8_1","EventIDQualifiers":"16384","EventIDValue":"7040","EventRecordID":"270","Keywords":"9259400833873739776","Level":"4","Opcode":"0","ProcessID":"468","ProviderEventSourceName":"Service Control Manager","ProviderGuid":"{555908d1-a6d7-4695-8e1e-26931d2012f4}","ProviderName":"Service Control Manager","Task":"0","ThreadID":"1732","TimeCreated":"2018-01-03T06:55:23.998961687Z","UserID":"S-1-5-18","Version":"0","param1":"Windows Modules Installer","param2":"auto start","param3":"demand start","param4":"TrustedInstaller"}}
{"time":"2018-01-03T06:55:25.7333269Z","host":"IE11WIN8_1","user":"S-1-5-18","message":"The start type of the Windows Modules Installer service was changed from demand start to auto start","severity":3,"sequence":"271","source":"eventlog","category":"System","service":"Service Control Manager","fields":{"Channel":"System","Computer":"IE11WIN8_1","EventIDQualifiers":"16384","EventIDValue":"7040","EventRecordID":"271","Keywords":"9259400833873739776","Level":"4","Opcode":"0","ProcessID":"468","ProviderEventSourceName":"Service Control Manager","ProviderGuid":"{555908d1-a6d7-4695-8e1e-26931d2012f4}","ProviderName":"Service Control Manager","Task":"0","ThreadID":"1732","TimeCreated":"2018-01-03T06:55:25.733326435Z","UserID":"S-1-5-18","Version":"0","param1":"Windows Modules Installer","param2":"demand start","param3":"auto start","param4":"TrustedInstaller"}}
{"time":"2018-01-03T06:55:29.3742296Z","host":"IE11WIN8_1","user":"S-1-5-18","message":"The start type of the Windows Modules Installer service was changed from auto start to demand start","severity":3,"sequence":"272","source":"eventlog","category":"System","service":"Service Control Manager","fields":{"Channel":"System","Computer":"IE11WIN8_1","EventIDQualifiers":"16384","EventIDValue":"7040","EventRecordID":"272","Keywords":"9259400833873739776","Level":"4","Opcode":"0","ProcessID":"468","ProviderEventSourceName":"Service Control Manager","ProviderGuid":"{555908d1-a6d7-4695-8e1e-26931d2012f4}","ProviderName":"Service Control Manager","Task":"0","ThreadID":"1732","TimeCreated":"2018-01-03T06:55:29.374230384Z","UserID":"S-1-5-18","Version":"0","param1":"Windows Modules Installer","param2":"auto start","param3":"demand start","param4":"TrustedInstaller"}}
{"time":"2018-01-03T06:55:32.5303938Z","host":"IE11WIN8_1","user":"S-1-5-18","message":"The start type of the Windows Modules Installer service was changed from demand start to auto start","severity":3,"sequence":"273","source":"eventlog","category":"System","service":"Service Control Manager","fields":{"Channel":"System","Computer":"IE11WIN8_1","EventIDQualifiers":"16384","EventIDValue":"7040","EventRecordID":"273","Keywords":"9259400833873739776","Level":"4","Opcode":"0","ProcessID":"468","ProviderEventSourceName":"Service Control Manager","ProviderGuid":"{555908d1-a6d7-4695-8e1e-26931d2012f4}","ProviderName":"Service Control Manager","Task":"0","ThreadID":"1732","TimeCreated":"2018-01-03T06:55:32.5303936Z","UserID":"S-1-5-18","Version":"0","param1":"Windows Modules Installer","param2":"demand start","param3":"auto start","param4":"TrustedInstaller"}}
{"time":"2018-01-03T06:55:32.6709636Z","host":"IE11WIN8_1","user":"S-1-5-18","message":"The start type of the Windows Modules Installer service was changed from auto start to demand start","severity":3,"sequence":"274","source":"eventlog","category":"System","service":"Service Control Manager","fields":{"Channel":"System","Computer":"IE11WIN8_1","EventIDQualifiers":"16384","EventIDValue":"7040","EventRecordID":"274","Keywords":"9259400833873739776","Level":"4","Opcode":"0","ProcessID":"468","ProviderEventSourceName":"Service Control Manager","ProviderGuid":"{555908d1-a6d7-4695-8e1e-26931d2012f4}","ProviderName":"Service Control Manager","Task":"0","ThreadID":"1732","TimeCreated":"2018-01-03T06:55:32.670963287Z","UserID":"S-1-5-18","Version":"0","param1":"Windows Modules Installer","param2":"auto start","param3":"demand start","param4":"TrustedInstaller"}}
{"time":"2018-01-03T06:55:34.0926991Z","host":"IE11WIN8_1","user":"S-1-5-18","message":"The start type of the Windows Modules Installer service was changed from demand start to auto start","severity":3,"sequence":"275","source":"eventlog","category":"System","service":"Service Control Manager","fields":{"Channel":"System","Computer":"IE11WIN8_1","EventIDQualifiers":"16384","EventIDValue":"7040","EventRecordID":"275","Keywords":"9259400833873739776","Level":"4","Opcode":"0","ProcessID":"468","ProviderEventSourceName":"Service Control Manager","ProviderGuid":"{555908d1-a6d7-4695-8e1e-26931d2012f4}","ProviderName":"Service Control Manager","Task":"0","ThreadID":"1732","TimeCreated":"2018-01-03T06:55:34.092699289Z","UserID":"S-1-5-18","Version":"0","param1":"Windows Modules Installer","param2":"demand start","param3":"auto start","param4":"TrustedInstaller"}}
{"time":"2018-01-03T06:55:34.8435336Z","host":"IE11WIN8_1","user":"S-1-5-18","message":"The start type of the Windows Modules Installer service was changed from auto start to demand start","severity":3,"sequence":"276","source":"eventlog","category":"System","service":"Service Control Manager","fields":{"Channel":"System","Computer":"IE11WIN8_1","EventIDQualifiers":"16384","EventIDValue":"7040","EventRecordID":"276","Keywords":"9259400833873739776","Level":"4","Opcode":"0","ProcessID":"468","ProviderEventSourceName":"Service Control Manager","ProviderGuid":"{555908d1-a6d7-4695-8e1e-26931d2012f4}","ProviderName":"Service Control Manager","Task":"0","ThreadID":"1732","TimeCreated":"2018-01-03T06:55:34.8435328Z","UserID":"S-1-5-18","Version":"0","param1":"Windows Modules Installer","param2":"auto start","param3":"demand start","param4":"TrustedInstaller"}}
{"time":"2018-01-03T06:55:37.0770658Z","host":"IE11WIN8_1","user":"S-1-5-18","message":"The start type of the Windows Modules Installer service was changed from demand start to auto start","severity":3,"sequence":"277","source":"eventlog","category":"System","service":"Service Control Manager","fields":{"Channel":"System","Computer":"IE11WIN8_1","EventIDQualifiers":"16384","EventIDValue":"7040","EventRecordID":"277","Keywords":"9259400833873739776","Level":"4","Opcode":"0","ProcessID":"468","ProviderEventSourceName":"Service Control Manager","ProviderGuid":"{555908d1-a6d7-4695-8e1e-26931d2012f4}","ProviderName":"Service Control Manager","Task":"0","ThreadID":"1732","TimeCreated":"2018-01-03T06:55:37.077065706Z","UserID":"S-1-5-18","Version":"0","param1":"Windows Modules Installer","param2":"demand start","param3":"auto start","param4":"TrustedInstaller"}}
{"time":"2018-01-03T06:55:37.1866644Z","host":"IE11WIN8_1","user":"S-1-5-18","message":"The start type of the Windows Modules Installer service was changed from auto start to demand start","severity":3,"sequence":"278","source":"eventlog","category":"System","service":"Service Control Manager","fields":{"Channel":"System","Computer":"IE11WIN8_1","EventIDQualifiers":"16384","EventIDValue":"7040","EventRecordID":"278","Keywords":"9259400833873739776","Level":"4","Opcode":"0","ProcessID":"468","ProviderEventSourceName":"Service Control Manager","ProviderGuid":"{555908d1-a6d7-4695-8e1e-26931d2012f4}","ProviderName":"Service Control Manager","Task":"0","ThreadID":"1732","TimeCreated":"2018-01-03T06:55:37.186664104Z","UserID":"S-1-5-18","Version":"0","param1":"Windows Modules Installer","param2":"auto start","param3":"demand start","param4":"TrustedInstaller"}}
{"time":"2018-01-03T06:55:38.7177023Z","host":"IE11WIN8_1","user":"S-1-5-18","message":"The start type of the Windows Modules Installer service was changed from demand start to auto start","severity":3,"sequence":"279","source":"eventlog","category":"System","service":"Service Control Manager","fields":{"Channel":"System","Computer":"IE11WIN8_1","EventIDQualifiers":"16384","EventIDValue":"7040","EventRecordID":"279","Keywords":"9259400833873739776","Level":"4","Opcode":"0","ProcessID":"468","ProviderEventSourceName":"Service Control Manager","ProviderGuid":"{555908d1-a6d7-4695-8e1e-26931d2012f4}","ProviderName":"Service Control Manager","Task":"0","ThreadID":"1732","TimeCreated":"2018-01-03T06:55:38.717702388Z","UserID":"S-1-5-18","Version":"0","param1":"Windows Modules Installer","param2":"demand start","param3":"auto start","param4":"TrustedInstaller"}}
{"time":"2018-01-03T06:55:39.2177616Z","host":"IE11WIN8_1","user":"S-1-5-18","message":"The start type of the Windows Modules Installer service was changed from auto start to demand start","severity":3,"sequence":"280","source":"eventlog","category":"System","service":"Service Control Manager","fields":{"Channel":"System","Computer":"IE11WIN8_1","EventIDQualifiers":"16384","EventIDValue":"7040","EventRecordID":"280","Keywords":"9259400833873739776","Level":"4","Opcode":"0","ProcessID":"468","ProviderEventSourceName":"Service Control Manager","ProviderGuid":"{555908d1-a6d7-4695-8e1e-26931d2012f4}","ProviderName":"Service Control Manager","Task":"0","ThreadID":"1732","TimeCreated":"2018-01-03T06:55:39.217761516Z","UserID":"S-1-5-18","Version":"0","param1":"Windows Modules Installer","param2":"auto start","param3":"demand start","param4":"TrustedInstaller"}}
{"time":"2018-01-03T06:55:40.7646582Z","host":"IE11WIN8_1","user":"S-1-5-18","message":"The start type of the Windows Modules Installer service was changed from demand start to auto start","severity":3,"sequence":"281","source":"eventlog","category":"System","service":"Service Control Manager","fields":{"Channel":"System","Computer":"IE11WIN8_1","EventIDQualifiers":"16384","EventIDValue":"7040","EventRecordID":"281","Keywords":"9259400833873739776","Level":"4","Opcode":"0","ProcessID":"468","ProviderEventSourceName":"Service Control Manager","ProviderGuid":"{555908d1-a6d7-4695-8e1e-26931d2012f4}","ProviderName":"Service Control Manager","Task":"0","ThreadID":"1732","TimeCreated":"2018-01-03T06:55:40.764657497Z","UserID":"S-1-5-18","Version":"0","param1":"Windows Modules Installer","param2":"demand start","param3":"auto start","param4":"TrustedInstaller"}}
{"time":"2018-01-03T06:55:40.9058602Z","host":"IE11WIN8_1","user":"S-1-5-18","message":"The start type of the Windows Modules Installer service was changed from auto start to demand start","severity":3,"sequence":"282","source":"eventlog","category":"System","service":"Service Control Manager","fields":{"Channel":"System","Computer":"IE11WIN8_1","EventIDQualifiers":"16384","EventIDValue":"7040","EventRecordID":"282","Keywords":"9259400833873739776","Level":"4","Opcode":"0","ProcessID":"468","ProviderEventSourceName":"Service Control Manager","ProviderGuid":"{555908d1-a6d7-4695-8e1e-26931d2012f4}","ProviderName":"Service Control Manager","Task":"0","ThreadID":"1732","TimeCreated":"2018-01-03T06:55:40.9058609Z","UserID":"S-1-5-18","Version":"0","param1":"Windows Modules Installer","param2":"auto start","param3":"demand start","param4":"TrustedInstaller"}}
{"time":"2018-01-03T06:55:42.3119526Z","host":"IE11WIN8_1","user":"S-1-5-18","message":"The start type of the Windows Modules Installer service was changed from demand start to auto start","severity":3,"sequence":"283","source":"eventlog","category":"System","service":"Service Control Manager","fields":{"Channel":"System","Computer":"IE11WIN8_1","EventIDQualifiers":"16384","EventIDValue":"7040","EventRecordID":"283","Keywords":"9259400833873739776","Level":"4","Opcode":"0","ProcessID":"468","ProviderEventSourceName":"Service Control Manager","ProviderGuid":"{555908d1-a6d7-4695-8e1e-26931d2012f4}","ProviderName":"Service Control Manager","Task":"0","ThreadID":"1732","TimeCreated":"2018-01-03T06:55:42.311952114Z","UserID":"S-1-5-18","Version":"0","param1":"Windows Modules Installer","param2":"demand start","param3":"auto start","param4":"TrustedInstaller"}}
{"time":"2018-01-03T06:55:43.436559Z","host":"IE11WIN8_1","user":"S-1-5-18","message":"The start type of the Windows Modules Installer service was changed from auto start to demand start","severity":3,"sequence":"284","source":"eventlog","category":"System","service":"Service Control Manager","fields":{"Channel":"System","Computer":"IE11WIN8_1","EventIDQualifiers":"16384","EventIDValue":"7040","EventRecordID":"284","Keywords":"9259400833873739776","Level":"4","Opcode":"0","ProcessID":"468","ProviderEventSourceName":"Service Control Manager","ProviderGuid":"{555908d1-a6d7-4695-8e1e-26931d2012f4}","ProviderName":"Service Control Manager","Task":"0","ThreadID":"1732","TimeCreated":"2018-01-03T06:55:43.436558485Z","UserID":"S-1-5-18","Version":"0","param1":"Windows Modules Installer","param2":"auto start","param3":"demand start","param4":"TrustedInstaller"}}
{"time":"2018-01-03T06:55:46.1241436Z","host":"IE11WIN8_1","user":"S-1-5-18","message":"The start type of the Windows Modules Installer service was changed from demand start to auto start","severity":3,"sequence":"285","source":"eventlog","category":"System","service":"Service Control Manager","fields":{"Channel":"System","Computer":"IE11WIN8_1","EventIDQualifiers":"16384","EventIDValue":"7040","EventRecordID":"285","Keywords":"9259400833873739776","Level":"4","Opcode":"0","ProcessID":"468","ProviderEventSourceName":"Service Control Manager","ProviderGuid":"{555908d1-a6d7-4695-8e1e-26931d2012f4}","ProviderName":"Service Control Manager","Task":"0","ThreadID":"1732","TimeCreated":"2018-01-03T06:55:46.124144077Z","UserID":"S-1-5-18","Version":"0","param1":"Windows Modules Installer","param2":"demand start","param3":"auto start","param4":"TrustedInstaller"}}
{"time":"2018-01-03T06:55:49.4993306Z","host":"IE11WIN8_1","user":"S-1-5-18","message":"The start type of the Windows Modules Installer service was changed from auto start to demand start","severity":3,"sequence":"286","source":"eventlog","category":"System","service":"Service Control Manager","fields":{"Channel":"System","Computer":"IE11WIN8_1","EventIDQualifiers":"16384","EventIDValue":"7040","EventRecordID":"286","Keywords":"9259400833873739776","Level":"4","Opcode":"0","ProcessID":"468","ProviderEventSourceName":"Service Control Manager","ProviderGuid":"{555908d1-a6d7-4695-8e1e-26931d2012f4}","ProviderName":"Service Control Manager","Task":"0","ThreadID":"1732","TimeCreated":"2018-01-03T06:55:49.499331235Z","UserID":"S-1-5-18","Version":"0","param1":"Windows Modules Installer","param2":"auto start","param3":"demand start","param4":"TrustedInstaller"}}
{"time":"2018-01-03T06:55:53.0305046Z","host":"IE11WIN8_1","user":"S-1-5-18","message":"The start type of the Windows Modules Installer service was changed from demand start to auto start","severity":3,"sequence":"287","source":"eventlog","category":"System","service":"Service Control Manager","fields":{"Channel":"System","Computer":"IE11WIN8_1","EventIDQualifiers":"16384","EventIDValue":"7040","EventRecordID":"287","Keywords":"9259400833873739776","Level":"4","Opcode":"0","ProcessID":"468","ProviderEventSourceName":"Service Control Manager","ProviderGuid":"{555908d1-a6d7-4695-8e1e-26931d2012f4}","ProviderName":"Service Control Manager","Task":"0","ThreadID":"1732","TimeCreated":"2018-01-03T06:55:53.030503988Z","UserID":"S-1-5-18","Version":"0","param1":"Windows Modules Installer","param2":"demand start","param3":"auto start","param4":"TrustedInstaller"}}
{"time":"2018-01-03T06:55:53.2964725Z","host":"IE11WIN8_1","user":"S-1-5-18","message":"The start type of the Windows Modules Installer service was changed from auto start to demand start","severity":3,"sequence":"288","source":"eventlog","category":"System","service":"Service Control Manager","fields":{"Channel":"System","Computer":"IE11WIN8_1","EventIDQualifiers":"16384","EventIDValue":"7040","EventRecordID":"288","Keywords":"9259400833873739776","Level":"4","Opcode":"0","ProcessID":"468","ProviderEventSourceName":"Service Control Manager","ProviderGuid":"{555908d1-a6d7-4695-8e1e-26931d2012f4}","ProviderName":"Service Control Manager","Task":"0","ThreadID":"1732","TimeCreated":"2018-01-03T06:55:53.296472072Z","UserID":"S-1-5-18","Version":"0","param1":"Windows Modules Installer","param2":"auto start","param3":"demand start","param4":"TrustedInstaller"}}
{"time":"2018-01-03T06:55:54.9052923Z","host":"IE11WIN8_1","user":"S-1-5-18","message":"The start type of the Windows Modules Installer service was changed from demand start to auto start","severity":3,"sequence":"289","source":"eventlog","category":"System","service":"Service Control Manager","fields":{"Channel":"System","Computer":"IE11WIN8_1","EventIDQualifiers":"16384","EventIDValue":"7040","EventRecordID":"289","Keywords":"9259400833873739776","Level":"4","Opcode":"0","ProcessID":"468","ProviderEventSourceName":"Service Control Manager","ProviderGuid":"{555908d1-a6d7-4695-8e1e-26931d2012f4}","ProviderName":"Service Control Manager","Task":"0","ThreadID":"1732","TimeCreated":"2018-01-03T06:55:54.905292749Z","UserID":"S-1-5-18","Version":"0","param1":"Windows Modules Installer","param2":"demand start","param3":"auto start","param4":"TrustedInstaller"}}
{"time":"2018-01-03T06:55:56.6247625Z","host":"IE11WIN8_1","user":"S-1-5-18","message":"The start type of the Windows Modules Installer service was changed from auto start to demand start","severity":3,"sequence":"290","source":"eventlog","category":"System","service":"Service Control Manager","fields":{"Channel":"System","Computer":"IE11WIN8_1","EventIDQualifiers":"16384","EventIDValue":"7040","EventRecordID":"290","Keywords":"9259400833873739776","Level":"4","Opcode":"0","ProcessID":"468","ProviderEventSourceName":"Service Control Manager","ProviderGuid":"{555908d1-a6d7-4695-8e1e-26931d2012f4}","ProviderName":"Service Control Manager","Task":"0","ThreadID":"1732","TimeCreated":"2018-01-03T06:55:56.62476325Z","UserID":"S-1-5-18","Version":"0","param1":"Windows Modules Installer","param2":"auto start","param3":"demand start","param4":"TrustedInstaller"}}
{"time":"2018-01-03T06:55:59.4833308Z","host":"IE11WIN8_1","user":"S-1-5-18","message":"The start type of the Windows Modules Installer service was changed from demand start to auto start","severity":3,"sequence":"291","source":"eventlog","category":"System","service":"Service Control Manager","fields":{"Channel":"System","Computer":"IE11WIN8_1","EventIDQualifiers":"16384","EventIDValue":"7040","EventRecordID":"291","Keywords":"9259400833873739776","Level":"4","Opcode":"0","ProcessID":"468","ProviderEventSourceName":"Service Control Manager","ProviderGuid":"{555908d1-a6d7-4695-8e1e-26931d2012f4}","ProviderName":"Service Control Manager","Task":"0","ThreadID":"1732","TimeCreated":"2018-01-03T06:55:59.483331203Z","UserID":"S-1-5-18","Version":"0","param1":"Windows Modules Installer","param2":"demand start","param3":"auto start","param4":"TrustedInstaller"}}
{"time":"2018-01-03T06:55:59.9059343Z","host":"IE11WIN8_1","user":"S-1-5-18","message":"The start type of the Windows Modules Installer service was changed from auto start to demand start","severity":3,"sequence":"292","source":"eventlog","category":"System","service":"Service Control Manager","fields":{"Channel":"System","Computer":"IE11WIN8_1","EventIDQualifiers":"16384","EventIDValue":"7040","EventRecordID":"292","Keywords":"9259400833873739776","Level":"4","Opcode":"0","ProcessID":"468","ProviderEventSourceName":"Service Control Manager","ProviderGuid":"{555908d1-a6d7-4695-8e1e-26931d2012f4}","ProviderName":"Service Control Manager","Task":"0","ThreadID":"1732","TimeCreated":"2018-01-03T06:55:59.905934333Z","UserID":"S-1-5-18","Version":"0","param1":"Windows Modules Installer","param2":"auto start","param3":"demand start","param4":"TrustedInstaller"}}
{"time":"2018-01-03T06:56:02.265069Z","host":"IE11WIN8_1","user":"S-1-5-18","message":"The start type of the Windows Modules Installer service was changed from demand start to auto start","severity":3,"sequence":"293","source":"eventlog","category":"System","service":"Service Control Manager","fields":{"Channel":"System","Computer":"IE11WIN8_1","EventIDQualifiers":"16384","EventIDValue":"7040","EventRecordID":"293","Keywords":"9259400833873739776","Level":"4","Opcode":"0","ProcessID":"468","ProviderEventSourceName":"Service Control Manager","ProviderGuid":"{555908d1-a6d7-4695-8e1e-26931d2012f4}","ProviderName":"Service Control Manager","Task":"0","ThreadID":"1732","TimeCreated":"2018-01-03T06:56:02.265068769Z","UserID":"S-1-5-18","Version":"0","param1":"Windows Modules Installer","param2":"demand start","param3":"auto start","param4":"TrustedInstaller"}}
{"time":"2018-01-03T06:56:02.8586584Z","host":"IE11WIN8_1","user":"S-1-5-18","message":"The start type of the Windows Modules Installer service was changed from auto start to demand start","severity":3,"sequence":"294","source":"eventlog","category":"System","service":"Service Control Manager","fields":{"Channel":"System","Computer":"IE11WIN8_1","EventIDQualifiers":"16384","EventIDValue":"7040","EventRecordID":"294","Keywords":"9259400833873739776","Level":"4","Opcode":"0","ProcessID":"468","ProviderEventSourceName":"Service Control Manager","ProviderGuid":"{555908d1-a6d7-4695-8e1e-26931d2012f4}","ProviderName":"Service Control Manager","Task":"0","ThreadID":"1732","TimeCreated":"2018-01-03T06:56:02.858659267Z","UserID":"S-1-5-18","Version":"0","param1":"Windows Modules Installer","param2":"auto start","param3":"demand start","param4":"TrustedInstaller"}}
{"time":"2018-01-03T06:56:05.5462313Z","host":"IE11WIN8_1","user":"S-1-5-18","message":"The start type of the Windows Modules Installer service was changed from demand start to auto start","severity":3,"sequence":"295","source":"eventlog","category":"System","service":"Service Control Manager","fields":{"Channel":"System","Computer":"IE11WIN8_1","EventIDQualifiers":"16384","EventIDValue":"7040","EventRecordID":"295","Keywords":"9259400833873739776","Level":"4","Opcode":"0","ProcessID":"468","ProviderEventSourceName":"Service Control Manager","ProviderGuid":"{555908d1-a6d7-4695-8e1e-26931d2012f4}","ProviderName":"Service Control Manager","Task":"0","ThreadID":"1732","TimeCreated":"2018-01-03T06:56:05.546231985Z","UserID":"S-1-5-18","Version":"0","param1":"Windows Modules Installer","param2":"demand start","param3":"auto start","param4":"TrustedInstaller"}}
