Feb 16 2014 18:59:53.802 IACIS-HDD-2014 CEF:1|Fox Forensics|Fox|0.0.0|100|An account was successfully logged on|10|AuthenticationPackageName=Negotiate Channel=Security Computer=IACIS-HDD-2014 EventID=4624 EventRecordID=2927 IpAddress=- IpPort=- KeyLength=0 Keywords=9232379236109516800 Level=0 LmPackageName=- LogonGuid=00000000-0000-0000-0000-000000000000 LogonProcessName=Advapi   LogonType=5 Opcode=0 ProcessID=512 ProcessId=488 ProcessName=C:\\Windows\\System32\\services.exe ProviderGuid=54849625-5478-4994-A5BA-3E3B0328C30D ProviderName=Microsoft-Windows-Security-Auditing SubjectDomainName=WORKGROUP SubjectLogonId=999 SubjectUserName=IACIS-HDD-2014$ SubjectUserSid=S-1-5-18 TargetDomainName=NT AUTHORITY TargetLogonId=997 TargetUserName=LOCAL SERVICE TargetUserSid=S-1-5-19 Task=12544 ThreadID=580 TimeCreated=2014-02-16T18:59:53.802028894Z TransmittedServices=- Version=0
Feb 16 2014 18:59:53.802 IACIS-HDD-2014 CEF:1|Fox Forensics|Fox|0.0.0|100|Special privileges assigned to new logon|10|Channel=Security Computer=IACIS-HDD-2014 EventID=4672 EventRecordID=2928 Keywords=9232379236109516800 Level=0 Opcode=0 PrivilegeList=SeAssignPrimaryTokenPrivilege     SeAuditPrivilege     SeImpersonatePrivilege ProcessID=512 ProviderGuid=54849625-5478-4994-A5BA-3E3B0328C30D ProviderName=Microsoft-Windows-Security-Auditing SubjectDomainName=NT AUTHORITY SubjectLogonId=997 SubjectUserName=LOCAL SERVICE SubjectUserSid=S-1-5-19 Task=12548 ThreadID=580 TimeCreated=2014-02-16T18:59:53.802028894Z Version=0
Feb 16 2014 18:59:53.833 IACIS-HDD-2014 CEF:1|Fox Forensics|Fox|0.0.0|100|Special privileges assigned to new logon|10|Channel=Security Computer=IACIS-HDD-2014 EventID=4672 EventRecordID=2930 Keywords=9232379236109516800 Level=0 Opcode=0 PrivilegeList=SeAssignPrimaryTokenPrivilege     SeTcbPrivilege     SeSecurityPrivilege     SeTakeOwnershipPrivilege     SeLoadDriverPrivilege     SeBackupPrivilege     SeRestorePrivilege     SeDebugPrivilege     SeAuditPrivilege     SeSystemEnvironmentPrivilege     SeImpersonatePrivilege ProcessID=512 ProviderGuid=54849625-5478-4994-A5BA-3E3B0328C30D ProviderName=Microsoft-Windows-Security-Auditing SubjectDomainName=NT AUTHORITY SubjectLogonId=999 SubjectUserName=SYSTEM SubjectUserSid=S-1-5-18 Task=12548 ThreadID=580 TimeCreated=2014-02-16T18:59:53.833228826Z Version=0
Feb 16 2014 18:59:53.833 IACIS-HDD-2014 CEF:1|Fox Forensics|Fox|0.0.0|100|An account was successfully logged on|10|AuthenticationPackageName=Negotiate Channel=Security Computer=IACIS-HDD-2014 EventID=4624 EventRecordID=2929 IpAddress=- IpPort=- KeyLength=0 Keywords=9232379236109516800 Level=0 LmPackageName=- LogonGuid=00000000-0000-0000-0000-000000000000 LogonProcessName=Advapi   LogonType=5 Opcode=0 ProcessID=512 ProcessId=488 ProcessName=C:\\Windows\\System32\\services.exe ProviderGuid=54849625-5478-4994-A5BA-3E3B0328C30D ProviderName=Microsoft-Windows-Security-Auditing SubjectDomainName=WORKGROUP SubjectLogonId=999 SubjectUserName=IACIS-HDD-2014$ SubjectUserSid=S-1-5-18 TargetDomainName=NT AUTHORITY TargetLogonId=999 TargetUserName=SYSTEM TargetUserSid=S-1-5-18 Task=12544 ThreadID=580 TimeCreated=2014-02-16T18:59:53.833228826Z TransmittedServices=- Version=0
Feb 16 2014 18:59:53.895 IACIS-HDD-2014 CEF:1|Fox Forensics|Fox|0.0.0|100|Special privileges assigned to new logon|10|Channel=Security Computer=IACIS-HDD-2014 EventID=4672 EventRecordID=2932 Keywords=9232379236109516800 Level=0 Opcode=0 PrivilegeList=SeAssignPrimaryTokenPrivilege     SeTcbPrivilege     SeSecurityPrivilege     SeTakeOwnershipPrivilege     SeLoadDriverPrivilege     SeBackupPrivilege     SeRestorePrivilege     SeDebugPrivilege     SeAuditPrivilege     SeSystemEnvironmentPrivilege     SeImpersonatePrivilege ProcessID=512 ProviderGuid=54849625-5478-4994-A5BA-3E3B0328C30D ProviderName=Microsoft-Windows-Security-Auditing SubjectDomainName=NT AUTHORITY SubjectLogonId=999 SubjectUserName=SYSTEM SubjectUserSid=S-1-5-18 Task=12548 ThreadID=548 TimeCreated=2014-02-16T18:59:53.89562869Z Version=0
Feb 16 2014 18:59:53.895 IACIS-HDD-2014 CEF:1|Fox Forensics|Fox|0.0.0|100|An account was successfully logged on|10|AuthenticationPackageName=Negotiate Channel=Security Computer=IACIS-HDD-2014 EventID=4624 EventRecordID=2931 IpAddress=- IpPort=- KeyLength=0 Keywords=9232379236109516800 Level=0 LmPackageName=- LogonGuid=00000000-0000-0000-0000-000000000000 LogonProcessName=Advapi   LogonType=5 Opcode=0 ProcessID=512 ProcessId=488 ProcessName=C:\\Windows\\System32\\services.exe ProviderGuid=54849625-5478-4994-A5BA-3E3B0328C30D ProviderName=Microsoft-Windows-Security-Auditing SubjectDomainName=WORKGROUP SubjectLogonId=999 SubjectUserName=IACIS-HDD-2014$ SubjectUserSid=S-1-5-18 TargetDomainName=NT AUTHORITY TargetLogonId=999 TargetUserName=SYSTEM TargetUserSid=S-1-5-18 Task=12544 ThreadID=548 TimeCreated=2014-02-16T18:59:53.89562869Z TransmittedServices=- Version=0
Feb 16 2014 18:59:59.182 IACIS-HDD-2014 CEF:1|Fox Forensics|Fox|0.0.0|100|An account was successfully logged on|10|AuthenticationPackageName=Negotiate Channel=Security Computer=IACIS-HDD-2014 EventID=4624 EventRecordID=2934 IpAddress=- IpPort=- KeyLength=0 Keywords=9232379236109516800 Level=0 LmPackageName=- LogonGuid=00000000-0000-0000-0000-000000000000 LogonProcessName=Advapi   LogonType=5 Opcode=0 ProcessID=512 ProcessId=488 ProcessName=C:\\Windows\\System32\\services.exe ProviderGuid=54849625-5478-4994-A5BA-3E3B0328C30D ProviderName=Microsoft-Windows-Security-Auditing SubjectDomainName=WORKGROUP SubjectLogonId=999 SubjectUserName=IACIS-HDD-2014$ SubjectUserSid=S-1-5-18 TargetDomainName=NT AUTHORITY TargetLogonId=999 TargetUserName=SYSTEM TargetUserSid=S-1-5-18 Task=12544 ThreadID=548 TimeCreated=2014-02-16T18:59:59.182440042Z TransmittedServices=- Version=0
Feb 16 2014 18:59:59.182 IACIS-HDD-2014 CEF:1|Fox Forensics|Fox|0.0.0|100|Special privileges assigned to new logon|10|Channel=Security Computer=IACIS-HDD-2014 EventID=4672 EventRecordID=2935 Keywords=9232379236109516800 Level=0 Opcode=0 PrivilegeList=SeAssignPrimaryTokenPrivilege     SeTcbPrivilege     SeSecurityPrivilege     SeTakeOwnershipPrivilege     SeLoadDriverPrivilege     SeBackupPrivilege     SeRestorePrivilege     SeDebugPrivilege     SeAuditPrivilege     SeSystemEnvironmentPrivilege     SeImpersonatePrivilege ProcessID=512 ProviderGuid=54849625-5478-4994-A5BA-3E3B0328C30D ProviderName=Microsoft-Windows-Security-Auditing SubjectDomainName=NT AUTHORITY SubjectLogonId=999 SubjectUserName=SYSTEM SubjectUserSid=S-1-5-18 Task=12548 ThreadID=548 TimeCreated=2014-02-16T18:59:59.182440042Z Version=0
Feb 16 2014 18:59:59.244 IACIS-HDD-2014 CEF:1|Fox Forensics|Fox|0.0.0|100|A logon was attempted using explicit credentials|10|Channel=Security Computer=IACIS-HDD-2014 EventID=4648 EventRecordID=2936 IpAddress=- IpPort=- Keywords=9232379236109516800 Level=0 LogonGuid=00000000-0000-0000-0000-000000000000 Opcode=0 ProcessID=512 ProcessId=980 ProcessName=C:\\Windows\\System32\\svchost.exe ProviderGuid=54849625-5478-4994-A5BA-3E3B0328C30D ProviderName=Microsoft-Windows-Security-Auditing SubjectDomainName=WORKGROUP SubjectLogonId=999 SubjectUserName=IACIS-HDD-2014$ SubjectUserSid=S-1-5-18 TargetDomainName=IACIS-HDD-2014 TargetInfo=localhost TargetLogonGuid=00000000-0000-0000-0000-000000000000 TargetServerName=localhost TargetUserName=BillyBob Task=12544 ThreadID=580 TimeCreated=2014-02-16T18:59:59.244441509Z Version=0
Feb 16 2014 18:59:59.244 IACIS-HDD-2014 CEF:1|Fox Forensics|Fox|0.0.0|100|Special privileges assigned to new logon|10|Channel=Security Computer=IACIS-HDD-2014 EventID=4672 EventRecordID=2938 Keywords=9232379236109516800 Level=0 Opcode=0 PrivilegeList=SeSecurityPrivilege     SeTakeOwnershipPrivilege     SeLoadDriverPrivilege     SeBackupPrivilege     SeRestorePrivilege     SeDebugPrivilege     SeSystemEnvironmentPrivilege     SeImpersonatePrivilege ProcessID=512 ProviderGuid=54849625-5478-4994-A5BA-3E3B0328C30D ProviderName=Microsoft-Windows-Security-Auditing SubjectDomainName=IACIS-HDD-2014 SubjectLogonId=89782 SubjectUserName=BillyBob SubjectUserSid=S-1-5-21-1171287513-3642516788-2358256967-1001 Task=12548 ThreadID=580 TimeCreated=2014-02-16T18:59:59.244441509Z Version=0
Feb 16 2014 18:59:59.244 IACIS-HDD-2014 CEF:1|Fox Forensics|Fox|0.0.0|100|An account was successfully logged on|10|AuthenticationPackageName=Negotiate Channel=Security Computer=IACIS-HDD-2014 EventID=4624 EventRecordID=2937 IpAddress=- IpPort=- KeyLength=0 Keywords=9232379236109516800 Level=0 LmPackageName=- LogonGuid=00000000-0000-0000-0000-000000000000 LogonProcessName=Advapi   LogonType=4 Opcode=0 ProcessID=512 ProcessId=980 ProcessName=C:\\Windows\\System32\\svchost.exe ProviderGuid=54849625-5478-4994-A5BA-3E3B0328C30D ProviderName=Microsoft-Windows-Security-Auditing SubjectDomainName=WORKGROUP SubjectLogonId=999 SubjectUserName=IACIS-HDD-2014$ SubjectUserSid=S-1-5-18 TargetDomainName=IACIS-HDD-2014 TargetLogonId=89782 TargetUserName=BillyBob TargetUserSid=S-1-5-21-1171287513-3642516788-2358256967-1001 Task=12544 ThreadID=580 TimeCreated=2014-02-16T18:59:59.244441509Z TransmittedServices=- Version=0 WorkstationName=IACIS-HDD-2014
Feb 16 2014 19:00:03.630 IACIS-HDD-2014 CEF:1|Fox Forensics|Fox|0.0.0|100|An account was successfully logged on|10|AuthenticationPackageName=NTLM Channel=Security Computer=IACIS-HDD-2014 EventID=4624 EventRecordID=2941 IpAddress=- IpPort=- KeyLength=0 Keywords=9232379236109516800 Level=0 LmPackageName=NTLM V1 LogonGuid=00000000-0000-0000-0000-000000000000 LogonProcessName=NtLmSsp  LogonType=3 Opcode=0 ProcessID=512 ProcessId=0 ProcessName=- ProviderGuid=54849625-5478-4994-A5BA-3E3B0328C30D ProviderName=Microsoft-Windows-Security-Auditing SubjectDomainName=- SubjectLogonId=0 SubjectUserName=- SubjectUserSid=S-1-0-0 TargetDomainName=NT AUTHORITY TargetLogonId=121686 TargetUserName=ANONYMOUS LOGON TargetUserSid=S-1-5-7 Task=12544 ThreadID=564 TimeCreated=2014-02-16T19:00:03.630252838Z TransmittedServices=- Version=0
Feb 16 2014 19:00:03.677 IACIS-HDD-2014 CEF:1|Fox Forensics|Fox|0.0.0|100|Special privileges assigned to new logon|10|Channel=Security Computer=IACIS-HDD-2014 EventID=4672 EventRecordID=2943 Keywords=9232379236109516800 Level=0 Opcode=0 PrivilegeList=SeAssignPrimaryTokenPrivilege     SeTcbPrivilege     SeSecurityPrivilege     SeTakeOwnershipPrivilege     SeLoadDriverPrivilege     SeBackupPrivilege     SeRestorePrivilege     SeDebugPrivilege     SeAuditPrivilege     SeSystemEnvironmentPrivilege     SeImpersonatePrivilege ProcessID=512 ProviderGuid=54849625-5478-4994-A5BA-3E3B0328C30D ProviderName=Microsoft-Windows-Security-Auditing SubjectDomainName=NT AUTHORITY SubjectLogonId=999 SubjectUserName=SYSTEM SubjectUserSid=S-1-5-18 Task=12548 ThreadID=580 TimeCreated=2014-02-16T19:00:03.677052736Z Version=0
Feb 16 2014 19:00:03.677 IACIS-HDD-2014 CEF:1|Fox Forensics|Fox|0.0.0|100|An account was successfully logged on|10|AuthenticationPackageName=Negotiate Channel=Security Computer=IACIS-HDD-2014 EventID=4624 EventRecordID=2942 IpAddress=- IpPort=- KeyLength=0 Keywords=9232379236109516800 Level=0 LmPackageName=- LogonGuid=00000000-0000-0000-0000-000000000000 LogonProcessName=Advapi   LogonType=5 Opcode=0 ProcessID=512 ProcessId=488 ProcessName=C:\\Windows\\System32\\services.exe ProviderGuid=54849625-5478-4994-A5BA-3E3B0328C30D ProviderName=Microsoft-Windows-Security-Auditing SubjectDomainName=WORKGROUP SubjectLogonId=999 SubjectUserName=IACIS-HDD-2014$ SubjectUserSid=S-1-5-18 TargetDomainName=NT AUTHORITY TargetLogonId=999 TargetUserName=SYSTEM TargetUserSid=S-1-5-18 Task=12544 ThreadID=580 TimeCreated=2014-02-16T19:00:03.677052736Z TransmittedServices=- Version=0
Feb 16 2014 19:02:07.385 IACIS-HDD-2014 CEF:1|Fox Forensics|Fox|0.0.0|100|An account was successfully logged on|10|AuthenticationPackageName=Negotiate Channel=Security Computer=IACIS-HDD-2014 EventID=4624 EventRecordID=2944 IpAddress=- IpPort=- KeyLength=0 Keywords=9232379236109516800 Level=0 LmPackageName=- LogonGuid=00000000-0000-0000-0000-000000000000 LogonProcessName=Advapi   LogonType=5 Opcode=0 ProcessID=512 ProcessId=488 ProcessName=C:\\Windows\\System32\\services.exe ProviderGuid=54849625-5478-4994-A5BA-3E3B0328C30D ProviderName=Microsoft-Windows-Security-Auditing SubjectDomainName=WORKGROUP SubjectLogonId=999 SubjectUserName=IACIS-HDD-2014$ SubjectUserSid=S-1-5-18 TargetDomainName=NT AUTHORITY TargetLogonId=999 TargetUserName=SYSTEM TargetUserSid=S-1-5-18 Task=12544 ThreadID=564 TimeCreated=2014-02-16T19:02:07.385270357Z TransmittedServices=- Version=0
Feb 16 2014 19:02:07.385 IACIS-HDD-2014 CEF:1|Fox Forensics|Fox|0.0.0|100|Special privileges assigned to new logon|10|Channel=Security Computer=IACIS-HDD-2014 EventID=4672 EventRecordID=2945 Keywords=9232379236109516800 Level=0 Opcode=0 PrivilegeList=SeAssignPrimaryTokenPrivilege     SeTcbPrivilege     SeSecurityPrivilege     SeTakeOwnershipPrivilege     SeLoadDriverPrivilege     SeBackupPrivilege     SeRestorePrivilege     SeDebugPrivilege     SeAuditPrivilege     SeSystemEnvironmentPrivilege     SeImpersonatePrivilege ProcessID=512 ProviderGuid=54849625-5478-4994-A5BA-3E3B0328C30D ProviderName=Microsoft-Windows-Security-Auditing SubjectDomainName=NT AUTHORITY SubjectLogonId=999 SubjectUserName=SYSTEM SubjectUserSid=S-1-5-18 Task=12548 ThreadID=564 TimeCreated=2014-02-16T19:02:07.385270357Z Version=0
Feb 16 2014 19:09:12.768 IACIS-HDD-2014 CEF:1|Fox Forensics|Fox|0.0.0|100|Special privileges assigned to new logon|10|Channel=Security Computer=IACIS-HDD-2014 EventID=4672 EventRecordID=2953 Keywords=9232379236109516800 Level=0 Opcode=0 PrivilegeList=SeSecurityPrivilege     SeTakeOwnershipPrivilege     SeLoadDriverPrivilege     SeBackupPrivilege     SeRestorePrivilege     SeDebugPrivilege     SeSystemEnvironmentPrivilege     SeImpersonatePrivilege ProcessID=512 ProviderGuid=54849625-5478-4994-A5BA-3E3B0328C30D ProviderName=Microsoft-Windows-Security-Auditing SubjectDomainName=IACIS-HDD-2014 SubjectLogonId=242669 SubjectUserName=Jimmy Wilson SubjectUserSid=S-1-5-21-1171287513-3642516788-2358256967-1004 Task=12548 ThreadID=1740 TimeCreated=2014-02-16T19:09:12.768222332Z Version=0
Feb 16 2014 19:09:12.768 IACIS-HDD-2014 CEF:1|Fox Forensics|Fox|0.0.0|100|An account was successfully logged on|10|AuthenticationPackageName=Negotiate Channel=Security Computer=IACIS-HDD-2014 EventID=4624 EventRecordID=2951 IpAddress=127.0.0.1 IpPort=0 KeyLength=0 Keywords=9232379236109516800 Level=0 LmPackageName=- LogonGuid=00000000-0000-0000-0000-000000000000 LogonProcessName=User32  LogonType=2 Opcode=0 ProcessID=512 ProcessId=456 ProcessName=C:\\Windows\\System32\\winlogon.exe ProviderGuid=54849625-5478-4994-A5BA-3E3B0328C30D ProviderName=Microsoft-Windows-Security-Auditing SubjectDomainName=WORKGROUP SubjectLogonId=999 SubjectUserName=IACIS-HDD-2014$ SubjectUserSid=S-1-5-18 TargetDomainName=IACIS-HDD-2014 TargetLogonId=242669 TargetUserName=Jimmy Wilson TargetUserSid=S-1-5-21-1171287513-3642516788-2358256967-1004 Task=12544 ThreadID=1740 TimeCreated=2014-02-16T19:09:12.768222332Z TransmittedServices=- Version=0 WorkstationName=IACIS-HDD-2014
Feb 16 2014 19:09:12.768 IACIS-HDD-2014 CEF:1|Fox Forensics|Fox|0.0.0|100|A logon was attempted using explicit credentials|10|Channel=Security Computer=IACIS-HDD-2014 EventID=4648 EventRecordID=2950 IpAddress=127.0.0.1 IpPort=0 Keywords=9232379236109516800 Level=0 LogonGuid=00000000-0000-0000-0000-000000000000 Opcode=0 ProcessID=512 ProcessId=456 ProcessName=C:\\Windows\\System32\\winlogon.exe ProviderGuid=54849625-5478-4994-A5BA-3E3B0328C30D ProviderName=Microsoft-Windows-Security-Auditing SubjectDomainName=WORKGROUP SubjectLogonId=999 SubjectUserName=IACIS-HDD-2014$ SubjectUserSid=S-1-5-18 TargetDomainName=IACIS-HDD-2014 TargetInfo=localhost TargetLogonGuid=00000000-0000-0000-0000-000000000000 TargetServerName=localhost TargetUserName=Jimmy Wilson Task=12544 ThreadID=1740 TimeCreated=2014-02-16T19:09:12.768222332Z Version=0
Feb 16 2014 19:09:12.768 IACIS-HDD-2014 CEF:1|Fox Forensics|Fox|0.0.0|100|An account was successfully logged on|10|AuthenticationPackageName=Negotiate Channel=Security Computer=IACIS-HDD-2014 EventID=4624 EventRecordID=2952 IpAddress=127.0.0.1 IpPort=0 KeyLength=0 Keywords=9232379236109516800 Level=0 LmPackageName=- LogonGuid=00000000-0000-0000-0000-000000000000 LogonProcessName=User32  LogonType=2 Opcode=0 ProcessID=512 ProcessId=456 ProcessName=C:\\Windows\\System32\\winlogon.exe ProviderGuid=54849625-5478-4994-A5BA-3E3B0328C30D ProviderName=Microsoft-Windows-Security-Auditing SubjectDomainName=WORKGROUP SubjectLogonId=999 SubjectUserName=IACIS-HDD-2014$ SubjectUserSid=S-1-5-18 TargetDomainName=IACIS-HDD-2014 TargetLogonId=242695 TargetUserName=Jimmy Wilson TargetUserSid=S-1-5-21-1171287513-3642516788-2358256967-1004 Task=12544 ThreadID=1740 TimeCreated=2014-02-16T19:09:12.768222332Z TransmittedServices=- Version=0 WorkstationName=IACIS-HDD-2014
Feb 16 2014 19:10:53.868 IACIS-HDD-2014 CEF:1|Fox Forensics|Fox|0.0.0|100|An account was successfully logged on|10|AuthenticationPackageName=Negotiate Channel=Security Computer=IACIS-HDD-2014 EventID=4624 EventRecordID=2960 IpAddress=- IpPort=- KeyLength=0 Keywords=9232379236109516800 Level=0 LmPackageName=- LogonGuid=00000000-0000-0000-0000-000000000000 LogonProcessName=Advapi   LogonType=5 Opcode=0 ProcessID=512 ProcessId=488 ProcessName=C:\\Windows\\System32\\services.exe ProviderGuid=54849625-5478-4994-A5BA-3E3B0328C30D ProviderName=Microsoft-Windows-Security-Auditing SubjectDomainName=WORKGROUP SubjectLogonId=999 SubjectUserName=IACIS-HDD-2014$ SubjectUserSid=S-1-5-18 TargetDomainName=NT AUTHORITY TargetLogonId=999 TargetUserName=SYSTEM TargetUserSid=S-1-5-18 Task=12544 ThreadID=376 TimeCreated=2014-02-16T19:10:53.868803262Z TransmittedServices=- Version=0
Feb 16 2014 19:10:53.868 IACIS-HDD-2014 CEF:1|Fox Forensics|Fox|0.0.0|100|Special privileges assigned to new logon|10|Channel=Security Computer=IACIS-HDD-2014 EventID=4672 EventRecordID=2961 Keywords=9232379236109516800 Level=0 Opcode=0 PrivilegeList=SeAssignPrimaryTokenPrivilege     SeTcbPrivilege     SeSecurityPrivilege     SeTakeOwnershipPrivilege     SeLoadDriverPrivilege     SeBackupPrivilege     SeRestorePrivilege     SeDebugPrivilege     SeAuditPrivilege     SeSystemEnvironmentPrivilege     SeImpersonatePrivilege ProcessID=512 ProviderGuid=54849625-5478-4994-A5BA-3E3B0328C30D ProviderName=Microsoft-Windows-Security-Auditing SubjectDomainName=NT AUTHORITY SubjectLogonId=999 SubjectUserName=SYSTEM SubjectUserSid=S-1-5-18 Task=12548 ThreadID=376 TimeCreated=2014-02-16T19:10:53.868803262Z Version=0
Feb 16 2014 19:10:54.118 IACIS-HDD-2014 CEF:1|Fox Forensics|Fox|0.0.0|100|Special privileges assigned to new logon|10|Channel=Security Computer=IACIS-HDD-2014 EventID=4672 EventRecordID=2963 Keywords=9232379236109516800 Level=0 Opcode=0 PrivilegeList=SeAssignPrimaryTokenPrivilege     SeTcbPrivilege     SeSecurityPrivilege     SeTakeOwnershipPrivilege     SeLoadDriverPrivilege     SeBackupPrivilege     SeRestorePrivilege     SeDebugPrivilege     SeAuditPrivilege     SeSystemEnvironmentPrivilege     SeImpersonatePrivilege ProcessID=512 ProviderGuid=54849625-5478-4994-A5BA-3E3B0328C30D ProviderName=Microsoft-Windows-Security-Auditing SubjectDomainName=NT AUTHORITY SubjectLogonId=999 SubjectUserName=SYSTEM SubjectUserSid=S-1-5-18 Task=12548 ThreadID=376 TimeCreated=2014-02-16T19:10:54.118403196Z Version=0
Feb 16 2014 19:10:54.118 IACIS-HDD-2014 CEF:1|Fox Forensics|Fox|0.0.0|100|An account was successfully logged on|10|AuthenticationPackageName=Negotiate Channel=Security Computer=IACIS-HDD-2014 EventID=4624 EventRecordID=2962 IpAddress=- IpPort=- KeyLength=0 Keywords=9232379236109516800 Level=0 LmPackageName=- LogonGuid=00000000-0000-0000-0000-000000000000 LogonProcessName=Advapi   LogonType=5 Opcode=0 ProcessID=512 ProcessId=488 ProcessName=C:\\Windows\\System32\\services.exe ProviderGuid=54849625-5478-4994-A5BA-3E3B0328C30D ProviderName=Microsoft-Windows-Security-Auditing SubjectDomainName=WORKGROUP SubjectLogonId=999 SubjectUserName=IACIS-HDD-2014$ SubjectUserSid=S-1-5-18 TargetDomainName=NT AUTHORITY TargetLogonId=999 TargetUserName=SYSTEM TargetUserSid=S-1-5-18 Task=12544 ThreadID=376 TimeCreated=2014-02-16T19:10:54.118403196Z TransmittedServices=- Version=0
Feb 16 2014 19:11:35.333 IACIS-HDD-2014 CEF:1|Fox Forensics|Fox|0.0.0|100|An attempt was made to register a security event source|10|AuditSourceName=VSSAudit Channel=Security Computer=IACIS-HDD-2014 EventID=4904 EventRecordID=2964 EventSourceId=625219 Keywords=9232379236109516800 Level=0 Opcode=0 ProcessID=512 ProcessId=2456 ProcessName=C:\\Windows\\System32\\VSSVC.exe ProviderGuid=54849625-5478-4994-A5BA-3E3B0328C30D ProviderName=Microsoft-Windows-Security-Auditing SubjectDomainName=WORKGROUP SubjectLogonId=999 SubjectUserName=IACIS-HDD-2014$ SubjectUserSid=S-1-5-18 Task=13568 ThreadID=2180 TimeCreated=2014-02-16T19:11:35.333675146Z Version=0
Feb 16 2014 19:11:35.380 IACIS-HDD-2014 CEF:1|Fox Forensics|Fox|0.0.0|100|An attempt was made to unregister a security event source|10|AuditSourceName=VSSAudit Channel=Security Computer=IACIS-HDD-2014 EventID=4905 EventRecordID=2965 EventSourceId=625219 Keywords=9232379236109516800 Level=0 Opcode=0 ProcessID=512 ProcessId=2456 ProcessName=C:\\Windows\\System32\\VSSVC.exe ProviderGuid=54849625-5478-4994-A5BA-3E3B0328C30D ProviderName=Microsoft-Windows-Security-Auditing SubjectDomainName=WORKGROUP SubjectLogonId=999 SubjectUserName=IACIS-HDD-2014$ SubjectUserSid=S-1-5-18 Task=13568 ThreadID=2180 TimeCreated=2014-02-16T19:11:35.380475282Z Version=0
Feb 16 2014 19:27:13.425 IACIS-HDD-2014 CEF:1|Fox Forensics|Fox|0.0.0|100|An account was successfully logged on|10|AuthenticationPackageName=Negotiate Channel=Security Computer=IACIS-HDD-2014 EventID=4624 EventRecordID=2966 IpAddress=- IpPort=- KeyLength=0 Keywords=9232379236109516800 Level=0 LmPackageName=- LogonGuid=00000000-0000-0000-0000-000000000000 LogonProcessName=Advapi   LogonType=5 Opcode=0 ProcessID=512 ProcessId=488 ProcessName=C:\\Windows\\System32\\services.exe ProviderGuid=54849625-5478-4994-A5BA-3E3B0328C30D ProviderName=Microsoft-Windows-Security-Auditing SubjectDomainName=WORKGROUP SubjectLogonId=999 SubjectUserName=IACIS-HDD-2014$ SubjectUserSid=S-1-5-18 TargetDomainName=NT AUTHORITY TargetLogonId=999 TargetUserName=SYSTEM TargetUserSid=S-1-5-18 Task=12544 ThreadID=1740 TimeCreated=2014-02-16T19:27:13.425723314Z TransmittedServices=- Version=0
Feb 16 2014 19:27:13.425 IACIS-HDD-2014 CEF:1|Fox Forensics|Fox|0.0.0|100|Special privileges assigned to new logon|10|Channel=Security Computer=IACIS-HDD-2014 EventID=4672 EventRecordID=2967 Keywords=9232379236109516800 Level=0 Opcode=0 PrivilegeList=SeAssignPrimaryTokenPrivilege     SeTcbPrivilege     SeSecurityPrivilege     SeTakeOwnershipPrivilege     SeLoadDriverPrivilege     SeBackupPrivilege     SeRestorePrivilege     SeDebugPrivilege     SeAuditPrivilege     SeSystemEnvironmentPrivilege     SeImpersonatePrivilege ProcessID=512 ProviderGuid=54849625-5478-4994-A5BA-3E3B0328C30D ProviderName=Microsoft-Windows-Security-Auditing SubjectDomainName=NT AUTHORITY SubjectLogonId=999 SubjectUserName=SYSTEM SubjectUserSid=S-1-5-18 Task=12548 ThreadID=1740 TimeCreated=2014-02-16T19:27:13.425723314Z Version=0
Feb 16 2014 19:50:52.833 IACIS-HDD-2014 CEF:1|Fox Forensics|Fox|0.0.0|100|An account was successfully logged on|10|AuthenticationPackageName=Negotiate Channel=Security Computer=IACIS-HDD-2014 EventID=4624 EventRecordID=2968 IpAddress=- IpPort=- KeyLength=0 Keywords=9232379236109516800 Level=0 LmPackageName=- LogonGuid=00000000-0000-0000-0000-000000000000 LogonProcessName=Advapi   LogonType=5 Opcode=0 ProcessID=512 ProcessId=488 ProcessName=C:\\Windows\\System32\\services.exe ProviderGuid=54849625-5478-4994-A5BA-3E3B0328C30D ProviderName=Microsoft-Windows-Security-Auditing SubjectDomainName=WORKGROUP SubjectLogonId=999 SubjectUserName=IACIS-HDD-2014$ SubjectUserSid=S-1-5-18 TargetDomainName=NT AUTHORITY TargetLogonId=999 TargetUserName=SYSTEM TargetUserSid=S-1-5-18 Task=12544 ThreadID=1740 TimeCreated=2014-02-16T19:50:52.833415985Z TransmittedServices=- Version=0
Feb 16 2014 19:50:52.833 IACIS-HDD-2014 CEF:1|Fox Forensics|Fox|0.0.0|100|Special privileges assigned to new logon|10|Channel=Security Computer=IACIS-HDD-2014 EventID=4672 EventRecordID=2969 Keywords=9232379236109516800 Level=0 Opcode=0 PrivilegeList=SeAssignPrimaryTokenPrivilege     SeTcbPrivilege     SeSecurityPrivilege     SeTakeOwnershipPrivilege     SeLoadDriverPrivilege     SeBackupPrivilege     SeRestorePrivilege     SeDebugPrivilege     SeAuditPrivilege     SeSystemEnvironmentPrivilege     SeImpersonatePrivilege ProcessID=512 ProviderGuid=54849625-5478-4994-A5BA-3E3B0328C30D ProviderName=Microsoft-Windows-Security-Auditing SubjectDomainName=NT AUTHORITY SubjectLogonId=999 SubjectUserName=SYSTEM SubjectUserSid=S-1-5-18 Task=12548 ThreadID=1740 TimeCreated=2014-02-16T19:50:52.833415985Z Version=0
Feb 16 2014 20:00:53.652 IACIS-HDD-2014 CEF:1|Fox Forensics|Fox|0.0.0|100|An account was successfully logged on|10|AuthenticationPackageName=Negotiate Channel=Security Computer=IACIS-HDD-2014 EventID=4624 EventRecordID=2970 IpAddress=- IpPort=- KeyLength=0 Keywords=9232379236109516800 Level=0 LmPackageName=- LogonGuid=00000000-0000-0000-0000-000000000000 LogonProcessName=Advapi   LogonType=5 Opcode=0 ProcessID=512 ProcessId=488 ProcessName=C:\\Windows\\System32\\services.exe ProviderGuid=54849625-5478-4994-A5BA-3E3B0328C30D ProviderName=Microsoft-Windows-Security-Auditing SubjectDomainName=WORKGROUP SubjectLogonId=999 SubjectUserName=IACIS-HDD-2014$ SubjectUserSid=S-1-5-18 TargetDomainName=NT AUTHORITY TargetLogonId=999 TargetUserName=SYSTEM TargetUserSid=S-1-5-18 Task=12544 ThreadID=3388 TimeCreated=2014-02-16T20:00:53.652872085Z TransmittedServices=- Version=0
Feb 16 2014 20:00:53.652 IACIS-HDD-2014 CEF:1|Fox Forensics|Fox|0.0.0|100|Special privileges assigned to new logon|10|Channel=Security Computer=IACIS-HDD-2014 EventID=4672 EventRecordID=2971 Keywords=9232379236109516800 Level=0 Opcode=0 PrivilegeList=SeAssignPrimaryTokenPrivilege     SeTcbPrivilege     SeSecurityPrivilege     SeTakeOwnershipPrivilege     SeLoadDriverPrivilege     SeBackupPrivilege     SeRestorePrivilege     SeDebugPrivilege     SeAuditPrivilege     SeSystemEnvironmentPrivilege     SeImpersonatePrivilege ProcessID=512 ProviderGuid=54849625-5478-4994-A5BA-3E3B0328C30D ProviderName=Microsoft-Windows-Security-Auditing SubjectDomainName=NT AUTHORITY SubjectLogonId=999 SubjectUserName=SYSTEM SubjectUserSid=S-1-5-18 Task=12548 ThreadID=3388 TimeCreated=2014-02-16T20:00:53.652872085Z Version=0
Feb 16 2014 20:00:53.933 IACIS-HDD-2014 CEF:1|Fox Forensics|Fox|0.0.0|100|An account was successfully logged on|10|AuthenticationPackageName=Negotiate Channel=Security Computer=IACIS-HDD-2014 EventID=4624 EventRecordID=2972 IpAddress=- IpPort=- KeyLength=0 Keywords=9232379236109516800 Level=0 LmPackageName=- LogonGuid=00000000-0000-0000-0000-000000000000 LogonProcessName=Advapi   LogonType=5 Opcode=0 ProcessID=512 ProcessId=488 ProcessName=C:\\Windows\\System32\\services.exe ProviderGuid=54849625-5478-4994-A5BA-3E3B0328C30D ProviderName=Microsoft-Windows-Security-Auditing SubjectDomainName=WORKGROUP SubjectLogonId=999 SubjectUserName=IACIS-HDD-2014$ SubjectUserSid=S-1-5-18 TargetDomainName=NT AUTHORITY TargetLogonId=999 TargetUserName=SYSTEM TargetUserSid=S-1-5-18 Task=12544 ThreadID=208 TimeCreated=2014-02-16T20:00:53.933671951Z TransmittedServices=- Version=0
Feb 16 2014 20:00:53.933 IACIS-HDD-2014 CEF:1|Fox Forensics|Fox|0.0.0|100|Special privileges assigned to new logon|10|Channel=Security Computer=IACIS-HDD-2014 EventID=4672 EventRecordID=2973 Keywords=9232379236109516800 Level=0 Opcode=0 PrivilegeList=SeAssignPrimaryTokenPrivilege     SeTcbPrivilege     SeSecurityPrivilege     SeTakeOwnershipPrivilege     SeLoadDriverPrivilege     SeBackupPrivilege     SeRestorePrivilege     SeDebugPrivilege     SeAuditPrivilege     SeSystemEnvironmentPrivilege     SeImpersonatePrivilege ProcessID=512 ProviderGuid=54849625-5478-4994-A5BA-3E3B0328C30D ProviderName=Microsoft-Windows-Security-Auditing SubjectDomainName=NT AUTHORITY SubjectLogonId=999 SubjectUserName=SYSTEM SubjectUserSid=S-1-5-18 Task=12548 ThreadID=208 TimeCreated=2014-02-16T20:00:53.933671951Z Version=0
Feb 16 2014 20:01:07.786 IACIS-HDD-2014 CEF:1|Fox Forensics|Fox|0.0.0|100|An attempt was made to register a security event source|10|AuditSourceName=VSSAudit Channel=Security Computer=IACIS-HDD-2014 EventID=4904 EventRecordID=2974 EventSourceId=2765684 Keywords=9232379236109516800 Level=0 Opcode=0 ProcessID=512 ProcessId=3044 ProcessName=C:\\Windows\\System32\\VSSVC.exe ProviderGuid=54849625-5478-4994-A5BA-3E3B0328C30D ProviderName=Microsoft-Windows-Security-Auditing SubjectDomainName=WORKGROUP SubjectLogonId=999 SubjectUserName=IACIS-HDD-2014$ SubjectUserSid=S-1-5-18 Task=13568 ThreadID=1740 TimeCreated=2014-02-16T20:01:07.786495923Z Version=0
Feb 16 2014 20:01:07.786 IACIS-HDD-2014 CEF:1|Fox Forensics|Fox|0.0.0|100|An attempt was made to unregister a security event source|10|AuditSourceName=VSSAudit Channel=Security Computer=IACIS-HDD-2014 EventID=4905 EventRecordID=2975 EventSourceId=2765684 Keywords=9232379236109516800 Level=0 Opcode=0 ProcessID=512 ProcessId=3044 ProcessName=C:\\Windows\\System32\\VSSVC.exe ProviderGuid=54849625-5478-4994-A5BA-3E3B0328C30D ProviderName=Microsoft-Windows-Security-Auditing SubjectDomainName=WORKGROUP SubjectLogonId=999 SubjectUserName=IACIS-HDD-2014$ SubjectUserSid=S-1-5-18 Task=13568 ThreadID=1740 TimeCreated=2014-02-16T20:01:07.786495923Z Version=0
Feb 16 2014 20:01:42.792 IACIS-HDD-2014 CEF:1|Fox Forensics|Fox|0.0.0|100|Special privileges assigned to new logon|10|Channel=Security Computer=IACIS-HDD-2014 EventID=4672 EventRecordID=2977 Keywords=9232379236109516800 Level=0 Opcode=0 PrivilegeList=SeAssignPrimaryTokenPrivilege     SeTcbPrivilege     SeSecurityPrivilege     SeTakeOwnershipPrivilege     SeLoadDriverPrivilege     SeBackupPrivilege     SeRestorePrivilege     SeDebugPrivilege     SeAuditPrivilege     SeSystemEnvironmentPrivilege     SeImpersonatePrivilege ProcessID=512 ProviderGuid=54849625-5478-4994-A5BA-3E3B0328C30D ProviderName=Microsoft-Windows-Security-Auditing SubjectDomainName=NT AUTHORITY SubjectLogonId=999 SubjectUserName=SYSTEM SubjectUserSid=S-1-5-18 Task=12548 ThreadID=3388 TimeCreated=2014-02-16T20:01:42.792958498Z Version=0
Feb 16 2014 20:01:42.792 IACIS-HDD-2014 CEF:1|Fox Forensics|Fox|0.0.0|100|An account was successfully logged on|10|AuthenticationPackageName=Negotiate Channel=Security Computer=IACIS-HDD-2014 EventID=4624 EventRecordID=2976 IpAddress=- IpPort=- KeyLength=0 Keywords=9232379236109516800 Level=0 LmPackageName=- LogonGuid=00000000-0000-0000-0000-000000000000 LogonProcessName=Advapi   LogonType=5 Opcode=0 ProcessID=512 ProcessId=488 ProcessName=C:\\Windows\\System32\\services.exe ProviderGuid=54849625-5478-4994-A5BA-3E3B0328C30D ProviderName=Microsoft-Windows-Security-Auditing SubjectDomainName=WORKGROUP SubjectLogonId=999 SubjectUserName=IACIS-HDD-2014$ SubjectUserSid=S-1-5-18 TargetDomainName=NT AUTHORITY TargetLogonId=999 TargetUserName=SYSTEM TargetUserSid=S-1-5-18 Task=12544 ThreadID=3388 TimeCreated=2014-02-16T20:01:42.792958498Z TransmittedServices=- Version=0
Feb 16 2014 21:50:40.841 IACIS-HDD-2014 CEF:1|Fox Forensics|Fox|0.0.0|100|An account was successfully logged on|10|AuthenticationPackageName=- Channel=Security Computer=IACIS-HDD-2014 EventID=4624 EventRecordID=2981 IpAddress=- IpPort=- KeyLength=0 Keywords=9232379236109516800 Level=0 LmPackageName=- LogonGuid=00000000-0000-0000-0000-000000000000 LogonProcessName=- LogonType=0 Opcode=0 ProcessID=512 ProcessId=4 ProviderGuid=54849625-5478-4994-A5BA-3E3B0328C30D ProviderName=Microsoft-Windows-Security-Auditing SubjectDomainName=- SubjectLogonId=0 SubjectUserName=- SubjectUserSid=S-1-0-0 TargetDomainName=NT AUTHORITY TargetLogonId=999 TargetUserName=SYSTEM TargetUserSid=S-1-5-18 Task=12544 ThreadID=516 TimeCreated=2014-02-16T21:50:40.841219186Z TransmittedServices=- Version=0 WorkstationName=-
Feb 16 2014 21:50:41.262 IACIS-HDD-2014 CEF:1|Fox Forensics|Fox|0.0.0|100|The Per-user audit policy table was created|10|Channel=Security Computer=IACIS-HDD-2014 EventID=4902 EventRecordID=2982 Keywords=9232379236109516800 Level=0 Opcode=0 ProcessID=512 ProviderGuid=54849625-5478-4994-A5BA-3E3B0328C30D ProviderName=Microsoft-Windows-Security-Auditing PuaCount=0 PuaPolicyId=37251 Task=13568 ThreadID=564 TimeCreated=2014-02-16T21:50:41.262420892Z Version=0
Feb 16 2014 21:50:41.558 IACIS-HDD-2014 CEF:1|Fox Forensics|Fox|0.0.0|100|Special privileges assigned to new logon|10|Channel=Security Computer=IACIS-HDD-2014 EventID=4672 EventRecordID=2984 Keywords=9232379236109516800 Level=0 Opcode=0 PrivilegeList=SeAssignPrimaryTokenPrivilege     SeTcbPrivilege     SeSecurityPrivilege     SeTakeOwnershipPrivilege     SeLoadDriverPrivilege     SeBackupPrivilege     SeRestorePrivilege     SeDebugPrivilege     SeAuditPrivilege     SeSystemEnvironmentPrivilege     SeImpersonatePrivilege ProcessID=512 ProviderGuid=54849625-5478-4994-A5BA-3E3B0328C30D ProviderName=Microsoft-Windows-Security-Auditing SubjectDomainName=NT AUTHORITY SubjectLogonId=999 SubjectUserName=SYSTEM SubjectUserSid=S-1-5-18 Task=12548 ThreadID=584 TimeCreated=2014-02-16T21:50:41.558820724Z Version=0
Feb 16 2014 21:50:41.558 IACIS-HDD-2014 CEF:1|Fox Forensics|Fox|0.0.0|100|An account was successfully logged on|10|AuthenticationPackageName=Negotiate Channel=Security Computer=IACIS-HDD-2014 EventID=4624 EventRecordID=2983 IpAddress=- IpPort=- KeyLength=0 Keywords=9232379236109516800 Level=0 LmPackageName=- LogonGuid=00000000-0000-0000-0000-000000000000 LogonProcessName=Advapi   LogonType=5 Opcode=0 ProcessID=512 ProcessId=488 ProcessName=C:\\Windows\\System32\\services.exe ProviderGuid=54849625-5478-4994-A5BA-3E3B0328C30D ProviderName=Microsoft-Windows-Security-Auditing SubjectDomainName=WORKGROUP SubjectLogonId=999 SubjectUserName=IACIS-HDD-2014$ SubjectUserSid=S-1-5-18 TargetDomainName=NT AUTHORITY TargetLogonId=999 TargetUserName=SYSTEM TargetUserSid=S-1-5-18 Task=12544 ThreadID=584 TimeCreated=2014-02-16T21:50:41.558820724Z TransmittedServices=- Version=0
Feb 16 2014 21:50:41.746 IACIS-HDD-2014 CEF:1|Fox Forensics|Fox|0.0.0|100|An account was successfully logged on|10|AuthenticationPackageName=Negotiate Channel=Security Computer=IACIS-HDD-2014 EventID=4624 EventRecordID=2985 IpAddress=- IpPort=- KeyLength=0 Keywords=9232379236109516800 Level=0 LmPackageName=- LogonGuid=00000000-0000-0000-0000-000000000000 LogonProcessName=Advapi   LogonType=5 Opcode=0 ProcessID=512 ProcessId=488 ProcessName=C:\\Windows\\System32\\services.exe ProviderGuid=54849625-5478-4994-A5BA-3E3B0328C30D ProviderName=Microsoft-Windows-Security-Auditing SubjectDomainName=WORKGROUP SubjectLogonId=999 SubjectUserName=IACIS-HDD-2014$ SubjectUserSid=S-1-5-18 TargetDomainName=NT AUTHORITY TargetLogonId=996 TargetUserName=NETWORK SERVICE TargetUserSid=S-1-5-20 Task=12544 ThreadID=584 TimeCreated=2014-02-16T21:50:41.746020793Z TransmittedServices=- Version=0
Feb 16 2014 21:50:41.746 IACIS-HDD-2014 CEF:1|Fox Forensics|Fox|0.0.0|100|Special privileges assigned to new logon|10|Channel=Security Computer=IACIS-HDD-2014 EventID=4672 EventRecordID=2986 Keywords=9232379236109516800 Level=0 Opcode=0 PrivilegeList=SeAssignPrimaryTokenPrivilege     SeAuditPrivilege     SeImpersonatePrivilege ProcessID=512 ProviderGuid=54849625-5478-4994-A5BA-3E3B0328C30D ProviderName=Microsoft-Windows-Security-Auditing SubjectDomainName=NT AUTHORITY SubjectLogonId=996 SubjectUserName=NETWORK SERVICE SubjectUserSid=S-1-5-20 Task=12548 ThreadID=584 TimeCreated=2014-02-16T21:50:41.746020793Z Version=0
Feb 16 2014 21:50:41.808 IACIS-HDD-2014 CEF:1|Fox Forensics|Fox|0.0.0|100|An account was successfully logged on|10|AuthenticationPackageName=Negotiate Channel=Security Computer=IACIS-HDD-2014 EventID=4624 EventRecordID=2987 IpAddress=- IpPort=- KeyLength=0 Keywords=9232379236109516800 Level=0 LmPackageName=- LogonGuid=00000000-0000-0000-0000-000000000000 LogonProcessName=Advapi   LogonType=5 Opcode=0 ProcessID=512 ProcessId=488 ProcessName=C:\\Windows\\System32\\services.exe ProviderGuid=54849625-5478-4994-A5BA-3E3B0328C30D ProviderName=Microsoft-Windows-Security-Auditing SubjectDomainName=WORKGROUP SubjectLogonId=999 SubjectUserName=IACIS-HDD-2014$ SubjectUserSid=S-1-5-18 TargetDomainName=NT AUTHORITY TargetLogonId=999 TargetUserName=SYSTEM TargetUserSid=S-1-5-18 Task=12544 ThreadID=584 TimeCreated=2014-02-16T21:50:41.808422327Z TransmittedServices=- Version=0
Feb 16 2014 21:50:41.808 IACIS-HDD-2014 CEF:1|Fox Forensics|Fox|0.0.0|100|Special privileges assigned to new logon|10|Channel=Security Computer=IACIS-HDD-2014 EventID=4672 EventRecordID=2988 Keywords=9232379236109516800 Level=0 Opcode=0 PrivilegeList=SeAssignPrimaryTokenPrivilege     SeTcbPrivilege     SeSecurityPrivilege     SeTakeOwnershipPrivilege     SeLoadDriverPrivilege     SeBackupPrivilege     SeRestorePrivilege     SeDebugPrivilege     SeAuditPrivilege     SeSystemEnvironmentPrivilege     SeImpersonatePrivilege ProcessID=512 ProviderGuid=54849625-5478-4994-A5BA-3E3B0328C30D ProviderName=Microsoft-Windows-Security-Auditing SubjectDomainName=NT AUTHORITY SubjectLogonId=999 SubjectUserName=SYSTEM SubjectUserSid=S-1-5-18 Task=12548 ThreadID=584 TimeCreated=2014-02-16T21:50:41.808422327Z Version=0
Feb 16 2014 21:50:44.460 IACIS-HDD-2014 CEF:1|Fox Forensics|Fox|0.0.0|100|Special privileges assigned to new logon|10|Channel=Security Computer=IACIS-HDD-2014 EventID=4672 EventRecordID=2990 Keywords=9232379236109516800 Level=0 Opcode=0 PrivilegeList=SeAssignPrimaryTokenPrivilege     SeAuditPrivilege     SeImpersonatePrivilege ProcessID=512 ProviderGuid=54849625-5478-4994-A5BA-3E3B0328C30D ProviderName=Microsoft-Windows-Security-Auditing SubjectDomainName=NT AUTHORITY SubjectLogonId=997 SubjectUserName=LOCAL SERVICE SubjectUserSid=S-1-5-19 Task=12548 ThreadID=560 TimeCreated=2014-02-16T21:50:44.460425615Z Version=0
Feb 16 2014 21:50:44.460 IACIS-HDD-2014 CEF:1|Fox Forensics|Fox|0.0.0|100|An account was successfully logged on|10|AuthenticationPackageName=Negotiate Channel=Security Computer=IACIS-HDD-2014 EventID=4624 EventRecordID=2989 IpAddress=- IpPort=- KeyLength=0 Keywords=9232379236109516800 Level=0 LmPackageName=- LogonGuid=00000000-0000-0000-0000-000000000000 LogonProcessName=Advapi   LogonType=5 Opcode=0 ProcessID=512 ProcessId=488 ProcessName=C:\\Windows\\System32\\services.exe ProviderGuid=54849625-5478-4994-A5BA-3E3B0328C30D ProviderName=Microsoft-Windows-Security-Auditing SubjectDomainName=WORKGROUP SubjectLogonId=999 SubjectUserName=IACIS-HDD-2014$ SubjectUserSid=S-1-5-18 TargetDomainName=NT AUTHORITY TargetLogonId=997 TargetUserName=LOCAL SERVICE TargetUserSid=S-1-5-19 Task=12544 ThreadID=560 TimeCreated=2014-02-16T21:50:44.460425615Z TransmittedServices=- Version=0
Feb 16 2014 21:50:44.663 IACIS-HDD-2014 CEF:1|Fox Forensics|Fox|0.0.0|100|An account was successfully logged on|10|AuthenticationPackageName=Negotiate Channel=Security Computer=IACIS-HDD-2014 EventID=4624 EventRecordID=2991 IpAddress=- IpPort=- KeyLength=0 Keywords=9232379236109516800 Level=0 LmPackageName=- LogonGuid=00000000-0000-0000-0000-000000000000 LogonProcessName=Advapi   LogonType=5 Opcode=0 ProcessID=512 ProcessId=488 ProcessName=C:\\Windows\\System32\\services.exe ProviderGuid=54849625-5478-4994-A5BA-3E3B0328C30D ProviderName=Microsoft-Windows-Security-Auditing SubjectDomainName=WORKGROUP SubjectLogonId=999 SubjectUserName=IACIS-HDD-2014$ SubjectUserSid=S-1-5-18 TargetDomainName=NT AUTHORITY TargetLogonId=999 TargetUserName=SYSTEM TargetUserSid=S-1-5-18 Task=12544 ThreadID=560 TimeCreated=2014-02-16T21:50:44.663227081Z TransmittedServices=- Version=0
Feb 16 2014 21:50:44.663 IACIS-HDD-2014 CEF:1|Fox Forensics|Fox|0.0.0|100|Special privileges assigned to new logon|10|Channel=Security Computer=IACIS-HDD-2014 EventID=4672 EventRecordID=2992 Keywords=9232379236109516800 Level=0 Opcode=0 PrivilegeList=SeAssignPrimaryTokenPrivilege     SeTcbPrivilege     SeSecurityPrivilege     SeTakeOwnershipPrivilege     SeLoadDriverPrivilege     SeBackupPrivilege     SeRestorePrivilege     SeDebugPrivilege     SeAuditPrivilege     SeSystemEnvironmentPrivilege     SeImpersonatePrivilege ProcessID=512 ProviderGuid=54849625-5478-4994-A5BA-3E3B0328C30D ProviderName=Microsoft-Windows-Security-Auditing SubjectDomainName=NT AUTHORITY SubjectLogonId=999 SubjectUserName=SYSTEM SubjectUserSid=S-1-5-18 Task=12548 ThreadID=560 TimeCreated=2014-02-16T21:50:44.663227081Z Version=0
Feb 16 2014 21:50:44.678 IACIS-HDD-2014 CEF:1|Fox Forensics|Fox|0.0.0|100|An account was successfully logged on|10|AuthenticationPackageName=Negotiate Channel=Security Computer=IACIS-HDD-2014 EventID=4624 EventRecordID=2993 IpAddress=- IpPort=- KeyLength=0 Keywords=9232379236109516800 Level=0 LmPackageName=- LogonGuid=00000000-0000-0000-0000-000000000000 LogonProcessName=Advapi   LogonType=5 Opcode=0 ProcessID=512 ProcessId=488 ProcessName=C:\\Windows\\System32\\services.exe ProviderGuid=54849625-5478-4994-A5BA-3E3B0328C30D ProviderName=Microsoft-Windows-Security-Auditing SubjectDomainName=WORKGROUP SubjectLogonId=999 SubjectUserName=IACIS-HDD-2014$ SubjectUserSid=S-1-5-18 TargetDomainName=NT AUTHORITY TargetLogonId=999 TargetUserName=SYSTEM TargetUserSid=S-1-5-18 Task=12544 ThreadID=560 TimeCreated=2014-02-16T21:50:44.678827285Z TransmittedServices=- Version=0
Feb 16 2014 21:50:44.678 IACIS-HDD-2014 CEF:1|Fox Forensics|Fox|0.0.0|100|Special privileges assigned to new logon|10|Channel=Security Computer=IACIS-HDD-2014 EventID=4672 EventRecordID=2994 Keywords=9232379236109516800 Level=0 Opcode=0 PrivilegeList=SeAssignPrimaryTokenPrivilege     SeTcbPrivilege     SeSecurityPrivilege     SeTakeOwnershipPrivilege     SeLoadDriverPrivilege     SeBackupPrivilege     SeRestorePrivilege     SeDebugPrivilege     SeAuditPrivilege     SeSystemEnvironmentPrivilege     SeImpersonatePrivilege ProcessID=512 ProviderGuid=54849625-5478-4994-A5BA-3E3B0328C30D ProviderName=Microsoft-Windows-Security-Auditing SubjectDomainName=NT AUTHORITY SubjectLogonId=999 SubjectUserName=SYSTEM SubjectUserSid=S-1-5-18 Task=12548 ThreadID=560 TimeCreated=2014-02-16T21:50:44.678827285Z Version=0
Feb 16 2014 21:50:50.772 IACIS-HDD-2014 CEF:1|Fox Forensics|Fox|0.0.0|100|An account was successfully logged on|10|AuthenticationPackageName=Negotiate Channel=Security Computer=IACIS-HDD-2014 EventID=4624 EventRecordID=2996 IpAddress=- IpPort=- KeyLength=0 Keywords=9232379236109516800 Level=0 LmPackageName=- LogonGuid=00000000-0000-0000-0000-000000000000 LogonProcessName=Advapi   LogonType=5 Opcode=0 ProcessID=512 ProcessId=488 ProcessName=C:\\Windows\\System32\\services.exe ProviderGuid=54849625-5478-4994-A5BA-3E3B0328C30D ProviderName=Microsoft-Windows-Security-Auditing SubjectDomainName=WORKGROUP SubjectLogonId=999 SubjectUserName=IACIS-HDD-2014$ SubjectUserSid=S-1-5-18 TargetDomainName=NT AUTHORITY TargetLogonId=999 TargetUserName=SYSTEM TargetUserSid=S-1-5-18 Task=12544 ThreadID=560 TimeCreated=2014-02-16T21:50:50.772836685Z TransmittedServices=- Version=0
Feb 16 2014 21:50:50.772 IACIS-HDD-2014 CEF:1|Fox Forensics|Fox|0.0.0|100|Special privileges assigned to new logon|10|Channel=Security Computer=IACIS-HDD-2014 EventID=4672 EventRecordID=2997 Keywords=9232379236109516800 Level=0 Opcode=0 PrivilegeList=SeAssignPrimaryTokenPrivilege     SeTcbPrivilege     SeSecurityPrivilege     SeTakeOwnershipPrivilege     SeLoadDriverPrivilege     SeBackupPrivilege     SeRestorePrivilege     SeDebugPrivilege     SeAuditPrivilege     SeSystemEnvironmentPrivilege     SeImpersonatePrivilege ProcessID=512 ProviderGuid=54849625-5478-4994-A5BA-3E3B0328C30D ProviderName=Microsoft-Windows-Security-Auditing SubjectDomainName=NT AUTHORITY SubjectLogonId=999 SubjectUserName=SYSTEM SubjectUserSid=S-1-5-18 Task=12548 ThreadID=560 TimeCreated=2014-02-16T21:50:50.772836685Z Version=0
Feb 16 2014 21:50:50.834 IACIS-HDD-2014 CEF:1|Fox Forensics|Fox|0.0.0|100|Special privileges assigned to new logon|10|Channel=Security Computer=IACIS-HDD-2014 EventID=4672 EventRecordID=3000 Keywords=9232379236109516800 Level=0 Opcode=0 PrivilegeList=SeSecurityPrivilege     SeTakeOwnershipPrivilege     SeLoadDriverPrivilege     SeBackupPrivilege     SeRestorePrivilege     SeDebugPrivilege     SeSystemEnvironmentPrivilege     SeImpersonatePrivilege ProcessID=512 ProviderGuid=54849625-5478-4994-A5BA-3E3B0328C30D ProviderName=Microsoft-Windows-Security-Auditing SubjectDomainName=IACIS-HDD-2014 SubjectLogonId=88877 SubjectUserName=BillyBob SubjectUserSid=S-1-5-21-1171287513-3642516788-2358256967-1001 Task=12548 ThreadID=560 TimeCreated=2014-02-16T21:50:50.83483839Z Version=0
Feb 16 2014 21:50:50.834 IACIS-HDD-2014 CEF:1|Fox Forensics|Fox|0.0.0|100|A logon was attempted using explicit credentials|10|Channel=Security Computer=IACIS-HDD-2014 EventID=4648 EventRecordID=2998 IpAddress=- IpPort=- Keywords=9232379236109516800 Level=0 LogonGuid=00000000-0000-0000-0000-000000000000 Opcode=0 ProcessID=512 ProcessId=960 ProcessName=C:\\Windows\\System32\\svchost.exe ProviderGuid=54849625-5478-4994-A5BA-3E3B0328C30D ProviderName=Microsoft-Windows-Security-Auditing SubjectDomainName=WORKGROUP SubjectLogonId=999 SubjectUserName=IACIS-HDD-2014$ SubjectUserSid=S-1-5-18 TargetDomainName=IACIS-HDD-2014 TargetInfo=localhost TargetLogonGuid=00000000-0000-0000-0000-000000000000 TargetServerName=localhost TargetUserName=BillyBob Task=12544 ThreadID=560 TimeCreated=2014-02-16T21:50:50.83483839Z Version=0
Feb 16 2014 21:50:50.834 IACIS-HDD-2014 CEF:1|Fox Forensics|Fox|0.0.0|100|An account was successfully logged on|10|AuthenticationPackageName=Negotiate Channel=Security Computer=IACIS-HDD-2014 EventID=4624 EventRecordID=2999 IpAddress=- IpPort=- KeyLength=0 Keywords=9232379236109516800 Level=0 LmPackageName=- LogonGuid=00000000-0000-0000-0000-000000000000 LogonProcessName=Advapi   LogonType=4 Opcode=0 ProcessID=512 ProcessId=960 ProcessName=C:\\Windows\\System32\\svchost.exe ProviderGuid=54849625-5478-4994-A5BA-3E3B0328C30D ProviderName=Microsoft-Windows-Security-Auditing SubjectDomainName=WORKGROUP SubjectLogonId=999 SubjectUserName=IACIS-HDD-2014$ SubjectUserSid=S-1-5-18 TargetDomainName=IACIS-HDD-2014 TargetLogonId=88877 TargetUserName=BillyBob TargetUserSid=S-1-5-21-1171287513-3642516788-2358256967-1001 Task=12544 ThreadID=560 TimeCreated=2014-02-16T21:50:50.83483839Z TransmittedServices=- Version=0 WorkstationName=IACIS-HDD-2014
Feb 16 2014 21:50:55.275 IACIS-HDD-2014 CEF:1|Fox Forensics|Fox|0.0.0|100|An account was successfully logged on|10|AuthenticationPackageName=NTLM Channel=Security Computer=IACIS-HDD-2014 EventID=4624 EventRecordID=3003 IpAddress=- IpPort=- KeyLength=0 Keywords=9232379236109516800 Level=0 LmPackageName=NTLM V1 LogonGuid=00000000-0000-0000-0000-000000000000 LogonProcessName=NtLmSsp  LogonType=3 Opcode=0 ProcessID=512 ProcessId=0 ProcessName=- ProviderGuid=54849625-5478-4994-A5BA-3E3B0328C30D ProviderName=Microsoft-Windows-Security-Auditing SubjectDomainName=- SubjectLogonId=0 SubjectUserName=- SubjectUserSid=S-1-0-0 TargetDomainName=NT AUTHORITY TargetLogonId=119285 TargetUserName=ANONYMOUS LOGON TargetUserSid=S-1-5-7 Task=12544 ThreadID=572 TimeCreated=2014-02-16T21:50:55.275444746Z TransmittedServices=- Version=0
Feb 16 2014 21:50:55.322 IACIS-HDD-2014 CEF:1|Fox Forensics|Fox|0.0.0|100|Special privileges assigned to new logon|10|Channel=Security Computer=IACIS-HDD-2014 EventID=4672 EventRecordID=3005 Keywords=9232379236109516800 Level=0 Opcode=0 PrivilegeList=SeAssignPrimaryTokenPrivilege     SeTcbPrivilege     SeSecurityPrivilege     SeTakeOwnershipPrivilege     SeLoadDriverPrivilege     SeBackupPrivilege     SeRestorePrivilege     SeDebugPrivilege     SeAuditPrivilege     SeSystemEnvironmentPrivilege     SeImpersonatePrivilege ProcessID=512 ProviderGuid=54849625-5478-4994-A5BA-3E3B0328C30D ProviderName=Microsoft-Windows-Security-Auditing SubjectDomainName=NT AUTHORITY SubjectLogonId=999 SubjectUserName=SYSTEM SubjectUserSid=S-1-5-18 Task=12548 ThreadID=572 TimeCreated=2014-02-16T21:50:55.322244882Z Version=0
Feb 16 2014 21:50:55.322 IACIS-HDD-2014 CEF:1|Fox Forensics|Fox|0.0.0|100|An account was successfully logged on|10|AuthenticationPackageName=Negotiate Channel=Security Computer=IACIS-HDD-2014 EventID=4624 EventRecordID=3004 IpAddress=- IpPort=- KeyLength=0 Keywords=9232379236109516800 Level=0 LmPackageName=- LogonGuid=00000000-0000-0000-0000-000000000000 LogonProcessName=Advapi   LogonType=5 Opcode=0 ProcessID=512 ProcessId=488 ProcessName=C:\\Windows\\System32\\services.exe ProviderGuid=54849625-5478-4994-A5BA-3E3B0328C30D ProviderName=Microsoft-Windows-Security-Auditing SubjectDomainName=WORKGROUP SubjectLogonId=999 SubjectUserName=IACIS-HDD-2014$ SubjectUserSid=S-1-5-18 TargetDomainName=NT AUTHORITY TargetLogonId=999 TargetUserName=SYSTEM TargetUserSid=S-1-5-18 Task=12544 ThreadID=572 TimeCreated=2014-02-16T21:50:55.322244882Z TransmittedServices=- Version=0
Feb 16 2014 21:51:17.411 IACIS-HDD-2014 CEF:1|Fox Forensics|Fox|0.0.0|100|Special privileges assigned to new logon|10|Channel=Security Computer=IACIS-HDD-2014 EventID=4672 EventRecordID=3009 Keywords=9232379236109516800 Level=0 Opcode=0 PrivilegeList=SeSecurityPrivilege     SeTakeOwnershipPrivilege     SeLoadDriverPrivilege     SeBackupPrivilege     SeRestorePrivilege     SeDebugPrivilege     SeSystemEnvironmentPrivilege     SeImpersonatePrivilege ProcessID=512 ProviderGuid=54849625-5478-4994-A5BA-3E3B0328C30D ProviderName=Microsoft-Windows-Security-Auditing SubjectDomainName=IACIS-HDD-2014 SubjectLogonId=186453 SubjectUserName=Jimmy Wilson SubjectUserSid=S-1-5-21-1171287513-3642516788-2358256967-1004 Task=12548 ThreadID=560 TimeCreated=2014-02-16T21:51:17.411884784Z Version=0
