Feb 16 2014 21:51:17.411 IACIS-HDD-2014 CEF:1|Fox Forensics|Fox|0.0.0|100|An account was successfully logged on|10|AuthenticationPackageName=Negotiate Channel=Security Computer=IACIS-HDD-2014 EventID=4624 EventRecordID=3008 IpAddress=127.0.0.1 IpPort=0 KeyLength=0 Keywords=9232379236109516800 Level=0 LmPackageName=- LogonGuid=00000000-0000-0000-0000-000000000000 LogonProcessName=User32  LogonType=2 Opcode=0 ProcessID=512 ProcessId=456 ProcessName=C:\\Windows\\System32\\winlogon.exe ProviderGuid=54849625-5478-4994-A5BA-3E3B0328C30D ProviderName=Microsoft-Windows-Security-Auditing SubjectDomainName=WORKGROUP SubjectLogonId=999 SubjectUserName=IACIS-HDD-2014$ SubjectUserSid=S-1-5-18 TargetDomainName=IACIS-HDD-2014 TargetLogonId=186473 TargetUserName=Jimmy Wilson TargetUserSid=S-1-5-21-1171287513-3642516788-2358256967-1004 Task=12544 ThreadID=560 TimeCreated=2014-02-16T21:51:17.411884784Z TransmittedServices=- Version=0 WorkstationName=IACIS-HDD-2014
Feb 16 2014 21:51:17.411 IACIS-HDD-2014 CEF:1|Fox Forensics|Fox|0.0.0|100|An account was successfully logged on|10|AuthenticationPackageName=Negotiate Channel=Security Computer=IACIS-HDD-2014 EventID=4624 EventRecordID=3007 IpAddress=127.0.0.1 IpPort=0 KeyLength=0 Keywords=9232379236109516800 Level=0 LmPackageName=- LogonGuid=00000000-0000-0000-0000-000000000000 LogonProcessName=User32  LogonType=2 Opcode=0 ProcessID=512 ProcessId=456 ProcessName=C:\\Windows\\System32\\winlogon.exe ProviderGuid=54849625-5478-4994-A5BA-3E3B0328C30D ProviderName=Microsoft-Windows-Security-Auditing SubjectDomainName=WORKGROUP SubjectLogonId=999 SubjectUserName=IACIS-HDD-2014$ SubjectUserSid=S-1-5-18 TargetDomainName=IACIS-HDD-2014 TargetLogonId=186453 TargetUserName=Jimmy Wilson TargetUserSid=S-1-5-21-1171287513-3642516788-2358256967-1004 Task=12544 ThreadID=560 TimeCreated=2014-02-16T21:51:17.411884784Z TransmittedServices=- Version=0 WorkstationName=IACIS-HDD-2014
Feb 16 2014 21:51:17.411 IACIS-HDD-2014 CEF:1|Fox Forensics|Fox|0.0.0|100|A logon was attempted using explicit credentials|10|Channel=Security Computer=IACIS-HDD-2014 EventID=4648 EventRecordID=3006 IpAddress=127.0.0.1 IpPort=0 Keywords=9232379236109516800 Level=0 LogonGuid=00000000-0000-0000-0000-000000000000 Opcode=0 ProcessID=512 ProcessId=456 ProcessName=C:\\Windows\\System32\\winlogon.exe ProviderGuid=54849625-5478-4994-A5BA-3E3B0328C30D ProviderName=Microsoft-Windows-Security-Auditing SubjectDomainName=WORKGROUP SubjectLogonId=999 SubjectUserName=IACIS-HDD-2014$ SubjectUserSid=S-1-5-18 TargetDomainName=IACIS-HDD-2014 TargetInfo=localhost TargetLogonGuid=00000000-0000-0000-0000-000000000000 TargetServerName=localhost TargetUserName=Jimmy Wilson Task=12544 ThreadID=560 TimeCreated=2014-02-16T21:51:17.411884784Z Version=0
Feb 16 2014 21:51:20.182 IACIS-HDD-2014 CEF:1|Fox Forensics|Fox|0.0.0|100|Special privileges assigned to new logon|10|Channel=Security Computer=IACIS-HDD-2014 EventID=4672 EventRecordID=3011 Keywords=9232379236109516800 Level=0 Opcode=0 PrivilegeList=SeAssignPrimaryTokenPrivilege     SeTcbPrivilege     SeSecurityPrivilege     SeTakeOwnershipPrivilege     SeLoadDriverPrivilege     SeBackupPrivilege     SeRestorePrivilege     SeDebugPrivilege     SeAuditPrivilege     SeSystemEnvironmentPrivilege     SeImpersonatePrivilege ProcessID=512 ProviderGuid=54849625-5478-4994-A5BA-3E3B0328C30D ProviderName=Microsoft-Windows-Security-Auditing SubjectDomainName=NT AUTHORITY SubjectLogonId=999 SubjectUserName=SYSTEM SubjectUserSid=S-1-5-18 Task=12548 ThreadID=584 TimeCreated=2014-02-16T21:51:20.182689666Z Version=0
Feb 16 2014 21:51:20.182 IACIS-HDD-2014 CEF:1|Fox Forensics|Fox|0.0.0|100|An account was successfully logged on|10|AuthenticationPackageName=Negotiate Channel=Security Computer=IACIS-HDD-2014 EventID=4624 EventRecordID=3010 IpAddress=- IpPort=- KeyLength=0 Keywords=9232379236109516800 Level=0 LmPackageName=- LogonGuid=00000000-0000-0000-0000-000000000000 LogonProcessName=Advapi   LogonType=5 Opcode=0 ProcessID=512 ProcessId=488 ProcessName=C:\\Windows\\System32\\services.exe ProviderGuid=54849625-5478-4994-A5BA-3E3B0328C30D ProviderName=Microsoft-Windows-Security-Auditing SubjectDomainName=WORKGROUP SubjectLogonId=999 SubjectUserName=IACIS-HDD-2014$ SubjectUserSid=S-1-5-18 TargetDomainName=NT AUTHORITY TargetLogonId=999 TargetUserName=SYSTEM TargetUserSid=S-1-5-18 Task=12544 ThreadID=584 TimeCreated=2014-02-16T21:51:20.182689666Z TransmittedServices=- Version=0
Feb 16 2014 22:39:31.794 IACIS-HDD-2014 CEF:1|Fox Forensics|Fox|0.0.0|100|An account was successfully logged on|10|AuthenticationPackageName=- Channel=Security Computer=IACIS-HDD-2014 EventID=4624 EventRecordID=3022 IpAddress=- IpPort=- KeyLength=0 Keywords=9232379236109516800 Level=0 LmPackageName=- LogonGuid=00000000-0000-0000-0000-000000000000 LogonProcessName=- LogonType=0 Opcode=0 ProcessID=512 ProcessId=4 ProviderGuid=54849625-5478-4994-A5BA-3E3B0328C30D ProviderName=Microsoft-Windows-Security-Auditing SubjectDomainName=- SubjectLogonId=0 SubjectUserName=- SubjectUserSid=S-1-0-0 TargetDomainName=NT AUTHORITY TargetLogonId=999 TargetUserName=SYSTEM TargetUserSid=S-1-5-18 Task=12544 ThreadID=516 TimeCreated=2014-02-16T22:39:31.794419288Z TransmittedServices=- Version=0 WorkstationName=-
Feb 16 2014 22:39:32.215 IACIS-HDD-2014 CEF:1|Fox Forensics|Fox|0.0.0|100|The Per-user audit policy table was created|10|Channel=Security Computer=IACIS-HDD-2014 EventID=4902 EventRecordID=3023 Keywords=9232379236109516800 Level=0 Opcode=0 ProcessID=512 ProviderGuid=54849625-5478-4994-A5BA-3E3B0328C30D ProviderName=Microsoft-Windows-Security-Auditing PuaCount=0 PuaPolicyId=37121 Task=13568 ThreadID=564 TimeCreated=2014-02-16T22:39:32.215620756Z Version=0
Feb 16 2014 22:39:32.527 IACIS-HDD-2014 CEF:1|Fox Forensics|Fox|0.0.0|100|An account was successfully logged on|10|AuthenticationPackageName=Negotiate Channel=Security Computer=IACIS-HDD-2014 EventID=4624 EventRecordID=3024 IpAddress=- IpPort=- KeyLength=0 Keywords=9232379236109516800 Level=0 LmPackageName=- LogonGuid=00000000-0000-0000-0000-000000000000 LogonProcessName=Advapi   LogonType=5 Opcode=0 ProcessID=512 ProcessId=488 ProcessName=C:\\Windows\\System32\\services.exe ProviderGuid=54849625-5478-4994-A5BA-3E3B0328C30D ProviderName=Microsoft-Windows-Security-Auditing SubjectDomainName=WORKGROUP SubjectLogonId=999 SubjectUserName=IACIS-HDD-2014$ SubjectUserSid=S-1-5-18 TargetDomainName=NT AUTHORITY TargetLogonId=999 TargetUserName=SYSTEM TargetUserSid=S-1-5-18 Task=12544 ThreadID=580 TimeCreated=2014-02-16T22:39:32.527620792Z TransmittedServices=- Version=0
Feb 16 2014 22:39:32.527 IACIS-HDD-2014 CEF:1|Fox Forensics|Fox|0.0.0|100|Special privileges assigned to new logon|10|Channel=Security Computer=IACIS-HDD-2014 EventID=4672 EventRecordID=3025 Keywords=9232379236109516800 Level=0 Opcode=0 PrivilegeList=SeAssignPrimaryTokenPrivilege     SeTcbPrivilege     SeSecurityPrivilege     SeTakeOwnershipPrivilege     SeLoadDriverPrivilege     SeBackupPrivilege     SeRestorePrivilege     SeDebugPrivilege     SeAuditPrivilege     SeSystemEnvironmentPrivilege     SeImpersonatePrivilege ProcessID=512 ProviderGuid=54849625-5478-4994-A5BA-3E3B0328C30D ProviderName=Microsoft-Windows-Security-Auditing SubjectDomainName=NT AUTHORITY SubjectLogonId=999 SubjectUserName=SYSTEM SubjectUserSid=S-1-5-18 Task=12548 ThreadID=580 TimeCreated=2014-02-16T22:39:32.527620792Z Version=0
Feb 16 2014 22:39:32.730 IACIS-HDD-2014 CEF:1|Fox Forensics|Fox|0.0.0|100|An account was successfully logged on|10|AuthenticationPackageName=Negotiate Channel=Security Computer=IACIS-HDD-2014 EventID=4624 EventRecordID=3026 IpAddress=- IpPort=- KeyLength=0 Keywords=9232379236109516800 Level=0 LmPackageName=- LogonGuid=00000000-0000-0000-0000-000000000000 LogonProcessName=Advapi   LogonType=5 Opcode=0 ProcessID=512 ProcessId=488 ProcessName=C:\\Windows\\System32\\services.exe ProviderGuid=54849625-5478-4994-A5BA-3E3B0328C30D ProviderName=Microsoft-Windows-Security-Auditing SubjectDomainName=WORKGROUP SubjectLogonId=999 SubjectUserName=IACIS-HDD-2014$ SubjectUserSid=S-1-5-18 TargetDomainName=NT AUTHORITY TargetLogonId=996 TargetUserName=NETWORK SERVICE TargetUserSid=S-1-5-20 Task=12544 ThreadID=580 TimeCreated=2014-02-16T22:39:32.730420827Z TransmittedServices=- Version=0
Feb 16 2014 22:39:32.730 IACIS-HDD-2014 CEF:1|Fox Forensics|Fox|0.0.0|100|Special privileges assigned to new logon|10|Channel=Security Computer=IACIS-HDD-2014 EventID=4672 EventRecordID=3027 Keywords=9232379236109516800 Level=0 Opcode=0 PrivilegeList=SeAssignPrimaryTokenPrivilege     SeAuditPrivilege     SeImpersonatePrivilege ProcessID=512 ProviderGuid=54849625-5478-4994-A5BA-3E3B0328C30D ProviderName=Microsoft-Windows-Security-Auditing SubjectDomainName=NT AUTHORITY SubjectLogonId=996 SubjectUserName=NETWORK SERVICE SubjectUserSid=S-1-5-20 Task=12548 ThreadID=580 TimeCreated=2014-02-16T22:39:32.730420827Z Version=0
Feb 16 2014 22:39:32.777 IACIS-HDD-2014 CEF:1|Fox Forensics|Fox|0.0.0|100|Special privileges assigned to new logon|10|Channel=Security Computer=IACIS-HDD-2014 EventID=4672 EventRecordID=3029 Keywords=9232379236109516800 Level=0 Opcode=0 PrivilegeList=SeAssignPrimaryTokenPrivilege     SeTcbPrivilege     SeSecurityPrivilege     SeTakeOwnershipPrivilege     SeLoadDriverPrivilege     SeBackupPrivilege     SeRestorePrivilege     SeDebugPrivilege     SeAuditPrivilege     SeSystemEnvironmentPrivilege     SeImpersonatePrivilege ProcessID=512 ProviderGuid=54849625-5478-4994-A5BA-3E3B0328C30D ProviderName=Microsoft-Windows-Security-Auditing SubjectDomainName=NT AUTHORITY SubjectLogonId=999 SubjectUserName=SYSTEM SubjectUserSid=S-1-5-18 Task=12548 ThreadID=580 TimeCreated=2014-02-16T22:39:32.777222394Z Version=0
Feb 16 2014 22:39:32.777 IACIS-HDD-2014 CEF:1|Fox Forensics|Fox|0.0.0|100|An account was successfully logged on|10|AuthenticationPackageName=Negotiate Channel=Security Computer=IACIS-HDD-2014 EventID=4624 EventRecordID=3028 IpAddress=- IpPort=- KeyLength=0 Keywords=9232379236109516800 Level=0 LmPackageName=- LogonGuid=00000000-0000-0000-0000-000000000000 LogonProcessName=Advapi   LogonType=5 Opcode=0 ProcessID=512 ProcessId=488 ProcessName=C:\\Windows\\System32\\services.exe ProviderGuid=54849625-5478-4994-A5BA-3E3B0328C30D ProviderName=Microsoft-Windows-Security-Auditing SubjectDomainName=WORKGROUP SubjectLogonId=999 SubjectUserName=IACIS-HDD-2014$ SubjectUserSid=S-1-5-18 TargetDomainName=NT AUTHORITY TargetLogonId=999 TargetUserName=SYSTEM TargetUserSid=S-1-5-18 Task=12544 ThreadID=580 TimeCreated=2014-02-16T22:39:32.777222394Z TransmittedServices=- Version=0
Feb 16 2014 22:39:35.554 IACIS-HDD-2014 CEF:1|Fox Forensics|Fox|0.0.0|100|Special privileges assigned to new logon|10|Channel=Security Computer=IACIS-HDD-2014 EventID=4672 EventRecordID=3031 Keywords=9232379236109516800 Level=0 Opcode=0 PrivilegeList=SeAssignPrimaryTokenPrivilege     SeAuditPrivilege     SeImpersonatePrivilege ProcessID=512 ProviderGuid=54849625-5478-4994-A5BA-3E3B0328C30D ProviderName=Microsoft-Windows-Security-Auditing SubjectDomainName=NT AUTHORITY SubjectLogonId=997 SubjectUserName=LOCAL SERVICE SubjectUserSid=S-1-5-19 Task=12548 ThreadID=580 TimeCreated=2014-02-16T22:39:35.554027318Z Version=0
Feb 16 2014 22:39:35.554 IACIS-HDD-2014 CEF:1|Fox Forensics|Fox|0.0.0|100|An account was successfully logged on|10|AuthenticationPackageName=Negotiate Channel=Security Computer=IACIS-HDD-2014 EventID=4624 EventRecordID=3030 IpAddress=- IpPort=- KeyLength=0 Keywords=9232379236109516800 Level=0 LmPackageName=- LogonGuid=00000000-0000-0000-0000-000000000000 LogonProcessName=Advapi   LogonType=5 Opcode=0 ProcessID=512 ProcessId=488 ProcessName=C:\\Windows\\System32\\services.exe ProviderGuid=54849625-5478-4994-A5BA-3E3B0328C30D ProviderName=Microsoft-Windows-Security-Auditing SubjectDomainName=WORKGROUP SubjectLogonId=999 SubjectUserName=IACIS-HDD-2014$ SubjectUserSid=S-1-5-18 TargetDomainName=NT AUTHORITY TargetLogonId=997 TargetUserName=LOCAL SERVICE TargetUserSid=S-1-5-19 Task=12544 ThreadID=580 TimeCreated=2014-02-16T22:39:35.554027318Z TransmittedServices=- Version=0
Feb 16 2014 22:39:35.600 IACIS-HDD-2014 CEF:1|Fox Forensics|Fox|0.0.0|100|Special privileges assigned to new logon|10|Channel=Security Computer=IACIS-HDD-2014 EventID=4672 EventRecordID=3033 Keywords=9232379236109516800 Level=0 Opcode=0 PrivilegeList=SeAssignPrimaryTokenPrivilege     SeTcbPrivilege     SeSecurityPrivilege     SeTakeOwnershipPrivilege     SeLoadDriverPrivilege     SeBackupPrivilege     SeRestorePrivilege     SeDebugPrivilege     SeAuditPrivilege     SeSystemEnvironmentPrivilege     SeImpersonatePrivilege ProcessID=512 ProviderGuid=54849625-5478-4994-A5BA-3E3B0328C30D ProviderName=Microsoft-Windows-Security-Auditing SubjectDomainName=NT AUTHORITY SubjectLogonId=999 SubjectUserName=SYSTEM SubjectUserSid=S-1-5-18 Task=12548 ThreadID=580 TimeCreated=2014-02-16T22:39:35.600827217Z Version=0
Feb 16 2014 22:39:35.600 IACIS-HDD-2014 CEF:1|Fox Forensics|Fox|0.0.0|100|An account was successfully logged on|10|AuthenticationPackageName=Negotiate Channel=Security Computer=IACIS-HDD-2014 EventID=4624 EventRecordID=3032 IpAddress=- IpPort=- KeyLength=0 Keywords=9232379236109516800 Level=0 LmPackageName=- LogonGuid=00000000-0000-0000-0000-000000000000 LogonProcessName=Advapi   LogonType=5 Opcode=0 ProcessID=512 ProcessId=488 ProcessName=C:\\Windows\\System32\\services.exe ProviderGuid=54849625-5478-4994-A5BA-3E3B0328C30D ProviderName=Microsoft-Windows-Security-Auditing SubjectDomainName=WORKGROUP SubjectLogonId=999 SubjectUserName=IACIS-HDD-2014$ SubjectUserSid=S-1-5-18 TargetDomainName=NT AUTHORITY TargetLogonId=999 TargetUserName=SYSTEM TargetUserSid=S-1-5-18 Task=12544 ThreadID=580 TimeCreated=2014-02-16T22:39:35.600827217Z TransmittedServices=- Version=0
Feb 16 2014 22:39:35.647 IACIS-HDD-2014 CEF:1|Fox Forensics|Fox|0.0.0|100|Special privileges assigned to new logon|10|Channel=Security Computer=IACIS-HDD-2014 EventID=4672 EventRecordID=3035 Keywords=9232379236109516800 Level=0 Opcode=0 PrivilegeList=SeAssignPrimaryTokenPrivilege     SeTcbPrivilege     SeSecurityPrivilege     SeTakeOwnershipPrivilege     SeLoadDriverPrivilege     SeBackupPrivilege     SeRestorePrivilege     SeDebugPrivilege     SeAuditPrivilege     SeSystemEnvironmentPrivilege     SeImpersonatePrivilege ProcessID=512 ProviderGuid=54849625-5478-4994-A5BA-3E3B0328C30D ProviderName=Microsoft-Windows-Security-Auditing SubjectDomainName=NT AUTHORITY SubjectLogonId=999 SubjectUserName=SYSTEM SubjectUserSid=S-1-5-18 Task=12548 ThreadID=560 TimeCreated=2014-02-16T22:39:35.647627115Z Version=0
Feb 16 2014 22:39:35.647 IACIS-HDD-2014 CEF:1|Fox Forensics|Fox|0.0.0|100|An account was successfully logged on|10|AuthenticationPackageName=Negotiate Channel=Security Computer=IACIS-HDD-2014 EventID=4624 EventRecordID=3034 IpAddress=- IpPort=- KeyLength=0 Keywords=9232379236109516800 Level=0 LmPackageName=- LogonGuid=00000000-0000-0000-0000-000000000000 LogonProcessName=Advapi   LogonType=5 Opcode=0 ProcessID=512 ProcessId=488 ProcessName=C:\\Windows\\System32\\services.exe ProviderGuid=54849625-5478-4994-A5BA-3E3B0328C30D ProviderName=Microsoft-Windows-Security-Auditing SubjectDomainName=WORKGROUP SubjectLogonId=999 SubjectUserName=IACIS-HDD-2014$ SubjectUserSid=S-1-5-18 TargetDomainName=NT AUTHORITY TargetLogonId=999 TargetUserName=SYSTEM TargetUserSid=S-1-5-18 Task=12544 ThreadID=560 TimeCreated=2014-02-16T22:39:35.647627115Z TransmittedServices=- Version=0
Feb 16 2014 22:39:41.181 IACIS-HDD-2014 CEF:1|Fox Forensics|Fox|0.0.0|100|An account was successfully logged on|10|AuthenticationPackageName=Negotiate Channel=Security Computer=IACIS-HDD-2014 EventID=4624 EventRecordID=3038 IpAddress=- IpPort=- KeyLength=0 Keywords=9232379236109516800 Level=0 LmPackageName=- LogonGuid=00000000-0000-0000-0000-000000000000 LogonProcessName=Advapi   LogonType=4 Opcode=0 ProcessID=512 ProcessId=988 ProcessName=C:\\Windows\\System32\\svchost.exe ProviderGuid=54849625-5478-4994-A5BA-3E3B0328C30D ProviderName=Microsoft-Windows-Security-Auditing SubjectDomainName=WORKGROUP SubjectLogonId=999 SubjectUserName=IACIS-HDD-2014$ SubjectUserSid=S-1-5-18 TargetDomainName=IACIS-HDD-2014 TargetLogonId=88399 TargetUserName=BillyBob TargetUserSid=S-1-5-21-1171287513-3642516788-2358256967-1001 Task=12544 ThreadID=560 TimeCreated=2014-02-16T22:39:41.18163681Z TransmittedServices=- Version=0 WorkstationName=IACIS-HDD-2014
Feb 16 2014 22:39:41.181 IACIS-HDD-2014 CEF:1|Fox Forensics|Fox|0.0.0|100|Special privileges assigned to new logon|10|Channel=Security Computer=IACIS-HDD-2014 EventID=4672 EventRecordID=3039 Keywords=9232379236109516800 Level=0 Opcode=0 PrivilegeList=SeSecurityPrivilege     SeTakeOwnershipPrivilege     SeLoadDriverPrivilege     SeBackupPrivilege     SeRestorePrivilege     SeDebugPrivilege     SeSystemEnvironmentPrivilege     SeImpersonatePrivilege ProcessID=512 ProviderGuid=54849625-5478-4994-A5BA-3E3B0328C30D ProviderName=Microsoft-Windows-Security-Auditing SubjectDomainName=IACIS-HDD-2014 SubjectLogonId=88399 SubjectUserName=BillyBob SubjectUserSid=S-1-5-21-1171287513-3642516788-2358256967-1001 Task=12548 ThreadID=560 TimeCreated=2014-02-16T22:39:41.18163681Z Version=0
Feb 16 2014 22:39:41.181 IACIS-HDD-2014 CEF:1|Fox Forensics|Fox|0.0.0|100|An account was successfully logged on|10|AuthenticationPackageName=Negotiate Channel=Security Computer=IACIS-HDD-2014 EventID=4624 EventRecordID=3040 IpAddress=- IpPort=- KeyLength=0 Keywords=9232379236109516800 Level=0 LmPackageName=- LogonGuid=00000000-0000-0000-0000-000000000000 LogonProcessName=Advapi   LogonType=5 Opcode=0 ProcessID=512 ProcessId=488 ProcessName=C:\\Windows\\System32\\services.exe ProviderGuid=54849625-5478-4994-A5BA-3E3B0328C30D ProviderName=Microsoft-Windows-Security-Auditing SubjectDomainName=WORKGROUP SubjectLogonId=999 SubjectUserName=IACIS-HDD-2014$ SubjectUserSid=S-1-5-18 TargetDomainName=NT AUTHORITY TargetLogonId=999 TargetUserName=SYSTEM TargetUserSid=S-1-5-18 Task=12544 ThreadID=560 TimeCreated=2014-02-16T22:39:41.18163681Z TransmittedServices=- Version=0
Feb 16 2014 22:39:41.181 IACIS-HDD-2014 CEF:1|Fox Forensics|Fox|0.0.0|100|A logon was attempted using explicit credentials|10|Channel=Security Computer=IACIS-HDD-2014 EventID=4648 EventRecordID=3037 IpAddress=- IpPort=- Keywords=9232379236109516800 Level=0 LogonGuid=00000000-0000-0000-0000-000000000000 Opcode=0 ProcessID=512 ProcessId=988 ProcessName=C:\\Windows\\System32\\svchost.exe ProviderGuid=54849625-5478-4994-A5BA-3E3B0328C30D ProviderName=Microsoft-Windows-Security-Auditing SubjectDomainName=WORKGROUP SubjectLogonId=999 SubjectUserName=IACIS-HDD-2014$ SubjectUserSid=S-1-5-18 TargetDomainName=IACIS-HDD-2014 TargetInfo=localhost TargetLogonGuid=00000000-0000-0000-0000-000000000000 TargetServerName=localhost TargetUserName=BillyBob Task=12544 ThreadID=560 TimeCreated=2014-02-16T22:39:41.18163681Z Version=0
Feb 16 2014 22:39:41.181 IACIS-HDD-2014 CEF:1|Fox Forensics|Fox|0.0.0|100|Special privileges assigned to new logon|10|Channel=Security Computer=IACIS-HDD-2014 EventID=4672 EventRecordID=3041 Keywords=9232379236109516800 Level=0 Opcode=0 PrivilegeList=SeAssignPrimaryTokenPrivilege     SeTcbPrivilege     SeSecurityPrivilege     SeTakeOwnershipPrivilege     SeLoadDriverPrivilege     SeBackupPrivilege     SeRestorePrivilege     SeDebugPrivilege     SeAuditPrivilege     SeSystemEnvironmentPrivilege     SeImpersonatePrivilege ProcessID=512 ProviderGuid=54849625-5478-4994-A5BA-3E3B0328C30D ProviderName=Microsoft-Windows-Security-Auditing SubjectDomainName=NT AUTHORITY SubjectLogonId=999 SubjectUserName=SYSTEM SubjectUserSid=S-1-5-18 Task=12548 ThreadID=560 TimeCreated=2014-02-16T22:39:41.18163681Z Version=0
Feb 16 2014 22:39:45.341 IACIS-HDD-2014 CEF:1|Fox Forensics|Fox|0.0.0|100|An account was successfully logged on|10|AuthenticationPackageName=NTLM Channel=Security Computer=IACIS-HDD-2014 EventID=4624 EventRecordID=3044 IpAddress=- IpPort=- KeyLength=0 Keywords=9232379236109516800 Level=0 LmPackageName=NTLM V1 LogonGuid=00000000-0000-0000-0000-000000000000 LogonProcessName=NtLmSsp  LogonType=3 Opcode=0 ProcessID=512 ProcessId=0 ProcessName=- ProviderGuid=54849625-5478-4994-A5BA-3E3B0328C30D ProviderName=Microsoft-Windows-Security-Auditing SubjectDomainName=- SubjectLogonId=0 SubjectUserName=- SubjectUserSid=S-1-0-0 TargetDomainName=NT AUTHORITY TargetLogonId=120860 TargetUserName=ANONYMOUS LOGON TargetUserSid=S-1-5-7 Task=12544 ThreadID=548 TimeCreated=2014-02-16T22:39:45.341651201Z TransmittedServices=- Version=0
Feb 16 2014 22:39:45.420 IACIS-HDD-2014 CEF:1|Fox Forensics|Fox|0.0.0|100|An account was successfully logged on|10|AuthenticationPackageName=Negotiate Channel=Security Computer=IACIS-HDD-2014 EventID=4624 EventRecordID=3045 IpAddress=- IpPort=- KeyLength=0 Keywords=9232379236109516800 Level=0 LmPackageName=- LogonGuid=00000000-0000-0000-0000-000000000000 LogonProcessName=Advapi   LogonType=5 Opcode=0 ProcessID=512 ProcessId=488 ProcessName=C:\\Windows\\System32\\services.exe ProviderGuid=54849625-5478-4994-A5BA-3E3B0328C30D ProviderName=Microsoft-Windows-Security-Auditing SubjectDomainName=WORKGROUP SubjectLogonId=999 SubjectUserName=IACIS-HDD-2014$ SubjectUserSid=S-1-5-18 TargetDomainName=NT AUTHORITY TargetLogonId=999 TargetUserName=SYSTEM TargetUserSid=S-1-5-18 Task=12544 ThreadID=560 TimeCreated=2014-02-16T22:39:45.420652866Z TransmittedServices=- Version=0
Feb 16 2014 22:39:45.420 IACIS-HDD-2014 CEF:1|Fox Forensics|Fox|0.0.0|100|Special privileges assigned to new logon|10|Channel=Security Computer=IACIS-HDD-2014 EventID=4672 EventRecordID=3046 Keywords=9232379236109516800 Level=0 Opcode=0 PrivilegeList=SeAssignPrimaryTokenPrivilege     SeTcbPrivilege     SeSecurityPrivilege     SeTakeOwnershipPrivilege     SeLoadDriverPrivilege     SeBackupPrivilege     SeRestorePrivilege     SeDebugPrivilege     SeAuditPrivilege     SeSystemEnvironmentPrivilege     SeImpersonatePrivilege ProcessID=512 ProviderGuid=54849625-5478-4994-A5BA-3E3B0328C30D ProviderName=Microsoft-Windows-Security-Auditing SubjectDomainName=NT AUTHORITY SubjectLogonId=999 SubjectUserName=SYSTEM SubjectUserSid=S-1-5-18 Task=12548 ThreadID=560 TimeCreated=2014-02-16T22:39:45.420652866Z Version=0
Feb 16 2014 22:39:47.004 IACIS-HDD-2014 CEF:1|Fox Forensics|Fox|0.0.0|100|An account was successfully logged on|10|AuthenticationPackageName=Negotiate Channel=Security Computer=IACIS-HDD-2014 EventID=4624 EventRecordID=3048 IpAddress=127.0.0.1 IpPort=0 KeyLength=0 Keywords=9232379236109516800 Level=0 LmPackageName=- LogonGuid=00000000-0000-0000-0000-000000000000 LogonProcessName=User32  LogonType=2 Opcode=0 ProcessID=512 ProcessId=456 ProcessName=C:\\Windows\\System32\\winlogon.exe ProviderGuid=54849625-5478-4994-A5BA-3E3B0328C30D ProviderName=Microsoft-Windows-Security-Auditing SubjectDomainName=WORKGROUP SubjectLogonId=999 SubjectUserName=IACIS-HDD-2014$ SubjectUserSid=S-1-5-18 TargetDomainName=IACIS-HDD-2014 TargetLogonId=138600 TargetUserName=Jimmy Wilson TargetUserSid=S-1-5-21-1171287513-3642516788-2358256967-1004 Task=12544 ThreadID=548 TimeCreated=2014-02-16T22:39:47.004264116Z TransmittedServices=- Version=0 WorkstationName=IACIS-HDD-2014
Feb 16 2014 22:39:47.004 IACIS-HDD-2014 CEF:1|Fox Forensics|Fox|0.0.0|100|Special privileges assigned to new logon|10|Channel=Security Computer=IACIS-HDD-2014 EventID=4672 EventRecordID=3050 Keywords=9232379236109516800 Level=0 Opcode=0 PrivilegeList=SeSecurityPrivilege     SeTakeOwnershipPrivilege     SeLoadDriverPrivilege     SeBackupPrivilege     SeRestorePrivilege     SeDebugPrivilege     SeSystemEnvironmentPrivilege     SeImpersonatePrivilege ProcessID=512 ProviderGuid=54849625-5478-4994-A5BA-3E3B0328C30D ProviderName=Microsoft-Windows-Security-Auditing SubjectDomainName=IACIS-HDD-2014 SubjectLogonId=138600 SubjectUserName=Jimmy Wilson SubjectUserSid=S-1-5-21-1171287513-3642516788-2358256967-1004 Task=12548 ThreadID=548 TimeCreated=2014-02-16T22:39:47.004264116Z Version=0
Feb 16 2014 22:39:47.004 IACIS-HDD-2014 CEF:1|Fox Forensics|Fox|0.0.0|100|An account was successfully logged on|10|AuthenticationPackageName=Negotiate Channel=Security Computer=IACIS-HDD-2014 EventID=4624 EventRecordID=3049 IpAddress=127.0.0.1 IpPort=0 KeyLength=0 Keywords=9232379236109516800 Level=0 LmPackageName=- LogonGuid=00000000-0000-0000-0000-000000000000 LogonProcessName=User32  LogonType=2 Opcode=0 ProcessID=512 ProcessId=456 ProcessName=C:\\Windows\\System32\\winlogon.exe ProviderGuid=54849625-5478-4994-A5BA-3E3B0328C30D ProviderName=Microsoft-Windows-Security-Auditing SubjectDomainName=WORKGROUP SubjectLogonId=999 SubjectUserName=IACIS-HDD-2014$ SubjectUserSid=S-1-5-18 TargetDomainName=IACIS-HDD-2014 TargetLogonId=138612 TargetUserName=Jimmy Wilson TargetUserSid=S-1-5-21-1171287513-3642516788-2358256967-1004 Task=12544 ThreadID=548 TimeCreated=2014-02-16T22:39:47.004264116Z TransmittedServices=- Version=0 WorkstationName=IACIS-HDD-2014
Feb 16 2014 22:39:47.004 IACIS-HDD-2014 CEF:1|Fox Forensics|Fox|0.0.0|100|A logon was attempted using explicit credentials|10|Channel=Security Computer=IACIS-HDD-2014 EventID=4648 EventRecordID=3047 IpAddress=127.0.0.1 IpPort=0 Keywords=9232379236109516800 Level=0 LogonGuid=00000000-0000-0000-0000-000000000000 Opcode=0 ProcessID=512 ProcessId=456 ProcessName=C:\\Windows\\System32\\winlogon.exe ProviderGuid=54849625-5478-4994-A5BA-3E3B0328C30D ProviderName=Microsoft-Windows-Security-Auditing SubjectDomainName=WORKGROUP SubjectLogonId=999 SubjectUserName=IACIS-HDD-2014$ SubjectUserSid=S-1-5-18 TargetDomainName=IACIS-HDD-2014 TargetInfo=localhost TargetLogonGuid=00000000-0000-0000-0000-000000000000 TargetServerName=localhost TargetUserName=Jimmy Wilson Task=12544 ThreadID=548 TimeCreated=2014-02-16T22:39:47.004264116Z Version=0
Feb 16 2014 22:39:54.232 IACIS-HDD-2014 CEF:1|Fox Forensics|Fox|0.0.0|100|An account was successfully logged on|10|AuthenticationPackageName=Negotiate Channel=Security Computer=IACIS-HDD-2014 EventID=4624 EventRecordID=3051 IpAddress=- IpPort=- KeyLength=0 Keywords=9232379236109516800 Level=0 LmPackageName=- LogonGuid=00000000-0000-0000-0000-000000000000 LogonProcessName=Advapi   LogonType=5 Opcode=0 ProcessID=512 ProcessId=488 ProcessName=C:\\Windows\\System32\\services.exe ProviderGuid=54849625-5478-4994-A5BA-3E3B0328C30D ProviderName=Microsoft-Windows-Security-Auditing SubjectDomainName=WORKGROUP SubjectLogonId=999 SubjectUserName=IACIS-HDD-2014$ SubjectUserSid=S-1-5-18 TargetDomainName=NT AUTHORITY TargetLogonId=999 TargetUserName=SYSTEM TargetUserSid=S-1-5-18 Task=12544 ThreadID=560 TimeCreated=2014-02-16T22:39:54.232676744Z TransmittedServices=- Version=0
Feb 16 2014 22:39:54.232 IACIS-HDD-2014 CEF:1|Fox Forensics|Fox|0.0.0|100|Special privileges assigned to new logon|10|Channel=Security Computer=IACIS-HDD-2014 EventID=4672 EventRecordID=3052 Keywords=9232379236109516800 Level=0 Opcode=0 PrivilegeList=SeAssignPrimaryTokenPrivilege     SeTcbPrivilege     SeSecurityPrivilege     SeTakeOwnershipPrivilege     SeLoadDriverPrivilege     SeBackupPrivilege     SeRestorePrivilege     SeDebugPrivilege     SeAuditPrivilege     SeSystemEnvironmentPrivilege     SeImpersonatePrivilege ProcessID=512 ProviderGuid=54849625-5478-4994-A5BA-3E3B0328C30D ProviderName=Microsoft-Windows-Security-Auditing SubjectDomainName=NT AUTHORITY SubjectLogonId=999 SubjectUserName=SYSTEM SubjectUserSid=S-1-5-18 Task=12548 ThreadID=560 TimeCreated=2014-02-16T22:39:54.232676744Z Version=0
Feb 16 2014 22:47:18.947 IACIS-HDD-2014 CEF:1|Fox Forensics|Fox|0.0.0|100|A logon was attempted using explicit credentials|10|Channel=Security Computer=IACIS-HDD-2014 EventID=4648 EventRecordID=3060 IpAddress=127.0.0.1 IpPort=0 Keywords=9232379236109516800 Level=0 LogonGuid=00000000-0000-0000-0000-000000000000 Opcode=0 ProcessID=512 ProcessId=456 ProcessName=C:\\Windows\\System32\\winlogon.exe ProviderGuid=54849625-5478-4994-A5BA-3E3B0328C30D ProviderName=Microsoft-Windows-Security-Auditing SubjectDomainName=WORKGROUP SubjectLogonId=999 SubjectUserName=IACIS-HDD-2014$ SubjectUserSid=S-1-5-18 TargetDomainName=IACIS-HDD-2014 TargetInfo=localhost TargetLogonGuid=00000000-0000-0000-0000-000000000000 TargetServerName=localhost TargetUserName=Jimmy Wilson Task=12544 ThreadID=548 TimeCreated=2014-02-16T22:47:18.947598457Z Version=0
Feb 16 2014 22:47:18.947 IACIS-HDD-2014 CEF:1|Fox Forensics|Fox|0.0.0|100|An account was successfully logged on|10|AuthenticationPackageName=Negotiate Channel=Security Computer=IACIS-HDD-2014 EventID=4624 EventRecordID=3062 IpAddress=127.0.0.1 IpPort=0 KeyLength=0 Keywords=9232379236109516800 Level=0 LmPackageName=- LogonGuid=00000000-0000-0000-0000-000000000000 LogonProcessName=User32  LogonType=7 Opcode=0 ProcessID=512 ProcessId=456 ProcessName=C:\\Windows\\System32\\winlogon.exe ProviderGuid=54849625-5478-4994-A5BA-3E3B0328C30D ProviderName=Microsoft-Windows-Security-Auditing SubjectDomainName=WORKGROUP SubjectLogonId=999 SubjectUserName=IACIS-HDD-2014$ SubjectUserSid=S-1-5-18 TargetDomainName=IACIS-HDD-2014 TargetLogonId=487475 TargetUserName=Jimmy Wilson TargetUserSid=S-1-5-21-1171287513-3642516788-2358256967-1004 Task=12544 ThreadID=548 TimeCreated=2014-02-16T22:47:18.947598457Z TransmittedServices=- Version=0 WorkstationName=IACIS-HDD-2014
Feb 16 2014 22:47:18.947 IACIS-HDD-2014 CEF:1|Fox Forensics|Fox|0.0.0|100|Special privileges assigned to new logon|10|Channel=Security Computer=IACIS-HDD-2014 EventID=4672 EventRecordID=3063 Keywords=9232379236109516800 Level=0 Opcode=0 PrivilegeList=SeSecurityPrivilege     SeTakeOwnershipPrivilege     SeLoadDriverPrivilege     SeBackupPrivilege     SeRestorePrivilege     SeDebugPrivilege     SeSystemEnvironmentPrivilege     SeImpersonatePrivilege ProcessID=512 ProviderGuid=54849625-5478-4994-A5BA-3E3B0328C30D ProviderName=Microsoft-Windows-Security-Auditing SubjectDomainName=IACIS-HDD-2014 SubjectLogonId=487461 SubjectUserName=Jimmy Wilson SubjectUserSid=S-1-5-21-1171287513-3642516788-2358256967-1004 Task=12548 ThreadID=548 TimeCreated=2014-02-16T22:47:18.947598457Z Version=0
Feb 16 2014 22:47:18.947 IACIS-HDD-2014 CEF:1|Fox Forensics|Fox|0.0.0|100|An account was successfully logged on|10|AuthenticationPackageName=Negotiate Channel=Security Computer=IACIS-HDD-2014 EventID=4624 EventRecordID=3061 IpAddress=127.0.0.1 IpPort=0 KeyLength=0 Keywords=9232379236109516800 Level=0 LmPackageName=- LogonGuid=00000000-0000-0000-0000-000000000000 LogonProcessName=User32  LogonType=7 Opcode=0 ProcessID=512 ProcessId=456 ProcessName=C:\\Windows\\System32\\winlogon.exe ProviderGuid=54849625-5478-4994-A5BA-3E3B0328C30D ProviderName=Microsoft-Windows-Security-Auditing SubjectDomainName=WORKGROUP SubjectLogonId=999 SubjectUserName=IACIS-HDD-2014$ SubjectUserSid=S-1-5-18 TargetDomainName=IACIS-HDD-2014 TargetLogonId=487461 TargetUserName=Jimmy Wilson TargetUserSid=S-1-5-21-1171287513-3642516788-2358256967-1004 Task=12544 ThreadID=548 TimeCreated=2014-02-16T22:47:18.947598457Z TransmittedServices=- Version=0 WorkstationName=IACIS-HDD-2014
Feb 19 2014 13:30:18.872 IACIS-HDD-2014 CEF:1|Fox Forensics|Fox|0.0.0|100|An account was successfully logged on|10|AuthenticationPackageName=- Channel=Security Computer=IACIS-HDD-2014 EventID=4624 EventRecordID=3069 IpAddress=- IpPort=- KeyLength=0 Keywords=9232379236109516800 Level=0 LmPackageName=- LogonGuid=00000000-0000-0000-0000-000000000000 LogonProcessName=- LogonType=0 Opcode=0 ProcessID=512 ProcessId=4 ProviderGuid=54849625-5478-4994-A5BA-3E3B0328C30D ProviderName=Microsoft-Windows-Security-Auditing SubjectDomainName=- SubjectLogonId=0 SubjectUserName=- SubjectUserSid=S-1-0-0 TargetDomainName=NT AUTHORITY TargetLogonId=999 TargetUserName=SYSTEM TargetUserSid=S-1-5-18 Task=12544 ThreadID=516 TimeCreated=2014-02-19T13:30:18.872419118Z TransmittedServices=- Version=0 WorkstationName=-
Feb 19 2014 13:30:19.340 IACIS-HDD-2014 CEF:1|Fox Forensics|Fox|0.0.0|100|The Per-user audit policy table was created|10|Channel=Security Computer=IACIS-HDD-2014 EventID=4902 EventRecordID=3070 Keywords=9232379236109516800 Level=0 Opcode=0 ProcessID=512 ProviderGuid=54849625-5478-4994-A5BA-3E3B0328C30D ProviderName=Microsoft-Windows-Security-Auditing PuaCount=0 PuaPolicyId=37531 Task=13568 ThreadID=564 TimeCreated=2014-02-19T13:30:19.340420722Z Version=0
Feb 19 2014 13:30:19.699 IACIS-HDD-2014 CEF:1|Fox Forensics|Fox|0.0.0|100|An account was successfully logged on|10|AuthenticationPackageName=Negotiate Channel=Security Computer=IACIS-HDD-2014 EventID=4624 EventRecordID=3071 IpAddress=- IpPort=- KeyLength=0 Keywords=9232379236109516800 Level=0 LmPackageName=- LogonGuid=00000000-0000-0000-0000-000000000000 LogonProcessName=Advapi   LogonType=5 Opcode=0 ProcessID=512 ProcessId=488 ProcessName=C:\\Windows\\System32\\services.exe ProviderGuid=54849625-5478-4994-A5BA-3E3B0328C30D ProviderName=Microsoft-Windows-Security-Auditing SubjectDomainName=WORKGROUP SubjectLogonId=999 SubjectUserName=IACIS-HDD-2014$ SubjectUserSid=S-1-5-18 TargetDomainName=NT AUTHORITY TargetLogonId=999 TargetUserName=SYSTEM TargetUserSid=S-1-5-18 Task=12544 ThreadID=584 TimeCreated=2014-02-19T13:30:19.699220895Z TransmittedServices=- Version=0
Feb 19 2014 13:30:19.699 IACIS-HDD-2014 CEF:1|Fox Forensics|Fox|0.0.0|100|Special privileges assigned to new logon|10|Channel=Security Computer=IACIS-HDD-2014 EventID=4672 EventRecordID=3072 Keywords=9232379236109516800 Level=0 Opcode=0 PrivilegeList=SeAssignPrimaryTokenPrivilege     SeTcbPrivilege     SeSecurityPrivilege     SeTakeOwnershipPrivilege     SeLoadDriverPrivilege     SeBackupPrivilege     SeRestorePrivilege     SeDebugPrivilege     SeAuditPrivilege     SeSystemEnvironmentPrivilege     SeImpersonatePrivilege ProcessID=512 ProviderGuid=54849625-5478-4994-A5BA-3E3B0328C30D ProviderName=Microsoft-Windows-Security-Auditing SubjectDomainName=NT AUTHORITY SubjectLogonId=999 SubjectUserName=SYSTEM SubjectUserSid=S-1-5-18 Task=12548 ThreadID=584 TimeCreated=2014-02-19T13:30:19.699220895Z Version=0
Feb 19 2014 13:30:19.886 IACIS-HDD-2014 CEF:1|Fox Forensics|Fox|0.0.0|100|Special privileges assigned to new logon|10|Channel=Security Computer=IACIS-HDD-2014 EventID=4672 EventRecordID=3074 Keywords=9232379236109516800 Level=0 Opcode=0 PrivilegeList=SeAssignPrimaryTokenPrivilege     SeAuditPrivilege     SeImpersonatePrivilege ProcessID=512 ProviderGuid=54849625-5478-4994-A5BA-3E3B0328C30D ProviderName=Microsoft-Windows-Security-Auditing SubjectDomainName=NT AUTHORITY SubjectLogonId=996 SubjectUserName=NETWORK SERVICE SubjectUserSid=S-1-5-20 Task=12548 ThreadID=584 TimeCreated=2014-02-19T13:30:19.886422395Z Version=0
Feb 19 2014 13:30:19.886 IACIS-HDD-2014 CEF:1|Fox Forensics|Fox|0.0.0|100|An account was successfully logged on|10|AuthenticationPackageName=Negotiate Channel=Security Computer=IACIS-HDD-2014 EventID=4624 EventRecordID=3073 IpAddress=- IpPort=- KeyLength=0 Keywords=9232379236109516800 Level=0 LmPackageName=- LogonGuid=00000000-0000-0000-0000-000000000000 LogonProcessName=Advapi   LogonType=5 Opcode=0 ProcessID=512 ProcessId=488 ProcessName=C:\\Windows\\System32\\services.exe ProviderGuid=54849625-5478-4994-A5BA-3E3B0328C30D ProviderName=Microsoft-Windows-Security-Auditing SubjectDomainName=WORKGROUP SubjectLogonId=999 SubjectUserName=IACIS-HDD-2014$ SubjectUserSid=S-1-5-18 TargetDomainName=NT AUTHORITY TargetLogonId=996 TargetUserName=NETWORK SERVICE TargetUserSid=S-1-5-20 Task=12544 ThreadID=584 TimeCreated=2014-02-19T13:30:19.886422395Z TransmittedServices=- Version=0
Feb 19 2014 13:30:19.980 IACIS-HDD-2014 CEF:1|Fox Forensics|Fox|0.0.0|100|An account was successfully logged on|10|AuthenticationPackageName=Negotiate Channel=Security Computer=IACIS-HDD-2014 EventID=4624 EventRecordID=3075 IpAddress=- IpPort=- KeyLength=0 Keywords=9232379236109516800 Level=0 LmPackageName=- LogonGuid=00000000-0000-0000-0000-000000000000 LogonProcessName=Advapi   LogonType=5 Opcode=0 ProcessID=512 ProcessId=488 ProcessName=C:\\Windows\\System32\\services.exe ProviderGuid=54849625-5478-4994-A5BA-3E3B0328C30D ProviderName=Microsoft-Windows-Security-Auditing SubjectDomainName=WORKGROUP SubjectLogonId=999 SubjectUserName=IACIS-HDD-2014$ SubjectUserSid=S-1-5-18 TargetDomainName=NT AUTHORITY TargetLogonId=999 TargetUserName=SYSTEM TargetUserSid=S-1-5-18 Task=12544 ThreadID=584 TimeCreated=2014-02-19T13:30:19.98002243Z TransmittedServices=- Version=0
Feb 19 2014 13:30:19.980 IACIS-HDD-2014 CEF:1|Fox Forensics|Fox|0.0.0|100|Special privileges assigned to new logon|10|Channel=Security Computer=IACIS-HDD-2014 EventID=4672 EventRecordID=3076 Keywords=9232379236109516800 Level=0 Opcode=0 PrivilegeList=SeAssignPrimaryTokenPrivilege     SeTcbPrivilege     SeSecurityPrivilege     SeTakeOwnershipPrivilege     SeLoadDriverPrivilege     SeBackupPrivilege     SeRestorePrivilege     SeDebugPrivilege     SeAuditPrivilege     SeSystemEnvironmentPrivilege     SeImpersonatePrivilege ProcessID=512 ProviderGuid=54849625-5478-4994-A5BA-3E3B0328C30D ProviderName=Microsoft-Windows-Security-Auditing SubjectDomainName=NT AUTHORITY SubjectLogonId=999 SubjectUserName=SYSTEM SubjectUserSid=S-1-5-18 Task=12548 ThreadID=584 TimeCreated=2014-02-19T13:30:19.98002243Z Version=0
Feb 19 2014 13:30:22.429 IACIS-HDD-2014 CEF:1|Fox Forensics|Fox|0.0.0|100|Special privileges assigned to new logon|10|Channel=Security Computer=IACIS-HDD-2014 EventID=4672 EventRecordID=3078 Keywords=9232379236109516800 Level=0 Opcode=0 PrivilegeList=SeAssignPrimaryTokenPrivilege     SeAuditPrivilege     SeImpersonatePrivilege ProcessID=512 ProviderGuid=54849625-5478-4994-A5BA-3E3B0328C30D ProviderName=Microsoft-Windows-Security-Auditing SubjectDomainName=NT AUTHORITY SubjectLogonId=997 SubjectUserName=LOCAL SERVICE SubjectUserSid=S-1-5-19 Task=12548 ThreadID=560 TimeCreated=2014-02-19T13:30:22.429225683Z Version=0
Feb 19 2014 13:30:22.429 IACIS-HDD-2014 CEF:1|Fox Forensics|Fox|0.0.0|100|An account was successfully logged on|10|AuthenticationPackageName=Negotiate Channel=Security Computer=IACIS-HDD-2014 EventID=4624 EventRecordID=3077 IpAddress=- IpPort=- KeyLength=0 Keywords=9232379236109516800 Level=0 LmPackageName=- LogonGuid=00000000-0000-0000-0000-000000000000 LogonProcessName=Advapi   LogonType=5 Opcode=0 ProcessID=512 ProcessId=488 ProcessName=C:\\Windows\\System32\\services.exe ProviderGuid=54849625-5478-4994-A5BA-3E3B0328C30D ProviderName=Microsoft-Windows-Security-Auditing SubjectDomainName=WORKGROUP SubjectLogonId=999 SubjectUserName=IACIS-HDD-2014$ SubjectUserSid=S-1-5-18 TargetDomainName=NT AUTHORITY TargetLogonId=997 TargetUserName=LOCAL SERVICE TargetUserSid=S-1-5-19 Task=12544 ThreadID=560 TimeCreated=2014-02-19T13:30:22.429225683Z TransmittedServices=- Version=0
Feb 19 2014 13:30:22.491 IACIS-HDD-2014 CEF:1|Fox Forensics|Fox|0.0.0|100|An account was successfully logged on|10|AuthenticationPackageName=Negotiate Channel=Security Computer=IACIS-HDD-2014 EventID=4624 EventRecordID=3079 IpAddress=- IpPort=- KeyLength=0 Keywords=9232379236109516800 Level=0 LmPackageName=- LogonGuid=00000000-0000-0000-0000-000000000000 LogonProcessName=Advapi   LogonType=5 Opcode=0 ProcessID=512 ProcessId=488 ProcessName=C:\\Windows\\System32\\services.exe ProviderGuid=54849625-5478-4994-A5BA-3E3B0328C30D ProviderName=Microsoft-Windows-Security-Auditing SubjectDomainName=WORKGROUP SubjectLogonId=999 SubjectUserName=IACIS-HDD-2014$ SubjectUserSid=S-1-5-18 TargetDomainName=NT AUTHORITY TargetLogonId=999 TargetUserName=SYSTEM TargetUserSid=S-1-5-18 Task=12544 ThreadID=560 TimeCreated=2014-02-19T13:30:22.491625547Z TransmittedServices=- Version=0
Feb 19 2014 13:30:22.491 IACIS-HDD-2014 CEF:1|Fox Forensics|Fox|0.0.0|100|Special privileges assigned to new logon|10|Channel=Security Computer=IACIS-HDD-2014 EventID=4672 EventRecordID=3080 Keywords=9232379236109516800 Level=0 Opcode=0 PrivilegeList=SeAssignPrimaryTokenPrivilege     SeTcbPrivilege     SeSecurityPrivilege     SeTakeOwnershipPrivilege     SeLoadDriverPrivilege     SeBackupPrivilege     SeRestorePrivilege     SeDebugPrivilege     SeAuditPrivilege     SeSystemEnvironmentPrivilege     SeImpersonatePrivilege ProcessID=512 ProviderGuid=54849625-5478-4994-A5BA-3E3B0328C30D ProviderName=Microsoft-Windows-Security-Auditing SubjectDomainName=NT AUTHORITY SubjectLogonId=999 SubjectUserName=SYSTEM SubjectUserSid=S-1-5-18 Task=12548 ThreadID=560 TimeCreated=2014-02-19T13:30:22.491625547Z Version=0
Feb 19 2014 13:30:22.554 IACIS-HDD-2014 CEF:1|Fox Forensics|Fox|0.0.0|100|An account was successfully logged on|10|AuthenticationPackageName=Negotiate Channel=Security Computer=IACIS-HDD-2014 EventID=4624 EventRecordID=3081 IpAddress=- IpPort=- KeyLength=0 Keywords=9232379236109516800 Level=0 LmPackageName=- LogonGuid=00000000-0000-0000-0000-000000000000 LogonProcessName=Advapi   LogonType=5 Opcode=0 ProcessID=512 ProcessId=488 ProcessName=C:\\Windows\\System32\\services.exe ProviderGuid=54849625-5478-4994-A5BA-3E3B0328C30D ProviderName=Microsoft-Windows-Security-Auditing SubjectDomainName=WORKGROUP SubjectLogonId=999 SubjectUserName=IACIS-HDD-2014$ SubjectUserSid=S-1-5-18 TargetDomainName=NT AUTHORITY TargetLogonId=999 TargetUserName=SYSTEM TargetUserSid=S-1-5-18 Task=12544 ThreadID=560 TimeCreated=2014-02-19T13:30:22.554027318Z TransmittedServices=- Version=0
Feb 19 2014 13:30:22.554 IACIS-HDD-2014 CEF:1|Fox Forensics|Fox|0.0.0|100|Special privileges assigned to new logon|10|Channel=Security Computer=IACIS-HDD-2014 EventID=4672 EventRecordID=3082 Keywords=9232379236109516800 Level=0 Opcode=0 PrivilegeList=SeAssignPrimaryTokenPrivilege     SeTcbPrivilege     SeSecurityPrivilege     SeTakeOwnershipPrivilege     SeLoadDriverPrivilege     SeBackupPrivilege     SeRestorePrivilege     SeDebugPrivilege     SeAuditPrivilege     SeSystemEnvironmentPrivilege     SeImpersonatePrivilege ProcessID=512 ProviderGuid=54849625-5478-4994-A5BA-3E3B0328C30D ProviderName=Microsoft-Windows-Security-Auditing SubjectDomainName=NT AUTHORITY SubjectLogonId=999 SubjectUserName=SYSTEM SubjectUserSid=S-1-5-18 Task=12548 ThreadID=560 TimeCreated=2014-02-19T13:30:22.554027318Z Version=0
Feb 19 2014 13:30:28.615 IACIS-HDD-2014 CEF:1|Fox Forensics|Fox|0.0.0|100|An account was successfully logged on|10|AuthenticationPackageName=Negotiate Channel=Security Computer=IACIS-HDD-2014 EventID=4624 EventRecordID=3084 IpAddress=- IpPort=- KeyLength=0 Keywords=9232379236109516800 Level=0 LmPackageName=- LogonGuid=00000000-0000-0000-0000-000000000000 LogonProcessName=Advapi   LogonType=5 Opcode=0 ProcessID=512 ProcessId=488 ProcessName=C:\\Windows\\System32\\services.exe ProviderGuid=54849625-5478-4994-A5BA-3E3B0328C30D ProviderName=Microsoft-Windows-Security-Auditing SubjectDomainName=WORKGROUP SubjectLogonId=999 SubjectUserName=IACIS-HDD-2014$ SubjectUserSid=S-1-5-18 TargetDomainName=NT AUTHORITY TargetLogonId=999 TargetUserName=SYSTEM TargetUserSid=S-1-5-18 Task=12544 ThreadID=560 TimeCreated=2014-02-19T13:30:28.6150496Z TransmittedServices=- Version=0
Feb 19 2014 13:30:28.615 IACIS-HDD-2014 CEF:1|Fox Forensics|Fox|0.0.0|100|Special privileges assigned to new logon|10|Channel=Security Computer=IACIS-HDD-2014 EventID=4672 EventRecordID=3085 Keywords=9232379236109516800 Level=0 Opcode=0 PrivilegeList=SeAssignPrimaryTokenPrivilege     SeTcbPrivilege     SeSecurityPrivilege     SeTakeOwnershipPrivilege     SeLoadDriverPrivilege     SeBackupPrivilege     SeRestorePrivilege     SeDebugPrivilege     SeAuditPrivilege     SeSystemEnvironmentPrivilege     SeImpersonatePrivilege ProcessID=512 ProviderGuid=54849625-5478-4994-A5BA-3E3B0328C30D ProviderName=Microsoft-Windows-Security-Auditing SubjectDomainName=NT AUTHORITY SubjectLogonId=999 SubjectUserName=SYSTEM SubjectUserSid=S-1-5-18 Task=12548 ThreadID=560 TimeCreated=2014-02-19T13:30:28.6150496Z Version=0
Feb 19 2014 13:30:28.637 IACIS-HDD-2014 CEF:1|Fox Forensics|Fox|0.0.0|100|An account was successfully logged on|10|AuthenticationPackageName=Negotiate Channel=Security Computer=IACIS-HDD-2014 EventID=4624 EventRecordID=3087 IpAddress=- IpPort=- KeyLength=0 Keywords=9232379236109516800 Level=0 LmPackageName=- LogonGuid=00000000-0000-0000-0000-000000000000 LogonProcessName=Advapi   LogonType=4 Opcode=0 ProcessID=512 ProcessId=960 ProcessName=C:\\Windows\\System32\\svchost.exe ProviderGuid=54849625-5478-4994-A5BA-3E3B0328C30D ProviderName=Microsoft-Windows-Security-Auditing SubjectDomainName=WORKGROUP SubjectLogonId=999 SubjectUserName=IACIS-HDD-2014$ SubjectUserSid=S-1-5-18 TargetDomainName=IACIS-HDD-2014 TargetLogonId=87832 TargetUserName=BillyBob TargetUserSid=S-1-5-21-1171287513-3642516788-2358256967-1001 Task=12544 ThreadID=548 TimeCreated=2014-02-19T13:30:28.637049674Z TransmittedServices=- Version=0 WorkstationName=IACIS-HDD-2014
Feb 19 2014 13:30:28.637 IACIS-HDD-2014 CEF:1|Fox Forensics|Fox|0.0.0|100|Special privileges assigned to new logon|10|Channel=Security Computer=IACIS-HDD-2014 EventID=4672 EventRecordID=3088 Keywords=9232379236109516800 Level=0 Opcode=0 PrivilegeList=SeSecurityPrivilege     SeTakeOwnershipPrivilege     SeLoadDriverPrivilege     SeBackupPrivilege     SeRestorePrivilege     SeDebugPrivilege     SeSystemEnvironmentPrivilege     SeImpersonatePrivilege ProcessID=512 ProviderGuid=54849625-5478-4994-A5BA-3E3B0328C30D ProviderName=Microsoft-Windows-Security-Auditing SubjectDomainName=IACIS-HDD-2014 SubjectLogonId=87832 SubjectUserName=BillyBob SubjectUserSid=S-1-5-21-1171287513-3642516788-2358256967-1001 Task=12548 ThreadID=548 TimeCreated=2014-02-19T13:30:28.637049674Z Version=0
Feb 19 2014 13:30:28.637 IACIS-HDD-2014 CEF:1|Fox Forensics|Fox|0.0.0|100|A logon was attempted using explicit credentials|10|Channel=Security Computer=IACIS-HDD-2014 EventID=4648 EventRecordID=3086 IpAddress=- IpPort=- Keywords=9232379236109516800 Level=0 LogonGuid=00000000-0000-0000-0000-000000000000 Opcode=0 ProcessID=512 ProcessId=960 ProcessName=C:\\Windows\\System32\\svchost.exe ProviderGuid=54849625-5478-4994-A5BA-3E3B0328C30D ProviderName=Microsoft-Windows-Security-Auditing SubjectDomainName=WORKGROUP SubjectLogonId=999 SubjectUserName=IACIS-HDD-2014$ SubjectUserSid=S-1-5-18 TargetDomainName=IACIS-HDD-2014 TargetInfo=localhost TargetLogonGuid=00000000-0000-0000-0000-000000000000 TargetServerName=localhost TargetUserName=BillyBob Task=12544 ThreadID=548 TimeCreated=2014-02-19T13:30:28.637049674Z Version=0
Feb 19 2014 13:30:32.321 IACIS-HDD-2014 CEF:1|Fox Forensics|Fox|0.0.0|100|An account was successfully logged on|10|AuthenticationPackageName=NTLM Channel=Security Computer=IACIS-HDD-2014 EventID=4624 EventRecordID=3091 IpAddress=- IpPort=- KeyLength=0 Keywords=9232379236109516800 Level=0 LmPackageName=NTLM V1 LogonGuid=00000000-0000-0000-0000-000000000000 LogonProcessName=NtLmSsp  LogonType=3 Opcode=0 ProcessID=512 ProcessId=0 ProcessName=- ProviderGuid=54849625-5478-4994-A5BA-3E3B0328C30D ProviderName=Microsoft-Windows-Security-Auditing SubjectDomainName=- SubjectLogonId=0 SubjectUserName=- SubjectUserSid=S-1-0-0 TargetDomainName=NT AUTHORITY TargetLogonId=120233 TargetUserName=ANONYMOUS LOGON TargetUserSid=S-1-5-7 Task=12544 ThreadID=572 TimeCreated=2014-02-19T13:30:32.321068763Z TransmittedServices=- Version=0
Feb 19 2014 13:30:32.386 IACIS-HDD-2014 CEF:1|Fox Forensics|Fox|0.0.0|100|An account was successfully logged on|10|AuthenticationPackageName=Negotiate Channel=Security Computer=IACIS-HDD-2014 EventID=4624 EventRecordID=3092 IpAddress=- IpPort=- KeyLength=0 Keywords=9232379236109516800 Level=0 LmPackageName=- LogonGuid=00000000-0000-0000-0000-000000000000 LogonProcessName=Advapi   LogonType=5 Opcode=0 ProcessID=512 ProcessId=488 ProcessName=C:\\Windows\\System32\\services.exe ProviderGuid=54849625-5478-4994-A5BA-3E3B0328C30D ProviderName=Microsoft-Windows-Security-Auditing SubjectDomainName=WORKGROUP SubjectLogonId=999 SubjectUserName=IACIS-HDD-2014$ SubjectUserSid=S-1-5-18 TargetDomainName=NT AUTHORITY TargetLogonId=999 TargetUserName=SYSTEM TargetUserSid=S-1-5-18 Task=12544 ThreadID=584 TimeCreated=2014-02-19T13:30:32.38606882Z TransmittedServices=- Version=0
Feb 19 2014 13:30:32.386 IACIS-HDD-2014 CEF:1|Fox Forensics|Fox|0.0.0|100|Special privileges assigned to new logon|10|Channel=Security Computer=IACIS-HDD-2014 EventID=4672 EventRecordID=3093 Keywords=9232379236109516800 Level=0 Opcode=0 PrivilegeList=SeAssignPrimaryTokenPrivilege     SeTcbPrivilege     SeSecurityPrivilege     SeTakeOwnershipPrivilege     SeLoadDriverPrivilege     SeBackupPrivilege     SeRestorePrivilege     SeDebugPrivilege     SeAuditPrivilege     SeSystemEnvironmentPrivilege     SeImpersonatePrivilege ProcessID=512 ProviderGuid=54849625-5478-4994-A5BA-3E3B0328C30D ProviderName=Microsoft-Windows-Security-Auditing SubjectDomainName=NT AUTHORITY SubjectLogonId=999 SubjectUserName=SYSTEM SubjectUserSid=S-1-5-18 Task=12548 ThreadID=584 TimeCreated=2014-02-19T13:30:32.38606882Z Version=0
Feb 19 2014 13:30:58.202 IACIS-HDD-2014 CEF:1|Fox Forensics|Fox|0.0.0|100|An account was successfully logged on|10|AuthenticationPackageName=Negotiate Channel=Security Computer=IACIS-HDD-2014 EventID=4624 EventRecordID=3096 IpAddress=127.0.0.1 IpPort=0 KeyLength=0 Keywords=9232379236109516800 Level=0 LmPackageName=- LogonGuid=00000000-0000-0000-0000-000000000000 LogonProcessName=User32  LogonType=2 Opcode=0 ProcessID=512 ProcessId=456 ProcessName=C:\\Windows\\System32\\winlogon.exe ProviderGuid=54849625-5478-4994-A5BA-3E3B0328C30D ProviderName=Microsoft-Windows-Security-Auditing SubjectDomainName=WORKGROUP SubjectLogonId=999 SubjectUserName=IACIS-HDD-2014$ SubjectUserSid=S-1-5-18 TargetDomainName=IACIS-HDD-2014 TargetLogonId=169050 TargetUserName=Jimmy Wilson TargetUserSid=S-1-5-21-1171287513-3642516788-2358256967-1004 Task=12544 ThreadID=584 TimeCreated=2014-02-19T13:30:58.202921628Z TransmittedServices=- Version=0 WorkstationName=IACIS-HDD-2014
