{"ecs":{"version":"9.1.0"},"agent":{"type":"fox","version":"0.0.0"},"host":{"hostname":"37L4247F27-25"},"user":{},"event":{"id":"16","kind":"event","module":"eventlog","dataset":"eventlog.Security","severity":10,"provider":"Microsoft-Windows-Security-Auditing","original":"{\"time\":\"2014-01-25T04:19:14.6748653Z\",\"host\":\"37L4247F27-25\",\"message\":\"An account was successfully logged on\",\"severity\":10,\"sequence\":\"16\",\"source\":\"eventlog\",\"category\":\"Security\",\"service\":\"Microsoft-Windows-Security-Auditing\",\"fields\":{\"AuthenticationPackageName\":\"Negotiate\",\"Channel\":\"Security\",\"Computer\":\"37L4247F27-25\",\"EventID\":\"4624\",\"EventRecordID\":\"16\",\"IpAddress\":\"-\",\"IpPort\":\"-\",\"KeyLength\":\"0\",\"Keywords\":\"9232379236109516800\",\"Level\":\"0\",\"LmPackageName\":\"-\",\"LogonGuid\":\"00000000-0000-0000-0000-000000000000\",\"LogonProcessName\":\"Advapi  \",\"LogonType\":\"5\",\"Opcode\":\"0\",\"ProcessID\":\"456\",\"ProcessId\":\"444\",\"ProcessName\":\"C:\\\\Windows\\\\System32\\\\services.exe\",\"ProviderGuid\":\"54849625-5478-4994-A5BA-3E3B0328C30D\",\"ProviderName\":\"Microsoft-Windows-Security-Auditing\",\"SubjectDomainName\":\"WORKGROUP\",\"SubjectLogonId\":\"999\",\"SubjectUserName\":\"37L4247F27-25$\",\"SubjectUserSid\":\"S-1-5-18\",\"TargetDomainName\":\"NT AUTHORITY\",\"TargetLogonId\":\"999\",\"TargetUserName\":\"SYSTEM\",\"TargetUserSid\":\"S-1-5-18\",\"Task\":\"12544\",\"ThreadID\":\"532\",\"TimeCreated\":\"2014-01-25T04:19:14.674865484Z\",\"TransmittedServices\":\"-\",\"Version\":\"0\",\"WorkstationName\":\"\"}}","hash":"41354c6ce5032c58","code":"4624"},"labels":{"AuthenticationPackageName":"Negotiate","Channel":"Security","Computer":"37L4247F27-25","EventID":"4624","EventRecordID":"16","IpAddress":"-","IpPort":"-","KeyLength":"0","Keywords":"9232379236109516800","Level":"0","LmPackageName":"-","LogonGuid":"00000000-0000-0000-0000-000000000000","LogonProcessName":"Advapi  ","LogonType":"5","Opcode":"0","ProcessID":"456","ProcessId":"444","ProcessName":"C:\\Windows\\System32\\services.exe","ProviderGuid":"54849625-5478-4994-A5BA-3E3B0328C30D","ProviderName":"Microsoft-Windows-Security-Auditing","SubjectDomainName":"WORKGROUP","SubjectLogonId":"999","SubjectUserName":"37L4247F27-25$","SubjectUserSid":"S-1-5-18","TargetDomainName":"NT AUTHORITY","TargetLogonId":"999","TargetUserName":"SYSTEM","TargetUserSid":"S-1-5-18","Task":"12544","ThreadID":"532","TimeCreated":"2014-01-25T04:19:14.674865484Z","TransmittedServices":"-","Version":"0","WorkstationName":""},"@timestamp":"2014-01-25T04:19:14.6748653Z","message":"An account was successfully logged on"}
{"ecs":{"version":"9.1.0"},"agent":{"type":"fox","version":"0.0.0"},"host":{"hostname":"37L4247F27-25"},"user":{},"event":{"id":"17","kind":"event","module":"eventlog","dataset":"eventlog.Security","severity":10,"provider":"Microsoft-Windows-Security-Auditing","original":"{\"time\":\"2014-01-25T04:19:14.6748653Z\",\"host\":\"37L4247F27-25\",\"message\":\"Special privileges assigned to new logon\",\"severity\":10,\"sequence\":\"17\",\"source\":\"eventlog\",\"category\":\"Security\",\"service\":\"Microsoft-Windows-Security-Auditing\",\"fields\":{\"Channel\":\"Security\",\"Computer\":\"37L4247F27-25\",\"EventID\":\"4672\",\"EventRecordID\":\"17\",\"Keywords\":\"9232379236109516800\",\"Level\":\"0\",\"Opcode\":\"0\",\"PrivilegeList\":\"SeAssignPrimaryTokenPrivilege\\r\\n\\t\\t\\tSeTcbPrivilege\\r\\n\\t\\t\\tSeSecurityPrivilege\\r\\n\\t\\t\\tSeTakeOwnershipPrivilege\\r\\n\\t\\t\\tSeLoadDriverPrivilege\\r\\n\\t\\t\\tSeBackupPrivilege\\r\\n\\t\\t\\tSeRestorePrivilege\\r\\n\\t\\t\\tSeDebugPrivilege\\r\\n\\t\\t\\tSeAuditPrivilege\\r\\n\\t\\t\\tSeSystemEnvironmentPrivilege\\r\\n\\t\\t\\tSeImpersonatePrivilege\",\"ProcessID\":\"456\",\"ProviderGuid\":\"54849625-5478-4994-A5BA-3E3B0328C30D\",\"ProviderName\":\"Microsoft-Windows-Security-Auditing\",\"SubjectDomainName\":\"NT AUTHORITY\",\"SubjectLogonId\":\"999\",\"SubjectUserName\":\"SYSTEM\",\"SubjectUserSid\":\"S-1-5-18\",\"Task\":\"12548\",\"ThreadID\":\"532\",\"TimeCreated\":\"2014-01-25T04:19:14.674865484Z\",\"Version\":\"0\"}}","hash":"6ff33b0f400c7176","code":"4672"},"labels":{"Channel":"Security","Computer":"37L4247F27-25","EventID":"4672","EventRecordID":"17","Keywords":"9232379236109516800","Level":"0","Opcode":"0","PrivilegeList":"SeAssignPrimaryTokenPrivilege\r\n\t\t\tSeTcbPrivilege\r\n\t\t\tSeSecurityPrivilege\r\n\t\t\tSeTakeOwnershipPrivilege\r\n\t\t\tSeLoadDriverPrivilege\r\n\t\t\tSeBackupPrivilege\r\n\t\t\tSeRestorePrivilege\r\n\t\t\tSeDebugPrivilege\r\n\t\t\tSeAuditPrivilege\r\n\t\t\tSeSystemEnvironmentPrivilege\r\n\t\t\tSeImpersonatePrivilege","ProcessID":"456","ProviderGuid":"54849625-5478-4994-A5BA-3E3B0328C30D","ProviderName":"Microsoft-Windows-Security-Auditing","SubjectDomainName":"NT AUTHORITY","SubjectLogonId":"999","SubjectUserName":"SYSTEM","SubjectUserSid":"S-1-5-18","Task":"12548","ThreadID":"532","TimeCreated":"2014-01-25T04:19:14.674865484Z","Version":"0"},"@timestamp":"2014-01-25T04:19:14.6748653Z","message":"Special privileges assigned to new logon"}
{"ecs":{"version":"9.1.0"},"agent":{"type":"fox","version":"0.0.0"},"host":{"hostname":"37L4247F27-25"},"user":{},"event":{"id":"18","kind":"event","module":"eventlog","dataset":"eventlog.Security","severity":10,"provider":"Microsoft-Windows-Security-Auditing","original":"{\"time\":\"2014-01-25T04:19:15.3612665Z\",\"host\":\"37L4247F27-25\",\"message\":\"An account was successfully logged on\",\"severity\":10,\"sequence\":\"18\",\"source\":\"eventlog\",\"category\":\"Security\",\"service\":\"Microsoft-Windows-Security-Auditing\",\"fields\":{\"AuthenticationPackageName\":\"Negotiate\",\"Channel\":\"Security\",\"Computer\":\"37L4247F27-25\",\"EventID\":\"4624\",\"EventRecordID\":\"18\",\"IpAddress\":\"-\",\"IpPort\":\"-\",\"KeyLength\":\"0\",\"Keywords\":\"9232379236109516800\",\"Level\":\"0\",\"LmPackageName\":\"-\",\"LogonGuid\":\"00000000-0000-0000-0000-000000000000\",\"LogonProcessName\":\"Advapi  \",\"LogonType\":\"5\",\"Opcode\":\"0\",\"ProcessID\":\"456\",\"ProcessId\":\"444\",\"ProcessName\":\"C:\\\\Windows\\\\System32\\\\services.exe\",\"ProviderGuid\":\"54849625-5478-4994-A5BA-3E3B0328C30D\",\"ProviderName\":\"Microsoft-Windows-Security-Auditing\",\"SubjectDomainName\":\"WORKGROUP\",\"SubjectLogonId\":\"999\",\"SubjectUserName\":\"37L4247F27-25$\",\"SubjectUserSid\":\"S-1-5-18\",\"TargetDomainName\":\"NT AUTHORITY\",\"TargetLogonId\":\"996\",\"TargetUserName\":\"NETWORK SERVICE\",\"TargetUserSid\":\"S-1-5-20\",\"Task\":\"12544\",\"ThreadID\":\"532\",\"TimeCreated\":\"2014-01-25T04:19:15.361267089Z\",\"TransmittedServices\":\"-\",\"Version\":\"0\",\"WorkstationName\":\"\"}}","hash":"1ebade020e7ded25","code":"4624"},"labels":{"AuthenticationPackageName":"Negotiate","Channel":"Security","Computer":"37L4247F27-25","EventID":"4624","EventRecordID":"18","IpAddress":"-","IpPort":"-","KeyLength":"0","Keywords":"9232379236109516800","Level":"0","LmPackageName":"-","LogonGuid":"00000000-0000-0000-0000-000000000000","LogonProcessName":"Advapi  ","LogonType":"5","Opcode":"0","ProcessID":"456","ProcessId":"444","ProcessName":"C:\\Windows\\System32\\services.exe","ProviderGuid":"54849625-5478-4994-A5BA-3E3B0328C30D","ProviderName":"Microsoft-Windows-Security-Auditing","SubjectDomainName":"WORKGROUP","SubjectLogonId":"999","SubjectUserName":"37L4247F27-25$","SubjectUserSid":"S-1-5-18","TargetDomainName":"NT AUTHORITY","TargetLogonId":"996","TargetUserName":"NETWORK SERVICE","TargetUserSid":"S-1-5-20","Task":"12544","ThreadID":"532","TimeCreated":"2014-01-25T04:19:15.361267089Z","TransmittedServices":"-","Version":"0","WorkstationName":""},"@timestamp":"2014-01-25T04:19:15.3612665Z","message":"An account was successfully logged on"}
{"ecs":{"version":"9.1.0"},"agent":{"type":"fox","version":"0.0.0"},"host":{"hostname":"37L4247F27-25"},"user":{},"event":{"id":"19","kind":"event","module":"eventlog","dataset":"eventlog.Security","severity":10,"provider":"Microsoft-Windows-Security-Auditing","original":"{\"time\":\"2014-01-25T04:19:15.3612665Z\",\"host\":\"37L4247F27-25\",\"message\":\"Special privileges assigned to new logon\",\"severity\":10,\"sequence\":\"19\",\"source\":\"eventlog\",\"category\":\"Security\",\"service\":\"Microsoft-Windows-Security-Auditing\",\"fields\":{\"Channel\":\"Security\",\"Computer\":\"37L4247F27-25\",\"EventID\":\"4672\",\"EventRecordID\":\"19\",\"Keywords\":\"9232379236109516800\",\"Level\":\"0\",\"Opcode\":\"0\",\"PrivilegeList\":\"SeAssignPrimaryTokenPrivilege\\r\\n\\t\\t\\tSeAuditPrivilege\\r\\n\\t\\t\\tSeImpersonatePrivilege\",\"ProcessID\":\"456\",\"ProviderGuid\":\"54849625-5478-4994-A5BA-3E3B0328C30D\",\"ProviderName\":\"Microsoft-Windows-Security-Auditing\",\"SubjectDomainName\":\"NT AUTHORITY\",\"SubjectLogonId\":\"996\",\"SubjectUserName\":\"NETWORK SERVICE\",\"SubjectUserSid\":\"S-1-5-20\",\"Task\":\"12548\",\"ThreadID\":\"532\",\"TimeCreated\":\"2014-01-25T04:19:15.361267089Z\",\"Version\":\"0\"}}","hash":"a3616226c38983e3","code":"4672"},"labels":{"Channel":"Security","Computer":"37L4247F27-25","EventID":"4672","EventRecordID":"19","Keywords":"9232379236109516800","Level":"0","Opcode":"0","PrivilegeList":"SeAssignPrimaryTokenPrivilege\r\n\t\t\tSeAuditPrivilege\r\n\t\t\tSeImpersonatePrivilege","ProcessID":"456","ProviderGuid":"54849625-5478-4994-A5BA-3E3B0328C30D","ProviderName":"Microsoft-Windows-Security-Auditing","SubjectDomainName":"NT AUTHORITY","SubjectLogonId":"996","SubjectUserName":"NETWORK SERVICE","SubjectUserSid":"S-1-5-20","Task":"12548","ThreadID":"532","TimeCreated":"2014-01-25T04:19:15.361267089Z","Version":"0"},"@timestamp":"2014-01-25T04:19:15.3612665Z","message":"Special privileges assigned to new logon"}
{"ecs":{"version":"9.1.0"},"agent":{"type":"fox","version":"0.0.0"},"host":{"hostname":"37L4247F27-25"},"user":{},"event":{"id":"21","kind":"event","module":"eventlog","dataset":"eventlog.Security","severity":10,"provider":"Microsoft-Windows-Security-Auditing","original":"{\"time\":\"2014-01-25T04:19:30.2904927Z\",\"host\":\"37L4247F27-25\",\"message\":\"Special privileges assigned to new logon\",\"severity\":10,\"sequence\":\"21\",\"source\":\"eventlog\",\"category\":\"Security\",\"service\":\"Microsoft-Windows-Security-Auditing\",\"fields\":{\"Channel\":\"Security\",\"Computer\":\"37L4247F27-25\",\"EventID\":\"4672\",\"EventRecordID\":\"21\",\"Keywords\":\"9232379236109516800\",\"Level\":\"0\",\"Opcode\":\"0\",\"PrivilegeList\":\"SeAssignPrimaryTokenPrivilege\\r\\n\\t\\t\\tSeAuditPrivilege\\r\\n\\t\\t\\tSeImpersonatePrivilege\",\"ProcessID\":\"456\",\"ProviderGuid\":\"54849625-5478-4994-A5BA-3E3B0328C30D\",\"ProviderName\":\"Microsoft-Windows-Security-Auditing\",\"SubjectDomainName\":\"NT AUTHORITY\",\"SubjectLogonId\":\"997\",\"SubjectUserName\":\"LOCAL SERVICE\",\"SubjectUserSid\":\"S-1-5-19\",\"Task\":\"12548\",\"ThreadID\":\"512\",\"TimeCreated\":\"2014-01-25T04:19:30.290492773Z\",\"Version\":\"0\"}}","hash":"187d984e920b88ed","code":"4672"},"labels":{"Channel":"Security","Computer":"37L4247F27-25","EventID":"4672","EventRecordID":"21","Keywords":"9232379236109516800","Level":"0","Opcode":"0","PrivilegeList":"SeAssignPrimaryTokenPrivilege\r\n\t\t\tSeAuditPrivilege\r\n\t\t\tSeImpersonatePrivilege","ProcessID":"456","ProviderGuid":"54849625-5478-4994-A5BA-3E3B0328C30D","ProviderName":"Microsoft-Windows-Security-Auditing","SubjectDomainName":"NT AUTHORITY","SubjectLogonId":"997","SubjectUserName":"LOCAL SERVICE","SubjectUserSid":"S-1-5-19","Task":"12548","ThreadID":"512","TimeCreated":"2014-01-25T04:19:30.290492773Z","Version":"0"},"@timestamp":"2014-01-25T04:19:30.2904927Z","message":"Special privileges assigned to new logon"}
{"ecs":{"version":"9.1.0"},"agent":{"type":"fox","version":"0.0.0"},"host":{"hostname":"37L4247F27-25"},"user":{},"event":{"id":"20","kind":"event","module":"eventlog","dataset":"eventlog.Security","severity":10,"provider":"Microsoft-Windows-Security-Auditing","original":"{\"time\":\"2014-01-25T04:19:30.2904927Z\",\"host\":\"37L4247F27-25\",\"message\":\"An account was successfully logged on\",\"severity\":10,\"sequence\":\"20\",\"source\":\"eventlog\",\"category\":\"Security\",\"service\":\"Microsoft-Windows-Security-Auditing\",\"fields\":{\"AuthenticationPackageName\":\"Negotiate\",\"Channel\":\"Security\",\"Computer\":\"37L4247F27-25\",\"EventID\":\"4624\",\"EventRecordID\":\"20\",\"IpAddress\":\"-\",\"IpPort\":\"-\",\"KeyLength\":\"0\",\"Keywords\":\"9232379236109516800\",\"Level\":\"0\",\"LmPackageName\":\"-\",\"LogonGuid\":\"00000000-0000-0000-0000-000000000000\",\"LogonProcessName\":\"Advapi  \",\"LogonType\":\"5\",\"Opcode\":\"0\",\"ProcessID\":\"456\",\"ProcessId\":\"444\",\"ProcessName\":\"C:\\\\Windows\\\\System32\\\\services.exe\",\"ProviderGuid\":\"54849625-5478-4994-A5BA-3E3B0328C30D\",\"ProviderName\":\"Microsoft-Windows-Security-Auditing\",\"SubjectDomainName\":\"WORKGROUP\",\"SubjectLogonId\":\"999\",\"SubjectUserName\":\"37L4247F27-25$\",\"SubjectUserSid\":\"S-1-5-18\",\"TargetDomainName\":\"NT AUTHORITY\",\"TargetLogonId\":\"997\",\"TargetUserName\":\"LOCAL SERVICE\",\"TargetUserSid\":\"S-1-5-19\",\"Task\":\"12544\",\"ThreadID\":\"512\",\"TimeCreated\":\"2014-01-25T04:19:30.290492773Z\",\"TransmittedServices\":\"-\",\"Version\":\"0\",\"WorkstationName\":\"\"}}","hash":"f835ced00ba728a3","code":"4624"},"labels":{"AuthenticationPackageName":"Negotiate","Channel":"Security","Computer":"37L4247F27-25","EventID":"4624","EventRecordID":"20","IpAddress":"-","IpPort":"-","KeyLength":"0","Keywords":"9232379236109516800","Level":"0","LmPackageName":"-","LogonGuid":"00000000-0000-0000-0000-000000000000","LogonProcessName":"Advapi  ","LogonType":"5","Opcode":"0","ProcessID":"456","ProcessId":"444","ProcessName":"C:\\Windows\\System32\\services.exe","ProviderGuid":"54849625-5478-4994-A5BA-3E3B0328C30D","ProviderName":"Microsoft-Windows-Security-Auditing","SubjectDomainName":"WORKGROUP","SubjectLogonId":"999","SubjectUserName":"37L4247F27-25$","SubjectUserSid":"S-1-5-18","TargetDomainName":"NT AUTHORITY","TargetLogonId":"997","TargetUserName":"LOCAL SERVICE","TargetUserSid":"S-1-5-19","Task":"12544","ThreadID":"512","TimeCreated":"2014-01-25T04:19:30.290492773Z","TransmittedServices":"-","Version":"0","WorkstationName":""},"@timestamp":"2014-01-25T04:19:30.2904927Z","message":"An account was successfully logged on"}
{"ecs":{"version":"9.1.0"},"agent":{"type":"fox","version":"0.0.0"},"host":{"hostname":"37L4247F27-25"},"user":{},"event":{"id":"22","kind":"event","module":"eventlog","dataset":"eventlog.Security","severity":10,"provider":"Microsoft-Windows-Security-Auditing","original":"{\"time\":\"2014-01-25T04:19:30.4776931Z\",\"host\":\"37L4247F27-25\",\"message\":\"An account was successfully logged on\",\"severity\":10,\"sequence\":\"22\",\"source\":\"eventlog\",\"category\":\"Security\",\"service\":\"Microsoft-Windows-Security-Auditing\",\"fields\":{\"AuthenticationPackageName\":\"Negotiate\",\"Channel\":\"Security\",\"Computer\":\"37L4247F27-25\",\"EventID\":\"4624\",\"EventRecordID\":\"22\",\"IpAddress\":\"-\",\"IpPort\":\"-\",\"KeyLength\":\"0\",\"Keywords\":\"9232379236109516800\",\"Level\":\"0\",\"LmPackageName\":\"-\",\"LogonGuid\":\"00000000-0000-0000-0000-000000000000\",\"LogonProcessName\":\"Advapi  \",\"LogonType\":\"5\",\"Opcode\":\"0\",\"ProcessID\":\"456\",\"ProcessId\":\"444\",\"ProcessName\":\"C:\\\\Windows\\\\System32\\\\services.exe\",\"ProviderGuid\":\"54849625-5478-4994-A5BA-3E3B0328C30D\",\"ProviderName\":\"Microsoft-Windows-Security-Auditing\",\"SubjectDomainName\":\"WORKGROUP\",\"SubjectLogonId\":\"999\",\"SubjectUserName\":\"37L4247F27-25$\",\"SubjectUserSid\":\"S-1-5-18\",\"TargetDomainName\":\"NT AUTHORITY\",\"TargetLogonId\":\"999\",\"TargetUserName\":\"SYSTEM\",\"TargetUserSid\":\"S-1-5-18\",\"Task\":\"12544\",\"ThreadID\":\"512\",\"TimeCreated\":\"2014-01-25T04:19:30.477692842Z\",\"TransmittedServices\":\"-\",\"Version\":\"0\",\"WorkstationName\":\"\"}}","hash":"18588d1eb44d327c","code":"4624"},"labels":{"AuthenticationPackageName":"Negotiate","Channel":"Security","Computer":"37L4247F27-25","EventID":"4624","EventRecordID":"22","IpAddress":"-","IpPort":"-","KeyLength":"0","Keywords":"9232379236109516800","Level":"0","LmPackageName":"-","LogonGuid":"00000000-0000-0000-0000-000000000000","LogonProcessName":"Advapi  ","LogonType":"5","Opcode":"0","ProcessID":"456","ProcessId":"444","ProcessName":"C:\\Windows\\System32\\services.exe","ProviderGuid":"54849625-5478-4994-A5BA-3E3B0328C30D","ProviderName":"Microsoft-Windows-Security-Auditing","SubjectDomainName":"WORKGROUP","SubjectLogonId":"999","SubjectUserName":"37L4247F27-25$","SubjectUserSid":"S-1-5-18","TargetDomainName":"NT AUTHORITY","TargetLogonId":"999","TargetUserName":"SYSTEM","TargetUserSid":"S-1-5-18","Task":"12544","ThreadID":"512","TimeCreated":"2014-01-25T04:19:30.477692842Z","TransmittedServices":"-","Version":"0","WorkstationName":""},"@timestamp":"2014-01-25T04:19:30.4776931Z","message":"An account was successfully logged on"}
{"ecs":{"version":"9.1.0"},"agent":{"type":"fox","version":"0.0.0"},"host":{"hostname":"37L4247F27-25"},"user":{},"event":{"id":"23","kind":"event","module":"eventlog","dataset":"eventlog.Security","severity":10,"provider":"Microsoft-Windows-Security-Auditing","original":"{\"time\":\"2014-01-25T04:19:30.4776931Z\",\"host\":\"37L4247F27-25\",\"message\":\"Special privileges assigned to new logon\",\"severity\":10,\"sequence\":\"23\",\"source\":\"eventlog\",\"category\":\"Security\",\"service\":\"Microsoft-Windows-Security-Auditing\",\"fields\":{\"Channel\":\"Security\",\"Computer\":\"37L4247F27-25\",\"EventID\":\"4672\",\"EventRecordID\":\"23\",\"Keywords\":\"9232379236109516800\",\"Level\":\"0\",\"Opcode\":\"0\",\"PrivilegeList\":\"SeAssignPrimaryTokenPrivilege\\r\\n\\t\\t\\tSeTcbPrivilege\\r\\n\\t\\t\\tSeSecurityPrivilege\\r\\n\\t\\t\\tSeTakeOwnershipPrivilege\\r\\n\\t\\t\\tSeLoadDriverPrivilege\\r\\n\\t\\t\\tSeBackupPrivilege\\r\\n\\t\\t\\tSeRestorePrivilege\\r\\n\\t\\t\\tSeDebugPrivilege\\r\\n\\t\\t\\tSeAuditPrivilege\\r\\n\\t\\t\\tSeSystemEnvironmentPrivilege\\r\\n\\t\\t\\tSeImpersonatePrivilege\",\"ProcessID\":\"456\",\"ProviderGuid\":\"54849625-5478-4994-A5BA-3E3B0328C30D\",\"ProviderName\":\"Microsoft-Windows-Security-Auditing\",\"SubjectDomainName\":\"NT AUTHORITY\",\"SubjectLogonId\":\"999\",\"SubjectUserName\":\"SYSTEM\",\"SubjectUserSid\":\"S-1-5-18\",\"Task\":\"12548\",\"ThreadID\":\"512\",\"TimeCreated\":\"2014-01-25T04:19:30.477692842Z\",\"Version\":\"0\"}}","hash":"10e69b0c074150c6","code":"4672"},"labels":{"Channel":"Security","Computer":"37L4247F27-25","EventID":"4672","EventRecordID":"23","Keywords":"9232379236109516800","Level":"0","Opcode":"0","PrivilegeList":"SeAssignPrimaryTokenPrivilege\r\n\t\t\tSeTcbPrivilege\r\n\t\t\tSeSecurityPrivilege\r\n\t\t\tSeTakeOwnershipPrivilege\r\n\t\t\tSeLoadDriverPrivilege\r\n\t\t\tSeBackupPrivilege\r\n\t\t\tSeRestorePrivilege\r\n\t\t\tSeDebugPrivilege\r\n\t\t\tSeAuditPrivilege\r\n\t\t\tSeSystemEnvironmentPrivilege\r\n\t\t\tSeImpersonatePrivilege","ProcessID":"456","ProviderGuid":"54849625-5478-4994-A5BA-3E3B0328C30D","ProviderName":"Microsoft-Windows-Security-Auditing","SubjectDomainName":"NT AUTHORITY","SubjectLogonId":"999","SubjectUserName":"SYSTEM","SubjectUserSid":"S-1-5-18","Task":"12548","ThreadID":"512","TimeCreated":"2014-01-25T04:19:30.477692842Z","Version":"0"},"@timestamp":"2014-01-25T04:19:30.4776931Z","message":"Special privileges assigned to new logon"}
{"ecs":{"version":"9.1.0"},"agent":{"type":"fox","version":"0.0.0"},"host":{"hostname":"37L4247F27-25"},"user":{},"event":{"id":"24","kind":"event","module":"eventlog","dataset":"eventlog.Security","severity":10,"provider":"Microsoft-Windows-Security-Auditing","original":"{\"time\":\"2014-01-25T04:19:30.4932931Z\",\"host\":\"37L4247F27-25\",\"message\":\"An account was successfully logged on\",\"severity\":10,\"sequence\":\"24\",\"source\":\"eventlog\",\"category\":\"Security\",\"service\":\"Microsoft-Windows-Security-Auditing\",\"fields\":{\"AuthenticationPackageName\":\"Negotiate\",\"Channel\":\"Security\",\"Computer\":\"37L4247F27-25\",\"EventID\":\"4624\",\"EventRecordID\":\"24\",\"IpAddress\":\"-\",\"IpPort\":\"-\",\"KeyLength\":\"0\",\"Keywords\":\"9232379236109516800\",\"Level\":\"0\",\"LmPackageName\":\"-\",\"LogonGuid\":\"00000000-0000-0000-0000-000000000000\",\"LogonProcessName\":\"Advapi  \",\"LogonType\":\"5\",\"Opcode\":\"0\",\"ProcessID\":\"456\",\"ProcessId\":\"444\",\"ProcessName\":\"C:\\\\Windows\\\\System32\\\\services.exe\",\"ProviderGuid\":\"54849625-5478-4994-A5BA-3E3B0328C30D\",\"ProviderName\":\"Microsoft-Windows-Security-Auditing\",\"SubjectDomainName\":\"WORKGROUP\",\"SubjectLogonId\":\"999\",\"SubjectUserName\":\"37L4247F27-25$\",\"SubjectUserSid\":\"S-1-5-18\",\"TargetDomainName\":\"NT AUTHORITY\",\"TargetLogonId\":\"999\",\"TargetUserName\":\"SYSTEM\",\"TargetUserSid\":\"S-1-5-18\",\"Task\":\"12544\",\"ThreadID\":\"512\",\"TimeCreated\":\"2014-01-25T04:19:30.493292808Z\",\"TransmittedServices\":\"-\",\"Version\":\"0\",\"WorkstationName\":\"\"}}","hash":"dca59de63581fc40","code":"4624"},"labels":{"AuthenticationPackageName":"Negotiate","Channel":"Security","Computer":"37L4247F27-25","EventID":"4624","EventRecordID":"24","IpAddress":"-","IpPort":"-","KeyLength":"0","Keywords":"9232379236109516800","Level":"0","LmPackageName":"-","LogonGuid":"00000000-0000-0000-0000-000000000000","LogonProcessName":"Advapi  ","LogonType":"5","Opcode":"0","ProcessID":"456","ProcessId":"444","ProcessName":"C:\\Windows\\System32\\services.exe","ProviderGuid":"54849625-5478-4994-A5BA-3E3B0328C30D","ProviderName":"Microsoft-Windows-Security-Auditing","SubjectDomainName":"WORKGROUP","SubjectLogonId":"999","SubjectUserName":"37L4247F27-25$","SubjectUserSid":"S-1-5-18","TargetDomainName":"NT AUTHORITY","TargetLogonId":"999","TargetUserName":"SYSTEM","TargetUserSid":"S-1-5-18","Task":"12544","ThreadID":"512","TimeCreated":"2014-01-25T04:19:30.493292808Z","TransmittedServices":"-","Version":"0","WorkstationName":""},"@timestamp":"2014-01-25T04:19:30.4932931Z","message":"An account was successfully logged on"}
{"ecs":{"version":"9.1.0"},"agent":{"type":"fox","version":"0.0.0"},"host":{"hostname":"37L4247F27-25"},"user":{},"event":{"id":"25","kind":"event","module":"eventlog","dataset":"eventlog.Security","severity":10,"provider":"Microsoft-Windows-Security-Auditing","original":"{\"time\":\"2014-01-25T04:19:30.4932931Z\",\"host\":\"37L4247F27-25\",\"message\":\"Special privileges assigned to new logon\",\"severity\":10,\"sequence\":\"25\",\"source\":\"eventlog\",\"category\":\"Security\",\"service\":\"Microsoft-Windows-Security-Auditing\",\"fields\":{\"Channel\":\"Security\",\"Computer\":\"37L4247F27-25\",\"EventID\":\"4672\",\"EventRecordID\":\"25\",\"Keywords\":\"9232379236109516800\",\"Level\":\"0\",\"Opcode\":\"0\",\"PrivilegeList\":\"SeAssignPrimaryTokenPrivilege\\r\\n\\t\\t\\tSeTcbPrivilege\\r\\n\\t\\t\\tSeSecurityPrivilege\\r\\n\\t\\t\\tSeTakeOwnershipPrivilege\\r\\n\\t\\t\\tSeLoadDriverPrivilege\\r\\n\\t\\t\\tSeBackupPrivilege\\r\\n\\t\\t\\tSeRestorePrivilege\\r\\n\\t\\t\\tSeDebugPrivilege\\r\\n\\t\\t\\tSeAuditPrivilege\\r\\n\\t\\t\\tSeSystemEnvironmentPrivilege\\r\\n\\t\\t\\tSeImpersonatePrivilege\",\"ProcessID\":\"456\",\"ProviderGuid\":\"54849625-5478-4994-A5BA-3E3B0328C30D\",\"ProviderName\":\"Microsoft-Windows-Security-Auditing\",\"SubjectDomainName\":\"NT AUTHORITY\",\"SubjectLogonId\":\"999\",\"SubjectUserName\":\"SYSTEM\",\"SubjectUserSid\":\"S-1-5-18\",\"Task\":\"12548\",\"ThreadID\":\"512\",\"TimeCreated\":\"2014-01-25T04:19:30.493292808Z\",\"Version\":\"0\"}}","hash":"c25d9b0af1856757","code":"4672"},"labels":{"Channel":"Security","Computer":"37L4247F27-25","EventID":"4672","EventRecordID":"25","Keywords":"9232379236109516800","Level":"0","Opcode":"0","PrivilegeList":"SeAssignPrimaryTokenPrivilege\r\n\t\t\tSeTcbPrivilege\r\n\t\t\tSeSecurityPrivilege\r\n\t\t\tSeTakeOwnershipPrivilege\r\n\t\t\tSeLoadDriverPrivilege\r\n\t\t\tSeBackupPrivilege\r\n\t\t\tSeRestorePrivilege\r\n\t\t\tSeDebugPrivilege\r\n\t\t\tSeAuditPrivilege\r\n\t\t\tSeSystemEnvironmentPrivilege\r\n\t\t\tSeImpersonatePrivilege","ProcessID":"456","ProviderGuid":"54849625-5478-4994-A5BA-3E3B0328C30D","ProviderName":"Microsoft-Windows-Security-Auditing","SubjectDomainName":"NT AUTHORITY","SubjectLogonId":"999","SubjectUserName":"SYSTEM","SubjectUserSid":"S-1-5-18","Task":"12548","ThreadID":"512","TimeCreated":"2014-01-25T04:19:30.493292808Z","Version":"0"},"@timestamp":"2014-01-25T04:19:30.4932931Z","message":"Special privileges assigned to new logon"}
{"ecs":{"version":"9.1.0"},"agent":{"type":"fox","version":"0.0.0"},"host":{"hostname":"37L4247F27-25"},"user":{},"event":{"id":"27","kind":"event","module":"eventlog","dataset":"eventlog.Security","severity":10,"provider":"Microsoft-Windows-Security-Auditing","original":"{\"time\":\"2014-01-25T04:19:31.3044945Z\",\"host\":\"37L4247F27-25\",\"message\":\"Special privileges assigned to new logon\",\"severity\":10,\"sequence\":\"27\",\"source\":\"eventlog\",\"category\":\"Security\",\"service\":\"Microsoft-Windows-Security-Auditing\",\"fields\":{\"Channel\":\"Security\",\"Computer\":\"37L4247F27-25\",\"EventID\":\"4672\",\"EventRecordID\":\"27\",\"Keywords\":\"9232379236109516800\",\"Level\":\"0\",\"Opcode\":\"0\",\"PrivilegeList\":\"SeAssignPrimaryTokenPrivilege\\r\\n\\t\\t\\tSeTcbPrivilege\\r\\n\\t\\t\\tSeSecurityPrivilege\\r\\n\\t\\t\\tSeTakeOwnershipPrivilege\\r\\n\\t\\t\\tSeLoadDriverPrivilege\\r\\n\\t\\t\\tSeBackupPrivilege\\r\\n\\t\\t\\tSeRestorePrivilege\\r\\n\\t\\t\\tSeDebugPrivilege\\r\\n\\t\\t\\tSeAuditPrivilege\\r\\n\\t\\t\\tSeSystemEnvironmentPrivilege\\r\\n\\t\\t\\tSeImpersonatePrivilege\",\"ProcessID\":\"456\",\"ProviderGuid\":\"54849625-5478-4994-A5BA-3E3B0328C30D\",\"ProviderName\":\"Microsoft-Windows-Security-Auditing\",\"SubjectDomainName\":\"NT AUTHORITY\",\"SubjectLogonId\":\"999\",\"SubjectUserName\":\"SYSTEM\",\"SubjectUserSid\":\"S-1-5-18\",\"Task\":\"12548\",\"ThreadID\":\"532\",\"TimeCreated\":\"2014-01-25T04:19:31.30449438Z\",\"Version\":\"0\"}}","hash":"95942c2f16d38d98","code":"4672"},"labels":{"Channel":"Security","Computer":"37L4247F27-25","EventID":"4672","EventRecordID":"27","Keywords":"9232379236109516800","Level":"0","Opcode":"0","PrivilegeList":"SeAssignPrimaryTokenPrivilege\r\n\t\t\tSeTcbPrivilege\r\n\t\t\tSeSecurityPrivilege\r\n\t\t\tSeTakeOwnershipPrivilege\r\n\t\t\tSeLoadDriverPrivilege\r\n\t\t\tSeBackupPrivilege\r\n\t\t\tSeRestorePrivilege\r\n\t\t\tSeDebugPrivilege\r\n\t\t\tSeAuditPrivilege\r\n\t\t\tSeSystemEnvironmentPrivilege\r\n\t\t\tSeImpersonatePrivilege","ProcessID":"456","ProviderGuid":"54849625-5478-4994-A5BA-3E3B0328C30D","ProviderName":"Microsoft-Windows-Security-Auditing","SubjectDomainName":"NT AUTHORITY","SubjectLogonId":"999","SubjectUserName":"SYSTEM","SubjectUserSid":"S-1-5-18","Task":"12548","ThreadID":"532","TimeCreated":"2014-01-25T04:19:31.30449438Z","Version":"0"},"@timestamp":"2014-01-25T04:19:31.3044945Z","message":"Special privileges assigned to new logon"}
{"ecs":{"version":"9.1.0"},"agent":{"type":"fox","version":"0.0.0"},"host":{"hostname":"37L4247F27-25"},"user":{},"event":{"id":"26","kind":"event","module":"eventlog","dataset":"eventlog.Security","severity":10,"provider":"Microsoft-Windows-Security-Auditing","original":"{\"time\":\"2014-01-25T04:19:31.3044945Z\",\"host\":\"37L4247F27-25\",\"message\":\"An account was successfully logged on\",\"severity\":10,\"sequence\":\"26\",\"source\":\"eventlog\",\"category\":\"Security\",\"service\":\"Microsoft-Windows-Security-Auditing\",\"fields\":{\"AuthenticationPackageName\":\"Negotiate\",\"Channel\":\"Security\",\"Computer\":\"37L4247F27-25\",\"EventID\":\"4624\",\"EventRecordID\":\"26\",\"IpAddress\":\"-\",\"IpPort\":\"-\",\"KeyLength\":\"0\",\"Keywords\":\"9232379236109516800\",\"Level\":\"0\",\"LmPackageName\":\"-\",\"LogonGuid\":\"00000000-0000-0000-0000-000000000000\",\"LogonProcessName\":\"Advapi  \",\"LogonType\":\"5\",\"Opcode\":\"0\",\"ProcessID\":\"456\",\"ProcessId\":\"444\",\"ProcessName\":\"C:\\\\Windows\\\\System32\\\\services.exe\",\"ProviderGuid\":\"54849625-5478-4994-A5BA-3E3B0328C30D\",\"ProviderName\":\"Microsoft-Windows-Security-Auditing\",\"SubjectDomainName\":\"WORKGROUP\",\"SubjectLogonId\":\"999\",\"SubjectUserName\":\"37L4247F27-25$\",\"SubjectUserSid\":\"S-1-5-18\",\"TargetDomainName\":\"NT AUTHORITY\",\"TargetLogonId\":\"999\",\"TargetUserName\":\"SYSTEM\",\"TargetUserSid\":\"S-1-5-18\",\"Task\":\"12544\",\"ThreadID\":\"532\",\"TimeCreated\":\"2014-01-25T04:19:31.30449438Z\",\"TransmittedServices\":\"-\",\"Version\":\"0\",\"WorkstationName\":\"\"}}","hash":"45c31bf148d63af9","code":"4624"},"labels":{"AuthenticationPackageName":"Negotiate","Channel":"Security","Computer":"37L4247F27-25","EventID":"4624","EventRecordID":"26","IpAddress":"-","IpPort":"-","KeyLength":"0","Keywords":"9232379236109516800","Level":"0","LmPackageName":"-","LogonGuid":"00000000-0000-0000-0000-000000000000","LogonProcessName":"Advapi  ","LogonType":"5","Opcode":"0","ProcessID":"456","ProcessId":"444","ProcessName":"C:\\Windows\\System32\\services.exe","ProviderGuid":"54849625-5478-4994-A5BA-3E3B0328C30D","ProviderName":"Microsoft-Windows-Security-Auditing","SubjectDomainName":"WORKGROUP","SubjectLogonId":"999","SubjectUserName":"37L4247F27-25$","SubjectUserSid":"S-1-5-18","TargetDomainName":"NT AUTHORITY","TargetLogonId":"999","TargetUserName":"SYSTEM","TargetUserSid":"S-1-5-18","Task":"12544","ThreadID":"532","TimeCreated":"2014-01-25T04:19:31.30449438Z","TransmittedServices":"-","Version":"0","WorkstationName":""},"@timestamp":"2014-01-25T04:19:31.3044945Z","message":"An account was successfully logged on"}
{"ecs":{"version":"9.1.0"},"agent":{"type":"fox","version":"0.0.0"},"host":{"hostname":"37L4247F27-25"},"user":{},"event":{"id":"29","kind":"event","module":"eventlog","dataset":"eventlog.Security","severity":10,"provider":"Microsoft-Windows-Security-Auditing","original":"{\"time\":\"2014-01-25T04:19:35.7193023Z\",\"host\":\"37L4247F27-25\",\"message\":\"Special privileges assigned to new logon\",\"severity\":10,\"sequence\":\"29\",\"source\":\"eventlog\",\"category\":\"Security\",\"service\":\"Microsoft-Windows-Security-Auditing\",\"fields\":{\"Channel\":\"Security\",\"Computer\":\"37L4247F27-25\",\"EventID\":\"4672\",\"EventRecordID\":\"29\",\"Keywords\":\"9232379236109516800\",\"Level\":\"0\",\"Opcode\":\"0\",\"PrivilegeList\":\"SeAssignPrimaryTokenPrivilege\\r\\n\\t\\t\\tSeTcbPrivilege\\r\\n\\t\\t\\tSeSecurityPrivilege\\r\\n\\t\\t\\tSeTakeOwnershipPrivilege\\r\\n\\t\\t\\tSeLoadDriverPrivilege\\r\\n\\t\\t\\tSeBackupPrivilege\\r\\n\\t\\t\\tSeRestorePrivilege\\r\\n\\t\\t\\tSeDebugPrivilege\\r\\n\\t\\t\\tSeAuditPrivilege\\r\\n\\t\\t\\tSeSystemEnvironmentPrivilege\\r\\n\\t\\t\\tSeImpersonatePrivilege\",\"ProcessID\":\"456\",\"ProviderGuid\":\"54849625-5478-4994-A5BA-3E3B0328C30D\",\"ProviderName\":\"Microsoft-Windows-Security-Auditing\",\"SubjectDomainName\":\"NT AUTHORITY\",\"SubjectLogonId\":\"999\",\"SubjectUserName\":\"SYSTEM\",\"SubjectUserSid\":\"S-1-5-18\",\"Task\":\"12548\",\"ThreadID\":\"532\",\"TimeCreated\":\"2014-01-25T04:19:35.719302415Z\",\"Version\":\"0\"}}","hash":"9231afb06256a9d7","code":"4672"},"labels":{"Channel":"Security","Computer":"37L4247F27-25","EventID":"4672","EventRecordID":"29","Keywords":"9232379236109516800","Level":"0","Opcode":"0","PrivilegeList":"SeAssignPrimaryTokenPrivilege\r\n\t\t\tSeTcbPrivilege\r\n\t\t\tSeSecurityPrivilege\r\n\t\t\tSeTakeOwnershipPrivilege\r\n\t\t\tSeLoadDriverPrivilege\r\n\t\t\tSeBackupPrivilege\r\n\t\t\tSeRestorePrivilege\r\n\t\t\tSeDebugPrivilege\r\n\t\t\tSeAuditPrivilege\r\n\t\t\tSeSystemEnvironmentPrivilege\r\n\t\t\tSeImpersonatePrivilege","ProcessID":"456","ProviderGuid":"54849625-5478-4994-A5BA-3E3B0328C30D","ProviderName":"Microsoft-Windows-Security-Auditing","SubjectDomainName":"NT AUTHORITY","SubjectLogonId":"999","SubjectUserName":"SYSTEM","SubjectUserSid":"S-1-5-18","Task":"12548","ThreadID":"532","TimeCreated":"2014-01-25T04:19:35.719302415Z","Version":"0"},"@timestamp":"2014-01-25T04:19:35.7193023Z","message":"Special privileges assigned to new logon"}
{"ecs":{"version":"9.1.0"},"agent":{"type":"fox","version":"0.0.0"},"host":{"hostname":"37L4247F27-25"},"user":{},"event":{"id":"28","kind":"event","module":"eventlog","dataset":"eventlog.Security","severity":10,"provider":"Microsoft-Windows-Security-Auditing","original":"{\"time\":\"2014-01-25T04:19:35.7193023Z\",\"host\":\"37L4247F27-25\",\"message\":\"An account was successfully logged on\",\"severity\":10,\"sequence\":\"28\",\"source\":\"eventlog\",\"category\":\"Security\",\"service\":\"Microsoft-Windows-Security-Auditing\",\"fields\":{\"AuthenticationPackageName\":\"Negotiate\",\"Channel\":\"Security\",\"Computer\":\"37L4247F27-25\",\"EventID\":\"4624\",\"EventRecordID\":\"28\",\"IpAddress\":\"-\",\"IpPort\":\"-\",\"KeyLength\":\"0\",\"Keywords\":\"9232379236109516800\",\"Level\":\"0\",\"LmPackageName\":\"-\",\"LogonGuid\":\"00000000-0000-0000-0000-000000000000\",\"LogonProcessName\":\"Advapi  \",\"LogonType\":\"5\",\"Opcode\":\"0\",\"ProcessID\":\"456\",\"ProcessId\":\"444\",\"ProcessName\":\"C:\\\\Windows\\\\System32\\\\services.exe\",\"ProviderGuid\":\"54849625-5478-4994-A5BA-3E3B0328C30D\",\"ProviderName\":\"Microsoft-Windows-Security-Auditing\",\"SubjectDomainName\":\"WORKGROUP\",\"SubjectLogonId\":\"999\",\"SubjectUserName\":\"37L4247F27-25$\",\"SubjectUserSid\":\"S-1-5-18\",\"TargetDomainName\":\"NT AUTHORITY\",\"TargetLogonId\":\"999\",\"TargetUserName\":\"SYSTEM\",\"TargetUserSid\":\"S-1-5-18\",\"Task\":\"12544\",\"ThreadID\":\"532\",\"TimeCreated\":\"2014-01-25T04:19:35.719302415Z\",\"TransmittedServices\":\"-\",\"Version\":\"0\",\"WorkstationName\":\"\"}}","hash":"a9a351e41a7b6c95","code":"4624"},"labels":{"AuthenticationPackageName":"Negotiate","Channel":"Security","Computer":"37L4247F27-25","EventID":"4624","EventRecordID":"28","IpAddress":"-","IpPort":"-","KeyLength":"0","Keywords":"9232379236109516800","Level":"0","LmPackageName":"-","LogonGuid":"00000000-0000-0000-0000-000000000000","LogonProcessName":"Advapi  ","LogonType":"5","Opcode":"0","ProcessID":"456","ProcessId":"444","ProcessName":"C:\\Windows\\System32\\services.exe","ProviderGuid":"54849625-5478-4994-A5BA-3E3B0328C30D","ProviderName":"Microsoft-Windows-Security-Auditing","SubjectDomainName":"WORKGROUP","SubjectLogonId":"999","SubjectUserName":"37L4247F27-25$","SubjectUserSid":"S-1-5-18","TargetDomainName":"NT AUTHORITY","TargetLogonId":"999","TargetUserName":"SYSTEM","TargetUserSid":"S-1-5-18","Task":"12544","ThreadID":"532","TimeCreated":"2014-01-25T04:19:35.719302415Z","TransmittedServices":"-","Version":"0","WorkstationName":""},"@timestamp":"2014-01-25T04:19:35.7193023Z","message":"An account was successfully logged on"}
{"ecs":{"version":"9.1.0"},"agent":{"type":"fox","version":"0.0.0"},"host":{"hostname":"37L4247F27-25"},"user":{},"event":{"id":"32","kind":"event","module":"eventlog","dataset":"eventlog.Security","severity":10,"provider":"Microsoft-Windows-Security-Auditing","original":"{\"time\":\"2014-01-25T04:19:41.4913124Z\",\"host\":\"37L4247F27-25\",\"message\":\"An account was successfully logged on\",\"severity\":10,\"sequence\":\"32\",\"source\":\"eventlog\",\"category\":\"Security\",\"service\":\"Microsoft-Windows-Security-Auditing\",\"fields\":{\"AuthenticationPackageName\":\"NTLM\",\"Channel\":\"Security\",\"Computer\":\"37L4247F27-25\",\"EventID\":\"4624\",\"EventRecordID\":\"32\",\"IpAddress\":\"-\",\"IpPort\":\"-\",\"KeyLength\":\"0\",\"Keywords\":\"9232379236109516800\",\"Level\":\"0\",\"LmPackageName\":\"NTLM V1\",\"LogonGuid\":\"00000000-0000-0000-0000-000000000000\",\"LogonProcessName\":\"NtLmSsp \",\"LogonType\":\"3\",\"Opcode\":\"0\",\"ProcessID\":\"456\",\"ProcessId\":\"0\",\"ProcessName\":\"-\",\"ProviderGuid\":\"54849625-5478-4994-A5BA-3E3B0328C30D\",\"ProviderName\":\"Microsoft-Windows-Security-Auditing\",\"SubjectDomainName\":\"-\",\"SubjectLogonId\":\"0\",\"SubjectUserName\":\"-\",\"SubjectUserSid\":\"S-1-0-0\",\"TargetDomainName\":\"NT AUTHORITY\",\"TargetLogonId\":\"267361\",\"TargetUserName\":\"ANONYMOUS LOGON\",\"TargetUserSid\":\"S-1-5-7\",\"Task\":\"12544\",\"ThreadID\":\"532\",\"TimeCreated\":\"2014-01-25T04:19:41.491312026Z\",\"TransmittedServices\":\"-\",\"Version\":\"0\",\"WorkstationName\":\"\"}}","hash":"98b73e0bb5491ccb","code":"4624"},"labels":{"AuthenticationPackageName":"NTLM","Channel":"Security","Computer":"37L4247F27-25","EventID":"4624","EventRecordID":"32","IpAddress":"-","IpPort":"-","KeyLength":"0","Keywords":"9232379236109516800","Level":"0","LmPackageName":"NTLM V1","LogonGuid":"00000000-0000-0000-0000-000000000000","LogonProcessName":"NtLmSsp ","LogonType":"3","Opcode":"0","ProcessID":"456","ProcessId":"0","ProcessName":"-","ProviderGuid":"54849625-5478-4994-A5BA-3E3B0328C30D","ProviderName":"Microsoft-Windows-Security-Auditing","SubjectDomainName":"-","SubjectLogonId":"0","SubjectUserName":"-","SubjectUserSid":"S-1-0-0","TargetDomainName":"NT AUTHORITY","TargetLogonId":"267361","TargetUserName":"ANONYMOUS LOGON","TargetUserSid":"S-1-5-7","Task":"12544","ThreadID":"532","TimeCreated":"2014-01-25T04:19:41.491312026Z","TransmittedServices":"-","Version":"0","WorkstationName":""},"@timestamp":"2014-01-25T04:19:41.4913124Z","message":"An account was successfully logged on"}
{"ecs":{"version":"9.1.0"},"agent":{"type":"fox","version":"0.0.0"},"host":{"hostname":"37L4247F27-25"},"user":{},"event":{"id":"33","kind":"event","module":"eventlog","dataset":"eventlog.Security","severity":10,"provider":"Microsoft-Windows-Security-Auditing","original":"{\"time\":\"2014-01-25T04:21:06.1682611Z\",\"host\":\"37L4247F27-25\",\"message\":\"A user account was changed\",\"severity\":10,\"sequence\":\"33\",\"source\":\"eventlog\",\"category\":\"Security\",\"service\":\"Microsoft-Windows-Security-Auditing\",\"fields\":{\"AccountExpires\":\"-\",\"AllowedToDelegateTo\":\"-\",\"Channel\":\"Security\",\"Computer\":\"37L4247F27-25\",\"DisplayName\":\"-\",\"Dummy\":\"-\",\"EventID\":\"4738\",\"EventRecordID\":\"33\",\"HomeDirectory\":\"-\",\"HomePath\":\"-\",\"Keywords\":\"9232379236109516800\",\"Level\":\"0\",\"LogonHours\":\"-\",\"NewUacValue\":\"0x211\",\"OldUacValue\":\"0x211\",\"Opcode\":\"0\",\"PasswordLastSet\":\"-\",\"PrimaryGroupId\":\"-\",\"PrivilegeList\":\"-\",\"ProcessID\":\"456\",\"ProfilePath\":\"-\",\"ProviderGuid\":\"54849625-5478-4994-A5BA-3E3B0328C30D\",\"ProviderName\":\"Microsoft-Windows-Security-Auditing\",\"SamAccountName\":\"-\",\"ScriptPath\":\"-\",\"SidHistory\":\"-\",\"SubjectDomainName\":\"WORKGROUP\",\"SubjectLogonId\":\"999\",\"SubjectUserName\":\"37L4247F27-25$\",\"SubjectUserSid\":\"S-1-5-18\",\"TargetDomainName\":\"37L4247F27-25\",\"TargetSid\":\"S-1-5-21-1171287513-3642516788-2358256967-500\",\"TargetUserName\":\"Administrator\",\"Task\":\"13824\",\"ThreadID\":\"1260\",\"TimeCreated\":\"2014-01-25T04:21:06.168260812Z\",\"UserAccountControl\":\"-\",\"UserParameters\":\"-\",\"UserPrincipalName\":\"-\",\"UserWorkstations\":\"-\",\"Version\":\"0\"}}","hash":"7f50e284bf8fedd2","code":"4738"},"labels":{"AccountExpires":"-","AllowedToDelegateTo":"-","Channel":"Security","Computer":"37L4247F27-25","DisplayName":"-","Dummy":"-","EventID":"4738","EventRecordID":"33","HomeDirectory":"-","HomePath":"-","Keywords":"9232379236109516800","Level":"0","LogonHours":"-","NewUacValue":"0x211","OldUacValue":"0x211","Opcode":"0","PasswordLastSet":"-","PrimaryGroupId":"-","PrivilegeList":"-","ProcessID":"456","ProfilePath":"-","ProviderGuid":"54849625-5478-4994-A5BA-3E3B0328C30D","ProviderName":"Microsoft-Windows-Security-Auditing","SamAccountName":"-","ScriptPath":"-","SidHistory":"-","SubjectDomainName":"WORKGROUP","SubjectLogonId":"999","SubjectUserName":"37L4247F27-25$","SubjectUserSid":"S-1-5-18","TargetDomainName":"37L4247F27-25","TargetSid":"S-1-5-21-1171287513-3642516788-2358256967-500","TargetUserName":"Administrator","Task":"13824","ThreadID":"1260","TimeCreated":"2014-01-25T04:21:06.168260812Z","UserAccountControl":"-","UserParameters":"-","UserPrincipalName":"-","UserWorkstations":"-","Version":"0"},"@timestamp":"2014-01-25T04:21:06.1682611Z","message":"A user account was changed"}
{"ecs":{"version":"9.1.0"},"agent":{"type":"fox","version":"0.0.0"},"host":{"hostname":"37L4247F27-25"},"user":{},"event":{"id":"34","kind":"event","module":"eventlog","dataset":"eventlog.Security","severity":10,"provider":"Microsoft-Windows-Security-Auditing","original":"{\"time\":\"2014-01-25T04:21:47.3991336Z\",\"host\":\"37L4247F27-25\",\"message\":\"An account was successfully logged on\",\"severity\":10,\"sequence\":\"34\",\"source\":\"eventlog\",\"category\":\"Security\",\"service\":\"Microsoft-Windows-Security-Auditing\",\"fields\":{\"AuthenticationPackageName\":\"Negotiate\",\"Channel\":\"Security\",\"Computer\":\"37L4247F27-25\",\"EventID\":\"4624\",\"EventRecordID\":\"34\",\"IpAddress\":\"-\",\"IpPort\":\"-\",\"KeyLength\":\"0\",\"Keywords\":\"9232379236109516800\",\"Level\":\"0\",\"LmPackageName\":\"-\",\"LogonGuid\":\"00000000-0000-0000-0000-000000000000\",\"LogonProcessName\":\"Advapi  \",\"LogonType\":\"5\",\"Opcode\":\"0\",\"ProcessID\":\"456\",\"ProcessId\":\"444\",\"ProcessName\":\"C:\\\\Windows\\\\System32\\\\services.exe\",\"ProviderGuid\":\"54849625-5478-4994-A5BA-3E3B0328C30D\",\"ProviderName\":\"Microsoft-Windows-Security-Auditing\",\"SubjectDomainName\":\"WORKGROUP\",\"SubjectLogonId\":\"999\",\"SubjectUserName\":\"37L4247F27-25$\",\"SubjectUserSid\":\"S-1-5-18\",\"TargetDomainName\":\"NT AUTHORITY\",\"TargetLogonId\":\"999\",\"TargetUserName\":\"SYSTEM\",\"TargetUserSid\":\"S-1-5-18\",\"Task\":\"12544\",\"ThreadID\":\"512\",\"TimeCreated\":\"2014-01-25T04:21:47.399132728Z\",\"TransmittedServices\":\"-\",\"Version\":\"0\",\"WorkstationName\":\"\"}}","hash":"5317cdcad3977a9f","code":"4624"},"labels":{"AuthenticationPackageName":"Negotiate","Channel":"Security","Computer":"37L4247F27-25","EventID":"4624","EventRecordID":"34","IpAddress":"-","IpPort":"-","KeyLength":"0","Keywords":"9232379236109516800","Level":"0","LmPackageName":"-","LogonGuid":"00000000-0000-0000-0000-000000000000","LogonProcessName":"Advapi  ","LogonType":"5","Opcode":"0","ProcessID":"456","ProcessId":"444","ProcessName":"C:\\Windows\\System32\\services.exe","ProviderGuid":"54849625-5478-4994-A5BA-3E3B0328C30D","ProviderName":"Microsoft-Windows-Security-Auditing","SubjectDomainName":"WORKGROUP","SubjectLogonId":"999","SubjectUserName":"37L4247F27-25$","SubjectUserSid":"S-1-5-18","TargetDomainName":"NT AUTHORITY","TargetLogonId":"999","TargetUserName":"SYSTEM","TargetUserSid":"S-1-5-18","Task":"12544","ThreadID":"512","TimeCreated":"2014-01-25T04:21:47.399132728Z","TransmittedServices":"-","Version":"0","WorkstationName":""},"@timestamp":"2014-01-25T04:21:47.3991336Z","message":"An account was successfully logged on"}
{"ecs":{"version":"9.1.0"},"agent":{"type":"fox","version":"0.0.0"},"host":{"hostname":"37L4247F27-25"},"user":{},"event":{"id":"35","kind":"event","module":"eventlog","dataset":"eventlog.Security","severity":10,"provider":"Microsoft-Windows-Security-Auditing","original":"{\"time\":\"2014-01-25T04:21:47.3991336Z\",\"host\":\"37L4247F27-25\",\"message\":\"Special privileges assigned to new logon\",\"severity\":10,\"sequence\":\"35\",\"source\":\"eventlog\",\"category\":\"Security\",\"service\":\"Microsoft-Windows-Security-Auditing\",\"fields\":{\"Channel\":\"Security\",\"Computer\":\"37L4247F27-25\",\"EventID\":\"4672\",\"EventRecordID\":\"35\",\"Keywords\":\"9232379236109516800\",\"Level\":\"0\",\"Opcode\":\"0\",\"PrivilegeList\":\"SeAssignPrimaryTokenPrivilege\\r\\n\\t\\t\\tSeTcbPrivilege\\r\\n\\t\\t\\tSeSecurityPrivilege\\r\\n\\t\\t\\tSeTakeOwnershipPrivilege\\r\\n\\t\\t\\tSeLoadDriverPrivilege\\r\\n\\t\\t\\tSeBackupPrivilege\\r\\n\\t\\t\\tSeRestorePrivilege\\r\\n\\t\\t\\tSeDebugPrivilege\\r\\n\\t\\t\\tSeAuditPrivilege\\r\\n\\t\\t\\tSeSystemEnvironmentPrivilege\\r\\n\\t\\t\\tSeImpersonatePrivilege\",\"ProcessID\":\"456\",\"ProviderGuid\":\"54849625-5478-4994-A5BA-3E3B0328C30D\",\"ProviderName\":\"Microsoft-Windows-Security-Auditing\",\"SubjectDomainName\":\"NT AUTHORITY\",\"SubjectLogonId\":\"999\",\"SubjectUserName\":\"SYSTEM\",\"SubjectUserSid\":\"S-1-5-18\",\"Task\":\"12548\",\"ThreadID\":\"512\",\"TimeCreated\":\"2014-01-25T04:21:47.399132728Z\",\"Version\":\"0\"}}","hash":"aaedd311416c9b7f","code":"4672"},"labels":{"Channel":"Security","Computer":"37L4247F27-25","EventID":"4672","EventRecordID":"35","Keywords":"9232379236109516800","Level":"0","Opcode":"0","PrivilegeList":"SeAssignPrimaryTokenPrivilege\r\n\t\t\tSeTcbPrivilege\r\n\t\t\tSeSecurityPrivilege\r\n\t\t\tSeTakeOwnershipPrivilege\r\n\t\t\tSeLoadDriverPrivilege\r\n\t\t\tSeBackupPrivilege\r\n\t\t\tSeRestorePrivilege\r\n\t\t\tSeDebugPrivilege\r\n\t\t\tSeAuditPrivilege\r\n\t\t\tSeSystemEnvironmentPrivilege\r\n\t\t\tSeImpersonatePrivilege","ProcessID":"456","ProviderGuid":"54849625-5478-4994-A5BA-3E3B0328C30D","ProviderName":"Microsoft-Windows-Security-Auditing","SubjectDomainName":"NT AUTHORITY","SubjectLogonId":"999","SubjectUserName":"SYSTEM","SubjectUserSid":"S-1-5-18","Task":"12548","ThreadID":"512","TimeCreated":"2014-01-25T04:21:47.399132728Z","Version":"0"},"@timestamp":"2014-01-25T04:21:47.3991336Z","message":"Special privileges assigned to new logon"}
{"ecs":{"version":"9.1.0"},"agent":{"type":"fox","version":"0.0.0"},"host":{"hostname":"37L4247F27-25"},"user":{},"event":{"id":"36","kind":"event","module":"eventlog","dataset":"eventlog.Security","severity":10,"provider":"Microsoft-Windows-Security-Auditing","original":"{\"time\":\"2014-01-25T04:21:53.8575449Z\",\"host\":\"37L4247F27-25\",\"message\":\"An account was successfully logged on\",\"severity\":10,\"sequence\":\"36\",\"source\":\"eventlog\",\"category\":\"Security\",\"service\":\"Microsoft-Windows-Security-Auditing\",\"fields\":{\"AuthenticationPackageName\":\"Negotiate\",\"Channel\":\"Security\",\"Computer\":\"37L4247F27-25\",\"EventID\":\"4624\",\"EventRecordID\":\"36\",\"IpAddress\":\"-\",\"IpPort\":\"-\",\"KeyLength\":\"0\",\"Keywords\":\"9232379236109516800\",\"Level\":\"0\",\"LmPackageName\":\"-\",\"LogonGuid\":\"00000000-0000-0000-0000-000000000000\",\"LogonProcessName\":\"Advapi  \",\"LogonType\":\"5\",\"Opcode\":\"0\",\"ProcessID\":\"456\",\"ProcessId\":\"444\",\"ProcessName\":\"C:\\\\Windows\\\\System32\\\\services.exe\",\"ProviderGuid\":\"54849625-5478-4994-A5BA-3E3B0328C30D\",\"ProviderName\":\"Microsoft-Windows-Security-Auditing\",\"SubjectDomainName\":\"WORKGROUP\",\"SubjectLogonId\":\"999\",\"SubjectUserName\":\"37L4247F27-25$\",\"SubjectUserSid\":\"S-1-5-18\",\"TargetDomainName\":\"NT AUTHORITY\",\"TargetLogonId\":\"999\",\"TargetUserName\":\"SYSTEM\",\"TargetUserSid\":\"S-1-5-18\",\"Task\":\"12544\",\"ThreadID\":\"512\",\"TimeCreated\":\"2014-01-25T04:21:53.857545614Z\",\"TransmittedServices\":\"-\",\"Version\":\"0\",\"WorkstationName\":\"\"}}","hash":"89a27ff84921868a","code":"4624"},"labels":{"AuthenticationPackageName":"Negotiate","Channel":"Security","Computer":"37L4247F27-25","EventID":"4624","EventRecordID":"36","IpAddress":"-","IpPort":"-","KeyLength":"0","Keywords":"9232379236109516800","Level":"0","LmPackageName":"-","LogonGuid":"00000000-0000-0000-0000-000000000000","LogonProcessName":"Advapi  ","LogonType":"5","Opcode":"0","ProcessID":"456","ProcessId":"444","ProcessName":"C:\\Windows\\System32\\services.exe","ProviderGuid":"54849625-5478-4994-A5BA-3E3B0328C30D","ProviderName":"Microsoft-Windows-Security-Auditing","SubjectDomainName":"WORKGROUP","SubjectLogonId":"999","SubjectUserName":"37L4247F27-25$","SubjectUserSid":"S-1-5-18","TargetDomainName":"NT AUTHORITY","TargetLogonId":"999","TargetUserName":"SYSTEM","TargetUserSid":"S-1-5-18","Task":"12544","ThreadID":"512","TimeCreated":"2014-01-25T04:21:53.857545614Z","TransmittedServices":"-","Version":"0","WorkstationName":""},"@timestamp":"2014-01-25T04:21:53.8575449Z","message":"An account was successfully logged on"}
